2023-01-17:11:12:25,489 INFO     [psi4.driver.task_planner:266] PLANNING Atomic:  keywords={'function_kwargs': {}}
2023-01-17:11:12:25,497 INFO     [psi4.driver.driver:499] Compute energy(): method=scf, basis=cc-pvdz, molecule=default, nre=81.72437399222295
2023-01-17:11:12:27,431 INFO     [psi4.driver.driver:502] Return energy(): -154.08838202849248
2023-01-17:11:12:27,480 INFO     [psi4.driver.task_planner:266] PLANNING Atomic:  keywords={'SCF__INTS_TOLERANCE': 1e-12, 'function_kwargs': {}}
2023-01-17:11:12:27,483 INFO     [psi4.driver.driver:617] Compute gradient(): method=scf, basis=6-31g**, molecule=default, nre=81.72437399222295
2023-01-17:11:12:28,504 INFO     [psi4.driver.driver:620] Return gradient(): -154.08447246050912
2023-01-17:11:12:28,505 INFO     [psi4.driver.driver:621] [[ 0.00717054 -0.00289371  0.00763577]
 [-0.0056071   0.001121    0.01206465]
 [-0.0106294  -0.0141554   0.00342909]
 [-0.00464878 -0.04365728 -0.02175798]
 [-0.00009091  0.04590892  0.01962714]
 [ 0.00282141  0.00140032 -0.01576945]
 [-0.00162018  0.01332207  0.00892591]
 [ 0.00242082 -0.01311196 -0.01247094]
 [ 0.01018361  0.01206603 -0.0016842 ]]
2023-01-17:11:12:28,634 INFO     [psi4.driver.task_planner:266] PLANNING Atomic:  keywords={'CART_HESS_READ': 0, 'SCF__GUESS': 'READ', 'SCF__INTS_TOLERANCE': 1e-12, 'function_kwargs': {}}
2023-01-17:11:12:28,637 INFO     [psi4.driver.driver:617] Compute gradient(): method=scf, basis=6-31g**, molecule=default, nre=82.15049578140543
2023-01-17:11:12:29,373 INFO     [psi4.driver.driver:620] Return gradient(): -154.08974449736826
2023-01-17:11:12:29,374 INFO     [psi4.driver.driver:621] [[-0.00110466  0.00035688 -0.0021589 ]
 [-0.00078205  0.00155496  0.00160029]
 [ 0.00129575  0.0008452  -0.0002984 ]
 [ 0.00029712 -0.00181153  0.00249275]
 [ 0.00088035 -0.00021462 -0.00077179]
 [-0.00122252  0.00023891  0.00005086]
 [ 0.00007763 -0.00063402 -0.00037284]
 [ 0.00076949  0.00023248  0.00047087]
 [-0.00021111 -0.00056826 -0.00101284]]
2023-01-17:11:12:29,445 INFO     [psi4.driver.task_planner:266] PLANNING Atomic:  keywords={'CART_HESS_READ': 0, 'SCF__GUESS': 'READ', 'SCF__INTS_TOLERANCE': 1e-12, 'function_kwargs': {}}
2023-01-17:11:12:29,448 INFO     [psi4.driver.driver:617] Compute gradient(): method=scf, basis=6-31g**, molecule=default, nre=82.31165444484292
2023-01-17:11:12:30,111 INFO     [psi4.driver.driver:620] Return gradient(): -154.08988304233185
2023-01-17:11:12:30,112 INFO     [psi4.driver.driver:621] [[-0.00016668  0.00025475  0.00077615]
 [ 0.00081634 -0.00092825 -0.00128334]
 [-0.00009075  0.00009436 -0.00000233]
 [-0.00064247 -0.00185779 -0.00197712]
 [-0.00015798  0.00278838  0.00202744]
 [ 0.00042526 -0.00027727  0.00047726]
 [-0.00004187 -0.00024746 -0.00006946]
 [ 0.00009773  0.00030439 -0.00040242]
 [-0.00023959 -0.00013112  0.00045382]]
2023-01-17:11:12:30,181 INFO     [psi4.driver.task_planner:266] PLANNING Atomic:  keywords={'CART_HESS_READ': 0, 'SCF__GUESS': 'READ', 'SCF__INTS_TOLERANCE': 1e-12, 'function_kwargs': {}}
2023-01-17:11:12:30,184 INFO     [psi4.driver.driver:617] Compute gradient(): method=scf, basis=6-31g**, molecule=default, nre=82.31157067551287
2023-01-17:11:12:30,899 INFO     [psi4.driver.driver:620] Return gradient(): -154.08991709977659
2023-01-17:11:12:30,900 INFO     [psi4.driver.driver:621] [[ 0.00005684  0.00002478  0.00010955]
 [ 0.0000839   0.00031954 -0.00022495]
 [-0.00006322 -0.00006031  0.00004907]
 [-0.00025934  0.0004493   0.00046235]
 [ 0.00017148 -0.00063176 -0.0006096 ]
 [ 0.0000564  -0.00003404 -0.00006827]
 [ 0.00008714 -0.00009907  0.00004834]
 [-0.00008814  0.00005042  0.00019838]
 [-0.00004507 -0.00001886  0.00003513]]
2023-01-17:11:12:30,968 INFO     [psi4.driver.task_planner:266] PLANNING Atomic:  keywords={'CART_HESS_READ': 0, 'SCF__GUESS': 'READ', 'SCF__INTS_TOLERANCE': 1e-12, 'function_kwargs': {}}
2023-01-17:11:12:30,972 INFO     [psi4.driver.driver:617] Compute gradient(): method=scf, basis=6-31g**, molecule=default, nre=82.29076019351605
2023-01-17:11:12:31,558 INFO     [psi4.driver.driver:620] Return gradient(): -154.08991859949316
2023-01-17:11:12:31,559 INFO     [psi4.driver.driver:621] [[-0.00000586  0.00003988 -0.00006804]
 [-0.00002792 -0.00010803 -0.00011547]
 [ 0.00003389  0.00000226  0.00000563]
 [ 0.00005613  0.00002092  0.00012054]
 [-0.0000137   0.00002217  0.00008301]
 [-0.00003484  0.00001485 -0.00001672]
 [-0.00000951  0.00000658  0.00001046]
 [ 0.00001521  0.00000414 -0.00003718]
 [-0.0000134  -0.00000277  0.00001777]]
2023-01-17:11:12:31,605 INFO     [psi4.driver.task_planner:266] PLANNING Atomic:  keywords={'CART_HESS_READ': 0, 'SCF__GUESS': 'READ', 'OPTKING__INTRAFRAG_STEP_LIMIT': 1.0, 'SCF__INTS_TOLERANCE': 1e-12, 'function_kwargs': {}}
2023-01-17:11:12:31,608 INFO     [psi4.driver.driver:617] Compute gradient(): method=scf, basis=6-31g**, molecule=default, nre=82.29634801195226
2023-01-17:11:12:32,187 INFO     [psi4.driver.driver:620] Return gradient(): -154.08991872111613
2023-01-17:11:12:32,187 INFO     [psi4.driver.driver:621] [[-0.00001153 -0.00001248 -0.00000537]
 [ 0.00000989  0.00003958 -0.00002802]
 [-0.00000609  0.00000538 -0.00000062]
 [ 0.00000807 -0.0000618  -0.00000843]
 [-0.00001056  0.00003783  0.00001622]
 [-0.00000178 -0.00000357  0.0000117 ]
 [ 0.00000233  0.00000166 -0.00000151]
 [ 0.00000167 -0.00000335  0.00001625]
 [ 0.00000802 -0.00000326 -0.00000023]]
2023-01-17:11:12:32,307 INFO     [psi4.driver.task_planner:266] PLANNING Atomic:  keywords={'SCF__INTS_TOLERANCE': 1e-12, 'function_kwargs': {}}
2023-01-17:11:12:32,310 INFO     [psi4.driver.driver:774] Compute properties(): method=scf, basis=6-31g*, molecule=optimized, nre=82.29634801196265
2023-01-17:11:12:33,149 INFO     [psi4.driver.driver:777] Return properties(): -154.07547749364784
2023-01-17:11:12:33,292 INFO     [psi4.driver.task_planner:266] PLANNING Atomic:  keywords={'SCF__INTS_TOLERANCE': 1e-12, 'function_kwargs': {}}
2023-01-17:11:12:33,296 INFO     [psi4.driver.driver:774] Compute properties(): method=scf, basis=6-31g*, molecule=optimized, nre=82.29634801196265
2023-01-17:11:12:34,230 INFO     [psi4.driver.driver:777] Return properties(): -154.0754774936476
