2023-01-17:10:10:25,915 INFO     [psi4.driver.task_planner:266] PLANNING Atomic:  keywords={'function_kwargs': {}}
2023-01-17:10:10:25,918 INFO     [psi4.driver.driver:499] Compute energy(): method=scf, basis=cc-pvdz, molecule=default, nre=321.4029178148191
2023-01-17:10:10:28,711 INFO     [psi4.driver.driver:502] Return energy(): -344.90365742285064
2023-01-17:10:10:28,750 INFO     [psi4.driver.task_planner:266] PLANNING Atomic:  keywords={'SCF__INTS_TOLERANCE': 1e-12, 'function_kwargs': {}}
2023-01-17:10:10:28,753 INFO     [psi4.driver.driver:617] Compute gradient(): method=scf, basis=cc-pvdz, molecule=default, nre=321.4029178148191
2023-01-17:10:10:31,726 INFO     [psi4.driver.driver:620] Return gradient(): -344.90365744112023
2023-01-17:10:10:31,727 INFO     [psi4.driver.driver:621] [[-0.01235013 -0.00009926  0.0035701 ]
 [ 0.00931802 -0.00845222  0.0033208 ]
 [-0.00579106  0.00402625 -0.0115026 ]
 [ 0.0007681  -0.01554913 -0.00224376]
 [ 0.01136748  0.00949519  0.00100895]
 [ 0.01253016  0.00298749 -0.00206435]
 [ 0.00163068  0.01146369 -0.00388195]
 [-0.06224648  0.02459994  0.00576988]
 [-0.00834888  0.0053417  -0.00964386]
 [-0.00389921  0.00290622  0.00735936]
 [ 0.00178912 -0.01315315 -0.00063339]
 [-0.01824943  0.02622707  0.02422611]
 [ 0.02023099 -0.02323564 -0.00188997]
 [-0.00320988  0.00388125  0.01554557]
 [-0.00787724 -0.00621191 -0.00085146]
 [ 0.00641139  0.0094298  -0.0068078 ]
 [ 0.05792637 -0.03365729 -0.02128165]]
2023-01-17:10:10:31,864 INFO     [psi4.driver.task_planner:266] PLANNING Atomic:  keywords={'CART_HESS_READ': 0, 'SCF__GUESS': 'READ', 'SCF__INTS_TOLERANCE': 1e-12, 'function_kwargs': {}}
2023-01-17:10:10:31,867 INFO     [psi4.driver.driver:617] Compute gradient(): method=scf, basis=cc-pvdz, molecule=default, nre=324.96934342923004
2023-01-17:10:10:34,765 INFO     [psi4.driver.driver:620] Return gradient(): -344.9134352074797
2023-01-17:10:10:34,766 INFO     [psi4.driver.driver:621] [[ 0.00284244 -0.00115247 -0.00059496]
 [-0.00204626 -0.00745675  0.00220284]
 [-0.00032943  0.00026096  0.00128507]
 [ 0.00017822 -0.00065766 -0.00065217]
 [-0.00032707  0.00005842 -0.00075845]
 [-0.00200419  0.00198283 -0.00288855]
 [ 0.00159237  0.00365681  0.00040495]
 [-0.00833904  0.01985473 -0.00052574]
 [-0.00053681 -0.00041831  0.00080987]
 [-0.00223229  0.00010112  0.00078093]
 [ 0.00033179 -0.00100164 -0.00016601]
 [ 0.00616122 -0.00678425 -0.00157679]
 [ 0.00401772 -0.00541996 -0.00183917]
 [ 0.00005998 -0.00040645 -0.00027692]
 [-0.0069978   0.00073135  0.00104282]
 [ 0.00010406  0.00495978 -0.0001861 ]
 [ 0.0075251  -0.00830853  0.0029384 ]]
2023-01-17:10:10:34,876 INFO     [psi4.driver.task_planner:266] PLANNING Atomic:  keywords={'CART_HESS_READ': 0, 'SCF__GUESS': 'READ', 'SCF__INTS_TOLERANCE': 1e-12, 'function_kwargs': {}}
2023-01-17:10:10:34,879 INFO     [psi4.driver.driver:617] Compute gradient(): method=scf, basis=cc-pvdz, molecule=default, nre=327.51097598133236
2023-01-17:10:10:37,153 INFO     [psi4.driver.driver:620] Return gradient(): -344.90937706826236
2023-01-17:10:10:37,154 INFO     [psi4.driver.driver:621] [[ 0.00415428  0.00025849 -0.00267186]
 [ 0.00476493  0.00950999  0.00223689]
 [ 0.00184301 -0.00090916  0.00299806]
 [-0.00077361  0.00432658  0.00149452]
 [-0.00326954 -0.00282175 -0.0008287 ]
 [-0.0012348  -0.00095002  0.00429351]
 [-0.00079952  0.0018367   0.00237293]
 [-0.01427473 -0.03940818  0.00732928]
 [ 0.00400053 -0.0002349   0.00240161]
 [ 0.00012873 -0.00109564 -0.00352175]
 [ 0.00003346  0.00353481  0.00089932]
 [ 0.01091525 -0.00242985 -0.01451254]
 [-0.00011611  0.00470413 -0.00384329]
 [-0.00056074 -0.00054974 -0.00400211]
 [ 0.00203486  0.00076156 -0.00037145]
 [-0.00264253 -0.00131151  0.00041765]
 [-0.00420348  0.02477848  0.00530792]]
2023-01-17:10:10:37,225 INFO     [psi4.driver.task_planner:266] PLANNING Atomic:  keywords={'CART_HESS_READ': 0, 'SCF__GUESS': 'READ', 'SCF__INTS_TOLERANCE': 1e-12, 'function_kwargs': {}}
2023-01-17:10:10:37,228 INFO     [psi4.driver.driver:617] Compute gradient(): method=scf, basis=cc-pvdz, molecule=default, nre=325.4879693955821
2023-01-17:10:10:39,437 INFO     [psi4.driver.driver:620] Return gradient(): -344.9142927927273
2023-01-17:10:10:39,438 INFO     [psi4.driver.driver:621] [[-0.00175547  0.00060868  0.00000241]
 [-0.00323944 -0.00209614  0.00063883]
 [-0.00092889  0.00042852 -0.00215295]
 [-0.0000739  -0.00051746  0.00039812]
 [ 0.00049305  0.00022306  0.00077317]
 [ 0.00339904  0.0022451   0.00255715]
 [ 0.00037131 -0.00166573  0.00032327]
 [-0.01080903  0.01464065 -0.00172639]
 [-0.00032772  0.00101731 -0.00173948]
 [ 0.0007916  -0.00011537 -0.00065507]
 [ 0.00014956 -0.00043086  0.00002894]
 [-0.00761769  0.00527741  0.00606508]
 [ 0.0009289  -0.00175284 -0.00089498]
 [-0.00019969  0.00155293  0.00654135]
 [ 0.00134371 -0.00309459 -0.00227854]
 [ 0.00147567  0.00052862 -0.00231916]
 [ 0.01599899 -0.01684928 -0.00556176]]
2023-01-17:10:10:39,496 INFO     [psi4.driver.task_planner:266] PLANNING Atomic:  keywords={'CART_HESS_READ': 0, 'SCF__GUESS': 'READ', 'SCF__INTS_TOLERANCE': 1e-12, 'function_kwargs': {}}
2023-01-17:10:10:39,499 INFO     [psi4.driver.driver:617] Compute gradient(): method=scf, basis=cc-pvdz, molecule=default, nre=326.0992912077595
2023-01-17:10:10:41,724 INFO     [psi4.driver.driver:620] Return gradient(): -344.9149810569249
2023-01-17:10:10:41,725 INFO     [psi4.driver.driver:621] [[ 0.00020791 -0.0000016  -0.00043106]
 [-0.0012514  -0.00198029  0.00124889]
 [ 0.00011791 -0.00009327  0.0003318 ]
 [ 0.00000622  0.00025788  0.00004914]
 [-0.00033341 -0.00045389  0.00014955]
 [ 0.00052463  0.00083398  0.00083302]
 [ 0.00022728  0.00010527  0.00040575]
 [ 0.00633396 -0.00125719 -0.00107875]
 [ 0.00051007  0.00013658  0.00026743]
 [ 0.00003929 -0.00040297 -0.00094332]
 [-0.00006625  0.00018115 -0.0001044 ]
 [-0.00029885 -0.00158903 -0.0018836 ]
 [-0.00087641  0.00069316 -0.00029109]
 [-0.0002877   0.00000665 -0.00174974]
 [ 0.00175562  0.00074443  0.00059145]
 [-0.00079532 -0.00150202  0.00091965]
 [-0.00581356  0.00432117  0.00168529]]
2023-01-17:10:10:41,797 INFO     [psi4.driver.task_planner:266] PLANNING Atomic:  keywords={'CART_HESS_READ': 0, 'SCF__GUESS': 'READ', 'SCF__INTS_TOLERANCE': 1e-12, 'function_kwargs': {}}
2023-01-17:10:10:41,800 INFO     [psi4.driver.driver:617] Compute gradient(): method=scf, basis=cc-pvdz, molecule=default, nre=325.2303186565956
2023-01-17:10:10:44,22 INFO     [psi4.driver.driver:620] Return gradient(): -344.9148125251657
2023-01-17:10:10:44,23 INFO     [psi4.driver.driver:621] [[-0.00058721  0.00044709  0.00000646]
 [ 0.00077231  0.00000918 -0.00043167]
 [-0.00003609 -0.0001471  -0.0001282 ]
 [ 0.00009403 -0.00025249 -0.00003751]
 [ 0.00016748  0.00022455 -0.00007788]
 [ 0.00275054  0.0030222  -0.00092466]
 [ 0.00016222 -0.00039917 -0.00039718]
 [-0.00061004 -0.00146848 -0.00086682]
 [-0.00277715  0.00110733 -0.00396174]
 [-0.00199626  0.00111797  0.00455883]
 [ 0.0016134  -0.00491083  0.00006971]
 [ 0.00054763  0.0005283   0.00216093]
 [-0.00013802 -0.00047196 -0.00002668]
 [ 0.00036607 -0.00029383  0.00043595]
 [-0.00129019  0.00031502  0.00040588]
 [ 0.00034279  0.00091797 -0.00023436]
 [ 0.0006185   0.00025424 -0.00055105]]
2023-01-17:10:10:44,98 INFO     [psi4.driver.task_planner:266] PLANNING Atomic:  keywords={'CART_HESS_READ': 0, 'SCF__GUESS': 'READ', 'SCF__INTS_TOLERANCE': 1e-12, 'function_kwargs': {}}
2023-01-17:10:10:44,101 INFO     [psi4.driver.driver:617] Compute gradient(): method=scf, basis=cc-pvdz, molecule=default, nre=325.45732393974714
2023-01-17:10:10:46,238 INFO     [psi4.driver.driver:620] Return gradient(): -344.91505397079356
2023-01-17:10:10:46,239 INFO     [psi4.driver.driver:621] [[-0.00017382  0.00014141  0.00001498]
 [ 0.00001016 -0.00000955 -0.00020357]
 [-0.00002158 -0.00002991 -0.00001164]
 [ 0.00005649 -0.00021088 -0.00009332]
 [ 0.00013901  0.00006246 -0.00001445]
 [ 0.00167696  0.0015251  -0.00009021]
 [ 0.00012241  0.00009692 -0.00013494]
 [-0.00046723  0.0000488  -0.00053495]
 [-0.00159858  0.00085868 -0.0018715 ]
 [-0.00097989  0.0002637   0.00246138]
 [ 0.00065518 -0.002738   -0.00052278]
 [-0.0000849   0.00019664  0.00108492]
 [-0.00004621 -0.00021214 -0.00013375]
 [ 0.00012797 -0.00004693  0.00019427]
 [-0.00034593  0.00009629  0.00018021]
 [ 0.00012465  0.00032532 -0.00009162]
 [ 0.0008053  -0.00036792 -0.00023304]]
2023-01-17:10:10:46,323 INFO     [psi4.driver.task_planner:266] PLANNING Atomic:  keywords={'CART_HESS_READ': 0, 'SCF__GUESS': 'READ', 'OPTKING__INTRAFRAG_STEP_LIMIT': 0.125, 'SCF__INTS_TOLERANCE': 1e-12, 'function_kwargs': {}}
2023-01-17:10:10:46,326 INFO     [psi4.driver.driver:617] Compute gradient(): method=scf, basis=cc-pvdz, molecule=default, nre=325.6300695427129
2023-01-17:10:10:48,518 INFO     [psi4.driver.driver:620] Return gradient(): -344.9150723682881
2023-01-17:10:10:48,519 INFO     [psi4.driver.driver:621] [[-0.00022363  0.00015915  0.00006037]
 [ 0.00006054 -0.000327    0.0002195 ]
 [-0.00011523  0.00001639 -0.00015266]
 [ 0.00004995 -0.00014904 -0.00003396]
 [ 0.00009856  0.00012045  0.00000076]
 [-0.00042749 -0.00021993 -0.00008741]
 [ 0.00000732  0.00024028  0.0002532 ]
 [-0.00031268  0.00096083 -0.00056663]
 [ 0.00027398 -0.0004209   0.00032842]
 [ 0.00017459  0.00001382 -0.00066496]
 [-0.00024278  0.00071523  0.00034326]
 [-0.00077167  0.00019054  0.00052022]
 [ 0.00023208 -0.00003809 -0.00002078]
 [-0.00002451  0.00014591  0.00015417]
 [ 0.00010269 -0.00021974 -0.00013342]
 [ 0.00002847 -0.00005019 -0.00006404]
 [ 0.00108982 -0.00113771 -0.00015605]]
2023-01-17:10:10:48,592 INFO     [psi4.driver.task_planner:266] PLANNING Atomic:  keywords={'CART_HESS_READ': 0, 'SCF__GUESS': 'READ', 'OPTKING__INTRAFRAG_STEP_LIMIT': 0.03125, 'SCF__INTS_TOLERANCE': 1e-12, 'function_kwargs': {}}
2023-01-17:10:10:48,596 INFO     [psi4.driver.driver:617] Compute gradient(): method=scf, basis=cc-pvdz, molecule=default, nre=325.64356549127945
2023-01-17:10:10:50,668 INFO     [psi4.driver.driver:620] Return gradient(): -344.9150889267202
2023-01-17:10:10:50,669 INFO     [psi4.driver.driver:621] [[-0.00008653  0.00007596 -0.00002433]
 [ 0.00001764 -0.00003752 -0.000097  ]
 [ 0.00001752 -0.00003449  0.00001182]
 [ 0.00001644  0.00001214  0.00000263]
 [-0.00001908  0.00000567 -0.00001225]
 [-0.00006426  0.00007668  0.00002203]
 [ 0.00007407 -0.00009963  0.00007764]
 [ 0.00027176 -0.00038968 -0.00028248]
 [ 0.00013872 -0.00013611  0.00000852]
 [-0.00002067  0.00009252 -0.00011364]
 [ 0.00000388  0.0000827   0.00015708]
 [-0.00010901 -0.00012944  0.00023838]
 [ 0.00008482 -0.00002342 -0.00004944]
 [ 0.0000506  -0.00002934  0.00003196]
 [-0.00017396  0.00002637  0.00003829]
 [ 0.0000303   0.00010798 -0.00004408]
 [-0.00023224  0.00039961  0.00003488]]
2023-01-17:10:10:50,752 INFO     [psi4.driver.task_planner:266] PLANNING Atomic:  keywords={'CART_HESS_READ': 0, 'SCF__GUESS': 'READ', 'OPTKING__INTRAFRAG_STEP_LIMIT': 0.09375, 'SCF__INTS_TOLERANCE': 1e-12, 'function_kwargs': {}}
2023-01-17:10:10:50,755 INFO     [psi4.driver.driver:617] Compute gradient(): method=scf, basis=cc-pvdz, molecule=default, nre=325.6227451788422
2023-01-17:10:10:52,893 INFO     [psi4.driver.driver:620] Return gradient(): -344.9151053590242
2023-01-17:10:10:52,893 INFO     [psi4.driver.driver:621] [[-0.00005721  0.00002203  0.00004974]
 [ 0.00013778 -0.00014214  0.00002994]
 [-0.00002601  0.0000036  -0.00002804]
 [ 0.00000726 -0.00002291 -0.00001155]
 [ 0.000014    0.00001491 -0.00000116]
 [-0.00020466 -0.00005294 -0.00006454]
 [-0.00004438  0.00008954  0.00000414]
 [ 0.00006386 -0.00000242 -0.00015296]
 [ 0.00001161 -0.00010314  0.00008745]
 [ 0.00009106 -0.00000122 -0.00013821]
 [-0.00001267  0.00025123  0.00006667]
 [-0.00011133 -0.00007803  0.00023019]
 [ 0.00014579 -0.00003762 -0.00001022]
 [ 0.00001489  0.00000849 -0.00000523]
 [-0.00019308  0.00000072 -0.00000105]
 [ 0.00002572  0.00008535 -0.00005802]
 [ 0.00013737 -0.00003545  0.00000285]]
2023-01-17:10:10:52,965 INFO     [psi4.driver.task_planner:266] PLANNING Atomic:  keywords={'CART_HESS_READ': 0, 'SCF__GUESS': 'READ', 'OPTKING__INTRAFRAG_STEP_LIMIT': 0.09375, 'SCF__INTS_TOLERANCE': 1e-12, 'function_kwargs': {}}
2023-01-17:10:10:52,968 INFO     [psi4.driver.driver:617] Compute gradient(): method=scf, basis=cc-pvdz, molecule=default, nre=325.63236558738384
2023-01-17:10:10:55,102 INFO     [psi4.driver.driver:620] Return gradient(): -344.91510846436483
2023-01-17:10:10:55,103 INFO     [psi4.driver.driver:621] [[ 0.00005776 -0.00002838  0.00004582]
 [-0.00000492  0.0000133  -0.00006895]
 [ 0.00000369  0.00001637  0.00004112]
 [-0.00000493  0.00000621 -0.00002309]
 [ 0.00000232 -0.00000603 -0.00001741]
 [ 0.0000484   0.00003679  0.00007343]
 [ 0.0000159   0.0001381   0.00011369]
 [ 0.00009922  0.0001115  -0.00007323]
 [-0.00007236  0.00009436 -0.00011942]
 [-0.00011699  0.0000419   0.00022652]
 [ 0.00007835 -0.00031951 -0.00009457]
 [-0.00000682 -0.00018829 -0.00004782]
 [ 0.00008937 -0.00002468 -0.0000733 ]
 [-0.00001896  0.00000012 -0.00004505]
 [-0.000072    0.00002272  0.00000575]
 [-0.00001552  0.00003441 -0.00003626]
 [-0.0000825   0.0000511   0.00009277]]
2023-01-17:10:10:55,167 INFO     [psi4.driver.task_planner:266] PLANNING Atomic:  keywords={'CART_HESS_READ': 0, 'SCF__GUESS': 'READ', 'OPTKING__INTRAFRAG_STEP_LIMIT': 0.09375, 'SCF__INTS_TOLERANCE': 1e-12, 'function_kwargs': {}}
2023-01-17:10:10:55,170 INFO     [psi4.driver.driver:617] Compute gradient(): method=scf, basis=cc-pvdz, molecule=default, nre=325.6058125759584
2023-01-17:10:10:57,273 INFO     [psi4.driver.driver:620] Return gradient(): -344.9151096284824
2023-01-17:10:10:57,274 INFO     [psi4.driver.driver:621] [[ 0.00000431 -0.00001     0.00001428]
 [ 0.00002227  0.00014005 -0.00007516]
 [ 0.00001509 -0.00000781  0.00000316]
 [-0.00000116  0.0000215   0.00000425]
 [-0.00001935 -0.00001623  0.00000136]
 [-0.00003425 -0.00008354  0.00005409]
 [ 0.00000993 -0.00010019 -0.00005639]
 [-0.00009245 -0.00008444  0.00000041]
 [ 0.00006922 -0.00000193  0.00005042]
 [ 0.00003398 -0.00000007 -0.00006188]
 [-0.00002307  0.00005635 -0.00000355]
 [-0.00004204  0.00001349  0.00002107]
 [ 0.00000456  0.00009707  0.00003603]
 [-0.00000754  0.00001531 -0.00000898]
 [ 0.00011239 -0.00001826  0.00000968]
 [-0.00004725 -0.00006556  0.00004542]
 [-0.00000465  0.00004425 -0.00003422]]
2023-01-17:10:10:57,358 INFO     [psi4.driver.task_planner:266] PLANNING Atomic:  keywords={'CART_HESS_READ': 0, 'SCF__GUESS': 'READ', 'OPTKING__INTRAFRAG_STEP_LIMIT': 0.0234375, 'SCF__INTS_TOLERANCE': 1e-12, 'function_kwargs': {}}
2023-01-17:10:10:57,361 INFO     [psi4.driver.driver:617] Compute gradient(): method=scf, basis=cc-pvdz, molecule=default, nre=325.6038355059329
2023-01-17:10:10:59,451 INFO     [psi4.driver.driver:620] Return gradient(): -344.9151099124281
2023-01-17:10:10:59,452 INFO     [psi4.driver.driver:621] [[-0.00000046 -0.00000102 -0.00000155]
 [ 0.00003641  0.00000171 -0.00000892]
 [ 0.00000042  0.00000002 -0.00000186]
 [-0.00000093  0.00000596  0.0000021 ]
 [-0.00000481 -0.0000016   0.00000131]
 [-0.00003456 -0.00002554 -0.00000069]
 [-0.00000968 -0.0000127  -0.00000602]
 [ 0.00000685  0.00000472  0.00002981]
 [ 0.00000172 -0.00000603  0.00000906]
 [ 0.00001067  0.00000081 -0.00001958]
 [-0.00000038  0.00003205  0.00000349]
 [ 0.00000721 -0.0000103   0.00000297]
 [ 0.00000563 -0.00000247 -0.00000947]
 [ 0.00000972 -0.00000589 -0.00000428]
 [-0.00001739  0.00000577  0.00000543]
 [ 0.00000066  0.00000495  0.00000064]
 [-0.00001107  0.00000958 -0.00000243]]
2023-01-17:10:10:59,703 INFO     [psi4.driver.task_planner:266] PLANNING Atomic:  keywords={'SCF__INTS_TOLERANCE': 1e-12, 'function_kwargs': {}}
2023-01-17:10:10:59,705 INFO     [psi4.driver.driver:774] Compute properties(): method=scf, basis=6-31g*, molecule=optimized, nre=325.60383550591587
2023-01-17:10:11:02,320 INFO     [psi4.driver.driver:777] Return properties(): -344.888688579955
2023-01-17:10:11:02,904 INFO     [psi4.driver.task_planner:266] PLANNING Atomic:  keywords={'SCF__INTS_TOLERANCE': 1e-12, 'function_kwargs': {}}
2023-01-17:10:11:02,908 INFO     [psi4.driver.driver:774] Compute properties(): method=scf, basis=6-31g*, molecule=optimized, nre=325.60383550591587
2023-01-17:10:11:05,766 INFO     [psi4.driver.driver:777] Return properties(): -344.8886885799311
