2023-01-18:18:30:15,497 INFO     [psi4.driver.task_planner:266] PLANNING Atomic:  keywords={'GEOM_MAXITER': 500, 'SCF__INTS_TOLERANCE': 1e-12, 'MAXITER': 500, 'function_kwargs': {}}
2023-01-18:18:30:15,500 INFO     [psi4.driver.driver:617] Compute gradient(): method=scf, basis=cc-pvdz, molecule=default, nre=3984.691743237034
2023-01-18:18:31:35,180 INFO     [psi4.driver.driver:620] Return gradient(): -1958.8275826227314
2023-01-18:18:31:35,181 INFO     [psi4.driver.driver:621] [[ 0.02637259 -0.00213527  0.0008481 ]
 [-0.00777698 -0.08396982  0.00734198]
 [-0.03293706  0.01174207 -0.00121084]
 [ 0.02583376  0.06848371 -0.00844165]
 [-0.02141921 -0.00003612 -0.00005149]
 [-0.00845044  0.00169418  0.0001841 ]
 [ 0.00473631  0.05069892 -0.00282507]
 [-0.01267368 -0.04165511  0.00513043]
 [-0.00143712 -0.00655771 -0.00049317]
 [-0.01113495 -0.00435936 -0.00349516]
 [ 0.00398395 -0.00128316  0.0007132 ]
 [ 0.01581928  0.00270161 -0.00120783]
 [-0.00296165  0.01195346  0.00122518]
 [-0.0044268  -0.00476993 -0.00035693]
 [ 0.00065404 -0.00723833  0.00498539]
 [-0.00062209  0.00086962 -0.00055403]
 [-0.00164598 -0.01825557  0.05128531]
 [-0.00816149 -0.01440917 -0.03499565]
 [ 0.03444626  0.01364327 -0.00306174]
 [-0.02358388  0.0242039   0.00479405]
 [-0.00045058 -0.01060456 -0.05341325]
 [-0.03031634  0.02273642  0.00412112]
 [ 0.02919199  0.01751605  0.00082346]
 [ 0.00081281 -0.0217702   0.03215898]
 [-0.01992174  0.00165442 -0.00025503]
 [ 0.00086957 -0.01036474 -0.00213527]
 [ 0.03466979  0.00550784  0.00118854]
 [-0.00724466  0.00506466 -0.00225275]
 [ 0.0080994  -0.00239345  0.00229449]
 [ 0.02484225 -0.00726213  0.00853784]
 [ 0.02305951  0.07890847 -0.02492971]
 [-0.03316425  0.00342399  0.00096143]
 [ 0.00249842 -0.08544243  0.00207303]
 [-0.03731094 -0.0019609  -0.00057209]
 [ 0.00032471 -0.01028859 -0.00443669]
 [ 0.01399438  0.00750597  0.00195572]
 [-0.02316508 -0.05398394 -0.02014014]
 [ 0.05603095 -0.05493527  0.0081462 ]
 [-0.00264719  0.01230836 -0.00060648]
 [ 0.00475317  0.00988665  0.00073889]
 [ 0.00560505  0.00276048  0.00051462]
 [ 0.00228961 -0.00568945  0.00070835]
 [-0.00256213 -0.00623981 -0.00441263]
 [ 0.00484736  0.01249121  0.00022459]
 [-0.00662984  0.05816269  0.00047561]
 [-0.03143988 -0.04635078  0.02207534]
 [ 0.00489251  0.00238811 -0.00071406]
 [-0.01732412  0.03856869  0.00456823]
 [ 0.0207804   0.03708103  0.00248749]]
2023-01-18:18:31:35,886 INFO     [psi4.driver.task_planner:266] PLANNING Atomic:  keywords={'CART_HESS_READ': 0, 'GEOM_MAXITER': 500, 'SCF__GUESS': 'READ', 'SCF__INTS_TOLERANCE': 1e-12, 'MAXITER': 500, 'function_kwargs': {}}
2023-01-18:18:31:35,890 INFO     [psi4.driver.driver:617] Compute gradient(): method=scf, basis=cc-pvdz, molecule=default, nre=4017.559491478018
2023-01-18:18:32:44,73 INFO     [psi4.driver.driver:620] Return gradient(): -1958.8790414527064
2023-01-18:18:32:44,75 INFO     [psi4.driver.driver:621] [[ 0.00402325  0.00079883  0.00018502]
 [-0.00126084 -0.0238009   0.00351558]
 [-0.00512255  0.00941977 -0.0020104 ]
 [ 0.00770335  0.01960401 -0.00250359]
 [-0.00147418 -0.00596501  0.00126124]
 [-0.00067613  0.00037621  0.00010602]
 [ 0.00024174  0.01199738 -0.00064223]
 [-0.00306528 -0.009769    0.00135051]
 [-0.0006283  -0.0043828   0.00281296]
 [ 0.00082354 -0.00008007 -0.00192135]
 [-0.01025282  0.00180798 -0.00374303]
 [-0.00216857  0.00096912  0.00094797]
 [-0.00212772  0.00170625  0.00158707]
 [-0.00094605 -0.00078295 -0.00088431]
 [-0.00250207 -0.00187052  0.00270789]
 [ 0.00014083 -0.00027602  0.00106651]
 [-0.00091099 -0.00429179  0.01977556]
 [ 0.00109326 -0.00123061 -0.01171945]
 [ 0.00176294  0.00428474 -0.00061719]
 [-0.00087835  0.00286573  0.00239873]
 [ 0.00024318 -0.00254284 -0.01920276]
 [-0.00183738  0.00526223 -0.00062385]
 [ 0.00133701  0.00320785 -0.00047014]
 [-0.0010518  -0.00344678  0.00907451]
 [ 0.00331037  0.00187793 -0.00087149]
 [-0.00011792 -0.00849087 -0.00382594]
 [ 0.00583866  0.01150626  0.00124528]
 [ 0.00993558 -0.00025488  0.00371472]
 [ 0.00009615  0.00156436  0.00055508]
 [-0.00317326 -0.00855789  0.00179604]
 [ 0.00993027  0.02692261 -0.01011396]
 [-0.01112673  0.00172035 -0.00101772]
 [ 0.00244083 -0.02405491  0.00289601]
 [-0.0022199  -0.00281557  0.00064661]
 [ 0.00434592 -0.0104912  -0.00543161]
 [ 0.00150263  0.00580869  0.00157787]
 [ 0.01621983 -0.0000142  -0.00136451]
 [ 0.0061794  -0.0059746   0.00228867]
 [-0.00714508 -0.00036266 -0.00201693]
 [ 0.0024681   0.00314152  0.00040315]
 [ 0.00053124  0.00001966 -0.0001888 ]
 [ 0.00055664 -0.00111577  0.00075894]
 [ 0.00234088 -0.00257534 -0.00273898]
 [ 0.00126466  0.00149982 -0.00024898]
 [-0.00551863  0.01778262  0.00026551]
 [-0.02128163 -0.019808    0.01043884]
 [ 0.00102949  0.00045568 -0.00077113]
 [-0.0028571   0.00372982  0.0042436 ]
 [ 0.00298349  0.00462576 -0.00469153]]
2023-01-18:18:32:44,982 INFO     [psi4.driver.task_planner:266] PLANNING Atomic:  keywords={'CART_HESS_READ': 0, 'GEOM_MAXITER': 500, 'SCF__GUESS': 'READ', 'SCF__INTS_TOLERANCE': 1e-12, 'MAXITER': 500, 'function_kwargs': {}}
2023-01-18:18:32:44,986 INFO     [psi4.driver.driver:617] Compute gradient(): method=scf, basis=cc-pvdz, molecule=default, nre=4033.6944898625184
2023-01-18:18:33:53,952 INFO     [psi4.driver.driver:620] Return gradient(): -1958.8960132154104
2023-01-18:18:33:53,954 INFO     [psi4.driver.driver:621] [[ 0.0003254  -0.00059633 -0.00000824]
 [-0.00002423  0.00206419 -0.00072267]
 [-0.00338124  0.00274499 -0.00180773]
 [-0.00059156  0.00202028  0.00040192]
 [ 0.00147789 -0.00370075  0.00056336]
 [ 0.00051938  0.00078254  0.00004064]
 [-0.00040328 -0.00147765  0.00125896]
 [ 0.00166483  0.00093119 -0.00051674]
 [ 0.0011891   0.00212723  0.00483028]
 [ 0.00032239 -0.00098526 -0.00024613]
 [-0.00342144  0.00081447 -0.0047243 ]
 [-0.00343283  0.00106957  0.00186886]
 [-0.00188373 -0.00005389  0.00113201]
 [ 0.00074365 -0.00016793 -0.00064226]
 [-0.00234554  0.00037862  0.00221544]
 [-0.00015394 -0.0044208   0.00105939]
 [ 0.00107271  0.00376204 -0.00059717]
 [ 0.00239865 -0.00091665 -0.00121607]
 [ 0.0011175  -0.00270264  0.00270772]
 [-0.0034822  -0.00274442  0.00503404]
 [-0.00113883  0.002116    0.00131224]
 [-0.00103887 -0.00155326 -0.00507268]
 [ 0.00189489 -0.00255021 -0.00335872]
 [-0.0010154  -0.000655   -0.00132687]
 [ 0.00502524  0.00244108 -0.00230181]
 [-0.00191655  0.00169995 -0.00399149]
 [ 0.00340591  0.00189977  0.00101915]
 [ 0.00356528 -0.00076977  0.00605837]
 [-0.00011301 -0.00186674 -0.00101815]
 [-0.0035733  -0.00271399 -0.00000613]
 [ 0.00553942  0.00140366 -0.00462833]
 [-0.00229856 -0.00156415 -0.00243166]
 [ 0.00147309  0.00260333  0.00536495]
 [ 0.0041575  -0.00059254  0.00152648]
 [ 0.00065041 -0.00336205 -0.0048519 ]
 [ 0.00356943  0.00502375  0.00296802]
 [ 0.00869606  0.00309398  0.00269556]
 [ 0.00079571  0.0003597   0.0010308 ]
 [-0.00356104 -0.00114051 -0.00158643]
 [ 0.00195976  0.00091394  0.00038147]
 [-0.00041571  0.00023377 -0.00041398]
 [-0.00068232  0.00012189  0.00043849]
 [ 0.00265904 -0.00043935 -0.00263618]
 [ 0.00086135 -0.00048979  0.00003598]
 [-0.00327202 -0.00075792 -0.00128758]
 [-0.01463055 -0.00217361  0.00423183]
 [ 0.00010572  0.00105703 -0.000139  ]
 [-0.00216606 -0.00161093  0.00184181]
 [-0.00024814  0.00034318 -0.00448554]]
2023-01-18:18:33:54,388 INFO     [psi4.driver.task_planner:266] PLANNING Atomic:  keywords={'CART_HESS_READ': 0, 'GEOM_MAXITER': 500, 'SCF__GUESS': 'READ', 'OPTKING__INTRAFRAG_STEP_LIMIT': 1.0, 'SCF__INTS_TOLERANCE': 1e-12, 'MAXITER': 500, 'function_kwargs': {}}
2023-01-18:18:33:54,391 INFO     [psi4.driver.driver:617] Compute gradient(): method=scf, basis=cc-pvdz, molecule=default, nre=4057.7805340026357
2023-01-18:18:35:05,486 INFO     [psi4.driver.driver:620] Return gradient(): -1958.9067485942655
2023-01-18:18:35:05,488 INFO     [psi4.driver.driver:621] [[ 0.00006194 -0.00327894  0.00130774]
 [ 0.00259807  0.00953467 -0.0039991 ]
 [-0.00635489 -0.00091375 -0.00219112]
 [-0.00175126  0.00246502 -0.00098233]
 [ 0.00721937 -0.00537851  0.00379421]
 [ 0.0005353   0.00207836 -0.00074671]
 [-0.00246467 -0.0014535   0.00042135]
 [ 0.00256564  0.00090807 -0.00009497]
 [ 0.00501244  0.00792189  0.00591195]
 [-0.00276281 -0.00047839  0.00020263]
 [ 0.00891701  0.0023262  -0.00089807]
 [-0.00345852 -0.00032932 -0.00197859]
 [-0.00351646 -0.00075783  0.00027925]
 [ 0.00244236 -0.00025603  0.00046804]
 [-0.00187814  0.00046832  0.0024346 ]
 [-0.00028311 -0.01068163  0.00072087]
 [-0.00041998 -0.00295038 -0.00307849]
 [ 0.00320492  0.00250556  0.00031519]
 [-0.00060649 -0.00459483  0.00268552]
 [-0.00162199 -0.00408826  0.00233535]
 [-0.0014941  -0.00371708  0.00284904]
 [ 0.00036922 -0.00344929 -0.00545464]
 [ 0.00021932 -0.00438385 -0.00055071]
 [-0.00030504  0.00202853 -0.00106281]
 [ 0.00542935  0.00031832  0.00032945]
 [-0.00604224  0.01181216 -0.00369523]
 [ 0.00723704 -0.00568106  0.00163777]
 [-0.00819327  0.00302577  0.00317321]
 [ 0.00170198 -0.00282009 -0.00170775]
 [-0.00812236 -0.00020722 -0.00325043]
 [ 0.00614629 -0.00294535 -0.00228639]
 [ 0.00241044 -0.00588094 -0.00554918]
 [-0.00128899  0.01083217  0.00640213]
 [ 0.00800556  0.00606238  0.00844751]
 [-0.00189719 -0.00316189 -0.00782464]
 [ 0.00880948  0.00842513  0.01207247]
 [-0.00646221 -0.00650273 -0.00623068]
 [ 0.0042723   0.00536339  0.00579334]
 [-0.01108392 -0.00257197 -0.00735743]
 [ 0.0058515   0.00024492  0.0028558 ]
 [-0.00093609  0.00147605  0.00035897]
 [-0.00267527  0.000658   -0.0007905 ]
 [ 0.00222915 -0.00035825 -0.00290383]
 [ 0.00264129 -0.00161161  0.00012557]
 [ 0.00199691 -0.00225932  0.00040309]
 [-0.00965494  0.00183316  0.00058372]
 [-0.00093063  0.00358625  0.00270411]
 [-0.00554468 -0.00222762 -0.00321377]
 [-0.00012763 -0.00093469 -0.00276552]]
2023-01-18:18:35:05,903 INFO     [psi4.driver.task_planner:266] PLANNING Atomic:  keywords={'CART_HESS_READ': 0, 'GEOM_MAXITER': 500, 'SCF__GUESS': 'READ', 'OPTKING__INTRAFRAG_STEP_LIMIT': 1.0, 'SCF__INTS_TOLERANCE': 1e-12, 'MAXITER': 500, 'function_kwargs': {}}
2023-01-18:18:35:05,906 INFO     [psi4.driver.driver:617] Compute gradient(): method=scf, basis=cc-pvdz, molecule=default, nre=4055.1352166366387
2023-01-18:18:36:13,782 INFO     [psi4.driver.driver:620] Return gradient(): -1958.9153273919503
2023-01-18:18:36:13,784 INFO     [psi4.driver.driver:621] [[-0.00119437 -0.00231578  0.00037258]
 [ 0.00147811  0.00396156 -0.00161365]
 [ 0.00021071 -0.00015575 -0.00015857]
 [-0.00151664 -0.00028617  0.00093905]
 [ 0.0020809  -0.00248341  0.00062489]
 [ 0.00013281  0.00073146 -0.00016894]
 [-0.00042195 -0.00204572  0.00130513]
 [ 0.0000748   0.00032899 -0.00067778]
 [ 0.0041783   0.0065863   0.00483876]
 [-0.00361642  0.00035878 -0.0002996 ]
 [ 0.00549172  0.00199018 -0.00205034]
 [-0.00149511 -0.00075876 -0.00179792]
 [-0.00085589 -0.00069742  0.00005336]
 [ 0.000594    0.00009784 -0.00011254]
 [-0.00052074  0.00044447  0.00032066]
 [ 0.00072817 -0.00450164  0.00090354]
 [-0.00099426  0.0005924  -0.00232681]
 [ 0.00198063  0.00026507  0.00119758]
 [ 0.0023267  -0.00366945  0.00309122]
 [-0.00265678 -0.00219576  0.00120763]
 [ 0.00031434  0.00047487  0.00291613]
 [-0.00164769 -0.00243995 -0.00492254]
 [ 0.00170025 -0.00296911  0.000613  ]
 [ 0.00026471  0.00031084 -0.00188271]
 [ 0.00153296 -0.0009712   0.00072791]
 [-0.0060619   0.01099353 -0.00350741]
 [-0.0001631  -0.00179781 -0.00067481]
 [-0.00495103  0.00228792  0.00329332]
 [ 0.0033368  -0.00187815 -0.00070416]
 [-0.00110537  0.001825   -0.00008714]
 [ 0.00186778 -0.00345894 -0.00270404]
 [ 0.00434857 -0.00127561 -0.00108992]
 [-0.00288148  0.00324639  0.00339923]
 [ 0.00528242  0.00320626  0.0060646 ]
 [-0.0095192   0.00383068 -0.00471585]
 [ 0.00498878  0.0001416   0.00371521]
 [-0.00585139 -0.00276593 -0.00208756]
 [ 0.00641315  0.00128211  0.00400264]
 [-0.00550052 -0.00202355 -0.00583192]
 [ 0.00204077 -0.00013383  0.00136211]
 [-0.00238302  0.00086378 -0.00069722]
 [-0.00040334  0.00040614  0.00001017]
 [ 0.00076091  0.00064359 -0.00082462]
 [ 0.00042304 -0.00082634 -0.00033222]
 [ 0.00087107 -0.00477315 -0.00162855]
 [ 0.00002082  0.00162796  0.0023007 ]
 [ 0.00019008  0.0000932   0.00045662]
 [-0.00138775 -0.00108024 -0.0024501 ]
 [ 0.00149463 -0.00108721 -0.0003691 ]]
2023-01-18:18:36:14,227 INFO     [psi4.driver.task_planner:266] PLANNING Atomic:  keywords={'CART_HESS_READ': 0, 'GEOM_MAXITER': 500, 'SCF__GUESS': 'READ', 'OPTKING__INTRAFRAG_STEP_LIMIT': 1.0, 'SCF__INTS_TOLERANCE': 1e-12, 'MAXITER': 500, 'function_kwargs': {}}
2023-01-18:18:36:14,230 INFO     [psi4.driver.driver:617] Compute gradient(): method=scf, basis=cc-pvdz, molecule=default, nre=4058.320973144991
2023-01-18:18:37:22,355 INFO     [psi4.driver.driver:620] Return gradient(): -1958.9196093427786
2023-01-18:18:37:22,357 INFO     [psi4.driver.driver:621] [[-0.00050571 -0.00131149  0.00066388]
 [ 0.00101653  0.00154747 -0.00056692]
 [-0.00027791 -0.00006799 -0.00047265]
 [-0.00063183  0.00024125 -0.00106681]
 [ 0.00072895 -0.00073411  0.00076647]
 [ 0.00010564  0.00049145 -0.00006437]
 [-0.00052444 -0.00027867 -0.00008852]
 [ 0.00041407  0.00044661  0.00011075]
 [ 0.00040474  0.00393907  0.00283952]
 [-0.00004435  0.00035234  0.00004804]
 [ 0.0037206   0.00048657 -0.00039466]
 [ 0.00005154 -0.00159177  0.0000156 ]
 [-0.00023041 -0.000346   -0.00018657]
 [ 0.00034693  0.00010703  0.00018752]
 [-0.00017514  0.00021361 -0.0000757 ]
 [ 0.00051352  0.00011665  0.0011336 ]
 [-0.00141769 -0.00017951 -0.00176625]
 [ 0.00129307 -0.00027885 -0.00058568]
 [ 0.00155559 -0.00186882  0.00287507]
 [-0.00034443 -0.00151314  0.00087962]
 [ 0.00067008 -0.00043635  0.00256428]
 [-0.00081941 -0.00142596 -0.00359373]
 [ 0.00007042 -0.00149891 -0.0001123 ]
 [ 0.00038851 -0.00079067 -0.00095331]
 [-0.00062327 -0.00233659 -0.00040136]
 [-0.0017791   0.00686085 -0.00232889]
 [-0.0009515  -0.00111368  0.00028991]
 [-0.00284053  0.00050812  0.00105132]
 [-0.00057629 -0.00075089 -0.00105485]
 [ 0.00067215  0.00087586  0.00181599]
 [ 0.00308326  0.0003592  -0.00231821]
 [ 0.00142779 -0.00085011  0.00084931]
 [-0.00010974 -0.00006185 -0.00069279]
 [ 0.00696763 -0.00221793  0.00284182]
 [-0.01090455  0.00585465 -0.00049017]
 [ 0.00621289 -0.00138636  0.00202574]
 [-0.00921338 -0.0010498  -0.00855872]
 [ 0.00409361 -0.00092357  0.00185755]
 [-0.00716074  0.00188017 -0.00178202]
 [ 0.00281093 -0.00042897  0.00208516]
 [-0.00306793  0.00097458  0.00046909]
 [ 0.00002633  0.00010166 -0.00004125]
 [ 0.00020729  0.00034811  0.00018911]
 [ 0.00003969 -0.0005412  -0.00003557]
 [ 0.00275439 -0.00282466  0.0009937 ]
 [ 0.0018166   0.00217321  0.00310409]
 [-0.00029978  0.00012364  0.00030331]
 [-0.00195442  0.00003759 -0.00301215]
 [ 0.00305978 -0.00123186  0.00068301]]
2023-01-18:18:37:22,763 INFO     [psi4.driver.task_planner:266] PLANNING Atomic:  keywords={'CART_HESS_READ': 0, 'GEOM_MAXITER': 500, 'SCF__GUESS': 'READ', 'OPTKING__INTRAFRAG_STEP_LIMIT': 1.0, 'SCF__INTS_TOLERANCE': 1e-12, 'MAXITER': 500, 'function_kwargs': {}}
2023-01-18:18:37:22,766 INFO     [psi4.driver.driver:617] Compute gradient(): method=scf, basis=cc-pvdz, molecule=default, nre=4052.182023431073
2023-01-18:18:38:29,615 INFO     [psi4.driver.driver:620] Return gradient(): -1958.9216776916815
2023-01-18:18:38:29,617 INFO     [psi4.driver.driver:621] [[ 0.00069475 -0.00012835 -0.0004328 ]
 [-0.00039677 -0.00075563  0.00167355]
 [ 0.00010899  0.0006084  -0.00111032]
 [-0.00011143  0.00175655 -0.00031231]
 [-0.00099653 -0.00026469 -0.00040069]
 [ 0.00009981 -0.00001333  0.00012123]
 [-0.00005014  0.00059999 -0.00112901]
 [ 0.00045106 -0.00022972  0.00007676]
 [-0.00169063  0.00090438  0.00173095]
 [ 0.00258623  0.00061173  0.00067102]
 [ 0.00109873  0.00009334  0.0000928 ]
 [ 0.00153828 -0.00199451  0.00057077]
 [ 0.00044342  0.00026319 -0.0000912 ]
 [-0.00009291 -0.00002465  0.00011137]
 [-0.00041123  0.00014361  0.00000781]
 [ 0.00018087  0.00206034  0.00041808]
 [-0.00157643 -0.00052779  0.00013669]
 [ 0.00095941  0.00004018 -0.00106232]
 [ 0.00042657 -0.00107533  0.00130928]
 [ 0.00092548 -0.00070059  0.00019541]
 [ 0.0012542  -0.00095503  0.00049528]
 [-0.00025446 -0.00099505 -0.00095757]
 [-0.00079742 -0.00069722 -0.00067744]
 [-0.00006348 -0.00045755 -0.00035615]
 [-0.00231372 -0.00352201 -0.00115307]
 [ 0.00157457  0.00078728 -0.00188971]
 [-0.00129026  0.00161485  0.00031383]
 [-0.00095617  0.00081753  0.00071386]
 [-0.00310348  0.00150016 -0.00104553]
 [ 0.0022595   0.00026289 -0.0017025 ]
 [-0.00430431 -0.00123667  0.00663808]
 [-0.00719329  0.00337262 -0.00266192]
 [ 0.00045184 -0.00226293 -0.00106739]
 [ 0.00793668 -0.00384423 -0.00192823]
 [ 0.00055437  0.00172062  0.0009809 ]
 [ 0.00458283 -0.00167126 -0.00226436]
 [-0.00224505  0.00051407  0.00186238]
 [ 0.00173073 -0.00107862 -0.0006896 ]
 [-0.00362993  0.00183042  0.00341577]
 [ 0.00001371 -0.00003267 -0.00006517]
 [-0.00008736  0.00003432  0.00065621]
 [ 0.00029097 -0.0001773  -0.00001929]
 [ 0.00026226  0.00003787  0.00023641]
 [-0.00038184  0.00024847  0.00013649]
 [-0.00074104  0.00407869  0.00360827]
 [ 0.00169259 -0.00116202 -0.00528975]
 [ 0.00021451 -0.0001338  -0.00040408]
 [-0.00009557  0.00027525  0.00049446]
 [ 0.00045109 -0.00023581  0.00004275]]
2023-01-18:18:38:29,954 INFO     [psi4.driver.task_planner:266] PLANNING Atomic:  keywords={'CART_HESS_READ': 0, 'GEOM_MAXITER': 500, 'SCF__GUESS': 'READ', 'OPTKING__INTRAFRAG_STEP_LIMIT': 1.0, 'SCF__INTS_TOLERANCE': 1e-12, 'MAXITER': 500, 'function_kwargs': {}}
2023-01-18:18:38:29,957 INFO     [psi4.driver.driver:617] Compute gradient(): method=scf, basis=cc-pvdz, molecule=default, nre=4049.189971245025
2023-01-18:18:39:41,376 INFO     [psi4.driver.driver:620] Return gradient(): -1958.9228260558148
2023-01-18:18:39:41,379 INFO     [psi4.driver.driver:621] [[ 0.00018169  0.00099404 -0.00038845]
 [-0.00046047 -0.00111184 -0.00067672]
 [ 0.00056434  0.0006061   0.00035932]
 [ 0.00053441 -0.00101372  0.00079626]
 [-0.00085751  0.00009552 -0.0004373 ]
 [-0.00005334 -0.00022297  0.00027461]
 [ 0.00026243 -0.00017325  0.00075734]
 [-0.00036208  0.00008705 -0.00020052]
 [-0.00051871 -0.00068916  0.00125065]
 [ 0.00001098  0.00018153  0.00002915]
 [-0.00147013 -0.00094137 -0.0010413 ]
 [ 0.00016568  0.00021125 -0.00028661]
 [ 0.00068116  0.00024732  0.0003466 ]
 [-0.00047418 -0.00011418 -0.00029112]
 [-0.00010455  0.00004186 -0.00021113]
 [-0.00007561  0.00157013 -0.00053985]
 [ 0.00047131  0.00010505  0.00067041]
 [-0.00023402  0.00149477  0.00129289]
 [-0.00050788 -0.00050513 -0.00037907]
 [ 0.00102712 -0.00032179 -0.00140356]
 [ 0.00005675  0.00059479 -0.00136839]
 [-0.00000192 -0.00081231  0.00170051]
 [-0.00081605 -0.0006377   0.00064819]
 [-0.00082032  0.00203753 -0.00026814]
 [ 0.00053274 -0.00032911 -0.00007662]
 [ 0.00124546 -0.00003277 -0.00076401]
 [ 0.00051668  0.00013783  0.00005408]
 [ 0.00137018 -0.00076844  0.00055197]
 [-0.00033224 -0.00039963  0.00042528]
 [-0.00146509 -0.00271868 -0.00011856]
 [ 0.00332524  0.00503526 -0.00404223]
 [-0.00255398 -0.00091925  0.00158907]
 [ 0.00238445 -0.00064806  0.00183011]
 [ 0.00280991  0.00177467  0.00045548]
 [-0.00288181  0.00029531 -0.0029217 ]
 [ 0.00029756 -0.00022879  0.00236459]
 [-0.00400542 -0.00115614 -0.00151077]
 [-0.00003534  0.00096083  0.00033991]
 [-0.00053011 -0.00013093 -0.00071245]
 [ 0.00033736  0.00002591  0.0002263 ]
 [-0.00014015  0.00019504  0.00018254]
 [ 0.00025141 -0.0001202   0.00013133]
 [ 0.00001798 -0.00013836 -0.00015587]
 [ 0.00005137  0.00002743 -0.00020009]
 [ 0.0016546  -0.00257157 -0.00092133]
 [ 0.00030256  0.0000902   0.00339973]
 [-0.00017509 -0.00004633  0.00012   ]
 [-0.00022432  0.00010284 -0.00031162]
 [ 0.00004695 -0.00016057 -0.00056892]]
2023-01-18:18:39:42,221 INFO     [psi4.driver.task_planner:266] PLANNING Atomic:  keywords={'CART_HESS_READ': 0, 'GEOM_MAXITER': 500, 'SCF__GUESS': 'READ', 'OPTKING__INTRAFRAG_STEP_LIMIT': 1.0, 'SCF__INTS_TOLERANCE': 1e-12, 'MAXITER': 500, 'function_kwargs': {}}
2023-01-18:18:39:42,225 INFO     [psi4.driver.driver:617] Compute gradient(): method=scf, basis=cc-pvdz, molecule=default, nre=4054.341455149989
2023-01-18:18:40:50,679 INFO     [psi4.driver.driver:620] Return gradient(): -1958.9231608769458
2023-01-18:18:40:50,680 INFO     [psi4.driver.driver:621] [[-0.00055481  0.00083216 -0.00094692]
 [-0.00015635 -0.00076981  0.00071964]
 [ 0.00092011  0.00176347 -0.00064942]
 [ 0.00120408 -0.00091748  0.00057573]
 [-0.00120237 -0.00066617  0.00029455]
 [-0.00046963 -0.00025779 -0.00008683]
 [-0.00029836  0.00165065 -0.00174534]
 [-0.00113279 -0.00143497  0.00087774]
 [ 0.00071105  0.00051574 -0.00041735]
 [ 0.00096098 -0.00027087  0.0007613 ]
 [ 0.00069049  0.00119558  0.00064275]
 [ 0.00152096  0.00050569 -0.0009287 ]
 [ 0.00019542  0.00090642 -0.00043158]
 [-0.00016613 -0.00075797  0.00053743]
 [ 0.00096536 -0.00017554  0.00104663]
 [ 0.00017556 -0.00226424  0.00016056]
 [ 0.00061787  0.00062583 -0.00153842]
 [ 0.00008811 -0.00096645  0.00097094]
 [ 0.0007648  -0.00128672  0.00083743]
 [-0.0007772   0.00027733  0.00018394]
 [-0.00027784  0.00027135  0.0013799 ]
 [-0.00094824 -0.00087722 -0.00030615]
 [ 0.00070072  0.00017965 -0.00055802]
 [ 0.00051781 -0.00094136 -0.00072812]
 [-0.00084515  0.00031323  0.00081474]
 [-0.00100748  0.00050884 -0.00001569]
 [-0.0011493   0.00248048  0.00095268]
 [-0.00128495  0.00163974 -0.00047046]
 [-0.00020927 -0.00030058 -0.00067229]
 [ 0.00047542 -0.00153546 -0.0012374 ]
 [ 0.00040298  0.00015419  0.00056839]
 [ 0.00094957 -0.00037822  0.00049462]
 [ 0.00134451 -0.0008259   0.00082646]
 [-0.003172   -0.00010073 -0.00043456]
 [-0.00009468  0.00054605  0.0007132 ]
 [-0.00370061  0.00076803  0.0003864 ]
 [ 0.001493   -0.00000939  0.00018358]
 [-0.00201407  0.00019094 -0.00153392]
 [ 0.00326049 -0.00056096  0.00033484]
 [-0.00117233  0.00031097  0.00054137]
 [-0.00001892 -0.00011863  0.00127835]
 [-0.00003904 -0.00037019 -0.00018597]
 [-0.00061842 -0.00017524 -0.00091219]
 [-0.00036328  0.00094646  0.0005146 ]
 [ 0.00098466 -0.00171939 -0.00082076]
 [ 0.00118829  0.00101112  0.00184336]
 [ 0.000203    0.00002595 -0.00015233]
 [ 0.00127107 -0.00042542 -0.00080948]
 [ 0.00006687  0.00048684 -0.00285919]]
2023-01-18:18:40:51,52 INFO     [psi4.driver.task_planner:266] PLANNING Atomic:  keywords={'CART_HESS_READ': 0, 'GEOM_MAXITER': 500, 'SCF__GUESS': 'READ', 'OPTKING__INTRAFRAG_STEP_LIMIT': 0.25, 'SCF__INTS_TOLERANCE': 1e-12, 'MAXITER': 500, 'function_kwargs': {}}
2023-01-18:18:40:51,55 INFO     [psi4.driver.driver:617] Compute gradient(): method=scf, basis=cc-pvdz, molecule=default, nre=4047.515259643215
2023-01-18:18:41:55,215 INFO     [psi4.driver.driver:620] Return gradient(): -1958.9234272068365
2023-01-18:18:41:55,217 INFO     [psi4.driver.driver:621] [[-0.00020346  0.00036133 -0.00079529]
 [-0.00027839 -0.00031776  0.00076417]
 [-0.00008254  0.00008473 -0.00026954]
 [ 0.00067465  0.00026409  0.00059242]
 [ 0.00032075 -0.00029597  0.00021644]
 [-0.00025205 -0.00008608 -0.00016679]
 [-0.00023894  0.0008886  -0.00128328]
 [-0.00031143 -0.00064922  0.00025674]
 [-0.0002996  -0.0002296  -0.00056354]
 [-0.00000714 -0.00008389  0.00027727]
 [-0.00055134 -0.00093871  0.00024152]
 [-0.00015443  0.00090537  0.00062081]
 [-0.00004694  0.00016703 -0.00037519]
 [-0.00003421 -0.00028548  0.00031007]
 [ 0.0005035  -0.00025818  0.00033251]
 [-0.00049579  0.00028845 -0.00058058]
 [ 0.00086376 -0.00022811 -0.00047137]
 [-0.00059221 -0.0004692  -0.00063896]
 [-0.00033383  0.000523    0.00024462]
 [ 0.00039927  0.00090223 -0.00051441]
 [-0.00078061 -0.00016428  0.00042095]
 [-0.0002069   0.00049638  0.00032845]
 [-0.00003552  0.00101094 -0.00013329]
 [-0.00013982 -0.00076826  0.00090145]
 [ 0.00054109  0.00112023 -0.00021373]
 [ 0.00079063 -0.00119247  0.00031138]
 [-0.00070493  0.00031441  0.00077083]
 [ 0.00010083 -0.00056217  0.00018801]
 [ 0.00100698  0.00016814  0.00002381]
 [ 0.00036699  0.00029081 -0.0007819 ]
 [-0.00131252 -0.00182651  0.00195077]
 [ 0.00117338  0.00028511 -0.00025434]
 [ 0.00135199  0.00070837 -0.00204955]
 [-0.00296655 -0.00131052 -0.00023117]
 [ 0.00224841  0.000297    0.0016348 ]
 [-0.00266647  0.00061397  0.00010938]
 [ 0.00221148  0.000136    0.00000588]
 [-0.00127032  0.00008188 -0.00064737]
 [ 0.00173334 -0.00030346 -0.00012462]
 [-0.00051876  0.00003768  0.00020394]
 [ 0.00019417 -0.00012815  0.00049175]
 [-0.00001663 -0.00014336 -0.00009934]
 [-0.00031039 -0.00023847 -0.00004439]
 [-0.00001999  0.00009832  0.00015775]
 [-0.00080872 -0.00004577  0.00094903]
 [ 0.00082654  0.00053165 -0.00064725]
 [-0.00005667  0.00001906 -0.00000789]
 [ 0.00057424 -0.00006187 -0.00024399]
 [-0.00018486 -0.00000728 -0.00116698]]
2023-01-18:18:41:55,667 INFO     [psi4.driver.task_planner:266] PLANNING Atomic:  keywords={'CART_HESS_READ': 0, 'GEOM_MAXITER': 500, 'SCF__GUESS': 'READ', 'OPTKING__INTRAFRAG_STEP_LIMIT': 0.25, 'SCF__INTS_TOLERANCE': 1e-12, 'MAXITER': 500, 'function_kwargs': {}}
2023-01-18:18:41:55,670 INFO     [psi4.driver.driver:617] Compute gradient(): method=scf, basis=cc-pvdz, molecule=default, nre=4049.877226915392
2023-01-18:18:42:58,929 INFO     [psi4.driver.driver:620] Return gradient(): -1958.923497962472
2023-01-18:18:42:58,930 INFO     [psi4.driver.driver:621] [[-0.00003587  0.00025967 -0.00016943]
 [ 0.00004025 -0.00029379 -0.00041277]
 [-0.00026269 -0.00028989  0.00028412]
 [-0.00002811  0.00000378  0.00039048]
 [ 0.00029219  0.00026397 -0.00019051]
 [ 0.00012165  0.00003926  0.00005914]
 [ 0.00001148 -0.00039833  0.0006417 ]
 [ 0.00042163  0.000683   -0.00047929]
 [-0.00018441 -0.00030449  0.00004312]
 [ 0.00000723  0.00014601 -0.00015995]
 [ 0.00012985 -0.00000177 -0.00014839]
 [-0.0004024  -0.00029926  0.00009482]
 [-0.00017208 -0.00038228  0.00014195]
 [ 0.00006688  0.00028135 -0.00016292]
 [-0.00024272  0.00013234 -0.00024017]
 [-0.00006326 -0.00041034  0.00015193]
 [ 0.00010357 -0.0001339   0.00018635]
 [-0.00000259 -0.00014935 -0.00021443]
 [-0.00009513  0.00006505 -0.00014471]
 [ 0.00017895  0.00045779 -0.00041632]
 [-0.00007004 -0.00010556 -0.00002077]
 [ 0.00016559  0.00021596  0.00039464]
 [-0.0002069   0.00047297  0.00025833]
 [ 0.0001346  -0.00009416  0.00016737]
 [-0.000141   -0.0004357  -0.00009358]
 [ 0.00065782 -0.00029513 -0.00050996]
 [ 0.00025944  0.00074893 -0.00062269]
 [-0.00028319  0.00026087  0.00010533]
 [ 0.00019486 -0.00001677  0.00053339]
 [-0.00008798 -0.00001838  0.00009774]
 [ 0.00041481  0.00055435 -0.00064235]
 [-0.00022912  0.00054994 -0.00011551]
 [-0.00175956 -0.00234727  0.0017569 ]
 [ 0.00036439  0.00108384 -0.00037322]
 [ 0.00080416 -0.00011292  0.00006495]
 [ 0.00011403 -0.00007936 -0.000596  ]
 [ 0.00038737 -0.00070494  0.001028  ]
 [-0.00020934  0.00000772  0.00023943]
 [-0.00023645  0.00004804 -0.00002448]
 [ 0.00019768 -0.0000804  -0.00041969]
 [ 0.00023629  0.00000002 -0.00049347]
 [-0.00002385  0.00019392 -0.0000086 ]
 [ 0.00027694  0.00015263  0.00017322]
 [-0.00012509 -0.00014997 -0.00007227]
 [ 0.00015687  0.00124425 -0.00045761]
 [-0.0005618  -0.0007613  -0.00059511]
 [-0.00006946  0.00000561 -0.00004803]
 [-0.00001295  0.00007182  0.00036962]
 [-0.00023254 -0.00007785  0.00064971]]
2023-01-18:18:42:59,308 INFO     [psi4.driver.task_planner:266] PLANNING Atomic:  keywords={'CART_HESS_READ': 0, 'GEOM_MAXITER': 500, 'SCF__GUESS': 'READ', 'OPTKING__INTRAFRAG_STEP_LIMIT': 0.25, 'SCF__INTS_TOLERANCE': 1e-12, 'MAXITER': 500, 'function_kwargs': {}}
2023-01-18:18:42:59,311 INFO     [psi4.driver.driver:617] Compute gradient(): method=scf, basis=cc-pvdz, molecule=default, nre=4050.819201419917
2023-01-18:18:44:01,496 INFO     [psi4.driver.driver:620] Return gradient(): -1958.9235564431212
2023-01-18:18:44:01,497 INFO     [psi4.driver.driver:621] [[ 0.00020796  0.0000264  -0.00010118]
 [-0.00039829  0.00035101 -0.00004594]
 [ 0.00011735 -0.00029487  0.00013197]
 [-0.00024634 -0.00023505  0.00032642]
 [-0.00000498  0.00020925 -0.00021942]
 [ 0.00017806  0.00000796  0.00009077]
 [ 0.00028096 -0.00067499  0.00064945]
 [ 0.00029533  0.00055474 -0.00039669]
 [ 0.00002517 -0.00023388  0.00016696]
 [-0.00010756  0.00007076 -0.00019052]
 [ 0.0000224   0.00031327 -0.00011364]
 [-0.00007193 -0.00052269 -0.00027682]
 [-0.00006287 -0.00018992  0.0002266 ]
 [ 0.00002979  0.00021758 -0.00021704]
 [-0.0003319   0.00017009 -0.00025028]
 [ 0.00004605 -0.00042521  0.00014089]
 [-0.00011058  0.00021572  0.0003918 ]
 [ 0.00017988  0.00022466  0.00023707]
 [-0.00002621 -0.00021664 -0.00034947]
 [ 0.00006946  0.00001502 -0.00035641]
 [ 0.00019672  0.00022374 -0.00030194]
 [ 0.00014895 -0.00014384  0.00053513]
 [-0.00015498 -0.0000267   0.00035792]
 [-0.00005397  0.00035787 -0.00032404]
 [-0.00007436 -0.00038923 -0.00003353]
 [ 0.00005348 -0.00023582  0.00003434]
 [-0.0003498  -0.00037103  0.00035636]
 [-0.00000172  0.0002      0.00000175]
 [-0.00000641  0.00000357  0.0001267 ]
 [-0.00005604  0.00008732 -0.00016193]
 [ 0.00012134 -0.00006838 -0.00004497]
 [-0.00035277 -0.00034977  0.00070004]
 [ 0.00094601  0.00114314 -0.0012315 ]
 [ 0.00050501  0.0006225  -0.00025437]
 [-0.00067842  0.00011322 -0.000734  ]
 [ 0.00073262 -0.00009206 -0.00028617]
 [-0.00116943 -0.00026388  0.00030733]
 [ 0.00020031  0.00005008  0.00043189]
 [-0.00039314  0.00001854 -0.00002905]
 [ 0.00028634 -0.00001202 -0.00025379]
 [ 0.00006292  0.00005762 -0.00041951]
 [-0.00004559  0.00012755  0.0000468 ]
 [ 0.00026846  0.00010213  0.00013535]
 [ 0.0000123  -0.00007477 -0.00017483]
 [-0.00004571 -0.00092331  0.00035431]
 [-0.00001798  0.00028309  0.00020938]
 [-0.00001693 -0.00000377 -0.0000195 ]
 [-0.00015871  0.00001365  0.00021095]
 [-0.00005023 -0.00003266  0.00061639]]
2023-01-18:18:44:01,762 INFO     [psi4.driver.task_planner:266] PLANNING Atomic:  keywords={'CART_HESS_READ': 0, 'GEOM_MAXITER': 500, 'SCF__GUESS': 'READ', 'OPTKING__INTRAFRAG_STEP_LIMIT': 0.25, 'SCF__INTS_TOLERANCE': 1e-12, 'MAXITER': 500, 'function_kwargs': {}}
2023-01-18:18:44:01,766 INFO     [psi4.driver.driver:617] Compute gradient(): method=scf, basis=cc-pvdz, molecule=default, nre=4050.530574578987
2023-01-18:18:45:04,999 INFO     [psi4.driver.driver:620] Return gradient(): -1958.9235679666149
2023-01-18:18:45:05,0 INFO     [psi4.driver.driver:621] [[ 0.00003088  0.00015564  0.00025123]
 [ 0.00009001 -0.00020777 -0.00023323]
 [-0.00001339  0.00000917  0.0000967 ]
 [ 0.00010959 -0.00036025 -0.00030477]
 [-0.00014951  0.00007183  0.00004924]
 [ 0.00002571  0.00002037  0.00004166]
 [ 0.00002235  0.00006664  0.00012801]
 [-0.00011678  0.00003478  0.00013588]
 [ 0.00003405 -0.00009954 -0.00008235]
 [-0.00015694 -0.00004727 -0.00003919]
 [-0.00011195 -0.00000912  0.00007063]
 [ 0.00001154  0.0001024  -0.00002268]
 [ 0.00003917  0.00007181  0.00000622]
 [ 0.00000456 -0.00000761 -0.00002671]
 [-0.00007314 -0.00002098 -0.00006692]
 [ 0.00006258  0.000114    0.00004164]
 [-0.00007215  0.00010686  0.00020928]
 [ 0.00006696  0.00015389  0.00003193]
 [ 0.00001205 -0.00003424 -0.00018819]
 [ 0.00007511 -0.00013461 -0.00009029]
 [ 0.00009043  0.00012096 -0.00016358]
 [-0.00000119 -0.00003666  0.00027095]
 [-0.0000552  -0.00017002  0.00008906]
 [-0.0000334   0.00017909 -0.00008919]
 [ 0.00000661  0.00004774 -0.00016436]
 [-0.00001127  0.00011401  0.00017631]
 [ 0.00037619  0.0001303  -0.00026138]
 [ 0.00020763 -0.0001696  -0.00004547]
 [-0.0000452  -0.00010587 -0.00005856]
 [ 0.00003229  0.00013882 -0.00016993]
 [-0.00023423 -0.0004352   0.0004369 ]
 [ 0.00072733  0.0003483  -0.00015084]
 [-0.00066102 -0.00081389  0.00079766]
 [-0.00012516 -0.00029927 -0.00024009]
 [-0.00103866  0.00037225 -0.00038531]
 [ 0.00033925 -0.00002521  0.00018028]
 [-0.00102208  0.00033179 -0.00065054]
 [ 0.00041914 -0.00001017  0.00006732]
 [-0.00018354 -0.0000022  -0.00003237]
 [ 0.0001194   0.00002868  0.00010565]
 [-0.00012205  0.00002193  0.000024  ]
 [-0.00003213  0.00000181 -0.00000926]
 [ 0.00003463 -0.00005036  0.00001713]
 [ 0.00004165  0.00000122 -0.0000129 ]
 [ 0.0008956  -0.00036711 -0.00032357]
 [ 0.00042845  0.0006869   0.00050867]
 [-0.00000687 -0.00000232  0.00004171]
 [-0.00016323  0.00000518 -0.00009252]
 [ 0.00012594 -0.00002708  0.00012614]]
2023-01-18:18:45:05,567 INFO     [psi4.driver.task_planner:266] PLANNING Atomic:  keywords={'CART_HESS_READ': 0, 'GEOM_MAXITER': 500, 'SCF__GUESS': 'READ', 'OPTKING__INTRAFRAG_STEP_LIMIT': 0.0625, 'SCF__INTS_TOLERANCE': 1e-12, 'MAXITER': 500, 'function_kwargs': {}}
2023-01-18:18:45:05,570 INFO     [psi4.driver.driver:617] Compute gradient(): method=scf, basis=cc-pvdz, molecule=default, nre=4050.0881146730067
2023-01-18:18:46:08,592 INFO     [psi4.driver.driver:620] Return gradient(): -1958.923578183233
2023-01-18:18:46:08,594 INFO     [psi4.driver.driver:621] [[-0.00003279 -0.00001134  0.00005796]
 [ 0.00014551 -0.00019484  0.00009507]
 [ 0.0000294   0.00018704 -0.00007828]
 [ 0.00000193  0.00012425 -0.0000984 ]
 [-0.00007026 -0.0001927   0.00005294]
 [-0.00008203 -0.00001928 -0.00004495]
 [-0.00010612  0.00041734 -0.0003988 ]
 [-0.00019544 -0.0004164   0.00023313]
 [ 0.00002629  0.00000793 -0.00031901]
 [ 0.0000288  -0.0000695   0.00011361]
 [-0.00002897 -0.00008725  0.00017014]
 [ 0.00008482  0.00045554  0.00014275]
 [ 0.00004984  0.00016004 -0.00014745]
 [ 0.00000058 -0.00014305  0.0001307 ]
 [ 0.00017651 -0.00012174  0.0001326 ]
 [ 0.00009087  0.00022449 -0.0000084 ]
 [ 0.00002424  0.00003783 -0.00021038]
 [-0.00004411 -0.00020706 -0.00013097]
 [ 0.00007966  0.00007342  0.00013051]
 [-0.00002571 -0.00007137  0.0001735 ]
 [-0.00005567  0.00003053  0.00022   ]
 [-0.00011018  0.00009578 -0.0000899 ]
 [ 0.00006778 -0.00010338 -0.00022306]
 [ 0.00006515 -0.00024796  0.00013924]
 [-0.00016272  0.00009418 -0.00007245]
 [-0.00004583  0.00022032  0.00010763]
 [-0.00003956  0.00006587  0.00014528]
 [ 0.00008224  0.00002866 -0.00011745]
 [-0.00000046 -0.00005983 -0.00005491]
 [-0.00025372 -0.00045171  0.00023633]
 [ 0.00075274  0.00100574 -0.00092134]
 [-0.00018576 -0.00029982  0.00006392]
 [-0.00000859  0.00006589 -0.000229  ]
 [-0.00039016 -0.00063503  0.00015359]
 [ 0.00005905  0.00025498  0.0003688 ]
 [-0.00027171  0.00002738  0.00020898]
 [ 0.00031544  0.00020946 -0.00032415]
 [ 0.00015673 -0.00006953 -0.00025406]
 [ 0.00015763  0.00000916 -0.00000502]
 [-0.00013553  0.00000725  0.00020301]
 [-0.00009631 -0.00003027  0.00029251]
 [-0.00001153 -0.00008077 -0.0000338 ]
 [-0.00014811 -0.00007593 -0.0001043 ]
 [-0.00001045  0.00006726  0.00010774]
 [ 0.00005644  0.00002439  0.00024052]
 [-0.00013435 -0.00030908  0.00043561]
 [ 0.00003386 -0.00000342  0.00002235]
 [ 0.00005812 -0.0000125  -0.00018434]
 [ 0.00010245  0.000019   -0.000328  ]]
2023-01-18:18:46:09,408 INFO     [psi4.driver.task_planner:266] PLANNING Atomic:  keywords={'CART_HESS_READ': 0, 'GEOM_MAXITER': 500, 'SCF__GUESS': 'READ', 'OPTKING__INTRAFRAG_STEP_LIMIT': 0.0625, 'SCF__INTS_TOLERANCE': 1e-12, 'MAXITER': 500, 'function_kwargs': {}}
2023-01-18:18:46:09,411 INFO     [psi4.driver.driver:617] Compute gradient(): method=scf, basis=cc-pvdz, molecule=default, nre=4049.979661859308
2023-01-18:18:47:11,788 INFO     [psi4.driver.driver:620] Return gradient(): -1958.923590146907
2023-01-18:18:47:11,789 INFO     [psi4.driver.driver:621] [[-0.00001082 -0.00012761 -0.00008129]
 [-0.00001666  0.0001292   0.00019663]
 [ 0.0000238   0.00000384 -0.0000714 ]
 [-0.00010407  0.00023832  0.00008533]
 [ 0.0000802  -0.0001257   0.00001285]
 [-0.0000411  -0.00001436 -0.00005224]
 [-0.00004254  0.00010886 -0.00024831]
 [-0.00001572 -0.00018863  0.00002713]
 [-0.00006287 -0.00004071 -0.00019406]
 [ 0.00003564  0.00000395  0.0000569 ]
 [-0.00002318 -0.00005945  0.00005987]
 [ 0.00005544  0.00014288 -0.00001075]
 [-0.00002517  0.00002719 -0.00005472]
 [ 0.00001721 -0.00005957  0.00007335]
 [ 0.00008265 -0.0000388   0.00010061]
 [ 0.00003764  0.00008345 -0.00002191]
 [ 0.00002747  0.00002381 -0.00011411]
 [-0.00005208 -0.00011532 -0.00004718]
 [-0.00001634  0.00008973  0.00008121]
 [-0.0000039  -0.00000312  0.00005025]
 [-0.00004631  0.00004025  0.00010957]
 [ 0.00000725  0.00011044 -0.00001714]
 [ 0.00002467 -0.00002271 -0.00010877]
 [-0.00003769 -0.00013044  0.00011139]
 [-0.00011081 -0.00003651  0.00008821]
 [ 0.00004402  0.00007461  0.00005551]
 [ 0.00003396  0.00004763  0.00002657]
 [ 0.00002385  0.00000218 -0.00001298]
 [ 0.00007651  0.0000204  -0.00005276]
 [ 0.00002723 -0.00004114 -0.00007051]
 [-0.00005079 -0.00003562  0.0001652 ]
 [-0.00000958 -0.00011886 -0.00003243]
 [ 0.00001869 -0.0000741   0.00002897]
 [-0.00020546  0.00042813  0.00006817]
 [-0.00000902  0.00006001  0.00008112]
 [-0.00024849 -0.00001638 -0.00003589]
 [ 0.00030839 -0.00020308 -0.00000229]
 [-0.00013768 -0.00000106 -0.00018259]
 [ 0.00024179 -0.00001818  0.00008258]
 [-0.00006446 -0.00002041  0.00004619]
 [-0.00000845 -0.00000724  0.00011793]
 [-0.00000335 -0.00003253 -0.00001279]
 [-0.00006742 -0.00000613 -0.00006716]
 [ 0.00003475 -0.00000444  0.00002317]
 [ 0.00005695 -0.00009438  0.00001159]
 [ 0.00006635 -0.00001016 -0.00005152]
 [ 0.00001827 -0.00000712  0.00000836]
 [ 0.0000646   0.0000129  -0.00005345]
 [ 0.00000666  0.00000596 -0.0001724 ]]
2023-01-18:18:47:12,253 INFO     [psi4.driver.task_planner:266] PLANNING Atomic:  keywords={'CART_HESS_READ': 0, 'GEOM_MAXITER': 500, 'SCF__GUESS': 'READ', 'OPTKING__INTRAFRAG_STEP_LIMIT': 0.1875, 'SCF__INTS_TOLERANCE': 1e-12, 'MAXITER': 500, 'function_kwargs': {}}
2023-01-18:18:47:12,256 INFO     [psi4.driver.driver:617] Compute gradient(): method=scf, basis=cc-pvdz, molecule=default, nre=4050.234995301511
2023-01-18:18:48:14,380 INFO     [psi4.driver.driver:620] Return gradient(): -1958.9235921923614
2023-01-18:18:48:14,382 INFO     [psi4.driver.driver:621] [[-0.0001579   0.00008054  0.00015168]
 [ 0.00021311 -0.00011843 -0.00028491]
 [-0.00007906 -0.00001696  0.00013125]
 [ 0.00017428 -0.0002328  -0.00027135]
 [ 0.00000122  0.00012834  0.00008252]
 [-0.00000221  0.00002553  0.00001369]
 [-0.00006438 -0.00006106  0.00020149]
 [-0.00000396  0.00021408  0.00001539]
 [-0.00004406 -0.00008553 -0.00000864]
 [-0.00000483  0.00006369 -0.00003346]
 [-0.00003655 -0.0000444  -0.00006663]
 [-0.00008636 -0.0000215  -0.00009584]
 [-0.00003983 -0.00008476  0.00004339]
 [ 0.00001151  0.00004266 -0.00002544]
 [-0.00004704  0.00002892 -0.00002938]
 [ 0.00007225  0.00000212  0.00014994]
 [-0.00001945  0.00001981  0.00003455]
 [ 0.00001591  0.00003555  0.00005117]
 [-0.00001375 -0.00001738  0.00000404]
 [-0.0000616  -0.00001811  0.00003932]
 [ 0.00003955  0.00000786 -0.00002854]
 [ 0.00007132  0.00004646 -0.00002098]
 [ 0.00002237 -0.00006799  0.00000629]
 [ 0.00011301  0.00004873 -0.00002485]
 [ 0.00006272  0.00001276 -0.00009412]
 [-0.00015719  0.00000303 -0.00000597]
 [-0.00008403 -0.00005045  0.0000448 ]
 [-0.0000084  -0.00005561  0.00006771]
 [ 0.00002979  0.00002253  0.00001953]
 [ 0.00006754  0.00006788 -0.00004606]
 [-0.00002813 -0.00015794  0.0002129 ]
 [-0.00005857  0.00002572 -0.00006259]
 [ 0.00017987  0.00017944 -0.00015388]
 [ 0.0000044  -0.00001909 -0.00002661]
 [ 0.00008903  0.00005446 -0.00009786]
 [ 0.00002334  0.00003505 -0.00013529]
 [-0.00003087 -0.00011766  0.00021508]
 [-0.0001542   0.00006613  0.00008209]
 [ 0.00005256 -0.00004222  0.00003464]
 [ 0.00004603 -0.00000649 -0.00008556]
 [ 0.00004883  0.00000442 -0.00008489]
 [ 0.00000849  0.0000286   0.00000846]
 [ 0.00005249  0.00002841  0.00002613]
 [-0.00003279  0.00000224 -0.00000371]
 [-0.0001306  -0.00009532  0.00004282]
 [-0.00000635  0.00004453 -0.00010797]
 [-0.00000261 -0.00000181 -0.00001362]
 [ 0.00000999  0.00000192  0.00006775]
 [-0.00005487 -0.00000587  0.00006153]]
2023-01-18:18:48:14,771 INFO     [psi4.driver.task_planner:266] PLANNING Atomic:  keywords={'CART_HESS_READ': 0, 'GEOM_MAXITER': 500, 'SCF__GUESS': 'READ', 'OPTKING__INTRAFRAG_STEP_LIMIT': 0.1875, 'SCF__INTS_TOLERANCE': 1e-12, 'MAXITER': 500, 'function_kwargs': {}}
2023-01-18:18:48:14,774 INFO     [psi4.driver.driver:617] Compute gradient(): method=scf, basis=cc-pvdz, molecule=default, nre=4050.3639152584706
2023-01-18:18:49:16,993 INFO     [psi4.driver.driver:620] Return gradient(): -1958.923594469783
2023-01-18:18:49:16,994 INFO     [psi4.driver.driver:621] [[ 0.00011767 -0.00016337 -0.00008893]
 [-0.00017173  0.00032795  0.00012458]
 [ 0.00006259 -0.00015054 -0.00001226]
 [-0.00023703  0.00017613  0.00024949]
 [ 0.00006708 -0.00001372 -0.00011125]
 [ 0.0000514  -0.00000653  0.00000107]
 [ 0.00010148 -0.00025443  0.00011569]
 [ 0.0001348   0.00006596 -0.0001664 ]
 [ 0.00002569 -0.00003448  0.00005417]
 [-0.0000204   0.00001155 -0.00006466]
 [-0.00003366  0.00007704 -0.0000147 ]
 [-0.00002495 -0.00009754 -0.00006731]
 [-0.00000584 -0.00005397  0.00004839]
 [ 0.00000261  0.00005636 -0.00005479]
 [-0.00005987  0.0000383  -0.00006388]
 [-0.00000166 -0.00006204  0.00003107]
 [-0.00003768  0.00000933  0.00007249]
 [ 0.00003478  0.00008727  0.00005902]
 [-0.0000532  -0.00002354 -0.00003145]
 [-0.00004069 -0.00002349  0.00002178]
 [ 0.00003947 -0.00000409 -0.00007943]
 [ 0.00006951 -0.00002823  0.00003037]
 [ 0.00004872 -0.00004507  0.0000157 ]
 [-0.00002474  0.0000987  -0.00009146]
 [ 0.00002036 -0.00003696  0.00000879]
 [-0.0000486   0.00001413 -0.00002195]
 [-0.00001959 -0.00003867 -0.00005101]
 [ 0.0000304  -0.00000305 -0.0000042 ]
 [-0.00004926 -0.00000785  0.00005057]
 [ 0.00001472  0.00005843  0.0000487 ]
 [ 0.00011669  0.00001532  0.0000039 ]
 [ 0.00001667  0.00009136 -0.00005987]
 [ 0.00000174 -0.0000091   0.00006182]
 [ 0.00003657 -0.00034862 -0.00006681]
 [-0.00005389  0.00010654 -0.00014506]
 [ 0.00015565  0.00004141 -0.00006062]
 [-0.0002657   0.00011368  0.00006769]
 [-0.00002116  0.00001147  0.00012961]
 [-0.00007627 -0.0000185   0.00000197]
 [ 0.0000675   0.0000144  -0.00006977]
 [ 0.00002237  0.00000409 -0.00011213]
 [ 0.00000582  0.00003367  0.00001503]
 [ 0.00004544  0.00002408  0.00005176]
 [ 0.00000526 -0.00003934 -0.00003222]
 [ 0.00002344 -0.00007223 -0.00004325]
 [-0.00000339  0.00007607  0.00008197]
 [-0.00001226  0.00000685 -0.00001848]
 [-0.00002782 -0.00001075  0.00006072]
 [-0.00002903 -0.00001396  0.00012554]]
2023-01-18:18:49:17,400 INFO     [psi4.driver.task_planner:266] PLANNING Atomic:  keywords={'CART_HESS_READ': 0, 'GEOM_MAXITER': 500, 'SCF__GUESS': 'READ', 'OPTKING__INTRAFRAG_STEP_LIMIT': 0.046875, 'SCF__INTS_TOLERANCE': 1e-12, 'MAXITER': 500, 'function_kwargs': {}}
2023-01-18:18:49:17,403 INFO     [psi4.driver.driver:617] Compute gradient(): method=scf, basis=cc-pvdz, molecule=default, nre=4050.2931880061556
2023-01-18:18:50:18,461 INFO     [psi4.driver.driver:620] Return gradient(): -1958.9235966710892
2023-01-18:18:50:18,463 INFO     [psi4.driver.driver:621] [[ 0.00003156  0.00000491  0.00007384]
 [ 0.00001933  0.00002561 -0.00010776]
 [-0.00000083 -0.00000725  0.00002741]
 [-0.00001305 -0.00008045 -0.0000324 ]
 [-0.00004737  0.00003095 -0.00001495]
 [ 0.00002641  0.00000782  0.00002071]
 [ 0.00002371 -0.00004777  0.0000953 ]
 [ 0.00000415  0.00003608  0.00000366]
 [ 0.00006454  0.0000175   0.00001663]
 [-0.00001172 -0.00002342 -0.00001605]
 [-0.00000471  0.00004888  0.00002334]
 [ 0.00001096 -0.00000508  0.00002458]
 [ 0.00001831  0.00000993  0.00000851]
 [-0.00000607  0.0000193  -0.00002594]
 [-0.00001426  0.00000553 -0.00004177]
 [-0.00002487 -0.00002682 -0.00006871]
 [-0.00000343 -0.00003043  0.0000115 ]
 [ 0.00002123  0.00004036  0.00001882]
 [-0.00006448  0.00001136 -0.00000249]
 [-0.00001523 -0.00001837  0.00004767]
 [-0.00001702 -0.00002931 -0.00002901]
 [ 0.00004642 -0.00002517  0.00000347]
 [ 0.00004703 -0.00001879 -0.00003772]
 [-0.00009095  0.00005406 -0.00004403]
 [-0.00004647 -0.0000562   0.00008031]
 [ 0.00005397  0.00003039  0.00000876]
 [ 0.00000728 -0.0000554  -0.00004519]
 [ 0.00005944  0.00002287 -0.00006333]
 [-0.00007178  0.000001    0.00000451]
 [-0.00003412  0.00002692  0.0000406 ]
 [ 0.00006455  0.00009445 -0.00005802]
 [-0.00001038 -0.00002932  0.00003735]
 [ 0.0000002   0.00000689  0.00006037]
 [ 0.00005002 -0.00004785  0.00003018]
 [-0.00014455  0.00005068 -0.00009179]
 [ 0.00010192 -0.00002025  0.00006306]
 [-0.00014675  0.00009149 -0.00011458]
 [ 0.00007068 -0.00004805  0.00002266]
 [-0.00010534  0.00002889 -0.00002198]
 [ 0.00002187  0.00000844  0.00001136]
 [-0.00002112  0.00000449 -0.00003213]
 [-0.00000314  0.00000526  0.00000898]
 [-0.0000034   0.00000265  0.00002496]
 [ 0.00003769 -0.00004052 -0.00002781]
 [ 0.00010079 -0.00010335 -0.00003091]
 [ 0.00003554  0.00003433  0.00010188]
 [-0.00001558  0.00000829 -0.00000995]
 [-0.00001861 -0.00000431 -0.00000573]
 [ 0.00001763 -0.00001119  0.00005183]]
2023-01-18:18:50:18,829 INFO     [psi4.driver.task_planner:266] PLANNING Atomic:  keywords={'CART_HESS_READ': 0, 'GEOM_MAXITER': 500, 'SCF__GUESS': 'READ', 'OPTKING__INTRAFRAG_STEP_LIMIT': 0.046875, 'SCF__INTS_TOLERANCE': 1e-12, 'MAXITER': 500, 'function_kwargs': {}}
2023-01-18:18:50:18,833 INFO     [psi4.driver.driver:617] Compute gradient(): method=scf, basis=cc-pvdz, molecule=default, nre=4050.147364923764
2023-01-18:18:51:20,114 INFO     [psi4.driver.driver:620] Return gradient(): -1958.923597018517
2023-01-18:18:51:20,116 INFO     [psi4.driver.driver:621] [[ 0.00002529 -0.00003648 -0.00003361]
 [-0.00004614  0.00003643  0.00009661]
 [-0.00001442 -0.00001855 -0.00003917]
 [-0.00002063  0.00007888  0.00003691]
 [ 0.00000701 -0.00001942 -0.0000191 ]
 [-0.00000639 -0.0000054  -0.00000927]
 [ 0.00000543  0.00004747 -0.00009755]
 [-0.00001802 -0.00009028  0.00002505]
 [ 0.00001847 -0.00000355 -0.00005092]
 [ 0.00001516 -0.00000901  0.00002691]
 [-0.00001629 -0.00010372 -0.00000044]
 [-0.00004106  0.00011529  0.00004292]
 [-0.0000006   0.00001682 -0.00001793]
 [-0.00000682 -0.00002283  0.0000167 ]
 [ 0.00001273 -0.00001626  0.00000908]
 [ 0.0000291   0.00008868  0.00007014]
 [ 0.00004284 -0.00003463 -0.00002234]
 [-0.00000819 -0.00001099 -0.00001767]
 [ 0.00001406  0.0000104   0.00003834]
 [-0.00003926 -0.00002206  0.00007427]
 [-0.00004137 -0.00004514  0.00003359]
 [ 0.00001096  0.0000411  -0.00009628]
 [ 0.00001657 -0.00002772 -0.00004581]
 [ 0.00009852 -0.00001112  0.00003269]
 [ 0.00004763  0.00010241 -0.00009726]
 [-0.00007056  0.00002116  0.00004094]
 [ 0.00001738  0.0000002  -0.00000063]
 [ 0.00001476 -0.00009082  0.00001448]
 [-0.00001551  0.00000262 -0.00004541]
 [-0.00001779 -0.00001818 -0.00002354]
 [-0.00002556  0.00002835  0.00002402]
 [ 0.00000605 -0.00004141  0.00003556]
 [ 0.00000014 -0.00002714  0.00001898]
 [-0.00001926  0.00018706  0.00005392]
 [-0.00006069 -0.00001413  0.00001106]
 [-0.00004819 -0.0000357   0.0000808 ]
 [ 0.00004354 -0.00008539 -0.00013279]
 [ 0.00003536  0.00002122 -0.00005563]
 [-0.0000104   0.00001211 -0.00001852]
 [-0.00002081 -0.00000744  0.00004487]
 [-0.00002121  0.00000359  0.00004537]
 [-0.00000036 -0.00001359 -0.00000888]
 [-0.00000525 -0.00001478 -0.00001325]
 [-0.0000194   0.00003331  0.00002834]
 [ 0.00006235 -0.00002522  0.00000911]
 [ 0.00004123 -0.00000615  0.00000905]
 [-0.00000153 -0.00000362  0.00000665]
 [ 0.00000834  0.00000746 -0.00003743]
 [ 0.00002281  0.00000615 -0.00004294]]
2023-01-18:18:51:22,151 INFO     [psi4.driver.task_planner:266] PLANNING Atomic:  keywords={'GEOM_MAXITER': 500, 'SCF__INTS_TOLERANCE': 1e-12, 'MAXITER': 500, 'function_kwargs': {}}
2023-01-18:18:51:22,157 INFO     [psi4.driver.driver:774] Compute properties(): method=scf, basis=6-31g*, molecule=optimized, nre=4050.1473649238314
2023-01-18:18:53:00,75 INFO     [psi4.driver.driver:777] Return properties(): -1958.7905803476328
2023-01-18:18:53:03,551 INFO     [psi4.driver.task_planner:266] PLANNING Atomic:  keywords={'GEOM_MAXITER': 500, 'SCF__INTS_TOLERANCE': 1e-12, 'MAXITER': 500, 'function_kwargs': {}}
2023-01-18:18:53:03,558 INFO     [psi4.driver.driver:774] Compute properties(): method=scf, basis=6-31g*, molecule=optimized, nre=4050.1473649238314
2023-01-18:18:54:40,294 INFO     [psi4.driver.driver:777] Return properties(): -1958.7905803522858
