Electrostatic potential parameters
    van der Waals radii (Angstrom):
                                      N   1.500
                                      C   1.500
                                      H   1.200
                                      O   1.400
                                      F   1.350
    VDW scale factors:                1.40  1.60  1.80  2.00
    VDW point density:                1.000
    ESP method:                       scf
    ESP basis set:                    6-31g*

Grid information (see 1_optimized_grid.dat in Angstrom)
    Number of grid points:            2005

Quantum electrostatic potential (see 1_optimized_grid_esp.dat)

Constraints
    Charge constraints
        Total charge of   0.00000000 on the set   6
        Total charge of   0.00000000 on the set  48

Restraint
    Hyperbolic restraint to a charge of zero
    Hydrogen atoms are not restrained
    resp_a:                           0.0005
    resp_b:                           0.1000

Fit

Electrostatic Potential Charges
   Center  Symbol       ESP      RESP
      1    N       0.47113060  0.47310079
      2    C       0.08625867  0.04772258
      3    C      -0.10927662  0.00498746
      4    C       0.05319780  0.06267512
      5    C       0.11421228  0.04859065
      6    H       0.00000000  0.00000000
      7    O      -0.39488924 -0.38344304
      8    O      -0.39207457 -0.39029638
      9    C       0.11867320 -0.00190831
     10    C      -0.06992043 -0.03820750
     11    C      -0.21213608 -0.21557636
     12    C      -0.10994745 -0.07036296
     13    H       0.14530778  0.16019664
     14    H       0.15781845  0.15330547
     15    H       0.19671976  0.17943579
     16    C      -0.41851919 -0.07467194
     17    C       0.62576729  0.28036907
     18    F      -0.19029771 -0.10615846
     19    F      -0.16799601 -0.09266329
     20    F      -0.18482262 -0.10253597
     21    C       0.70582897  0.31019702
     22    F      -0.18880743 -0.10502958
     23    F      -0.19847055 -0.10120697
     24    F      -0.18659364 -0.09755331
     25    C       0.16543237 -0.01056470
     26    C      -0.16421992 -0.08120855
     27    C      -0.12686835 -0.08207201
     28    C      -0.09293078 -0.06171263
     29    C      -0.18770789 -0.14652461
     30    C      -0.06502909 -0.03647461
     31    C       0.70266389  0.47448932
     32    N      -0.54149959 -0.05675785
     33    C       0.73093297  0.48078455
     34    C       0.64806072  0.11185995
     35    C      -0.52781810 -0.19308436
     36    C       0.18609885 -0.03768684
     37    C      -0.70308429 -0.41392634
     38    C       0.43855139  0.29941707
     39    C      -0.58105989 -0.38423440
     40    H       0.22070090  0.14604078
     41    H       0.09970367  0.13621114
     42    H       0.17885986  0.16685861
     43    H       0.15986196  0.13764397
     44    H       0.16755138  0.14863554
     45    O      -0.53482932 -0.47093879
     46    O      -0.53256686 -0.47569018
     47    H       0.23095249  0.19310812
     48    H       0.00000000  0.00000000
     49    H       0.27708041  0.21486027
Total Charge:     -0.00000000 -0.00000000
