2023-01-17:09:56:38,425 INFO     [psi4.driver.task_planner:266] PLANNING Atomic:  keywords={'SCF__INTS_TOLERANCE': 1e-12, 'function_kwargs': {}}
2023-01-17:09:56:38,429 INFO     [psi4.driver.driver:617] Compute gradient(): method=scf, basis=cc-pvdz, molecule=default, nre=225.8972926507438
2023-01-17:09:56:40,468 INFO     [psi4.driver.driver:620] Return gradient(): -320.73545842613976
2023-01-17:09:56:40,469 INFO     [psi4.driver.driver:621] [[ 0.01240139 -0.02209801  0.00194351]
 [-0.04250977  0.05647245  0.02455069]
 [-0.00828079 -0.00486565 -0.0120505 ]
 [ 0.01216022 -0.03199639  0.01864497]
 [ 0.01268794  0.00757792 -0.00436955]
 [ 0.02571511 -0.03663822 -0.01083775]
 [-0.00719328  0.00829872  0.00619008]
 [ 0.03555976 -0.00991314 -0.08101386]
 [-0.01432631  0.02644335 -0.00373434]
 [-0.02231384  0.01015549  0.04445987]
 [-0.00390043 -0.00343651  0.01621687]]
2023-01-17:09:56:40,570 INFO     [psi4.driver.task_planner:266] PLANNING Atomic:  keywords={'CART_HESS_READ': 0, 'SCF__GUESS': 'READ', 'SCF__INTS_TOLERANCE': 1e-12, 'function_kwargs': {}}
2023-01-17:09:56:40,574 INFO     [psi4.driver.driver:617] Compute gradient(): method=scf, basis=cc-pvdz, molecule=default, nre=226.81055311047575
2023-01-17:09:56:41,947 INFO     [psi4.driver.driver:620] Return gradient(): -320.7449712489335
2023-01-17:09:56:41,948 INFO     [psi4.driver.driver:621] [[ 0.00311677 -0.00392724 -0.002145  ]
 [-0.00942421  0.01271029  0.00513208]
 [-0.00020879  0.00092095  0.00201968]
 [ 0.00138748 -0.00277153  0.00070006]
 [-0.00165876  0.00006031  0.00148855]
 [ 0.00587677 -0.0089623  -0.00152176]
 [-0.00070718  0.00180482 -0.00099365]
 [ 0.00611409  0.00138954 -0.01892953]
 [ 0.00167038 -0.00292386  0.00017754]
 [-0.00491043  0.00145286  0.01104557]
 [-0.00125612  0.00024617  0.00302647]]
2023-01-17:09:56:41,999 INFO     [psi4.driver.task_planner:266] PLANNING Atomic:  keywords={'CART_HESS_READ': 0, 'SCF__GUESS': 'READ', 'SCF__INTS_TOLERANCE': 1e-12, 'function_kwargs': {}}
2023-01-17:09:56:42,2 INFO     [psi4.driver.driver:617] Compute gradient(): method=scf, basis=cc-pvdz, molecule=default, nre=226.8330557518493
2023-01-17:09:56:43,354 INFO     [psi4.driver.driver:620] Return gradient(): -320.74537571447365
2023-01-17:09:56:43,355 INFO     [psi4.driver.driver:621] [[ 0.00009002 -0.00017717  0.0000385 ]
 [ 0.0004188  -0.00119043  0.00079362]
 [-0.00007412 -0.00004522  0.0001383 ]
 [ 0.00067701 -0.00118842  0.00009338]
 [-0.00000647 -0.00000527  0.0001634 ]
 [-0.0009722   0.00180335 -0.00027001]
 [ 0.00019706 -0.00031926 -0.0000208 ]
 [-0.00092901  0.00087629  0.00105032]
 [-0.00026117  0.00020758  0.00037624]
 [ 0.00077387  0.00003391 -0.00214283]
 [ 0.00008621  0.00000465 -0.00022012]]
2023-01-17:09:56:43,405 INFO     [psi4.driver.task_planner:266] PLANNING Atomic:  keywords={'CART_HESS_READ': 0, 'SCF__GUESS': 'READ', 'SCF__INTS_TOLERANCE': 1e-12, 'function_kwargs': {}}
2023-01-17:09:56:43,408 INFO     [psi4.driver.driver:617] Compute gradient(): method=scf, basis=cc-pvdz, molecule=default, nre=226.666251289855
2023-01-17:09:56:44,674 INFO     [psi4.driver.driver:620] Return gradient(): -320.7453877386495
2023-01-17:09:56:44,674 INFO     [psi4.driver.driver:621] [[-0.00003394  0.0001136  -0.00007307]
 [-0.00019325  0.00022829  0.00011226]
 [-0.00002536 -0.00002517 -0.00007528]
 [ 0.0003448  -0.00038005 -0.00040951]
 [ 0.00006597  0.00002985 -0.00004349]
 [ 0.00009588 -0.00022184  0.00010924]
 [-0.0000425   0.00008216 -0.00001716]
 [-0.00000755  0.00030904 -0.00012908]
 [-0.00007926  0.00008484  0.00008078]
 [-0.00014446 -0.0001086   0.00043774]
 [ 0.00001967 -0.00011214  0.00000757]]
2023-01-17:09:56:44,719 INFO     [psi4.driver.task_planner:266] PLANNING Atomic:  keywords={'CART_HESS_READ': 0, 'SCF__GUESS': 'READ', 'SCF__INTS_TOLERANCE': 1e-12, 'function_kwargs': {}}
2023-01-17:09:56:44,723 INFO     [psi4.driver.driver:617] Compute gradient(): method=scf, basis=cc-pvdz, molecule=default, nre=226.6926135361232
2023-01-17:09:56:45,971 INFO     [psi4.driver.driver:620] Return gradient(): -320.74538799558485
2023-01-17:09:56:45,972 INFO     [psi4.driver.driver:621] [[-0.00003351  0.0000198  -0.00001301]
 [ 0.00003413  0.00004508  0.00003793]
 [ 0.00000935 -0.00000042  0.00000102]
 [ 0.0000408   0.00016387  0.0000118 ]
 [-0.00000231 -0.00001341  0.00000348]
 [ 0.00004083 -0.00008525 -0.00002813]
 [-0.00000862  0.00000721  0.00000818]
 [-0.00037024 -0.0002979  -0.00012641]
 [ 0.00000787 -0.00001548 -0.0000042 ]
 [ 0.00013718  0.00011297  0.00005125]
 [ 0.00014451  0.00006353  0.0000581 ]]
2023-01-17:09:56:46,125 INFO     [psi4.driver.task_planner:266] PLANNING Atomic:  keywords={'SCF__INTS_TOLERANCE': 1e-12, 'function_kwargs': {}}
2023-01-17:09:56:46,128 INFO     [psi4.driver.driver:774] Compute properties(): method=scf, basis=6-31g*, molecule=optimized, nre=226.69261353612313
2023-01-17:09:56:47,596 INFO     [psi4.driver.driver:777] Return properties(): -320.71642262512574
2023-01-17:09:56:48,10 INFO     [psi4.driver.task_planner:266] PLANNING Atomic:  keywords={'SCF__INTS_TOLERANCE': 1e-12, 'function_kwargs': {}}
2023-01-17:09:56:48,13 INFO     [psi4.driver.driver:774] Compute properties(): method=scf, basis=6-31g*, molecule=optimized, nre=226.69261353612316
2023-01-17:09:56:50,259 INFO     [psi4.driver.driver:777] Return properties(): -320.71642262514035
