Electrostatic potential parameters
    van der Waals radii (Angstrom):
                                      N   1.500
                                      C   1.500
                                      H   1.200
                                      O   1.400
                                      F   1.350
    VDW scale factors:                1.40  1.60  1.80  2.00
    VDW point density:                1.000
    ESP method:                       scf
    ESP basis set:                    6-31g*

Grid information (see 1_optimized_grid.dat in Angstrom)
    Number of grid points:            3117

Quantum electrostatic potential (see 1_optimized_grid_esp.dat)

Constraints
    Charge constraints
        Total charge of   0.00000000 on the set   6
        Total charge of   0.00000000 on the set  79

Restraint
    Hyperbolic restraint to a charge of zero
    Hydrogen atoms are not restrained
    resp_a:                           0.0005
    resp_b:                           0.1000

Fit

Electrostatic Potential Charges
   Center  Symbol       ESP      RESP
      1    N       0.46518988  0.46987244
      2    C       0.10606416  0.06277024
      3    C      -0.10344996  0.00814075
      4    C       0.04084337  0.04538953
      5    C       0.08576168  0.03306187
      6    H       0.00000000  0.00000000
      7    O      -0.40040775 -0.38764929
      8    O      -0.38297928 -0.38059430
      9    C       0.11274113  0.00655562
     10    C      -0.04034987 -0.02338754
     11    C      -0.21741711 -0.19987856
     12    C      -0.06523409 -0.08081887
     13    H       0.14179485  0.15239621
     14    H       0.15033555  0.14936285
     15    H       0.19361941  0.17174917
     16    C      -0.53412506 -0.12686379
     17    C       0.69477252  0.41408511
     18    F      -0.20311076 -0.13603617
     19    F      -0.18109958 -0.12674958
     20    F      -0.19627746 -0.13649323
     21    C       0.75412464  0.41246333
     22    F      -0.19996957 -0.13403519
     23    F      -0.20478448 -0.12652272
     24    F      -0.19527930 -0.12035512
     25    C       0.21330810 -0.02363016
     26    C      -0.15564025 -0.07382044
     27    C      -0.14543189 -0.05866550
     28    C      -0.11206359 -0.05367018
     29    C      -0.17714756 -0.16194908
     30    C      -0.10343172 -0.05273103
     31    C       0.75979702  0.51127787
     32    N      -0.54114886 -0.11022040
     33    C       0.76581206  0.48345979
     34    C       0.35154525  0.06283459
     35    C      -0.27907246 -0.21473748
     36    C      -0.16928973 -0.09225254
     37    C      -0.25377051 -0.16097406
     38    C      -0.18864477 -0.14864573
     39    C       0.06219697  0.04124146
     40    H       0.18245529  0.16032607
     41    H       0.18602857  0.15469466
     42    H       0.14682406  0.13432664
     43    H       0.14705046  0.11995084
     44    H       0.18019127  0.17262830
     45    H       0.16200063  0.13727942
     46    H       0.16463202  0.14104953
     47    O      -0.54474786 -0.47140248
     48    O      -0.55075600 -0.48583295
     49    C       0.35746698  0.14002377
     50    C      -0.39905630 -0.17869084
     51    H       0.08800727  0.04341302
     52    H       0.09553594  0.04755713
     53    H       0.11010741  0.06301626
     54    C      -0.41053784 -0.18789209
     55    H       0.09071576  0.04368494
     56    H       0.10348704  0.05569946
     57    H       0.10804462  0.05768363
     58    C      -0.17920449 -0.16475825
     59    C      -0.21950798 -0.15184371
     60    C      -0.19983372 -0.16990173
     61    C       0.05986177  0.00644546
     62    C      -0.21577229 -0.17535231
     63    H       0.14598020  0.13477982
     64    H       0.15416377  0.14711209
     65    C       0.04630201  0.01457142
     66    H       0.14732076  0.12730890
     67    H       0.13290314  0.13231702
     68    C       0.34761506  0.14441979
     69    C      -0.15216939 -0.00829262
     70    C      -0.38168929 -0.14963572
     71    C      -0.42807065 -0.20762434
     72    C       0.07125246 -0.05673276
     73    C      -0.51276889 -0.42724800
     74    C       0.35121485  0.30056282
     75    C       0.04801552 -0.03491670
     76    C      -0.52447257 -0.46065246
     77    H       0.09539452  0.13230572
     78    H       0.21720065  0.20081013
     79    H       0.00000000  0.00000000
     80    H       0.21614805  0.20383469
     81    H       0.10962608  0.12729812
     82    H       0.09609988  0.04703318
     83    H       0.11866386  0.06532644
     84    H       0.10540534  0.05692759
     85    H       0.08603596  0.03202287
     86    H       0.10651904  0.05879742
     87    H       0.09253601  0.03358992
Total Charge:      0.00000000 -0.00000000
