2023-01-17:10:36:08,830 INFO     [psi4.driver.task_planner:266] PLANNING Atomic:  keywords={'function_kwargs': {}}
2023-01-17:10:36:08,839 INFO     [psi4.driver.driver:499] Compute energy(): method=scf, basis=cc-pvdz, molecule=default, nre=1819.0408297684799
2023-01-17:10:36:24,842 INFO     [psi4.driver.driver:502] Return energy(): -1386.4253615663188
2023-01-17:10:36:24,882 INFO     [psi4.driver.task_planner:266] PLANNING Atomic:  keywords={'SCF__INTS_TOLERANCE': 1e-12, 'function_kwargs': {}}
2023-01-17:10:36:24,885 INFO     [psi4.driver.driver:617] Compute gradient(): method=scf, basis=cc-pvdz, molecule=default, nre=1819.0408297684796
2023-01-17:10:36:53,715 INFO     [psi4.driver.driver:620] Return gradient(): -1386.42536166707
2023-01-17:10:36:53,716 INFO     [psi4.driver.driver:621] [[ 0.00302903 -0.00033515  0.0003115 ]
 [-0.00112164 -0.00011731  0.01368569]
 [ 0.00059271  0.00175326  0.01444271]
 [-0.00035282  0.00024156  0.00013599]
 [-0.07151206  0.01076162 -0.090672  ]
 [-0.01936327 -0.0057106   0.25890926]
 [ 0.01966126  0.00005562  0.01494859]
 [ 0.00295215 -0.00068622 -0.00645082]
 [ 0.01634659 -0.00259718 -0.01708044]
 [ 0.00441287 -0.00057558  0.00051343]
 [ 0.00944263 -0.00142334 -0.0079534 ]
 [ 0.00162445 -0.00019436 -0.00102816]
 [-0.00363173 -0.04861429 -0.04181772]
 [ 0.01085491  0.04473976 -0.05861433]
 [ 0.00309731 -0.00093774  0.00092214]
 [ 0.0051113  -0.00200201  0.01563566]
 [ 0.00033533 -0.00027094  0.00302806]
 [ 0.00024602 -0.00056324  0.00395073]
 [ 0.00720648 -0.0007233  -0.00127372]
 [-0.02461435  0.00444888 -0.03100726]
 [-0.00077126 -0.00000487 -0.00560236]
 [-0.01399778  0.00202276  0.00308432]
 [ 0.07776263 -0.00663324 -0.07230641]
 [-0.00266165  0.00095756  0.00628552]
 [ 0.00064812  0.000248    0.0044592 ]
 [-0.04213825  0.00909402  0.0237621 ]
 [ 0.02641472 -0.00165786  0.0417064 ]
 [-0.03239559  0.00640518  0.01079253]
 [ 0.01765392 -0.00649124 -0.02823277]
 [-0.00332762 -0.00352964 -0.05736032]
 [ 0.02343388 -0.00383413  0.00508411]
 [ 0.05206076 -0.00802245  0.01385672]
 [-0.04630746  0.00849219  0.00298708]
 [ 0.0037854  -0.00086294 -0.0013475 ]
 [-0.00168571 -0.00004933 -0.0030702 ]
 [-0.01956418  0.00589382 -0.01457474]
 [-0.00322709  0.00072271 -0.00010959]]
2023-01-17:10:36:54,186 INFO     [psi4.driver.task_planner:266] PLANNING Atomic:  keywords={'CART_HESS_READ': 0, 'SCF__GUESS': 'READ', 'SCF__INTS_TOLERANCE': 1e-12, 'function_kwargs': {}}
2023-01-17:10:36:54,189 INFO     [psi4.driver.driver:617] Compute gradient(): method=scf, basis=cc-pvdz, molecule=default, nre=1827.1035518350823
2023-01-17:10:37:20,378 INFO     [psi4.driver.driver:620] Return gradient(): -1386.4940325569912
2023-01-17:10:37:20,380 INFO     [psi4.driver.driver:621] [[ 0.00277686 -0.00007566  0.00178818]
 [-0.00241602 -0.00078256  0.00939208]
 [ 0.00446771  0.00116644  0.00486596]
 [-0.00187572  0.00055149  0.00306482]
 [-0.03966633  0.011087   -0.06974109]
 [-0.00309378 -0.01893501  0.21901044]
 [ 0.01270339  0.00155174  0.01023634]
 [-0.00118661 -0.00019958 -0.00702636]
 [ 0.00478777 -0.0002437  -0.01005008]
 [ 0.00359994 -0.00045477 -0.00293871]
 [ 0.00443879 -0.00022692 -0.00342067]
 [ 0.00520495 -0.00019942 -0.00011448]
 [-0.00115275  0.00679338 -0.03239357]
 [-0.00291044 -0.00986685 -0.05610103]
 [ 0.00088402 -0.00043231  0.00085744]
 [-0.00486672  0.00121933  0.00760836]
 [ 0.00136162 -0.00029614 -0.00139235]
 [ 0.00066134 -0.00054899  0.00193572]
 [ 0.00503533 -0.00208119  0.01759389]
 [ 0.00419803  0.00051854 -0.03933453]
 [ 0.00006177 -0.00041474 -0.0027463 ]
 [-0.01236398  0.00177539  0.01084547]
 [ 0.03639627  0.0052697  -0.07493261]
 [-0.00017816  0.0004154   0.00553042]
 [-0.0031352   0.00096341  0.00492288]
 [-0.02558729  0.00592369  0.01234736]
 [ 0.011947   -0.00105429  0.02956731]
 [-0.01193101  0.00233815 -0.00243491]
 [ 0.00962892 -0.0041853  -0.00835177]
 [ 0.00593295 -0.00335984 -0.04199932]
 [ 0.0027491  -0.00011444  0.01087662]
 [ 0.03128931 -0.00562905  0.01559042]
 [-0.03418049  0.00747126  0.00121252]
 [ 0.00357099 -0.00091293 -0.00272697]
 [-0.00153104 -0.00011403 -0.00555323]
 [-0.00485968  0.00283096 -0.00565413]
 [-0.00076084  0.00025183 -0.00033413]]
2023-01-17:10:37:20,509 INFO     [psi4.driver.task_planner:266] PLANNING Atomic:  keywords={'CART_HESS_READ': 0, 'SCF__GUESS': 'READ', 'OPTKING__INTRAFRAG_STEP_LIMIT': 1.0, 'SCF__INTS_TOLERANCE': 1e-12, 'function_kwargs': {}}
2023-01-17:10:37:20,512 INFO     [psi4.driver.driver:617] Compute gradient(): method=scf, basis=cc-pvdz, molecule=default, nre=1833.5483801304658
2023-01-17:10:37:45,807 INFO     [psi4.driver.driver:620] Return gradient(): -1386.539727366754
2023-01-17:10:37:45,808 INFO     [psi4.driver.driver:621] [[ 0.00229537 -0.00000021  0.00296137]
 [-0.0008618  -0.00106994  0.00611228]
 [-0.00360139  0.00072869 -0.00339315]
 [-0.00349026  0.0002421   0.00564721]
 [-0.00469851  0.01500693 -0.04506312]
 [ 0.0126793  -0.03460243  0.14807298]
 [-0.00188701  0.00238953  0.00026506]
 [-0.00466843 -0.00024764 -0.0059019 ]
 [ 0.00141891  0.00097314  0.00010114]
 [ 0.00305476  0.00000226 -0.00617708]
 [ 0.00179948  0.00018566 -0.00406526]
 [ 0.0084169   0.00029102 -0.00098306]
 [ 0.00254571  0.0190089  -0.01177524]
 [-0.00610678 -0.01948644 -0.0354662 ]
 [ 0.00115654 -0.00067628  0.00233927]
 [-0.00128369  0.00145152  0.00057768]
 [-0.00043583  0.00020191 -0.0008024 ]
 [ 0.0004028  -0.00041825  0.00041642]
 [-0.00486637 -0.00147832  0.03019316]
 [ 0.0386479  -0.00633656 -0.03496985]
 [ 0.00061482 -0.00101584 -0.00045577]
 [-0.00019985  0.000618    0.0063014 ]
 [-0.01071823  0.01652026 -0.06004975]
 [ 0.00295517 -0.00037843  0.01455337]
 [-0.01434756  0.00387645  0.00920721]
 [-0.00358671  0.00086449  0.00385532]
 [-0.00808849  0.00189043  0.0125834 ]
 [ 0.00083363 -0.00027708 -0.00283211]
 [-0.00322391 -0.00070023  0.01782285]
 [ 0.01129251 -0.00260737 -0.00901053]
 [-0.02800766  0.00671292 -0.00631453]
 [ 0.00576008 -0.00125271  0.00598678]
 [-0.00615843  0.00191387 -0.01021025]
 [ 0.01551633 -0.0033198  -0.0095748 ]
 [-0.00120663 -0.00014644 -0.01702853]
 [ 0.00251168  0.00032603  0.00067858]
 [-0.00446436  0.00080987 -0.00360194]]
2023-01-17:10:37:46,31 INFO     [psi4.driver.task_planner:266] PLANNING Atomic:  keywords={'CART_HESS_READ': 0, 'SCF__GUESS': 'READ', 'OPTKING__INTRAFRAG_STEP_LIMIT': 1.0, 'SCF__INTS_TOLERANCE': 1e-12, 'function_kwargs': {}}
2023-01-17:10:37:46,34 INFO     [psi4.driver.driver:617] Compute gradient(): method=scf, basis=cc-pvdz, molecule=default, nre=1846.1112873979175
2023-01-17:10:38:10,312 INFO     [psi4.driver.driver:620] Return gradient(): -1386.5832971941422
2023-01-17:10:38:10,314 INFO     [psi4.driver.driver:621] [[ 0.0010888  -0.00008347  0.00190935]
 [ 0.00281925  0.00001747 -0.00278786]
 [-0.00567176 -0.00026035 -0.00475776]
 [-0.00191225  0.00006126  0.00258094]
 [ 0.02569798  0.01624225 -0.03623267]
 [ 0.00934025 -0.04097925  0.09666536]
 [-0.00768856  0.00149373 -0.00509047]
 [-0.00172038 -0.00077736 -0.00042155]
 [-0.00270084  0.00036813  0.00449597]
 [ 0.0008554   0.00015433 -0.00299648]
 [-0.00085898  0.00002761  0.00275439]
 [ 0.00438045  0.00028118  0.00012801]
 [ 0.00154284  0.02815719  0.00109912]
 [-0.00478019 -0.02268712 -0.01999377]
 [ 0.00092838 -0.00054954  0.00166897]
 [ 0.00440211  0.00077336 -0.00438854]
 [-0.00331844  0.00143329  0.00050389]
 [-0.00016733 -0.00031203  0.0005528 ]
 [-0.00385528 -0.00014289  0.01623561]
 [ 0.01362764 -0.00230072 -0.00827525]
 [ 0.00082136 -0.00144228 -0.00027411]
 [ 0.00658726  0.00063289 -0.00511946]
 [-0.03428507  0.01876008 -0.03516306]
 [ 0.00166691 -0.00010334  0.00569502]
 [-0.00627402  0.00210794  0.0027844 ]
 [ 0.01293702 -0.00462058 -0.00560671]
 [-0.00340145  0.00028288 -0.01247994]
 [ 0.00477027 -0.00133689  0.00139157]
 [-0.01850801  0.00405028  0.01042664]
 [ 0.01274747 -0.00286481  0.01935523]
 [-0.01705023  0.00441288 -0.00974671]
 [-0.01585176  0.0060043  -0.00397975]
 [ 0.01395398 -0.00344217  0.00312496]
 [ 0.01209189 -0.00099243 -0.00417671]
 [ 0.00065552 -0.00069116 -0.00611457]
 [ 0.00517284 -0.00154583 -0.00004037]
 [-0.00804307 -0.00012882 -0.00372647]]
2023-01-17:10:38:10,547 INFO     [psi4.driver.task_planner:266] PLANNING Atomic:  keywords={'CART_HESS_READ': 0, 'SCF__GUESS': 'READ', 'OPTKING__INTRAFRAG_STEP_LIMIT': 1.0, 'SCF__INTS_TOLERANCE': 1e-12, 'function_kwargs': {}}
2023-01-17:10:38:10,550 INFO     [psi4.driver.driver:617] Compute gradient(): method=scf, basis=cc-pvdz, molecule=default, nre=1828.4934087500237
2023-01-17:10:38:37,351 INFO     [psi4.driver.driver:620] Return gradient(): -1386.615988754355
2023-01-17:10:38:37,352 INFO     [psi4.driver.driver:621] [[ 0.00668116  0.00242181  0.02156267]
 [ 0.01146337  0.00317771  0.00915702]
 [-0.01391593 -0.00186319  0.0132688 ]
 [-0.01229222 -0.00129534  0.01379208]
 [ 0.02446424  0.01076314 -0.01880016]
 [-0.01310014 -0.04628115  0.03668354]
 [-0.01351439 -0.00364715 -0.02748398]
 [-0.00611349 -0.00331986 -0.01688666]
 [ 0.0060648   0.0004561  -0.00755929]
 [ 0.01173403  0.0009534  -0.01503513]
 [ 0.01302967  0.00324848  0.01104022]
 [ 0.01911524  0.00338619  0.0051238 ]
 [-0.00112491  0.04066534  0.00063009]
 [ 0.00124594 -0.02822947 -0.008522  ]
 [ 0.00049592  0.00004917  0.00021254]
 [ 0.00919354 -0.00084809 -0.00844168]
 [-0.00574977  0.00314919  0.00200624]
 [-0.00129448  0.00003338  0.00185587]
 [ 0.000831    0.00213887 -0.00974193]
 [-0.02017829  0.00865309  0.03130018]
 [ 0.00035131 -0.00149702  0.00009846]
 [ 0.0096491  -0.00009071 -0.01731387]
 [-0.04427108  0.01985402 -0.00181982]
 [ 0.00262039  0.00321771  0.01442281]
 [-0.00556156  0.00418555  0.00869217]
 [ 0.01389031 -0.00540728  0.0031063 ]
 [-0.00039209 -0.00105737 -0.00680576]
 [-0.00759044  0.00895406  0.02170554]
 [ 0.00149026  0.0009949   0.01123031]
 [-0.00542801  0.00634499  0.01947445]
 [ 0.00588641 -0.01025127 -0.02957624]
 [-0.02982199  0.00506116 -0.02759214]
 [ 0.02818075 -0.01025968 -0.00209482]
 [-0.00000924 -0.00315799 -0.01174479]
 [-0.0017296  -0.00416216 -0.0155391 ]
 [ 0.00770783 -0.00281936 -0.00661111]
 [ 0.00799239 -0.00352117  0.00620541]]
2023-01-17:10:38:37,611 INFO     [psi4.driver.task_planner:266] PLANNING Atomic:  keywords={'CART_HESS_READ': 0, 'SCF__GUESS': 'READ', 'OPTKING__INTRAFRAG_STEP_LIMIT': 1.0, 'SCF__INTS_TOLERANCE': 1e-12, 'function_kwargs': {}}
2023-01-17:10:38:37,614 INFO     [psi4.driver.driver:617] Compute gradient(): method=scf, basis=cc-pvdz, molecule=default, nre=1850.559410724241
2023-01-17:10:39:02,840 INFO     [psi4.driver.driver:620] Return gradient(): -1386.649191902161
2023-01-17:10:39:02,841 INFO     [psi4.driver.driver:621] [[ 0.00131784  0.00244796  0.01941529]
 [ 0.01066251  0.00396101  0.00615454]
 [-0.01245231 -0.0022636   0.00609326]
 [-0.01496047 -0.00170087  0.01050039]
 [ 0.03865733  0.00740095  0.01890475]
 [-0.01166892 -0.05295259 -0.02322717]
 [-0.007454   -0.00565273 -0.03314262]
 [-0.00174826 -0.00279685 -0.01129245]
 [ 0.0001198  -0.00052479 -0.00322275]
 [ 0.01178555  0.00038461 -0.01153264]
 [ 0.00626993  0.00281304  0.01355612]
 [ 0.01335829  0.00253954  0.00642951]
 [ 0.00445406  0.0414149  -0.02072554]
 [ 0.00130529 -0.0078038   0.00785944]
 [ 0.0038491  -0.00064685  0.00282935]
 [ 0.00801653 -0.00149886 -0.00942942]
 [-0.00823963  0.00488265  0.00632978]
 [-0.00209289  0.00024977  0.00472398]
 [-0.01023912  0.00415268 -0.0194669 ]
 [-0.02316781  0.01523204  0.05037996]
 [ 0.00032374 -0.00105614 -0.00127856]
 [ 0.00848054 -0.00102668 -0.02757647]
 [-0.04618587  0.01316998  0.03205511]
 [-0.00002254  0.00038673  0.00093794]
 [ 0.00354035 -0.00209102 -0.00125127]
 [ 0.0254587  -0.01517735 -0.00837046]
 [-0.00601862 -0.01088216 -0.03255773]
 [ 0.0023649   0.00479744  0.01272505]
 [-0.01059014  0.00548023  0.00457152]
 [ 0.00421385  0.01577727  0.04293328]
 [ 0.00926788 -0.01046454 -0.01678315]
 [-0.04426323  0.00759335 -0.02965661]
 [ 0.04101211 -0.01187819  0.00712905]
 [-0.01003516  0.00445934 -0.00038346]
 [ 0.00183163 -0.00073217  0.0000594 ]
 [ 0.00651528 -0.00521308 -0.00571216]
 [ 0.00633374 -0.00278125  0.00202164]]
2023-01-17:10:39:03,96 INFO     [psi4.driver.task_planner:266] PLANNING Atomic:  keywords={'CART_HESS_READ': 0, 'SCF__GUESS': 'READ', 'OPTKING__INTRAFRAG_STEP_LIMIT': 1.0, 'SCF__INTS_TOLERANCE': 1e-12, 'function_kwargs': {}}
2023-01-17:10:39:03,99 INFO     [psi4.driver.driver:617] Compute gradient(): method=scf, basis=cc-pvdz, molecule=default, nre=1884.7018275464047
2023-01-17:10:39:27,538 INFO     [psi4.driver.driver:620] Return gradient(): -1386.671538165
2023-01-17:10:39:27,539 INFO     [psi4.driver.driver:621] [[-0.00158167 -0.00063559 -0.00210693]
 [ 0.00106642 -0.0002879  -0.01036405]
 [ 0.0026574   0.00005978 -0.00536557]
 [-0.00110666 -0.00066636  0.00014811]
 [ 0.04611383  0.01741185  0.02220643]
 [-0.00511134 -0.06394842 -0.02310627]
 [ 0.00810401  0.00073309 -0.00334999]
 [ 0.00151648  0.00003084  0.00846866]
 [-0.01277391 -0.00221655  0.00381742]
 [-0.00092583  0.00000631 -0.00015326]
 [-0.00618609 -0.0011442  -0.00146265]
 [-0.0066572  -0.00166985 -0.00431737]
 [-0.00119628  0.0224681   0.01011522]
 [-0.00013777  0.01451563  0.00426705]
 [ 0.00696891 -0.00176188  0.00511325]
 [ 0.01131336 -0.00236038  0.00273215]
 [ 0.00028391  0.00135849  0.00594224]
 [-0.00143867 -0.00068844  0.00751252]
 [-0.01209954  0.00441173 -0.01067473]
 [-0.0186819   0.00704189  0.0135905 ]
 [ 0.00085401  0.0005945  -0.00880043]
 [ 0.00107634  0.00049946 -0.01799723]
 [-0.01874238  0.00951939  0.01225684]
 [-0.00690955 -0.00939149 -0.02352156]
 [ 0.01727537 -0.0149215  -0.01395123]
 [ 0.00383456 -0.00633513 -0.00333857]
 [-0.00640453 -0.01016572 -0.02625573]
 [ 0.00606213 -0.00429359 -0.00307448]
 [-0.01607101 -0.00249249 -0.01564922]
 [ 0.00434249  0.01207385  0.02848374]
 [ 0.016806   -0.00121277  0.01127496]
 [ 0.00718101  0.00514425  0.00303191]
 [ 0.00006875  0.00051787  0.00148298]
 [-0.01336858  0.01600438  0.01241875]
 [ 0.00784341  0.01269569  0.02932101]
 [-0.00629722 -0.00387335 -0.00087054]
 [-0.00767824  0.00297851 -0.00782392]]
2023-01-17:10:39:27,795 INFO     [psi4.driver.task_planner:266] PLANNING Atomic:  keywords={'CART_HESS_READ': 0, 'SCF__GUESS': 'READ', 'OPTKING__INTRAFRAG_STEP_LIMIT': 1.0, 'SCF__INTS_TOLERANCE': 1e-12, 'function_kwargs': {}}
2023-01-17:10:39:27,798 INFO     [psi4.driver.driver:617] Compute gradient(): method=scf, basis=cc-pvdz, molecule=default, nre=1883.4687398000915
2023-01-17:10:39:53,6 INFO     [psi4.driver.driver:620] Return gradient(): -1386.6549128510135
2023-01-17:10:39:53,7 INFO     [psi4.driver.driver:621] [[-0.00151443  0.00139879  0.00973682]
 [-0.00410208  0.00329682  0.0116156 ]
 [-0.0216472  -0.00398522 -0.00348279]
 [-0.04038677 -0.01062672  0.00145576]
 [-0.01273274 -0.00712049  0.026265  ]
 [-0.01450084  0.01577058 -0.04344388]
 [ 0.00687513 -0.00236544 -0.01158049]
 [ 0.0011593  -0.00192215 -0.01106937]
 [ 0.00848023  0.00052729 -0.00303129]
 [ 0.01099655  0.00040137 -0.00393842]
 [ 0.0082463   0.00119212  0.00184374]
 [ 0.00861427  0.00141897  0.00514546]
 [ 0.00002145  0.00488982 -0.01249495]
 [-0.00092556 -0.00467812  0.01061003]
 [ 0.02940652  0.00943174  0.00689985]
 [ 0.0142048   0.00672416 -0.00172895]
 [ 0.00889899 -0.00009656 -0.0022234 ]
 [ 0.0003461   0.00058336 -0.0010532 ]
 [ 0.00799577 -0.00265429 -0.00771555]
 [-0.00248747  0.00107593 -0.00117034]
 [-0.00043141  0.00011581 -0.00068119]
 [-0.00493733 -0.00184662 -0.00265708]
 [ 0.00548447 -0.01171082  0.02659856]
 [ 0.00418286  0.011124    0.01670882]
 [-0.00469067  0.00974374  0.0098526 ]
 [-0.00973115  0.01508077  0.01943422]
 [ 0.00696834  0.01984829  0.03071937]
 [-0.02155079  0.02402468  0.019187  ]
 [ 0.02530115  0.00106995  0.01666882]
 [-0.03522418 -0.00125359 -0.02349982]
 [ 0.01408989 -0.02669784 -0.02594091]
 [ 0.01781008 -0.01471191 -0.01613001]
 [-0.00915659 -0.00749597 -0.01399462]
 [ 0.0116409  -0.01598798 -0.0124215 ]
 [-0.00669208 -0.01130658 -0.01732947]
 [ 0.00158944 -0.00549681  0.00625771]
 [-0.00160123  0.00223892 -0.00341213]]
2023-01-17:10:39:53,407 INFO     [psi4.driver.task_planner:266] PLANNING Atomic:  keywords={'CART_HESS_READ': 0, 'SCF__GUESS': 'READ', 'OPTKING__INTRAFRAG_STEP_LIMIT': 1.0, 'SCF__INTS_TOLERANCE': 1e-12, 'function_kwargs': {}}
2023-01-17:10:39:53,410 INFO     [psi4.driver.driver:617] Compute gradient(): method=scf, basis=cc-pvdz, molecule=default, nre=1873.749642101666
2023-01-17:10:40:19,885 INFO     [psi4.driver.driver:620] Return gradient(): -1386.6792862254158
2023-01-17:10:40:19,887 INFO     [psi4.driver.driver:621] [[ 0.00534016 -0.00076765 -0.00531068]
 [-0.00486964  0.00360773 -0.01049865]
 [ 0.00390265 -0.00196418  0.00202483]
 [ 0.01107877 -0.00234871 -0.01573295]
 [-0.01417007 -0.01334735  0.00418513]
 [ 0.00307762  0.03481731 -0.00588617]
 [ 0.01025862 -0.00432584  0.01426373]
 [-0.0077784   0.00083088  0.00175994]
 [-0.00958815  0.00289704  0.00447319]
 [ 0.00374954 -0.00117172  0.00726345]
 [ 0.01360949 -0.00315948  0.00292106]
 [ 0.00149799 -0.00047153 -0.00065535]
 [ 0.00099287  0.00259691 -0.00340621]
 [-0.00286254 -0.00114954  0.0084543 ]
 [-0.01070785  0.00934755 -0.00597892]
 [ 0.00424346 -0.00527925  0.01043796]
 [ 0.00311845  0.00677538 -0.01016008]
 [ 0.00441366 -0.00131905 -0.00335218]
 [ 0.01363614 -0.01086759  0.00536056]
 [ 0.01140778 -0.0030655  -0.01941382]
 [-0.0045338   0.00177971  0.00175779]
 [-0.00357994 -0.01087554  0.01131178]
 [-0.01927284 -0.01219067  0.00335574]
 [ 0.00683249  0.00354209  0.01280811]
 [-0.00561967  0.00979107  0.00796293]
 [-0.0087184   0.00947323  0.01109244]
 [ 0.0132415   0.00562637  0.0245311 ]
 [-0.00697784  0.01338034  0.0117305 ]
 [ 0.01906021 -0.00901105  0.01208218]
 [-0.02604699  0.00549162 -0.02440783]
 [-0.00453144 -0.01015    -0.01876983]
 [ 0.00829526 -0.00350477 -0.00325035]
 [-0.00417707 -0.00058955 -0.00495344]
 [ 0.00791658 -0.01469034 -0.00905641]
 [-0.00861035 -0.00389205 -0.01442556]
 [-0.00484844  0.00233659 -0.00125116]
 [ 0.00122018  0.00184755 -0.00126716]]
2023-01-17:10:40:20,538 INFO     [psi4.driver.task_planner:266] PLANNING Atomic:  keywords={'CART_HESS_READ': 0, 'SCF__GUESS': 'READ', 'OPTKING__INTRAFRAG_STEP_LIMIT': 0.25, 'SCF__INTS_TOLERANCE': 1e-12, 'function_kwargs': {}}
2023-01-17:10:40:20,541 INFO     [psi4.driver.driver:617] Compute gradient(): method=scf, basis=cc-pvdz, molecule=default, nre=1879.470379931786
2023-01-17:10:40:45,553 INFO     [psi4.driver.driver:620] Return gradient(): -1386.6993871488617
2023-01-17:10:40:45,554 INFO     [psi4.driver.driver:621] [[ 0.00306581 -0.00060489  0.0030489 ]
 [-0.00246137  0.00174344 -0.0020403 ]
 [ 0.00251292 -0.00124165  0.00586683]
 [ 0.0023222  -0.00135229 -0.00200224]
 [-0.00622656 -0.00989321 -0.00045224]
 [ 0.0024493   0.02448178 -0.00709907]
 [ 0.00303617 -0.0011823   0.00300907]
 [-0.00413606  0.00035697 -0.00433329]
 [-0.00350107  0.00130971 -0.00675455]
 [ 0.00340166 -0.00064843  0.00116287]
 [ 0.00812628 -0.00161589  0.00750105]
 [ 0.00331432 -0.00075823  0.0010659 ]
 [ 0.00233642  0.00131533 -0.00297647]
 [-0.00257192 -0.00255288  0.00332135]
 [-0.00445817  0.00313897 -0.00104169]
 [ 0.00420608 -0.00021396  0.00302852]
 [-0.00041169  0.00539243 -0.0021809 ]
 [ 0.00149077 -0.00055444 -0.00061817]
 [ 0.00545711 -0.0058919   0.0050747 ]
 [ 0.00028571  0.0022991  -0.01025832]
 [-0.00172051  0.00083612  0.00038014]
 [ 0.00019897 -0.00839141  0.00127365]
 [-0.01119583 -0.00899146  0.00249036]
 [ 0.00313045  0.0016892   0.00553758]
 [-0.00158532  0.00389224  0.00324297]
 [-0.00798378  0.00411795  0.00345475]
 [ 0.0112682   0.00093939  0.01325586]
 [-0.00134294  0.00399731  0.00380579]
 [ 0.00602041 -0.00530585  0.00426668]
 [-0.01155316 -0.00070302 -0.01507521]
 [-0.00077403 -0.00432035 -0.00568976]
 [ 0.0033019   0.00150421 -0.00028523]
 [-0.00177453  0.00238225  0.00193852]
 [ 0.00129064 -0.00584256 -0.00309372]
 [-0.0040216  -0.00193098 -0.00626391]
 [-0.00333993  0.00135044 -0.00210547]
 [ 0.00184316  0.00124884 -0.00045494]]
2023-01-17:10:40:46,176 INFO     [psi4.driver.task_planner:266] PLANNING Atomic:  keywords={'CART_HESS_READ': 0, 'SCF__GUESS': 'READ', 'OPTKING__INTRAFRAG_STEP_LIMIT': 0.25, 'SCF__INTS_TOLERANCE': 1e-12, 'function_kwargs': {}}
2023-01-17:10:40:46,179 INFO     [psi4.driver.driver:617] Compute gradient(): method=scf, basis=cc-pvdz, molecule=default, nre=1896.328370316807
2023-01-17:10:41:11,934 INFO     [psi4.driver.driver:620] Return gradient(): -1386.706230637038
2023-01-17:10:41:11,936 INFO     [psi4.driver.driver:621] [[ 0.00123824 -0.00019208 -0.00123576]
 [ 0.0003099   0.00053714 -0.00604886]
 [ 0.0040902  -0.00076309 -0.00043442]
 [ 0.00307366 -0.00153258 -0.00223765]
 [ 0.00078677 -0.00660433  0.00043276]
 [ 0.00719193  0.01227297 -0.01125656]
 [-0.00047819  0.00014841  0.00454259]
 [-0.00157941 -0.00023262  0.00145341]
 [-0.00384121  0.00072414 -0.00093944]
 [-0.00142099  0.00020027  0.00301724]
 [-0.00119305  0.00034339  0.00354664]
 [-0.0013717   0.0002444  -0.00048714]
 [ 0.00012022 -0.00533744  0.0072748 ]
 [-0.0005738   0.00570038  0.00190023]
 [-0.00094388 -0.00010874  0.00136679]
 [ 0.00430948  0.00286445  0.00145832]
 [-0.0002883   0.0026652   0.00137577]
 [ 0.00065471 -0.00070223  0.00070668]
 [-0.00275546 -0.00049131  0.00142963]
 [-0.00064489  0.00381141 -0.00216051]
 [-0.00086118  0.00087098 -0.00030234]
 [-0.00125841 -0.00491618 -0.00300351]
 [-0.0058893  -0.00727381  0.00138669]
 [-0.00120762 -0.0012478  -0.00245231]
 [-0.00023374 -0.00016065 -0.00066848]
 [-0.00424217 -0.00151591 -0.00134821]
 [ 0.00130905 -0.00555004 -0.00514447]
 [ 0.00149494 -0.00310371 -0.0023172 ]
 [-0.00382821 -0.00549876 -0.00772375]
 [ 0.00470186 -0.00188463  0.00106955]
 [ 0.00072367  0.00295421  0.00466614]
 [ 0.00224852  0.00785458  0.00550988]
 [ 0.00212347  0.00211991  0.0050706 ]
 [-0.0016326   0.00098929  0.00178872]
 [ 0.00141867  0.00114845  0.00260346]
 [-0.00297292  0.00078047 -0.00282882]
 [ 0.00142175  0.00088584 -0.00001047]]
2023-01-17:10:41:12,459 INFO     [psi4.driver.task_planner:266] PLANNING Atomic:  keywords={'CART_HESS_READ': 0, 'SCF__GUESS': 'READ', 'OPTKING__INTRAFRAG_STEP_LIMIT': 0.25, 'SCF__INTS_TOLERANCE': 1e-12, 'function_kwargs': {}}
2023-01-17:10:41:12,462 INFO     [psi4.driver.driver:617] Compute gradient(): method=scf, basis=cc-pvdz, molecule=default, nre=1894.898066746688
2023-01-17:10:41:37,710 INFO     [psi4.driver.driver:620] Return gradient(): -1386.7095939817095
2023-01-17:10:41:37,711 INFO     [psi4.driver.driver:621] [[-0.00010402  0.0000447   0.00192775]
 [-0.00032315 -0.00007095  0.00338067]
 [-0.00269075  0.00060128  0.00009766]
 [-0.00007495 -0.00054037  0.00121987]
 [-0.00444625  0.00073082  0.00190812]
 [-0.00015808  0.00006075  0.00705923]
 [ 0.00014856  0.00078875 -0.00352505]
 [ 0.00031035 -0.0002833  -0.0021234 ]
 [ 0.00343291 -0.00094613 -0.00032517]
 [ 0.00205188 -0.00032838 -0.00141886]
 [ 0.00157907 -0.00007991 -0.00176981]
 [ 0.0025804  -0.00023386  0.00086121]
 [ 0.00221772  0.00098321  0.00204671]
 [-0.00254632 -0.00219607 -0.00793314]
 [-0.00080354 -0.00044006  0.00103626]
 [ 0.00269068  0.00566443  0.00217097]
 [ 0.00175858 -0.00005925  0.00090727]
 [-0.00008365 -0.00033598  0.0009342 ]
 [-0.00336919  0.00092284 -0.00149672]
 [ 0.00385303  0.00203902  0.00268565]
 [-0.00009468  0.00077228 -0.00052183]
 [-0.00446115 -0.00234196 -0.00177168]
 [ 0.00050222 -0.0020512  -0.00199144]
 [ 0.00106112  0.00054833  0.0019422 ]
 [-0.00054177  0.00147858  0.00100395]
 [-0.00166047  0.00039957  0.00248679]
 [ 0.00118444  0.0011473   0.00268635]
 [-0.00072354  0.00133414  0.00064737]
 [ 0.00219304 -0.0039481  -0.00109554]
 [ 0.00038146 -0.00219355 -0.00284972]
 [-0.0020273   0.00048953 -0.0011709 ]
 [ 0.00190424  0.00059386 -0.00307761]
 [-0.00126151  0.00029279 -0.00068406]
 [-0.00118161 -0.00093074 -0.00001689]
 [-0.00101486 -0.00104576 -0.00214339]
 [-0.00095036 -0.00224701 -0.00084697]
 [ 0.00066749  0.00138039 -0.00024007]]
2023-01-17:10:41:38,387 INFO     [psi4.driver.task_planner:266] PLANNING Atomic:  keywords={'CART_HESS_READ': 0, 'SCF__GUESS': 'READ', 'OPTKING__INTRAFRAG_STEP_LIMIT': 0.25, 'SCF__INTS_TOLERANCE': 1e-12, 'function_kwargs': {}}
2023-01-17:10:41:38,390 INFO     [psi4.driver.driver:617] Compute gradient(): method=scf, basis=cc-pvdz, molecule=default, nre=1900.7320808804566
2023-01-17:10:42:03,499 INFO     [psi4.driver.driver:620] Return gradient(): -1386.7131796512863
2023-01-17:10:42:03,500 INFO     [psi4.driver.driver:621] [[-0.00075731  0.00012611 -0.00024346]
 [ 0.00011211  0.00007269  0.00209098]
 [-0.00090604 -0.00019664 -0.00089785]
 [ 0.00073657 -0.00057911  0.00074923]
 [-0.00166989 -0.00086486  0.00421191]
 [ 0.00061115 -0.00083608  0.00071069]
 [ 0.00066873  0.00042028 -0.00257218]
 [ 0.00096397 -0.00025898  0.00064111]
 [ 0.00134273 -0.00046336  0.0008366 ]
 [-0.00016955 -0.00005229 -0.00072863]
 [-0.00116815  0.00013457 -0.00230573]
 [-0.00031955  0.00012063 -0.00018816]
 [ 0.00193745  0.00124647  0.00044204]
 [-0.00132793  0.00160767 -0.00383421]
 [-0.00081686  0.00004359  0.00039484]
 [ 0.00417602  0.00517264  0.00222975]
 [ 0.00146432 -0.00074073  0.00087115]
 [-0.00009204  0.00007949  0.00034173]
 [-0.00265688  0.00007935 -0.0010762 ]
 [ 0.00114421  0.00268646  0.00151873]
 [ 0.00033918  0.00045539 -0.00015808]
 [-0.00417509 -0.00207516 -0.002924  ]
 [ 0.0013747  -0.00386605  0.00073023]
 [-0.00041101 -0.00005396 -0.00022038]
 [ 0.00042362 -0.00059126 -0.00023789]
 [-0.00106765  0.00076935  0.00272207]
 [ 0.00036668  0.00185835  0.0023056 ]
 [-0.00064694  0.00200166  0.00122862]
 [-0.0001234  -0.00206321 -0.00115387]
 [-0.00031692 -0.00059658 -0.0011461 ]
 [ 0.00047221 -0.00188162 -0.00131795]
 [ 0.00323609 -0.00078941 -0.0017858 ]
 [-0.00248747  0.00063537 -0.00152996]
 [-0.00103245 -0.00030542  0.00024931]
 [ 0.00070946 -0.00013943  0.0004896 ]
 [-0.0005395  -0.0021075  -0.00045721]
 [ 0.00060548  0.00095158  0.00001345]]
2023-01-17:10:42:03,934 INFO     [psi4.driver.task_planner:266] PLANNING Atomic:  keywords={'CART_HESS_READ': 0, 'SCF__GUESS': 'READ', 'OPTKING__INTRAFRAG_STEP_LIMIT': 0.25, 'SCF__INTS_TOLERANCE': 1e-12, 'function_kwargs': {}}
2023-01-17:10:42:03,937 INFO     [psi4.driver.driver:617] Compute gradient(): method=scf, basis=cc-pvdz, molecule=default, nre=1905.3666211963123
2023-01-17:10:42:29,433 INFO     [psi4.driver.driver:620] Return gradient(): -1386.7160082396042
2023-01-17:10:42:29,434 INFO     [psi4.driver.driver:621] [[-0.00021004  0.00005752 -0.00017884]
 [ 0.00085038 -0.00015097  0.00043823]
 [-0.00052133 -0.00040597 -0.0009665 ]
 [-0.00033597 -0.00017435  0.00037073]
 [-0.00153845 -0.00060143  0.00111301]
 [-0.00035732 -0.00257326  0.00099986]
 [-0.00053676  0.00052794 -0.00034137]
 [ 0.00020986 -0.0000542   0.00018526]
 [ 0.00063583 -0.00026157  0.00054601]
 [-0.00018536 -0.00002774 -0.00014181]
 [-0.00020184  0.00001659 -0.00018618]
 [-0.00007755  0.00008266  0.00000601]
 [ 0.00179366  0.00070074  0.00124746]
 [-0.00093627  0.00237146 -0.00318283]
 [-0.00038828 -0.00019165  0.00027642]
 [ 0.00487862  0.00281426  0.00269377]
 [ 0.00035574  0.00054741 -0.00038375]
 [ 0.00044552 -0.00014619 -0.00011348]
 [-0.00059535 -0.00217802 -0.00066281]
 [ 0.00155574  0.00269972  0.00007973]
 [-0.00001514  0.00051982  0.0004875 ]
 [-0.00380132 -0.00287262 -0.00184758]
 [ 0.00063525 -0.00021811  0.00004738]
 [-0.00020082 -0.00010671 -0.00014472]
 [ 0.00015934 -0.00048003 -0.00028468]
 [-0.00117651 -0.00095216  0.00031518]
 [ 0.00033391  0.00013797  0.00051598]
 [-0.00001762  0.00008073 -0.00004726]
 [-0.00119563 -0.00025431 -0.0004768 ]
 [-0.0000402  -0.00042649 -0.00053968]
 [ 0.00042442 -0.00030293  0.00018984]
 [ 0.00198035  0.00037412 -0.0007553 ]
 [-0.00065273  0.00119543  0.0005438 ]
 [-0.00056673 -0.00005127  0.00037686]
 [ 0.00031044 -0.00005623  0.00022295]
 [-0.0015444   0.0000145  -0.00055218]
 [ 0.00052658  0.00034536  0.00014975]]
2023-01-17:10:42:29,850 INFO     [psi4.driver.task_planner:266] PLANNING Atomic:  keywords={'CART_HESS_READ': 0, 'SCF__GUESS': 'READ', 'OPTKING__INTRAFRAG_STEP_LIMIT': 0.75, 'SCF__INTS_TOLERANCE': 1e-12, 'function_kwargs': {}}
2023-01-17:10:42:29,853 INFO     [psi4.driver.driver:617] Compute gradient(): method=scf, basis=cc-pvdz, molecule=default, nre=1902.6196350410735
2023-01-17:10:42:55,124 INFO     [psi4.driver.driver:620] Return gradient(): -1386.7176374434684
2023-01-17:10:42:55,125 INFO     [psi4.driver.driver:621] [[ 0.00184038  0.00149787  0.00827596]
 [ 0.00704027 -0.00008541  0.00266118]
 [-0.00530452  0.0011663   0.00543466]
 [-0.00027088  0.00068852  0.0011678 ]
 [-0.00398128 -0.00192652 -0.00339988]
 [ 0.00086018  0.01170044 -0.00125682]
 [-0.0072703   0.00011534 -0.0028108 ]
 [-0.00188963 -0.00120217 -0.0085381 ]
 [ 0.00703584 -0.00180838 -0.00477638]
 [ 0.00071528 -0.00024787 -0.00082563]
 [-0.00090566  0.00172203  0.00816202]
 [ 0.00592608  0.00036847  0.00462165]
 [-0.00022092  0.0074652  -0.01008167]
 [-0.00707644 -0.01846211 -0.00109113]
 [ 0.00106587 -0.00762497  0.00340757]
 [-0.00275007 -0.00094763  0.00762496]
 [ 0.00396243 -0.00844243  0.00135057]
 [-0.00190763 -0.00478726  0.00568357]
 [-0.0060358   0.00415416  0.00056197]
 [ 0.00645894 -0.0027813   0.00658923]
 [ 0.00225796  0.00435946 -0.00435012]
 [-0.00595216  0.00709615 -0.0043621 ]
 [ 0.01090083 -0.00448408 -0.00090293]
 [ 0.00169321  0.00049239  0.00232593]
 [-0.00103107  0.00345296  0.00167941]
 [ 0.00224951  0.00141905  0.00513635]
 [-0.00277384  0.00357465  0.00015442]
 [-0.00178545  0.00486622  0.00194324]
 [ 0.00221491 -0.00549734 -0.00282283]
 [-0.00043895  0.00042245 -0.00063559]
 [-0.00505623  0.00185939 -0.00395502]
 [ 0.00475192 -0.00527612 -0.00136274]
 [-0.00369558  0.00118233 -0.003227  ]
 [ 0.00074039 -0.00277878 -0.00105166]
 [-0.00218115 -0.000314   -0.00259448]
 [ 0.00226204  0.00216862 -0.00592943]
 [-0.00144848  0.00689439 -0.00280619]]
2023-01-17:10:42:55,402 INFO     [psi4.driver.task_planner:266] PLANNING Atomic:  keywords={'CART_HESS_READ': 0, 'SCF__GUESS': 'READ', 'OPTKING__INTRAFRAG_STEP_LIMIT': 0.75, 'SCF__INTS_TOLERANCE': 1e-12, 'function_kwargs': {}}
2023-01-17:10:42:55,405 INFO     [psi4.driver.driver:617] Compute gradient(): method=scf, basis=cc-pvdz, molecule=default, nre=1915.2125862307348
2023-01-17:10:43:20,390 INFO     [psi4.driver.driver:620] Return gradient(): -1386.7223810180865
2023-01-17:10:43:20,391 INFO     [psi4.driver.driver:621] [[ 0.00010741  0.00027476  0.00116573]
 [ 0.00039932  0.00009828 -0.00016951]
 [-0.00166477  0.00005707 -0.0004733 ]
 [-0.00228509  0.00044705  0.00031461]
 [-0.00338726 -0.00006797  0.00262434]
 [-0.00395806  0.0013166  -0.00539599]
 [-0.00132472 -0.00033911  0.00015197]
 [-0.00027436 -0.00029876 -0.00167231]
 [ 0.00215635 -0.00012695 -0.00004377]
 [ 0.00077953 -0.00003525 -0.0000077 ]
 [ 0.00045995  0.00008922  0.00001135]
 [ 0.00181107  0.00006847  0.00073431]
 [-0.00039068 -0.00164441  0.00292634]
 [ 0.00018127 -0.00043184 -0.00106702]
 [ 0.0008647  -0.00096879  0.00086137]
 [-0.00044966  0.00057149  0.00018744]
 [ 0.00093955 -0.00057696 -0.00028957]
 [ 0.00011394 -0.00016544  0.00019887]
 [-0.00063962  0.00005641 -0.00240153]
 [ 0.00226158  0.0014593   0.00266481]
 [ 0.00073823 -0.00001626  0.00013262]
 [-0.00091592 -0.00169404 -0.00061926]
 [ 0.00678057  0.00323787  0.00098526]
 [ 0.00083459  0.00076746  0.00148382]
 [ 0.00014549  0.00179841  0.00142901]
 [-0.00015124  0.00125458  0.00222684]
 [ 0.00103532 -0.0001544   0.00133506]
 [-0.00035785  0.0030524   0.00181521]
 [-0.00083499 -0.00337534 -0.00294211]
 [-0.00136946  0.00084149 -0.00171622]
 [-0.00027971 -0.00252345 -0.00186634]
 [-0.00005662  0.00070462 -0.00089482]
 [ 0.00105092 -0.00138688  0.00012602]
 [-0.00020791 -0.0017089  -0.00107697]
 [-0.00094628 -0.00055216 -0.00142675]
 [-0.00127385 -0.0004317   0.00077247]
 [ 0.00010828  0.00040315 -0.00008428]]
2023-01-17:10:43:20,765 INFO     [psi4.driver.task_planner:266] PLANNING Atomic:  keywords={'CART_HESS_READ': 0, 'SCF__GUESS': 'READ', 'OPTKING__INTRAFRAG_STEP_LIMIT': 0.75, 'SCF__INTS_TOLERANCE': 1e-12, 'function_kwargs': {}}
2023-01-17:10:43:20,768 INFO     [psi4.driver.driver:617] Compute gradient(): method=scf, basis=cc-pvdz, molecule=default, nre=1911.0990450734946
2023-01-17:10:43:46,55 INFO     [psi4.driver.driver:620] Return gradient(): -1386.7214398520935
2023-01-17:10:43:46,57 INFO     [psi4.driver.driver:621] [[-0.00238759  0.00030074  0.00460071]
 [-0.01080804 -0.00000168  0.00738774]
 [-0.00001675  0.00171209  0.00053883]
 [-0.01576598 -0.0010189   0.0088318 ]
 [-0.01233567 -0.00243694  0.0064659 ]
 [-0.00568899  0.00282579  0.00618409]
 [ 0.01334243 -0.00082244 -0.00662737]
 [ 0.00278378 -0.00048534 -0.00414428]
 [-0.00076707 -0.00018898 -0.00418586]
 [ 0.01193778  0.00044651 -0.00764181]
 [ 0.01321682  0.00093323 -0.00436288]
 [ 0.00383849  0.00022889 -0.00087096]
 [ 0.0000094   0.00342958 -0.00477623]
 [ 0.00070967 -0.00852633 -0.00029851]
 [ 0.002126   -0.00010781  0.00036666]
 [ 0.00039763 -0.00214912  0.00025871]
 [ 0.00039077 -0.00076633 -0.00086565]
 [ 0.00017731 -0.00003976 -0.00015124]
 [ 0.00030939 -0.00103355 -0.00088642]
 [ 0.00326696 -0.00023077  0.00137582]
 [-0.00039992 -0.0003465   0.00016622]
 [ 0.00036607 -0.00094274  0.00037775]
 [-0.00165246  0.00675441 -0.00168316]
 [ 0.00140285  0.00108394  0.00198409]
 [ 0.00000106  0.00486828  0.0027562 ]
 [ 0.00057245  0.00458433  0.00271313]
 [ 0.00070148  0.00015783  0.00090206]
 [ 0.00016064  0.00669123  0.00375909]
 [-0.00091993 -0.00528647 -0.00270419]
 [-0.00167596  0.00312673  0.00111937]
 [-0.00177445 -0.00358674 -0.00427113]
 [-0.00045294 -0.00048834 -0.00067785]
 [ 0.00048458 -0.00439093 -0.00247808]
 [ 0.00006391 -0.00429948 -0.0024896 ]
 [-0.00144212 -0.00094956 -0.00201559]
 [-0.00009784  0.00167287  0.00145277]
 [-0.00007376 -0.00071773 -0.0001101 ]]
2023-01-17:10:43:46,311 INFO     [psi4.driver.task_planner:266] PLANNING Atomic:  keywords={'CART_HESS_READ': 0, 'SCF__GUESS': 'READ', 'OPTKING__INTRAFRAG_STEP_LIMIT': 0.75, 'SCF__INTS_TOLERANCE': 1e-12, 'function_kwargs': {}}
2023-01-17:10:43:46,314 INFO     [psi4.driver.driver:617] Compute gradient(): method=scf, basis=cc-pvdz, molecule=default, nre=1914.8209557672253
2023-01-17:10:44:11,64 INFO     [psi4.driver.driver:620] Return gradient(): -1386.724986029688
2023-01-17:10:44:11,66 INFO     [psi4.driver.driver:621] [[-0.00030887  0.00004978  0.00205409]
 [-0.0020372  -0.00021579  0.00133425]
 [-0.00003476  0.00215368  0.00125872]
 [-0.00562413 -0.00128661  0.00254298]
 [-0.00524861 -0.00251924  0.00205761]
 [-0.00490728 -0.00108075  0.00374126]
 [ 0.00684614 -0.00047117 -0.00067461]
 [ 0.00098501 -0.00027104 -0.00245621]
 [-0.00281961 -0.00045219 -0.00458872]
 [ 0.0038698   0.00061404 -0.002401  ]
 [ 0.00462726  0.00098465  0.00192726]
 [ 0.00083924  0.00004535 -0.00034188]
 [-0.00008675  0.00115642 -0.00101028]
 [ 0.00183572 -0.0018709  -0.00105876]
 [ 0.00223517  0.00022522  0.00022513]
 [ 0.00054291 -0.00297686  0.00006991]
 [ 0.00011501 -0.00004138 -0.00109657]
 [ 0.00039075  0.00019022 -0.00054682]
 [ 0.00091377 -0.00095741 -0.00125723]
 [ 0.0015901   0.00230246  0.00150037]
 [-0.00059683 -0.00045088  0.00022298]
 [ 0.00084208 -0.00151258  0.00080086]
 [-0.00207234  0.00691301 -0.00294104]
 [ 0.00069029  0.00016804  0.00065298]
 [ 0.00009939  0.00084575  0.00063741]
 [ 0.00053219  0.00003966 -0.00001333]
 [ 0.00114085 -0.00113018  0.00070742]
 [ 0.00035152  0.00166591  0.00112298]
 [-0.00105662 -0.00157437 -0.00081892]
 [-0.00205575  0.00146029 -0.00007433]
 [-0.00031676 -0.00184808 -0.00172729]
 [-0.00054749  0.00062805  0.00012805]
 [ 0.0004454  -0.00067308 -0.0004104 ]
 [-0.00001486 -0.0007519  -0.00075459]
 [-0.00079672 -0.00004502 -0.00082628]
 [-0.00034205  0.00182885  0.00204402]
 [-0.00002598 -0.00114196 -0.00003004]]
2023-01-17:10:44:11,332 INFO     [psi4.driver.task_planner:266] PLANNING Atomic:  keywords={'CART_HESS_READ': 0, 'SCF__GUESS': 'READ', 'OPTKING__INTRAFRAG_STEP_LIMIT': 0.75, 'SCF__INTS_TOLERANCE': 1e-12, 'function_kwargs': {}}
2023-01-17:10:44:11,336 INFO     [psi4.driver.driver:617] Compute gradient(): method=scf, basis=cc-pvdz, molecule=default, nre=1918.9555156549227
2023-01-17:10:44:37,51 INFO     [psi4.driver.driver:620] Return gradient(): -1386.7268454015514
2023-01-17:10:44:37,53 INFO     [psi4.driver.driver:621] [[-0.00311129 -0.00111593  0.00063387]
 [ 0.00143336 -0.00022121  0.00191012]
 [-0.00470768  0.00033629  0.00202383]
 [-0.00190338 -0.00159072  0.00345821]
 [ 0.00455138 -0.0000246   0.00415743]
 [-0.00105374 -0.00341191  0.00602623]
 [ 0.00574331 -0.00003208 -0.00239158]
 [ 0.00355438  0.00162084 -0.00043833]
 [ 0.00035168  0.00058721 -0.00593891]
 [ 0.00150111  0.00113721 -0.00338524]
 [-0.00366977 -0.00121655  0.0000557 ]
 [-0.00141541 -0.0000364  -0.00212669]
 [ 0.00034538  0.00075416 -0.00129751]
 [ 0.00188844  0.00231948 -0.00152894]
 [ 0.00049947  0.00109316 -0.00015508]
 [ 0.00191691 -0.00232065  0.00012434]
 [-0.00316915  0.00027965  0.00134352]
 [ 0.00033533  0.00048883 -0.00070333]
 [ 0.00069296  0.00151018 -0.00252169]
 [ 0.00003545  0.0001911   0.00460248]
 [-0.00119161 -0.00026563  0.0001443 ]
 [ 0.00279953  0.00071955 -0.00107432]
 [-0.00749051  0.00322741 -0.00154558]
 [-0.00028026 -0.00095676 -0.00086209]
 [-0.00041468 -0.00127931 -0.0009386 ]
 [-0.00010259  0.00082676 -0.00080508]
 [ 0.00014743 -0.0031421  -0.00141435]
 [ 0.00034508 -0.0022593  -0.00063215]
 [ 0.00200658 -0.00304691 -0.00254225]
 [-0.00052584  0.00222496  0.00103196]
 [ 0.00005277 -0.00007229 -0.000161  ]
 [ 0.00087938  0.00120799  0.0017399 ]
 [-0.00056498  0.00109551 -0.00013561]
 [ 0.00047805  0.00149428  0.00062386]
 [ 0.00016188  0.00091862  0.00061942]
 [-0.00045648  0.00044505  0.00240057]
 [ 0.00033753 -0.00148588 -0.00029744]]
2023-01-17:10:44:37,236 INFO     [psi4.driver.task_planner:266] PLANNING Atomic:  keywords={'CART_HESS_READ': 0, 'SCF__GUESS': 'READ', 'OPTKING__INTRAFRAG_STEP_LIMIT': 1.0, 'SCF__INTS_TOLERANCE': 1e-12, 'function_kwargs': {}}
2023-01-17:10:44:37,240 INFO     [psi4.driver.driver:617] Compute gradient(): method=scf, basis=cc-pvdz, molecule=default, nre=1916.8923564987824
2023-01-17:10:45:02,516 INFO     [psi4.driver.driver:620] Return gradient(): -1386.728384943362
2023-01-17:10:45:02,517 INFO     [psi4.driver.driver:621] [[-0.00260368 -0.00148598  0.0005204 ]
 [ 0.00314106  0.00078432  0.00057617]
 [-0.00451254 -0.00199102  0.00269971]
 [-0.00108109 -0.00153619  0.00263845]
 [ 0.00399425  0.00125531  0.00163153]
 [-0.00415772 -0.00446946  0.00812618]
 [ 0.00363766 -0.00045967 -0.00061424]
 [ 0.00250271  0.00259859  0.00009016]
 [ 0.00142923  0.00243463 -0.00595492]
 [ 0.00113107  0.00161403 -0.00234171]
 [-0.00319862 -0.00228634  0.00133543]
 [-0.00121917  0.00036846 -0.00217239]
 [ 0.00079119  0.00055597 -0.00053353]
 [ 0.00203282  0.00029556 -0.00220033]
 [ 0.00113044  0.0017752  -0.00077361]
 [ 0.0018374  -0.00452981 -0.00000019]
 [-0.00147695  0.00094381 -0.00004854]
 [ 0.00048806  0.00051045 -0.00078191]
 [ 0.00248246 -0.0004359  -0.00254635]
 [-0.00272156  0.00340758  0.00337386]
 [-0.00134655 -0.00046338 -0.00015964]
 [ 0.00247085  0.00024727  0.0008954 ]
 [-0.00526267  0.00330274 -0.00462363]
 [-0.00071269 -0.00042    -0.00120876]
 [-0.00052924 -0.00176132 -0.00125903]
 [-0.00063149  0.00130643 -0.00180887]
 [ 0.0009016  -0.00283463 -0.00028125]
 [ 0.00015324 -0.00046708 -0.00004074]
 [ 0.00046267 -0.000899   -0.0007549 ]
 [-0.00194245  0.00188087  0.00038052]
 [ 0.00167788 -0.00277132  0.0002122 ]
 [-0.00074076  0.00091456  0.00104038]
 [ 0.00087264  0.00036274  0.00075766]
 [ 0.0005729   0.00152654  0.0005554 ]
 [ 0.00068954  0.00043766  0.00099219]
 [-0.00035973  0.00227946  0.00248642]
 [ 0.00009724 -0.00199109 -0.00020751]]
2023-01-17:10:45:02,766 INFO     [psi4.driver.task_planner:266] PLANNING Atomic:  keywords={'CART_HESS_READ': 0, 'SCF__GUESS': 'READ', 'OPTKING__INTRAFRAG_STEP_LIMIT': 1.0, 'SCF__INTS_TOLERANCE': 1e-12, 'function_kwargs': {}}
2023-01-17:10:45:02,769 INFO     [psi4.driver.driver:617] Compute gradient(): method=scf, basis=cc-pvdz, molecule=default, nre=1903.5780613274696
2023-01-17:10:45:28,465 INFO     [psi4.driver.driver:620] Return gradient(): -1386.718222964069
2023-01-17:10:45:28,466 INFO     [psi4.driver.driver:621] [[-0.00144729 -0.00057673 -0.00188252]
 [ 0.02694785  0.02080546 -0.00771469]
 [-0.02251296 -0.01390661 -0.00041562]
 [ 0.01331549  0.01105244 -0.00907151]
 [ 0.01850248  0.01066504 -0.01227832]
 [ 0.00040025  0.01718186 -0.00680181]
 [-0.03563664 -0.02273012  0.0151867 ]
 [-0.00000584 -0.00254384 -0.0030655 ]
 [ 0.02569422  0.01696339  0.00528321]
 [-0.00972068 -0.00871293  0.00771286]
 [-0.02361081 -0.01617863  0.00485898]
 [ 0.00500467  0.00147981  0.00120915]
 [-0.00132443 -0.00144467  0.0058843 ]
 [ 0.00027647 -0.00698793 -0.00060756]
 [ 0.00008924 -0.00500166 -0.0004087 ]
 [ 0.00096375  0.00290857  0.00140345]
 [ 0.00706141 -0.00528949 -0.0018568 ]
 [-0.00246077 -0.00159428  0.00213331]
 [-0.00117519 -0.0045619  -0.0015242 ]
 [-0.01042256  0.01387146 -0.0050459 ]
 [ 0.00375866  0.00137572 -0.00123567]
 [ 0.00039064 -0.00087108 -0.00030406]
 [ 0.02113867 -0.02396281 -0.00019201]
 [ 0.00042706  0.00392305  0.00406901]
 [ 0.00137036  0.00538359  0.00559936]
 [-0.00502086  0.01295141  0.00602523]
 [ 0.00413403  0.00678408  0.00923731]
 [-0.00131161  0.01351269  0.00724989]
 [-0.01105525  0.00020569 -0.00118041]
 [-0.00127021 -0.00757954 -0.00647907]
 [ 0.00381867 -0.00712349  0.00110193]
 [-0.00413011 -0.00410868 -0.00694495]
 [ 0.00493948 -0.00771552  0.00102229]
 [-0.00193511 -0.00542627 -0.00508724]
 [ 0.00050519 -0.00462715 -0.00223234]
 [-0.00317655  0.00422968 -0.00301159]
 [-0.0025217   0.00764939 -0.00063651]]
2023-01-17:10:45:28,708 INFO     [psi4.driver.task_planner:266] PLANNING Atomic:  keywords={'CART_HESS_READ': 0, 'SCF__GUESS': 'READ', 'OPTKING__INTRAFRAG_STEP_LIMIT': 1.0, 'SCF__INTS_TOLERANCE': 1e-12, 'function_kwargs': {}}
2023-01-17:10:45:28,711 INFO     [psi4.driver.driver:617] Compute gradient(): method=scf, basis=cc-pvdz, molecule=default, nre=1911.3430523506179
2023-01-17:10:45:53,486 INFO     [psi4.driver.driver:620] Return gradient(): -1386.7290235301418
2023-01-17:10:45:53,488 INFO     [psi4.driver.driver:621] [[ 0.00037523 -0.00034041  0.0012688 ]
 [ 0.00279605  0.00207155  0.00152983]
 [-0.00142372 -0.00028382  0.00014464]
 [-0.00007779 -0.00021481  0.0007914 ]
 [ 0.0003064  -0.00294194 -0.00270475]
 [-0.00067208  0.00167266  0.00133556]
 [-0.00207352 -0.00060504  0.00051293]
 [-0.0003788  -0.00019932 -0.00400716]
 [ 0.00098866  0.00210038  0.00014671]
 [ 0.00024881 -0.0000441  -0.00062803]
 [ 0.00060601 -0.00110853  0.00325359]
 [ 0.00095957 -0.00011433  0.00064567]
 [-0.00056407  0.00042303 -0.00324367]
 [ 0.00029466  0.00050739 -0.0006613 ]
 [ 0.00068908 -0.00350224 -0.00022745]
 [ 0.00068457 -0.00098844  0.00061124]
 [-0.00143057 -0.00032353  0.0008162 ]
 [-0.00074601 -0.00063845  0.00061179]
 [-0.00112889 -0.00292849  0.00048681]
 [-0.0002371  -0.00096184  0.00168856]
 [ 0.00127021  0.00068503 -0.0003799 ]
 [ 0.00245361 -0.00044608 -0.00178298]
 [ 0.00368192 -0.00277322  0.00051977]
 [ 0.00027653  0.00041427  0.00079755]
 [ 0.00028553  0.00272428  0.00196308]
 [ 0.00000323  0.00127194  0.0024256 ]
 [ 0.00026216  0.00251029  0.00072712]
 [ 0.00015451  0.00284955  0.00180541]
 [-0.00070501 -0.00044865 -0.00214012]
 [ 0.00002993  0.00022241  0.00138335]
 [-0.0012228   0.00124158 -0.00161911]
 [ 0.00081974 -0.00414574 -0.00032741]
 [-0.00211929  0.00127751 -0.00354713]
 [-0.00043562 -0.00203177 -0.00119802]
 [-0.00011115 -0.00059128 -0.0003873 ]
 [-0.00270473  0.00277184 -0.00044991]
 [-0.00115526  0.0028883  -0.00016137]]
2023-01-17:10:45:53,757 INFO     [psi4.driver.task_planner:266] PLANNING Atomic:  keywords={'CART_HESS_READ': 0, 'SCF__GUESS': 'READ', 'OPTKING__INTRAFRAG_STEP_LIMIT': 1.0, 'SCF__INTS_TOLERANCE': 1e-12, 'function_kwargs': {}}
2023-01-17:10:45:53,760 INFO     [psi4.driver.driver:617] Compute gradient(): method=scf, basis=cc-pvdz, molecule=default, nre=1913.8430829405984
2023-01-17:10:46:18,435 INFO     [psi4.driver.driver:620] Return gradient(): -1386.728889851695
2023-01-17:10:46:18,436 INFO     [psi4.driver.driver:621] [[ 0.00011682 -0.00368361  0.00655395]
 [-0.00630889 -0.00673603  0.00341672]
 [ 0.00299565 -0.00065656  0.00583777]
 [-0.00396536 -0.00637993  0.00583668]
 [-0.00487157 -0.0032985  -0.00362759]
 [ 0.00051605  0.00152537  0.00321571]
 [ 0.00610176  0.0053929  -0.00244307]
 [-0.00055902  0.00360484 -0.00703312]
 [-0.00285414  0.00101857 -0.00571575]
 [ 0.00423777  0.00618652 -0.00539169]
 [ 0.0068014   0.00411726  0.00220804]
 [ 0.00054297  0.00039954 -0.00008937]
 [-0.00010012  0.00032576 -0.00309782]
 [-0.00010956 -0.00101968  0.00004984]
 [ 0.00004995 -0.00062629  0.00002184]
 [-0.00064829 -0.0003738  -0.00037339]
 [-0.00084605 -0.00043271 -0.00016286]
 [-0.00023483 -0.0003377   0.00031299]
 [ 0.00076105 -0.00058741  0.0005109 ]
 [-0.00017564 -0.00095673  0.00112623]
 [ 0.00041336  0.0002523  -0.00016517]
 [ 0.00007559  0.00056696 -0.00076405]
 [-0.00104661 -0.0015872   0.00055363]
 [ 0.00048078  0.00026535  0.00070756]
 [ 0.00038221  0.00142037  0.00115524]
 [ 0.00060464  0.00154717  0.00128765]
 [ 0.00041751  0.00045904  0.00090588]
 [ 0.00033248  0.00143783  0.00117738]
 [-0.00113842 -0.00133364 -0.001218  ]
 [ 0.00072595  0.00116259  0.00036015]
 [-0.00093453 -0.00028231 -0.00111015]
 [-0.00027529 -0.00020395 -0.00112051]
 [-0.00093724 -0.00176811 -0.00169034]
 [-0.00015161 -0.00071303 -0.00074522]
 [-0.0003796  -0.00039661 -0.00039094]
 [ 0.0003436   0.00090576  0.00007561]
 [-0.00036276  0.00078568 -0.00017472]]
2023-01-17:10:46:18,772 INFO     [psi4.driver.task_planner:266] PLANNING Atomic:  keywords={'CART_HESS_READ': 0, 'SCF__GUESS': 'READ', 'OPTKING__INTRAFRAG_STEP_LIMIT': 1.0, 'SCF__INTS_TOLERANCE': 1e-12, 'function_kwargs': {}}
2023-01-17:10:46:18,775 INFO     [psi4.driver.driver:617] Compute gradient(): method=scf, basis=cc-pvdz, molecule=default, nre=1916.1601032833535
2023-01-17:10:46:43,465 INFO     [psi4.driver.driver:620] Return gradient(): -1386.730287261729
2023-01-17:10:46:43,466 INFO     [psi4.driver.driver:621] [[-0.00018487 -0.00044721  0.000483  ]
 [-0.00047723 -0.00055106  0.00028351]
 [-0.00000701 -0.00039688  0.00047462]
 [-0.00015495 -0.00023545  0.00073481]
 [ 0.00125427 -0.00013518 -0.00151445]
 [ 0.00049658  0.00057048  0.00226718]
 [-0.00106489 -0.00041283 -0.0008817 ]
 [ 0.00003468  0.00015802 -0.00002752]
 [ 0.00151123  0.00075206  0.00072733]
 [ 0.00005369  0.00027294 -0.00035501]
 [ 0.00039194  0.0007174  -0.00048738]
 [ 0.00033148  0.00017888  0.00000947]
 [ 0.00007206  0.00056963 -0.00233847]
 [-0.00039465 -0.00059248  0.00042754]
 [-0.00009736 -0.00029859 -0.00002415]
 [-0.0007574   0.0002329  -0.00054222]
 [-0.00040928  0.00042537 -0.0001487 ]
 [-0.00020956 -0.0002193   0.0002403 ]
 [ 0.00017159 -0.00152213 -0.00008905]
 [ 0.00017005 -0.00050549  0.00125108]
 [ 0.00035553  0.00006447 -0.00010693]
 [-0.00027191  0.00015055  0.00021283]
 [-0.00126999  0.00027608  0.00058171]
 [-0.00003769 -0.00001751 -0.000118  ]
 [-0.00008723 -0.00007962 -0.00016253]
 [ 0.00029919 -0.0016029  -0.00074782]
 [-0.00037806  0.00073522  0.00011357]
 [-0.00007876 -0.00036386 -0.00024854]
 [ 0.0004639   0.00122346  0.00062695]
 [ 0.00011052 -0.00038361  0.00053468]
 [-0.00012476  0.00084992 -0.00007136]
 [-0.00043617 -0.00020154 -0.0005333 ]
 [-0.00041998  0.00044149 -0.00047376]
 [ 0.00002671  0.00015255  0.00016485]
 [ 0.00015761 -0.0000271   0.00012034]
 [ 0.00103692  0.00026531 -0.00037439]
 [-0.0000762  -0.00004399 -0.00000848]]
2023-01-17:10:46:43,707 INFO     [psi4.driver.task_planner:266] PLANNING Atomic:  keywords={'CART_HESS_READ': 0, 'SCF__GUESS': 'READ', 'OPTKING__INTRAFRAG_STEP_LIMIT': 1.0, 'SCF__INTS_TOLERANCE': 1e-12, 'function_kwargs': {}}
2023-01-17:10:46:43,710 INFO     [psi4.driver.driver:617] Compute gradient(): method=scf, basis=cc-pvdz, molecule=default, nre=1919.733832443882
2023-01-17:10:47:07,730 INFO     [psi4.driver.driver:620] Return gradient(): -1386.729870501982
2023-01-17:10:47:07,731 INFO     [psi4.driver.driver:621] [[-0.00077    -0.00053476 -0.00009748]
 [-0.00161679 -0.00082507 -0.00085663]
 [ 0.00024019 -0.00034151  0.00226923]
 [ 0.00049362  0.00064063  0.00022604]
 [ 0.00050902 -0.00105164  0.00078851]
 [-0.00176866  0.0020263  -0.00057543]
 [ 0.00082253  0.00077085 -0.00083137]
 [ 0.00167346 -0.00011186  0.00233033]
 [ 0.00004171  0.00065341 -0.00093728]
 [ 0.00021593  0.00047773 -0.00049863]
 [-0.0010487   0.00024102 -0.00221877]
 [-0.00048446  0.00013194 -0.00076412]
 [ 0.00018749 -0.00054622  0.00295533]
 [ 0.00028724 -0.00156531 -0.00147127]
 [-0.00163883  0.00318977 -0.00049176]
 [-0.00075941  0.00035897 -0.00031145]
 [ 0.00080531  0.00253609 -0.00135831]
 [ 0.00054806  0.00015669 -0.00026302]
 [ 0.00197353 -0.00318218 -0.00160402]
 [ 0.00051961  0.00345055 -0.00122445]
 [-0.0003761   0.0002226   0.00069821]
 [-0.00349888 -0.00140996  0.00207233]
 [-0.00011701  0.00235106  0.00154399]
 [-0.00145116 -0.00003807 -0.00190381]
 [-0.00071864 -0.00326647 -0.00254855]
 [-0.00145094 -0.00349401 -0.00274401]
 [-0.00054092 -0.00060096 -0.00097193]
 [-0.00072954 -0.00252199 -0.00214551]
 [-0.00050898  0.00344148  0.00275192]
 [-0.00002539 -0.00143469 -0.00110909]
 [ 0.00225956 -0.0011078   0.00275299]
 [-0.00033339  0.00156998  0.00061703]
 [ 0.0019176   0.00144639  0.0035657 ]
 [ 0.00052313  0.00231143  0.00163428]
 [ 0.00116568  0.00008222  0.00149144]
 [ 0.00245673 -0.00136841 -0.00127324]
 [ 0.00119738 -0.0026582   0.0005028 ]]
2023-01-17:10:47:07,943 INFO     [psi4.driver.task_planner:266] PLANNING Atomic:  keywords={'CART_HESS_READ': 0, 'SCF__GUESS': 'READ', 'OPTKING__INTRAFRAG_STEP_LIMIT': 1.0, 'SCF__INTS_TOLERANCE': 1e-12, 'function_kwargs': {}}
2023-01-17:10:47:07,946 INFO     [psi4.driver.driver:617] Compute gradient(): method=scf, basis=cc-pvdz, molecule=default, nre=1922.4179676658732
2023-01-17:10:47:33,578 INFO     [psi4.driver.driver:620] Return gradient(): -1386.7301233122323
2023-01-17:10:47:33,579 INFO     [psi4.driver.driver:621] [[-0.00038267  0.00066359 -0.00120063]
 [ 0.00207586 -0.00040565  0.00171652]
 [-0.0006353  -0.00011355  0.00101455]
 [ 0.00295105  0.00231118 -0.000252  ]
 [-0.00044359  0.00139876  0.00099493]
 [-0.00046053  0.00168889 -0.00322   ]
 [ 0.00038665 -0.00106277  0.00017082]
 [ 0.0000643   0.00085864 -0.00046954]
 [ 0.00012933 -0.00150605  0.00055059]
 [-0.00136565 -0.00068649 -0.00024589]
 [-0.00375442 -0.00131749 -0.00257537]
 [-0.00108364 -0.00091873  0.00029433]
 [-0.00022451 -0.00254434  0.00651522]
 [ 0.00134314  0.00181759 -0.00148467]
 [-0.00078074  0.00118217  0.00049191]
 [ 0.00281401 -0.00278641 -0.00027289]
 [-0.00159808 -0.0023082   0.00102259]
 [ 0.00093616 -0.00025939 -0.0007198 ]
 [ 0.00176299  0.00411836 -0.00101432]
 [ 0.0003995   0.00114248 -0.00093237]
 [-0.00114578  0.00046061  0.00044439]
 [ 0.00118357  0.00122044 -0.00057179]
 [ 0.00090669 -0.00503471 -0.00224321]
 [ 0.00031999  0.00041457  0.0006016 ]
 [ 0.00035646  0.0004344   0.00078733]
 [ 0.00070585  0.00422199  0.00411501]
 [ 0.00044939 -0.00010771 -0.0011002 ]
 [ 0.00081431  0.00184895  0.00185304]
 [-0.00234512 -0.00557841 -0.00276364]
 [ 0.00172554  0.00324369  0.0000364 ]
 [-0.00093875 -0.0035984  -0.0012116 ]
 [-0.00063696  0.00096008 -0.00169198]
 [ 0.00017098 -0.0030604   0.00021842]
 [ 0.00032203 -0.00013537 -0.00077914]
 [-0.0006714  -0.00011983 -0.00006333]
 [-0.00312141  0.00287273  0.00247659]
 [-0.00022928  0.00068479 -0.00049188]]
2023-01-17:10:47:33,758 INFO     [psi4.driver.task_planner:266] PLANNING Atomic:  keywords={'CART_HESS_READ': 0, 'SCF__GUESS': 'READ', 'OPTKING__INTRAFRAG_STEP_LIMIT': 0.25, 'SCF__INTS_TOLERANCE': 1e-12, 'function_kwargs': {}}
2023-01-17:10:47:33,761 INFO     [psi4.driver.driver:617] Compute gradient(): method=scf, basis=cc-pvdz, molecule=default, nre=1919.0838071322157
2023-01-17:10:47:58,4 INFO     [psi4.driver.driver:620] Return gradient(): -1386.7307154700493
2023-01-17:10:47:58,5 INFO     [psi4.driver.driver:621] [[ 0.00009292  0.00036531 -0.00033253]
 [-0.00042117 -0.00058076  0.00009456]
 [ 0.00075696  0.00030601  0.00043862]
 [ 0.00074042  0.00089036 -0.00018381]
 [-0.00003607  0.00004954 -0.00053457]
 [-0.00017056  0.00104067  0.00022996]
 [-0.00020822 -0.00039775  0.00022259]
 [-0.00004946 -0.0000706   0.00009296]
 [-0.00001189 -0.00086686  0.0007183 ]
 [-0.00030163 -0.00023753  0.00004971]
 [-0.00031396  0.00054284 -0.00106546]
 [-0.00029819 -0.00029786  0.0001398 ]
 [ 0.00013129 -0.00030959  0.00111621]
 [ 0.0001326  -0.00025363 -0.00011731]
 [-0.00042118  0.00063751  0.00006246]
 [ 0.00071106 -0.00061699 -0.00063448]
 [-0.00032183 -0.00020702  0.00029566]
 [ 0.00031512 -0.00003861 -0.00025853]
 [ 0.00012422  0.00021117 -0.00039752]
 [ 0.00025624  0.00093686 -0.0004967 ]
 [-0.00036809  0.00009685  0.00010015]
 [ 0.00026372  0.00009504  0.00055677]
 [-0.00044407 -0.00096144 -0.00076215]
 [-0.00006803  0.00008766 -0.00003944]
 [ 0.00002331 -0.00026353 -0.00005908]
 [ 0.00034473  0.00015664  0.00027159]
 [-0.00036612  0.00013944 -0.00040293]
 [ 0.00004256  0.00014435  0.00011328]
 [-0.00024808 -0.00032612  0.00014425]
 [-0.00000974  0.00043104  0.00054695]
 [ 0.00025371 -0.00075031 -0.00010336]
 [-0.0006416   0.00076852 -0.00041586]
 [ 0.00070758 -0.00126567  0.00020346]
 [ 0.00013177  0.00015584 -0.00000243]
 [ 0.00004108 -0.00000117  0.00005816]
 [-0.00041653  0.00050913  0.00045104]
 [ 0.00004713 -0.00011932 -0.00010032]]
2023-01-17:10:47:58,250 INFO     [psi4.driver.task_planner:266] PLANNING Atomic:  keywords={'CART_HESS_READ': 0, 'SCF__GUESS': 'READ', 'OPTKING__INTRAFRAG_STEP_LIMIT': 0.25, 'SCF__INTS_TOLERANCE': 1e-12, 'function_kwargs': {}}
2023-01-17:10:47:58,253 INFO     [psi4.driver.driver:617] Compute gradient(): method=scf, basis=cc-pvdz, molecule=default, nre=1917.0143873781765
2023-01-17:10:48:22,474 INFO     [psi4.driver.driver:620] Return gradient(): -1386.7307646740828
2023-01-17:10:48:22,476 INFO     [psi4.driver.driver:621] [[ 0.0001057  -0.00032119  0.00044896]
 [ 0.00058897  0.00002349  0.00032808]
 [-0.00057501 -0.00041434 -0.00023504]
 [-0.00018262 -0.00004193  0.00027365]
 [ 0.00087851  0.00036956 -0.00021608]
 [-0.00012686  0.00040169  0.00131605]
 [-0.00069197 -0.0006296  -0.00029591]
 [-0.00026276  0.00055359 -0.00069877]
 [ 0.00071332  0.0004633   0.00003105]
 [-0.00005044  0.00017099 -0.00018628]
 [-0.00016343 -0.0000801   0.00011468]
 [ 0.00041264  0.00007167  0.00037923]
 [ 0.00025041  0.00137233 -0.00153479]
 [-0.00037543 -0.00190528  0.00070863]
 [ 0.00026106 -0.00049233  0.00011357]
 [-0.0003134  -0.00038845 -0.00055408]
 [-0.00000037 -0.00040336  0.00014121]
 [-0.00016552 -0.00022198  0.00022106]
 [-0.00086271  0.00010782  0.00114409]
 [ 0.00042366 -0.00071066  0.00012736]
 [ 0.00012794  0.00018946 -0.0004209 ]
 [ 0.00017018  0.00024734 -0.0000723 ]
 [-0.00009434 -0.00005277 -0.00020935]
 [ 0.00116581 -0.0000088   0.00124738]
 [ 0.00057491  0.00110681  0.00101937]
 [ 0.00038624  0.00019256  0.00062894]
 [ 0.00061886  0.00025366  0.00097626]
 [ 0.00059804  0.00111942  0.00112185]
 [ 0.00103226 -0.00064337  0.00062856]
 [ 0.00039081  0.00105948 -0.00014519]
 [-0.00146644 -0.00017746 -0.00143793]
 [-0.00133765  0.00102901 -0.00154009]
 [-0.00026736 -0.00208648 -0.00073992]
 [-0.00048262 -0.00116778 -0.00099015]
 [-0.0012435  -0.00000543 -0.00133895]
 [ 0.0002514   0.0002463  -0.00018211]
 [-0.0002883   0.00077283 -0.00017213]]
2023-01-17:10:48:22,834 INFO     [psi4.driver.task_planner:266] PLANNING Atomic:  keywords={'CART_HESS_READ': 0, 'SCF__GUESS': 'READ', 'OPTKING__INTRAFRAG_STEP_LIMIT': 0.0625, 'SCF__INTS_TOLERANCE': 1e-12, 'function_kwargs': {}}
2023-01-17:10:48:22,837 INFO     [psi4.driver.driver:617] Compute gradient(): method=scf, basis=cc-pvdz, molecule=default, nre=1917.7943561066866
2023-01-17:10:48:47,26 INFO     [psi4.driver.driver:620] Return gradient(): -1386.73087255483
2023-01-17:10:48:47,28 INFO     [psi4.driver.driver:621] [[ 0.00009151 -0.00005391  0.00011778]
 [-0.00003891 -0.00007599  0.00003975]
 [-0.00003319 -0.00000699  0.00007809]
 [-0.00002563  0.00001647  0.00006134]
 [ 0.0000785  -0.00029754 -0.00019886]
 [-0.00018651  0.00028579 -0.00015337]
 [-0.0001489  -0.00011622 -0.00014609]
 [-0.00009208  0.00005542 -0.00013329]
 [ 0.00024072  0.00009354  0.00015439]
 [ 0.00009557  0.0001079  -0.00001244]
 [ 0.0002403   0.00021174  0.00005922]
 [ 0.0001389   0.00001978  0.00009237]
 [ 0.00001024  0.00038447 -0.00023563]
 [-0.00004489 -0.00031166  0.00037902]
 [-0.00007351 -0.0000319  -0.00007301]
 [ 0.00005236 -0.00008766 -0.00000425]
 [-0.00014073  0.00002028 -0.00000404]
 [-0.00003967 -0.00005972  0.00001486]
 [-0.00041606 -0.00010554  0.0003656 ]
 [ 0.00014037  0.00002538 -0.00008819]
 [-0.00000065  0.00004346 -0.00009974]
 [ 0.00012407  0.00010915  0.00011047]
 [-0.00008521 -0.00056363 -0.0001747 ]
 [ 0.00021376 -0.00001947  0.00021359]
 [ 0.00009115  0.00025057  0.00020625]
 [ 0.00004058 -0.00015228  0.00004427]
 [-0.00020503  0.00022427 -0.00023455]
 [ 0.000149    0.00026301  0.00026727]
 [ 0.00064041 -0.00026694  0.00059106]
 [ 0.0002519   0.00063711  0.00060715]
 [-0.00021475 -0.00017269 -0.00034195]
 [-0.00033991 -0.00006846 -0.00055394]
 [-0.0002325  -0.00041472 -0.00040884]
 [-0.00005165 -0.00031369 -0.00018401]
 [-0.00023366  0.00006264 -0.00024471]
 [ 0.00010968  0.00011069 -0.00005643]
 [-0.00010559  0.00019739 -0.00005443]]
2023-01-17:10:48:47,702 INFO     [psi4.driver.task_planner:266] PLANNING Atomic:  keywords={'CART_HESS_READ': 0, 'SCF__GUESS': 'READ', 'OPTKING__INTRAFRAG_STEP_LIMIT': 0.0625, 'SCF__INTS_TOLERANCE': 1e-12, 'function_kwargs': {}}
2023-01-17:10:48:47,705 INFO     [psi4.driver.driver:617] Compute gradient(): method=scf, basis=cc-pvdz, molecule=default, nre=1918.2546476564676
2023-01-17:10:49:12,78 INFO     [psi4.driver.driver:620] Return gradient(): -1386.7309050908616
2023-01-17:10:49:12,79 INFO     [psi4.driver.driver:621] [[-0.00000839 -0.00005196  0.00005103]
 [-0.00009412 -0.00001638 -0.00002957]
 [ 0.00005796  0.00001571  0.00007009]
 [-0.00006518 -0.00007883  0.0000786 ]
 [ 0.00009075  0.00001116 -0.0001817 ]
 [-0.00012078  0.00006737  0.00033877]
 [ 0.00010757 -0.00000565 -0.00001848]
 [ 0.00000364  0.00003632 -0.00006165]
 [-0.00007776  0.00004389 -0.00009684]
 [ 0.00002829  0.00007199 -0.00003823]
 [ 0.0000593  -0.00001331  0.0000854 ]
 [ 0.00002533 -0.0000001   0.00000027]
 [-0.00004894  0.00018754 -0.00017149]
 [ 0.0000628  -0.00016786  0.00010293]
 [ 0.0000307  -0.00011799  0.00002685]
 [-0.00033247 -0.00003181 -0.00009563]
 [ 0.0001281  -0.00003708 -0.00001982]
 [-0.00005035 -0.00007491  0.00008419]
 [-0.00021482 -0.00016378  0.00014859]
 [ 0.00009636  0.00006347 -0.0001078 ]
 [ 0.00003557  0.0000192  -0.00007086]
 [-0.00003541  0.00022246  0.00011017]
 [ 0.00009517 -0.00004761 -0.00007714]
 [ 0.00000994 -0.00000884  0.00001374]
 [ 0.00001441  0.00002556  0.00001817]
 [ 0.00001893 -0.00018468 -0.00002989]
 [-0.0000564   0.00008767  0.00003695]
 [-0.00000517 -0.00003996 -0.00001323]
 [ 0.00030467  0.00006407  0.0002902 ]
 [ 0.00008981  0.00019824  0.0000511 ]
 [-0.00004652  0.00000899 -0.0000067 ]
 [-0.00031127  0.00028526 -0.00019973]
 [ 0.00004408 -0.0004128  -0.00009336]
 [ 0.00001441 -0.0000492  -0.0000103 ]
 [ 0.00000201  0.00000842 -0.00000419]
 [ 0.00017532 -0.00001506 -0.00015814]
 [-0.00002754  0.00010047 -0.0000223 ]]
2023-01-17:10:49:12,863 INFO     [psi4.driver.task_planner:266] PLANNING Atomic:  keywords={'CART_HESS_READ': 0, 'SCF__GUESS': 'READ', 'OPTKING__INTRAFRAG_STEP_LIMIT': 0.0625, 'SCF__INTS_TOLERANCE': 1e-12, 'function_kwargs': {}}
2023-01-17:10:49:12,866 INFO     [psi4.driver.driver:617] Compute gradient(): method=scf, basis=cc-pvdz, molecule=default, nre=1918.2028711258326
2023-01-17:10:49:36,881 INFO     [psi4.driver.driver:620] Return gradient(): -1386.7309253443827
2023-01-17:10:49:36,882 INFO     [psi4.driver.driver:621] [[ 0.00002495 -0.00008719  0.00010904]
 [-0.00008406 -0.00007829 -0.00005061]
 [-0.00001539  0.00003231  0.00020626]
 [-0.00006264 -0.00013372  0.00003242]
 [-0.00012142 -0.0000566  -0.00010619]
 [-0.00005861  0.00005566 -0.00009208]
 [ 0.00021578  0.00009429  0.00000379]
 [-0.00002515  0.0000537  -0.00010072]
 [-0.00012818  0.00004694 -0.00018498]
 [ 0.00008433  0.00011695 -0.00003166]
 [ 0.00015703  0.00002988  0.00015119]
 [ 0.00001423  0.00002622 -0.00000689]
 [-0.00007141  0.00000267  0.00000349]
 [ 0.0000785  -0.00006703  0.00001782]
 [ 0.00000322 -0.00001936  0.00000196]
 [-0.00014309 -0.00001995  0.00002414]
 [ 0.00002034 -0.0000261  -0.00005537]
 [-0.00002928 -0.0000381   0.00003823]
 [-0.00002945 -0.00001357  0.00001927]
 [ 0.00005026  0.00002826  0.00006892]
 [ 0.00002289  0.00002916 -0.00004136]
 [-0.00000772  0.00010411  0.00010851]
 [ 0.00001453 -0.00006665  0.00001781]
 [ 0.00007765  0.00000506  0.00007148]
 [ 0.00003246  0.00003939  0.00004395]
 [-0.00000314 -0.00005873 -0.00000515]
 [ 0.00005425 -0.00003113  0.00005264]
 [ 0.00004938  0.00008736  0.00007883]
 [ 0.00008792 -0.00005383  0.00012316]
 [-0.00008786  0.00012311  0.00002096]
 [-0.00004466 -0.00009981 -0.00011195]
 [-0.00008937  0.00009128 -0.00015551]
 [-0.00000679 -0.00010338 -0.00005095]
 [-0.00003179 -0.00006096 -0.00003147]
 [-0.00007502  0.00001466 -0.00007584]
 [ 0.00012321  0.00001653 -0.00007817]
 [ 0.0000041   0.00001687 -0.00001497]]
2023-01-17:10:49:37,227 INFO     [psi4.driver.task_planner:266] PLANNING Atomic:  keywords={'CART_HESS_READ': 0, 'SCF__GUESS': 'READ', 'OPTKING__INTRAFRAG_STEP_LIMIT': 0.1875, 'SCF__INTS_TOLERANCE': 1e-12, 'function_kwargs': {}}
2023-01-17:10:49:37,230 INFO     [psi4.driver.driver:617] Compute gradient(): method=scf, basis=cc-pvdz, molecule=default, nre=1917.7112332491631
2023-01-17:10:50:01,941 INFO     [psi4.driver.driver:620] Return gradient(): -1386.7309252963055
2023-01-17:10:50:01,943 INFO     [psi4.driver.driver:621] [[ 0.0002083  -0.00086344  0.00090769]
 [-0.00095798 -0.00103268  0.00009807]
 [ 0.00063884 -0.00060874  0.00116147]
 [-0.00045071 -0.00114927  0.00037573]
 [-0.00095613 -0.00011886 -0.00083709]
 [-0.00003678 -0.00013327 -0.00006817]
 [ 0.00076513  0.00109519 -0.00015413]
 [-0.00014342  0.00071047 -0.00092806]
 [-0.00061269  0.00065097 -0.00101406]
 [ 0.00046234  0.00099071 -0.00042861]
 [ 0.00106581  0.00034059  0.00075063]
 [ 0.00007869  0.00000926  0.00003697]
 [ 0.00002398  0.00021186 -0.0002028 ]
 [-0.00002135 -0.0000751   0.00023197]
 [ 0.0000383  -0.00035604  0.00010993]
 [-0.00027806 -0.00020743  0.00026785]
 [ 0.00015853 -0.00030471  0.00007302]
 [-0.00017751 -0.00025672  0.00029049]
 [-0.0002255   0.0000629   0.00019755]
 [ 0.00002846 -0.00004673  0.00000266]
 [ 0.00011561  0.00029818 -0.00034931]
 [-0.00009199  0.00030543 -0.00000571]
 [ 0.00022469 -0.00006693 -0.00004619]
 [ 0.0002965   0.00003664  0.00035563]
 [ 0.00015023  0.00026929  0.00024874]
 [-0.00005216  0.00057568  0.00027081]
 [ 0.00042002 -0.00018857  0.00027242]
 [ 0.00022676  0.00041547  0.00036828]
 [ 0.00006735 -0.00041109  0.00005849]
 [ 0.00011255  0.00031549 -0.00029594]
 [-0.00036489 -0.00039894 -0.00031017]
 [-0.00029823 -0.0000984  -0.00019649]
 [-0.00016325 -0.00016133 -0.00008042]
 [-0.00011178 -0.00024827 -0.00029567]
 [-0.00039196 -0.00004719 -0.00036384]
 [ 0.00029131  0.00013639 -0.00030527]
 [-0.00003899  0.00034917 -0.00019647]]
2023-01-17:10:50:02,197 INFO     [psi4.driver.task_planner:266] PLANNING Atomic:  keywords={'CART_HESS_READ': 0, 'SCF__GUESS': 'READ', 'OPTKING__INTRAFRAG_STEP_LIMIT': 0.1875, 'SCF__INTS_TOLERANCE': 1e-12, 'function_kwargs': {}}
2023-01-17:10:50:02,200 INFO     [psi4.driver.driver:617] Compute gradient(): method=scf, basis=cc-pvdz, molecule=default, nre=1917.9734087323702
2023-01-17:10:50:25,876 INFO     [psi4.driver.driver:620] Return gradient(): -1386.730963290227
2023-01-17:10:50:25,877 INFO     [psi4.driver.driver:621] [[ 0.00009876 -0.00019316  0.00024063]
 [-0.00027055 -0.00021429 -0.00007905]
 [ 0.00020318 -0.00014105  0.00038399]
 [-0.00012727 -0.00026028 -0.00000098]
 [-0.00024696  0.00000965 -0.00028616]
 [ 0.00004029 -0.0001329  -0.00013487]
 [ 0.00019351  0.00023499  0.00001566]
 [-0.00006085  0.00014061 -0.00027908]
 [-0.00021198  0.00012591 -0.00025088]
 [ 0.00012888  0.00022034 -0.00006163]
 [ 0.00033838  0.00007662  0.00029176]
 [ 0.00002868  0.00000712  0.00001907]
 [ 0.0000314   0.00018323 -0.00008113]
 [-0.00004901 -0.00006062  0.00018858]
 [ 0.00004889 -0.00006547 -0.00000119]
 [-0.00004329 -0.0000756  -0.0000609 ]
 [-0.00004659 -0.00000024 -0.00001292]
 [-0.00002695 -0.00002172  0.00004044]
 [ 0.00010759  0.00010672  0.00023676]
 [ 0.00000392 -0.00007985 -0.00007886]
 [-0.00004023  0.00004506 -0.00006361]
 [ 0.0000492  -0.00008846 -0.00002126]
 [-0.00009965  0.00011571  0.00007509]
 [ 0.00011444 -0.00000248  0.00008925]
 [ 0.00003899  0.00009466  0.00005701]
 [-0.0000369   0.00026446  0.00009566]
 [ 0.00010514 -0.00012357  0.00005451]
 [ 0.00005238  0.00009361  0.00008241]
 [-0.00014531 -0.0002202  -0.00005637]
 [ 0.00006379 -0.00004809 -0.000222  ]
 [-0.00012615 -0.00002721 -0.00001809]
 [ 0.00006466 -0.00000355 -0.000024  ]
 [-0.00000838  0.00007697  0.00007483]
 [-0.00004439 -0.00007705 -0.00009084]
 [-0.00013598 -0.00001675 -0.00007511]
 [ 0.00001052  0.00002349 -0.00000881]
 [-0.00000218  0.0000334  -0.00003789]]
2023-01-17:10:50:26,131 INFO     [psi4.driver.task_planner:266] PLANNING Atomic:  keywords={'CART_HESS_READ': 0, 'SCF__GUESS': 'READ', 'OPTKING__INTRAFRAG_STEP_LIMIT': 0.5625, 'SCF__INTS_TOLERANCE': 1e-12, 'function_kwargs': {}}
2023-01-17:10:50:26,134 INFO     [psi4.driver.driver:617] Compute gradient(): method=scf, basis=cc-pvdz, molecule=default, nre=1917.975757658829
2023-01-17:10:50:49,455 INFO     [psi4.driver.driver:620] Return gradient(): -1386.7309663129881
2023-01-17:10:50:49,456 INFO     [psi4.driver.driver:621] [[-0.00001278 -0.00001045 -0.00000949]
 [ 0.00004384  0.00002355  0.00002897]
 [-0.0000401  -0.00005625  0.00004984]
 [ 0.00003976  0.00002803  0.0000035 ]
 [ 0.00006907  0.00005718  0.00005236]
 [ 0.00003168  0.00004591 -0.00003438]
 [-0.00002102 -0.00005185 -0.00001285]
 [-0.00001473  0.00004789 -0.00003488]
 [ 0.00004517  0.00001659  0.00000181]
 [-0.00002992 -0.00000471 -0.00001362]
 [-0.00008814 -0.00007115 -0.00004879]
 [-0.00000862  0.00000206  0.00000724]
 [-0.00000484  0.00000618 -0.00001059]
 [ 0.00000603 -0.00001967 -0.0000038 ]
 [ 0.00000636 -0.00001962  0.00001753]
 [ 0.00005879  0.00003153  0.00007501]
 [ 0.00004446 -0.00002162  0.00008031]
 [ 0.00000465 -0.00001046 -0.00001139]
 [-0.00016318 -0.0000345  -0.00020419]
 [ 0.00002172 -0.00001129  0.00005685]
 [-0.00000984  0.00000926  0.00001453]
 [ 0.00010044  0.00006038  0.0000053 ]
 [-0.00010432 -0.0000983  -0.00003791]
 [ 0.00000883 -0.00001895  0.00004153]
 [ 0.0000017   0.00004172  0.00003492]
 [ 0.00006433  0.00015319 -0.00005091]
 [ 0.00010957 -0.00012037  0.00009201]
 [ 0.00002729 -0.00001253  0.00001684]
 [ 0.00006837 -0.00006094 -0.00016966]
 [-0.00027041 -0.00008585  0.00004874]
 [ 0.00001513  0.0000626  -0.00012232]
 [-0.00000422 -0.00004436  0.00017282]
 [ 0.00002173  0.00011483  0.00000177]
 [-0.00002372 -0.00001481 -0.00001039]
 [ 0.00002018  0.00000945 -0.00006763]
 [-0.00002098  0.0000399   0.0000529 ]
 [ 0.00000773  0.00001741 -0.00001196]]
2023-01-17:10:50:49,595 INFO     [psi4.driver.task_planner:266] PLANNING Atomic:  keywords={'CART_HESS_READ': 0, 'SCF__GUESS': 'READ', 'OPTKING__INTRAFRAG_STEP_LIMIT': 0.140625, 'SCF__INTS_TOLERANCE': 1e-12, 'function_kwargs': {}}
2023-01-17:10:50:49,598 INFO     [psi4.driver.driver:617] Compute gradient(): method=scf, basis=cc-pvdz, molecule=default, nre=1917.8969369245583
2023-01-17:10:51:12,544 INFO     [psi4.driver.driver:620] Return gradient(): -1386.730967482067
2023-01-17:10:51:12,546 INFO     [psi4.driver.driver:621] [[-0.00000554  0.00002532 -0.00002671]
 [ 0.00000932  0.00002665  0.00001659]
 [-0.00000326  0.00000146 -0.00001124]
 [ 0.00000814  0.0000265  -0.0000071 ]
 [ 0.00003859 -0.00002225 -0.00000675]
 [-0.00003925  0.00001385  0.00006995]
 [-0.00004892 -0.00002586 -0.00001176]
 [ 0.0000083  -0.00003198  0.00003572]
 [ 0.00004253 -0.00000178  0.00006908]
 [-0.00000906 -0.00002992  0.00000647]
 [-0.0000059   0.00001361 -0.00004045]
 [ 0.00000186  0.00000016 -0.00000549]
 [-0.00000245 -0.00001777 -0.00005298]
 [ 0.00001576  0.00000228 -0.00002823]
 [ 0.0000104  -0.00000033  0.00001485]
 [-0.00002659 -0.00000093  0.00000109]
 [ 0.00000684 -0.00002734 -0.00003543]
 [ 0.00000309 -0.00000345  0.00000089]
 [ 0.00011289  0.00001201  0.00007911]
 [-0.00007776  0.00002115 -0.00009293]
 [ 0.00001788  0.00000272  0.00000574]
 [ 0.00000106  0.0000036   0.00000763]
 [-0.00002723  0.00003364 -0.00002473]
 [-0.00001692 -0.0000022  -0.0000277 ]
 [-0.00001002 -0.00002915 -0.00002367]
 [-0.00008822 -0.00002206 -0.00001023]
 [ 0.0000716  -0.00005061  0.00001487]
 [-0.0000071  -0.00002234 -0.00001079]
 [-0.00005568  0.00009881  0.00009608]
 [ 0.00003354 -0.00002452 -0.00012666]
 [-0.00002037 -0.00000762  0.0000481 ]
 [ 0.00008499 -0.00007756  0.00005453]
 [-0.00003647  0.00012604  0.00002211]
 [ 0.00002466  0.00002932  0.00000073]
 [-0.00000004 -0.00000906  0.00003647]
 [-0.00001398 -0.00000986 -0.00003294]
 [ 0.00000332 -0.00002053 -0.00000422]]
2023-01-17:10:51:12,815 INFO     [psi4.driver.task_planner:266] PLANNING Atomic:  keywords={'CART_HESS_READ': 0, 'SCF__GUESS': 'READ', 'OPTKING__INTRAFRAG_STEP_LIMIT': 0.03515625, 'SCF__INTS_TOLERANCE': 1e-12, 'function_kwargs': {}}
2023-01-17:10:51:12,818 INFO     [psi4.driver.driver:617] Compute gradient(): method=scf, basis=cc-pvdz, molecule=default, nre=1917.901486398354
2023-01-17:10:51:35,398 INFO     [psi4.driver.driver:620] Return gradient(): -1386.7309679025607
2023-01-17:10:51:35,399 INFO     [psi4.driver.driver:621] [[-0.00001173  0.00001922 -0.00002075]
 [ 0.00003941  0.0000247  -0.00000092]
 [-0.00002124  0.00000079 -0.00003426]
 [ 0.000011    0.00003146  0.00000291]
 [ 0.00002612 -0.00003738  0.00003973]
 [-0.00003874  0.00000235  0.00001272]
 [-0.0000101  -0.00003023 -0.00000909]
 [ 0.00001555 -0.00000933  0.00003356]
 [ 0.0000231   0.00000215  0.00001479]
 [-0.00001161 -0.00001988  0.00000611]
 [-0.00003053  0.00000328 -0.00001425]
 [-0.00000469 -0.000002   -0.00000832]
 [-0.00000181 -0.00002686  0.00004276]
 [ 0.00001939  0.00002743 -0.00002517]
 [ 0.00000403  0.00001438  0.00000188]
 [-0.00001537 -0.0000405  -0.00003684]
 [-0.00000043 -0.00000361 -0.00000936]
 [ 0.00000828  0.0000044  -0.00000294]
 [ 0.00008734  0.00005374  0.00004811]
 [-0.00008373 -0.00002942 -0.00003603]
 [-0.00000517 -0.00001015  0.00000031]
 [-0.00002329 -0.00000911 -0.00001515]
 [ 0.00000981  0.00003183 -0.0000103 ]
 [-0.00001276  0.00000528 -0.00002104]
 [-0.00000691 -0.00001878 -0.00001774]
 [ 0.00001969  0.0000431  -0.00002122]
 [-0.00002822 -0.00001345 -0.00000095]
 [-0.00000794  0.00000436 -0.00000841]
 [-0.0000056  -0.00000436 -0.00000737]
 [-0.00001565 -0.00002569  0.00003225]
 [ 0.00003165 -0.00000566  0.00001459]
 [ 0.00002679 -0.00001144 -0.00001254]
 [ 0.00002134  0.00001431 -0.00000019]
 [ 0.00000137  0.00001818  0.00002283]
 [ 0.00001675 -0.00000236  0.00001956]
 [-0.00002288  0.00000512  0.00001266]
 [-0.00000323 -0.00000588  0.00000806]]
2023-01-17:10:51:36,512 INFO     [psi4.driver.task_planner:266] PLANNING Atomic:  keywords={'SCF__INTS_TOLERANCE': 1e-12, 'function_kwargs': {}}
2023-01-17:10:51:36,514 INFO     [psi4.driver.driver:774] Compute properties(): method=scf, basis=6-31g*, molecule=optimized, nre=1917.9014863983627
2023-01-17:10:52:10,52 INFO     [psi4.driver.driver:777] Return properties(): -1386.6556737813444
2023-01-17:10:52:11,926 INFO     [psi4.driver.task_planner:266] PLANNING Atomic:  keywords={'SCF__INTS_TOLERANCE': 1e-12, 'function_kwargs': {}}
2023-01-17:10:52:11,929 INFO     [psi4.driver.driver:774] Compute properties(): method=scf, basis=6-31g*, molecule=optimized, nre=1917.9014863983627
2023-01-17:10:52:44,522 INFO     [psi4.driver.driver:777] Return properties(): -1386.6556737788924
