Electrostatic potential parameters
    van der Waals radii (Angstrom):
                                      N   1.500
                                      C   1.500
                                      H   1.200
                                      O   1.400
    VDW scale factors:                1.40  1.60  1.80  2.00
    VDW point density:                1.000
    ESP method:                       scf
    ESP basis set:                    6-31g*

Grid information (see 1_optimized_grid.dat in Angstrom)
    Number of grid points:            2560

Quantum electrostatic potential (see 1_optimized_grid_esp.dat)

Constraints
    Charge constraints
        Total charge of   0.00000000 on the set   6
        Total charge of   0.00000000 on the set  68

Restraint
    Hyperbolic restraint to a charge of zero
    Hydrogen atoms are not restrained
    resp_a:                           0.0005
    resp_b:                           0.1000

Fit

Electrostatic Potential Charges
   Center  Symbol       ESP      RESP
      1    N       0.46772351  0.46413830
      2    C       0.06330051  0.07742216
      3    C       0.07870359  0.04486035
      4    C       0.05887316  0.05500765
      5    C      -0.02138168 -0.00441661
      6    H       0.00000000  0.00000000
      7    O      -0.39170322 -0.39249949
      8    O      -0.38074124 -0.37853989
      9    C      -0.04684097 -0.04410088
     10    C      -0.04473924 -0.05634602
     11    C      -0.14861709 -0.15772562
     12    C      -0.19104701 -0.13238011
     13    H       0.16732127  0.16737483
     14    H       0.15803306  0.16105854
     15    H       0.14051512  0.14006434
     16    C       0.64411840  0.57843985
     17    C      -0.03276430 -0.03717180
     18    C      -0.15408712 -0.11601077
     19    C      -0.06060137 -0.04822321
     20    C      -0.13151170 -0.13814691
     21    C      -0.11970393 -0.11426210
     22    C      -0.10982729 -0.06339740
     23    C       0.69136500  0.48923311
     24    N      -0.44431343 -0.08167606
     25    C       0.67100077  0.48974163
     26    C       0.31824052  0.04726454
     27    C      -0.26929077 -0.18334907
     28    C      -0.18189154 -0.09111077
     29    C      -0.27204754 -0.18836007
     30    C      -0.19794516 -0.13883659
     31    C       0.14975457  0.04490576
     32    H       0.19004683  0.15729068
     33    H       0.14190506  0.11296233
     34    H       0.16381965  0.16322752
     35    H       0.13382777  0.13449091
     36    H       0.17667173  0.17212433
     37    O      -0.52619986 -0.48161985
     38    O      -0.53286210 -0.47864088
     39    O      -0.51408258 -0.49856850
     40    H       0.18369384  0.15358844
     41    H       0.16202116  0.14644209
     42    C       0.15701565  0.02730277
     43    C      -0.48097582 -0.25673915
     44    H       0.12792755  0.07440803
     45    H       0.13129410  0.07565314
     46    H       0.12268912  0.06301650
     47    C      -0.23318692 -0.00339607
     48    C       0.42500155  0.23165997
     49    H       0.06058389  0.00316567
     50    H       0.07387355  0.01804591
     51    C       0.24306388  0.06505557
     52    C      -0.42548338 -0.13887869
     53    C      -0.49879303 -0.25743984
     54    C      -0.17081440  0.01885836
     55    H       0.11314095  0.06311117
     56    H       0.11529908  0.05666090
     57    H       0.11668035  0.05204924
     58    C      -0.64246358 -0.49971929
     59    C       0.08690112 -0.07832527
     60    C      -0.56564657 -0.43068616
     61    C       0.39344714  0.29918999
     62    H       0.10401334  0.13463687
     63    H       0.08632141  0.01389951
     64    H       0.10753630  0.03702028
     65    H       0.09938824  0.03541645
     66    H       0.24167887  0.22337424
     67    H       0.22277125  0.19840511
     68    H       0.00000000  0.00000000
Total Charge:      0.00000000 -0.00000000
