2023-01-17:10:19:48,903 INFO     [psi4.driver.task_planner:266] PLANNING Atomic:  keywords={'SCF__INTS_TOLERANCE': 1e-12, 'function_kwargs': {}}
2023-01-17:10:19:48,907 INFO     [psi4.driver.driver:617] Compute gradient(): method=scf, basis=cc-pvdz, molecule=default, nre=252.7112639687373
2023-01-17:10:19:52,276 INFO     [psi4.driver.driver:620] Return gradient(): -235.37890098714462
2023-01-17:10:19:52,277 INFO     [psi4.driver.driver:621] [[ 0.002001    0.00052427  0.00840967]
 [-0.00261778  0.0002889   0.00113217]
 [-0.00834362  0.00700485 -0.00645371]
 [-0.0036907  -0.01168619  0.00292042]
 [ 0.01190578  0.00418167  0.00047937]
 [ 0.00532258  0.01097067 -0.00274632]
 [ 0.00904031 -0.00102381 -0.00241335]
 [-0.00516999  0.0022802  -0.00154809]
 [ 0.0110005   0.00359088 -0.00197294]
 [-0.00545876 -0.01131207  0.00011947]
 [ 0.00595301 -0.00619579 -0.00058836]
 [ 0.00230009  0.00522587 -0.00665266]
 [-0.01059765 -0.00221049  0.00290746]
 [ 0.01187681  0.00278004 -0.00201703]
 [-0.00431481 -0.01150037 -0.00212881]
 [-0.00632855  0.00505376  0.00958297]
 [ 0.0118662   0.00107697 -0.00113673]
 [-0.00578443  0.00279194  0.01061969]
 [-0.00817166  0.0039401  -0.00826599]
 [-0.01078832 -0.00578141 -0.00024724]]
2023-01-17:10:19:52,531 INFO     [psi4.driver.task_planner:266] PLANNING Atomic:  keywords={'CART_HESS_READ': 0, 'SCF__GUESS': 'READ', 'SCF__INTS_TOLERANCE': 1e-12, 'function_kwargs': {}}
2023-01-17:10:19:52,534 INFO     [psi4.driver.driver:617] Compute gradient(): method=scf, basis=cc-pvdz, molecule=default, nre=252.83261523158626
2023-01-17:10:19:55,62 INFO     [psi4.driver.driver:620] Return gradient(): -235.38303482231672
2023-01-17:10:19:55,63 INFO     [psi4.driver.driver:621] [[ 0.00045984 -0.00134781 -0.00351258]
 [-0.00138959  0.00215438 -0.00021143]
 [ 0.00072305 -0.00078386 -0.0005446 ]
 [ 0.00011921  0.00130606 -0.00033857]
 [-0.00109822 -0.00005109 -0.00010414]
 [ 0.00035924 -0.00165888  0.0001607 ]
 [ 0.0009434  -0.00028094  0.00077163]
 [ 0.00082473  0.00004511  0.00024273]
 [-0.00209658  0.00021794  0.00050473]
 [-0.0010766   0.00085507 -0.00024569]
 [ 0.00028471  0.00212836 -0.00042872]
 [ 0.00100422 -0.00082023  0.00240945]
 [ 0.00154158 -0.00021246 -0.00025304]
 [-0.00150734 -0.00008329 -0.00011693]
 [ 0.00015893  0.00058379  0.00053618]
 [ 0.00048584 -0.00082971 -0.00009038]
 [-0.00135307 -0.00078256  0.00022047]
 [-0.00015658 -0.00001709 -0.00080158]
 [ 0.0004193   0.00023772  0.0013231 ]
 [ 0.00135394 -0.0006605   0.00047868]]
2023-01-17:10:19:55,254 INFO     [psi4.driver.task_planner:266] PLANNING Atomic:  keywords={'CART_HESS_READ': 0, 'SCF__GUESS': 'READ', 'SCF__INTS_TOLERANCE': 1e-12, 'function_kwargs': {}}
2023-01-17:10:19:55,264 INFO     [psi4.driver.driver:617] Compute gradient(): method=scf, basis=cc-pvdz, molecule=default, nre=253.35223628841163
2023-01-17:10:19:57,775 INFO     [psi4.driver.driver:620] Return gradient(): -235.38304059380863
2023-01-17:10:19:57,776 INFO     [psi4.driver.driver:621] [[-0.00044043 -0.00025006 -0.00054532]
 [ 0.0004722   0.00075753  0.00126471]
 [-0.00020719  0.00009425  0.00043023]
 [-0.00047714 -0.00215481 -0.00017579]
 [ 0.00185501  0.00030363 -0.00048652]
 [ 0.00067401  0.00128535 -0.00030025]
 [ 0.00039728 -0.00000244 -0.00039097]
 [-0.00109226  0.00039729 -0.00020765]
 [ 0.00062475  0.00057823 -0.00011261]
 [ 0.00008964 -0.00081908 -0.00016972]
 [ 0.0002021  -0.00021408  0.00017681]
 [ 0.0002156   0.00003043 -0.0004918 ]
 [-0.00052894 -0.00002357  0.00004558]
 [ 0.00027309  0.00007754 -0.00006598]
 [-0.00014454 -0.00020566 -0.00006603]
 [-0.00023757  0.0001987   0.00001606]
 [ 0.00030577  0.00000373 -0.00025834]
 [-0.0000281  -0.00012487  0.00035797]
 [-0.00021573  0.00012252  0.00025448]
 [-0.00173758 -0.00005465  0.00072516]]
2023-01-17:10:19:57,986 INFO     [psi4.driver.task_planner:266] PLANNING Atomic:  keywords={'CART_HESS_READ': 0, 'SCF__GUESS': 'READ', 'OPTKING__INTRAFRAG_STEP_LIMIT': 0.125, 'SCF__INTS_TOLERANCE': 1e-12, 'function_kwargs': {}}
2023-01-17:10:19:57,989 INFO     [psi4.driver.driver:617] Compute gradient(): method=scf, basis=cc-pvdz, molecule=default, nre=253.77813824156863
2023-01-17:10:20:00,402 INFO     [psi4.driver.driver:620] Return gradient(): -235.3831419217796
2023-01-17:10:20:00,402 INFO     [psi4.driver.driver:621] [[-0.00043959  0.00038838  0.00011183]
 [ 0.0001195  -0.0004947   0.00088292]
 [ 0.0003818  -0.0002761   0.00092299]
 [ 0.00009389 -0.00007465 -0.00003895]
 [ 0.00000596 -0.00010977 -0.00007828]
 [-0.00012684  0.00039302  0.00002287]
 [-0.00060886 -0.0003423   0.00003075]
 [-0.00041059 -0.00020986 -0.00005054]
 [-0.00005783 -0.00002882  0.00016041]
 [ 0.00092647  0.00052587  0.00011362]
 [-0.00020082 -0.00049643  0.00012596]
 [-0.00028829 -0.0003673  -0.00023138]
 [ 0.00024687  0.00027742 -0.00035164]
 [-0.00038996 -0.00018145  0.0001626 ]
 [ 0.00024487  0.00079554  0.00001   ]
 [ 0.00030118 -0.00007032 -0.00082798]
 [-0.00049284  0.00016364 -0.00011382]
 [ 0.00050469 -0.00029396 -0.00059951]
 [ 0.00032163 -0.0003267  -0.00013082]
 [-0.00013124  0.00072849 -0.00012102]]
2023-01-17:10:20:00,528 INFO     [psi4.driver.task_planner:266] PLANNING Atomic:  keywords={'CART_HESS_READ': 0, 'SCF__GUESS': 'READ', 'OPTKING__INTRAFRAG_STEP_LIMIT': 0.375, 'SCF__INTS_TOLERANCE': 1e-12, 'function_kwargs': {}}
2023-01-17:10:20:00,531 INFO     [psi4.driver.driver:617] Compute gradient(): method=scf, basis=cc-pvdz, molecule=default, nre=253.28364706595625
2023-01-17:10:20:03,71 INFO     [psi4.driver.driver:620] Return gradient(): -235.38289089595125
2023-01-17:10:20:03,72 INFO     [psi4.driver.driver:621] [[-0.00166155  0.00117323 -0.00151154]
 [ 0.0024529  -0.00031411  0.00260511]
 [ 0.00003764  0.00006017  0.00150323]
 [-0.00059729 -0.00602263 -0.00104147]
 [ 0.00555068  0.00083881 -0.0014138 ]
 [-0.00017334  0.00533149  0.00086948]
 [-0.00019267  0.000021   -0.00078996]
 [-0.00068374  0.00069812  0.0003359 ]
 [ 0.00107447 -0.00047452 -0.00061779]
 [ 0.00016322 -0.00067199  0.00028265]
 [-0.00070642  0.00001764  0.00084239]
 [-0.00017332  0.00009142 -0.00147245]
 [-0.0006218  -0.00001927  0.00037203]
 [ 0.0001446  -0.00005373  0.00016276]
 [ 0.00012092  0.00019324 -0.00019916]
 [-0.00009127  0.00022247 -0.0008294 ]
 [ 0.00038385  0.00026195 -0.00005557]
 [ 0.00024097 -0.00023527 -0.00037033]
 [ 0.00031536 -0.00019975  0.00011112]
 [-0.00558321 -0.00091827  0.0012168 ]]
2023-01-17:10:20:03,251 INFO     [psi4.driver.task_planner:266] PLANNING Atomic:  keywords={'CART_HESS_READ': 0, 'SCF__GUESS': 'READ', 'OPTKING__INTRAFRAG_STEP_LIMIT': 0.375, 'SCF__INTS_TOLERANCE': 1e-12, 'function_kwargs': {}}
2023-01-17:10:20:03,254 INFO     [psi4.driver.driver:617] Compute gradient(): method=scf, basis=cc-pvdz, molecule=default, nre=253.46401295613248
2023-01-17:10:20:05,980 INFO     [psi4.driver.driver:620] Return gradient(): -235.3832161409445
2023-01-17:10:20:05,981 INFO     [psi4.driver.driver:621] [[ 0.00002083  0.00013178  0.00006091]
 [-0.00002995 -0.00014383  0.00015671]
 [ 0.00011866 -0.00003373  0.0002484 ]
 [ 0.00002744  0.00015881  0.00002774]
 [-0.00020373 -0.00006175  0.00008309]
 [-0.00015795 -0.00015134 -0.0000219 ]
 [ 0.00000869  0.00000637 -0.00002467]
 [-0.00005815  0.00018163 -0.00005158]
 [ 0.00013012 -0.00018217 -0.00013837]
 [ 0.00014315  0.0001113   0.00014527]
 [-0.00014994 -0.00027404  0.00023096]
 [-0.00015836  0.00003828 -0.00023495]
 [ 0.00000003  0.00004078 -0.00001051]
 [-0.00010538 -0.00004071  0.00002566]
 [ 0.00002786  0.00018196 -0.00003173]
 [ 0.00004059  0.00002805 -0.00018343]
 [ 0.00006988  0.00009132 -0.00010631]
 [ 0.00015219 -0.00006665  0.00004469]
 [-0.0000115  -0.00008951  0.00000547]
 [ 0.00013552  0.00007346 -0.00022544]]
2023-01-17:10:20:06,274 INFO     [psi4.driver.task_planner:266] PLANNING Atomic:  keywords={'CART_HESS_READ': 0, 'SCF__GUESS': 'READ', 'OPTKING__INTRAFRAG_STEP_LIMIT': 0.375, 'SCF__INTS_TOLERANCE': 1e-12, 'function_kwargs': {}}
2023-01-17:10:20:06,284 INFO     [psi4.driver.driver:617] Compute gradient(): method=scf, basis=cc-pvdz, molecule=default, nre=252.85982866256205
2023-01-17:10:20:08,895 INFO     [psi4.driver.driver:620] Return gradient(): -235.38294934262672
2023-01-17:10:20:08,895 INFO     [psi4.driver.driver:621] [[-0.00005022 -0.00036227 -0.0004968 ]
 [ 0.00030461 -0.00015811 -0.00055111]
 [-0.00061465  0.00030246 -0.00133389]
 [-0.00020118 -0.0005222   0.00016064]
 [ 0.00060268  0.0002857   0.00000672]
 [ 0.00067598  0.0007411  -0.00018088]
 [ 0.00031263  0.00004667 -0.00004079]
 [ 0.00029431 -0.00016608  0.0002214 ]
 [-0.0002316   0.00044831  0.00015198]
 [-0.00074942 -0.00045539 -0.00042861]
 [-0.00035803 -0.00249114 -0.00130523]
 [ 0.00038179  0.00031037  0.00048025]
 [-0.00035451 -0.00032797  0.00049551]
 [ 0.00077125  0.00027909 -0.0001493 ]
 [-0.00018996 -0.00116923 -0.00006536]
 [-0.00038766  0.00000053  0.00114058]
 [ 0.00505419  0.00058007  0.00043054]
 [-0.00263093  0.00150906  0.00431627]
 [-0.00200076  0.00179176 -0.00320663]
 [-0.00062853 -0.00064272  0.00035472]]
2023-01-17:10:20:09,92 INFO     [psi4.driver.task_planner:266] PLANNING Atomic:  keywords={'CART_HESS_READ': 0, 'SCF__GUESS': 'READ', 'OPTKING__INTRAFRAG_STEP_LIMIT': 0.375, 'SCF__INTS_TOLERANCE': 1e-12, 'function_kwargs': {}}
2023-01-17:10:20:09,101 INFO     [psi4.driver.driver:617] Compute gradient(): method=scf, basis=cc-pvdz, molecule=default, nre=253.53034134296917
2023-01-17:10:20:11,627 INFO     [psi4.driver.driver:620] Return gradient(): -235.3830232692573
2023-01-17:10:20:11,627 INFO     [psi4.driver.driver:621] [[ 0.00034395 -0.00030706  0.00031595]
 [-0.00029755  0.00067413 -0.00026467]
 [ 0.00019242 -0.0001157   0.00040614]
 [ 0.00018811  0.00104706 -0.00001166]
 [-0.00117555 -0.00017763  0.00035155]
 [-0.00023122 -0.00155449 -0.00003533]
 [-0.00014154  0.00014116 -0.00027423]
 [-0.00036009  0.00029673  0.00030136]
 [ 0.00013413 -0.00019086 -0.00016829]
 [ 0.00000584  0.00007766  0.00007034]
 [ 0.0010302   0.00356698  0.00148372]
 [ 0.00026651 -0.00009052 -0.00049155]
 [ 0.00014438  0.00000348  0.00056285]
 [-0.00038024 -0.00004019  0.00005982]
 [ 0.00011985  0.00045729 -0.00009882]
 [ 0.00005099 -0.000093   -0.00051327]
 [-0.00523326 -0.00074518  0.00051213]
 [ 0.00178724 -0.00141284 -0.00506262]
 [ 0.00239691 -0.00172118  0.0032294 ]
 [ 0.00115893  0.00018414 -0.00037282]]
2023-01-17:10:20:11,810 INFO     [psi4.driver.task_planner:266] PLANNING Atomic:  keywords={'CART_HESS_READ': 0, 'SCF__GUESS': 'READ', 'OPTKING__INTRAFRAG_STEP_LIMIT': 0.375, 'SCF__INTS_TOLERANCE': 1e-12, 'function_kwargs': {}}
2023-01-17:10:20:11,813 INFO     [psi4.driver.driver:617] Compute gradient(): method=scf, basis=cc-pvdz, molecule=default, nre=253.2734326574173
2023-01-17:10:20:14,89 INFO     [psi4.driver.driver:620] Return gradient(): -235.38318954312447
2023-01-17:10:20:14,90 INFO     [psi4.driver.driver:621] [[ 0.00008579 -0.00009206 -0.00018454]
 [ 0.00002939  0.00008694  0.00006112]
 [-0.00001581  0.00000041 -0.00011265]
 [-0.00002427 -0.00003637 -0.00000432]
 [-0.00004063  0.00002355  0.0000065 ]
 [ 0.00003344  0.00002793  0.00002277]
 [-0.00007783  0.00011307 -0.00007354]
 [-0.00008589  0.0000681  -0.00001362]
 [ 0.00000966  0.00002346 -0.0000689 ]
 [-0.00012271 -0.00011476 -0.00001762]
 [-0.00040133 -0.00154241 -0.000405  ]
 [ 0.00009913  0.00005555 -0.00010465]
 [-0.00005456 -0.00009194  0.0001462 ]
 [ 0.00014241 -0.00000153 -0.00003077]
 [-0.00006176 -0.00019792  0.00002469]
 [-0.00004217  0.00006013  0.00017081]
 [ 0.00237416  0.00036449 -0.00001072]
 [-0.00095924  0.00060422  0.00209328]
 [-0.00095248  0.00076818 -0.00154855]
 [ 0.00006469 -0.00011905  0.00004951]]
2023-01-17:10:20:14,313 INFO     [psi4.driver.task_planner:266] PLANNING Atomic:  keywords={'CART_HESS_READ': 0, 'SCF__GUESS': 'READ', 'OPTKING__INTRAFRAG_STEP_LIMIT': 0.09375, 'SCF__INTS_TOLERANCE': 1e-12, 'function_kwargs': {}}
2023-01-17:10:20:14,323 INFO     [psi4.driver.driver:617] Compute gradient(): method=scf, basis=cc-pvdz, molecule=default, nre=253.28086731849072
2023-01-17:10:20:16,842 INFO     [psi4.driver.driver:620] Return gradient(): -235.3832227777893
2023-01-17:10:20:16,843 INFO     [psi4.driver.driver:621] [[-0.00019165  0.00014721  0.00008344]
 [ 0.00016491 -0.00048639 -0.0002629 ]
 [-0.00027351  0.00017765 -0.0004715 ]
 [-0.00008321 -0.00028688  0.00012971]
 [ 0.00047073  0.00010621 -0.00001647]
 [ 0.00019568  0.00051776 -0.00013538]
 [ 0.00012117 -0.00007114  0.00005267]
 [ 0.00036522 -0.00017786 -0.00000044]
 [-0.00002385  0.00011399  0.00010857]
 [-0.00008004 -0.00003805 -0.00003688]
 [ 0.00005932  0.00028595  0.00017246]
 [-0.00004173  0.00008108  0.000262  ]
 [-0.00009678 -0.00001916 -0.00001576]
 [ 0.00023982  0.00006113 -0.00005667]
 [-0.00009287 -0.00031356 -0.00000176]
 [-0.00005887  0.0000369   0.00040061]
 [-0.00016328 -0.00005204  0.00006048]
 [ 0.00002859 -0.00003793 -0.00031119]
 [ 0.00001483  0.00010543  0.00003605]
 [-0.00055447 -0.0001503   0.00000298]]
2023-01-17:10:20:16,966 INFO     [psi4.driver.task_planner:266] PLANNING Atomic:  keywords={'CART_HESS_READ': 0, 'SCF__GUESS': 'READ', 'OPTKING__INTRAFRAG_STEP_LIMIT': 0.09375, 'SCF__INTS_TOLERANCE': 1e-12, 'function_kwargs': {}}
2023-01-17:10:20:16,970 INFO     [psi4.driver.driver:617] Compute gradient(): method=scf, basis=cc-pvdz, molecule=default, nre=253.4544100183722
2023-01-17:10:20:19,688 INFO     [psi4.driver.driver:620] Return gradient(): -235.38321971849757
2023-01-17:10:20:19,689 INFO     [psi4.driver.driver:621] [[ 0.0000908  -0.00006583  0.00000023]
 [-0.00012674  0.00013203  0.00011077]
 [ 0.00010769 -0.0000675   0.00019461]
 [ 0.00004761  0.00014501 -0.0000486 ]
 [-0.00020598 -0.00004959  0.00000059]
 [-0.00009744 -0.000181    0.00008611]
 [-0.00007561 -0.00004082  0.00007213]
 [-0.00019412  0.00017056  0.0000166 ]
 [-0.00003732 -0.00001229 -0.00004711]
 [ 0.00008913 -0.00001204  0.00002147]
 [-0.00000994 -0.00031733 -0.00015751]
 [-0.00008712  0.0000216  -0.00026392]
 [ 0.00003014  0.00009437  0.00002382]
 [ 0.00012035  0.0001052   0.00005428]
 [ 0.00006486 -0.00011129 -0.00011651]
 [-0.00012752 -0.00002508  0.00000705]
 [ 0.00029019  0.00006853 -0.00007217]
 [-0.00007189  0.00005553  0.00030285]
 [-0.00006675  0.00001062 -0.00017688]
 [ 0.00025965  0.00007933 -0.00000782]]
2023-01-17:10:20:19,900 INFO     [psi4.driver.task_planner:266] PLANNING Atomic:  keywords={'CART_HESS_READ': 0, 'SCF__GUESS': 'READ', 'OPTKING__INTRAFRAG_STEP_LIMIT': 0.09375, 'SCF__INTS_TOLERANCE': 1e-12, 'function_kwargs': {}}
2023-01-17:10:20:19,903 INFO     [psi4.driver.driver:617] Compute gradient(): method=scf, basis=cc-pvdz, molecule=default, nre=253.47791811773305
2023-01-17:10:20:22,578 INFO     [psi4.driver.driver:620] Return gradient(): -235.38322653587633
2023-01-17:10:20:22,579 INFO     [psi4.driver.driver:621] [[ 0.00010571 -0.00012283 -0.00008476]
 [-0.00008208  0.00035593  0.00016226]
 [ 0.00015394 -0.00011002  0.00029567]
 [ 0.00005295  0.00009319 -0.00010468]
 [-0.00021758 -0.00005369 -0.00002072]
 [-0.00011682 -0.00022137  0.00012453]
 [ 0.00001875 -0.00000388 -0.00001149]
 [-0.00028816 -0.00001284 -0.00003112]
 [-0.00000561 -0.00004671 -0.0000878 ]
 [ 0.00003128  0.00004968 -0.0000504 ]
 [ 0.00000256 -0.00006831 -0.00008613]
 [-0.00007194  0.00009171 -0.00031732]
 [ 0.00004727  0.00001343  0.00002416]
 [ 0.00016739  0.00000908 -0.00002294]
 [-0.00005892 -0.00007077 -0.00001282]
 [-0.00006155  0.00014209  0.00003389]
 [-0.00005496 -0.00002528 -0.00003209]
 [ 0.00001339  0.0000213   0.00007859]
 [ 0.00006019 -0.00011755  0.00008156]
 [ 0.00030419  0.00007684  0.00006161]]
2023-01-17:10:20:22,779 INFO     [psi4.driver.task_planner:266] PLANNING Atomic:  keywords={'CART_HESS_READ': 0, 'SCF__GUESS': 'READ', 'OPTKING__INTRAFRAG_STEP_LIMIT': 0.0234375, 'SCF__INTS_TOLERANCE': 1e-12, 'function_kwargs': {}}
2023-01-17:10:20:22,788 INFO     [psi4.driver.driver:617] Compute gradient(): method=scf, basis=cc-pvdz, molecule=default, nre=253.406358818926
2023-01-17:10:20:25,163 INFO     [psi4.driver.driver:620] Return gradient(): -235.38322976714213
2023-01-17:10:20:25,164 INFO     [psi4.driver.driver:621] [[-0.00000113  0.0000069   0.00000948]
 [-0.00002263  0.000011   -0.00001698]
 [-0.0000002   0.00000227  0.00000067]
 [-0.00000284  0.00000442  0.00000258]
 [-0.00000292 -0.00000016  0.00000182]
 [ 0.00000348 -0.00001555 -0.00001239]
 [ 0.00004337 -0.000005    0.00001873]
 [-0.000027   -0.00001497  0.00000147]
 [ 0.00000416 -0.00000359  0.0000123 ]
 [-0.00000453  0.00000173 -0.00000936]
 [ 0.00000606  0.00002032 -0.00000417]
 [ 0.00000656 -0.00000778  0.0000145 ]
 [ 0.00000472 -0.00001556 -0.00000231]
 [-0.00002195 -0.00000798  0.00000015]
 [ 0.00000202  0.0000192   0.00000791]
 [ 0.00001188 -0.00000533 -0.00002726]
 [ 0.00001123 -0.00000004 -0.00000513]
 [-0.          0.00000437  0.00000817]
 [-0.00001031  0.00000761  0.00000258]
 [ 0.00000004 -0.00000188 -0.00000276]]
2023-01-17:10:20:25,373 INFO     [psi4.driver.task_planner:266] PLANNING Atomic:  keywords={'CART_HESS_READ': 0, 'SCF__GUESS': 'READ', 'OPTKING__INTRAFRAG_STEP_LIMIT': 0.005859375, 'SCF__INTS_TOLERANCE': 1e-12, 'function_kwargs': {}}
2023-01-17:10:20:25,383 INFO     [psi4.driver.driver:617] Compute gradient(): method=scf, basis=cc-pvdz, molecule=default, nre=253.4055414940524
2023-01-17:10:20:27,683 INFO     [psi4.driver.driver:620] Return gradient(): -235.38322982373418
2023-01-17:10:20:27,684 INFO     [psi4.driver.driver:621] [[-0.00000214 -0.00000081  0.00000188]
 [ 0.00000786 -0.00000112 -0.00000125]
 [-0.00000198  0.00000055 -0.00000236]
 [ 0.00000072 -0.00000438 -0.00000084]
 [ 0.00000401  0.00000063 -0.00000116]
 [-0.00000001  0.00000803  0.00000239]
 [-0.00000781  0.00000222 -0.00000445]
 [ 0.00000477  0.00000075 -0.00000157]
 [-0.00000299  0.00000134 -0.00000112]
 [ 0.00000086 -0.000002    0.00000041]
 [-0.00000361 -0.00000344  0.00000145]
 [ 0.00000104  0.00000251  0.00000651]
 [ 0.00000156  0.00000389 -0.00000363]
 [ 0.0000005  -0.00000136  0.0000002 ]
 [-0.000001    0.00000126 -0.00000069]
 [ 0.00000139  0.0000001   0.00000431]
 [-0.00000432 -0.00000361 -0.00000123]
 [ 0.00000193 -0.0000022  -0.00000172]
 [ 0.00000051 -0.00000198 -0.00000071]
 [-0.00000129 -0.00000039  0.00000358]]
2023-01-17:10:20:28,81 INFO     [psi4.driver.task_planner:266] PLANNING Atomic:  keywords={'SCF__INTS_TOLERANCE': 1e-12, 'function_kwargs': {}}
2023-01-17:10:20:28,85 INFO     [psi4.driver.driver:774] Compute properties(): method=scf, basis=6-31g*, molecule=optimized, nre=253.40554149405816
2023-01-17:10:20:31,804 INFO     [psi4.driver.driver:777] Return properties(): -235.3658430947416
2023-01-17:10:20:32,526 INFO     [psi4.driver.task_planner:266] PLANNING Atomic:  keywords={'SCF__INTS_TOLERANCE': 1e-12, 'function_kwargs': {}}
2023-01-17:10:20:32,529 INFO     [psi4.driver.driver:774] Compute properties(): method=scf, basis=6-31g*, molecule=optimized, nre=253.40554149405816
2023-01-17:10:20:36,188 INFO     [psi4.driver.driver:777] Return properties(): -235.36584309472485
