2023-01-18:12:10:52,942 INFO     [psi4.driver.task_planner:266] PLANNING Atomic:  keywords={'SCF__INTS_TOLERANCE': 1e-12, 'function_kwargs': {}}
2023-01-18:12:10:52,945 INFO     [psi4.driver.driver:617] Compute gradient(): method=scf, basis=cc-pvdz, molecule=default, nre=579.4038129627538
2023-01-18:12:10:59,463 INFO     [psi4.driver.driver:620] Return gradient(): -462.0095233119706
2023-01-18:12:10:59,464 INFO     [psi4.driver.driver:621] [[ 0.00217895  0.01025564 -0.01179997]
 [-0.02401349  0.01667547  0.01069453]
 [-0.00019592 -0.00115419 -0.0009798 ]
 [-0.02009697 -0.00892284 -0.01736143]
 [ 0.00631003 -0.02683047  0.02998107]
 [ 0.00050406  0.00015847 -0.00152257]
 [ 0.02728627  0.00162594 -0.01573564]
 [ 0.0010619   0.00082836 -0.00122991]
 [ 0.00132097  0.00861085  0.02202222]
 [-0.00131629  0.00180057 -0.00124329]
 [ 0.00227693 -0.00078386 -0.00082068]
 [ 0.00069088 -0.00001124  0.00066735]
 [-0.01022854 -0.01230294 -0.01197895]
 [ 0.00027781  0.00150045  0.0009686 ]
 [-0.00029284  0.00130041  0.00091266]
 [ 0.00021567  0.0011391   0.00003498]
 [-0.00064893 -0.00131371  0.00397534]
 [ 0.00556359  0.00568565  0.011494  ]
 [ 0.00128315 -0.00377776 -0.0010005 ]
 [ 0.00126335 -0.00357655 -0.00144836]
 [-0.00048035 -0.00881275 -0.00551778]
 [ 0.00185089 -0.00127033 -0.00121635]
 [-0.00038729 -0.00052199 -0.00152633]
 [ 0.00569167  0.0111748  -0.00514301]
 [-0.00154378  0.00796771 -0.00158428]
 [ 0.00142829  0.00055522 -0.00064188]]
2023-01-18:12:10:59,806 INFO     [psi4.driver.task_planner:266] PLANNING Atomic:  keywords={'CART_HESS_READ': 0, 'SCF__GUESS': 'READ', 'SCF__INTS_TOLERANCE': 1e-12, 'function_kwargs': {}}
2023-01-18:12:10:59,809 INFO     [psi4.driver.driver:617] Compute gradient(): method=scf, basis=cc-pvdz, molecule=default, nre=591.5426915209976
2023-01-18:12:11:05,234 INFO     [psi4.driver.driver:620] Return gradient(): -462.0194055766504
2023-01-18:12:11:05,235 INFO     [psi4.driver.driver:621] [[ 0.00223204 -0.00328057 -0.00243731]
 [ 0.001133    0.00528758  0.00524416]
 [-0.00005361  0.00057272  0.00009727]
 [-0.00585872 -0.00318754 -0.00514339]
 [-0.00030002 -0.00166784  0.01089951]
 [ 0.0002332  -0.00084348 -0.00173822]
 [ 0.00717988 -0.00182071 -0.00434033]
 [-0.00030459 -0.00025135  0.00026781]
 [-0.00526485  0.0034644   0.00467391]
 [ 0.00005031 -0.00044385  0.00075026]
 [ 0.00107598 -0.0016334  -0.00107715]
 [ 0.00045097  0.00004129  0.00017155]
 [-0.00297504  0.00602082 -0.00541271]
 [-0.00003468  0.00042763  0.00020799]
 [ 0.00009678  0.00039351  0.00030424]
 [ 0.00005942  0.00059688  0.00044382]
 [ 0.00048819  0.00022075 -0.00301381]
 [ 0.00210471  0.00350588  0.00403179]
 [ 0.00032741  0.00105361  0.00058643]
 [ 0.00066732 -0.00018728  0.0007254 ]
 [-0.00060435 -0.00274133 -0.0017108 ]
 [-0.00023371 -0.00027061 -0.00079031]
 [-0.0004098  -0.0003782  -0.00062013]
 [ 0.00006195 -0.00206804 -0.00172943]
 [ 0.00112301 -0.00215012 -0.00102705]
 [-0.00124481 -0.00066075  0.0006365 ]]
2023-01-18:12:11:05,396 INFO     [psi4.driver.task_planner:266] PLANNING Atomic:  keywords={'CART_HESS_READ': 0, 'SCF__GUESS': 'READ', 'SCF__INTS_TOLERANCE': 1e-12, 'function_kwargs': {}}
2023-01-18:12:11:05,399 INFO     [psi4.driver.driver:617] Compute gradient(): method=scf, basis=cc-pvdz, molecule=default, nre=590.1868679189613
2023-01-18:12:11:10,784 INFO     [psi4.driver.driver:620] Return gradient(): -462.019992052766
2023-01-18:12:11:10,785 INFO     [psi4.driver.driver:621] [[-0.00031212 -0.00023219  0.00206428]
 [-0.00021726  0.00171633 -0.00097914]
 [ 0.00000166  0.00046141 -0.00007912]
 [ 0.00252551 -0.00000993  0.00161041]
 [ 0.00002079 -0.00205012 -0.00237071]
 [-0.00007384 -0.00019126 -0.00041036]
 [-0.00299231 -0.00009507  0.00145466]
 [-0.00029899 -0.00021089  0.00036789]
 [ 0.00030828  0.00117354 -0.00208244]
 [-0.0000137  -0.00058749  0.00056462]
 [ 0.00027754  0.00006231 -0.00043619]
 [-0.00005     0.00015326 -0.00011377]
 [-0.00037266 -0.00069542  0.00042655]
 [ 0.00005793 -0.00020901 -0.00007615]
 [ 0.00008883  0.00012781  0.00002283]
 [-0.00001126  0.0001215   0.00010311]
 [-0.00007399  0.00141305 -0.00164218]
 [ 0.00041894 -0.0005671  -0.00004278]
 [ 0.00028217 -0.00050711 -0.00000742]
 [ 0.00014324  0.00060538  0.0009103 ]
 [ 0.00030013 -0.00049086  0.00016685]
 [-0.0003988  -0.00014725 -0.00012639]
 [-0.00016607 -0.0000604  -0.00015678]
 [ 0.00035897  0.00014452  0.00051147]
 [-0.00006378 -0.00022229  0.00028271]
 [ 0.00026079  0.00029728  0.00003776]]
2023-01-18:12:11:11,39 INFO     [psi4.driver.task_planner:266] PLANNING Atomic:  keywords={'CART_HESS_READ': 0, 'SCF__GUESS': 'READ', 'OPTKING__INTRAFRAG_STEP_LIMIT': 0.125, 'SCF__INTS_TOLERANCE': 1e-12, 'function_kwargs': {}}
2023-01-18:12:11:11,42 INFO     [psi4.driver.driver:617] Compute gradient(): method=scf, basis=cc-pvdz, molecule=default, nre=590.4422814229035
2023-01-18:12:11:16,330 INFO     [psi4.driver.driver:620] Return gradient(): -462.0200903517652
2023-01-18:12:11:16,331 INFO     [psi4.driver.driver:621] [[-0.00011882 -0.0000578   0.00018492]
 [-0.00009812  0.000237   -0.00031864]
 [ 0.00003163 -0.00010215 -0.00004997]
 [-0.00004482 -0.00035928  0.00016584]
 [-0.00034678  0.00055776 -0.00046762]
 [ 0.00006138 -0.00000285  0.000189  ]
 [ 0.00024009 -0.00023631  0.00015671]
 [ 0.00003453  0.00001348 -0.00003996]
 [ 0.00033931  0.00004904 -0.00023262]
 [-0.00001362  0.00006886 -0.00016411]
 [-0.00015134 -0.0000174   0.00003423]
 [-0.00012324  0.00001354 -0.00002008]
 [-0.00009689 -0.00009891  0.00031255]
 [-0.00001945  0.00003165 -0.000008  ]
 [ 0.00000155  0.0000306   0.00001152]
 [ 0.00000608 -0.0000259  -0.00002399]
 [ 0.00007038 -0.00040942  0.00026112]
 [ 0.00000322 -0.00016606 -0.00008168]
 [ 0.00005817  0.00003349  0.00001599]
 [ 0.0000373   0.00005572 -0.00003093]
 [ 0.00002908  0.00013677 -0.00001045]
 [ 0.00007635  0.00007241  0.00000138]
 [-0.00004743  0.00002493 -0.00003407]
 [-0.00001418  0.00003953  0.00009231]
 [ 0.00000277  0.00006664  0.00009007]
 [ 0.00008284  0.00004467 -0.0000335 ]]
2023-01-18:12:11:16,538 INFO     [psi4.driver.task_planner:266] PLANNING Atomic:  keywords={'CART_HESS_READ': 0, 'SCF__GUESS': 'READ', 'OPTKING__INTRAFRAG_STEP_LIMIT': 0.03125, 'SCF__INTS_TOLERANCE': 1e-12, 'function_kwargs': {}}
2023-01-18:12:11:16,541 INFO     [psi4.driver.driver:617] Compute gradient(): method=scf, basis=cc-pvdz, molecule=default, nre=590.3986201499287
2023-01-18:12:11:22,173 INFO     [psi4.driver.driver:620] Return gradient(): -462.02009714357945
2023-01-18:12:11:22,174 INFO     [psi4.driver.driver:621] [[-0.00001695 -0.00003678 -0.00003475]
 [ 0.00003819  0.00000613  0.00010128]
 [-0.00001637 -0.0000383  -0.00001036]
 [ 0.00021193 -0.00005534 -0.00004428]
 [-0.00009937  0.00017509  0.00006559]
 [-0.0000001   0.00002439  0.00006524]
 [ 0.0000253   0.00011199 -0.00013783]
 [ 0.00002828  0.00001945 -0.00003452]
 [-0.00001379 -0.00004251  0.00007855]
 [ 0.00001199  0.0000533  -0.00007193]
 [-0.00004275  0.00000194  0.00003975]
 [-0.00000596 -0.00001313  0.00001226]
 [ 0.00000382 -0.00011552 -0.00007796]
 [-0.00000464  0.00001064  0.00000577]
 [-0.00000467 -0.00002724 -0.00000607]
 [ 0.00000096 -0.00000197 -0.00000433]
 [-0.00006085  0.00000111  0.00015935]
 [ 0.00005734 -0.00001614 -0.0000172 ]
 [ 0.00001953 -0.00001026  0.00001238]
 [-0.00003236 -0.00005169 -0.00009329]
 [-0.00004101  0.00004491  0.00001215]
 [-0.00003704 -0.00000216  0.00002104]
 [ 0.0000082  -0.0000214   0.0000241 ]
 [-0.00003854 -0.00000475 -0.00002957]
 [ 0.00001146  0.00001219 -0.00002595]
 [-0.00000262 -0.00002395 -0.00000943]]
2023-01-18:12:11:22,350 INFO     [psi4.driver.task_planner:266] PLANNING Atomic:  keywords={'CART_HESS_READ': 0, 'SCF__GUESS': 'READ', 'OPTKING__INTRAFRAG_STEP_LIMIT': 0.0078125, 'SCF__INTS_TOLERANCE': 1e-12, 'function_kwargs': {}}
2023-01-18:12:11:22,353 INFO     [psi4.driver.driver:617] Compute gradient(): method=scf, basis=cc-pvdz, molecule=default, nre=590.4081431148825
2023-01-18:12:11:27,764 INFO     [psi4.driver.driver:620] Return gradient(): -462.02009767942536
2023-01-18:12:11:27,765 INFO     [psi4.driver.driver:621] [[ 0.00000611 -0.00001615 -0.00000564]
 [-0.00000923  0.00002047 -0.00000018]
 [ 0.00000037  0.00001302  0.0000028 ]
 [-0.00005461 -0.00000016  0.000013  ]
 [-0.00002874 -0.00000999 -0.00005409]
 [ 0.00000127  0.00000099 -0.00001592]
 [ 0.00004973 -0.00001941  0.00003798]
 [-0.00000536 -0.00000139  0.00000681]
 [-0.0000243  -0.00000355  0.00000571]
 [-0.0000052   0.00000051  0.00001367]
 [ 0.00001066 -0.00001034 -0.00001119]
 [ 0.0000109  -0.00000252  0.00000212]
 [ 0.00002982  0.00001036  0.00000663]
 [ 0.00000171 -0.00000675  0.00000197]
 [ 0.00000005  0.00000025 -0.00000056]
 [ 0.0000006  -0.00000061  0.00000125]
 [ 0.0000288   0.00000288 -0.00001095]
 [ 0.00000839  0.00001279  0.00000198]
 [-0.00001124  0.0000106   0.00000725]
 [-0.00000798  0.00000599  0.0000083 ]
 [ 0.0000016  -0.00000307 -0.00000523]
 [ 0.00000175 -0.00000508  0.00000133]
 [-0.00000307 -0.00000147  0.00000165]
 [ 0.00000363  0.00000267 -0.00000314]
 [-0.00000404 -0.00000116 -0.00000576]
 [-0.00000162  0.0000011   0.0000002 ]]
2023-01-18:12:11:28,299 INFO     [psi4.driver.task_planner:266] PLANNING Atomic:  keywords={'SCF__INTS_TOLERANCE': 1e-12, 'function_kwargs': {}}
2023-01-18:12:11:28,302 INFO     [psi4.driver.driver:774] Compute properties(): method=scf, basis=6-31g*, molecule=optimized, nre=590.4081431148779
2023-01-18:12:11:34,810 INFO     [psi4.driver.driver:777] Return properties(): -461.9874278092417
2023-01-18:12:11:35,975 INFO     [psi4.driver.task_planner:266] PLANNING Atomic:  keywords={'SCF__INTS_TOLERANCE': 1e-12, 'function_kwargs': {}}
2023-01-18:12:11:35,983 INFO     [psi4.driver.driver:774] Compute properties(): method=scf, basis=6-31g*, molecule=optimized, nre=590.4081431148779
2023-01-18:12:11:43,774 INFO     [psi4.driver.driver:777] Return properties(): -461.98742780939386
