2023-01-18:18:43:13,572 INFO     [psi4.driver.task_planner:266] PLANNING Atomic:  keywords={'GEOM_MAXITER': 500, 'SCF__INTS_TOLERANCE': 1e-12, 'MAXITER': 500, 'function_kwargs': {}}
2023-01-18:18:43:13,576 INFO     [psi4.driver.driver:617] Compute gradient(): method=scf, basis=cc-pvdz, molecule=default, nre=5169.778541994111
2023-01-18:18:47:19,360 INFO     [psi4.driver.driver:620] Return gradient(): -2338.147774497531
2023-01-18:18:47:19,361 INFO     [psi4.driver.driver:621] [[ 0.02849856  0.00080338  0.00592449]
 [-0.00166578 -0.05505368  0.05325928]
 [-0.02333683  0.0097326  -0.01413117]
 [ 0.02347876  0.0560418  -0.05119078]
 [-0.01935262 -0.0102202   0.00600144]
 [-0.00794108  0.0002444  -0.00156114]
 [ 0.00265402  0.03414775 -0.03124301]
 [-0.01168061 -0.0348746   0.03286794]
 [-0.00586195 -0.00290838 -0.00198965]
 [-0.01061467 -0.00422772 -0.000896  ]
 [-0.00202984 -0.00664678  0.00677387]
 [ 0.01328485  0.00556352 -0.00175413]
 [-0.00273294  0.00613514 -0.00580419]
 [-0.00240438 -0.00348512  0.0029384 ]
 [ 0.00495493 -0.00420964  0.00722475]
 [ 0.00073818  0.00543856 -0.00210714]
 [-0.00218992 -0.01735603  0.051153  ]
 [-0.00539984 -0.01606115 -0.0321443 ]
 [ 0.03596281  0.01744437 -0.00098657]
 [-0.02449062  0.02453415  0.00319245]
 [ 0.0008369  -0.01766391 -0.05165799]
 [-0.03263222  0.02352461  0.00373632]
 [ 0.02816352  0.01924677 -0.00475567]
 [ 0.00248378 -0.01810939  0.03119005]
 [-0.01546228  0.00797132 -0.00060475]
 [ 0.00266488 -0.0062953   0.00058588]
 [ 0.03132951  0.00775541  0.00644748]
 [-0.0044376  -0.00345854 -0.00277297]
 [ 0.00818069 -0.00325824  0.00269419]
 [ 0.01949265 -0.01744869 -0.00791372]
 [ 0.0276177   0.07299835  0.04884585]
 [-0.03235488  0.00908859 -0.00341211]
 [-0.00041791 -0.07344179 -0.02901908]
 [-0.01979312 -0.00438682  0.00062186]
 [-0.01989682 -0.00437746  0.00211086]
 [ 0.0162738  -0.00273829 -0.00031458]
 [-0.00856246  0.02807816 -0.00418893]
 [ 0.00390454 -0.01787962 -0.00148693]
 [ 0.01552698  0.00241531  0.00151659]
 [ 0.0007236  -0.00556179 -0.00134367]
 [-0.00600804 -0.00534593 -0.00437009]
 [ 0.00503474  0.00809077  0.00138025]
 [-0.00578533  0.05291641  0.01655475]
 [-0.01654706 -0.05453909 -0.02714412]
 [ 0.00519178 -0.00350699 -0.00102242]
 [ 0.00316438  0.0101817   0.00190045]
 [-0.02195935  0.00438338  0.01048601]
 [-0.02351741  0.00119831 -0.00124583]
 [ 0.00380581  0.00572445  0.00207395]
 [ 0.00053798 -0.00694368 -0.00488317]
 [ 0.0060779   0.00998998  0.00566349]
 [-0.00498702 -0.00841337 -0.00543617]
 [ 0.01341997  0.00724326  0.00568223]
 [ 0.00048794 -0.00311142 -0.00147303]
 [ 0.00096633  0.00535583  0.00293881]
 [ 0.00449846  0.00159294  0.00138587]
 [ 0.00359797  0.00284219  0.00157617]
 [-0.00120388 -0.00157472 -0.0007741 ]
 [ 0.02586425  0.00665717  0.00546077]
 [ 0.01489188 -0.01885052 -0.01564765]
 [-0.02104358 -0.01539172 -0.00891241]]
2023-01-18:18:47:20,542 INFO     [psi4.driver.task_planner:266] PLANNING Atomic:  keywords={'CART_HESS_READ': 0, 'GEOM_MAXITER': 500, 'SCF__GUESS': 'READ', 'SCF__INTS_TOLERANCE': 1e-12, 'MAXITER': 500, 'function_kwargs': {}}
2023-01-18:18:47:20,545 INFO     [psi4.driver.driver:617] Compute gradient(): method=scf, basis=cc-pvdz, molecule=default, nre=5197.699416972394
2023-01-18:18:49:45,527 INFO     [psi4.driver.driver:620] Return gradient(): -2338.1905346105755
2023-01-18:18:49:45,529 INFO     [psi4.driver.driver:621] [[ 0.001106   -0.00032715  0.00068097]
 [ 0.00295457 -0.01748691  0.01802228]
 [-0.00165095  0.00491172 -0.00529802]
 [ 0.00594552  0.01601954 -0.01344151]
 [-0.00094973 -0.00475587  0.00392396]
 [-0.00156394 -0.00006212 -0.00020014]
 [-0.00250945  0.01091848 -0.01041746]
 [-0.00342105 -0.00788799  0.00686574]
 [-0.00090586 -0.00219555  0.00213827]
 [-0.00050527 -0.00020008 -0.00077308]
 [-0.0055741  -0.00067309 -0.00042458]
 [-0.00065965 -0.00084334 -0.00035913]
 [-0.00083069  0.00042531 -0.00041987]
 [-0.00050756 -0.00084861  0.0004883 ]
 [ 0.00055432 -0.00030829  0.00163026]
 [ 0.00103935  0.00278428 -0.00142882]
 [-0.0009072  -0.00566221  0.01544367]
 [ 0.00194651 -0.00084892 -0.00962058]
 [ 0.00133732  0.00403609  0.00125026]
 [-0.00050421  0.00363097  0.00271735]
 [ 0.00040627 -0.00575175 -0.01556919]
 [-0.00192509  0.00468515 -0.00129608]
 [ 0.00080289  0.00198695 -0.00150661]
 [ 0.00066512  0.00026752  0.0112126 ]
 [ 0.00165733  0.00294817 -0.00063583]
 [-0.00118311 -0.0037152  -0.00232415]
 [ 0.00218802  0.00726593  0.00452115]
 [ 0.00414286 -0.0011025   0.00030073]
 [ 0.0004909   0.00129247  0.00192997]
 [-0.00262875 -0.00640662 -0.00547719]
 [ 0.00610706  0.0225299   0.02389417]
 [-0.00518498  0.00260349 -0.0017795 ]
 [-0.00608014 -0.02509716 -0.02053711]
 [-0.00135815 -0.00190455  0.00242288]
 [ 0.00405953 -0.00724734  0.00543606]
 [-0.00091265 -0.00088631 -0.00000157]
 [ 0.01004415  0.01082911 -0.0077917 ]
 [-0.00194066 -0.00273262  0.00061344]
 [ 0.00440782  0.00096861  0.000737  ]
 [-0.00009129 -0.00227997 -0.00050996]
 [-0.0007459  -0.00160369 -0.00195475]
 [ 0.00144215  0.00203908 -0.00021938]
 [ 0.00245396  0.02362184  0.01075372]
 [-0.00524141 -0.02128637 -0.01034209]
 [ 0.00098023 -0.00148625 -0.00056357]
 [ 0.00174085  0.0036477   0.00057677]
 [-0.00854243 -0.00206418 -0.00028324]
 [-0.00475355  0.00145803  0.00022977]
 [-0.00010844  0.00198633  0.00104811]
 [ 0.00191566 -0.0004317   0.00020416]
 [-0.00137476  0.00520345  0.00239101]
 [-0.00200842 -0.00435182 -0.0025866 ]
 [-0.00050312  0.00322132  0.00186283]
 [ 0.00074235 -0.00368585 -0.00233243]
 [ 0.00031938  0.00204438  0.00063823]
 [ 0.00052064  0.00065435  0.00039405]
 [-0.00047711  0.000258   -0.00029818]
 [ 0.00007818 -0.00064661 -0.00012088]
 [ 0.00376577 -0.0026238  -0.00091793]
 [ 0.00377525 -0.00398333 -0.00285036]
 [-0.00204034 -0.00085043 -0.00004625]]
2023-01-18:18:49:46,100 INFO     [psi4.driver.task_planner:266] PLANNING Atomic:  keywords={'CART_HESS_READ': 0, 'GEOM_MAXITER': 500, 'SCF__GUESS': 'READ', 'OPTKING__INTRAFRAG_STEP_LIMIT': 1.0, 'SCF__INTS_TOLERANCE': 1e-12, 'MAXITER': 500, 'function_kwargs': {}}
2023-01-18:18:49:46,104 INFO     [psi4.driver.driver:617] Compute gradient(): method=scf, basis=cc-pvdz, molecule=default, nre=5221.307875211556
2023-01-18:18:51:48,492 INFO     [psi4.driver.driver:620] Return gradient(): -2338.207805506331
2023-01-18:18:51:48,494 INFO     [psi4.driver.driver:621] [[-0.00087257 -0.00013637 -0.00043925]
 [-0.00060686  0.00351135 -0.00295879]
 [ 0.0010304   0.00060231 -0.00136696]
 [-0.00288417 -0.0035851   0.00428981]
 [ 0.00014267 -0.0011912  -0.00005976]
 [ 0.00100247  0.00007291  0.00031214]
 [ 0.00059603 -0.00274206  0.00310261]
 [ 0.00194913  0.0033247  -0.00328378]
 [-0.00069816 -0.00009536  0.00220803]
 [ 0.00083682  0.0008474   0.00010564]
 [-0.0026612   0.00030214 -0.00087722]
 [-0.00143774 -0.00110337 -0.00056294]
 [ 0.00024557 -0.00067081  0.00023958]
 [ 0.00026202  0.00017459 -0.00050198]
 [-0.00000699  0.00077612 -0.00026986]
 [-0.00024275 -0.0020616   0.00009995]
 [ 0.00165104  0.00681243 -0.0056096 ]
 [ 0.00231557 -0.00020776  0.00350285]
 [-0.00071859 -0.00352899  0.00436824]
 [-0.00100923 -0.00376446  0.00407987]
 [ 0.00027477  0.00505633  0.00459041]
 [ 0.00058646 -0.00339154 -0.00426043]
 [-0.00070839 -0.00403942 -0.00240289]
 [-0.00040607  0.00282836 -0.00100196]
 [ 0.00210901  0.00049611 -0.00113592]
 [ 0.00079975  0.00306176 -0.00228446]
 [-0.00089041  0.00002336  0.00092892]
 [ 0.00203761 -0.00084914  0.00078547]
 [-0.00182882 -0.00101702 -0.00096605]
 [-0.0015349   0.00065749  0.00160568]
 [-0.00802177 -0.00164053  0.00378386]
 [ 0.00357004 -0.00129815 -0.00120242]
 [ 0.00278392  0.00614955 -0.00588302]
 [ 0.00808442 -0.00242034  0.00312595]
 [-0.0037273   0.00336163  0.00641964]
 [ 0.00322042  0.0045155   0.00024723]
 [ 0.00334509 -0.00386095 -0.00583359]
 [ 0.00340123  0.0059774  -0.00244532]
 [-0.00237919 -0.00279755  0.00023969]
 [ 0.00005405  0.00033503  0.00054209]
 [ 0.00041179  0.00039677 -0.00037997]
 [-0.00019375 -0.00060038 -0.0006666 ]
 [-0.001759   -0.00703732 -0.00288908]
 [ 0.00339835  0.00067389  0.00321569]
 [-0.00468084  0.00047777  0.00034239]
 [ 0.00367741 -0.00153837  0.00027707]
 [-0.00771045 -0.00648267 -0.00285671]
 [ 0.00353221 -0.00034693 -0.00050215]
 [-0.00234896  0.00124499  0.00024418]
 [-0.00156652  0.00015155  0.00095098]
 [ 0.00104512 -0.00064064  0.00008858]
 [-0.00227036  0.000963    0.00011185]
 [ 0.0005242  -0.00015746  0.00018145]
 [-0.0009719   0.00234535 -0.00043635]
 [ 0.00121507 -0.00035117 -0.00029104]
 [-0.00058544  0.00010317 -0.00004536]
 [-0.00103025  0.00060653 -0.00004543]
 [ 0.00139012 -0.00073429 -0.00024866]
 [-0.00362456 -0.00223008 -0.00127707]
 [-0.00066418  0.00329281  0.00198065]
 [ 0.00254853  0.00137869  0.0010141 ]]
2023-01-18:18:51:49,123 INFO     [psi4.driver.task_planner:266] PLANNING Atomic:  keywords={'CART_HESS_READ': 0, 'GEOM_MAXITER': 500, 'SCF__GUESS': 'READ', 'OPTKING__INTRAFRAG_STEP_LIMIT': 1.0, 'SCF__INTS_TOLERANCE': 1e-12, 'MAXITER': 500, 'function_kwargs': {}}
2023-01-18:18:51:49,126 INFO     [psi4.driver.driver:617] Compute gradient(): method=scf, basis=cc-pvdz, molecule=default, nre=5235.49919511366
2023-01-18:18:53:51,469 INFO     [psi4.driver.driver:620] Return gradient(): -2338.213654496991
2023-01-18:18:53:51,470 INFO     [psi4.driver.driver:621] [[-0.00231446 -0.00009499 -0.00056558]
 [ 0.00040961  0.0031801  -0.002811  ]
 [ 0.00194583 -0.00058855  0.00000281]
 [-0.00128753 -0.00270098  0.0032153 ]
 [ 0.00138997 -0.0003978  -0.00031595]
 [ 0.00028571  0.00010513  0.00015853]
 [-0.00031406 -0.00176909  0.00180018]
 [ 0.00061443  0.00186119 -0.00194164]
 [ 0.00017168  0.00077514  0.00117707]
 [ 0.00046567  0.00083422 -0.00007517]
 [ 0.00007587  0.00033826 -0.00024706]
 [-0.00006712  0.00055809 -0.00056226]
 [ 0.0001371  -0.00061417  0.00005386]
 [ 0.00027927  0.0000325  -0.0002478 ]
 [-0.0000895   0.00033492 -0.0003405 ]
 [-0.00029918 -0.00160133  0.00069058]
 [-0.00035119  0.00012665 -0.00268002]
 [ 0.00130652  0.00179388  0.00019379]
 [-0.00378771 -0.00016899  0.00337745]
 [ 0.00281949 -0.00319472  0.00082266]
 [ 0.00028291 -0.00127701  0.00315003]
 [ 0.00345288 -0.001259   -0.00257577]
 [-0.00333875 -0.00084695 -0.00129905]
 [-0.00114819  0.00255946  0.00092324]
 [ 0.00130011  0.00016655  0.00050897]
 [ 0.00015005  0.0037523  -0.00258508]
 [-0.00038874 -0.00080945 -0.00127179]
 [ 0.00031167 -0.00162724  0.00026634]
 [-0.00158371 -0.00070117 -0.00103984]
 [-0.00080802  0.00045985  0.00294919]
 [-0.00763473  0.00192131 -0.00025441]
 [ 0.00711146 -0.00414074  0.00297001]
 [ 0.00310588  0.00169251  0.00052058]
 [ 0.00310546 -0.00185728  0.0007843 ]
 [-0.01002886  0.00942557  0.00205038]
 [ 0.00320681  0.00150715  0.00061024]
 [-0.00321737 -0.00034539 -0.00149145]
 [ 0.00526942  0.0033215  -0.00461397]
 [-0.00356732 -0.00217159  0.00187298]
 [-0.00005453  0.00027595  0.00036948]
 [ 0.00060187  0.00026731  0.00000481]
 [-0.00022405 -0.00045931 -0.00026729]
 [ 0.00341235 -0.00932893 -0.00477364]
 [ 0.00994158 -0.00237945  0.00314348]
 [-0.00355131 -0.00005524  0.00085038]
 [ 0.00280112 -0.00146462  0.00008197]
 [-0.00692377  0.00172468 -0.00214474]
 [ 0.00139058 -0.00157591 -0.00051832]
 [-0.00264313  0.00180963 -0.00038997]
 [-0.00035155  0.00242401  0.00183708]
 [ 0.00015985 -0.00244672 -0.00037775]
 [-0.00045041  0.00098267  0.000222  ]
 [-0.00084604 -0.00181701 -0.00053546]
 [-0.00087991  0.00242853 -0.0008321 ]
 [ 0.00039781 -0.00064026  0.00001275]
 [-0.00033384 -0.00052473 -0.00016694]
 [-0.00073171  0.00031369 -0.00006092]
 [ 0.00104079 -0.0004759  -0.00013703]
 [-0.00057727 -0.00011239 -0.00047121]
 [-0.00020856  0.00145335  0.00030834]
 [ 0.00105875  0.00102082  0.00066495]]
2023-01-18:18:53:52,552 INFO     [psi4.driver.task_planner:266] PLANNING Atomic:  keywords={'CART_HESS_READ': 0, 'GEOM_MAXITER': 500, 'SCF__GUESS': 'READ', 'OPTKING__INTRAFRAG_STEP_LIMIT': 1.0, 'SCF__INTS_TOLERANCE': 1e-12, 'MAXITER': 500, 'function_kwargs': {}}
2023-01-18:18:53:52,555 INFO     [psi4.driver.driver:617] Compute gradient(): method=scf, basis=cc-pvdz, molecule=default, nre=5225.916950064575
2023-01-18:18:55:53,174 INFO     [psi4.driver.driver:620] Return gradient(): -2338.2165632128062
2023-01-18:18:55:53,176 INFO     [psi4.driver.driver:621] [[-0.00065014 -0.00029495 -0.00036728]
 [ 0.00050683  0.00008135  0.00068945]
 [ 0.00030801 -0.00069117 -0.00003161]
 [ 0.00134457  0.00139964 -0.00072696]
 [ 0.00040143 -0.00029148 -0.00019298]
 [-0.00130006  0.00013368 -0.00012404]
 [-0.0008534   0.00193834 -0.00243875]
 [-0.00199264 -0.00292475  0.00253329]
 [ 0.00053048  0.00155956 -0.00055927]
 [-0.00037967 -0.0001734   0.00070324]
 [ 0.00209308 -0.0003085   0.00034676]
 [ 0.00144423  0.00158902 -0.00049221]
 [-0.00007033  0.00038157 -0.0008314 ]
 [ 0.00002251 -0.00061624  0.00053379]
 [ 0.00059165 -0.00049037  0.00030168]
 [ 0.00035472 -0.00125731  0.00048541]
 [-0.00162881 -0.00069173  0.00157327]
 [-0.00078952 -0.00078321 -0.00238632]
 [ 0.00332429 -0.00016961  0.00132214]
 [-0.00086703  0.00037488  0.00043545]
 [ 0.00041261 -0.00192131  0.00010729]
 [-0.00160842  0.00136177 -0.00036388]
 [ 0.00187154  0.00101655 -0.00148413]
 [-0.00133279 -0.0006545   0.00232972]
 [-0.00234065 -0.0010543   0.00003688]
 [ 0.00010277  0.00145864 -0.00303913]
 [ 0.0002347  -0.00020822 -0.00084749]
 [-0.00146746  0.00087647  0.00085291]
 [ 0.00059806  0.00063949 -0.00022181]
 [ 0.00081432 -0.00112566  0.00118266]
 [ 0.00303982 -0.00216969 -0.00287094]
 [-0.00336322  0.00116409  0.00166526]
 [-0.00108756 -0.00399013  0.0009398 ]
 [ 0.00024073  0.00055774 -0.00225699]
 [-0.00485652  0.00410348  0.00182376]
 [ 0.00063902 -0.00343215  0.00240946]
 [-0.00660244  0.00141516  0.00056039]
 [ 0.00223523 -0.00214019 -0.00084906]
 [-0.00213233  0.00016553  0.00007509]
 [-0.00013372 -0.0000371   0.00010525]
 [ 0.00005519  0.00017557  0.00020809]
 [ 0.00000914  0.00019083  0.00025883]
 [ 0.00527836  0.0022921  -0.00064337]
 [ 0.00093366 -0.00038266  0.00386453]
 [ 0.00038862 -0.00035546  0.00026523]
 [ 0.0000133   0.00013759 -0.00009228]
 [ 0.00367661  0.0048884  -0.00397024]
 [-0.00741931 -0.00110733 -0.00175022]
 [ 0.00001493  0.00041224 -0.0006018 ]
 [ 0.00192208 -0.00233589  0.00103725]
 [-0.00542042 -0.00184965 -0.00152212]
 [ 0.00708219  0.00181582  0.00225899]
 [-0.00209922  0.00244533  0.00025818]
 [ 0.00690056  0.00323542  0.001222  ]
 [ 0.00109089  0.00310287  0.00198893]
 [ 0.000647   -0.00000569  0.00014862]
 [ 0.00519281  0.00410675  0.00270882]
 [-0.00441836 -0.00395214 -0.00291098]
 [ 0.00778124  0.00027865  0.00110794]
 [ 0.00032734 -0.00150538 -0.00074036]
 [-0.00961049 -0.00637838 -0.00402475]]
2023-01-18:18:55:53,831 INFO     [psi4.driver.task_planner:266] PLANNING Atomic:  keywords={'CART_HESS_READ': 0, 'GEOM_MAXITER': 500, 'SCF__GUESS': 'READ', 'OPTKING__INTRAFRAG_STEP_LIMIT': 1.0, 'SCF__INTS_TOLERANCE': 1e-12, 'MAXITER': 500, 'function_kwargs': {}}
2023-01-18:18:55:53,834 INFO     [psi4.driver.driver:617] Compute gradient(): method=scf, basis=cc-pvdz, molecule=default, nre=5229.055929600183
2023-01-18:18:57:48,90 INFO     [psi4.driver.driver:620] Return gradient(): -2338.218804250161
2023-01-18:18:57:48,91 INFO     [psi4.driver.driver:621] [[ 0.00004206  0.00001316  0.00018025]
 [ 0.00013333 -0.00029099 -0.00020009]
 [-0.00050386 -0.00043226  0.00075281]
 [ 0.00055206  0.00004161 -0.00091851]
 [-0.00005572  0.00068101 -0.00006351]
 [-0.00040179  0.00010821  0.00001975]
 [-0.00011223  0.00053774 -0.00043374]
 [-0.00038164 -0.00056281  0.00083731]
 [ 0.00050329 -0.00007554 -0.00092116]
 [-0.0000952  -0.00029722 -0.000048  ]
 [ 0.0013758   0.00017031  0.00009655]
 [ 0.00004018  0.00070744 -0.0002416 ]
 [-0.00026914  0.00018889  0.00003168]
 [-0.00005257 -0.00010617  0.00021177]
 [-0.00000282 -0.00016412  0.00011293]
 [ 0.00060344 -0.00083017  0.00011489]
 [-0.00064521  0.00064423  0.00138448]
 [-0.0000682  -0.00048887  0.0000794 ]
 [ 0.00284387 -0.00150063  0.0004211 ]
 [-0.00161804  0.00044182  0.00017959]
 [ 0.0001268  -0.00031248 -0.00078043]
 [-0.00152943  0.00092391  0.00085781]
 [ 0.00151517 -0.00016305 -0.00021119]
 [-0.00095543  0.00010011  0.00002949]
 [-0.00170743 -0.00064059 -0.00095299]
 [ 0.00014033  0.0001269  -0.00103221]
 [-0.00037201  0.00020896  0.00180535]
 [-0.00114476  0.00090764  0.00053847]
 [ 0.00105318  0.00058373  0.00018199]
 [ 0.00027714  0.00000274 -0.00210299]
 [ 0.00166855 -0.003408    0.00462068]
 [-0.00299447  0.00107217  0.00108484]
 [ 0.00081182 -0.00003615 -0.00510439]
 [-0.00049774  0.00144376 -0.00150994]
 [-0.00112076  0.00139607  0.00119626]
 [-0.00066049 -0.00126478  0.00081845]
 [-0.00288101  0.00074257 -0.00084432]
 [-0.00037447 -0.00223692  0.00111102]
 [ 0.00082435  0.00067151 -0.00060354]
 [-0.00005402 -0.00012236 -0.0001117 ]
 [-0.00002257 -0.00016499  0.00013005]
 [ 0.00002686  0.00025803  0.00010197]
 [ 0.00228569 -0.00085297  0.00079749]
 [ 0.00210497  0.00046938  0.00108047]
 [ 0.00079302 -0.00002874  0.00004406]
 [-0.00038604  0.00036131 -0.0000128 ]
 [ 0.00112559  0.00208149 -0.00222806]
 [-0.00257806  0.00044411 -0.0002071 ]
 [ 0.00060671 -0.0001825  -0.0001526 ]
 [ 0.00134154  0.0003631   0.0007841 ]
 [-0.00250044  0.00036399 -0.00056626]
 [ 0.00233751 -0.00061945  0.00049692]
 [-0.00154674  0.00014165 -0.00037245]
 [ 0.00156568 -0.00078361 -0.00038102]
 [-0.00015005  0.00060358  0.00039341]
 [ 0.0002492  -0.00004456  0.00004594]
 [ 0.00121545  0.00045202  0.0004769 ]
 [-0.00100855 -0.00050158 -0.00067571]
 [ 0.0032591   0.00011459  0.00070388]
 [-0.00043518 -0.00086705 -0.00045084]
 [-0.00229663 -0.00038914 -0.00059493]]
2023-01-18:18:57:48,923 INFO     [psi4.driver.task_planner:266] PLANNING Atomic:  keywords={'CART_HESS_READ': 0, 'GEOM_MAXITER': 500, 'SCF__GUESS': 'READ', 'OPTKING__INTRAFRAG_STEP_LIMIT': 1.0, 'SCF__INTS_TOLERANCE': 1e-12, 'MAXITER': 500, 'function_kwargs': {}}
2023-01-18:18:57:48,926 INFO     [psi4.driver.driver:617] Compute gradient(): method=scf, basis=cc-pvdz, molecule=default, nre=5231.64587702013
2023-01-18:18:59:46,903 INFO     [psi4.driver.driver:620] Return gradient(): -2338.2196211252176
2023-01-18:18:59:46,904 INFO     [psi4.driver.driver:621] [[ 0.0006426  -0.00065625 -0.00051881]
 [-0.00036605  0.00076958  0.00068164]
 [-0.0009289  -0.00041393  0.00026513]
 [-0.00052762  0.00097135  0.00118169]
 [-0.00046343  0.00011833 -0.00050313]
 [ 0.00044518 -0.00006528 -0.00004599]
 [ 0.00059634 -0.00105924  0.00053883]
 [ 0.00089905  0.00064044 -0.00132178]
 [ 0.00036338 -0.0009152  -0.00026829]
 [ 0.00024617 -0.00010122 -0.0003267 ]
 [ 0.00029551  0.0004335   0.00012739]
 [-0.00112902 -0.00011478 -0.00015421]
 [-0.00013494 -0.00009216  0.00031581]
 [-0.00007559  0.00023531 -0.00014839]
 [-0.00033467  0.00013249 -0.00005035]
 [ 0.00055612  0.00101244  0.00005577]
 [-0.00011687 -0.00034422  0.00003326]
 [ 0.00010575  0.00015854  0.00065922]
 [ 0.0001774  -0.00051718  0.00026178]
 [ 0.0003562  -0.00025726 -0.0004432 ]
 [ 0.00024176 -0.00011826  0.00029143]
 [ 0.00021384  0.00007081  0.00037307]
 [-0.00039616 -0.00036862  0.00026754]
 [-0.00020523 -0.00018494 -0.0004522 ]
 [-0.00060842 -0.00077666 -0.00061519]
 [ 0.00081466  0.00048214 -0.00183052]
 [ 0.00080993  0.00236561 -0.00135953]
 [-0.00026377  0.00108945  0.00067481]
 [ 0.00072506 -0.00071666  0.00164713]
 [-0.0017785  -0.0015948   0.00076137]
 [ 0.0045567   0.00238644 -0.00555545]
 [-0.0017383   0.00014843  0.00044935]
 [-0.00067857 -0.00307203  0.00727575]
 [-0.00029123  0.00024012  0.00051722]
 [ 0.00172442 -0.00162143  0.00124125]
 [-0.00058632  0.0008447  -0.00086146]
 [ 0.00132226 -0.00022202 -0.00263861]
 [-0.00254029 -0.00026724  0.00162691]
 [ 0.00183571  0.00097809 -0.00068468]
 [ 0.00002271  0.00000449 -0.00034565]
 [ 0.00004196 -0.00015871 -0.00037638]
 [-0.00015642  0.00007758  0.00026263]
 [-0.00015051  0.00053466 -0.00364844]
 [-0.0011917  -0.00174642  0.00358481]
 [ 0.00057187  0.00017324 -0.00032593]
 [-0.00037364  0.00031102  0.00002279]
 [-0.00178761  0.00054916  0.00004378]
 [ 0.00249554  0.00126354  0.00074302]
 [ 0.00076453 -0.00054231  0.00030466]
 [-0.00000491  0.0006267  -0.00036917]
 [ 0.00133473  0.00164629  0.00095595]
 [-0.00217653 -0.00095268 -0.00097154]
 [ 0.0003137  -0.00068369 -0.00012779]
 [-0.0024915  -0.00216577 -0.00073379]
 [-0.00075779 -0.00097736 -0.00084206]
 [-0.0003442   0.00008338 -0.00004287]
 [-0.00202207 -0.00161577 -0.00119203]
 [ 0.00150078  0.00156191  0.00118525]
 [-0.00273657 -0.0003406  -0.0008659 ]
 [-0.00036752  0.00045218 -0.00068194]
 [ 0.00375098  0.00230074  0.00195272]]
2023-01-18:18:59:47,548 INFO     [psi4.driver.task_planner:266] PLANNING Atomic:  keywords={'CART_HESS_READ': 0, 'GEOM_MAXITER': 500, 'SCF__GUESS': 'READ', 'OPTKING__INTRAFRAG_STEP_LIMIT': 1.0, 'SCF__INTS_TOLERANCE': 1e-12, 'MAXITER': 500, 'function_kwargs': {}}
2023-01-18:18:59:47,551 INFO     [psi4.driver.driver:617] Compute gradient(): method=scf, basis=cc-pvdz, molecule=default, nre=5231.934533020875
2023-01-18:19:01:43,301 INFO     [psi4.driver.driver:620] Return gradient(): -2338.2204881694975
2023-01-18:19:01:43,303 INFO     [psi4.driver.driver:621] [[ 0.00003351  0.0005437   0.00057961]
 [ 0.00014131 -0.00142585 -0.00066535]
 [-0.00049432  0.00046888  0.00027573]
 [ 0.00000714 -0.0006853  -0.00132003]
 [-0.0004179   0.00026729  0.00035621]
 [ 0.00019887  0.00005577  0.00006801]
 [ 0.00006796  0.00027704  0.00044304]
 [ 0.00015064  0.00049228  0.00020356]
 [ 0.00037099 -0.00042408  0.00011949]
 [ 0.00038333  0.00009827  0.00015486]
 [ 0.00013751  0.00008541  0.00012774]
 [-0.00081084  0.00001116 -0.00027286]
 [ 0.00007155 -0.00000701 -0.00011274]
 [-0.00003229  0.00004928 -0.00008626]
 [-0.00006309  0.00000564 -0.00006168]
 [ 0.0003248   0.00153187 -0.00029878]
 [-0.00025949 -0.0013439  -0.00011111]
 [-0.00024374  0.00003887 -0.00033546]
 [-0.00095021  0.00064461  0.00014993]
 [ 0.00143434 -0.00005511 -0.00096996]
 [ 0.00039676 -0.00068117  0.00058697]
 [ 0.00103417 -0.0002057   0.0000246 ]
 [-0.00102425  0.00024491  0.00016662]
 [ 0.00035176 -0.00071925  0.00037788]
 [-0.00019061 -0.00098596  0.00036518]
 [ 0.00015447  0.00023914 -0.00010362]
 [-0.00018666  0.00108277  0.00108202]
 [ 0.00009527  0.00104509  0.00079666]
 [ 0.00072622 -0.00042281 -0.00016587]
 [-0.00134652 -0.00030352 -0.00104481]
 [ 0.00118867  0.00076006  0.00256373]
 [-0.0003097  -0.00121611 -0.0007153 ]
 [ 0.0011827   0.00168631 -0.00144657]
 [-0.00013667  0.00005431 -0.0003684 ]
 [ 0.00052053 -0.0007602   0.0001374 ]
 [-0.0004165   0.00121515 -0.0009051 ]
 [ 0.00210153 -0.0001453  -0.00067691]
 [-0.00143643  0.00016753  0.00080066]
 [-0.00002754  0.00029752 -0.00011197]
 [-0.00001732 -0.00002321 -0.00004538]
 [-0.00003258 -0.00007842 -0.00024406]
 [-0.00013642  0.00011828  0.00005211]
 [-0.00090265 -0.00133919 -0.00004519]
 [ 0.00132883 -0.00069756  0.00097639]
 [ 0.00026917  0.00002449 -0.0004018 ]
 [-0.00029609  0.00031338  0.00003401]
 [-0.00309559 -0.00062705  0.00095185]
 [ 0.00145283  0.00016331  0.00013677]
 [ 0.00033126 -0.00029535  0.00028075]
 [-0.00066107 -0.00174424 -0.00119396]
 [ 0.00124488  0.00045309  0.00065082]
 [-0.00114379  0.0008902  -0.00015039]
 [ 0.00129316  0.00068497  0.00055339]
 [-0.0002563   0.0005686   0.00077269]
 [-0.00004635  0.00010213 -0.00021306]
 [-0.00032605  0.00017926 -0.00000462]
 [-0.00053932 -0.00001587 -0.00013709]
 [ 0.00009169  0.00018929  0.00036503]
 [-0.0024402  -0.00060217 -0.00083728]
 [ 0.00016646  0.00038833 -0.00113217]
 [ 0.00098822 -0.00063391  0.00002402]]
2023-01-18:19:01:44,163 INFO     [psi4.driver.task_planner:266] PLANNING Atomic:  keywords={'CART_HESS_READ': 0, 'GEOM_MAXITER': 500, 'SCF__GUESS': 'READ', 'OPTKING__INTRAFRAG_STEP_LIMIT': 0.25, 'SCF__INTS_TOLERANCE': 1e-12, 'MAXITER': 500, 'function_kwargs': {}}
2023-01-18:19:01:44,166 INFO     [psi4.driver.driver:617] Compute gradient(): method=scf, basis=cc-pvdz, molecule=default, nre=5230.113534533107
2023-01-18:19:03:39,111 INFO     [psi4.driver.driver:620] Return gradient(): -2338.2209252215052
2023-01-18:19:03:39,113 INFO     [psi4.driver.driver:621] [[-0.00029159 -0.00073444 -0.00085705]
 [ 0.00008914  0.00120605  0.00179008]
 [ 0.00010061 -0.00022997 -0.00069567]
 [-0.00000339  0.00135572  0.00126244]
 [ 0.00013643 -0.00054086 -0.00030755]
 [ 0.00003942 -0.00011862 -0.00013921]
 [-0.00019403 -0.00030387 -0.00073182]
 [-0.00011596 -0.00054413 -0.00038429]
 [ 0.00009442 -0.00049834 -0.00004478]
 [ 0.00035614 -0.00002124 -0.00001259]
 [-0.00035333 -0.00016013  0.00033556]
 [-0.00050789  0.00014226 -0.00011115]
 [ 0.00011571  0.00004791 -0.00005589]
 [ 0.0000032  -0.00000327 -0.00000649]
 [ 0.00001008  0.00000062 -0.00005309]
 [-0.00014178  0.00013899 -0.00009387]
 [ 0.00038928  0.00027653  0.00009737]
 [ 0.00020706  0.00016839  0.00027302]
 [-0.00061583 -0.00011638 -0.00044562]
 [ 0.00004003  0.0002685  -0.000923  ]
 [-0.00022369  0.00047272 -0.00019466]
 [ 0.00066183 -0.0004107   0.00088907]
 [-0.0002237  -0.00015941  0.00059154]
 [ 0.00032082  0.00008288 -0.00069524]
 [ 0.00018826 -0.00057332 -0.00011022]
 [-0.00002434 -0.00002658  0.00084116]
 [-0.00019969  0.00051276  0.00022208]
 [ 0.00042891  0.0002251   0.00028359]
 [ 0.00031733 -0.00034597 -0.00047913]
 [-0.00065533  0.00034191 -0.00098066]
 [-0.00055182  0.00025649  0.00356058]
 [ 0.00058226 -0.00065201 -0.0012309 ]
 [ 0.00003693  0.00103498 -0.00039336]
 [ 0.00024272 -0.00077966 -0.0003    ]
 [-0.00006836  0.00021305  0.00027476]
 [-0.00005457  0.00059699 -0.00039977]
 [ 0.00137707 -0.00038825 -0.0018395 ]
 [ 0.00007567  0.00063329  0.00027336]
 [-0.00102046 -0.00007799  0.00012762]
 [ 0.00000767  0.00004262  0.00010579]
 [-0.00001799 -0.00003231  0.00012838]
 [-0.00003939 -0.00008381 -0.00018475]
 [-0.00017561 -0.00049106  0.00012802]
 [ 0.00165616 -0.00082142  0.00014603]
 [-0.0000273   0.00005948 -0.00004797]
 [-0.00017357 -0.00002737 -0.00003022]
 [-0.00259805  0.00051534  0.00129507]
 [ 0.00081447 -0.00080277  0.00033163]
 [-0.00015153 -0.00006677  0.00013119]
 [-0.00070317 -0.00075185 -0.00051606]
 [ 0.00048925 -0.00067456 -0.00011294]
 [-0.00051494  0.0006293   0.00004888]
 [ 0.00078743  0.00004012  0.00019164]
 [ 0.00003185  0.00120168  0.00030409]
 [ 0.00008164  0.00022634  0.00005824]
 [ 0.00005364 -0.00002002 -0.00000085]
 [ 0.00018925  0.00032539  0.00018191]
 [-0.00024359 -0.00016142 -0.00003316]
 [-0.00024668 -0.00003626 -0.00000766]
 [ 0.00047841  0.00004038 -0.00120675]
 [-0.0002655  -0.00040101 -0.00024723]]
2023-01-18:19:03:40,111 INFO     [psi4.driver.task_planner:266] PLANNING Atomic:  keywords={'CART_HESS_READ': 0, 'GEOM_MAXITER': 500, 'SCF__GUESS': 'READ', 'OPTKING__INTRAFRAG_STEP_LIMIT': 0.25, 'SCF__INTS_TOLERANCE': 1e-12, 'MAXITER': 500, 'function_kwargs': {}}
2023-01-18:19:03:40,115 INFO     [psi4.driver.driver:617] Compute gradient(): method=scf, basis=cc-pvdz, molecule=default, nre=5228.996957519246
2023-01-18:19:05:32,227 INFO     [psi4.driver.driver:620] Return gradient(): -2338.221239925969
2023-01-18:19:05:32,229 INFO     [psi4.driver.driver:621] [[-0.00054366  0.0010947   0.00120763]
 [ 0.0002188  -0.00172205 -0.0022288 ]
 [ 0.0004678   0.0006877   0.00057685]
 [ 0.00022306 -0.00184618 -0.00185473]
 [ 0.00054727  0.00052922  0.00069831]
 [-0.00015303  0.00014243  0.00011669]
 [-0.00036586  0.000849    0.00056638]
 [-0.00035226  0.00039661  0.00087649]
 [-0.00032501 -0.00015116 -0.00013912]
 [ 0.00002749  0.00003025 -0.00008818]
 [-0.0004935  -0.00037792  0.00017138]
 [ 0.00025005  0.00007548 -0.00006744]
 [ 0.00004454  0.00003606  0.00005559]
 [ 0.00004161 -0.00003187  0.00007738]
 [ 0.00008876  0.00000716  0.00000884]
 [-0.0005404  -0.00103353  0.00013156]
 [ 0.0007505   0.00132285 -0.00009651]
 [ 0.00015788 -0.00007287  0.00048897]
 [ 0.00022355 -0.00056411 -0.00056385]
 [-0.00111981  0.00046914 -0.00036041]
 [-0.00056776  0.0009841  -0.00052154]
 [-0.00008459 -0.00012745  0.00126896]
 [ 0.00058245 -0.00009806  0.00036414]
 [ 0.00013791  0.0003196  -0.00079687]
 [ 0.00004172  0.0000569  -0.00028733]
 [ 0.00013805  0.00006256  0.00087286]
 [-0.00010816 -0.00087736 -0.00029991]
 [ 0.00029115 -0.0004999  -0.00042148]
 [-0.0002967  -0.00016015 -0.00016709]
 [ 0.00033582 -0.00010956  0.00094609]
 [-0.00013533  0.00062135 -0.00178308]
 [ 0.00058219 -0.00025419  0.00071505]
 [-0.0003889   0.0006815  -0.00074023]
 [-0.00004137 -0.00147122  0.00072821]
 [-0.00076031  0.00131907  0.00013067]
 [ 0.00041275 -0.00072651  0.00048986]
 [-0.00091805  0.00001043 -0.00183884]
 [ 0.00145757  0.00039012 -0.00028336]
 [-0.00107344 -0.00012518  0.00026241]
 [ 0.0000204   0.00009764  0.00014303]
 [-0.0000026   0.00012147  0.00025672]
 [ 0.00011451 -0.000276   -0.00024339]
 [ 0.00049499  0.00036232  0.00072427]
 [ 0.00025467 -0.00089494  0.00140404]
 [-0.00031584  0.00003572  0.0003198 ]
 [ 0.00012258 -0.00035193 -0.00000262]
 [-0.00044168  0.00208101 -0.00001122]
 [-0.00004444 -0.00117141  0.00007842]
 [-0.00049169  0.00024671 -0.00013261]
 [-0.00015618  0.0013886   0.00048675]
 [-0.0005262  -0.0014001  -0.00062172]
 [ 0.00022914 -0.0001157   0.00011929]
 [-0.00040392 -0.00103014 -0.00036667]
 [-0.00019331  0.00066699 -0.0002646 ]
 [ 0.00007372  0.00001935  0.00017594]
 [ 0.00037846 -0.00026977  0.00000577]
 [ 0.00055387  0.00024671  0.00022483]
 [-0.00020102 -0.00024793 -0.0002342 ]
 [ 0.00216582  0.00068292  0.00077475]
 [ 0.00063955 -0.00051331 -0.00085252]
 [-0.0010236   0.00048485 -0.00019959]]
2023-01-18:19:05:33,155 INFO     [psi4.driver.task_planner:266] PLANNING Atomic:  keywords={'CART_HESS_READ': 0, 'GEOM_MAXITER': 500, 'SCF__GUESS': 'READ', 'OPTKING__INTRAFRAG_STEP_LIMIT': 0.75, 'SCF__INTS_TOLERANCE': 1e-12, 'MAXITER': 500, 'function_kwargs': {}}
2023-01-18:19:05:33,158 INFO     [psi4.driver.driver:617] Compute gradient(): method=scf, basis=cc-pvdz, molecule=default, nre=5230.829486033999
2023-01-18:19:07:28,160 INFO     [psi4.driver.driver:620] Return gradient(): -2338.221577024068
2023-01-18:19:07:28,161 INFO     [psi4.driver.driver:621] [[ 0.00019097 -0.00022504 -0.00021656]
 [-0.00011514  0.00082367  0.00011923]
 [ 0.00013029 -0.00026708 -0.00017047]
 [-0.00009511  0.00030036  0.00079088]
 [ 0.00035855 -0.00023973 -0.0002477 ]
 [-0.00011575 -0.00001639 -0.00007398]
 [-0.0000604  -0.00011552 -0.00019074]
 [-0.00000985 -0.00024113 -0.00015075]
 [-0.00034208  0.00028476 -0.00017665]
 [-0.00033042  0.00009343 -0.00006502]
 [-0.00009252 -0.00005136 -0.00022112]
 [ 0.00078208 -0.00008572  0.00005289]
 [-0.00009411 -0.00007684  0.00004368]
 [ 0.00008454 -0.00004079  0.00002654]
 [ 0.00018821  0.00000903  0.00005674]
 [-0.000507   -0.00058031  0.00021533]
 [ 0.00047096  0.00009662 -0.00073913]
 [-0.00047088 -0.00069909 -0.00021053]
 [ 0.00009769  0.00031229  0.00004359]
 [-0.00034932  0.00019219  0.00007373]
 [-0.00005432  0.00013552  0.00037754]
 [-0.00017083  0.00023569  0.00030071]
 [ 0.0002751   0.00066815 -0.00058514]
 [ 0.00020337 -0.00057731  0.00061996]
 [-0.00015841  0.00041361  0.00069279]
 [ 0.00000487  0.00028107  0.00024574]
 [ 0.00025043 -0.00115584 -0.00111157]
 [-0.00011673 -0.00049596 -0.00063868]
 [-0.00071854  0.00024792 -0.00007611]
 [ 0.00147168  0.00021482  0.00067066]
 [-0.00050029 -0.00183709 -0.00068404]
 [ 0.00045204  0.0011596  -0.00044175]
 [-0.00044819 -0.00110492  0.00139289]
 [-0.00078202 -0.00048289  0.00046815]
 [-0.00057219  0.00078025 -0.00051854]
 [ 0.00061862 -0.00099963  0.00070853]
 [-0.00249645 -0.00002156  0.00144113]
 [ 0.00175613 -0.0005635  -0.00059681]
 [-0.00043493  0.00001658  0.00024429]
 [-0.00001147  0.00004562  0.00002723]
 [-0.00013649  0.0003182  -0.0000871 ]
 [ 0.00020913 -0.00008496  0.00005831]
 [ 0.00051307  0.00068247 -0.00027582]
 [ 0.00033225  0.00099598  0.00132139]
 [-0.00042541 -0.00007914  0.00032481]
 [ 0.0004523  -0.0001426   0.00000358]
 [-0.00068583  0.00162756 -0.0018594 ]
 [ 0.00009484 -0.00064213 -0.00058298]
 [-0.00027349  0.0004663  -0.00029032]
 [ 0.00009663  0.00196963  0.00056565]
 [-0.00027759 -0.00087114 -0.00022045]
 [ 0.00011716  0.00015195  0.00004978]
 [-0.00063824 -0.00091981 -0.000288  ]
 [-0.00056946 -0.00011337 -0.00005456]
 [ 0.00017242 -0.00018213  0.00005841]
 [ 0.00012875 -0.00019204 -0.00000915]
 [ 0.00011289  0.00010678 -0.00000307]
 [ 0.00009429 -0.00024874 -0.0000811 ]
 [ 0.00119151  0.00056986  0.00041218]
 [ 0.00170731 -0.00020882 -0.00047135]
 [-0.00050462  0.00036266 -0.00006774]]
2023-01-18:19:07:28,922 INFO     [psi4.driver.task_planner:266] PLANNING Atomic:  keywords={'CART_HESS_READ': 0, 'GEOM_MAXITER': 500, 'SCF__GUESS': 'READ', 'OPTKING__INTRAFRAG_STEP_LIMIT': 0.75, 'SCF__INTS_TOLERANCE': 1e-12, 'MAXITER': 500, 'function_kwargs': {}}
2023-01-18:19:07:28,925 INFO     [psi4.driver.driver:617] Compute gradient(): method=scf, basis=cc-pvdz, molecule=default, nre=5230.320792922363
2023-01-18:19:09:26,569 INFO     [psi4.driver.driver:620] Return gradient(): -2338.221667898525
2023-01-18:19:09:26,571 INFO     [psi4.driver.driver:621] [[ 0.00026149 -0.00048988 -0.00056007]
 [-0.0000951   0.00112303  0.00119883]
 [-0.00001876 -0.00034777 -0.00051199]
 [-0.00007873  0.00070499  0.00095326]
 [ 0.00014923 -0.00046783 -0.00023132]
 [-0.00003185 -0.00007589 -0.00010465]
 [ 0.00006212 -0.00035355 -0.00045991]
 [ 0.00006893 -0.00026642 -0.00031313]
 [-0.00038337  0.00030864  0.0001253 ]
 [-0.00048345 -0.00001808  0.00013711]
 [-0.00047101 -0.00009893  0.00025052]
 [ 0.00040236 -0.0003763   0.00003774]
 [-0.00001812  0.0000321  -0.00001692]
 [ 0.00000006 -0.00004672 -0.00001377]
 [-0.00000985 -0.00002623  0.00002294]
 [-0.00061279  0.00012425  0.00026771]
 [ 0.00059958 -0.00002821  0.00037957]
 [-0.00038141  0.00054816 -0.00042392]
 [-0.00067417  0.000752   -0.00026905]
 [ 0.00010148 -0.00007523 -0.00037488]
 [-0.0003221   0.00005879 -0.00037002]
 [ 0.0000153   0.00007994  0.00015263]
 [ 0.00012021  0.00029575  0.00000959]
 [ 0.00018219 -0.0000067   0.0000849 ]
 [ 0.001652    0.00155984 -0.00023409]
 [-0.00047691 -0.00095183  0.00039949]
 [-0.00022214 -0.00107558  0.00003212]
 [ 0.00019109 -0.00159778 -0.00054884]
 [-0.00050875  0.0003989   0.00011631]
 [ 0.00057128  0.00005271  0.00098054]
 [-0.00011268  0.0006762  -0.00122703]
 [ 0.00019429  0.0001209   0.00142184]
 [ 0.00047521  0.00056181 -0.00139663]
 [-0.00019022 -0.0001983   0.00033411]
 [-0.00001059 -0.00008669  0.00020004]
 [ 0.00022764 -0.00010749 -0.00000832]
 [-0.00087043 -0.00006996 -0.00074885]
 [ 0.00077612 -0.00010437 -0.00013846]
 [ 0.00012466 -0.00013993  0.00016788]
 [ 0.00002941 -0.00007109 -0.0000302 ]
 [ 0.00012147 -0.0001588   0.00021169]
 [ 0.00008048 -0.00000136  0.00013639]
 [-0.00012413 -0.00030745  0.00033217]
 [ 0.0004143  -0.00084394  0.00080381]
 [-0.00010187 -0.00008952  0.00013221]
 [ 0.00015772  0.00007008 -0.00006448]
 [-0.00075053  0.0005003  -0.00096195]
 [-0.00039315 -0.0001203   0.00002093]
 [ 0.00001536  0.00020302 -0.00013719]
 [ 0.00016054  0.00018836  0.00003912]
 [ 0.00005049 -0.00008239 -0.00000084]
 [ 0.00025147  0.00039859  0.00008219]
 [-0.00009564  0.00019728  0.00006622]
 [ 0.00022225  0.00013862 -0.00000721]
 [ 0.00021594  0.00007852  0.0000102 ]
 [-0.00012341  0.00003167 -0.00002877]
 [ 0.00002058  0.00022847  0.00000783]
 [-0.00003598 -0.00031719 -0.00007903]
 [-0.00043324 -0.00008501 -0.0000636 ]
 [ 0.00027903  0.00012813  0.0003191 ]
 [-0.00016388 -0.00047434 -0.00010915]]
2023-01-18:19:09:27,359 INFO     [psi4.driver.task_planner:266] PLANNING Atomic:  keywords={'CART_HESS_READ': 0, 'GEOM_MAXITER': 500, 'SCF__GUESS': 'READ', 'OPTKING__INTRAFRAG_STEP_LIMIT': 0.75, 'SCF__INTS_TOLERANCE': 1e-12, 'MAXITER': 500, 'function_kwargs': {}}
2023-01-18:19:09:27,363 INFO     [psi4.driver.driver:617] Compute gradient(): method=scf, basis=cc-pvdz, molecule=default, nre=5230.970606644649
2023-01-18:19:11:19,763 INFO     [psi4.driver.driver:620] Return gradient(): -2338.221717640925
2023-01-18:19:11:19,764 INFO     [psi4.driver.driver:621] [[-0.00016151  0.00053718  0.000691  ]
 [ 0.0000259  -0.00104235 -0.00119002]
 [ 0.0001452   0.00045376  0.00032192]
 [-0.00002568 -0.00085857 -0.00099741]
 [ 0.0000207   0.00014804  0.00042827]
 [ 0.00003593  0.00003616  0.0000695 ]
 [ 0.00005618  0.0002361   0.00053452]
 [ 0.00004204  0.00043565  0.00022962]
 [ 0.0000193   0.00008422  0.0000131 ]
 [-0.00013688 -0.00004277  0.00005442]
 [-0.00010263  0.0000968  -0.00017051]
 [-0.00002587 -0.00028943  0.00033473]
 [ 0.00000498  0.00001495  0.00000041]
 [-0.00000557  0.00001967 -0.00000937]
 [-0.00005747 -0.00002329 -0.00003492]
 [-0.00015098 -0.00008701 -0.00041483]
 [ 0.00012961  0.00034191  0.00036722]
 [ 0.00048016  0.00020643  0.00021924]
 [-0.00050781 -0.00012187 -0.00034873]
 [-0.00019626  0.00004821  0.00004372]
 [-0.00017822  0.0002547  -0.00037574]
 [ 0.00014948 -0.0002585   0.00001639]
 [-0.00003301 -0.0002665   0.00039431]
 [ 0.00006539  0.00053254 -0.00054932]
 [ 0.00084658  0.00023221  0.00063909]
 [-0.00044377 -0.00064874  0.00009795]
 [ 0.00003908  0.00059873 -0.0006751 ]
 [ 0.00019357 -0.00039799 -0.00037293]
 [-0.00031361  0.00035     0.00007121]
 [ 0.00000834  0.00054798 -0.00053914]
 [-0.00076717 -0.00049528  0.00243525]
 [ 0.00050277  0.00074512 -0.00062466]
 [-0.00060483 -0.00146677  0.00184479]
 [ 0.00063497  0.0003758  -0.00053772]
 [ 0.00037055 -0.00055122  0.00055684]
 [-0.00028086  0.00063004 -0.000408  ]
 [ 0.00062974  0.00031744 -0.00155434]
 [-0.0003709   0.00031975  0.00002124]
 [ 0.00012302 -0.00023312  0.0000887 ]
 [ 0.00000251 -0.0000555  -0.00002696]
 [ 0.00003672 -0.00008896  0.00002906]
 [ 0.00000619  0.00012128 -0.00002786]
 [ 0.00010891  0.0001438  -0.00095516]
 [ 0.00096558 -0.00035822 -0.00036541]
 [ 0.00013726 -0.00002164 -0.0001083 ]
 [-0.00014368  0.00010152 -0.00007352]
 [-0.00028932 -0.00074541  0.00003828]
 [-0.00045471  0.00020599  0.0003556 ]
 [ 0.00008728 -0.00013599  0.00007524]
 [ 0.0000221  -0.00076789 -0.00016181]
 [ 0.00011875  0.00024293  0.00001717]
 [ 0.00017955 -0.00001139  0.00003641]
 [ 0.0002337   0.00055995  0.00014083]
 [ 0.00049714  0.00015489 -0.00007833]
 [ 0.00003497  0.00014132  0.00000692]
 [-0.00010339  0.00010547 -0.00001038]
 [-0.00001322  0.00007279  0.00003472]
 [-0.00008427 -0.00007003 -0.00002922]
 [-0.00075269 -0.00028474 -0.00017984]
 [-0.00096094  0.00021209  0.00061606]
 [ 0.00021112 -0.00030226 -0.00000419]]
2023-01-18:19:11:20,438 INFO     [psi4.driver.task_planner:266] PLANNING Atomic:  keywords={'CART_HESS_READ': 0, 'GEOM_MAXITER': 500, 'SCF__GUESS': 'READ', 'OPTKING__INTRAFRAG_STEP_LIMIT': 0.75, 'SCF__INTS_TOLERANCE': 1e-12, 'MAXITER': 500, 'function_kwargs': {}}
2023-01-18:19:11:20,441 INFO     [psi4.driver.driver:617] Compute gradient(): method=scf, basis=cc-pvdz, molecule=default, nre=5232.449691569036
2023-01-18:19:13:07,595 INFO     [psi4.driver.driver:620] Return gradient(): -2338.2217866857372
2023-01-18:19:13:07,597 INFO     [psi4.driver.driver:621] [[-0.00028363  0.0000415   0.00008373]
 [ 0.00017213 -0.00037776 -0.00008434]
 [ 0.00009962  0.00022111  0.00004569]
 [ 0.0001043   0.00016198 -0.00010885]
 [-0.0001106  -0.0000115   0.00007353]
 [ 0.00003599 -0.000024    0.00000162]
 [-0.00000992  0.00001263  0.00014012]
 [-0.00003098  0.00004642 -0.00005614]
 [ 0.00018031 -0.00006918 -0.00008387]
 [ 0.00009421 -0.00006473 -0.00005787]
 [ 0.00021969  0.00017586 -0.0003503 ]
 [-0.00013614 -0.00013816  0.00037371]
 [-0.00000019 -0.00000485 -0.00000269]
 [ 0.0000002   0.00004377  0.000001  ]
 [-0.00003285 -0.00000808 -0.00001572]
 [ 0.00022662  0.00005565 -0.00065258]
 [-0.00027508  0.00014672  0.00001641]
 [ 0.00050643 -0.00032425  0.00031876]
 [ 0.00001881 -0.00036704 -0.00017862]
 [-0.00019649  0.00011509  0.00046054]
 [ 0.00007293  0.00008609 -0.00006836]
 [ 0.0000562  -0.00018298 -0.00026997]
 [-0.00010366 -0.00026661  0.00025389]
 [ 0.00001523  0.0003056  -0.00031038]
 [-0.00023861 -0.00057902  0.00087086]
 [-0.00011439 -0.00017608  0.0000052 ]
 [-0.00006714  0.00031723  0.00035283]
 [ 0.00002203  0.00064422 -0.00019438]
 [-0.00011693  0.00013288  0.00005595]
 [-0.00048015 -0.00014702 -0.00012144]
 [ 0.00070351  0.00023643  0.00002906]
 [ 0.00001317 -0.00020579  0.00031116]
 [ 0.00049493  0.0002268  -0.00086202]
 [ 0.00032914  0.00034803 -0.00007691]
 [-0.00003363 -0.00035514  0.00029602]
 [-0.00042257  0.00065665 -0.00033492]
 [ 0.00107589  0.00076071 -0.0004258 ]
 [-0.00117926  0.00011837  0.00011028]
 [ 0.00012888 -0.00010952 -0.0000383 ]
 [-0.0000186  -0.00002247 -0.00000609]
 [-0.00007758  0.00005154 -0.00016206]
 [-0.00002602  0.00011493 -0.00009874]
 [-0.0001927  -0.00045176  0.00010273]
 [ 0.00009834 -0.0001867   0.00059081]
 [ 0.0002323   0.00001433 -0.00023725]
 [-0.0002587   0.00010316 -0.00002816]
 [ 0.00026697 -0.0008961  -0.0003636 ]
 [-0.00021642  0.00037021  0.00012259]
 [ 0.00007895 -0.00028322  0.00016353]
 [-0.00010326 -0.00077062 -0.00011435]
 [ 0.00011483  0.00031488  0.00005517]
 [-0.0000718  -0.00044687 -0.00006595]
 [ 0.00028328  0.00035582  0.00005041]
 [ 0.00025549 -0.00006268 -0.0000098 ]
 [-0.00015177  0.00005853  0.00000698]
 [ 0.00000887  0.00006689  0.00001714]
 [-0.00006417 -0.00014895  0.00001267]
 [-0.00001627  0.0002071   0.00005846]
 [-0.00027349 -0.0001838  -0.00010788]
 [-0.00093652  0.00018454  0.00041322]
 [ 0.00033028  0.0001692   0.00009328]]
2023-01-18:19:13:08,654 INFO     [psi4.driver.task_planner:266] PLANNING Atomic:  keywords={'CART_HESS_READ': 0, 'GEOM_MAXITER': 500, 'SCF__GUESS': 'READ', 'OPTKING__INTRAFRAG_STEP_LIMIT': 0.1875, 'SCF__INTS_TOLERANCE': 1e-12, 'MAXITER': 500, 'function_kwargs': {}}
2023-01-18:19:13:08,657 INFO     [psi4.driver.driver:617] Compute gradient(): method=scf, basis=cc-pvdz, molecule=default, nre=5231.376219038261
2023-01-18:19:14:58,108 INFO     [psi4.driver.driver:620] Return gradient(): -2338.221844492896
2023-01-18:19:14:58,110 INFO     [psi4.driver.driver:621] [[-0.00004375  0.00008445  0.00007896]
 [ 0.00009011 -0.00020294  0.00001759]
 [-0.00007754  0.00007822  0.00001987]
 [ 0.00008768 -0.00009951 -0.000411  ]
 [-0.00011588  0.00013813  0.00012412]
 [ 0.00004111  0.00000176  0.00001595]
 [-0.00001646  0.00004054 -0.00000045]
 [-0.00002945  0.00002003  0.00014824]
 [-0.00006528  0.00000108  0.00021787]
 [ 0.00009106 -0.00000474  0.00000239]
 [ 0.00003728 -0.00008431  0.00004934]
 [-0.00011366 -0.00017327 -0.00008095]
 [ 0.00004196  0.00001337 -0.00001678]
 [-0.000014    0.00002749 -0.00000465]
 [-0.0000512   0.00003288  0.00003876]
 [ 0.00020049  0.00069109 -0.00000009]
 [-0.00033504 -0.00044546 -0.00027904]
 [-0.00031111 -0.00000787 -0.00016824]
 [ 0.00025971  0.00037407  0.0000235 ]
 [ 0.00036409 -0.0002072   0.00037395]
 [ 0.00023282 -0.00024756  0.00040326]
 [-0.00016917  0.00013213 -0.00065471]
 [-0.00010897  0.00008148 -0.00012763]
 [-0.0000263  -0.00032748  0.0002636 ]
 [-0.00018044  0.00005612 -0.00030344]
 [ 0.00033626 -0.0000047   0.00010449]
 [ 0.00019047  0.00012885  0.00022446]
 [-0.00019324  0.00015349  0.00024283]
 [ 0.0001966  -0.00009808 -0.00000181]
 [-0.00026932 -0.00015284 -0.00028977]
 [ 0.00090586 -0.00080377  0.00021846]
 [-0.00042807  0.00002118 -0.0005372 ]
 [ 0.00039599 -0.00011823 -0.00042413]
 [-0.00021487  0.00030848 -0.00010983]
 [-0.00022355 -0.0000254  -0.00012821]
 [-0.00013494  0.00017996 -0.00005531]
 [ 0.00035284  0.00018421  0.00142791]
 [-0.00110265 -0.00033005  0.00029479]
 [ 0.00007849  0.00020186 -0.00024373]
 [ 0.00001096  0.00003175  0.0000006 ]
 [ 0.00000769 -0.00004238 -0.00004537]
 [-0.00007426 -0.00009458 -0.00003764]
 [-0.0000759  -0.00010151  0.00011543]
 [-0.00011165  0.00080409  0.00073785]
 [ 0.00015375  0.00005813 -0.00021165]
 [-0.0001691   0.00003269  0.00007143]
 [ 0.00037618 -0.00035282 -0.00100408]
 [ 0.00027533  0.00032246 -0.00027938]
 [ 0.00007811 -0.00021398  0.00014265]
 [-0.00013589 -0.00025644 -0.00000936]
 [ 0.0000488   0.00027596  0.00011186]
 [-0.00032968 -0.00044182 -0.00011365]
 [ 0.00008687 -0.00004204 -0.00005716]
 [-0.00015773 -0.00029657  0.00014211]
 [-0.0002093  -0.00007186 -0.00001703]
 [ 0.00007273  0.00000218  0.00002597]
 [-0.00009288 -0.00023556 -0.00003248]
 [ 0.00007775  0.00030975  0.00009618]
 [ 0.00025978 -0.00000532 -0.00000722]
 [ 0.00002247  0.00027244 -0.00018189]
 [ 0.00020805  0.00042802  0.00009944]]
2023-01-18:19:14:58,575 INFO     [psi4.driver.task_planner:266] PLANNING Atomic:  keywords={'CART_HESS_READ': 0, 'GEOM_MAXITER': 500, 'SCF__GUESS': 'READ', 'OPTKING__INTRAFRAG_STEP_LIMIT': 0.1875, 'SCF__INTS_TOLERANCE': 1e-12, 'MAXITER': 500, 'function_kwargs': {}}
2023-01-18:19:14:58,579 INFO     [psi4.driver.driver:617] Compute gradient(): method=scf, basis=cc-pvdz, molecule=default, nre=5231.378993445792
2023-01-18:19:16:46,149 INFO     [psi4.driver.driver:620] Return gradient(): -2338.2218958211015
2023-01-18:19:16:46,151 INFO     [psi4.driver.driver:621] [[ 0.00024126 -0.000012   -0.00002519]
 [-0.00004632 -0.00010263 -0.00007468]
 [-0.00020031  0.00001173  0.00006882]
 [-0.00001933  0.00015637  0.00002121]
 [-0.00008609  0.00003533 -0.00003507]
 [ 0.00000859  0.0000079   0.00000203]
 [ 0.0000022   0.00012385 -0.00005592]
 [ 0.0000186  -0.0001486   0.00006112]
 [-0.00003432 -0.00000678  0.00014342]
 [ 0.00006699 -0.0000051  -0.00004644]
 [ 0.0000635  -0.00006094  0.00011598]
 [ 0.00000676  0.00002013 -0.00008566]
 [ 0.00003193  0.00001902 -0.00001587]
 [-0.00000191 -0.0000001   0.00001093]
 [ 0.00002515 -0.00000236  0.00002144]
 [ 0.00017709  0.00033394  0.00015157]
 [-0.00032606 -0.00043469 -0.0001069 ]
 [-0.00020208  0.00002134 -0.00019446]
 [ 0.00016536  0.00032674 -0.00009428]
 [ 0.00031284 -0.00007277  0.0002522 ]
 [ 0.00012914 -0.00027561  0.0002554 ]
 [-0.00023898  0.00015423 -0.00052433]
 [ 0.00005637  0.0001771  -0.00014877]
 [-0.00008116 -0.00036177  0.00029917]
 [-0.00040103 -0.00010355 -0.00020523]
 [ 0.00034987  0.0001357   0.00008297]
 [ 0.00008422  0.00005201  0.00022107]
 [-0.00014619  0.00027157  0.00025005]
 [ 0.00030004 -0.00024457 -0.00000482]
 [-0.00006616 -0.00005526 -0.00013764]
 [ 0.00044484  0.00001321  0.00030373]
 [-0.00059047 -0.00004931 -0.00007738]
 [ 0.00013815  0.00022042 -0.00026717]
 [-0.00020332 -0.00001049 -0.00006279]
 [-0.00015624  0.00012575  0.00008854]
 [ 0.00040705 -0.00033317 -0.00002612]
 [-0.00045936 -0.00113376  0.00051192]
 [-0.00010171 -0.00021673  0.00046708]
 [ 0.0000341   0.00044202 -0.00032065]
 [ 0.00000392  0.00002643 -0.00001136]
 [-0.00003468  0.00002365 -0.00005487]
 [-0.00001874 -0.00004936  0.00001578]
 [ 0.00001116  0.00011335  0.00019631]
 [ 0.00000983 -0.00022685  0.00009764]
 [ 0.00003559  0.00001367  0.00001215]
 [-0.00002964  0.00000298  0.00003742]
 [-0.00039651  0.0007989  -0.00076379]
 [ 0.00050275 -0.00001863  0.00001192]
 [ 0.00012139  0.000003    0.00003458]
 [-0.00006529  0.00000926 -0.00011571]
 [ 0.00008656  0.00014704  0.00001902]
 [-0.00031642  0.00018328 -0.00002239]
 [-0.00000287 -0.00013964  0.0000185 ]
 [-0.00025799 -0.00006348  0.00009684]
 [-0.00004275 -0.00003117 -0.00006654]
 [-0.00000339 -0.00001196 -0.00000323]
 [-0.00005109 -0.0000165  -0.00004527]
 [ 0.00004974  0.00006734  0.00002687]
 [ 0.00009657 -0.0000266   0.0000264 ]
 [ 0.00069235  0.00020095 -0.00031805]
 [-0.00009352 -0.00002382 -0.00001153]]
2023-01-18:19:16:47,145 INFO     [psi4.driver.task_planner:266] PLANNING Atomic:  keywords={'CART_HESS_READ': 0, 'GEOM_MAXITER': 500, 'SCF__GUESS': 'READ', 'OPTKING__INTRAFRAG_STEP_LIMIT': 0.1875, 'SCF__INTS_TOLERANCE': 1e-12, 'MAXITER': 500, 'function_kwargs': {}}
2023-01-18:19:16:47,148 INFO     [psi4.driver.driver:617] Compute gradient(): method=scf, basis=cc-pvdz, molecule=default, nre=5231.089867579912
2023-01-18:19:18:43,158 INFO     [psi4.driver.driver:620] Return gradient(): -2338.2219426516526
2023-01-18:19:18:43,159 INFO     [psi4.driver.driver:621] [[ 0.00009435 -0.00005379 -0.00005281]
 [-0.00006494  0.00030362  0.00020075]
 [-0.00007661 -0.00011424 -0.00003236]
 [-0.00005754 -0.0001719  -0.00004953]
 [ 0.00007961  0.00006632  0.00000916]
 [-0.0000237   0.00001096 -0.00000201]
 [-0.00000405 -0.00007035 -0.00009873]
 [ 0.00002274  0.00005261  0.00002752]
 [ 0.00006173 -0.00010057  0.00000467]
 [ 0.00002122  0.00004247 -0.00000577]
 [-0.00003584 -0.00002882  0.00013404]
 [-0.00002954  0.00011071 -0.0000385 ]
 [ 0.00003     0.00002626  0.00001633]
 [-0.00000907 -0.00001925  0.00000802]
 [ 0.00001786 -0.00001321 -0.00002229]
 [ 0.00006868 -0.00028835  0.00019562]
 [-0.00006983  0.00016953  0.00018709]
 [ 0.00021928  0.00016799  0.00011338]
 [-0.0000562  -0.00012013 -0.00033067]
 [-0.00008321  0.0000887   0.00008633]
 [-0.00019784  0.00002277 -0.00028811]
 [-0.00007284 -0.00004166 -0.00005357]
 [ 0.00015517 -0.00010139  0.00027827]
 [-0.00009702  0.00020604 -0.0002133 ]
 [-0.00015933 -0.00011913 -0.00027529]
 [ 0.00020738 -0.00003481  0.00004732]
 [-0.00009293  0.00012942 -0.00000752]
 [ 0.00007176  0.00013218  0.00011462]
 [ 0.00025757 -0.00022198  0.00002742]
 [-0.0001324  -0.00000546  0.00000074]
 [-0.00000872  0.00046821  0.00019962]
 [ 0.00001396 -0.0001768  -0.00013867]
 [-0.00011864  0.00019312  0.0003971 ]
 [ 0.00043943  0.00011321 -0.00015487]
 [-0.00042713  0.00010062  0.00019015]
 [ 0.00060902 -0.00044805  0.00010095]
 [-0.00053372 -0.00031671  0.00025858]
 [ 0.00040751 -0.0001852   0.00000315]
 [-0.00033185  0.00050897 -0.00031111]
 [-0.00000116  0.00000165 -0.00000753]
 [-0.00001244 -0.00000031  0.00005315]
 [ 0.00001894  0.00000552  0.00003294]
 [ 0.00005233 -0.00005254 -0.00018207]
 [ 0.00008963 -0.00055327 -0.00010632]
 [-0.000074   -0.00006501  0.00014315]
 [ 0.0001324  -0.00001304 -0.0000824 ]
 [-0.00052259  0.00034689 -0.00038136]
 [ 0.00054589 -0.00034756  0.00016315]
 [-0.0000141   0.00013095 -0.00009475]
 [-0.00021508  0.00007236 -0.00009457]
 [ 0.00012139 -0.00015956 -0.00000719]
 [-0.00018909  0.00058766 -0.00000538]
 [ 0.00017802 -0.00010827  0.00006072]
 [-0.00022441  0.00028772 -0.00001371]
 [ 0.000156    0.00002149 -0.00001719]
 [-0.00003889  0.00000436 -0.00000803]
 [ 0.00002169  0.00018535 -0.00000369]
 [-0.00003897 -0.00017654 -0.0000234 ]
 [-0.00019772 -0.00002591 -0.00000562]
 [ 0.00030231 -0.0001406   0.0000991 ]
 [-0.0001845  -0.00028321 -0.00004469]]
2023-01-18:19:18:44,237 INFO     [psi4.driver.task_planner:266] PLANNING Atomic:  keywords={'CART_HESS_READ': 0, 'GEOM_MAXITER': 500, 'SCF__GUESS': 'READ', 'OPTKING__INTRAFRAG_STEP_LIMIT': 0.1875, 'SCF__INTS_TOLERANCE': 1e-12, 'MAXITER': 500, 'function_kwargs': {}}
2023-01-18:19:18:44,240 INFO     [psi4.driver.driver:617] Compute gradient(): method=scf, basis=cc-pvdz, molecule=default, nre=5231.01099700589
2023-01-18:19:20:35,919 INFO     [psi4.driver.driver:620] Return gradient(): -2338.2219725046225
2023-01-18:19:20:35,921 INFO     [psi4.driver.driver:621] [[-0.00004758 -0.00003299 -0.00003722]
 [-0.00002243 -0.0003375  -0.00041922]
 [ 0.00001028  0.00007513  0.00012954]
 [ 0.00000398  0.00037877  0.00053888]
 [ 0.00005674 -0.00012248 -0.00022105]
 [-0.00002077  0.00001065  0.00000591]
 [-0.00000314  0.00011085  0.00016444]
 [-0.0000185  -0.00012915 -0.00019494]
 [ 0.00009241  0.00006647  0.00013454]
 [ 0.0000139  -0.0000252  -0.00002537]
 [-0.00000037 -0.00002863  0.00004765]
 [-0.00004699  0.0001043  -0.00005529]
 [ 0.00000732 -0.0000093  -0.00003337]
 [-0.00001314 -0.00000633  0.00000705]
 [ 0.00000115  0.00001699  0.0000059 ]
 [ 0.00004936 -0.00007518  0.00013555]
 [ 0.00001629  0.0000055  -0.00006838]
 [-0.00007609  0.00001506 -0.00002702]
 [-0.00002359  0.0000383  -0.00010018]
 [ 0.00008301 -0.00000686  0.00000798]
 [-0.00008121 -0.00008166 -0.00004743]
 [ 0.00002617 -0.00000974 -0.00008509]
 [ 0.00000697  0.00001882  0.00014223]
 [-0.0000003  -0.00002221  0.00004406]
 [-0.00010601 -0.00005267 -0.00019589]
 [ 0.00011532  0.00000088 -0.00003749]
 [-0.00007345  0.0001181   0.00005067]
 [ 0.0000273   0.00006924  0.00013374]
 [ 0.00015394 -0.00004103 -0.00008686]
 [-0.00011477 -0.00004036 -0.00005221]
 [-0.00010248  0.00037604  0.00043017]
 [ 0.00009393 -0.00012185 -0.00010946]
 [-0.00012598  0.00021141  0.00025155]
 [ 0.00063836 -0.00005221 -0.00022656]
 [-0.00044092  0.00007066  0.00028641]
 [ 0.00046539 -0.00022926  0.00004377]
 [-0.00016765  0.0001488  -0.00034923]
 [ 0.00028512  0.0000444  -0.00013921]
 [-0.00049635  0.00023411 -0.00005412]
 [-0.00001328 -0.0000054   0.00001279]
 [-0.00000038 -0.00000041  0.00003382]
 [-0.0000017   0.00000695  0.00002592]
 [ 0.00001606 -0.00001881 -0.00005557]
 [-0.00003548 -0.00048203 -0.00027764]
 [-0.00005884 -0.00002937  0.00006328]
 [ 0.00009459 -0.00000737 -0.0000687 ]
 [-0.00011164 -0.00004454  0.00005057]
 [ 0.00036937 -0.000273    0.00003108]
 [-0.00009861  0.00008672 -0.0000548 ]
 [-0.00032901  0.00009322 -0.00000064]
 [ 0.00016247 -0.00032938  0.00002548]
 [-0.00012832  0.00024825 -0.00002197]
 [ 0.00033868 -0.0001497   0.00001515]
 [-0.00026074  0.00028959 -0.00003478]
 [ 0.00012285  0.00001926  0.00003012]
 [ 0.0000244  -0.00001151  0.00000441]
 [ 0.00002383  0.00010695  0.0000204 ]
 [-0.00002014 -0.00011535 -0.00000124]
 [-0.00005353  0.00006521 -0.00000818]
 [-0.00014969 -0.00010498  0.00023189]
 [-0.00005609 -0.00003416 -0.00001585]]
2023-01-18:19:20:37,202 INFO     [psi4.driver.task_planner:266] PLANNING Atomic:  keywords={'CART_HESS_READ': 0, 'GEOM_MAXITER': 500, 'SCF__GUESS': 'READ', 'OPTKING__INTRAFRAG_STEP_LIMIT': 0.046875, 'SCF__INTS_TOLERANCE': 1e-12, 'MAXITER': 500, 'function_kwargs': {}}
2023-01-18:19:20:37,205 INFO     [psi4.driver.driver:617] Compute gradient(): method=scf, basis=cc-pvdz, molecule=default, nre=5231.160597454557
2023-01-18:19:22:23,404 INFO     [psi4.driver.driver:620] Return gradient(): -2338.2219788439697
2023-01-18:19:22:23,406 INFO     [psi4.driver.driver:621] [[-0.00002404  0.00001641  0.00001625]
 [ 0.00002537  0.00042654  0.00057184]
 [-0.00000507 -0.00014346 -0.00018173]
 [-0.00002217 -0.00052342 -0.00065106]
 [-0.00001299  0.00019179  0.00019334]
 [ 0.00000861  0.00000956  0.00001154]
 [-0.00000771 -0.0001487  -0.00020691]
 [ 0.00000182  0.00017864  0.00024558]
 [ 0.00005957 -0.00007386 -0.00009764]
 [ 0.00003816  0.00004954  0.0000925 ]
 [ 0.00003618  0.0000093  -0.00001118]
 [-0.00005103  0.00002423 -0.00002144]
 [-0.00000737  0.00000833  0.00000442]
 [-0.00000368 -0.00000804 -0.00001162]
 [-0.00000319 -0.00000677 -0.00001498]
 [ 0.00005869  0.00003945  0.00002145]
 [-0.00000772 -0.00000568 -0.00006839]
 [-0.00005469 -0.0000746  -0.00002479]
 [-0.00001644 -0.00000506 -0.00001983]
 [ 0.00006706 -0.00001578  0.00000273]
 [ 0.00003887 -0.00000507  0.00008315]
 [-0.00001301 -0.00000014 -0.00006052]
 [ 0.00000701  0.00003968  0.00002003]
 [ 0.00000712 -0.00010828  0.00008378]
 [-0.00010699 -0.00007221  0.00004626]
 [ 0.00004318  0.00005665 -0.00003508]
 [ 0.00001553  0.00008637  0.00007   ]
 [-0.00001413  0.00009949  0.00003831]
 [ 0.00002483 -0.00001598 -0.00001383]
 [-0.00003777 -0.00006969 -0.0000546 ]
 [ 0.00007218  0.0000269   0.00015024]
 [-0.00005619 -0.00006733 -0.00006266]
 [-0.00001581  0.00007972  0.00001181]
 [ 0.00003657 -0.00005058 -0.00001351]
 [-0.00011368  0.00002652  0.00006224]
 [ 0.00003035 -0.00002114 -0.00001689]
 [ 0.00006257 -0.00003262 -0.0001242 ]
 [-0.00005949  0.00007801  0.0000126 ]
 [-0.00007078 -0.00000509  0.00004312]
 [-0.00000614 -0.00000002 -0.00000171]
 [-0.00000792  0.00001105 -0.00002615]
 [-0.00000908  0.00000355 -0.00000984]
 [ 0.00000885 -0.00001812  0.00000701]
 [ 0.00001954 -0.00003775  0.00002538]
 [ 0.0000038   0.00000797 -0.00003539]
 [-0.00000666  0.0000168   0.00000519]
 [ 0.00003049 -0.000006   -0.00004708]
 [ 0.00004121 -0.00000721  0.00004377]
 [-0.00001568  0.00001471  0.00001184]
 [-0.00005007  0.00002044 -0.00002151]
 [ 0.00003924 -0.00007388 -0.00002004]
 [ 0.00002486 -0.00007282  0.00001544]
 [ 0.00006854 -0.00003362  0.00000555]
 [-0.0000841   0.00001122 -0.0000146 ]
 [-0.00000508  0.00002695 -0.00000524]
 [ 0.0000234  -0.00001121 -0.00000053]
 [ 0.00001293 -0.00000376  0.0000025 ]
 [-0.00001328  0.00000651  0.00000769]
 [ 0.00004075  0.00003694  0.00001671]
 [-0.00005488  0.00008871 -0.00004573]
 [ 0.00000956  0.00002591 -0.00000356]]
2023-01-18:19:22:24,726 INFO     [psi4.driver.task_planner:266] PLANNING Atomic:  keywords={'CART_HESS_READ': 0, 'GEOM_MAXITER': 500, 'SCF__GUESS': 'READ', 'OPTKING__INTRAFRAG_STEP_LIMIT': 0.046875, 'SCF__INTS_TOLERANCE': 1e-12, 'MAXITER': 500, 'function_kwargs': {}}
2023-01-18:19:22:24,729 INFO     [psi4.driver.driver:617] Compute gradient(): method=scf, basis=cc-pvdz, molecule=default, nre=5231.194366022767
2023-01-18:19:24:09,207 INFO     [psi4.driver.driver:620] Return gradient(): -2338.2219846953294
2023-01-18:19:24:09,209 INFO     [psi4.driver.driver:621] [[ 0.00000389  0.00000294  0.00000392]
 [ 0.00000366 -0.00006733 -0.00007787]
 [-0.00000432  0.00002819  0.00003083]
 [-0.00000683  0.00002815  0.00003866]
 [-0.00002261  0.00000202 -0.00001078]
 [ 0.0000123   0.0000059   0.00000676]
 [ 0.00000127  0.00003404  0.00002359]
 [ 0.00000807 -0.00001256 -0.00001064]
 [ 0.00001978 -0.00001724 -0.00002935]
 [ 0.00002246 -0.00002721 -0.00001348]
 [ 0.0000048   0.00001843  0.00000093]
 [-0.00003314 -0.00000487  0.00001279]
 [-0.00000546  0.00000308  0.00000772]
 [ 0.00000118  0.00000486 -0.00000048]
 [-0.00000279 -0.00000308 -0.0000045 ]
 [ 0.00001742 -0.00005098 -0.00003182]
 [ 0.00002691  0.00009183  0.00005816]
 [ 0.00005646 -0.00001199  0.00005044]
 [-0.00003624 -0.00009248 -0.0000638 ]
 [-0.00004534  0.0000231  -0.00003769]
 [-0.00000692  0.00007948 -0.00001822]
 [-0.0000165  -0.00003096  0.00006239]
 [ 0.00003795 -0.00003427  0.00005925]
 [-0.00001267  0.00002887 -0.00006001]
 [-0.00000942 -0.00003622  0.00006334]
 [-0.00001232  0.00002657 -0.0000117 ]
 [ 0.00002977  0.0000224   0.00001955]
 [ 0.0000086   0.00002568 -0.00003178]
 [-0.00002235 -0.00001942  0.00003395]
 [ 0.00000233 -0.00004228 -0.00000731]
 [ 0.00011651 -0.00009763 -0.0000297 ]
 [-0.00003148 -0.00003208 -0.00007419]
 [ 0.00004543 -0.00001376 -0.00003395]
 [-0.00020151  0.00004192  0.00007736]
 [ 0.00003789 -0.00000412 -0.0000623 ]
 [-0.00011083  0.00003939 -0.00000694]
 [ 0.00005264 -0.00001673  0.0001803 ]
 [-0.00012196 -0.0000151   0.00003974]
 [ 0.00011994 -0.0000494   0.00001847]
 [ 0.00000478  0.00000155 -0.00000493]
 [ 0.00000112 -0.00000263 -0.00001257]
 [-0.00000528 -0.00000105 -0.0000147 ]
 [-0.00000191 -0.00005955 -0.00003252]
 [ 0.00006186  0.00013848  0.00016902]
 [ 0.00001034  0.00000858 -0.0000359 ]
 [-0.00001713  0.00000695  0.00001533]
 [ 0.0000019  -0.00001269 -0.00014956]
 [-0.00005713  0.00006824  0.0000231 ]
 [ 0.00001591 -0.00000591  0.00001425]
 [ 0.00007733 -0.00001923 -0.00001809]
 [-0.00002789  0.00006765 -0.00001676]
 [ 0.00004529 -0.00006289  0.00001183]
 [-0.00007679  0.00003914  0.00000519]
 [ 0.00002751 -0.00008389  0.00000044]
 [-0.00002353  0.00000638 -0.00001533]
 [-0.00000614  0.00000307 -0.00000355]
 [-0.00000803 -0.00001979 -0.00000776]
 [-0.00000008  0.00002324  0.00000335]
 [-0.00001168  0.00000556  0.00001055]
 [ 0.00004548  0.00008431 -0.00011219]
 [ 0.0000175  -0.00001264 -0.00000083]]
2023-01-18:19:24:10,408 INFO     [psi4.driver.task_planner:266] PLANNING Atomic:  keywords={'CART_HESS_READ': 0, 'GEOM_MAXITER': 500, 'SCF__GUESS': 'READ', 'OPTKING__INTRAFRAG_STEP_LIMIT': 0.046875, 'SCF__INTS_TOLERANCE': 1e-12, 'MAXITER': 500, 'function_kwargs': {}}
2023-01-18:19:24:10,411 INFO     [psi4.driver.driver:617] Compute gradient(): method=scf, basis=cc-pvdz, molecule=default, nre=5231.155825135687
2023-01-18:19:25:53,137 INFO     [psi4.driver.driver:620] Return gradient(): -2338.2219879214335
2023-01-18:19:25:53,139 INFO     [psi4.driver.driver:621] [[ 0.00000054 -0.00000902 -0.00000947]
 [ 0.00000544 -0.00001568 -0.00001336]
 [-0.00000154 -0.00000097  0.00000604]
 [ 0.00000524  0.00003039  0.00002007]
 [-0.00000536 -0.0000105  -0.00000945]
 [-0.00000124  0.0000041   0.00000369]
 [-0.00000064  0.00000395  0.00000627]
 [ 0.00000187 -0.0000057  -0.00001005]
 [ 0.00000636  0.00001199 -0.00000141]
 [-0.00000238  0.0000027   0.00000322]
 [ 0.000005   -0.         -0.00002163]
 [ 0.00000287 -0.00000355  0.00000467]
 [-0.00000486 -0.00000353 -0.00000005]
 [ 0.00000174  0.0000007  -0.00000131]
 [ 0.00000248  0.00000148  0.00000396]
 [ 0.00000251 -0.00000643 -0.00001024]
 [ 0.00001957 -0.00000096  0.00000689]
 [-0.00002297 -0.00001864 -0.00000714]
 [ 0.00000393 -0.00001308 -0.0000034 ]
 [-0.00000172  0.00000615 -0.0000376 ]
 [-0.00000522 -0.00001447 -0.00000506]
 [ 0.00002991 -0.00000288  0.00004643]
 [-0.00002     0.00000402  0.00003023]
 [ 0.0000057   0.00001191  0.00000808]
 [-0.00000095  0.00000384  0.00000084]
 [-0.00002514  0.00003525 -0.00002159]
 [ 0.0000089  -0.00002078  0.00000244]
 [-0.00001165 -0.00000806  0.00000169]
 [-0.00001557  0.00002436 -0.00001183]
 [ 0.00000783 -0.00000457  0.00001972]
 [ 0.00002545 -0.00000627  0.00004449]
 [ 0.00000687  0.00001906 -0.00002059]
 [ 0.00000993 -0.00001289 -0.00003034]
 [-0.00005063  0.00002303  0.0000222 ]
 [ 0.00007213  0.00000522  0.00000558]
 [-0.00003227  0.00003786 -0.00000195]
 [ 0.00000202  0.00000229 -0.00001052]
 [-0.00002328 -0.00001751  0.00000044]
 [ 0.00006026 -0.0000392   0.00000738]
 [ 0.00000004 -0.00000181  0.0000037 ]
 [-0.00000162 -0.00000139 -0.00000005]
 [-0.00000129 -0.00000098  0.00000558]
 [-0.0000002   0.00000049  0.00000636]
 [ 0.00001091 -0.00002162  0.00002797]
 [-0.00000052  0.00000254  0.00000613]
 [-0.00000224 -0.0000111  -0.00000212]
 [-0.00003074  0.00000947 -0.00005796]
 [-0.00005173  0.00003848 -0.00005009]
 [ 0.0000015  -0.00000878 -0.00000429]
 [ 0.00003465 -0.00001056  0.00002654]
 [-0.00003083  0.00003018  0.00001359]
 [ 0.00000322 -0.00001666 -0.00000939]
 [-0.00003982  0.0000197  -0.00000865]
 [ 0.00003819 -0.00003147  0.00001003]
 [-0.00000082 -0.00001098  0.00000782]
 [-0.00000767  0.00000461  0.00000106]
 [-0.00000941 -0.00000773  0.00000065]
 [ 0.000014    0.00000401 -0.00000248]
 [-0.00000131 -0.00000259 -0.00000424]
 [ 0.00000374 -0.0000107   0.00001342]
 [ 0.0000108   0.00001329 -0.00000089]]
2023-01-18:19:25:53,895 INFO     [psi4.driver.task_planner:266] PLANNING Atomic:  keywords={'CART_HESS_READ': 0, 'GEOM_MAXITER': 500, 'SCF__GUESS': 'READ', 'OPTKING__INTRAFRAG_STEP_LIMIT': 0.140625, 'SCF__INTS_TOLERANCE': 1e-12, 'MAXITER': 500, 'function_kwargs': {}}
2023-01-18:19:25:53,898 INFO     [psi4.driver.driver:617] Compute gradient(): method=scf, basis=cc-pvdz, molecule=default, nre=5231.274033007541
2023-01-18:19:27:40,749 INFO     [psi4.driver.driver:620] Return gradient(): -2338.221991690524
2023-01-18:19:27:40,751 INFO     [psi4.driver.driver:621] [[-0.00000519 -0.00000257 -0.00000365]
 [-0.00000702  0.00000042 -0.00002939]
 [ 0.00001653  0.00000906  0.00000703]
 [-0.00000085  0.00000709  0.00002996]
 [ 0.0000122  -0.00001458  0.00000536]
 [ 0.00000071 -0.000001    0.00000141]
 [ 0.00000326 -0.00000623  0.00001557]
 [-0.00000247  0.00000068 -0.00001314]
 [-0.00001323  0.00000796 -0.00000723]
 [-0.00001695 -0.00000818 -0.00001103]
 [-0.00000611  0.00001293 -0.00000276]
 [ 0.00000558 -0.00001152 -0.00000231]
 [ 0.00000143 -0.0000022   0.00000167]
 [ 0.00000145  0.0000015   0.00000088]
 [-0.00000408  0.00000112 -0.0000006 ]
 [-0.00001511  0.0000295   0.00001375]
 [ 0.00000257 -0.00003069 -0.0000202 ]
 [-0.00001522  0.00000703 -0.00001012]
 [ 0.00000449  0.00001969  0.00005215]
 [ 0.00001426 -0.00000776 -0.00004577]
 [ 0.00003825  0.00000642  0.00005516]
 [-0.00002925 -0.00000055  0.00001848]
 [ 0.00000248  0.00000951 -0.0000656 ]
 [ 0.00001206 -0.00003933  0.00000821]
 [ 0.00006446  0.00001069  0.00000919]
 [-0.00006214  0.00001135  0.00000821]
 [-0.00000228 -0.00002402 -0.00003129]
 [ 0.00000767 -0.00003563 -0.00000954]
 [-0.00004649  0.00001725  0.00000905]
 [ 0.00003178  0.00004265  0.00001021]
 [ 0.00000948 -0.00003249  0.00002862]
 [ 0.00007646  0.00007394  0.00007832]
 [ 0.00003233 -0.00002226  0.00001074]
 [ 0.00012389 -0.00007091 -0.00005548]
 [-0.00005685 -0.00004548  0.00002258]
 [ 0.0000862   0.00003889 -0.0000565 ]
 [-0.0001235   0.00011755 -0.00007916]
 [ 0.00005879 -0.00002225 -0.00000332]
 [-0.00010776  0.00002218  0.00000822]
 [ 0.00000102  0.0000021  -0.00000265]
 [ 0.00000742  0.00000216  0.00000116]
 [ 0.00000285  0.00000151 -0.00000672]
 [-0.0000084   0.00001945  0.00002482]
 [-0.00003487 -0.00008678 -0.00004769]
 [-0.00003548  0.00000239  0.00001588]
 [ 0.00002327  0.00001622 -0.00000961]
 [ 0.00000011 -0.00005795  0.00004332]
 [ 0.00003549 -0.00003527  0.00007372]
 [-0.00000966  0.00001773 -0.00000393]
 [-0.00009023 -0.00001201 -0.00001935]
 [ 0.00007036 -0.00004999 -0.00004314]
 [-0.00009136  0.00005235  0.00001376]
 [ 0.00009206 -0.00000432  0.00001419]
 [-0.00002894  0.00007361 -0.0000401 ]
 [ 0.0000339   0.00000355 -0.00000131]
 [ 0.00000039  0.00000455 -0.00000312]
 [-0.00000785  0.00002956 -0.00000196]
 [ 0.00000898 -0.00003266 -0.00000019]
 [-0.00005179 -0.00002461  0.00001313]
 [-0.0000189  -0.00000494  0.0000299 ]
 [ 0.00000982  0.00001359  0.00000226]]
2023-01-18:19:27:41,828 INFO     [psi4.driver.task_planner:266] PLANNING Atomic:  keywords={'CART_HESS_READ': 0, 'GEOM_MAXITER': 500, 'SCF__GUESS': 'READ', 'OPTKING__INTRAFRAG_STEP_LIMIT': 0.140625, 'SCF__INTS_TOLERANCE': 1e-12, 'MAXITER': 500, 'function_kwargs': {}}
2023-01-18:19:27:41,831 INFO     [psi4.driver.driver:617] Compute gradient(): method=scf, basis=cc-pvdz, molecule=default, nre=5231.199761405388
2023-01-18:19:29:24,745 INFO     [psi4.driver.driver:620] Return gradient(): -2338.221992175446
2023-01-18:19:29:24,747 INFO     [psi4.driver.driver:621] [[ 0.00000277 -0.00000122 -0.00000154]
 [ 0.00000147 -0.00000324  0.00000033]
 [ 0.00000324  0.00000486 -0.00000394]
 [ 0.00000148  0.00000635 -0.00000236]
 [-0.00000416 -0.00000912  0.00000429]
 [ 0.00000002 -0.00000071  0.00000092]
 [-0.00000107  0.00000571 -0.00000371]
 [-0.00000097 -0.00000541  0.00000239]
 [-0.00000794  0.00000642  0.00000112]
 [-0.00000428  0.0000062   0.00000768]
 [ 0.00000727  0.00000482 -0.00001862]
 [ 0.00000605 -0.00000231  0.00000472]
 [-0.00000109 -0.00000114 -0.00000216]
 [ 0.00000187 -0.00000227 -0.00000003]
 [ 0.00000275 -0.00000276  0.00000072]
 [-0.00001183 -0.00000063 -0.00002215]
 [-0.00000713 -0.00001342  0.00001299]
 [ 0.00001367  0.00000367 -0.0000009 ]
 [ 0.00000953 -0.00001298  0.00004438]
 [-0.00000846  0.00001062 -0.00001848]
 [ 0.00000368 -0.00002641 -0.00002578]
 [ 0.00003572 -0.0000003   0.00003658]
 [-0.0000332  -0.00000257 -0.00001125]
 [ 0.0000017   0.00003301 -0.00000032]
 [ 0.00001335 -0.00000647  0.00002823]
 [-0.00002924  0.0000325  -0.00003196]
 [-0.00000745 -0.00001319 -0.00001073]
 [-0.00000199 -0.00001775 -0.00000587]
 [-0.00001586  0.00001293 -0.000006  ]
 [-0.00000138  0.00001781  0.00002276]
 [-0.00004692  0.0000579   0.00003937]
 [-0.00000605  0.0000299  -0.00002526]
 [-0.0000196  -0.00002071 -0.00001956]
 [ 0.00001997 -0.0000041   0.0000311 ]
 [ 0.00003896  0.000011    0.00001706]
 [-0.00000369  0.00000027 -0.0000371 ]
 [-0.00000605 -0.0000152   0.00000381]
 [ 0.00005378 -0.00002318 -0.00001344]
 [-0.00001251 -0.00000188  0.00005311]
 [ 0.00000078 -0.00000448 -0.00000122]
 [ 0.00000165 -0.00000022 -0.00000263]
 [ 0.00000101  0.00000234  0.00000885]
 [-0.00000196  0.00001061  0.00000958]
 [ 0.00002049 -0.00005061 -0.00003017]
 [ 0.00000375 -0.00000627 -0.00000024]
 [-0.0000095  -0.00000261 -0.00000855]
 [-0.00003601  0.0000045  -0.00000806]
 [ 0.00001599 -0.00000796 -0.000082  ]
 [ 0.00000235 -0.00000622 -0.00000209]
 [-0.00001406  0.00001155  0.00000999]
 [ 0.00003344  0.0000149   0.00006377]
 [-0.00001239 -0.00000685 -0.00002422]
 [ 0.00000957  0.00001096 -0.00000978]
 [-0.00000185 -0.00000352  0.00003863]
 [ 0.00000283  0.00000356  0.00000377]
 [ 0.00000279 -0.00000016  0.00000304]
 [ 0.00000116  0.00000397  0.00000033]
 [-0.00000429 -0.00000339  0.00000299]
 [-0.00000559 -0.00001463 -0.00002299]
 [ 0.00001304  0.00000601  0.00000067]
 [-0.00000962 -0.00001848 -0.00000005]]
2023-01-18:19:29:28,157 INFO     [psi4.driver.task_planner:266] PLANNING Atomic:  keywords={'GEOM_MAXITER': 500, 'SCF__INTS_TOLERANCE': 1e-12, 'MAXITER': 500, 'function_kwargs': {}}
2023-01-18:19:29:28,165 INFO     [psi4.driver.driver:774] Compute properties(): method=scf, basis=6-31g*, molecule=optimized, nre=5231.19976140534
2023-01-18:19:32:22,895 INFO     [psi4.driver.driver:777] Return properties(): -2338.050318880759
2023-01-18:19:32:27,549 INFO     [psi4.driver.task_planner:266] PLANNING Atomic:  keywords={'GEOM_MAXITER': 500, 'SCF__INTS_TOLERANCE': 1e-12, 'MAXITER': 500, 'function_kwargs': {}}
2023-01-18:19:32:27,556 INFO     [psi4.driver.driver:774] Compute properties(): method=scf, basis=6-31g*, molecule=optimized, nre=5231.199761405339
2023-01-18:19:35:16,663 INFO     [psi4.driver.driver:777] Return properties(): -2338.0503189008637
