Electrostatic potential parameters
    van der Waals radii (Angstrom):
                                      N   1.500
                                      C   1.500
                                      H   1.200
                                      O   1.400
                                      F   1.350
    VDW scale factors:                1.40  1.60  1.80  2.00
    VDW point density:                1.000
    ESP method:                       scf
    ESP basis set:                    6-31g*

Grid information (see 1_optimized_grid.dat in Angstrom)
    Number of grid points:            2439

Quantum electrostatic potential (see 1_optimized_grid_esp.dat)

Constraints
    Charge constraints
        Total charge of   0.00000000 on the set   6
        Total charge of   0.00000000 on the set  56

Restraint
    Hyperbolic restraint to a charge of zero
    Hydrogen atoms are not restrained
    resp_a:                           0.0005
    resp_b:                           0.1000

Fit

Electrostatic Potential Charges
   Center  Symbol       ESP      RESP
      1    N       0.45532999  0.46310711
      2    C       0.10959886  0.06180846
      3    C      -0.11303530  0.00142672
      4    C       0.07004852  0.06858120
      5    C       0.08486049  0.04083591
      6    H       0.00000000  0.00000000
      7    O      -0.39952881 -0.38623155
      8    O      -0.39533825 -0.39160139
      9    C       0.10169058 -0.00171818
     10    C      -0.04151306 -0.03315334
     11    C      -0.25311665 -0.21799489
     12    C      -0.02230660 -0.06797848
     13    H       0.14369569  0.15593933
     14    H       0.15394110  0.15297312
     15    H       0.20008714  0.17646954
     16    C      -0.56670266 -0.11133486
     17    C       0.62277225  0.29198786
     18    F      -0.18753432 -0.10828921
     19    F      -0.17024980 -0.10297205
     20    F      -0.17220788 -0.10300095
     21    C       0.76652205  0.43551982
     22    F      -0.19973976 -0.13774786
     23    F      -0.20660941 -0.13222702
     24    F      -0.19584005 -0.12415677
     25    C       0.27449000 -0.00913479
     26    C      -0.17745992 -0.07359054
     27    C      -0.11751478 -0.05192291
     28    C      -0.12458917 -0.05771669
     29    C      -0.16793976 -0.15675827
     30    C      -0.09962238 -0.02033186
     31    C       0.71874535  0.46960184
     32    N      -0.38131814 -0.07613241
     33    C       0.71321133  0.45833337
     34    C      -0.11853992 -0.00803171
     35    C      -0.00979185 -0.19599747
     36    C      -0.37874619 -0.11306543
     37    C       0.56552458  0.27194232
     38    C      -0.57547715 -0.22057908
     39    C       0.31100050  0.00588329
     40    H       0.17243351  0.16455196
     41    H       0.15975319  0.13699122
     42    H       0.16103559  0.13637900
     43    O      -0.52359200 -0.46138133
     44    O      -0.53063871 -0.47109101
     45    H       0.20558110  0.13473582
     46    H       0.15465653  0.16949499
     47    O      -0.63136986 -0.55410583
     48    C      -0.02833254 -0.02771976
     49    H       0.18157710  0.13319396
     50    C      -0.24997477 -0.14430711
     51    C       0.09926792  0.02380282
     52    C       0.33607408  0.33589618
     53    C      -0.57062645 -0.53863976
     54    C      -0.03287651 -0.02917095
     55    H       0.13040736  0.13075801
     56    H       0.00000000  0.00000000
     57    H       0.25792554  0.24377289
     58    H       0.16100875  0.13193574
     59    O      -0.57619846 -0.54764115
     60    H       0.45536634  0.43694627
     61    H       0.45172567  0.44285586
Total Charge:      0.00000000 -0.00000000
