2023-01-19:16:06:56,596 INFO     [psi4.driver.task_planner:266] PLANNING Atomic:  keywords={'GEOM_MAXITER': 500, 'SCF__INTS_TOLERANCE': 1e-12, 'MAXITER': 500, 'function_kwargs': {}}
2023-01-19:16:06:56,599 INFO     [psi4.driver.driver:617] Compute gradient(): method=scf, basis=cc-pvdz, molecule=default, nre=4755.900113262955
2023-01-19:16:08:49,3 INFO     [psi4.driver.driver:620] Return gradient(): -2130.958445324116
2023-01-19:16:08:49,5 INFO     [psi4.driver.driver:621] [[ 0.02819696 -0.00193405  0.00178804]
 [-0.00611912 -0.08087986  0.017736  ]
 [-0.02990974  0.01274782 -0.00356231]
 [ 0.02519571  0.06845716 -0.01705087]
 [-0.02002261 -0.00349209  0.00035491]
 [-0.00792689  0.00174724 -0.00030571]
 [ 0.00473084  0.04937983 -0.0087525 ]
 [-0.01155182 -0.04176001  0.01014646]
 [-0.00166948 -0.00516642  0.00018636]
 [-0.01043188 -0.00433542 -0.00306008]
 [ 0.0001684  -0.00225068  0.00181569]
 [ 0.01520248  0.00320801 -0.00132506]
 [-0.00351373  0.01057626 -0.00006244]
 [-0.00362185 -0.00468187  0.00026983]
 [ 0.00257386 -0.00692713  0.00640835]
 [-0.00015058  0.00146649 -0.00134122]
 [-0.00017114 -0.01780638  0.05125607]
 [-0.00770759 -0.01472779 -0.03474766]
 [ 0.03536829  0.01323638 -0.00284751]
 [-0.02238193  0.02389067  0.00495921]
 [-0.00196592 -0.01186275 -0.05272853]
 [-0.02960047  0.02424449  0.00444725]
 [ 0.02984335  0.01663516 -0.00025245]
 [ 0.00082532 -0.0210127   0.03212552]
 [-0.01636904  0.00312089  0.00081881]
 [ 0.00051337 -0.01167585 -0.00047689]
 [ 0.03479079  0.00223776 -0.00802529]
 [-0.00575836  0.00473922 -0.00342741]
 [ 0.01143769 -0.00246859  0.00251129]
 [ 0.01900013 -0.0101561   0.00842702]
 [ 0.02008695  0.07742255 -0.03521562]
 [-0.03436624  0.00315429 -0.0024304 ]
 [ 0.00519986 -0.07892739  0.0421839 ]
 [-0.04671833  0.00251175 -0.0020745 ]
 [-0.00110065  0.00571529 -0.0000396 ]
 [ 0.0196907   0.0068792  -0.0127414 ]
 [-0.00771498 -0.00040437  0.00220137]
 [ 0.01551694 -0.02141609 -0.00248073]
 [ 0.00733035  0.01433675  0.00860241]
 [-0.00474301 -0.00522881 -0.00812913]
 [ 0.00589168 -0.00567718  0.00881192]
 [ 0.00211774 -0.00564503  0.00043978]
 [-0.00444898 -0.00650189 -0.0044389 ]
 [ 0.00549328  0.01222052  0.00066933]
 [-0.00651083  0.05404066 -0.02111749]
 [-0.01711982 -0.05453598  0.01464643]
 [-0.00000508  0.00983975  0.00832142]
 [ 0.00075999  0.00440075 -0.00689137]
 [ 0.00603647 -0.00267439  0.00819533]
 [-0.00165835 -0.00671816 -0.0029226 ]
 [-0.00286538 -0.00095032 -0.00246972]
 [ 0.0057491  -0.00625058  0.00062499]
 [ 0.00306713 -0.00411745  0.00139759]
 [-0.0018861  -0.00144864  0.00343523]
 [-0.00333092 -0.00038748 -0.00260009]
 [-0.00171128 -0.00183546  0.0082256 ]
 [ 0.00707201  0.00073348 -0.00678445]
 [-0.00412309  0.00688398  0.00339571]
 [-0.00885882  0.01147368 -0.00364912]
 [ 0.01417463 -0.00144313 -0.00245073]]
2023-01-19:16:08:50,413 INFO     [psi4.driver.task_planner:266] PLANNING Atomic:  keywords={'CART_HESS_READ': 0, 'GEOM_MAXITER': 500, 'SCF__GUESS': 'READ', 'SCF__INTS_TOLERANCE': 1e-12, 'MAXITER': 500, 'function_kwargs': {}}
2023-01-19:16:08:50,416 INFO     [psi4.driver.driver:617] Compute gradient(): method=scf, basis=cc-pvdz, molecule=default, nre=4781.327238976658
2023-01-19:16:10:33,877 INFO     [psi4.driver.driver:620] Return gradient(): -2131.0116763276537
2023-01-19:16:10:33,879 INFO     [psi4.driver.driver:621] [[ 0.00860804  0.00015509  0.00036398]
 [-0.00202352 -0.02279814  0.00806713]
 [-0.0070611   0.00733871 -0.00303552]
 [ 0.00560607  0.0198981  -0.00720694]
 [-0.00177563 -0.00482655  0.00216607]
 [-0.00085272  0.00053994 -0.00002862]
 [ 0.00100802  0.01337774 -0.00324534]
 [-0.00214108 -0.01124292  0.00392824]
 [ 0.00012366 -0.00192019  0.00210837]
 [-0.00051036 -0.00255107 -0.00106318]
 [-0.01055749 -0.00021151 -0.00226028]
 [-0.00075601 -0.00035158 -0.00044436]
 [-0.00217338  0.00247025  0.00132028]
 [-0.00098763 -0.00121004 -0.00054162]
 [-0.00198299 -0.00149697  0.0035029 ]
 [ 0.00067597  0.00076681 -0.00079445]
 [ 0.00083051 -0.00284032  0.02280967]
 [ 0.00093537 -0.00270775 -0.01274758]
 [ 0.00339302  0.00404194 -0.00133359]
 [-0.00163398  0.00438713  0.00149987]
 [-0.00129457 -0.00717837 -0.02205854]
 [-0.00274452  0.0061298  -0.00075495]
 [ 0.00249341  0.00284744  0.00132026]
 [ 0.00191569  0.00074428  0.01305225]
 [-0.00041928  0.00103315 -0.00117165]
 [-0.00187127 -0.00339562 -0.00134681]
 [ 0.00624895  0.00870838 -0.00544872]
 [ 0.00844595 -0.000058    0.00136788]
 [ 0.00053284  0.00179879  0.0005323 ]
 [-0.00088247 -0.00869754  0.00457521]
 [ 0.00632634  0.02388509 -0.02375809]
 [-0.00749938  0.00082103 -0.00049662]
 [-0.00086501 -0.02569477  0.02614944]
 [-0.0087889   0.00052252 -0.00031769]
 [ 0.01122169 -0.00469353 -0.00182463]
 [ 0.00420764  0.00375909 -0.01119358]
 [ 0.00725551  0.00606787  0.00661123]
 [ 0.00280052 -0.00714894 -0.00144053]
 [-0.00239811  0.00492733  0.00686761]
 [-0.00729239 -0.00084079 -0.00865115]
 [-0.0001613   0.00009651  0.00206154]
 [ 0.00070127 -0.00112304  0.00037078]
 [ 0.00113545 -0.00309732 -0.00288877]
 [ 0.00194102  0.00128354  0.00056583]
 [-0.00299131  0.01767958 -0.00976461]
 [-0.00665603 -0.01778978  0.00610494]
 [-0.00871616  0.00217288  0.00545996]
 [ 0.00317817 -0.00000992 -0.00269449]
 [ 0.00373319 -0.00161166  0.00183854]
 [-0.00158306 -0.00240176 -0.00094683]
 [ 0.00136046 -0.00024066 -0.00090095]
 [ 0.00003178 -0.00040361  0.00072062]
 [ 0.00046865 -0.00068206  0.00072004]
 [-0.00115421 -0.00112235  0.00129724]
 [-0.00149861 -0.00017706 -0.00130216]
 [ 0.00301754 -0.00005128  0.00407537]
 [ 0.00368953  0.00016729 -0.00156624]
 [-0.00147066  0.00263548  0.0016569 ]
 [-0.00237483  0.00164158  0.00037037]
 [ 0.00123171 -0.00132222 -0.00025633]]
2023-01-19:16:10:34,679 INFO     [psi4.driver.task_planner:266] PLANNING Atomic:  keywords={'CART_HESS_READ': 0, 'GEOM_MAXITER': 500, 'SCF__GUESS': 'READ', 'OPTKING__INTRAFRAG_STEP_LIMIT': 1.0, 'SCF__INTS_TOLERANCE': 1e-12, 'MAXITER': 500, 'function_kwargs': {}}
2023-01-19:16:10:34,682 INFO     [psi4.driver.driver:617] Compute gradient(): method=scf, basis=cc-pvdz, molecule=default, nre=4806.818994316992
2023-01-19:16:12:18,308 INFO     [psi4.driver.driver:620] Return gradient(): -2131.0408119132485
2023-01-19:16:12:18,310 INFO     [psi4.driver.driver:621] [[ 0.01306466 -0.00124833  0.00107039]
 [-0.00605491  0.00838847 -0.00681011]
 [-0.00413881 -0.00341275  0.00201669]
 [-0.00722343 -0.00388097  0.00438134]
 [ 0.00230097  0.00152419 -0.00251296]
 [ 0.0008398   0.00091677 -0.00034474]
 [ 0.00211265 -0.00031818  0.00167607]
 [ 0.00341359  0.0000005  -0.00076841]
 [ 0.00039188  0.00713319 -0.00070402]
 [ 0.00028987 -0.0059649   0.00496935]
 [-0.00735831 -0.00047665 -0.00575842]
 [-0.00404652 -0.0042012   0.0009862 ]
 [-0.00106091  0.00050121  0.00116574]
 [ 0.00050615 -0.00052229 -0.00045172]
 [-0.0028725   0.0000992   0.00298969]
 [ 0.00080325 -0.00036219  0.0013937 ]
 [ 0.00013852  0.00276556  0.00020905]
 [ 0.00306046 -0.00018506 -0.00208183]
 [ 0.00064276 -0.00172288  0.00244384]
 [-0.00137641 -0.00110464  0.0045502 ]
 [ 0.00069373  0.00040869  0.00119717]
 [ 0.00005226 -0.00200871 -0.00592038]
 [ 0.00054123 -0.00277959 -0.00024443]
 [ 0.00232696  0.00326936  0.00194659]
 [ 0.00185044  0.00076767 -0.00416248]
 [-0.00370517  0.00495839 -0.00329269]
 [ 0.00074254  0.00197731 -0.00021369]
 [ 0.00451695 -0.00077144  0.00533059]
 [-0.00214422 -0.00136819 -0.00100485]
 [ 0.00143017 -0.00126744  0.00062084]
 [-0.00042017 -0.00338708 -0.0105035 ]
 [ 0.0052792  -0.00003005  0.00138142]
 [ 0.0001016   0.00495843  0.01043297]
 [ 0.00879359  0.00010586 -0.00018946]
 [-0.00477074 -0.00409789 -0.00493545]
 [ 0.00582295  0.00529817 -0.00403487]
 [-0.00203603  0.00471158  0.00760158]
 [ 0.00303256 -0.00337465 -0.00142747]
 [-0.00275148 -0.00149349  0.00305353]
 [-0.00678085  0.00147073 -0.00726375]
 [-0.00141769  0.00406171  0.00089391]
 [-0.00030915  0.00024457  0.00003179]
 [ 0.00132704 -0.00076044 -0.00283137]
 [ 0.00043691 -0.00041845  0.00119528]
 [ 0.00022074 -0.00448288 -0.00100987]
 [ 0.00173051  0.00231949 -0.00020979]
 [-0.0079569  -0.00127391  0.00528065]
 [ 0.00217381  0.00002029 -0.00158503]
 [ 0.00217991 -0.00023654 -0.00105488]
 [-0.00119402 -0.00106851 -0.00079205]
 [ 0.0039283  -0.0006967  -0.00017781]
 [-0.00209903 -0.00085396 -0.00012184]
 [-0.00145927 -0.00067278 -0.00014623]
 [-0.00221343 -0.00012633  0.00080197]
 [-0.00213687  0.00061451 -0.00088235]
 [ 0.00140362 -0.00060021  0.00245155]
 [ 0.00116265 -0.00011829  0.00119864]
 [-0.00266197  0.00094935  0.00050135]
 [ 0.00180888 -0.00067312  0.00082721]
 [-0.00093236 -0.00150453 -0.00116292]]
2023-01-19:16:12:19,83 INFO     [psi4.driver.task_planner:266] PLANNING Atomic:  keywords={'CART_HESS_READ': 0, 'GEOM_MAXITER': 500, 'SCF__GUESS': 'READ', 'OPTKING__INTRAFRAG_STEP_LIMIT': 1.0, 'SCF__INTS_TOLERANCE': 1e-12, 'MAXITER': 500, 'function_kwargs': {}}
2023-01-19:16:12:19,86 INFO     [psi4.driver.driver:617] Compute gradient(): method=scf, basis=cc-pvdz, molecule=default, nre=4825.286151543439
2023-01-19:16:14:04,109 INFO     [psi4.driver.driver:620] Return gradient(): -2131.0555853788373
2023-01-19:16:14:04,111 INFO     [psi4.driver.driver:621] [[ 0.00760309 -0.00115545  0.00173718]
 [-0.00462284  0.00676984 -0.00861872]
 [-0.00177928 -0.00534137  0.00552755]
 [-0.00565012 -0.00205445  0.0033674 ]
 [ 0.00566522  0.00168294 -0.0035599 ]
 [-0.00041098  0.00109392 -0.00099966]
 [ 0.00022682 -0.00035882  0.00132313]
 [ 0.00242806  0.00038575 -0.00092908]
 [ 0.00129184  0.00993369 -0.0041288 ]
 [-0.00114156 -0.00338646  0.00570072]
 [-0.00000891 -0.00059926 -0.00655536]
 [-0.00189118 -0.00542495  0.00168048]
 [-0.00163518 -0.00035867  0.00120898]
 [ 0.00121625 -0.00005737 -0.00036897]
 [-0.00150173  0.00053082  0.00278269]
 [ 0.00218059 -0.00290108  0.00297012]
 [-0.00190579 -0.00144744  0.00066886]
 [ 0.00234936  0.0001923  -0.00243916]
 [ 0.0012008  -0.0012325   0.00328617]
 [-0.00004012 -0.00111147  0.00334656]
 [ 0.00200658 -0.00297215  0.00217276]
 [-0.00060954 -0.00288629 -0.00423693]
 [ 0.00127896 -0.00274684  0.00237375]
 [ 0.0018892   0.00562767 -0.0003774 ]
 [-0.00103716 -0.00040126 -0.00291445]
 [-0.00625061  0.00792825 -0.00496361]
 [ 0.0000093  -0.00025894  0.00114552]
 [-0.00111547  0.00154285  0.00546766]
 [-0.00131882 -0.0008894  -0.00121278]
 [ 0.0020491   0.00001144 -0.00075471]
 [ 0.00152089 -0.00264805 -0.0044578 ]
 [ 0.00463982 -0.00106608  0.00121168]
 [ 0.00286303  0.00587277  0.00515913]
 [ 0.00526642 -0.00038939 -0.00092673]
 [-0.00645272  0.00174498 -0.00154592]
 [ 0.00542778  0.00279549 -0.00039588]
 [-0.00826647  0.00007117  0.00433507]
 [ 0.00506127 -0.00264449 -0.00261817]
 [-0.00608307 -0.00039933  0.0015599 ]
 [-0.00318818  0.0015671  -0.00821269]
 [-0.0053006   0.00130675  0.00178618]
 [-0.00044326  0.00015489 -0.00018106]
 [ 0.00098037 -0.00013336 -0.00279597]
 [ 0.00023403 -0.00067249  0.00069464]
 [ 0.0029769  -0.00385058  0.00048366]
 [ 0.00457038  0.00179967 -0.00125216]
 [-0.0045704  -0.00178041  0.00533054]
 [ 0.00086757  0.00150914 -0.00045755]
 [ 0.00109704  0.00008203 -0.00055953]
 [-0.0006213  -0.00005186 -0.00082128]
 [ 0.00570916 -0.00118409 -0.00043841]
 [-0.00155127 -0.00085843 -0.00033359]
 [-0.00160672 -0.00034544 -0.00040882]
 [-0.00240182  0.00004392  0.00069371]
 [-0.0017533   0.00063343 -0.00064002]
 [ 0.00067645 -0.00151215  0.00101072]
 [ 0.0005827  -0.00028886  0.00103856]
 [-0.00024001  0.00037391  0.00089999]
 [ 0.00033758  0.00061055  0.00077622]
 [-0.00080813 -0.00085606 -0.00163442]]
2023-01-19:16:14:04,770 INFO     [psi4.driver.task_planner:266] PLANNING Atomic:  keywords={'CART_HESS_READ': 0, 'GEOM_MAXITER': 500, 'SCF__GUESS': 'READ', 'OPTKING__INTRAFRAG_STEP_LIMIT': 1.0, 'SCF__INTS_TOLERANCE': 1e-12, 'MAXITER': 500, 'function_kwargs': {}}
2023-01-19:16:14:04,773 INFO     [psi4.driver.driver:617] Compute gradient(): method=scf, basis=cc-pvdz, molecule=default, nre=4826.041633116184
2023-01-19:16:15:48,810 INFO     [psi4.driver.driver:620] Return gradient(): -2131.0643357839695
2023-01-19:16:15:48,812 INFO     [psi4.driver.driver:621] [[ 0.00275694 -0.00122806  0.00203534]
 [-0.00190956  0.00267344 -0.00483565]
 [ 0.00021827 -0.00288991  0.00428114]
 [-0.00331735 -0.00000741  0.00078899]
 [ 0.00414618  0.00056497 -0.00191895]
 [-0.00035343  0.00068657 -0.00084921]
 [-0.0001651  -0.00023854  0.00072628]
 [ 0.00084948 -0.00026018  0.00002601]
 [ 0.00241586  0.00722901 -0.00379923]
 [-0.00230062 -0.00107872  0.00258213]
 [ 0.00249991 -0.00037732 -0.0053574 ]
 [-0.00088968 -0.00264865  0.00207153]
 [-0.0009349  -0.00044778  0.00059442]
 [ 0.00070317  0.00016644 -0.00034827]
 [ 0.00028405  0.00024375  0.00053484]
 [ 0.0010492  -0.00242005  0.0027522 ]
 [-0.00171348  0.00011666  0.00105725]
 [ 0.00119154  0.00073577 -0.00056556]
 [ 0.00367911 -0.00089032  0.00270974]
 [-0.0011095  -0.00143354  0.00182709]
 [ 0.00199865  0.00010491  0.00204012]
 [-0.00311122 -0.00311429 -0.00278524]
 [ 0.00206285 -0.00148947 -0.00022864]
 [ 0.00047935  0.00069694 -0.0006365 ]
 [-0.00106574 -0.00195348  0.00066105]
 [-0.00454063  0.00592735 -0.00489766]
 [-0.00118926 -0.00081296  0.00052651]
 [-0.00299412  0.00266836  0.00302656]
 [ 0.00067835  0.00032227 -0.00042483]
 [-0.00018453  0.0000318   0.00010474]
 [ 0.002179   -0.00120416 -0.00437188]
 [-0.00194279 -0.00064866  0.00074029]
 [ 0.00221544  0.00187177  0.00343087]
 [ 0.00213817 -0.00063632 -0.00185309]
 [-0.00528802  0.00389779  0.00040371]
 [ 0.00438049 -0.00058804  0.00026751]
 [-0.00528702 -0.0028471   0.00065134]
 [ 0.00393752 -0.00022982 -0.0001153 ]
 [-0.00625209  0.00049421  0.0007286 ]
 [-0.00189632  0.0010867  -0.00461624]
 [-0.00111165 -0.00035936  0.0002353 ]
 [-0.00006723  0.00003809 -0.00011486]
 [-0.00030041  0.00018076 -0.00090918]
 [ 0.00031039 -0.00122586 -0.00009218]
 [ 0.00355045 -0.00231245  0.00147238]
 [ 0.00416416  0.00213893 -0.00121076]
 [-0.00236322 -0.00101544  0.00396244]
 [ 0.00024139  0.00079978  0.00021357]
 [ 0.00034453  0.00007493 -0.00022923]
 [-0.00024587  0.00032909 -0.00031377]
 [ 0.00481875 -0.00041369 -0.00011486]
 [-0.00061623 -0.00011966  0.00004103]
 [-0.00100938 -0.00000274 -0.00006456]
 [-0.00130503  0.00014635  0.00043399]
 [-0.00098763  0.00037055 -0.00018406]
 [ 0.00028295 -0.00092797  0.00007325]
 [ 0.00007187 -0.00019394  0.00026001]
 [-0.00044335 -0.00002202  0.00038969]
 [ 0.00078116 -0.00015912 -0.00025656]
 [ 0.00046622  0.00059982 -0.00055622]]
2023-01-19:16:15:49,485 INFO     [psi4.driver.task_planner:266] PLANNING Atomic:  keywords={'CART_HESS_READ': 0, 'GEOM_MAXITER': 500, 'SCF__GUESS': 'READ', 'OPTKING__INTRAFRAG_STEP_LIMIT': 1.0, 'SCF__INTS_TOLERANCE': 1e-12, 'MAXITER': 500, 'function_kwargs': {}}
2023-01-19:16:15:49,488 INFO     [psi4.driver.driver:617] Compute gradient(): method=scf, basis=cc-pvdz, molecule=default, nre=4820.882872238865
2023-01-19:16:17:31,103 INFO     [psi4.driver.driver:620] Return gradient(): -2131.0689488817698
2023-01-19:16:17:31,104 INFO     [psi4.driver.driver:621] [[ 0.00228683 -0.00026673  0.0014256 ]
 [ 0.00008226  0.00026061 -0.00007258]
 [-0.00113327 -0.00088324  0.0007308 ]
 [-0.00163924  0.00024341 -0.00216339]
 [ 0.00087904 -0.00005166  0.00071406]
 [ 0.000031    0.00040464 -0.00046369]
 [-0.00034275  0.00033999 -0.00106055]
 [ 0.00057901 -0.00034397  0.00143922]
 [ 0.00144592  0.00354147 -0.00031343]
 [-0.00110249 -0.00030313  0.00013665]
 [ 0.00229723 -0.00087764 -0.00129417]
 [-0.00145628 -0.00064169  0.00049572]
 [-0.00019166  0.00001629 -0.00036025]
 [ 0.00013517  0.00002456  0.00013773]
 [-0.0004218   0.00015154 -0.00005588]
 [-0.00013292  0.0016148   0.00014372]
 [-0.00079817 -0.00010148  0.00088799]
 [-0.00024399 -0.00114262 -0.0008022 ]
 [ 0.00266582  0.00083639  0.00200488]
 [ 0.00002863 -0.00013859  0.00070472]
 [ 0.00087033 -0.00068986  0.00021141]
 [-0.00163943 -0.00121716 -0.00095411]
 [-0.00000796 -0.00065519 -0.00021448]
 [-0.00009495 -0.00068546 -0.00027733]
 [ 0.00051953 -0.00137018  0.00016183]
 [-0.00197087  0.00068546 -0.00323303]
 [-0.00011855  0.00048166  0.00030146]
 [-0.00198616  0.00118663  0.00204373]
 [ 0.00121103  0.00009463 -0.00014842]
 [-0.00089535 -0.00090082 -0.00139104]
 [ 0.00177988  0.00170187  0.00295121]
 [-0.0026029   0.00071743 -0.00111022]
 [ 0.00175635 -0.00215859  0.00113857]
 [ 0.00163571 -0.00010867 -0.00082498]
 [-0.00184655  0.00163517  0.00030269]
 [ 0.00109265 -0.00071269 -0.0012926 ]
 [-0.00164726 -0.00122927  0.00083238]
 [ 0.00139097 -0.00006452  0.00026554]
 [-0.00201411 -0.00001049 -0.00032674]
 [-0.00183303  0.0007957  -0.00199952]
 [-0.00058384 -0.00037363  0.00070648]
 [ 0.00023802 -0.00017162 -0.00003118]
 [ 0.00044466  0.000009    0.00005731]
 [ 0.00002235  0.00037243  0.00002973]
 [ 0.00240851 -0.00031466  0.00216211]
 [ 0.00236785  0.00041526 -0.00343785]
 [-0.00171252 -0.00048164  0.00212646]
 [ 0.0000229  -0.00011854  0.00021037]
 [ 0.00008058 -0.00001166 -0.00004782]
 [-0.00008864  0.00025149 -0.00006416]
 [ 0.00183859 -0.00053353 -0.00033374]
 [-0.0000251  -0.00013848 -0.00011841]
 [-0.00017071 -0.00015074 -0.00005069]
 [-0.00049993 -0.00005118  0.00005829]
 [-0.00059432  0.00014967 -0.00022125]
 [ 0.00012248 -0.00007977  0.00008283]
 [-0.00021147  0.00003422 -0.00008409]
 [-0.00005314  0.0000534  -0.00004753]
 [ 0.00011236  0.00051445  0.0003654 ]
 [-0.0002863   0.00044693 -0.00003351]]
2023-01-19:16:17:31,752 INFO     [psi4.driver.task_planner:266] PLANNING Atomic:  keywords={'CART_HESS_READ': 0, 'GEOM_MAXITER': 500, 'SCF__GUESS': 'READ', 'OPTKING__INTRAFRAG_STEP_LIMIT': 1.0, 'SCF__INTS_TOLERANCE': 1e-12, 'MAXITER': 500, 'function_kwargs': {}}
2023-01-19:16:17:31,756 INFO     [psi4.driver.driver:617] Compute gradient(): method=scf, basis=cc-pvdz, molecule=default, nre=4825.397873194884
2023-01-19:16:19:13,59 INFO     [psi4.driver.driver:620] Return gradient(): -2131.0706880888843
2023-01-19:16:19:13,61 INFO     [psi4.driver.driver:621] [[ 0.00212932 -0.00009163  0.000507  ]
 [-0.00004717  0.00048031 -0.00063494]
 [-0.00206313 -0.00043756 -0.00038077]
 [-0.0010874   0.00116865 -0.00112744]
 [ 0.00037764 -0.00021241  0.000782  ]
 [-0.0000525   0.00014599 -0.0004141 ]
 [-0.00039202 -0.00001506 -0.00052515]
 [ 0.00072027 -0.00031355  0.00038029]
 [ 0.00078354  0.00175969 -0.0001082 ]
 [ 0.00080454 -0.00011508  0.00005392]
 [ 0.0031292   0.00144205 -0.00079719]
 [-0.00062469 -0.00313661 -0.00101741]
 [-0.0001899   0.00006549 -0.00032386]
 [ 0.00032412  0.00002361  0.00016893]
 [-0.00018768  0.00006525  0.00039711]
 [ 0.00186535 -0.00109819  0.00023709]
 [-0.00042692 -0.00131628  0.00157636]
 [ 0.0011244  -0.00005581 -0.00050894]
 [ 0.00157107 -0.0008863   0.00162753]
 [-0.00033554  0.00019336 -0.00009243]
 [ 0.00131071 -0.00091319  0.0001961 ]
 [-0.00020123 -0.00135188  0.00012868]
 [-0.00017417 -0.00021332  0.0010326 ]
 [ 0.00059002  0.00103079 -0.00010313]
 [-0.00074709 -0.00162353  0.00216974]
 [-0.00264286  0.00070717 -0.00291288]
 [ 0.0001382   0.00206342  0.00064401]
 [-0.00437413  0.00329967 -0.0008236 ]
 [-0.00000315 -0.00057841  0.00092716]
 [-0.0002007  -0.00111457  0.00299103]
 [ 0.00084452  0.00104748 -0.01030919]
 [-0.00191075 -0.00018218  0.00313053]
 [ 0.00031127 -0.00093169 -0.00094466]
 [ 0.00176539  0.00048585  0.00099016]
 [-0.00018497  0.00075981 -0.00038362]
 [-0.00021774 -0.00001215 -0.00009447]
 [-0.00087114 -0.00031569  0.00002269]
 [ 0.00020124 -0.00019994 -0.0002569 ]
 [ 0.00023973 -0.00063804  0.0003452 ]
 [-0.0005885   0.00072972 -0.00061337]
 [-0.00034039 -0.00014868  0.00054134]
 [-0.00017564 -0.00005766  0.00002299]
 [-0.00013023 -0.00033387 -0.00037016]
 [-0.00039177  0.00113699  0.0000677 ]
 [ 0.00106223  0.00011068  0.00203613]
 [ 0.00130026  0.0002974   0.00211397]
 [-0.00061312 -0.0007251   0.00073425]
 [ 0.00000393 -0.00048794  0.00006418]
 [-0.00005749 -0.00003981 -0.00009987]
 [-0.0001833   0.00010704 -0.0002445 ]
 [ 0.00006653  0.00028976 -0.00007975]
 [-0.00018962 -0.00020005 -0.00033678]
 [-0.00033841 -0.00017503 -0.00026435]
 [-0.00053988 -0.00002738  0.00017357]
 [-0.00013838  0.00015188 -0.00008513]
 [ 0.00004177 -0.00029398 -0.00011894]
 [ 0.00017437 -0.00000445 -0.00031241]
 [-0.00039474  0.00016476  0.00007344]
 [ 0.00021698  0.00022293  0.00021018]
 [-0.00008026  0.00029725 -0.00006173]]
2023-01-19:16:19:13,904 INFO     [psi4.driver.task_planner:266] PLANNING Atomic:  keywords={'CART_HESS_READ': 0, 'GEOM_MAXITER': 500, 'SCF__GUESS': 'READ', 'OPTKING__INTRAFRAG_STEP_LIMIT': 1.0, 'SCF__INTS_TOLERANCE': 1e-12, 'MAXITER': 500, 'function_kwargs': {}}
2023-01-19:16:19:13,907 INFO     [psi4.driver.driver:617] Compute gradient(): method=scf, basis=cc-pvdz, molecule=default, nre=4812.378784376274
2023-01-19:16:20:51,70 INFO     [psi4.driver.driver:620] Return gradient(): -2131.071769287577
2023-01-19:16:20:51,72 INFO     [psi4.driver.driver:621] [[-0.00197017 -0.00051194  0.00007199]
 [ 0.00095084 -0.00061535  0.0003875 ]
 [-0.00054134 -0.00003655  0.00030098]
 [ 0.00118216  0.00066113 -0.00092089]
 [ 0.00084032  0.00034284 -0.00046907]
 [-0.00040014 -0.00007539 -0.00000063]
 [-0.00028279 -0.00011031  0.00086789]
 [-0.00050339  0.00001395 -0.0006054 ]
 [-0.00051081 -0.00070813  0.00167219]
 [-0.00005139  0.00026412 -0.00027612]
 [-0.00129901 -0.00084533  0.00123157]
 [-0.00084557  0.00109958  0.00059723]
 [ 0.00022426 -0.00003391  0.00004384]
 [-0.00018653 -0.00011133 -0.00005788]
 [ 0.00043984 -0.00046667 -0.00001725]
 [-0.00119421  0.00034919 -0.00115596]
 [ 0.0018127   0.00069409  0.00150499]
 [-0.00028783  0.00264127 -0.00036951]
 [-0.00163016 -0.00064175 -0.00079952]
 [ 0.00032988 -0.00130902 -0.00272335]
 [-0.00143716  0.00063645 -0.00157353]
 [ 0.00057971  0.00089745  0.00146687]
 [-0.00022134  0.0009686  -0.00009637]
 [-0.00094323  0.00015894  0.00064184]
 [ 0.00049861  0.00032458  0.00026366]
 [ 0.00208565 -0.00181571 -0.00054881]
 [ 0.00066655  0.00045831 -0.0013501 ]
 [ 0.00324051 -0.00063919  0.00036916]
 [ 0.00057399 -0.0000072   0.00003364]
 [ 0.00012191  0.00063945 -0.00068997]
 [-0.00078567 -0.00049111  0.00231478]
 [ 0.00081066  0.00022702 -0.0018663 ]
 [ 0.00074369 -0.00089217  0.00384203]
 [-0.00020263  0.00008712 -0.00087624]
 [-0.00113399  0.00036979 -0.00106919]
 [-0.0005507  -0.00060191  0.00134782]
 [-0.00198327 -0.00011051  0.00037487]
 [-0.00045266 -0.00001467 -0.00034429]
 [ 0.00120453  0.00014901  0.00125161]
 [-0.0006523   0.00066658 -0.0010123 ]
 [ 0.00059839 -0.00018285 -0.00060757]
 [ 0.00022295  0.00009783  0.00014174]
 [-0.00030381 -0.00000572  0.00027482]
 [-0.00009574 -0.00071497 -0.0002031 ]
 [ 0.00062501 -0.00030901 -0.00011681]
 [ 0.00188791 -0.0004076  -0.00166363]
 [-0.00067279 -0.00029185  0.0010945 ]
 [-0.00043857 -0.00023164  0.00000649]
 [-0.0000565  -0.00003979  0.00009146]
 [-0.00007355  0.00033747 -0.00000161]
 [-0.00051832  0.00065329  0.00044318]
 [-0.00024153  0.00002485  0.00000383]
 [-0.00030948  0.00000059 -0.00002858]
 [-0.00008208  0.00011639  0.00024271]
 [ 0.00029164  0.00001288  0.00013628]
 [-0.00007458 -0.00046366 -0.00048822]
 [ 0.00024009  0.00000873 -0.00038139]
 [-0.0001544  -0.00010731 -0.00005634]
 [ 0.00018925 -0.0003518  -0.00058736]
 [ 0.00072657  0.00024285 -0.00006219]]
2023-01-19:16:20:51,599 INFO     [psi4.driver.task_planner:266] PLANNING Atomic:  keywords={'CART_HESS_READ': 0, 'GEOM_MAXITER': 500, 'SCF__GUESS': 'READ', 'OPTKING__INTRAFRAG_STEP_LIMIT': 1.0, 'SCF__INTS_TOLERANCE': 1e-12, 'MAXITER': 500, 'function_kwargs': {}}
2023-01-19:16:20:51,602 INFO     [psi4.driver.driver:617] Compute gradient(): method=scf, basis=cc-pvdz, molecule=default, nre=4817.672995495528
2023-01-19:16:22:28,991 INFO     [psi4.driver.driver:620] Return gradient(): -2131.072321572194
2023-01-19:16:22:28,993 INFO     [psi4.driver.driver:621] [[-0.00073635  0.00013544 -0.00035106]
 [-0.00009912  0.00014496  0.0006521 ]
 [-0.00006846  0.00002054 -0.00020693]
 [ 0.00105127 -0.00102716 -0.00005035]
 [-0.00046604  0.00040344 -0.00021284]
 [ 0.00002627 -0.00001302  0.0001323 ]
 [ 0.00018196 -0.00011575  0.00011514]
 [-0.00040291  0.00028824  0.00019688]
 [ 0.00051899 -0.00102694  0.00057557]
 [ 0.00022054  0.00028833 -0.00018555]
 [-0.00046433 -0.00046196 -0.00013419]
 [-0.00060277  0.00111937 -0.00023297]
 [ 0.00025099  0.00007611 -0.00007245]
 [-0.0001931  -0.00002362 -0.00005756]
 [ 0.00035023  0.00005317 -0.00007052]
 [ 0.00041198  0.00027322  0.00001139]
 [ 0.00055102 -0.00025106 -0.00108502]
 [-0.00007742 -0.00049584  0.00056201]
 [ 0.00085051 -0.00026468  0.00006334]
 [-0.00071922  0.0004629  -0.00046779]
 [-0.00037195  0.00139299  0.00042038]
 [-0.00055576  0.00004156  0.00053723]
 [ 0.00013013 -0.00003276 -0.00050681]
 [ 0.0013707  -0.00115887  0.00026981]
 [-0.00014504 -0.00043961 -0.00087239]
 [-0.0004775  -0.00003598  0.00101553]
 [-0.00005511  0.00088203  0.00023548]
 [ 0.00042489  0.00014788  0.00058629]
 [-0.00021019 -0.00020182 -0.00100844]
 [-0.00006601 -0.0003454  -0.00220736]
 [-0.000484   -0.00051644  0.00684704]
 [ 0.00074717  0.00073233 -0.00169986]
 [ 0.00015651 -0.00067751 -0.00049843]
 [-0.00039574  0.00029197 -0.00078668]
 [ 0.00055426 -0.00001451 -0.00011821]
 [-0.00019212  0.00060436  0.00012189]
 [-0.00019125 -0.00056359  0.00032909]
 [ 0.00003626 -0.00051003  0.00020555]
 [ 0.00045241  0.00006201 -0.00031272]
 [-0.00092969  0.00024676 -0.00089676]
 [ 0.00003879 -0.0002239  -0.00018206]
 [-0.00007041  0.00006153  0.00009978]
 [-0.00027985 -0.00010214  0.00010933]
 [-0.00037785  0.0002579   0.00003521]
 [ 0.00020334 -0.00002943  0.00087427]
 [ 0.00007665  0.00033899 -0.0030298 ]
 [-0.00029645  0.00034086  0.00090045]
 [-0.00009877 -0.00025207 -0.00011195]
 [ 0.00010986 -0.00011936  0.00020968]
 [-0.00001429  0.00027978  0.00000646]
 [-0.0003411  -0.00007309 -0.00005243]
 [ 0.00006455  0.0001257   0.00001076]
 [ 0.0000994   0.00002613  0.00006866]
 [ 0.00013617  0.00004171  0.00003872]
 [ 0.00012571 -0.00005364  0.00000172]
 [ 0.00021039 -0.00002519  0.00022213]
 [ 0.0000859   0.00000393 -0.00007701]
 [ 0.0000401   0.00004418  0.00003955]
 [-0.00007016 -0.00012092 -0.0000405 ]
 [-0.000024   -0.00001202  0.00003486]]
2023-01-19:16:22:29,483 INFO     [psi4.driver.task_planner:266] PLANNING Atomic:  keywords={'CART_HESS_READ': 0, 'GEOM_MAXITER': 500, 'SCF__GUESS': 'READ', 'OPTKING__INTRAFRAG_STEP_LIMIT': 1.0, 'SCF__INTS_TOLERANCE': 1e-12, 'MAXITER': 500, 'function_kwargs': {}}
2023-01-19:16:22:29,486 INFO     [psi4.driver.driver:617] Compute gradient(): method=scf, basis=cc-pvdz, molecule=default, nre=4814.85862053504
2023-01-19:16:24:08,388 INFO     [psi4.driver.driver:620] Return gradient(): -2131.0725651621783
2023-01-19:16:24:08,389 INFO     [psi4.driver.driver:621] [[ 0.00078133  0.00019865 -0.00074817]
 [-0.00049879  0.00011327  0.0010151 ]
 [ 0.0001712  -0.00003659  0.00003959]
 [-0.0000044   0.00037151  0.00071011]
 [-0.00082314 -0.0002749  -0.00024422]
 [ 0.00025394 -0.00002886  0.00011405]
 [ 0.00007859  0.00005458 -0.00099557]
 [ 0.00013341 -0.00035055  0.00077901]
 [ 0.00000657 -0.00103496  0.00040928]
 [-0.00013008 -0.00021701  0.00001821]
 [-0.00047649 -0.00057805  0.00048005]
 [ 0.00002497  0.00039526 -0.00080469]
 [ 0.00011617  0.00016242 -0.0002842 ]
 [-0.00016749  0.00003055  0.00008025]
 [ 0.00000274  0.00023356 -0.00007639]
 [-0.00060233  0.00047208 -0.00018443]
 [ 0.00033597 -0.00040058 -0.001244  ]
 [-0.00080535 -0.00214496  0.00051303]
 [ 0.00018155  0.00107961 -0.00042059]
 [-0.00027736  0.00090225 -0.00090039]
 [-0.00057378 -0.00007498  0.00003888]
 [ 0.00050389  0.00157101  0.00068426]
 [-0.00053461  0.0007114  -0.0001453 ]
 [-0.00003459  0.00009912  0.0006194 ]
 [-0.00001914  0.00023089 -0.00031647]
 [ 0.00145948 -0.000638    0.00061003]
 [ 0.00034161 -0.00080784  0.0015707 ]
 [ 0.00031748 -0.0009888   0.00001214]
 [ 0.00022491 -0.00002567 -0.00001236]
 [-0.00063336 -0.00006082  0.00135427]
 [ 0.00045948  0.00077173 -0.00409616]
 [ 0.00046086  0.00021175  0.00279882]
 [ 0.00006032 -0.00058347 -0.00476298]
 [-0.00115978  0.00018403  0.00043236]
 [ 0.00095202 -0.00022385  0.00085801]
 [-0.00017925  0.00054016 -0.00027646]
 [ 0.00003797 -0.00019961 -0.00043386]
 [ 0.00067901 -0.000386    0.0004497 ]
 [-0.00011404 -0.00008326 -0.00153193]
 [-0.00068748  0.00017753 -0.00066018]
 [-0.00046596 -0.00014394  0.00018015]
 [ 0.00001965 -0.00006516 -0.00006726]
 [-0.0001279   0.00007917  0.00011089]
 [ 0.00022773 -0.00001223  0.00008136]
 [ 0.00053256  0.00010016  0.00218186]
 [-0.00013853  0.00085378  0.00100185]
 [-0.00004566  0.00002122  0.00019941]
 [ 0.00005677 -0.00020548  0.00010333]
 [ 0.00002596 -0.00018307  0.00025558]
 [ 0.00010553  0.00023028 -0.00001081]
 [-0.0000269  -0.00048951 -0.00046319]
 [ 0.00025735  0.00003565 -0.00007477]
 [ 0.00031784  0.00001505  0.00003149]
 [ 0.00013587 -0.00002897 -0.00010177]
 [-0.0000527  -0.00005026 -0.00010562]
 [ 0.00008207  0.00012508  0.00038678]
 [-0.00008536  0.00004495  0.00009243]
 [ 0.0001516   0.00009741  0.000123  ]
 [-0.00031862  0.00030674  0.00053084]
 [-0.00051329 -0.00010347  0.00009557]]
2023-01-19:16:24:08,971 INFO     [psi4.driver.task_planner:266] PLANNING Atomic:  keywords={'CART_HESS_READ': 0, 'GEOM_MAXITER': 500, 'SCF__GUESS': 'READ', 'OPTKING__INTRAFRAG_STEP_LIMIT': 1.0, 'SCF__INTS_TOLERANCE': 1e-12, 'MAXITER': 500, 'function_kwargs': {}}
2023-01-19:16:24:08,974 INFO     [psi4.driver.driver:617] Compute gradient(): method=scf, basis=cc-pvdz, molecule=default, nre=4817.439017890786
2023-01-19:16:25:43,582 INFO     [psi4.driver.driver:620] Return gradient(): -2131.0727182736764
2023-01-19:16:25:43,584 INFO     [psi4.driver.driver:621] [[ 0.00075404  0.00061887 -0.00036776]
 [-0.00003509 -0.00102042 -0.00004926]
 [ 0.00000977  0.00035747  0.00015027]
 [-0.00028046  0.00010486  0.00054158]
 [-0.00053466 -0.00012056 -0.00009819]
 [ 0.00012241  0.00001311  0.00003248]
 [-0.00017438  0.0004314  -0.0005717 ]
 [ 0.00026907 -0.00007894  0.00020545]
 [-0.00035935 -0.00061753 -0.00016851]
 [ 0.00026786 -0.00028995  0.00014586]
 [ 0.000392    0.00075458  0.00029389]
 [ 0.00061407 -0.00125205 -0.00094365]
 [-0.0001696   0.00009485 -0.00009324]
 [ 0.00007773  0.00003238  0.00007992]
 [-0.00013821  0.00010442  0.00002572]
 [ 0.00016878 -0.00078973  0.00058809]
 [ 0.00000511  0.00011551  0.00026828]
 [ 0.00012841 -0.00070905  0.00011688]
 [-0.00038741 -0.00002502 -0.00038047]
 [-0.00008015  0.00010922 -0.00086927]
 [ 0.00010755 -0.0008651  -0.00020895]
 [ 0.00085311  0.00121479  0.00062728]
 [-0.00042716  0.00064985  0.00030916]
 [-0.00046041  0.00088393  0.00008718]
 [-0.00024782  0.00026467  0.00143833]
 [ 0.00056235 -0.0001794  -0.00043216]
 [ 0.0002116  -0.00026175 -0.00159666]
 [-0.00127187 -0.0000631  -0.00107041]
 [ 0.00004982 -0.00001411  0.0007842 ]
 [ 0.00015801  0.00003338  0.00068444]
 [ 0.00028506  0.0007154  -0.00270255]
 [-0.00003152 -0.00001725 -0.00039307]
 [-0.00043047 -0.00019658  0.00507367]
 [-0.0005392  -0.00012962 -0.0005894 ]
 [ 0.0000123   0.00025437  0.00050268]
 [-0.00012791 -0.0003124   0.00013241]
 [-0.00013522  0.00045767  0.00003831]
 [ 0.00046934  0.00001761  0.00028562]
 [-0.0002799  -0.00044292 -0.00071925]
 [-0.0001377   0.00037624 -0.00006481]
 [-0.00005195  0.00028016  0.00006161]
 [-0.00002786 -0.00006019 -0.00014678]
 [-0.00007089  0.00006489 -0.0001903 ]
 [ 0.00021811  0.00019755  0.00001034]
 [ 0.00066464 -0.00044823 -0.00135363]
 [ 0.00044058  0.00028984  0.0007158 ]
 [-0.00017743 -0.00034743 -0.00017496]
 [ 0.00007612 -0.00015571  0.00011487]
 [-0.00003638 -0.00010045  0.0000708 ]
 [ 0.00002778  0.00011329 -0.00003043]
 [ 0.00011353 -0.0000996  -0.0001916 ]
 [ 0.0001025  -0.00004775 -0.00006543]
 [ 0.00009942 -0.00000862 -0.00004502]
 [-0.00004595 -0.00005534 -0.00006559]
 [-0.00010326  0.00004023 -0.00002046]
 [-0.00013717 -0.00006637 -0.00003897]
 [-0.00009027  0.00005496  0.0000427 ]
 [-0.0001733  -0.0000305  -0.00001897]
 [ 0.00003806  0.00017736  0.00021453]
 [-0.00013613 -0.00001718  0.00001912]]
2023-01-19:16:25:44,121 INFO     [psi4.driver.task_planner:266] PLANNING Atomic:  keywords={'CART_HESS_READ': 0, 'GEOM_MAXITER': 500, 'SCF__GUESS': 'READ', 'OPTKING__INTRAFRAG_STEP_LIMIT': 1.0, 'SCF__INTS_TOLERANCE': 1e-12, 'MAXITER': 500, 'function_kwargs': {}}
2023-01-19:16:25:44,124 INFO     [psi4.driver.driver:617] Compute gradient(): method=scf, basis=cc-pvdz, molecule=default, nre=4817.693292251124
2023-01-19:16:27:19,449 INFO     [psi4.driver.driver:620] Return gradient(): -2131.0728868378255
2023-01-19:16:27:19,451 INFO     [psi4.driver.driver:621] [[-0.00013297 -0.00009575  0.00000119]
 [-0.00002291  0.0002235  -0.00010776]
 [ 0.00015576 -0.00016202  0.00026705]
 [-0.00015902  0.00017561 -0.00010142]
 [ 0.0002433   0.00002411 -0.00015216]
 [-0.00010158 -0.00007118 -0.0000355 ]
 [-0.00007148 -0.00011274  0.00012794]
 [ 0.0001018   0.00009595 -0.0005393 ]
 [-0.00069695 -0.00062137 -0.00017343]
 [ 0.00028201  0.00003164  0.00004774]
 [ 0.00004425  0.00069221  0.00067982]
 [ 0.0002758  -0.00030707  0.00000472]
 [-0.00025053 -0.00004357  0.00015549]
 [ 0.00016368 -0.00002618  0.00000453]
 [-0.00017255 -0.00018138  0.0000668 ]
 [ 0.00010847 -0.0002232   0.0004504 ]
 [ 0.00013358  0.00107769  0.00099404]
 [ 0.00027015  0.00111004 -0.00049684]
 [-0.00082655 -0.00086593 -0.00033076]
 [ 0.00015396 -0.00076003 -0.00043066]
 [ 0.00020794 -0.00053344 -0.00042424]
 [ 0.00031444  0.00049127  0.00021008]
 [ 0.00000503  0.00016369  0.00002953]
 [-0.00011739  0.00008222 -0.00019877]
 [ 0.0002297   0.00034288 -0.00046868]
 [-0.00017614 -0.00022879  0.00052239]
 [-0.00008372 -0.00017891 -0.00025292]
 [-0.00005946 -0.00043798 -0.00030896]
 [-0.00008681  0.0001596   0.00045587]
 [ 0.0003638   0.00009732  0.00030099]
 [ 0.00043154  0.00041653 -0.00132798]
 [-0.00036405 -0.00024805  0.00007583]
 [ 0.00048832  0.00029045  0.00099571]
 [ 0.00020245 -0.00033603 -0.0005188 ]
 [-0.00032824  0.00047832 -0.00047763]
 [-0.00026977 -0.00039041  0.00040233]
 [-0.00082159  0.00031989  0.00087904]
 [ 0.00005883  0.00028247  0.0000996 ]
 [-0.00004999 -0.00037572  0.00041534]
 [ 0.00002092  0.00022566 -0.00030927]
 [ 0.00037059  0.00024905 -0.00017355]
 [ 0.00000733 -0.00001944 -0.00003147]
 [ 0.00037867  0.00002516 -0.00000826]
 [-0.0000969   0.00030095 -0.00003898]
 [ 0.00007887 -0.00017254  0.00000162]
 [ 0.00060597 -0.00046007  0.0002202 ]
 [-0.00060192 -0.00038541 -0.00009069]
 [-0.00000736 -0.00005354  0.00005681]
 [-0.00001108 -0.00000542 -0.00005768]
 [-0.00004008  0.0000489   0.00001623]
 [ 0.00010413  0.00028368  0.00026936]
 [-0.00011559 -0.00003637  0.00002735]
 [-0.00015494 -0.00000108 -0.0000426 ]
 [-0.00010489 -0.00001901  0.00003103]
 [-0.00000146  0.00006154  0.00006568]
 [-0.00020414 -0.00020299 -0.00027191]
 [ 0.00000613 -0.00000022 -0.00007435]
 [-0.00023751 -0.00011613 -0.00011696]
 [ 0.00022571 -0.00010546 -0.0002732 ]
 [ 0.00033445  0.00002708 -0.00003998]]
2023-01-19:16:27:19,914 INFO     [psi4.driver.task_planner:266] PLANNING Atomic:  keywords={'CART_HESS_READ': 0, 'GEOM_MAXITER': 500, 'SCF__GUESS': 'READ', 'OPTKING__INTRAFRAG_STEP_LIMIT': 1.0, 'SCF__INTS_TOLERANCE': 1e-12, 'MAXITER': 500, 'function_kwargs': {}}
2023-01-19:16:27:19,917 INFO     [psi4.driver.driver:617] Compute gradient(): method=scf, basis=cc-pvdz, molecule=default, nre=4816.468074564999
2023-01-19:16:28:56,689 INFO     [psi4.driver.driver:620] Return gradient(): -2131.07296857786
2023-01-19:16:28:56,691 INFO     [psi4.driver.driver:621] [[-0.00049105  0.00004752  0.00027166]
 [ 0.00024182 -0.00024823 -0.0004147 ]
 [ 0.0000308  -0.0000024   0.00041116]
 [ 0.00006936 -0.00024954 -0.00036413]
 [ 0.00035079  0.00008064 -0.00005726]
 [-0.00014776 -0.00002575 -0.00003345]
 [-0.00002628  0.00003595  0.00049465]
 [-0.00009755  0.0001903  -0.0004079 ]
 [-0.00025722 -0.00034323 -0.00018571]
 [-0.00007214  0.00025744  0.00002818]
 [-0.00004402 -0.00007061  0.00010326]
 [-0.00012193  0.00039437  0.00046269]
 [-0.00009164 -0.00012473  0.00013855]
 [ 0.00008977 -0.00000192 -0.00005251]
 [ 0.00001005 -0.00011443  0.00004693]
 [-0.00010679 -0.00007155 -0.00036555]
 [-0.00008028  0.00051321  0.00020355]
 [ 0.00009792  0.00048573 -0.00003793]
 [-0.00035279 -0.00010026 -0.00012057]
 [ 0.00014034 -0.00039238  0.0002106 ]
 [-0.00000467  0.00028023 -0.00017455]
 [-0.00022013  0.00002265 -0.00017318]
 [ 0.00036904 -0.00019062 -0.00025523]
 [-0.00013155 -0.00007126  0.00012661]
 [-0.00004247 -0.00000347  0.00040221]
 [ 0.00030841 -0.00005958  0.00037218]
 [-0.00013977 -0.00020255  0.00026295]
 [ 0.0004823   0.00000779 -0.00012571]
 [-0.00009443  0.00020326 -0.00040893]
 [ 0.00030816  0.00026017 -0.00057122]
 [ 0.00017907  0.00006166  0.00162136]
 [-0.00030479 -0.00006814 -0.00056468]
 [ 0.00050571  0.00025148 -0.00053471]
 [ 0.00037334 -0.00009656 -0.00035497]
 [-0.00010379 -0.00025055 -0.00005156]
 [-0.00015648  0.00045579  0.00010168]
 [-0.00053253 -0.00023828  0.00046153]
 [-0.00002256 -0.00008962 -0.00011481]
 [ 0.00002442  0.00017956  0.00032571]
 [ 0.0000247   0.00029934 -0.00048123]
 [ 0.0000278  -0.00019615  0.00003167]
 [-0.00001137  0.00002063  0.00011631]
 [ 0.00003795 -0.00003013 -0.00007116]
 [ 0.00003999 -0.00018486 -0.00014216]
 [-0.00011694 -0.00036018  0.0004425 ]
 [ 0.00036581 -0.00015124 -0.00079661]
 [-0.00042759 -0.00017965  0.00015788]
 [-0.00004182  0.00008724  0.00004289]
 [ 0.00005965  0.00003725 -0.00003537]
 [ 0.00000049 -0.00002514  0.00003402]
 [ 0.00008258  0.000145    0.0002549 ]
 [-0.00011431  0.00000809 -0.00000492]
 [-0.00016907 -0.00000122 -0.00002097]
 [-0.00004007  0.00000572  0.0000529 ]
 [ 0.00000495  0.00000051  0.00002236]
 [ 0.00005844 -0.00000592 -0.00011461]
 [ 0.00001483 -0.00007552  0.00002812]
 [ 0.00013972  0.00004394  0.00002997]
 [-0.00006681 -0.00010429 -0.00018226]
 [ 0.00019241 -0.00004553 -0.00004047]]
2023-01-19:16:28:57,151 INFO     [psi4.driver.task_planner:266] PLANNING Atomic:  keywords={'CART_HESS_READ': 0, 'GEOM_MAXITER': 500, 'SCF__GUESS': 'READ', 'OPTKING__INTRAFRAG_STEP_LIMIT': 0.25, 'SCF__INTS_TOLERANCE': 1e-12, 'MAXITER': 500, 'function_kwargs': {}}
2023-01-19:16:28:57,155 INFO     [psi4.driver.driver:617] Compute gradient(): method=scf, basis=cc-pvdz, molecule=default, nre=4816.284134930761
2023-01-19:16:30:32,49 INFO     [psi4.driver.driver:620] Return gradient(): -2131.0730111997545
2023-01-19:16:30:32,51 INFO     [psi4.driver.driver:621] [[ 0.00007351 -0.00038628  0.00007225]
 [-0.00012728  0.00076957  0.00023892]
 [ 0.00009262 -0.0003185   0.00022318]
 [-0.00024009  0.000533   -0.00013128]
 [ 0.0001068  -0.00018132 -0.00001976]
 [ 0.00000239 -0.00005809 -0.00002047]
 [ 0.00009457 -0.00026384 -0.0000791 ]
 [-0.00000752 -0.00025582  0.00023114]
 [ 0.0001796  -0.00008253 -0.00009109]
 [-0.00032659 -0.00002328 -0.0000726 ]
 [-0.0003434  -0.00020674 -0.00007445]
 [-0.00014164  0.00044061  0.00019014]
 [ 0.00005192 -0.00003187 -0.0000126 ]
 [-0.00003653  0.00002059 -0.00002973]
 [ 0.00012833  0.00006394 -0.0000216 ]
 [-0.00023013  0.00085199 -0.00040095]
 [-0.00013027 -0.0002495  -0.00049617]
 [-0.00041497 -0.0006683   0.00010552]
 [ 0.00024572  0.00077418 -0.00000812]
 [ 0.00012849  0.00038798  0.0007922 ]
 [-0.0000398   0.00017218  0.00031769]
 [-0.00032489 -0.00010362 -0.00058447]
 [ 0.00014108 -0.00043208 -0.0002841 ]
 [ 0.00029776 -0.00047327  0.00004427]
 [-0.0001164   0.00002766 -0.00091953]
 [ 0.00019914  0.00015669  0.00037037]
 [ 0.00009234 -0.00022739 -0.00020786]
 [ 0.00072975 -0.00034694  0.00045055]
 [-0.00006998  0.0000553  -0.00018365]
 [-0.00007758  0.00011874 -0.00001962]
 [ 0.00010103  0.00015686  0.00019959]
 [-0.00012467 -0.00016477 -0.00026162]
 [-0.00002136 -0.00018819  0.00096613]
 [-0.00008427  0.00031104 -0.00001481]
 [-0.0002031  -0.00002751  0.00025673]
 [ 0.00012761 -0.0000486  -0.00004382]
 [-0.00001716 -0.00019529 -0.00043234]
 [ 0.00019746 -0.00016089 -0.0001392 ]
 [-0.00008035  0.00025714 -0.00017367]
 [-0.00013754  0.00008941 -0.00029424]
 [-0.00022467 -0.000101    0.00009785]
 [ 0.00000283 -0.00000415 -0.00000333]
 [-0.00008376 -0.00005141  0.00012715]
 [-0.00002271 -0.00008635  0.00010633]
 [ 0.00029985 -0.00021226 -0.00007628]
 [ 0.00018623  0.00037512 -0.00026502]
 [-0.00003862 -0.00020676  0.00030313]
 [ 0.00000064  0.00013751  0.00006082]
 [ 0.00001616  0.00000882  0.00005502]
 [ 0.00004631 -0.00003957  0.00002586]
 [ 0.00010991 -0.00004923 -0.00009149]
 [ 0.00003356  0.00000001 -0.00002247]
 [ 0.00002371 -0.00000372  0.00000989]
 [ 0.00001222 -0.00001178 -0.0000138 ]
 [-0.00003235 -0.00004168 -0.00002522]
 [ 0.0000623   0.00007822  0.00006326]
 [ 0.00001259 -0.00001138  0.00001778]
 [ 0.00015086  0.00006239  0.00008005]
 [-0.00014268  0.00010052  0.00009786]
 [-0.00010697 -0.00003553  0.00001075]]
2023-01-19:16:30:33,300 INFO     [psi4.driver.task_planner:266] PLANNING Atomic:  keywords={'CART_HESS_READ': 0, 'GEOM_MAXITER': 500, 'SCF__GUESS': 'READ', 'OPTKING__INTRAFRAG_STEP_LIMIT': 0.0625, 'SCF__INTS_TOLERANCE': 1e-12, 'MAXITER': 500, 'function_kwargs': {}}
2023-01-19:16:30:33,303 INFO     [psi4.driver.driver:617] Compute gradient(): method=scf, basis=cc-pvdz, molecule=default, nre=4816.8049206671785
2023-01-19:16:32:05,648 INFO     [psi4.driver.driver:620] Return gradient(): -2131.0730504646885
2023-01-19:16:32:05,650 INFO     [psi4.driver.driver:621] [[ 0.00018185  0.00040195  0.00012537]
 [ 0.00015971 -0.00044791  0.00001648]
 [-0.00007098  0.00016104 -0.00004308]
 [ 0.00010986 -0.00069508 -0.00018531]
 [-0.00024057  0.00023916  0.00017713]
 [ 0.00007958  0.00006225  0.00001201]
 [-0.00005704  0.00019886 -0.00023976]
 [-0.00006174  0.00013695  0.0004977 ]
 [ 0.00025341  0.00004077 -0.00001557]
 [-0.0001417  -0.00018202 -0.0001016 ]
 [-0.0002024   0.00011746 -0.00001383]
 [ 0.00002011 -0.00017423 -0.00021667]
 [ 0.00005098  0.00005739 -0.00006707]
 [-0.00004705  0.00001558  0.00001034]
 [ 0.00007212  0.00006726 -0.0000366 ]
 [-0.00008058  0.00027983 -0.00014115]
 [-0.00007653 -0.00027843 -0.00014075]
 [-0.00011904 -0.00041313  0.00006597]
 [ 0.00005726  0.00044544 -0.00002613]
 [-0.00003274  0.00042713  0.00045294]
 [-0.00005334 -0.00022553  0.00012964]
 [ 0.00021698 -0.00000614 -0.00037528]
 [-0.00015097 -0.0002341   0.00000285]
 [-0.00003035 -0.00005594 -0.00008656]
 [-0.00007294  0.00009614 -0.00024772]
 [ 0.00016405  0.00013107  0.00027693]
 [ 0.00004246 -0.00005382  0.00010027]
 [ 0.00019213 -0.00016491 -0.00002813]
 [-0.00000876 -0.00005246  0.00010551]
 [-0.00023885 -0.00010758  0.00003527]
 [ 0.00013485  0.00008856 -0.00010875]
 [ 0.00010266 -0.00008511  0.00027874]
 [-0.00004469 -0.0002587  -0.00034151]
 [-0.00008234  0.0000851   0.00037049]
 [-0.00031202  0.00028483 -0.00020768]
 [ 0.00028388 -0.0002924  -0.00014624]
 [ 0.00014087 -0.00002704 -0.0002712 ]
 [ 0.00008635  0.00002639  0.00001841]
 [-0.00005309 -0.00000664 -0.00018779]
 [-0.00037103 -0.00017465 -0.00019293]
 [-0.00006592  0.00010405  0.00005654]
 [-0.00000787 -0.00001501 -0.0000508 ]
 [-0.00015209 -0.00002479  0.00008181]
 [ 0.00005756 -0.00003084  0.00007311]
 [ 0.00034751  0.00013132  0.00038063]
 [ 0.00003989  0.00039612 -0.0001636 ]
 [-0.0000688  -0.00014422  0.0003425 ]
 [ 0.0000017   0.00007501  0.00000027]
 [ 0.00000861  0.00001367  0.00003847]
 [ 0.00001004 -0.00001942  0.0000241 ]
 [ 0.00005973 -0.00007061 -0.00019691]
 [ 0.00006728 -0.00000474  0.00000618]
 [ 0.00011099 -0.0000001   0.00002134]
 [ 0.00002387 -0.00001418 -0.00004056]
 [-0.00002624 -0.0000261  -0.00002023]
 [-0.00004619  0.0000238   0.00011667]
 [-0.00000061  0.00006149 -0.00005122]
 [-0.00005895  0.00000224 -0.00001874]
 [ 0.00004578  0.00011963  0.00011147]
 [-0.00014668 -0.00000462  0.00003422]]
2023-01-19:16:32:06,490 INFO     [psi4.driver.task_planner:266] PLANNING Atomic:  keywords={'CART_HESS_READ': 0, 'GEOM_MAXITER': 500, 'SCF__GUESS': 'READ', 'OPTKING__INTRAFRAG_STEP_LIMIT': 0.0625, 'SCF__INTS_TOLERANCE': 1e-12, 'MAXITER': 500, 'function_kwargs': {}}
2023-01-19:16:32:06,493 INFO     [psi4.driver.driver:617] Compute gradient(): method=scf, basis=cc-pvdz, molecule=default, nre=4816.956182761166
2023-01-19:16:33:38,167 INFO     [psi4.driver.driver:620] Return gradient(): -2131.073072210038
2023-01-19:16:33:38,169 INFO     [psi4.driver.driver:621] [[ 0.00043238 -0.00036127 -0.0001346 ]
 [-0.0002487   0.00064229  0.0001919 ]
 [-0.00002077 -0.00017933 -0.00030737]
 [-0.00035553  0.00085357  0.00036123]
 [-0.00008017 -0.00028071 -0.00002349]
 [ 0.00009679 -0.00003588 -0.00001093]
 [ 0.00004451 -0.00019522 -0.00027642]
 [ 0.00017457 -0.00033348  0.00007672]
 [ 0.00003019  0.00003061  0.00004362]
 [ 0.0001551  -0.00011442 -0.00003247]
 [ 0.00008675  0.00018305  0.00013126]
 [ 0.00007869 -0.00018849 -0.00025087]
 [ 0.00001833  0.00003739 -0.00006973]
 [-0.00001227 -0.00000441  0.0000404 ]
 [-0.00003097  0.00001142 -0.00001899]
 [ 0.00006449 -0.00027488  0.00016613]
 [ 0.00006119 -0.00008774  0.00021218]
 [ 0.0002257   0.00019701  0.00000981]
 [-0.00015337 -0.00013807 -0.00005972]
 [-0.00021725  0.00017998  0.00004206]
 [-0.0001087  -0.00015732 -0.00009901]
 [ 0.00030545 -0.00008341 -0.00005488]
 [-0.00005991 -0.00001591  0.00000671]
 [-0.00022523  0.00010793 -0.00005329]
 [ 0.00001914  0.00010469  0.00023258]
 [ 0.0000704  -0.00002826  0.00007335]
 [ 0.00001288  0.00012128  0.0000913 ]
 [-0.00029654  0.0000482  -0.00023554]
 [ 0.00010565 -0.00011323  0.00017656]
 [-0.00015093 -0.00015781  0.00006472]
 [ 0.00001971  0.00007423 -0.0003697 ]
 [ 0.00010401  0.00008455  0.00012819]
 [-0.00002104 -0.00012932 -0.00030147]
 [-0.00009    -0.00016229  0.00033848]
 [-0.00016762  0.00009966 -0.00016965]
 [ 0.00027333 -0.00000191 -0.00024881]
 [ 0.00029983 -0.00002887 -0.00006329]
 [-0.0001953   0.00007396  0.00005821]
 [-0.0000544  -0.00005332  0.00006457]
 [-0.00024961 -0.00004122 -0.00009286]
 [ 0.00000417  0.00001666  0.00003531]
 [ 0.00000012 -0.00000804 -0.00003353]
 [-0.00008126  0.00003697 -0.00003189]
 [ 0.00005403  0.00007325  0.00000091]
 [ 0.00019414  0.00003422  0.00032192]
 [ 0.00004517  0.00010892 -0.00001535]
 [-0.00012754 -0.00003964  0.00021444]
 [-0.00000407 -0.00001252 -0.00006923]
 [ 0.00000535  0.00002849 -0.00000708]
 [-0.00003079 -0.00000553 -0.00001761]
 [-0.00006049 -0.0000549  -0.0000974 ]
 [ 0.00004067 -0.00000196  0.00001228]
 [ 0.00007118  0.00000146  0.00000771]
 [ 0.00002719 -0.000004   -0.00001885]
 [-0.00000073  0.00000846 -0.00000042]
 [-0.00000586 -0.0000079   0.0000606 ]
 [-0.00003424  0.00007227 -0.00001986]
 [-0.00007394  0.00000522 -0.00004671]
 [ 0.00007116  0.00006048  0.00004644]
 [-0.00003505  0.00000504  0.00002147]]
2023-01-19:16:33:39,390 INFO     [psi4.driver.task_planner:266] PLANNING Atomic:  keywords={'CART_HESS_READ': 0, 'GEOM_MAXITER': 500, 'SCF__GUESS': 'READ', 'OPTKING__INTRAFRAG_STEP_LIMIT': 0.0625, 'SCF__INTS_TOLERANCE': 1e-12, 'MAXITER': 500, 'function_kwargs': {}}
2023-01-19:16:33:39,393 INFO     [psi4.driver.driver:617] Compute gradient(): method=scf, basis=cc-pvdz, molecule=default, nre=4816.453974589013
2023-01-19:16:35:10,971 INFO     [psi4.driver.driver:620] Return gradient(): -2131.0730901229026
2023-01-19:16:35:10,973 INFO     [psi4.driver.driver:621] [[-0.00018008  0.00023819  0.00006429]
 [ 0.00017638 -0.00051039 -0.0002183 ]
 [-0.00014335  0.00016287 -0.00003997]
 [ 0.00020705 -0.00043819 -0.0000465 ]
 [-0.00002177  0.00015746 -0.000084  ]
 [-0.00004807  0.00002966  0.0000086 ]
 [-0.00008015  0.00015008  0.00015347]
 [-0.0000258   0.00021879 -0.00021426]
 [-0.00021465 -0.00001107  0.00006685]
 [ 0.0002045   0.00014961  0.0000745 ]
 [ 0.00020164 -0.00009363  0.00016234]
 [ 0.00004876  0.00013039  0.00005168]
 [-0.00001072 -0.000017    0.00000398]
 [ 0.00000946 -0.00001335  0.00002478]
 [-0.00007342 -0.00003161  0.00000137]
 [ 0.00000121 -0.00014261  0.00019784]
 [ 0.00017759 -0.00003081  0.00012401]
 [ 0.00011946  0.00038202 -0.00004644]
 [-0.00018251 -0.00024065 -0.00006462]
 [-0.00013103 -0.00005367 -0.00006177]
 [-0.00012692  0.00014467 -0.00007523]
 [-0.00007396 -0.00018047  0.00001494]
 [ 0.00016392  0.00008091 -0.00013121]
 [-0.00001057 -0.0000818   0.0000631 ]
 [ 0.00011987  0.00006744 -0.00008121]
 [ 0.00000389 -0.0001597   0.00002066]
 [ 0.00004377  0.00008534 -0.00006875]
 [-0.00020975  0.00000017  0.00002093]
 [ 0.00011877 -0.00005203  0.00004809]
 [ 0.00003438  0.00001512  0.00023505]
 [-0.00009076  0.00006083 -0.00088884]
 [-0.00006776  0.00005873 -0.00002252]
 [ 0.00007068  0.00008397  0.00045945]
 [-0.00010674  0.00006294  0.00002639]
 [ 0.00001419 -0.00017562  0.00011288]
 [ 0.0000735   0.00018811 -0.00015139]
 [ 0.00029358 -0.00009965 -0.0000519 ]
 [-0.00031951 -0.00003134 -0.00007818]
 [-0.00004269  0.0000886   0.00031392]
 [ 0.00008196  0.00024723 -0.00006401]
 [-0.00004548 -0.00012801  0.00002022]
 [ 0.00001848  0.00001186  0.00001614]
 [ 0.00009207  0.00006949 -0.00005086]
 [-0.00004655  0.00011976 -0.00002222]
 [ 0.00001523 -0.00030986  0.00000418]
 [ 0.00012726 -0.00016332  0.00025758]
 [-0.00011975 -0.00003587  0.00004881]
 [ 0.00000027 -0.0000404  -0.0000527 ]
 [-0.00000866  0.00002403 -0.00004605]
 [-0.00002696 -0.00000739 -0.00004772]
 [-0.00012479  0.00000141  0.00007291]
 [-0.00000994 -0.00000015  0.00000123]
 [-0.00004049  0.00000113 -0.00001064]
 [ 0.0000133   0.0000046   0.00002006]
 [ 0.00002536  0.00002689  0.00001757]
 [ 0.00006264 -0.00003261 -0.00006365]
 [-0.0000357   0.00000478  0.00002762]
 [ 0.00004061  0.00002635  0.00000124]
 [-0.00003032 -0.00001036 -0.00003938]
 [ 0.00008905 -0.00000192 -0.00001432]]
2023-01-19:16:35:11,940 INFO     [psi4.driver.task_planner:266] PLANNING Atomic:  keywords={'CART_HESS_READ': 0, 'GEOM_MAXITER': 500, 'SCF__GUESS': 'READ', 'OPTKING__INTRAFRAG_STEP_LIMIT': 0.0625, 'SCF__INTS_TOLERANCE': 1e-12, 'MAXITER': 500, 'function_kwargs': {}}
2023-01-19:16:35:11,943 INFO     [psi4.driver.driver:617] Compute gradient(): method=scf, basis=cc-pvdz, molecule=default, nre=4816.047073818453
2023-01-19:16:36:44,122 INFO     [psi4.driver.driver:620] Return gradient(): -2131.073104565855
2023-01-19:16:36:44,124 INFO     [psi4.driver.driver:621] [[-0.00019486 -0.00001329  0.0000019 ]
 [ 0.00001242 -0.00003243 -0.00004049]
 [-0.00001877  0.00004234  0.00003229]
 [ 0.00014484 -0.0001193  -0.00002948]
 [ 0.00004908  0.00008705 -0.00007419]
 [-0.00004168 -0.00000202  0.00000072]
 [ 0.0000124  -0.00001311  0.00014966]
 [-0.00004151  0.00008014 -0.0001454 ]
 [-0.0000145   0.00001796  0.00002175]
 [ 0.00004319  0.00004033  0.00003909]
 [ 0.00004065 -0.0000169  -0.00000168]
 [ 0.00004854 -0.00006215  0.00009752]
 [ 0.00000548  0.00001436  0.00003402]
 [-0.0000186  -0.00000614 -0.00000749]
 [-0.00001339  0.00000097 -0.000002  ]
 [-0.00013435 -0.0000073  -0.00002041]
 [ 0.00010626 -0.00017563 -0.00006953]
 [-0.00010482 -0.0000218  -0.00002223]
 [-0.00011529  0.00006859 -0.00005719]
 [ 0.00007081  0.00001301 -0.00002441]
 [-0.00008397 -0.00000681  0.0000258 ]
 [-0.00002954 -0.00004235 -0.0000575 ]
 [-0.00000487  0.00013596  0.00004297]
 [ 0.00005928  0.00005546  0.00004686]
 [ 0.0000643   0.00005102 -0.0000094 ]
 [ 0.00012887 -0.00009194  0.00012671]
 [ 0.00002082 -0.00000289 -0.00003148]
 [-0.00000035 -0.0000107  -0.00001031]
 [-0.00000691  0.00003101 -0.00005366]
 [ 0.00005961  0.00009367 -0.00003061]
 [-0.00006387 -0.00004373  0.00004656]
 [ 0.00000467 -0.00007007 -0.00000263]
 [ 0.00011987  0.00003866  0.00018854]
 [-0.00002262  0.00029329  0.00000007]
 [-0.0000935   0.00000957 -0.00012536]
 [ 0.00001703 -0.00012924  0.00001316]
 [ 0.00011831 -0.00001984 -0.00003332]
 [-0.00014059 -0.00005815 -0.00013271]
 [ 0.00003199  0.00007209  0.00020297]
 [ 0.00002186  0.0001437  -0.00009058]
 [-0.00001514  0.00002306  0.00000963]
 [ 0.00000761  0.00001408  0.0000276 ]
 [ 0.00004974  0.00002003  0.00000447]
 [-0.00001938 -0.00002705 -0.00003302]
 [ 0.00002824 -0.00015266  0.0000774 ]
 [ 0.00004055 -0.00009229 -0.0000355 ]
 [-0.00006886 -0.00004805  0.00007923]
 [ 0.00000133  0.00000413  0.00001122]
 [-0.00000633 -0.00000818 -0.00003358]
 [ 0.00000253 -0.00001042 -0.00000869]
 [-0.00005674  0.00002995  0.00003644]
 [-0.00000721 -0.00000129  0.00000641]
 [-0.00003204  0.00000105 -0.00000348]
 [ 0.00000011 -0.00000178  0.00000975]
 [ 0.00002099  0.00000944  0.00001209]
 [-0.00002156 -0.00006437 -0.00006891]
 [ 0.00000365 -0.00002662 -0.00002621]
 [ 0.00000116  0.00000054 -0.00000484]
 [ 0.00000146 -0.00000956 -0.00004659]
 [ 0.00003356 -0.0000034  -0.00001199]]
2023-01-19:16:36:44,746 INFO     [psi4.driver.task_planner:266] PLANNING Atomic:  keywords={'CART_HESS_READ': 0, 'GEOM_MAXITER': 500, 'SCF__GUESS': 'READ', 'OPTKING__INTRAFRAG_STEP_LIMIT': 0.1875, 'SCF__INTS_TOLERANCE': 1e-12, 'MAXITER': 500, 'function_kwargs': {}}
2023-01-19:16:36:44,749 INFO     [psi4.driver.driver:617] Compute gradient(): method=scf, basis=cc-pvdz, molecule=default, nre=4815.923841212993
2023-01-19:16:38:21,572 INFO     [psi4.driver.driver:620] Return gradient(): -2131.073115578379
2023-01-19:16:38:21,574 INFO     [psi4.driver.driver:621] [[ 0.00003812 -0.00000577 -0.00005784]
 [-0.00002778 -0.00014788  0.00001573]
 [ 0.00003816  0.00003908  0.00005368]
 [-0.00002917  0.00018096  0.00008809]
 [ 0.00002592 -0.0000579  -0.00000833]
 [ 0.00001743  0.00000954 -0.00000017]
 [ 0.00001388  0.00006227 -0.00002451]
 [ 0.00000334 -0.0000952   0.00009405]
 [ 0.00012049  0.00019954 -0.00001538]
 [-0.00009883 -0.00009168 -0.00000556]
 [-0.00013313 -0.00001518 -0.00010688]
 [ 0.00000573 -0.00000124  0.00012804]
 [ 0.00003703  0.00000082 -0.00001411]
 [-0.00002954  0.00000411 -0.0000154 ]
 [ 0.0000395   0.00000457 -0.00000685]
 [-0.00010502  0.00000966 -0.00008179]
 [-0.000049    0.00003336 -0.00011297]
 [-0.00000249 -0.00007365  0.00003192]
 [ 0.0000361  -0.0000629  -0.00006659]
 [ 0.00000529  0.00005112  0.00002982]
 [ 0.00000886 -0.00000381  0.0000111 ]
 [-0.00002567 -0.00006422 -0.00000698]
 [-0.00007491  0.00009285  0.0000394 ]
 [ 0.00001636 -0.0000457  -0.0000258 ]
 [ 0.0000253   0.00009245 -0.00014464]
 [ 0.00009249 -0.00000609  0.00013968]
 [-0.00004378 -0.00006929 -0.00002379]
 [ 0.00015905 -0.00005489  0.00005408]
 [-0.00008979  0.00001149 -0.00001962]
 [ 0.00002106  0.0001155  -0.0000681 ]
 [ 0.00010388 -0.00009428  0.00031539]
 [ 0.00010131  0.00000981 -0.00026208]
 [-0.00001075 -0.00004372  0.00001502]
 [ 0.00000114 -0.00038613  0.0002608 ]
 [-0.00008336 -0.00002538 -0.00009294]
 [ 0.00010931  0.00005509 -0.00004512]
 [-0.00008297  0.00013269 -0.00004558]
 [ 0.00003327  0.00000016 -0.00009948]
 [-0.00000086  0.0000021   0.00002793]
 [-0.00011954  0.00005691 -0.00005455]
 [-0.0000275   0.000035    0.00006762]
 [ 0.00000019 -0.00000623 -0.000012  ]
 [-0.00002704 -0.00004546  0.00002719]
 [-0.00001267 -0.00005264  0.00002333]
 [ 0.00008588  0.00010675  0.00007792]
 [-0.00005243  0.00012393 -0.00008168]
 [ 0.00002221  0.00004931 -0.00000692]
 [-0.00001716  0.00004975  0.00003765]
 [ 0.00000215 -0.000042    0.00002673]
 [ 0.0000055  -0.00002119  0.00003207]
 [ 0.00004691 -0.00000534 -0.00005393]
 [-0.00000407  0.00000238  0.00000735]
 [ 0.00001694  0.0000027   0.00000207]
 [-0.00000644 -0.00000647 -0.00000616]
 [-0.00001362 -0.0000137  -0.00001015]
 [-0.00001615 -0.00001185  0.00000329]
 [ 0.00000702  0.00000751 -0.00001383]
 [ 0.00000064  0.00001809 -0.0000202 ]
 [ 0.00000045  0.00001963  0.00000587]
 [-0.00005725 -0.00002936 -0.00000585]]
2023-01-19:16:38:22,847 INFO     [psi4.driver.task_planner:266] PLANNING Atomic:  keywords={'CART_HESS_READ': 0, 'GEOM_MAXITER': 500, 'SCF__GUESS': 'READ', 'OPTKING__INTRAFRAG_STEP_LIMIT': 0.046875, 'SCF__INTS_TOLERANCE': 1e-12, 'MAXITER': 500, 'function_kwargs': {}}
2023-01-19:16:38:22,850 INFO     [psi4.driver.driver:617] Compute gradient(): method=scf, basis=cc-pvdz, molecule=default, nre=4815.785331795312
2023-01-19:16:39:54,8 INFO     [psi4.driver.driver:620] Return gradient(): -2131.0731195092435
2023-01-19:16:39:54,10 INFO     [psi4.driver.driver:621] [[ 0.00006361 -0.00002232 -0.00004192]
 [-0.00013638  0.00032005  0.00009655]
 [ 0.00005926 -0.00011402 -0.00005795]
 [ 0.00004673 -0.00020178 -0.00001444]
 [-0.00000437  0.00004601  0.000049  ]
 [ 0.00001125  0.00000285 -0.00000108]
 [ 0.00003196 -0.00011106 -0.00007681]
 [-0.00001532  0.00006805  0.00004522]
 [-0.00000435  0.00008756 -0.00002648]
 [-0.00004474  0.00004476  0.00001978]
 [-0.00001419 -0.00007524 -0.00003815]
 [ 0.00006435  0.00001688  0.00010804]
 [ 0.0000001  -0.00000574 -0.00001847]
 [ 0.00001187 -0.00000298  0.00000015]
 [ 0.00000146 -0.000002    0.00000784]
 [-0.00004787 -0.00004073  0.00002843]
 [-0.00003413  0.00010609  0.00003512]
 [ 0.00004435  0.00005554 -0.00000438]
 [-0.0000426  -0.0001437  -0.00010029]
 [ 0.0000165  -0.00005773 -0.00004578]
 [ 0.00001486  0.00003751 -0.00003567]
 [-0.00005683 -0.00006392  0.00005466]
 [ 0.00000091  0.00007839 -0.00000436]
 [-0.00003975 -0.00002093 -0.0000022 ]
 [ 0.00003617  0.00010997 -0.00004937]
 [ 0.00004672 -0.00006135  0.00004223]
 [-0.00000923 -0.00009448  0.00002833]
 [ 0.00000829 -0.00002577  0.00003988]
 [-0.00002653 -0.00000207 -0.00001571]
 [-0.00002859  0.00000859 -0.00000176]
 [-0.00005423  0.00009983 -0.00000818]
 [-0.0000091  -0.00013374  0.00011108]
 [ 0.00006504  0.00004053 -0.00001087]
 [-0.00000294  0.00035199 -0.00008984]
 [-0.00005004  0.00001836 -0.00001334]
 [ 0.0000466  -0.00000415 -0.0000482 ]
 [ 0.00014776 -0.00008692 -0.0000043 ]
 [ 0.0000332  -0.00002633  0.00000068]
 [-0.00006054  0.00002661 -0.00001702]
 [-0.00006951 -0.00002998 -0.00004024]
 [-0.00001752 -0.00002764  0.00002928]
 [ 0.00000161 -0.00000678 -0.00000791]
 [-0.00001991 -0.00001388 -0.00001134]
 [ 0.00000349  0.00000877  0.00001266]
 [ 0.00004288 -0.00006978  0.00008195]
 [-0.00006419 -0.0001225   0.00004456]
 [ 0.00003058  0.00004059 -0.00007532]
 [ 0.0000063   0.00000426 -0.00000066]
 [-0.00001003 -0.00000942  0.0000231 ]
 [-0.00000426 -0.00000863  0.00001498]
 [ 0.00003542 -0.00000629 -0.00000925]
 [ 0.00000623  0.00000574  0.00000744]
 [ 0.00000332  0.00000125  0.00000182]
 [ 0.00000001 -0.00000094  0.00000098]
 [-0.00000862 -0.00000703 -0.00000496]
 [ 0.00000147 -0.00000841  0.00000543]
 [ 0.00000903  0.00001941 -0.00001456]
 [-0.00001105  0.00000554  0.00000155]
 [-0.00000058  0.00001926  0.00000168]
 [-0.00000393 -0.00001617 -0.00000159]]
2023-01-19:16:39:54,642 INFO     [psi4.driver.task_planner:266] PLANNING Atomic:  keywords={'CART_HESS_READ': 0, 'GEOM_MAXITER': 500, 'SCF__GUESS': 'READ', 'OPTKING__INTRAFRAG_STEP_LIMIT': 0.046875, 'SCF__INTS_TOLERANCE': 1e-12, 'MAXITER': 500, 'function_kwargs': {}}
2023-01-19:16:39:54,646 INFO     [psi4.driver.driver:617] Compute gradient(): method=scf, basis=cc-pvdz, molecule=default, nre=4815.705586258987
2023-01-19:16:41:24,131 INFO     [psi4.driver.driver:620] Return gradient(): -2131.073122726931
2023-01-19:16:41:24,133 INFO     [psi4.driver.driver:621] [[-0.00001841 -0.00001583  0.0000024 ]
 [ 0.00005492 -0.00011087 -0.00005427]
 [ 0.00000389  0.00005678 -0.00002909]
 [-0.00006604  0.00014477  0.00003915]
 [ 0.0000571  -0.00004674  0.00002059]
 [-0.00001266 -0.00000413  0.00000156]
 [-0.00002625  0.0000375   0.00003252]
 [ 0.00002048 -0.0000367  -0.00008894]
 [-0.00009031  0.00003956 -0.00002613]
 [ 0.00000362  0.00000039  0.00000832]
 [ 0.00003941 -0.00001207 -0.00001735]
 [ 0.00012611 -0.00006525  0.00008445]
 [-0.0000243   0.00000054  0.0000049 ]
 [ 0.00002837  0.00000752  0.00000409]
 [-0.00001664  0.00001136  0.00001429]
 [-0.00006286 -0.00000934  0.0000311 ]
 [-0.00001853  0.00000523  0.00001352]
 [-0.00007027 -0.00005114 -0.00001823]
 [-0.00005673  0.0000112  -0.00009283]
 [ 0.0001039  -0.00007022 -0.00003785]
 [ 0.00002498 -0.0000134   0.00003328]
 [-0.00006376 -0.00000273  0.00000672]
 [-0.00000819  0.00006443  0.00003535]
 [ 0.00001965  0.00003636  0.00000307]
 [ 0.0000504   0.00010951 -0.0000227 ]
 [-0.00000254 -0.00005759  0.0000687 ]
 [ 0.00000781 -0.0000698   0.00004123]
 [-0.00004438 -0.00004286 -0.00001149]
 [-0.00001315  0.00000368 -0.00000908]
 [ 0.00001697  0.00001028 -0.00000259]
 [-0.00005149  0.00009643 -0.0000296 ]
 [-0.00005278 -0.00007956  0.00004893]
 [ 0.0000646   0.00006518 -0.00001691]
 [ 0.00000728  0.00017961 -0.00011545]
 [ 0.00000826  0.000023    0.00005673]
 [-0.00001908 -0.00007521 -0.00000231]
 [ 0.00007927 -0.00006194  0.00002517]
 [-0.00000009  0.00001264  0.00004392]
 [-0.00006182  0.00002516 -0.00000996]
 [-0.00001313  0.00000521 -0.00005609]
 [ 0.00000541 -0.00000333 -0.00001031]
 [-0.00000173  0.00000222  0.00000827]
 [ 0.00001275  0.00001518  0.00000024]
 [ 0.00000822  0.00003053 -0.00001257]
 [-0.00000467 -0.00012065  0.0000542 ]
 [-0.00002948 -0.00010534  0.00005493]
 [ 0.00001615  0.00001599 -0.00009342]
 [ 0.00001102 -0.00001284 -0.00000881]
 [ 0.0000029   0.00001995 -0.00000443]
 [-0.00000546 -0.00000198 -0.00000237]
 [ 0.0000222   0.00001892  0.00003344]
 [-0.00000552  0.00000077  0.0000007 ]
 [-0.00001682 -0.00000299  0.00000177]
 [ 0.00000103 -0.00000314  0.00000029]
 [-0.00000238  0.00000306  0.0000061 ]
 [ 0.00001957  0.00000309  0.00000057]
 [ 0.00000284  0.00000656  0.00000101]
 [ 0.00000059 -0.00000437 -0.0000013 ]
 [ 0.00000465  0.00001556 -0.0000134 ]
 [ 0.0000351   0.00000182  0.00000594]]
2023-01-19:16:41:24,648 INFO     [psi4.driver.task_planner:266] PLANNING Atomic:  keywords={'CART_HESS_READ': 0, 'GEOM_MAXITER': 500, 'SCF__GUESS': 'READ', 'OPTKING__INTRAFRAG_STEP_LIMIT': 0.046875, 'SCF__INTS_TOLERANCE': 1e-12, 'MAXITER': 500, 'function_kwargs': {}}
2023-01-19:16:41:24,651 INFO     [psi4.driver.driver:617] Compute gradient(): method=scf, basis=cc-pvdz, molecule=default, nre=4815.713046460506
2023-01-19:16:42:56,243 INFO     [psi4.driver.driver:620] Return gradient(): -2131.0731240178834
2023-01-19:16:42:56,245 INFO     [psi4.driver.driver:621] [[-0.00004389 -0.00000396  0.00002571]
 [-0.00004855  0.00023665  0.00000627]
 [ 0.0000366  -0.00005448 -0.00003272]
 [ 0.00006194 -0.00025037 -0.00007202]
 [ 0.00002239  0.00008723  0.00005368]
 [-0.000013   -0.00000642  0.00000247]
 [ 0.00003011 -0.00008888  0.00004066]
 [-0.00003318  0.00010439 -0.00004736]
 [-0.00003219 -0.00006011 -0.0000373 ]
 [-0.0000354   0.0000091   0.00001335]
 [ 0.0000217   0.00005596 -0.00003403]
 [ 0.00005597 -0.00002915  0.00005233]
 [-0.00001638  0.00000708  0.00002091]
 [ 0.00001917  0.00000021 -0.00000467]
 [-0.00000379 -0.00001399  0.00000074]
 [-0.00004995 -0.00005339 -0.00002098]
 [-0.00004491 -0.00000051 -0.00005297]
 [-0.00003628 -0.00006792  0.00001883]
 [ 0.00000164  0.00003931 -0.0000241 ]
 [ 0.00002799 -0.00000972  0.0000042 ]
 [ 0.00001833 -0.00003303  0.00002647]
 [ 0.00000321  0.0000386  -0.00000468]
 [-0.00001634  0.00004319  0.00003423]
 [-0.00000352  0.00004508 -0.00000702]
 [ 0.0000346   0.00005429  0.00004856]
 [ 0.00000998 -0.00000929  0.00003849]
 [ 0.00001652 -0.00001448 -0.00002507]
 [-0.00000237 -0.00005126 -0.00004891]
 [-0.00002234  0.00001035  0.0000092 ]
 [ 0.00005226  0.00003397  0.00001659]
 [ 0.00001413 -0.00003361 -0.000008  ]
 [-0.00002674  0.0000214  -0.00009601]
 [ 0.00001214  0.00004344  0.00009798]
 [ 0.00003579 -0.0002447   0.00001943]
 [ 0.00001681  0.00000979  0.00003237]
 [-0.0000679   0.00002761  0.00003145]
 [-0.00012672  0.00009686  0.00003194]
 [ 0.00001189  0.00002651  0.00004796]
 [ 0.00000328 -0.00002029 -0.00004378]
 [ 0.00000825  0.00004879 -0.00006344]
 [ 0.00000527 -0.00000227  0.00000061]
 [-0.00000438  0.00000712  0.00000872]
 [ 0.00002344  0.00001877  0.00000288]
 [ 0.00001124 -0.00000033 -0.00001849]
 [ 0.00000443 -0.00005539 -0.00001786]
 [ 0.00002311  0.00004428  0.0000377 ]
 [ 0.00001935 -0.00002465 -0.00005027]
 [ 0.00000192 -0.00000924  0.00000599]
 [ 0.00001106  0.0000288  -0.00002493]
 [ 0.00000633  0.00000628 -0.00000999]
 [ 0.00000768  0.00001744  0.00002327]
 [-0.00001306 -0.00001192 -0.00000937]
 [-0.00001305 -0.0000041  -0.00000037]
 [ 0.00000099 -0.00000354 -0.00000491]
 [-0.00000198  0.00000346  0.00000448]
 [ 0.00000511  0.0000139  -0.00000336]
 [-0.0000063  -0.00002     0.00001124]
 [ 0.00002146 -0.00000441 -0.00000292]
 [-0.00000207  0.00000517 -0.00000857]
 [ 0.00000815 -0.00000359  0.00000537]]
2023-01-19:16:42:57,39 INFO     [psi4.driver.task_planner:266] PLANNING Atomic:  keywords={'CART_HESS_READ': 0, 'GEOM_MAXITER': 500, 'SCF__GUESS': 'READ', 'OPTKING__INTRAFRAG_STEP_LIMIT': 0.01171875, 'SCF__INTS_TOLERANCE': 1e-12, 'MAXITER': 500, 'function_kwargs': {}}
2023-01-19:16:42:57,42 INFO     [psi4.driver.driver:617] Compute gradient(): method=scf, basis=cc-pvdz, molecule=default, nre=4815.737617005052
2023-01-19:16:44:22,496 INFO     [psi4.driver.driver:620] Return gradient(): -2131.073124878407
2023-01-19:16:44:22,498 INFO     [psi4.driver.driver:621] [[ 0.00001543  0.00001743  0.00001163]
 [ 0.00005407 -0.00014841 -0.00003048]
 [-0.00001209  0.0000397   0.00000123]
 [-0.0000508   0.00011327  0.00000681]
 [ 0.00003051 -0.00004913  0.0000219 ]
 [ 0.00000654  0.00000249  0.0000013 ]
 [-0.00001286  0.00005662  0.000001  ]
 [ 0.0000129  -0.0000509   0.00003375]
 [ 0.00000673  0.0000528   0.00000299]
 [-0.00004898 -0.00003224 -0.00000576]
 [-0.0000173   0.0000067  -0.00003251]
 [-0.00002085  0.00004361  0.00001854]
 [ 0.00001346 -0.00001344 -0.00000202]
 [-0.00000532  0.00000153 -0.00000466]
 [ 0.00000247 -0.00000707 -0.00000254]
 [ 0.00000241 -0.00004631 -0.00002194]
 [-0.00003464  0.0000511  -0.00000357]
 [ 0.00005948  0.00004205  0.00001588]
 [ 0.00001543 -0.00006278  0.00000594]
 [-0.00005288  0.00001325  0.00001676]
 [ 0.00000646  0.00001    -0.00002245]
 [ 0.00001581 -0.00000795  0.00001537]
 [ 0.00000882  0.00000657 -0.00002214]
 [-0.00003386 -0.00002548 -0.00000696]
 [ 0.00000451 -0.00000376 -0.00001297]
 [ 0.00001344  0.0000121   0.00000503]
 [ 0.00000592  0.00000829 -0.00001552]
 [ 0.00003959 -0.0000171   0.00001482]
 [-0.00001917  0.00001028 -0.00000637]
 [ 0.00000149 -0.0000052   0.00000411]
 [-0.000017   -0.00002722  0.00005962]
 [-0.00000525 -0.00000144  0.00000492]
 [ 0.00001429 -0.00001467  0.00002802]
 [ 0.00002954  0.00000473 -0.00001277]
 [-0.00001795  0.00001345 -0.00003697]
 [-0.00003649  0.00004078  0.00002717]
 [-0.00008273  0.00003478  0.00002998]
 [ 0.00005694 -0.00000997  0.00002061]
 [ 0.00003737 -0.00002297 -0.00006727]
 [-0.00001522  0.0000033  -0.00003036]
 [-0.00000739 -0.00000504  0.00001167]
 [-0.00000151 -0.00000107 -0.00000451]
 [ 0.00000169 -0.00000418 -0.00000527]
 [ 0.00000025 -0.00001565  0.00000588]
 [ 0.00002552  0.00002207  0.00000559]
 [-0.00000287 -0.00000707  0.00000508]
 [ 0.00004391  0.00000058 -0.0000118 ]
 [-0.00000266 -0.0000017   0.00000821]
 [-0.00000506  0.00000106 -0.00000312]
 [ 0.00001115  0.00000982  0.00000092]
 [ 0.00000028 -0.00000278 -0.00001446]
 [ 0.00000189 -0.00000385 -0.00000571]
 [ 0.00000773 -0.00000036 -0.00000124]
 [ 0.00000073 -0.0000015  -0.00000421]
 [-0.00000351 -0.00000417 -0.0000035 ]
 [-0.00001882  0.00000194  0.00000021]
 [ 0.0000002  -0.00001481 -0.00000256]
 [ 0.00000444 -0.00000314  0.00000425]
 [-0.00000325  0.00000214  0.00000597]
 [-0.00002292 -0.00001106 -0.00000149]]
2023-01-19:16:44:25,886 INFO     [psi4.driver.task_planner:266] PLANNING Atomic:  keywords={'GEOM_MAXITER': 500, 'SCF__INTS_TOLERANCE': 1e-12, 'MAXITER': 500, 'function_kwargs': {}}
2023-01-19:16:44:25,893 INFO     [psi4.driver.driver:774] Compute properties(): method=scf, basis=6-31g*, molecule=optimized, nre=4815.737617005083
2023-01-19:16:46:47,53 INFO     [psi4.driver.driver:777] Return properties(): -2130.924765200737
2023-01-19:16:46:51,337 INFO     [psi4.driver.task_planner:266] PLANNING Atomic:  keywords={'GEOM_MAXITER': 500, 'SCF__INTS_TOLERANCE': 1e-12, 'MAXITER': 500, 'function_kwargs': {}}
2023-01-19:16:46:51,344 INFO     [psi4.driver.driver:774] Compute properties(): method=scf, basis=6-31g*, molecule=optimized, nre=4815.737617005082
2023-01-19:16:49:16,570 INFO     [psi4.driver.driver:777] Return properties(): -2130.924765195888
