Electrostatic potential parameters
    van der Waals radii (Angstrom):
                                      N   1.500
                                      C   1.500
                                      H   1.200
                                      O   1.400
                                      F   1.350
    VDW scale factors:                1.40  1.60  1.80  2.00
    VDW point density:                1.000
    ESP method:                       scf
    ESP basis set:                    6-31g*

Grid information (see 1_optimized_grid.dat in Angstrom)
    Number of grid points:            2290

Quantum electrostatic potential (see 1_optimized_grid_esp.dat)

Constraints
    Charge constraints
        Total charge of   0.00000000 on the set   6
        Total charge of   0.00000000 on the set  60

Restraint
    Hyperbolic restraint to a charge of zero
    Hydrogen atoms are not restrained
    resp_a:                           0.0005
    resp_b:                           0.1000

Fit

Electrostatic Potential Charges
   Center  Symbol       ESP      RESP
      1    N       0.49061237  0.48819957
      2    C       0.06605625  0.02547689
      3    C      -0.15256496 -0.00863479
      4    C       0.02498033  0.05026749
      5    C       0.17085797  0.06361885
      6    H       0.00000000  0.00000000
      7    O      -0.38427588 -0.37408150
      8    O      -0.38779945 -0.38909739
      9    C       0.13275828 -0.00363404
     10    C      -0.11695907 -0.04742018
     11    C      -0.17144453 -0.20021083
     12    C      -0.10462421 -0.05805960
     13    H       0.14678300  0.16443021
     14    H       0.16599746  0.15423230
     15    H       0.19065838  0.17904825
     16    C      -0.42488429 -0.07690327
     17    C       0.60683167  0.23847299
     18    F      -0.18173363 -0.09223168
     19    F      -0.16065991 -0.07547431
     20    F      -0.18291538 -0.09593234
     21    C       0.71252380  0.34059718
     22    F      -0.18966923 -0.11085470
     23    F      -0.19788943 -0.10487858
     24    F      -0.19441062 -0.10757956
     25    C       0.14607391 -0.06666647
     26    C      -0.12129751 -0.06911040
     27    C      -0.07996480 -0.04810865
     28    C      -0.14600267 -0.05788284
     29    C      -0.06537215 -0.11627266
     30    C      -0.24599726 -0.11303594
     31    C       0.69835908  0.50252421
     32    N      -0.05230466  0.03550006
     33    C       0.56166895  0.45020181
     34    C      -0.42273474 -0.09742941
     35    C       0.18389912 -0.04312118
     36    C      -0.23645491 -0.00710055
     37    C       0.45922238  0.05512157
     38    C      -0.64551531 -0.32558248
     39    C       0.38943223  0.06160891
     40    C       0.08605574  0.04074995
     41    N      -0.29238372 -0.31181351
     42    H       0.15757842  0.16104000
     43    H       0.16548559  0.14041007
     44    H       0.15727859  0.14777419
     45    O      -0.50085658 -0.47683815
     46    O      -0.53008296 -0.47946231
     47    C      -0.38989176 -0.14476178
     48    H       0.10148199  0.05264665
     49    H       0.11227640  0.06509726
     50    H       0.09912152  0.04802423
     51    C      -0.40059846 -0.16998430
     52    H       0.27075634  0.22305896
     53    H       0.05744249  0.00421862
     54    H       0.14790423  0.10040888
     55    H       0.21002368  0.16306809
     56    H       0.02341323  0.04202325
     57    H      -0.00442761  0.01197308
     58    H      -0.08782422 -0.06828261
     59    H       0.33600652  0.33065247
     60    H       0.00000000  0.00000000
Total Charge:     -0.00000000 -0.00000000
