Electrostatic potential parameters
    van der Waals radii (Angstrom):
                                      C   1.500
                                      H   1.200
                                      O   1.400
                                      N   1.500
    VDW scale factors:                1.40  1.60  1.80  2.00
    VDW point density:                1.000
    ESP method:                       scf
    ESP basis set:                    6-31g*

Grid information (see 1_optimized_grid.dat in Angstrom)
    Number of grid points:            2169

Quantum electrostatic potential (see 1_optimized_grid_esp.dat)

Constraints
    Charge constraints
        Total charge of   0.00000000 on the set  58
        Total charge of   0.00000000 on the set  59
        Total charge of   0.00000000 on the set  26
        Total charge of   0.00000000 on the set  24

Restraint
    Hyperbolic restraint to a charge of zero
    Hydrogen atoms are not restrained
    resp_a:                           0.0005
    resp_b:                           0.1000

Fit

Electrostatic Potential Charges
   Center  Symbol       ESP      RESP
      1    C       0.34596147  0.13523948
      2    C      -0.17012531 -0.12467551
      3    C       0.40755253  0.19041634
      4    C      -0.30400079 -0.22696104
      5    C       0.19992682 -0.01798184
      6    C      -0.31204054 -0.19581169
      7    C      -0.95939503 -0.24404186
      8    C       0.26182895  0.13121643
      9    C      -0.20194028 -0.48088855
     10    C       0.36902099  0.42055884
     11    C       0.22606060  0.09449614
     12    H       0.19991132  0.18161551
     13    C       0.83958442  0.10653471
     14    O      -0.38669053 -0.32218972
     15    H       0.22807882  0.25840992
     16    C       0.40190514  0.38036445
     17    C      -0.73747580 -0.63990382
     18    C       0.58831286  0.40258047
     19    C       0.24654080  0.23524492
     20    C      -0.82732979 -0.64044036
     21    C       0.28044423  0.24345544
     22    C       0.77196881  0.68373878
     23    O      -0.48602861 -0.37186071
     24    H       0.00000000  0.00000000
     25    C       0.79225559  0.67589360
     26    H       0.00000000  0.00000000
     27    N      -0.56533627 -0.52670770
     28    N      -0.56419963 -0.53227436
     29    C       0.11171768  0.07797141
     30    C      -0.52187369 -0.13387908
     31    C       0.76523808  0.29141410
     32    H      -0.02003463  0.05494284
     33    H      -0.14666487 -0.08310307
     34    C      -0.42137894 -0.22969622
     35    C      -0.38921561 -0.13496053
     36    H       0.10661044  0.06262640
     37    H       0.10507179  0.06577495
     38    H       0.12780710  0.07992904
     39    H       0.09733615  0.05050637
     40    H       0.08865213  0.02443145
     41    H       0.10693549  0.05205103
     42    C      -0.20620893 -0.07938522
     43    H      -0.27092959 -0.09698259
     44    H      -0.07825663  0.06986644
     45    C      -0.23088310 -0.07985113
     46    C      -0.61933899 -0.42411718
     47    C      -0.40193124 -0.32127988
     48    H       0.18587266  0.13374261
     49    H       0.16995149  0.11647696
     50    H       0.15234044  0.08272568
     51    H       0.12641640  0.07826174
     52    H       0.05275364 -0.00160234
     53    H       0.05512936  0.02885449
     54    H       0.25327011  0.31580754
     55    H       0.23675383  0.28244982
     56    O      -0.02693351 -0.03985159
     57    O      -0.05299782 -0.05915190
     58    H       0.00000000  0.00000000
     59    H       0.00000000  0.00000000
Total Charge:      0.00000000 -0.00000000
