2023-01-17:14:30:39,166 INFO     [psi4.driver.task_planner:266] PLANNING Atomic:  keywords={'function_kwargs': {}}
2023-01-17:14:30:39,169 INFO     [psi4.driver.driver:499] Compute energy(): method=scf, basis=cc-pvdz, molecule=default, nre=1193.9342785863648
2023-01-17:14:31:01,775 INFO     [psi4.driver.driver:502] Return energy(): -914.0849516896585
2023-01-17:14:31:01,821 INFO     [psi4.driver.task_planner:266] PLANNING Atomic:  keywords={'SCF__INTS_TOLERANCE': 1e-12, 'function_kwargs': {}}
2023-01-17:14:31:01,824 INFO     [psi4.driver.driver:617] Compute gradient(): method=scf, basis=cc-pvdz, molecule=default, nre=1193.9342785863648
2023-01-17:14:31:42,80 INFO     [psi4.driver.driver:620] Return gradient(): -914.0849517279078
2023-01-17:14:31:42,83 INFO     [psi4.driver.driver:621] [[ 0.00831176  0.0135666   0.0175696 ]
 [-0.00363734 -0.00256307 -0.00494097]
 [-0.0235933   0.00422943 -0.00238621]
 [-0.00086079  0.01608256  0.001124  ]
 [ 0.01387129 -0.00548351 -0.01528957]
 [ 0.02378301 -0.00298778  0.00214095]
 [-0.00461659  0.00761727 -0.02189465]
 [-0.01380926  0.0055995   0.01524419]
 [-0.00188046 -0.05301048 -0.01077629]
 [ 0.00589501  0.0131907  -0.00715411]
 [-0.01314824 -0.01094801 -0.00902216]
 [ 0.00288922 -0.00142703  0.0057327 ]
 [ 0.01206616  0.03716459  0.02519017]
 [ 0.00947654 -0.01014965  0.01338088]
 [-0.01137637  0.00245614 -0.01768509]
 [-0.00108559  0.02634861 -0.03823187]
 [ 0.01275672  0.00530772  0.01609765]
 [-0.01455825 -0.04230245  0.03037489]
 [ 0.00035358  0.00036502 -0.0015052 ]
 [ 0.00089077  0.00057046  0.00671103]
 [ 0.00290324  0.00077566 -0.00508528]
 [-0.00421804 -0.00155748  0.00196885]
 [-0.00032373 -0.00239396  0.00347515]
 [-0.00037703  0.00226097  0.00078826]
 [-0.00109511 -0.00179905 -0.00647966]
 [-0.00014039  0.00102952  0.00122062]
 [ 0.00102906  0.00152498 -0.00157347]
 [-0.00072507 -0.00352741 -0.0022489 ]
 [-0.00221294 -0.00080971 -0.00291587]
 [-0.00250402 -0.00394666  0.00076933]
 [-0.00216314  0.00355932  0.00421066]
 [ 0.00339532 -0.00350388 -0.00092759]
 [ 0.00200539 -0.00031598  0.00310562]
 [ 0.00104721 -0.00452081  0.00097844]
 [ 0.00101588  0.00545525  0.00236527]
 [ 0.00063551  0.00414262 -0.00433137]]
2023-01-17:14:31:42,797 INFO     [psi4.driver.task_planner:266] PLANNING Atomic:  keywords={'CART_HESS_READ': 0, 'SCF__GUESS': 'READ', 'SCF__INTS_TOLERANCE': 1e-12, 'function_kwargs': {}}
2023-01-17:14:31:42,802 INFO     [psi4.driver.driver:617] Compute gradient(): method=scf, basis=cc-pvdz, molecule=default, nre=1218.9881296074673
2023-01-17:14:32:23,432 INFO     [psi4.driver.driver:620] Return gradient(): -914.1012093621554
2023-01-17:14:32:23,434 INFO     [psi4.driver.driver:621] [[ 0.0098687   0.00267299  0.00597063]
 [-0.0029459  -0.00666997 -0.00346402]
 [-0.01075471  0.00156788 -0.00064618]
 [ 0.00141676  0.00171052  0.0029486 ]
 [ 0.01346258 -0.0055485  -0.00838771]
 [ 0.01069416 -0.00184831  0.0007002 ]
 [-0.00884021  0.00318714 -0.00716545]
 [-0.0139347   0.00274657  0.00895628]
 [-0.00216821 -0.00072308 -0.00303406]
 [-0.00097609  0.00079976 -0.00345861]
 [ 0.00290805  0.00291374  0.00161773]
 [ 0.00085408 -0.00538425  0.00593433]
 [ 0.00227597  0.00359674  0.00311986]
 [-0.0019168   0.00283906 -0.00279681]
 [-0.00117314 -0.00363385 -0.00173167]
 [-0.00120601  0.00265288 -0.00439502]
 [ 0.00005427 -0.00286367  0.00305281]
 [ 0.00201767 -0.00016168  0.00321293]
 [-0.00122964  0.00002218 -0.00150514]
 [-0.00240922 -0.00028224 -0.00166947]
 [ 0.00150535  0.00010157 -0.00145013]
 [-0.0003331   0.00016345  0.00103502]
 [-0.00119155  0.00024373  0.00138477]
 [-0.00121624  0.00087085  0.00099424]
 [ 0.00229214 -0.00037556  0.00180397]
 [ 0.00126736  0.00020337  0.00145654]
 [ 0.00135924 -0.00001928 -0.00116819]
 [ 0.00110883 -0.00070204 -0.00128694]
 [ 0.00038707  0.00056698  0.00013787]
 [-0.00044866 -0.00061481 -0.00011187]
 [-0.00129026  0.00112605  0.00119565]
 [ 0.00029928 -0.00036345 -0.00099108]
 [-0.00018987  0.00055721 -0.00036756]
 [ 0.0002348  -0.00063787  0.00037124]
 [ 0.00080585  0.00082796  0.0013438 ]
 [-0.00058784  0.00045795 -0.00160656]]
2023-01-17:14:32:23,651 INFO     [psi4.driver.task_planner:266] PLANNING Atomic:  keywords={'CART_HESS_READ': 0, 'SCF__GUESS': 'READ', 'SCF__INTS_TOLERANCE': 1e-12, 'function_kwargs': {}}
2023-01-17:14:32:23,654 INFO     [psi4.driver.driver:617] Compute gradient(): method=scf, basis=cc-pvdz, molecule=default, nre=1201.535908667533
2023-01-17:14:32:47,128 INFO     [psi4.driver.driver:620] Return gradient(): -914.1003149578265
2023-01-17:14:32:47,130 INFO     [psi4.driver.driver:621] [[ 0.00218035 -0.00260392 -0.00204823]
 [-0.00132704  0.00053591  0.00245597]
 [-0.00297079  0.00211713  0.00220351]
 [ 0.00096424  0.01089103 -0.0006996 ]
 [ 0.0002421  -0.00197788 -0.00324542]
 [ 0.00333741  0.00003056 -0.00264734]
 [-0.00275799 -0.00076379  0.00274661]
 [-0.00065026 -0.00039164  0.00373188]
 [-0.00443027 -0.02746693 -0.00381817]
 [ 0.00262986  0.0100134  -0.00359585]
 [-0.00095642  0.0002732  -0.00163054]
 [ 0.00126083 -0.00091064 -0.00238453]
 [ 0.00128819  0.01400132  0.0035632 ]
 [ 0.00110377  0.00054572  0.00146818]
 [ 0.00005899  0.00057542 -0.00084436]
 [ 0.00309075  0.01111816 -0.00875304]
 [ 0.00016231  0.0008488   0.0005469 ]
 [-0.00440808 -0.02370742  0.01436769]
 [ 0.00464046  0.00401019 -0.0035134 ]
 [-0.00435773  0.00465664  0.00499053]
 [ 0.00426661 -0.00570393 -0.00492991]
 [-0.00523368 -0.00372688  0.00298522]
 [-0.00068812  0.00083742 -0.00091509]
 [-0.00005318  0.00008386  0.00006846]
 [ 0.00528688  0.00071374 -0.00610065]
 [-0.00286446  0.00631953  0.00138793]
 [ 0.00007176  0.00003062 -0.00009149]
 [ 0.00098249  0.00085779  0.00056602]
 [-0.00192685  0.00183165 -0.00446161]
 [-0.00168087 -0.00784328  0.00379396]
 [-0.00554175 -0.00167315  0.00645351]
 [ 0.00354841 -0.00606003 -0.00097145]
 [ 0.00270357  0.00267527  0.00352991]
 [-0.00118355 -0.00878196 -0.00036613]
 [ 0.00175614  0.00989533  0.00098429]
 [ 0.00145593  0.00874874 -0.00482698]]
2023-01-17:14:32:47,348 INFO     [psi4.driver.task_planner:266] PLANNING Atomic:  keywords={'CART_HESS_READ': 0, 'SCF__GUESS': 'READ', 'SCF__INTS_TOLERANCE': 1e-12, 'function_kwargs': {}}
2023-01-17:14:32:47,352 INFO     [psi4.driver.driver:617] Compute gradient(): method=scf, basis=cc-pvdz, molecule=default, nre=1207.632295086748
2023-01-17:14:33:12,87 INFO     [psi4.driver.driver:620] Return gradient(): -914.1030915389233
2023-01-17:14:33:12,89 INFO     [psi4.driver.driver:621] [[-0.00051863 -0.00180622  0.00071748]
 [-0.00084412  0.00082372 -0.00099237]
 [-0.0000173   0.00100606  0.00039519]
 [ 0.00075142 -0.00153957  0.00187675]
 [-0.00007799 -0.00029128 -0.00076911]
 [ 0.00031296  0.00071392 -0.00075011]
 [-0.00013808 -0.00200439  0.00006734]
 [ 0.00003086  0.00001646  0.00082587]
 [-0.00005499  0.00273095  0.00098438]
 [-0.00131237 -0.00181832 -0.00119216]
 [ 0.0005213   0.00021822  0.00058541]
 [ 0.00112927  0.00082079  0.00065196]
 [ 0.00177811 -0.00074021 -0.00150035]
 [-0.00046504  0.00013519 -0.00066641]
 [-0.00054921 -0.00053878  0.00075817]
 [-0.00186697  0.00054488  0.00156864]
 [ 0.00031335 -0.00093864 -0.00046055]
 [ 0.00088176  0.00194634 -0.00195863]
 [-0.00006956 -0.0002854  -0.00010388]
 [ 0.00013795 -0.00065439 -0.00031328]
 [ 0.00007335  0.00059089  0.00122428]
 [ 0.00045958  0.00051323 -0.00063064]
 [-0.00065565  0.0007807  -0.00024525]
 [-0.00020116 -0.00019651  0.0003059 ]
 [-0.00032296 -0.00040247  0.00053364]
 [-0.00001651 -0.00023331  0.0002091 ]
 [ 0.00010646 -0.00035165 -0.00019252]
 [ 0.000887    0.00055956 -0.0000312 ]
 [ 0.00012705  0.00008672  0.00028186]
 [ 0.00013857  0.000517   -0.00023503]
 [ 0.00004238  0.00006543 -0.00136224]
 [-0.00023089  0.00083929  0.00035468]
 [-0.00010941  0.00001055 -0.00029553]
 [ 0.00005087  0.00058045  0.00000751]
 [-0.00016002 -0.00088895 -0.00003086]
 [-0.00013135 -0.00081025  0.00038196]]
2023-01-17:14:33:12,375 INFO     [psi4.driver.task_planner:266] PLANNING Atomic:  keywords={'CART_HESS_READ': 0, 'SCF__GUESS': 'READ', 'SCF__INTS_TOLERANCE': 1e-12, 'function_kwargs': {}}
2023-01-17:14:33:12,379 INFO     [psi4.driver.driver:617] Compute gradient(): method=scf, basis=cc-pvdz, molecule=default, nre=1210.8547200689268
2023-01-17:14:33:35,430 INFO     [psi4.driver.driver:620] Return gradient(): -914.1023582220528
2023-01-17:14:33:35,431 INFO     [psi4.driver.driver:621] [[-0.00292789  0.00056368 -0.00004092]
 [-0.00028265  0.00027419 -0.00077733]
 [ 0.00179706 -0.00052225 -0.00144989]
 [ 0.00367077  0.00061365 -0.00243347]
 [-0.00218341  0.00114077  0.0015858 ]
 [-0.00175487  0.00067912  0.00142037]
 [ 0.00295024 -0.0004305   0.00001045]
 [ 0.00232011 -0.00032467 -0.00175488]
 [ 0.00430837 -0.00240125 -0.00296405]
 [-0.00318414  0.00269633  0.0018171 ]
 [-0.00200776 -0.00240146 -0.00057041]
 [ 0.00039997  0.00044216  0.00062847]
 [-0.01236527  0.00168897  0.00674252]
 [ 0.00114614 -0.00246321  0.00156359]
 [ 0.00352929  0.00224767 -0.00310816]
 [ 0.01207728 -0.00521525 -0.00620519]
 [-0.00246813  0.00435462  0.00182515]
 [-0.00475317  0.00046502  0.00346104]
 [ 0.00094987  0.00050234  0.00008677]
 [ 0.00088347 -0.00025914  0.00033473]
 [-0.00020516 -0.00048287  0.00034777]
 [-0.00008567 -0.00025182 -0.00048623]
 [ 0.00017597 -0.00008362 -0.00001938]
 [ 0.00004821 -0.00032076 -0.00012905]
 [-0.00093765 -0.00006791 -0.00026192]
 [-0.00074912  0.0007136  -0.00033661]
 [-0.00013948 -0.00021105  0.00024009]
 [-0.00019179 -0.00000913  0.00003646]
 [-0.00108852 -0.00006535 -0.00229409]
 [-0.00007478 -0.00060276  0.00060086]
 [ 0.00001076 -0.00062031 -0.00011652]
 [ 0.00004015 -0.0000678   0.00055013]
 [ 0.00113193  0.00046561  0.00216178]
 [-0.00016206 -0.00077075 -0.00031176]
 [ 0.00001287  0.00035631 -0.00013215]
 [ 0.00010902  0.00036782 -0.00002106]]
2023-01-17:14:33:35,545 INFO     [psi4.driver.task_planner:266] PLANNING Atomic:  keywords={'CART_HESS_READ': 0, 'SCF__GUESS': 'READ', 'SCF__INTS_TOLERANCE': 1e-12, 'function_kwargs': {}}
2023-01-17:14:33:35,548 INFO     [psi4.driver.driver:617] Compute gradient(): method=scf, basis=cc-pvdz, molecule=default, nre=1213.1445057018075
2023-01-17:14:33:58,424 INFO     [psi4.driver.driver:620] Return gradient(): -914.1033000050313
2023-01-17:14:33:58,426 INFO     [psi4.driver.driver:621] [[-0.00205156 -0.00016013 -0.00079401]
 [ 0.00003604  0.00050502 -0.00032657]
 [ 0.00272884 -0.00037675  0.00020512]
 [-0.00025657  0.00040763 -0.00018192]
 [-0.00184421  0.00081002  0.00128229]
 [-0.00270972  0.00047049 -0.00022418]
 [ 0.00193633 -0.00049053  0.00092492]
 [ 0.00191503 -0.00038387 -0.00136808]
 [ 0.00031284  0.00008702  0.00084334]
 [ 0.00039403  0.00034689  0.00002859]
 [-0.00019034 -0.00024905 -0.00014753]
 [ 0.00015166  0.00057205  0.0001051 ]
 [-0.00063852 -0.00044538 -0.00190236]
 [ 0.00010846 -0.00022807  0.00024273]
 [ 0.00034931  0.00027014  0.00071966]
 [ 0.00058945  0.00016327  0.00198276]
 [-0.00029601  0.00004893 -0.0007902 ]
 [-0.00032991 -0.00015896 -0.00084375]
 [ 0.00023296  0.00015219 -0.0000096 ]
 [ 0.00026397  0.00003184  0.00053097]
 [ 0.00001348 -0.00036693  0.00012265]
 [-0.00003129 -0.00012626 -0.00009631]
 [ 0.00016562 -0.00011556 -0.00004604]
 [ 0.00002505 -0.0002463  -0.00015209]
 [-0.00027356 -0.00009165 -0.00051811]
 [-0.00017057  0.00021064 -0.00006465]
 [-0.00009228 -0.00014628  0.00023296]
 [-0.00018926 -0.00002903  0.000075  ]
 [-0.00020595 -0.00002823 -0.00022983]
 [ 0.00004424 -0.00013171  0.00015531]
 [-0.00013984 -0.00036048  0.00002724]
 [-0.00000461 -0.00008253  0.00013927]
 [ 0.00019767  0.0000015   0.00023263]
 [-0.00009439 -0.00015816 -0.00009604]
 [-0.00009632  0.00014268 -0.00016312]
 [ 0.00014994  0.00015558  0.00010387]]
2023-01-17:14:33:58,636 INFO     [psi4.driver.task_planner:266] PLANNING Atomic:  keywords={'CART_HESS_READ': 0, 'SCF__GUESS': 'READ', 'SCF__INTS_TOLERANCE': 1e-12, 'function_kwargs': {}}
2023-01-17:14:33:58,639 INFO     [psi4.driver.driver:617] Compute gradient(): method=scf, basis=cc-pvdz, molecule=default, nre=1211.4042298402178
2023-01-17:14:34:22,258 INFO     [psi4.driver.driver:620] Return gradient(): -914.1028868065154
2023-01-17:14:34:22,261 INFO     [psi4.driver.driver:621] [[-0.00024115  0.00037962 -0.00086122]
 [ 0.00126405 -0.00081195  0.00092435]
 [-0.00137118  0.00050876  0.00037563]
 [ 0.00089685  0.00506818 -0.00113587]
 [ 0.00092655 -0.00068975 -0.00019611]
 [ 0.00143208 -0.00014402 -0.00045135]
 [ 0.00040821  0.00058021  0.00066586]
 [-0.0010827  -0.00022303  0.00038386]
 [-0.00442449 -0.01197474 -0.00170651]
 [ 0.00084892  0.00510917 -0.00095935]
 [-0.00042601  0.00104455 -0.00103652]
 [-0.00151884 -0.00065024 -0.00062341]
 [ 0.00240849  0.00638825  0.00193645]
 [ 0.00081025  0.00114957  0.00059468]
 [-0.00011199 -0.00032099 -0.00048833]
 [-0.00033215  0.00554982 -0.00439743]
 [ 0.00002194 -0.00014625  0.00058042]
 [ 0.00043764 -0.01111679  0.00645712]
 [ 0.00274128  0.0010921  -0.00102357]
 [-0.00137129  0.00214145  0.00128947]
 [ 0.00128511 -0.00259102 -0.00172268]
 [-0.00342272 -0.00117008  0.00143029]
 [-0.00006407 -0.00054824 -0.00025975]
 [ 0.00070307  0.00036109 -0.00005761]
 [ 0.00190003  0.00091883 -0.00192285]
 [-0.0021733   0.00222097  0.00034296]
 [-0.00054457  0.00056012 -0.00013257]
 [-0.00009906 -0.00039588  0.00045487]
 [-0.00038977  0.00048028 -0.00078914]
 [-0.00007798 -0.00363045  0.00164763]
 [-0.00193418 -0.00116963  0.0024993 ]
 [ 0.00276626 -0.00266469 -0.00064322]
 [ 0.00057658  0.00059354  0.00056906]
 [-0.00120073 -0.00379875 -0.00011769]
 [ 0.00142417  0.00405292  0.00031851]
 [-0.0000653   0.00384708 -0.00194526]]
2023-01-17:14:34:22,511 INFO     [psi4.driver.task_planner:266] PLANNING Atomic:  keywords={'CART_HESS_READ': 0, 'SCF__GUESS': 'READ', 'SCF__INTS_TOLERANCE': 1e-12, 'function_kwargs': {}}
2023-01-17:14:34:22,516 INFO     [psi4.driver.driver:617] Compute gradient(): method=scf, basis=cc-pvdz, molecule=default, nre=1212.77678427296
2023-01-17:14:34:45,67 INFO     [psi4.driver.driver:620] Return gradient(): -914.1033650101967
2023-01-17:14:34:45,70 INFO     [psi4.driver.driver:621] [[-0.00003745  0.00041169 -0.00012884]
 [ 0.00016413 -0.00059639 -0.00004879]
 [ 0.00009234  0.00049538 -0.00010955]
 [-0.00023611  0.00011855 -0.00013309]
 [ 0.00030087 -0.00018375  0.00013915]
 [ 0.00007931  0.00050066 -0.00009538]
 [ 0.00017709  0.00039323 -0.00003684]
 [-0.00035217 -0.00011513 -0.00007776]
 [ 0.00005921  0.00001337  0.00005852]
 [ 0.00026734  0.00007458  0.00009157]
 [-0.00026354 -0.00033291 -0.00019186]
 [-0.00034548 -0.00044409  0.00026372]
 [-0.0001343   0.00012465 -0.00021368]
 [ 0.00015608 -0.00030268  0.00032586]
 [-0.00002006  0.00017019 -0.00014709]
 [ 0.00018923  0.00015233  0.00016323]
 [ 0.00007932  0.00019018  0.00006919]
 [-0.00005738  0.00001001 -0.00006519]
 [-0.00015546  0.00003324  0.00003509]
 [ 0.00001228 -0.00028429 -0.00027086]
 [-0.0000971   0.00014252  0.00023088]
 [ 0.00012734  0.00003071  0.00010949]
 [-0.00014537 -0.00025777 -0.00012585]
 [ 0.00029851  0.00001256  0.00004324]
 [-0.00008434 -0.000138    0.00035692]
 [ 0.00015392 -0.00003376 -0.00003442]
 [-0.00028077  0.00008987 -0.00006458]
 [ 0.00006241 -0.00022192  0.00022486]
 [ 0.00001607 -0.0001189   0.00008073]
 [-0.00001991  0.00028683 -0.00016686]
 [ 0.00012137  0.00000308 -0.00026002]
 [-0.00011525  0.00002362 -0.00012175]
 [-0.00006043 -0.0001287  -0.00003244]
 [ 0.00012205  0.00030665  0.00004478]
 [-0.0000768  -0.00021895 -0.00001613]
 [ 0.00000305 -0.00020668  0.00010376]]
2023-01-17:14:34:45,319 INFO     [psi4.driver.task_planner:266] PLANNING Atomic:  keywords={'CART_HESS_READ': 0, 'SCF__GUESS': 'READ', 'SCF__INTS_TOLERANCE': 1e-12, 'function_kwargs': {}}
2023-01-17:14:34:45,322 INFO     [psi4.driver.driver:617] Compute gradient(): method=scf, basis=cc-pvdz, molecule=default, nre=1215.031743364363
2023-01-17:14:35:10,102 INFO     [psi4.driver.driver:620] Return gradient(): -914.1030230096104
2023-01-17:14:35:10,105 INFO     [psi4.driver.driver:621] [[ 0.00278688 -0.00023171  0.00072426]
 [ 0.0001937  -0.00147226  0.00052061]
 [-0.00425429  0.00066198  0.00003027]
 [ 0.00011472 -0.00033716  0.00039065]
 [ 0.00369057 -0.00052406 -0.00197572]
 [ 0.00422522 -0.00080339 -0.00000158]
 [-0.00274921  0.00041265 -0.0007569 ]
 [-0.00352004  0.00149202  0.00177328]
 [-0.00074583 -0.00039891 -0.00113343]
 [-0.00025562 -0.00042477 -0.00024326]
 [ 0.0001191   0.00024323  0.00008611]
 [-0.00069523 -0.00140866  0.00007396]
 [ 0.00139332  0.00087844  0.0022291 ]
 [-0.00003483  0.00021749 -0.00017158]
 [-0.00070954 -0.00026652 -0.00103462]
 [-0.00118345  0.00033124 -0.00249313]
 [ 0.00065365 -0.00004671  0.00109833]
 [ 0.0006603  -0.00013005  0.00125634]
 [-0.00048839 -0.00007388 -0.00008419]
 [-0.00062638 -0.00032073 -0.00118405]
 [-0.00001608  0.00054289  0.0001913 ]
 [ 0.00009294  0.00013657  0.00033008]
 [ 0.00053461 -0.00004834  0.00011282]
 [-0.00070256  0.00069563 -0.000428  ]
 [ 0.00056673 -0.00002407  0.0012528 ]
 [ 0.00044196 -0.00018819  0.00013821]
 [ 0.00091474  0.00053966  0.00017331]
 [-0.00053044  0.00008615 -0.00011874]
 [ 0.00039864 -0.0000281   0.00051447]
 [-0.00016878  0.00039377 -0.00040809]
 [ 0.00017769  0.00039124 -0.00038321]
 [-0.00006332  0.00001973 -0.00036354]
 [-0.00041624 -0.00009883 -0.00048476]
 [ 0.0003126   0.00044226  0.00023627]
 [ 0.00006652 -0.0003191   0.0002229 ]
 [-0.00018368 -0.00033949 -0.00009025]]
2023-01-17:14:35:10,297 INFO     [psi4.driver.task_planner:266] PLANNING Atomic:  keywords={'CART_HESS_READ': 0, 'SCF__GUESS': 'READ', 'SCF__INTS_TOLERANCE': 1e-12, 'function_kwargs': {}}
2023-01-17:14:35:10,300 INFO     [psi4.driver.driver:617] Compute gradient(): method=scf, basis=cc-pvdz, molecule=default, nre=1213.453301309949
2023-01-17:14:35:34,984 INFO     [psi4.driver.driver:620] Return gradient(): -914.1033910097777
2023-01-17:14:35:34,987 INFO     [psi4.driver.driver:621] [[ 0.00003831  0.00000253  0.00009071]
 [ 0.00011154 -0.00008362 -0.00004047]
 [-0.00019997  0.00007389  0.00009059]
 [ 0.00009196  0.00001664  0.00005832]
 [ 0.00034239 -0.00018833  0.00006659]
 [ 0.00020641 -0.00003484 -0.00009876]
 [-0.00004093 -0.00002064 -0.00008643]
 [-0.00038807 -0.00007845 -0.00001198]
 [-0.00005591 -0.00000766 -0.00010659]
 [-0.00008777  0.00001988 -0.00006689]
 [ 0.00010394  0.00013543  0.00007566]
 [-0.00012894 -0.00002053  0.00006275]
 [ 0.000107    0.00004024  0.00022647]
 [-0.00005939  0.0001228  -0.00012872]
 [-0.00004121 -0.00008187 -0.00004619]
 [-0.00010135 -0.00001866 -0.00023392]
 [ 0.0000157  -0.00006306  0.00007704]
 [ 0.00005739  0.00001578  0.00010719]
 [ 0.00002075 -0.00008738 -0.0000038 ]
 [-0.00004459 -0.00002309 -0.00002256]
 [-0.00002639  0.00002387  0.00004247]
 [-0.00005192  0.00000585 -0.00001605]
 [ 0.00002147  0.00006808 -0.00009835]
 [-0.00010319  0.00013637  0.00005405]
 [ 0.0000361  -0.00002563  0.00003263]
 [-0.0000474  -0.00006751  0.00003558]
 [ 0.00013762  0.00006404 -0.00009526]
 [ 0.00000794  0.00010361  0.00006315]
 [ 0.00002376  0.00000738  0.00002486]
 [-0.0000165  -0.00002549 -0.00001142]
 [ 0.00002997 -0.00000408 -0.00004692]
 [ 0.00005172 -0.00000532  0.000016  ]
 [-0.00002137  0.00000409 -0.00002687]
 [ 0.000008   -0.00002306  0.00002134]
 [ 0.00002007  0.00001058  0.00001932]
 [-0.00001712  0.00000816 -0.00002354]]
2023-01-17:14:35:35,199 INFO     [psi4.driver.task_planner:266] PLANNING Atomic:  keywords={'CART_HESS_READ': 0, 'SCF__GUESS': 'READ', 'SCF__INTS_TOLERANCE': 1e-12, 'function_kwargs': {}}
2023-01-17:14:35:35,202 INFO     [psi4.driver.driver:617] Compute gradient(): method=scf, basis=cc-pvdz, molecule=default, nre=1213.4960653312671
2023-01-17:14:35:56,566 INFO     [psi4.driver.driver:620] Return gradient(): -914.1033987813414
2023-01-17:14:35:56,568 INFO     [psi4.driver.driver:621] [[-0.00001471 -0.00002942 -0.0000444 ]
 [ 0.00001524  0.00000036  0.00003633]
 [-0.00008092  0.00004792  0.00004973]
 [ 0.00004321  0.00003273  0.00000348]
 [ 0.00004735  0.00001937 -0.00002109]
 [ 0.00008835 -0.00000359 -0.00005884]
 [ 0.00000757 -0.00001318  0.0000531 ]
 [-0.0000371   0.00004009  0.00000884]
 [-0.00004787 -0.00008306 -0.00003959]
 [-0.00002817  0.00003923 -0.00002124]
 [ 0.00002486  0.00004347  0.00001114]
 [-0.00001625 -0.00000867 -0.00003421]
 [ 0.000065    0.00003642  0.00008382]
 [-0.00001018  0.00004204 -0.0000291 ]
 [-0.00002075 -0.00001445 -0.00001411]
 [-0.0000652   0.00002454 -0.00008799]
 [ 0.00001943 -0.00001364  0.00001751]
 [ 0.00002535 -0.00007415  0.00006914]
 [ 0.00006014 -0.00000392 -0.00001104]
 [-0.000038    0.00002042  0.00001064]
 [ 0.00001532 -0.00002321 -0.00001689]
 [-0.00005265 -0.0000278   0.00000698]
 [-0.00001928 -0.00003193  0.00000069]
 [ 0.0000287   0.00002291 -0.00002731]
 [ 0.00004161  0.00000133 -0.00001501]
 [-0.00005728  0.00002005  0.00000763]
 [-0.00001791  0.00003942  0.00001447]
 [ 0.00000792 -0.00003406  0.00001283]
 [-0.00001175  0.00000422 -0.00001615]
 [-0.00000437 -0.00004892  0.00001597]
 [-0.00002081 -0.00000865  0.00002316]
 [ 0.00004025 -0.00004352  0.00000782]
 [ 0.00001317  0.00000614  0.0000143 ]
 [-0.0000126  -0.00004996  0.00000422]
 [ 0.00001799  0.00003645  0.00000575]
 [-0.00000566  0.00003502 -0.00002057]]
2023-01-17:14:35:56,703 INFO     [psi4.driver.task_planner:266] PLANNING Atomic:  keywords={'CART_HESS_READ': 0, 'SCF__GUESS': 'READ', 'SCF__INTS_TOLERANCE': 1e-12, 'function_kwargs': {}}
2023-01-17:14:35:56,708 INFO     [psi4.driver.driver:617] Compute gradient(): method=scf, basis=cc-pvdz, molecule=default, nre=1213.470223817422
2023-01-17:14:36:17,232 INFO     [psi4.driver.driver:620] Return gradient(): -914.1033990044107
2023-01-17:14:36:17,235 INFO     [psi4.driver.driver:621] [[ 0.00001171  0.00002806  0.00000747]
 [ 0.00001422 -0.00002864 -0.00001102]
 [-0.00001152  0.00001537 -0.0000059 ]
 [-0.00003696  0.00003851 -0.00001022]
 [ 0.00002672 -0.0000302  -0.00001584]
 [ 0.00001625  0.00001199  0.0000002 ]
 [-0.00000322  0.00002531 -0.00001773]
 [-0.00003373 -0.00001142  0.00002422]
 [-0.00001987 -0.00000663  0.00001873]
 [ 0.00002386  0.00003326  0.00001514]
 [-0.00001007 -0.00001109 -0.00000592]
 [-0.00002211 -0.00001597  0.00002033]
 [ 0.00004944 -0.00001683 -0.00002114]
 [ 0.00000518 -0.00001036  0.00001145]
 [-0.00002037  0.00001074 -0.00001412]
 [ 0.00003254 -0.00001846 -0.00004119]
 [-0.00000273  0.00001685  0.00003063]
 [-0.00001711 -0.00000818  0.00001156]
 [-0.0000073  -0.00000215 -0.00000102]
 [ 0.00000251 -0.00000863 -0.00000611]
 [-0.0000024   0.00000163  0.00000535]
 [ 0.00000642  0.00000206  0.00001196]
 [ 0.00000582 -0.00000173 -0.00000299]
 [-0.00000243  0.00000749  0.00001856]
 [-0.00000474 -0.00000447  0.00000874]
 [ 0.00000635 -0.00000363  0.0000023 ]
 [ 0.00000343 -0.0000014  -0.00001983]
 [-0.0000059   0.0000015   0.00000313]
 [ 0.00000508 -0.00000593  0.00000326]
 [-0.00000366  0.00000798 -0.00000701]
 [ 0.00000288 -0.00000141 -0.00000452]
 [-0.00000694 -0.00000083 -0.00001291]
 [-0.00000411 -0.00000571 -0.00000325]
 [ 0.00000571  0.00000864  0.00000431]
 [-0.00000298 -0.00000786  0.00000026]
 [ 0.00000003 -0.00000785  0.0000031 ]]
