Electrostatic potential parameters
    van der Waals radii (Angstrom):
                                      C   1.500
                                      H   1.200
                                      O   1.400
    VDW scale factors:                1.40  1.60  1.80  2.00
    VDW point density:                1.000
    ESP method:                       scf
    ESP basis set:                    6-31g*

Grid information (see 1_optimized_grid.dat in Angstrom)
    Number of grid points:            2123

Quantum electrostatic potential (see 1_optimized_grid_esp.dat)

Constraints
    Charge constraints
        Total charge of   0.00000000 on the set  24
        Total charge of   0.00000000 on the set  64

Restraint
    Hyperbolic restraint to a charge of zero
    Hydrogen atoms are not restrained
    resp_a:                           0.0005
    resp_b:                           0.1000

Fit

Electrostatic Potential Charges
   Center  Symbol       ESP      RESP
      1    C      -0.52458175 -0.21884240
      2    C       0.89394444  0.68590986
      3    H       0.16083004  0.08666813
      4    H       0.14254498  0.07184627
      5    H       0.13571054  0.06237141
      6    O      -0.39322341 -0.29114492
      7    C       0.06120278 -0.01599294
      8    O      -0.62022961 -0.55598468
      9    C       0.94980704  0.65222279
     10    H       0.16221333  0.06250392
     11    O      -0.66736273 -0.58301870
     12    C      -0.57024794 -0.16876377
     13    H       0.15015910  0.06284580
     14    O      -0.44604956 -0.26474720
     15    H       0.18067292  0.07321561
     16    C       0.13051978 -0.01583559
     17    C       0.13438124  0.04453110
     18    C       0.48399965  0.34130901
     19    C       0.11990091  0.13289165
     20    O      -0.81339412 -0.74434970
     21    H      -0.05987244 -0.00271996
     22    C       0.01337317 -0.00840263
     23    O      -0.29546929 -0.23969766
     24    H       0.00000000  0.00000000
     25    H       0.06447959  0.08967188
     26    H       0.07208581  0.08839575
     27    H       0.04545739  0.05623014
     28    H       0.07607794  0.12595527
     29    H       0.48804384  0.45679750
     30    H       0.25002637  0.19808477
     31    H       0.10082119  0.09546920
     32    C      -0.47572305 -0.30887678
     33    H       0.46411202  0.42695778
     34    O      -0.09932784 -0.12806717
     35    C      -0.03570119  0.00570102
     36    H       0.34800592  0.23939441
     37    O      -0.53804066 -0.48496002
     38    C       0.33790269 -0.00340888
     39    C       0.48160787  0.35252531
     40    O      -0.77386606 -0.66565876
     41    C      -0.98728055 -0.51033073
     42    C       0.43510018  0.24095256
     43    O       0.16864672  0.01526187
     44    O       0.17365509  0.17650624
     45    H       0.14676855  0.09020530
     46    C      -0.41227511 -0.19747567
     47    C       0.21442369 -0.03904108
     48    H       0.08688760  0.14411721
     49    H       0.15001780  0.10460631
     50    H       0.04566252  0.11194280
     51    H       0.12534429  0.16085332
     52    H       0.11962473  0.06930615
     53    O      -0.58525203 -0.43285710
     54    H       0.13218533  0.04239503
     55    C       1.03082708  0.75376413
     56    C      -0.55868521 -0.12209818
     57    H       0.16691309  0.03049293
     58    O      -0.62785957 -0.56258270
     59    H       0.14462652  0.04827240
     60    O      -0.31556525 -0.19154470
     61    H       0.08156723  0.13062656
     62    H       0.00232021  0.01523551
     63    H       0.12755618  0.21036501
     64    H       0.00000000  0.00000000
Total Charge:      0.00000000  0.00000000
