2023-01-18:17:41:37,593 INFO     [psi4.driver.task_planner:266] PLANNING Atomic:  keywords={'GEOM_MAXITER': 500, 'SCF__INTS_TOLERANCE': 1e-12, 'MAXITER': 500, 'function_kwargs': {}}
2023-01-18:17:41:37,596 INFO     [psi4.driver.driver:617] Compute gradient(): method=scf, basis=cc-pvdz, molecule=default, nre=1949.2137267192395
2023-01-18:17:42:05,361 INFO     [psi4.driver.driver:620] Return gradient(): -1436.639388206647
2023-01-18:17:42:05,362 INFO     [psi4.driver.driver:621] [[-0.03959282 -0.0301616  -0.02029078]
 [ 0.04958953  0.02018342  0.02064387]
 [-0.0095021  -0.00993493 -0.01517624]
 [-0.00307106  0.02146627  0.00506898]
 [-0.02007711  0.0004545  -0.00772107]
 [ 0.007964    0.04019394  0.01762076]
 [-0.03152178  0.05376843  0.00770255]
 [ 0.02340254 -0.01099844 -0.01546714]
 [ 0.03534917 -0.07897811  0.00019834]
 [-0.00353481 -0.02191004 -0.0038583 ]
 [-0.01556412 -0.00785386 -0.00339924]
 [ 0.00046198  0.02159218  0.02157518]
 [ 0.00879774 -0.00988705  0.00467304]
 [-0.00362725 -0.000706    0.00639504]
 [-0.01364268 -0.00170796 -0.00372933]
 [-0.00284839  0.00281674 -0.01038032]
 [-0.00942259 -0.00186276 -0.00639359]
 [-0.00054367  0.0042996  -0.00236467]
 [-0.00047299 -0.00179887 -0.0024875 ]
 [ 0.00003654 -0.00886642 -0.00299078]
 [-0.00273544 -0.00431862 -0.00020346]
 [-0.0081124  -0.00868357 -0.00412344]
 [-0.0055944  -0.00312293 -0.00086432]
 [ 0.00821025 -0.00116791  0.00564354]
 [-0.05884401 -0.01263687 -0.02638921]
 [ 0.00696721  0.00279392  0.00369183]
 [-0.00437816 -0.00196553 -0.00284995]
 [ 0.00456239  0.00340159  0.00056639]
 [ 0.00075903  0.00529133  0.00133547]
 [ 0.00195435 -0.003734    0.00023381]
 [ 0.01643043  0.11721916  0.00759802]
 [-0.01955468 -0.06413608 -0.0101959 ]
 [ 0.06315866  0.00162986  0.02914184]
 [ 0.00157141  0.00917138 -0.00127692]
 [ 0.00475877 -0.01216163 -0.00039385]
 [ 0.01866645 -0.00768914  0.00846732]]
2023-01-18:17:42:05,822 INFO     [psi4.driver.task_planner:266] PLANNING Atomic:  keywords={'CART_HESS_READ': 0, 'GEOM_MAXITER': 500, 'SCF__GUESS': 'READ', 'SCF__INTS_TOLERANCE': 1e-12, 'MAXITER': 500, 'function_kwargs': {}}
2023-01-18:17:42:05,825 INFO     [psi4.driver.driver:617] Compute gradient(): method=scf, basis=cc-pvdz, molecule=default, nre=1980.812356421796
2023-01-18:17:42:31,842 INFO     [psi4.driver.driver:620] Return gradient(): -1436.7118217408392
2023-01-18:17:42:31,844 INFO     [psi4.driver.driver:621] [[-0.01427777 -0.00564809 -0.008807  ]
 [ 0.01967287  0.00874191  0.00890453]
 [-0.00171279 -0.00455917 -0.00919704]
 [ 0.00885171  0.00879631  0.00608088]
 [ 0.00341677 -0.0167167   0.00008294]
 [-0.00651043  0.01061663  0.00642377]
 [-0.00834817  0.01112476  0.00528018]
 [ 0.01202456  0.00025955 -0.00901624]
 [ 0.00544855 -0.01279318  0.00195951]
 [-0.00077645 -0.00878855 -0.00260915]
 [-0.01056076 -0.00091972 -0.00187033]
 [ 0.0000499   0.01218241  0.01358962]
 [-0.00036451  0.00547575 -0.00042256]
 [-0.00129487  0.00080106  0.00117604]
 [-0.004237    0.00051064 -0.00144236]
 [-0.00066504 -0.00194717 -0.00247582]
 [-0.00211989 -0.00040189 -0.00345963]
 [-0.00207774  0.00135071 -0.00073723]
 [ 0.00208911 -0.00199582 -0.00039106]
 [-0.00007968 -0.00126993 -0.00012153]
 [-0.00137803 -0.00256056 -0.00126799]
 [-0.00306988 -0.00600802 -0.00266971]
 [-0.00374717 -0.00505924  0.00075708]
 [-0.00275739 -0.00206919  0.00027079]
 [-0.03262988 -0.00875201 -0.01353299]
 [ 0.00628923  0.0068537   0.00314307]
 [ 0.0044372   0.00732939  0.00076915]
 [ 0.00323899  0.00272001 -0.00001086]
 [-0.00074597  0.00122389  0.00048949]
 [ 0.00218018 -0.00263203  0.00032812]
 [ 0.0132209   0.05332269  0.00407127]
 [ 0.00111847 -0.00408097  0.00037367]
 [ 0.00714575 -0.03827554  0.00331861]
 [ 0.00236984  0.00219526 -0.00070095]
 [ 0.00331669 -0.0031046   0.00055118]
 [ 0.00248269 -0.00592228  0.00116254]]
2023-01-18:17:42:32,213 INFO     [psi4.driver.task_planner:266] PLANNING Atomic:  keywords={'CART_HESS_READ': 0, 'GEOM_MAXITER': 500, 'SCF__GUESS': 'READ', 'OPTKING__INTRAFRAG_STEP_LIMIT': 1.0, 'SCF__INTS_TOLERANCE': 1e-12, 'MAXITER': 500, 'function_kwargs': {}}
2023-01-18:17:42:32,216 INFO     [psi4.driver.driver:617] Compute gradient(): method=scf, basis=cc-pvdz, molecule=default, nre=1986.7997247273254
2023-01-18:17:42:57,964 INFO     [psi4.driver.driver:620] Return gradient(): -1436.7264288739555
2023-01-18:17:42:57,965 INFO     [psi4.driver.driver:621] [[ 0.00029994 -0.00236591 -0.0002447 ]
 [ 0.00430936  0.00233249  0.00095342]
 [-0.00028112 -0.00019062  0.00226521]
 [ 0.0031294   0.00547048 -0.00037636]
 [ 0.00103724 -0.01229536  0.00130007]
 [-0.00225004 -0.0011073  -0.00525769]
 [ 0.00247048 -0.00734271 -0.00203135]
 [ 0.00143623 -0.0036743   0.00037276]
 [-0.00244803  0.00792817  0.00380443]
 [ 0.00047876 -0.00123989 -0.00162776]
 [-0.00499366  0.00116825  0.00217772]
 [ 0.00038571  0.00546625  0.00367459]
 [-0.00015525  0.00853364  0.00242581]
 [-0.00031887  0.00036286 -0.00141768]
 [ 0.00110069 -0.00051017  0.00056653]
 [ 0.00077165 -0.00190343 -0.00015067]
 [-0.0015101   0.00199414 -0.00196719]
 [-0.00080398 -0.00046321 -0.00128969]
 [ 0.00070187  0.00023939  0.00029307]
 [ 0.00054425  0.00024084 -0.00004176]
 [-0.0003279  -0.0012827  -0.00033733]
 [ 0.0001375  -0.00278644 -0.00144208]
 [-0.00835208 -0.00036146 -0.00012007]
 [ 0.00116059  0.0018529   0.00074727]
 [ 0.01032179 -0.00460776  0.00516253]
 [-0.00420917  0.00339665 -0.00151445]
 [ 0.00084452 -0.00000097 -0.00143005]
 [ 0.00202395 -0.00055643  0.0007301 ]
 [-0.00042085 -0.00047689  0.00042411]
 [ 0.00072817 -0.00032257  0.00003336]
 [-0.00467825 -0.01522565 -0.00146556]
 [ 0.00480064  0.01140939  0.00149781]
 [-0.00703455  0.00399542 -0.00379943]
 [ 0.00086082 -0.0003258  -0.00118902]
 [ 0.00073813  0.00003216 -0.0003473 ]
 [-0.00049787  0.0026165  -0.00037866]]
2023-01-18:17:42:58,274 INFO     [psi4.driver.task_planner:266] PLANNING Atomic:  keywords={'CART_HESS_READ': 0, 'GEOM_MAXITER': 500, 'SCF__GUESS': 'READ', 'OPTKING__INTRAFRAG_STEP_LIMIT': 1.0, 'SCF__INTS_TOLERANCE': 1e-12, 'MAXITER': 500, 'function_kwargs': {}}
2023-01-18:17:42:58,278 INFO     [psi4.driver.driver:617] Compute gradient(): method=scf, basis=cc-pvdz, molecule=default, nre=1983.4997936419059
2023-01-18:17:43:24,668 INFO     [psi4.driver.driver:620] Return gradient(): -1436.7273313489966
2023-01-18:17:43:24,669 INFO     [psi4.driver.driver:621] [[-0.00189102 -0.00278763 -0.00148001]
 [-0.00304493  0.00189281 -0.00595151]
 [ 0.00014074 -0.00326696  0.00403189]
 [-0.00067472  0.00699269  0.0012652 ]
 [ 0.00035124 -0.00524459 -0.00031875]
 [-0.00580946  0.0029479  -0.00741456]
 [ 0.00248743  0.0058253  -0.00158809]
 [ 0.00166812  0.0035611   0.00562312]
 [ 0.00100239 -0.00667319  0.00198806]
 [ 0.00014295  0.00315377  0.0012261 ]
 [-0.00196048 -0.00273096  0.00204744]
 [ 0.00099883  0.00001252 -0.00102151]
 [-0.00207834  0.00557368  0.00075666]
 [ 0.00014363  0.00018716 -0.00138883]
 [ 0.00067438 -0.00022722  0.0004398 ]
 [-0.00074461 -0.00148984 -0.00048322]
 [ 0.00060636  0.00222483 -0.00050651]
 [-0.00025492 -0.00089178 -0.00062292]
 [-0.00001865 -0.00097906  0.00138929]
 [ 0.00139338  0.00047912 -0.0002612 ]
 [ 0.00042254 -0.00011835  0.00029266]
 [ 0.01748743 -0.00876576  0.01288018]
 [-0.01534283  0.01538973 -0.0162783 ]
 [ 0.00269469 -0.00262433  0.00353644]
 [-0.00815598  0.01550896 -0.01403854]
 [ 0.02293589  0.00204153  0.018242  ]
 [ 0.00026616  0.00088659 -0.00337798]
 [ 0.00475245 -0.00018427  0.00267619]
 [-0.00517452  0.00084787 -0.00430651]
 [ 0.00557127  0.00035762  0.00400554]
 [-0.01309654 -0.00228213 -0.00978616]
 [ 0.00144517 -0.02468585  0.01323544]
 [-0.00535434 -0.00064969 -0.0032195 ]
 [ 0.00079918 -0.000136   -0.00116115]
 [-0.00066198  0.00083046 -0.00143185]
 [-0.0017209  -0.004976    0.00100108]]
2023-01-18:17:43:25,208 INFO     [psi4.driver.task_planner:266] PLANNING Atomic:  keywords={'CART_HESS_READ': 0, 'GEOM_MAXITER': 500, 'SCF__GUESS': 'READ', 'OPTKING__INTRAFRAG_STEP_LIMIT': 1.0, 'SCF__INTS_TOLERANCE': 1e-12, 'MAXITER': 500, 'function_kwargs': {}}
2023-01-18:17:43:25,211 INFO     [psi4.driver.driver:617] Compute gradient(): method=scf, basis=cc-pvdz, molecule=default, nre=1981.5344332012319
2023-01-18:17:43:50,380 INFO     [psi4.driver.driver:620] Return gradient(): -1436.7332555916664
2023-01-18:17:43:50,381 INFO     [psi4.driver.driver:621] [[-0.00134939 -0.00052072 -0.0013709 ]
 [-0.00449958  0.00192922 -0.00400486]
 [-0.00117422 -0.00096869  0.00166493]
 [ 0.00078185  0.00486694  0.00129005]
 [ 0.00288597 -0.00675408  0.00035474]
 [-0.00010508  0.00043336 -0.00355407]
 [ 0.00330333 -0.00128234  0.00059931]
 [-0.00000505 -0.00421628  0.0022766 ]
 [-0.00326061  0.00082923 -0.00131582]
 [-0.00032347  0.00710622  0.00190799]
 [-0.00186194 -0.00076227  0.00230301]
 [ 0.00062729  0.0013495  -0.00058727]
 [-0.00071672  0.00287228  0.00229319]
 [-0.0002425   0.00030342 -0.00041038]
 [ 0.00030675 -0.00137201  0.00022469]
 [-0.00020595  0.00003275 -0.00148043]
 [-0.00058362  0.00002657 -0.00061401]
 [ 0.000007   -0.00021972 -0.00064415]
 [ 0.00030735  0.00014446  0.00048947]
 [ 0.00059817 -0.00049665 -0.00031952]
 [-0.00025488 -0.000191    0.00028083]
 [ 0.00393441 -0.01248225  0.00669811]
 [-0.00881837  0.0115326  -0.01160763]
 [ 0.00357177  0.00206129  0.00184751]
 [ 0.00319529  0.00387487 -0.00005548]
 [-0.00767788 -0.00595698 -0.00220233]
 [ 0.00251869 -0.00303279  0.00142966]
 [ 0.00280166  0.00003215  0.00084554]
 [ 0.00025337  0.00265111 -0.00158008]
 [-0.00008931 -0.00227     0.00164811]
 [ 0.00260029  0.00285853  0.00091972]
 [-0.00086265 -0.00469524  0.00289626]
 [ 0.00335475  0.00139212  0.00121813]
 [ 0.00006775  0.00082183 -0.00119149]
 [ 0.00027069  0.00024257 -0.00096782]
 [ 0.00064481 -0.00014     0.00071837]]
2023-01-18:17:43:50,773 INFO     [psi4.driver.task_planner:266] PLANNING Atomic:  keywords={'CART_HESS_READ': 0, 'GEOM_MAXITER': 500, 'SCF__GUESS': 'READ', 'OPTKING__INTRAFRAG_STEP_LIMIT': 1.0, 'SCF__INTS_TOLERANCE': 1e-12, 'MAXITER': 500, 'function_kwargs': {}}
2023-01-18:17:43:50,776 INFO     [psi4.driver.driver:617] Compute gradient(): method=scf, basis=cc-pvdz, molecule=default, nre=1985.0165772684234
2023-01-18:17:44:15,895 INFO     [psi4.driver.driver:620] Return gradient(): -1436.7351134993407
2023-01-18:17:44:15,897 INFO     [psi4.driver.driver:621] [[ 0.00107244  0.00007203 -0.00091125]
 [-0.00267238 -0.00432976  0.00073068]
 [ 0.002227    0.00304896 -0.00158906]
 [-0.00026394 -0.00013394  0.00036294]
 [ 0.00040046  0.00191062 -0.00106194]
 [-0.00148901  0.00199861  0.00318619]
 [ 0.00018437  0.00076458  0.0012959 ]
 [ 0.00139754 -0.00204005  0.00165353]
 [-0.00021666 -0.00127408 -0.00164097]
 [-0.00047562  0.00448641 -0.00005145]
 [ 0.00069223 -0.00179362  0.00203844]
 [ 0.00103067 -0.00075285 -0.00203477]
 [ 0.00155552 -0.0022887   0.00093565]
 [-0.00173334  0.00085302  0.00247566]
 [-0.00023361 -0.00193449 -0.00021048]
 [-0.00118857  0.00241808 -0.00319386]
 [-0.00013425 -0.00067491 -0.00073072]
 [ 0.00017324  0.00033237 -0.0002215 ]
 [ 0.00181415  0.00087127  0.00060581]
 [-0.00005215 -0.00147596 -0.00100712]
 [-0.00152877  0.00026836  0.0021399 ]
 [ 0.00040523 -0.00358979 -0.00188491]
 [-0.00102234  0.00219102  0.00075339]
 [-0.00016104 -0.00013469 -0.00030874]
 [ 0.00117304  0.00249498 -0.00062408]
 [-0.00279141 -0.00274745 -0.00092795]
 [-0.00050546 -0.00006709  0.00056367]
 [-0.00118829  0.00104006 -0.00171267]
 [ 0.0015127   0.00260674 -0.00121376]
 [-0.00176216 -0.00254116  0.00069687]
 [ 0.00358884  0.00612999 -0.00305033]
 [-0.00243036 -0.00766559  0.00201043]
 [ 0.00245919  0.00144302  0.00409982]
 [-0.00037656  0.00134639 -0.00097605]
 [-0.00016913  0.00003091 -0.00119707]
 [ 0.00070843 -0.0008633   0.00099978]]
2023-01-18:17:44:16,265 INFO     [psi4.driver.task_planner:266] PLANNING Atomic:  keywords={'CART_HESS_READ': 0, 'GEOM_MAXITER': 500, 'SCF__GUESS': 'READ', 'OPTKING__INTRAFRAG_STEP_LIMIT': 1.0, 'SCF__INTS_TOLERANCE': 1e-12, 'MAXITER': 500, 'function_kwargs': {}}
2023-01-18:17:44:16,268 INFO     [psi4.driver.driver:617] Compute gradient(): method=scf, basis=cc-pvdz, molecule=default, nre=1985.7526091087343
2023-01-18:17:44:42,143 INFO     [psi4.driver.driver:620] Return gradient(): -1436.7344180037412
2023-01-18:17:44:42,145 INFO     [psi4.driver.driver:621] [[-0.00152601  0.00018747  0.0008188 ]
 [-0.00172393 -0.00164443 -0.00589957]
 [ 0.00120594 -0.00183006  0.0007559 ]
 [-0.00122947 -0.00007567 -0.00090981]
 [-0.00057315  0.00118302 -0.00026505]
 [-0.00226101  0.00094315  0.00099851]
 [ 0.0015264  -0.00141388 -0.00256237]
 [ 0.00245481  0.00198605 -0.0014332 ]
 [ 0.00127442 -0.00111773  0.00352635]
 [ 0.00150612  0.00507558  0.00408195]
 [-0.0002792  -0.00093312  0.00106616]
 [-0.00058959 -0.00110906 -0.00038363]
 [ 0.0020886  -0.00146504 -0.00048996]
 [-0.00116369  0.00049424  0.00237945]
 [-0.00042516 -0.0018978  -0.00059978]
 [-0.00054414  0.00189786 -0.00180351]
 [ 0.00040689 -0.00030332 -0.00011191]
 [-0.00017196  0.00067841  0.00019034]
 [ 0.00104101  0.00026991  0.00014559]
 [-0.00024776 -0.00059022 -0.0004433 ]
 [-0.00076131  0.00014272  0.00075917]
 [-0.00466415 -0.00535034  0.00125103]
 [ 0.00400064  0.00763308 -0.00431902]
 [-0.00236938  0.00257715 -0.00631315]
 [ 0.0075532   0.00435997  0.00084164]
 [-0.00199655 -0.00593635  0.00276689]
 [ 0.00482469 -0.0026206   0.00842181]
 [-0.00165933  0.0039204  -0.00643688]
 [ 0.00260834  0.00509877 -0.00337974]
 [-0.00242641 -0.00451604  0.00265576]
 [-0.00416925  0.00721341 -0.00578494]
 [-0.00669338 -0.01060911  0.01254862]
 [ 0.0057415  -0.002626   -0.00273002]
 [-0.00031054  0.0011834  -0.00060392]
 [-0.00031349 -0.00016447 -0.00093144]
 [-0.00013368 -0.00064136  0.00219323]]
2023-01-18:17:44:42,745 INFO     [psi4.driver.task_planner:266] PLANNING Atomic:  keywords={'CART_HESS_READ': 0, 'GEOM_MAXITER': 500, 'SCF__GUESS': 'READ', 'OPTKING__INTRAFRAG_STEP_LIMIT': 1.0, 'SCF__INTS_TOLERANCE': 1e-12, 'MAXITER': 500, 'function_kwargs': {}}
2023-01-18:17:44:42,749 INFO     [psi4.driver.driver:617] Compute gradient(): method=scf, basis=cc-pvdz, molecule=default, nre=1989.9257586899685
2023-01-18:17:45:07,877 INFO     [psi4.driver.driver:620] Return gradient(): -1436.7360387238587
2023-01-18:17:45:07,879 INFO     [psi4.driver.driver:621] [[ 0.00039573 -0.00035639  0.00097565]
 [-0.00169335 -0.00219204 -0.0028167 ]
 [ 0.00100429 -0.00026677  0.00040566]
 [-0.00041508 -0.00071524 -0.00083432]
 [-0.00066761  0.00197859  0.00020386]
 [-0.00107886  0.00124012 -0.00021414]
 [ 0.00046114 -0.00022341 -0.00005626]
 [ 0.00103584  0.00148548  0.00031389]
 [ 0.00105573 -0.00079034  0.00029287]
 [ 0.00041544  0.00282973  0.00142186]
 [-0.00002122 -0.00049229  0.00066466]
 [-0.00027523 -0.00117293 -0.0003003 ]
 [ 0.00054688 -0.00155594 -0.00064556]
 [-0.00034126  0.00021083  0.00071191]
 [-0.00014404  0.00024007  0.00006358]
 [-0.00029217  0.00068645 -0.00037769]
 [ 0.00068427 -0.00037299 -0.00024375]
 [-0.00003226  0.00045654  0.00027757]
 [ 0.00039532  0.00009745 -0.00006185]
 [-0.00025498 -0.00006568 -0.00022283]
 [-0.00055712  0.00014906  0.00067652]
 [ 0.00115396 -0.00180624  0.00248961]
 [-0.00364505 -0.00016968 -0.00337887]
 [ 0.00287282 -0.00009141  0.00263331]
 [ 0.00060401 -0.00046127  0.00162694]
 [ 0.00146044  0.00212544 -0.00089981]
 [ 0.0006724   0.00059461  0.0001269 ]
 [-0.00050686 -0.00075805  0.00037396]
 [-0.00051689 -0.00120776  0.00085295]
 [ 0.00040626  0.00145637 -0.00106906]
 [-0.00303926 -0.00431491  0.00031262]
 [ 0.00301842  0.00254985 -0.00102159]
 [-0.00254669  0.0009581  -0.00109173]
 [ 0.00013935 -0.00010181 -0.00029526]
 [-0.00004028  0.00022759 -0.00035802]
 [-0.00025407 -0.00017112 -0.00053655]]
2023-01-18:17:45:08,137 INFO     [psi4.driver.task_planner:266] PLANNING Atomic:  keywords={'CART_HESS_READ': 0, 'GEOM_MAXITER': 500, 'SCF__GUESS': 'READ', 'OPTKING__INTRAFRAG_STEP_LIMIT': 1.0, 'SCF__INTS_TOLERANCE': 1e-12, 'MAXITER': 500, 'function_kwargs': {}}
2023-01-18:17:45:08,141 INFO     [psi4.driver.driver:617] Compute gradient(): method=scf, basis=cc-pvdz, molecule=default, nre=1990.180529375227
2023-01-18:17:45:32,989 INFO     [psi4.driver.driver:620] Return gradient(): -1436.7360555023104
2023-01-18:17:45:32,990 INFO     [psi4.driver.driver:621] [[ 0.00047504  0.0000686   0.00095744]
 [ 0.00050644 -0.0015709  -0.00094925]
 [-0.00031578 -0.00008414  0.00241295]
 [ 0.00087027 -0.00125598 -0.00079529]
 [-0.00060414  0.00129821  0.00050143]
 [ 0.00174234  0.00031643 -0.00238275]
 [-0.00113424  0.00121186  0.0002836 ]
 [-0.00075122 -0.00010134  0.00059672]
 [-0.00137284  0.00079995  0.00054598]
 [-0.00061271 -0.00078409 -0.00036873]
 [-0.00039868  0.00023161  0.00055431]
 [-0.00053525 -0.00043371 -0.00048789]
 [-0.00037931 -0.00053698 -0.00063123]
 [ 0.00032534 -0.00012875 -0.00025731]
 [-0.00013848  0.00059264  0.00019288]
 [ 0.00032848 -0.00067976  0.00090315]
 [ 0.00027979  0.00000446  0.00028739]
 [-0.00001443 -0.00013445 -0.00001302]
 [-0.00060933 -0.0002112  -0.00002495]
 [-0.00008455  0.00047103  0.00011717]
 [ 0.00040892 -0.00004015 -0.00054251]
 [ 0.00085682  0.00265339 -0.00256276]
 [ 0.00210536 -0.0015234   0.00335207]
 [-0.00088191 -0.00093983 -0.00057141]
 [-0.00174127 -0.00131301 -0.00199976]
 [ 0.00111665  0.00089001  0.00007303]
 [ 0.00044989  0.00042906 -0.00090285]
 [-0.00000438 -0.00054128  0.00063574]
 [-0.00023613 -0.00057046  0.00052817]
 [ 0.00027197  0.00058423 -0.0004737 ]
 [-0.0014253   0.00205909  0.00204983]
 [-0.00158679  0.00288254  0.00075824]
 [ 0.00343225 -0.00396197 -0.00198693]
 [ 0.00008886 -0.00023121 -0.00013888]
 [ 0.00011625  0.00014328 -0.00004233]
 [-0.00054795  0.00040621  0.00038146]]
2023-01-18:17:45:33,342 INFO     [psi4.driver.task_planner:266] PLANNING Atomic:  keywords={'CART_HESS_READ': 0, 'GEOM_MAXITER': 500, 'SCF__GUESS': 'READ', 'OPTKING__INTRAFRAG_STEP_LIMIT': 0.25, 'SCF__INTS_TOLERANCE': 1e-12, 'MAXITER': 500, 'function_kwargs': {}}
2023-01-18:17:45:33,345 INFO     [psi4.driver.driver:617] Compute gradient(): method=scf, basis=cc-pvdz, molecule=default, nre=1990.1645339129498
2023-01-18:17:45:58,27 INFO     [psi4.driver.driver:620] Return gradient(): -1436.7362507772143
2023-01-18:17:45:58,28 INFO     [psi4.driver.driver:621] [[ 0.00026622  0.00050837 -0.00002147]
 [ 0.00046185  0.00063211  0.00064686]
 [ 0.00004691 -0.00078186  0.00094101]
 [ 0.00093206 -0.00041855 -0.00002148]
 [ 0.00024632 -0.00016197  0.00006418]
 [ 0.00113548 -0.00122241 -0.00152721]
 [-0.00017021  0.00070981 -0.00094728]
 [-0.0008069  -0.00104673  0.00174134]
 [-0.00181431  0.00190663  0.00029296]
 [-0.00043079 -0.0012642  -0.0003705 ]
 [-0.0006957   0.00044961  0.00025178]
 [-0.00060298  0.00039193 -0.00107796]
 [-0.0008343   0.00077943 -0.0008316 ]
 [ 0.00062885 -0.00019282 -0.00041477]
 [ 0.000067    0.0003261   0.00028323]
 [ 0.00060006 -0.00145044  0.00155935]
 [ 0.00019727  0.00064085  0.00055625]
 [-0.00003625 -0.00085096 -0.00040309]
 [-0.00113852 -0.00051134  0.00011583]
 [-0.00002918  0.00078219  0.00002569]
 [ 0.00106628 -0.00010258 -0.00109972]
 [-0.00118577  0.00199821 -0.00130651]
 [ 0.00319742  0.00040722  0.00229915]
 [-0.00238492 -0.00003504 -0.00217344]
 [-0.00172351  0.00083563 -0.00071543]
 [-0.00114053 -0.00119623  0.00154603]
 [ 0.0005016  -0.00068911  0.00057865]
 [ 0.00060149  0.00033024 -0.00005983]
 [ 0.00015258  0.00058577 -0.00040963]
 [-0.00003536 -0.0007148   0.00053586]
 [ 0.0038269   0.00032186 -0.00261407]
 [-0.00036837 -0.00374005 -0.00173481]
 [-0.00115741  0.00304914  0.004639  ]
 [ 0.00002428 -0.0001619  -0.00013593]
 [ 0.00005996  0.00013342  0.00002639]
 [ 0.00054247 -0.00024754 -0.00023882]]
2023-01-18:17:45:58,693 INFO     [psi4.driver.task_planner:266] PLANNING Atomic:  keywords={'CART_HESS_READ': 0, 'GEOM_MAXITER': 500, 'SCF__GUESS': 'READ', 'OPTKING__INTRAFRAG_STEP_LIMIT': 0.25, 'SCF__INTS_TOLERANCE': 1e-12, 'MAXITER': 500, 'function_kwargs': {}}
2023-01-18:17:45:58,696 INFO     [psi4.driver.driver:617] Compute gradient(): method=scf, basis=cc-pvdz, molecule=default, nre=1990.137615801252
2023-01-18:17:46:22,996 INFO     [psi4.driver.driver:620] Return gradient(): -1436.7365513745303
2023-01-18:17:46:22,997 INFO     [psi4.driver.driver:621] [[ 0.0004513   0.00074435 -0.00104436]
 [ 0.00054375  0.00128801  0.00262785]
 [ 0.00051309  0.00014123 -0.00183427]
 [ 0.00025753  0.00002405  0.00086875]
 [ 0.00092309 -0.00056661 -0.00062574]
 [-0.0000634  -0.0018948   0.00079019]
 [ 0.00006608  0.00037083 -0.00006246]
 [-0.0002157  -0.00158241  0.00305699]
 [-0.00085298  0.00168164 -0.00090536]
 [-0.0004501  -0.00094045 -0.0007041 ]
 [-0.0004574   0.00031137 -0.00003865]
 [ 0.00034797  0.00211752 -0.00116312]
 [-0.00069072 -0.00013011 -0.00161876]
 [-0.00155249  0.00014628  0.00172474]
 [ 0.00012284 -0.00009552  0.00034127]
 [-0.00038818 -0.00008717 -0.00076568]
 [ 0.00042741 -0.00025571 -0.00035407]
 [ 0.0015183  -0.00108196 -0.00226319]
 [ 0.00133077 -0.0003927   0.00109487]
 [-0.0000719   0.00038442 -0.0004668 ]
 [-0.00063813 -0.0000361   0.0014205 ]
 [-0.0016235   0.0001032  -0.00002163]
 [ 0.00007731  0.00058014 -0.00107686]
 [-0.00025573  0.00061809 -0.00074806]
 [ 0.00019362  0.00067853 -0.00018174]
 [-0.00111339 -0.00182714  0.00117288]
 [-0.00059613 -0.00072078  0.00050338]
 [ 0.00061557  0.00050748 -0.00006501]
 [ 0.00014236  0.00073189 -0.00066728]
 [-0.0001035  -0.00096551  0.00087046]
 [ 0.00236303  0.00122431 -0.00078235]
 [-0.00144317 -0.00295773 -0.00018546]
 [ 0.00025557  0.00171677  0.00141145]
 [-0.00003239  0.00001068 -0.00016123]
 [-0.00006704  0.00004534 -0.0000865 ]
 [ 0.00046625  0.00010857 -0.00006065]]
2023-01-18:17:46:23,591 INFO     [psi4.driver.task_planner:266] PLANNING Atomic:  keywords={'CART_HESS_READ': 0, 'GEOM_MAXITER': 500, 'SCF__GUESS': 'READ', 'OPTKING__INTRAFRAG_STEP_LIMIT': 0.0625, 'SCF__INTS_TOLERANCE': 1e-12, 'MAXITER': 500, 'function_kwargs': {}}
2023-01-18:17:46:23,594 INFO     [psi4.driver.driver:617] Compute gradient(): method=scf, basis=cc-pvdz, molecule=default, nre=1990.2515873882887
2023-01-18:17:46:47,972 INFO     [psi4.driver.driver:620] Return gradient(): -1436.7367600040475
2023-01-18:17:46:47,973 INFO     [psi4.driver.driver:621] [[-0.00021717  0.00024598 -0.00081432]
 [ 0.00026487  0.00111491  0.0012865 ]
 [-0.00045714  0.00009498 -0.00131391]
 [-0.00014143  0.00032232  0.00056272]
 [ 0.00057392 -0.00030447 -0.00052428]
 [-0.00038433 -0.00052468  0.00039466]
 [ 0.00040032 -0.00011297 -0.0005038 ]
 [ 0.00018552 -0.00057474  0.00190287]
 [ 0.00015148 -0.00048277  0.00017691]
 [ 0.00002257 -0.00032839 -0.0001359 ]
 [-0.00012603 -0.00014282  0.00007549]
 [ 0.0004806   0.00194639 -0.00067758]
 [-0.00010503 -0.0004174  -0.00038488]
 [-0.00102663  0.00023148  0.00121277]
 [ 0.00002816 -0.00037421  0.00020861]
 [-0.00024795  0.00039768 -0.00102444]
 [ 0.00040429 -0.00058257 -0.00062211]
 [ 0.00056996 -0.00029749 -0.00126635]
 [ 0.00109992  0.00001116  0.00062062]
 [-0.00004973 -0.00021888 -0.00031732]
 [-0.00070761  0.00011338  0.00113674]
 [-0.00044345 -0.00035984  0.00060213]
 [-0.00021793  0.00012065 -0.00034512]
 [ 0.00008528  0.00024054 -0.00023593]
 [ 0.00064453  0.00063145  0.00020042]
 [-0.0004998  -0.00093048  0.000292  ]
 [-0.00068083 -0.00016875  0.00000859]
 [ 0.00018139  0.0002811  -0.00015524]
 [ 0.0001089   0.00037757 -0.00037363]
 [-0.0001193  -0.00046868  0.00040235]
 [ 0.00074178  0.00020543 -0.00023292]
 [-0.00030201 -0.00105935  0.00011654]
 [-0.00034775  0.00082133  0.00001884]
 [-0.00001536  0.00014187 -0.00012584]
 [-0.00006042 -0.00001126 -0.00012986]
 [ 0.00020643  0.00006152 -0.00003532]]
2023-01-18:17:46:48,449 INFO     [psi4.driver.task_planner:266] PLANNING Atomic:  keywords={'CART_HESS_READ': 0, 'GEOM_MAXITER': 500, 'SCF__GUESS': 'READ', 'OPTKING__INTRAFRAG_STEP_LIMIT': 0.1875, 'SCF__INTS_TOLERANCE': 1e-12, 'MAXITER': 500, 'function_kwargs': {}}
2023-01-18:17:46:48,452 INFO     [psi4.driver.driver:617] Compute gradient(): method=scf, basis=cc-pvdz, molecule=default, nre=1990.7976572171276
2023-01-18:17:47:13,306 INFO     [psi4.driver.driver:620] Return gradient(): -1436.7370516194876
2023-01-18:17:47:13,307 INFO     [psi4.driver.driver:621] [[ 0.00005902 -0.00031884 -0.00000127]
 [ 0.00051244  0.00005873  0.00007758]
 [-0.00034436 -0.00018183 -0.00052615]
 [-0.00031704  0.00030605 -0.00002406]
 [ 0.0001314  -0.00045986 -0.0001581 ]
 [ 0.00016784  0.0008184  -0.00087358]
 [ 0.00018383  0.00024615  0.00073922]
 [-0.00119853 -0.00030247  0.00181387]
 [ 0.00067312 -0.00026618 -0.00017707]
 [-0.00006597 -0.00024093 -0.00009917]
 [ 0.00033167 -0.00048766  0.0001794 ]
 [ 0.00059759  0.00109134 -0.00064967]
 [ 0.00026338  0.00017566  0.00095524]
 [ 0.0002318   0.00027464 -0.00014981]
 [-0.00009388 -0.0003393   0.00018114]
 [ 0.00008589  0.00003571 -0.00024224]
 [ 0.00064857 -0.00035464 -0.00036109]
 [-0.00090749  0.00031974  0.00002222]
 [-0.00027818  0.00003837 -0.00026543]
 [-0.00005267 -0.00029117  0.00001587]
 [-0.00005549  0.00014029 -0.00005619]
 [-0.00006972 -0.00089788  0.00088461]
 [-0.00213443 -0.00056377 -0.00223051]
 [ 0.0021032   0.00076411  0.00154163]
 [ 0.00106573 -0.00017066  0.00066986]
 [ 0.00056735  0.00068197 -0.0005665 ]
 [-0.00027034  0.00013419 -0.00032492]
 [-0.0004004   0.00007019 -0.00030368]
 [-0.00003189 -0.00004964  0.00001818]
 [ 0.00003058  0.00013046 -0.00003563]
 [-0.00166752 -0.00085417  0.00078059]
 [ 0.00053397  0.00104827  0.0006533 ]
 [-0.0000415  -0.00066713 -0.00139219]
 [-0.00002911  0.0000983  -0.00010254]
 [-0.00008049  0.00003281 -0.00008403]
 [-0.00014837 -0.00001923  0.00009113]]
2023-01-18:17:47:13,953 INFO     [psi4.driver.task_planner:266] PLANNING Atomic:  keywords={'CART_HESS_READ': 0, 'GEOM_MAXITER': 500, 'SCF__GUESS': 'READ', 'OPTKING__INTRAFRAG_STEP_LIMIT': 0.046875, 'SCF__INTS_TOLERANCE': 1e-12, 'MAXITER': 500, 'function_kwargs': {}}
2023-01-18:17:47:13,956 INFO     [psi4.driver.driver:617] Compute gradient(): method=scf, basis=cc-pvdz, molecule=default, nre=1990.553043866079
2023-01-18:17:47:38,442 INFO     [psi4.driver.driver:620] Return gradient(): -1436.7371505728443
2023-01-18:17:47:38,444 INFO     [psi4.driver.driver:621] [[-0.00010751 -0.00021185 -0.00003023]
 [-0.00027503  0.00024893 -0.00018455]
 [-0.00013224 -0.00036034 -0.00016739]
 [-0.00024346  0.00037872  0.00004346]
 [ 0.00027227 -0.00062129 -0.00005852]
 [ 0.00041791  0.00061016 -0.00106179]
 [ 0.0002605   0.00005458 -0.00006131]
 [-0.00126    -0.00068698  0.00158993]
 [ 0.00022164 -0.00026117  0.00030046]
 [ 0.00016134  0.00004324  0.00006027]
 [ 0.0001825  -0.00012045  0.00012097]
 [ 0.00071717  0.00057666 -0.00068286]
 [-0.00011649  0.00014257  0.00055753]
 [ 0.00004989  0.00026283 -0.00019214]
 [-0.00011276 -0.0000577   0.00024197]
 [ 0.00000815 -0.0001453  -0.00013285]
 [ 0.00066924 -0.00020021 -0.00021427]
 [-0.00060111  0.0003539  -0.00026062]
 [-0.00010523 -0.0000283  -0.00010933]
 [-0.00005583 -0.0000025   0.00003092]
 [-0.00000504  0.00005927 -0.00002726]
 [ 0.0005373   0.00021545  0.0003272 ]
 [ 0.00034816 -0.00027347  0.00049162]
 [-0.00034906 -0.00034178 -0.00000708]
 [ 0.00019049 -0.00005802 -0.00013294]
 [-0.00000104  0.00014576 -0.00035257]
 [-0.00006074  0.00013072 -0.00000434]
 [-0.00009217 -0.00008274  0.00005641]
 [-0.00009143 -0.00017591  0.00008529]
 [ 0.00004055  0.00023067 -0.00015858]
 [-0.00063017 -0.00014104  0.00056808]
 [ 0.00013013  0.00068652  0.00019397]
 [ 0.00017608 -0.00041662 -0.00074499]
 [-0.00002611 -0.00001713 -0.00007554]
 [-0.00001501  0.00005854 -0.00003217]
 [-0.00010289  0.0000043   0.00002325]]
2023-01-18:17:47:39,86 INFO     [psi4.driver.task_planner:266] PLANNING Atomic:  keywords={'CART_HESS_READ': 0, 'GEOM_MAXITER': 500, 'SCF__GUESS': 'READ', 'OPTKING__INTRAFRAG_STEP_LIMIT': 0.140625, 'SCF__INTS_TOLERANCE': 1e-12, 'MAXITER': 500, 'function_kwargs': {}}
2023-01-18:17:47:39,89 INFO     [psi4.driver.driver:617] Compute gradient(): method=scf, basis=cc-pvdz, molecule=default, nre=1990.58264768054
2023-01-18:17:48:03,950 INFO     [psi4.driver.driver:620] Return gradient(): -1436.737380857258
2023-01-18:17:48:03,951 INFO     [psi4.driver.driver:621] [[ 0.00003986 -0.00012958  0.00026058]
 [-0.0002518  -0.00046597 -0.00060555]
 [ 0.00001607 -0.00020918  0.0007512 ]
 [-0.00018304  0.0001006  -0.00010768]
 [ 0.00013119 -0.00059497  0.000135  ]
 [ 0.00070967  0.00088103 -0.00171037]
 [-0.00004093  0.00020638 -0.00046955]
 [-0.00149302 -0.00025152  0.00123403]
 [-0.0000094  -0.00053086  0.00130676]
 [ 0.00009202  0.00006842  0.00008231]
 [ 0.00018805  0.00004992  0.00009032]
 [ 0.00075924 -0.00014003 -0.00063746]
 [-0.0002378   0.0002579   0.00068617]
 [ 0.00011393  0.00026912 -0.00041529]
 [-0.00012958  0.0000991   0.00025279]
 [ 0.00001926 -0.00024275 -0.0000322 ]
 [ 0.00068143 -0.00007027 -0.00011773]
 [-0.00061545  0.00059613 -0.00032016]
 [-0.0001219  -0.00004051 -0.00015148]
 [-0.00004497  0.00010376  0.00010817]
 [ 0.00009858  0.00000654 -0.00017799]
 [ 0.00036592  0.00021369 -0.00032081]
 [ 0.00050937 -0.00017158  0.00027491]
 [-0.00030139 -0.00020477  0.0001879 ]
 [-0.00033797 -0.0002604  -0.00003662]
 [ 0.00009882  0.0003365  -0.0003349 ]
 [ 0.00014723  0.0001454   0.00000878]
 [-0.00011142 -0.00016961  0.00011817]
 [-0.00003956 -0.00023412  0.00018987]
 [ 0.00000125  0.00025895 -0.00022682]
 [-0.000156   -0.00005046  0.00018334]
 [ 0.00006673  0.00051635 -0.00005437]
 [ 0.00017176 -0.0002605  -0.00014867]
 [-0.00003192 -0.00010129 -0.00003902]
 [ 0.00000082  0.00006704  0.00000722]
 [-0.00010504 -0.00004845  0.00002916]]
2023-01-18:17:48:04,397 INFO     [psi4.driver.task_planner:266] PLANNING Atomic:  keywords={'CART_HESS_READ': 0, 'GEOM_MAXITER': 500, 'SCF__GUESS': 'READ', 'OPTKING__INTRAFRAG_STEP_LIMIT': 0.140625, 'SCF__INTS_TOLERANCE': 1e-12, 'MAXITER': 500, 'function_kwargs': {}}
2023-01-18:17:48:04,400 INFO     [psi4.driver.driver:617] Compute gradient(): method=scf, basis=cc-pvdz, molecule=default, nre=1990.2886791165708
2023-01-18:17:48:29,271 INFO     [psi4.driver.driver:620] Return gradient(): -1436.737624054832
2023-01-18:17:48:29,272 INFO     [psi4.driver.driver:621] [[ 0.00007415  0.00006951  0.0004658 ]
 [-0.00017634 -0.00077041 -0.00090638]
 [ 0.00026575  0.00018391  0.00098638]
 [ 0.00002569 -0.0002283  -0.00030423]
 [-0.0001516  -0.00027391  0.00021818]
 [ 0.0009968   0.00066939 -0.00209684]
 [-0.00045357 -0.00010569 -0.00008176]
 [-0.00162393  0.00023449  0.00171869]
 [-0.00009191 -0.00042363  0.00087472]
 [ 0.00007906  0.0001562   0.00017508]
 [ 0.00007925  0.00013067  0.00007413]
 [ 0.000589   -0.00046068 -0.00047466]
 [-0.00029048  0.00000394  0.00061211]
 [-0.00032747  0.00030367 -0.00004143]
 [-0.00011186  0.00009472  0.00021411]
 [ 0.00001626 -0.0000223  -0.00047878]
 [ 0.00069549 -0.00041103 -0.0001237 ]
 [ 0.00004381  0.00061973 -0.00101385]
 [ 0.00037591 -0.0000444   0.00008381]
 [ 0.00002448  0.0000016   0.0000884 ]
 [-0.00033086  0.00004757  0.00028645]
 [-0.00021382  0.00026466 -0.00065246]
 [ 0.00089798  0.00016133  0.0002397 ]
 [-0.000546   -0.00010147 -0.00010424]
 [-0.0006141  -0.00023537 -0.00010915]
 [ 0.00014694  0.00022583  0.00007529]
 [ 0.00035015  0.00007712  0.00012037]
 [-0.00006364 -0.00009903  0.00003164]
 [ 0.00006713 -0.00004606  0.00010821]
 [-0.00006123  0.00002842 -0.00009152]
 [ 0.00033417  0.00021492 -0.00033778]
 [-0.0000365  -0.00014287 -0.00012582]
 [ 0.00007075  0.00002001  0.00049941]
 [-0.00002167 -0.00008613  0.00000899]
 [ 0.00000954  0.00003136  0.0000349 ]
 [-0.0000273  -0.00008775  0.00002624]]
2023-01-18:17:48:29,655 INFO     [psi4.driver.task_planner:266] PLANNING Atomic:  keywords={'CART_HESS_READ': 0, 'GEOM_MAXITER': 500, 'SCF__GUESS': 'READ', 'OPTKING__INTRAFRAG_STEP_LIMIT': 0.421875, 'SCF__INTS_TOLERANCE': 1e-12, 'MAXITER': 500, 'function_kwargs': {}}
2023-01-18:17:48:29,658 INFO     [psi4.driver.driver:617] Compute gradient(): method=scf, basis=cc-pvdz, molecule=default, nre=1989.0518092801362
2023-01-18:17:48:54,366 INFO     [psi4.driver.driver:620] Return gradient(): -1436.7377406462197
2023-01-18:17:48:54,367 INFO     [psi4.driver.driver:621] [[ 0.00021078  0.00078192  0.00038012]
 [-0.00010645 -0.00145945 -0.00047769]
 [ 0.0007304   0.00081045  0.00128196]
 [ 0.0003303  -0.00099406 -0.00028498]
 [-0.0004698  -0.00015705  0.0001995 ]
 [ 0.00187752 -0.00006087 -0.00245514]
 [-0.00065601 -0.00031574 -0.00046038]
 [-0.00306387  0.00243011  0.00230007]
 [-0.00061736 -0.00109074  0.0009273 ]
 [ 0.00011133  0.00044085  0.00019274]
 [-0.00015741  0.00015378 -0.00013877]
 [ 0.00023223  0.00168452  0.00035557]
 [-0.00051787 -0.00228507 -0.00109295]
 [-0.00614694  0.00091669  0.00310777]
 [-0.00001155  0.00013565 -0.00001414]
 [-0.00031225  0.00273289 -0.00596516]
 [ 0.00223132 -0.00415698  0.00011997]
 [ 0.00681578 -0.00041641 -0.00564029]
 [ 0.00518026 -0.00024941  0.0034352 ]
 [ 0.00069673 -0.00069419 -0.00013669]
 [-0.00626535  0.00111777  0.00480839]
 [-0.0013742   0.0002398  -0.00104732]
 [ 0.00114049  0.00086202 -0.00017984]
 [-0.00084887  0.00020088 -0.00063666]
 [-0.00095512 -0.00018642 -0.00016122]
 [ 0.00022709 -0.00015946  0.00083809]
 [ 0.00059897 -0.00006136  0.00028569]
 [ 0.00006337  0.00006992 -0.00013613]
 [ 0.00026503  0.00037552 -0.00010297]
 [-0.00017259 -0.00051156  0.0002585 ]
 [ 0.00117469  0.00093415 -0.00122279]
 [-0.00035203 -0.00140327 -0.00008066]
 [ 0.00010557  0.00035008  0.00152519]
 [-0.00008887  0.00013033  0.00006482]
 [ 0.00000764 -0.00005253  0.00009707]
 [ 0.00011704 -0.00011276  0.00005581]]
2023-01-18:17:48:54,838 INFO     [psi4.driver.task_planner:266] PLANNING Atomic:  keywords={'CART_HESS_READ': 0, 'GEOM_MAXITER': 500, 'SCF__GUESS': 'READ', 'OPTKING__INTRAFRAG_STEP_LIMIT': 0.10546875, 'SCF__INTS_TOLERANCE': 1e-12, 'MAXITER': 500, 'function_kwargs': {}}
2023-01-18:17:48:54,841 INFO     [psi4.driver.driver:617] Compute gradient(): method=scf, basis=cc-pvdz, molecule=default, nre=1990.3469796509667
2023-01-18:17:49:19,442 INFO     [psi4.driver.driver:620] Return gradient(): -1436.7385013110452
2023-01-18:17:49:19,444 INFO     [psi4.driver.driver:621] [[ 0.00039874  0.00093779  0.00052391]
 [-0.0000031  -0.0020079  -0.00071626]
 [ 0.00066664  0.0007862   0.00135926]
 [ 0.00041084 -0.00132966 -0.0004032 ]
 [ 0.00005796 -0.00062868  0.00029494]
 [ 0.00201002 -0.00043744 -0.00269299]
 [-0.00087055 -0.00013979 -0.00038059]
 [-0.00356697  0.00265368  0.00215947]
 [-0.00057722 -0.00138125  0.00089999]
 [ 0.00018265  0.00040229  0.00024114]
 [-0.0001636   0.00032975 -0.00015319]
 [ 0.00028492 -0.00145541 -0.00071069]
 [-0.00047887  0.0010404   0.00139411]
 [-0.0003715   0.00020046 -0.00014133]
 [ 0.00017074  0.00015094  0.00026018]
 [ 0.00023516 -0.00000715 -0.00062972]
 [ 0.00045975 -0.00017136  0.00012435]
 [ 0.00088347  0.00056892 -0.00148658]
 [ 0.0006083  -0.00009785  0.00011094]
 [ 0.00022445 -0.00008557  0.0001402 ]
 [-0.00057643  0.00010089  0.00024849]
 [-0.00151704  0.00040002 -0.00111403]
 [ 0.00126529  0.00080474 -0.00009213]
 [-0.00088575  0.00010588 -0.00050682]
 [-0.00131558 -0.00034242 -0.00019419]
 [ 0.00037525 -0.0000476   0.00088537]
 [ 0.00058495  0.0000299   0.00011009]
 [ 0.00010062 -0.00002782 -0.00002856]
 [ 0.00025683  0.00025909  0.0000029 ]
 [-0.00014032 -0.00038011  0.00015602]
 [ 0.00138315  0.00088822 -0.0012266 ]
 [-0.00038858 -0.00124053 -0.00041677]
 [ 0.000127    0.00039573  0.00173006]
 [ 0.00003067 -0.00012798  0.00010916]
 [ 0.0000319  -0.00003491  0.00012036]
 [ 0.00010623 -0.00011145  0.00002272]]
2023-01-18:17:49:20,23 INFO     [psi4.driver.task_planner:266] PLANNING Atomic:  keywords={'CART_HESS_READ': 0, 'GEOM_MAXITER': 500, 'SCF__GUESS': 'READ', 'OPTKING__INTRAFRAG_STEP_LIMIT': 0.10546875, 'SCF__INTS_TOLERANCE': 1e-12, 'MAXITER': 500, 'function_kwargs': {}}
2023-01-18:17:49:20,26 INFO     [psi4.driver.driver:617] Compute gradient(): method=scf, basis=cc-pvdz, molecule=default, nre=1990.0512952654744
2023-01-18:17:49:43,823 INFO     [psi4.driver.driver:620] Return gradient(): -1436.7387099879265
2023-01-18:17:49:43,824 INFO     [psi4.driver.driver:621] [[ 0.00053309  0.00123875 -0.0000828 ]
 [ 0.00003097 -0.00131772  0.00069758]
 [ 0.00077138  0.00114837  0.00044374]
 [ 0.00046727 -0.00144617  0.00002099]
 [-0.00015333  0.00008719  0.00003763]
 [ 0.00158323 -0.00124607 -0.00188756]
 [-0.00026658 -0.00004746 -0.00049205]
 [-0.00213331  0.00150487  0.00248202]
 [-0.00109579 -0.00049257  0.0008329 ]
 [ 0.00005363  0.00037648 -0.00002396]
 [-0.00029383  0.00027703 -0.00032448]
 [ 0.00029767 -0.00142866 -0.00158379]
 [-0.00068238  0.00113276  0.00122519]
 [ 0.00000952  0.00000796  0.00002762]
 [ 0.00012508 -0.00015724  0.00018339]
 [ 0.00045607 -0.00035313 -0.00012108]
 [-0.00002894  0.00041306  0.00014197]
 [ 0.00061681  0.00023132 -0.00120192]
 [ 0.00030509 -0.00016469 -0.00001434]
 [ 0.00027206 -0.00009244 -0.00005032]
 [-0.00020109  0.00003312  0.00006702]
 [-0.00179064 -0.00018571 -0.0005749 ]
 [ 0.00001274  0.00086283 -0.00085351]
 [-0.00015778  0.00050505 -0.00049801]
 [-0.00063912 -0.00000817 -0.00002372]
 [ 0.00036604 -0.000566    0.00127436]
 [ 0.00001657 -0.00008118 -0.00005246]
 [ 0.00025723  0.00018567 -0.0001097 ]
 [ 0.0002542   0.00051426 -0.00023315]
 [-0.00008452 -0.00068207  0.00044307]
 [ 0.00140615  0.00092196 -0.00118817]
 [-0.00056492 -0.00168922 -0.0002805 ]
 [ 0.00000221  0.00059844  0.00152149]
 [ 0.00004605  0.00000082  0.00010929]
 [-0.00001939 -0.0000974   0.00009491]
 [ 0.00022855  0.00001594 -0.00000678]]
2023-01-18:17:49:44,235 INFO     [psi4.driver.task_planner:266] PLANNING Atomic:  keywords={'CART_HESS_READ': 0, 'GEOM_MAXITER': 500, 'SCF__GUESS': 'READ', 'OPTKING__INTRAFRAG_STEP_LIMIT': 0.31640625, 'SCF__INTS_TOLERANCE': 1e-12, 'MAXITER': 500, 'function_kwargs': {}}
2023-01-18:17:49:44,238 INFO     [psi4.driver.driver:617] Compute gradient(): method=scf, basis=cc-pvdz, molecule=default, nre=1990.40763324169
2023-01-18:17:50:10,276 INFO     [psi4.driver.driver:620] Return gradient(): -1436.7392756397749
2023-01-18:17:50:10,277 INFO     [psi4.driver.driver:621] [[-0.00005005  0.0001352   0.00054044]
 [ 0.0004524   0.0020083  -0.0006766 ]
 [-0.00043314 -0.00078389 -0.00089952]
 [-0.00013587  0.0000389  -0.00008631]
 [ 0.00034849 -0.00170024 -0.00027513]
 [-0.00011901 -0.00095777 -0.0018065 ]
 [ 0.00142946  0.00043882  0.00184544]
 [-0.00061533 -0.00046459  0.00322794]
 [ 0.00031264  0.00050603 -0.00027367]
 [ 0.0004732  -0.00017829  0.0002783 ]
 [-0.00017692 -0.00084658 -0.00035292]
 [-0.00067897  0.00058563 -0.00136517]
 [-0.00020014  0.00183892  0.0001459 ]
 [ 0.00003405  0.00039042  0.00025434]
 [ 0.00001499 -0.0007499   0.00004337]
 [-0.00015588 -0.00040215 -0.00005559]
 [ 0.00106338  0.00064125 -0.00001553]
 [-0.00083977  0.00029136 -0.00017833]
 [-0.00003791 -0.00008332  0.00029292]
 [ 0.00011751 -0.00022774 -0.00034296]
 [ 0.00000658  0.00010023 -0.00007961]
 [ 0.00049269 -0.00136534  0.00059583]
 [-0.00187782 -0.00034401 -0.00095315]
 [ 0.00111162  0.0009461   0.00001718]
 [ 0.00201845  0.0010087   0.00088381]
 [ 0.00002743 -0.00053964  0.00028869]
 [-0.00102423 -0.00021637 -0.00035979]
 [-0.00011371  0.00040796 -0.00033334]
 [-0.00000725  0.00039915 -0.00039783]
 [ 0.00004651 -0.00039196  0.00043806]
 [-0.00057843 -0.0010538   0.00017027]
 [ 0.00038282 -0.00022858  0.00040742]
 [-0.00126891  0.00048837 -0.00095743]
 [ 0.00004249  0.00030031  0.00010531]
 [-0.00021953 -0.00016535 -0.00000935]
 [ 0.0001582   0.00017387 -0.00011649]]
2023-01-18:17:50:10,840 INFO     [psi4.driver.task_planner:266] PLANNING Atomic:  keywords={'CART_HESS_READ': 0, 'GEOM_MAXITER': 500, 'SCF__GUESS': 'READ', 'OPTKING__INTRAFRAG_STEP_LIMIT': 0.31640625, 'SCF__INTS_TOLERANCE': 1e-12, 'MAXITER': 500, 'function_kwargs': {}}
2023-01-18:17:50:10,843 INFO     [psi4.driver.driver:617] Compute gradient(): method=scf, basis=cc-pvdz, molecule=default, nre=1990.3318211107667
2023-01-18:17:50:35,463 INFO     [psi4.driver.driver:620] Return gradient(): -1436.7398480104982
2023-01-18:17:50:35,465 INFO     [psi4.driver.driver:621] [[-0.00004281  0.0005118   0.00019752]
 [ 0.0004468   0.00066839  0.00008445]
 [-0.00003677 -0.0007071  -0.00063044]
 [-0.00000185 -0.0004029  -0.00023902]
 [ 0.00060889 -0.00167626 -0.0002418 ]
 [ 0.00076854 -0.00107906 -0.00167472]
 [ 0.00051009  0.00082004  0.00018502]
 [-0.00196998  0.00217172  0.00209022]
 [ 0.0001876  -0.00104281 -0.00003391]
 [ 0.00027674 -0.00010922  0.00010863]
 [-0.00011174 -0.00044206 -0.00030851]
 [-0.00078204  0.00164745 -0.00069101]
 [-0.00043962  0.0007276   0.00024552]
 [-0.0023592   0.00048775  0.00082515]
 [ 0.00033373 -0.0002652   0.00004219]
 [ 0.00004578  0.00090913 -0.00248343]
 [ 0.00166317 -0.00150679  0.00050249]
 [ 0.00238654 -0.00041062 -0.00161292]
 [ 0.00142588 -0.00009623  0.00157762]
 [ 0.00045182 -0.00076286  0.00008056]
 [-0.00264323  0.00076877  0.00140731]
 [-0.00006676 -0.00044359  0.00092891]
 [-0.00134623 -0.00033804 -0.00073182]
 [ 0.00062726  0.00049859 -0.00001004]
 [ 0.00068894  0.00026424  0.00023296]
 [-0.00001387 -0.00029606  0.00019187]
 [-0.0003013  -0.00008296 -0.00017741]
 [-0.00008709  0.00025528 -0.00024142]
 [-0.00003135  0.00024403 -0.00021339]
 [ 0.00007143 -0.00026036  0.00028232]
 [-0.00026423 -0.00021736 -0.00003142]
 [ 0.00013955 -0.00010384  0.00013232]
 [-0.00012681  0.00001283  0.00003608]
 [-0.00003592  0.00021711  0.00010527]
 [-0.00005811 -0.00001791  0.00009332]
 [ 0.00008619  0.00005647 -0.00002849]]
2023-01-18:17:50:35,833 INFO     [psi4.driver.task_planner:266] PLANNING Atomic:  keywords={'CART_HESS_READ': 0, 'GEOM_MAXITER': 500, 'SCF__GUESS': 'READ', 'OPTKING__INTRAFRAG_STEP_LIMIT': 0.94921875, 'SCF__INTS_TOLERANCE': 1e-12, 'MAXITER': 500, 'function_kwargs': {}}
2023-01-18:17:50:35,836 INFO     [psi4.driver.driver:617] Compute gradient(): method=scf, basis=cc-pvdz, molecule=default, nre=1989.017146914304
2023-01-18:17:51:01,314 INFO     [psi4.driver.driver:620] Return gradient(): -1436.7318487813664
2023-01-18:17:51:01,315 INFO     [psi4.driver.driver:621] [[-0.00081279  0.00239932  0.00034729]
 [ 0.00299377  0.00075475  0.00013218]
 [-0.00026048 -0.00142234 -0.00168284]
 [ 0.00052027 -0.00189406 -0.00030509]
 [ 0.00303335 -0.00629678 -0.00068874]
 [ 0.00510214 -0.00725179  0.00024534]
 [ 0.00116506  0.0028455   0.00234317]
 [-0.00796901  0.01207563 -0.00559316]
 [-0.00054097 -0.00515901 -0.00070301]
 [ 0.00111345 -0.00013002  0.00038806]
 [-0.00116847 -0.00156252 -0.00079998]
 [-0.00605285  0.01442064  0.00186185]
 [-0.00020013 -0.00458802 -0.00333342]
 [-0.02369551  0.00383291  0.0013173 ]
 [ 0.00224228 -0.00061221  0.00010032]
 [ 0.00808267  0.00964974 -0.02148148]
 [ 0.00450812 -0.01436764  0.00540271]
 [ 0.02831243 -0.00737369 -0.00272092]
 [ 0.01078363 -0.00079434  0.0172438 ]
 [ 0.00149029 -0.00396374  0.00243132]
 [-0.02633499  0.0088739   0.00550124]
 [-0.00177524 -0.00153102  0.00088135]
 [-0.0025266   0.00066994 -0.00199276]
 [ 0.0008312   0.00169795 -0.00087637]
 [ 0.00199927  0.00137839  0.00079693]
 [ 0.00032775 -0.00165921  0.00158929]
 [-0.00060163 -0.00052956 -0.00011492]
 [-0.00023725  0.00100524 -0.00093233]
 [ 0.00012859  0.00144753 -0.00100743]
 [ 0.00012781 -0.00157029  0.00123576]
 [ 0.00031306  0.00046592 -0.00140268]
 [ 0.00006614 -0.00276201  0.00108752]
 [-0.000861    0.00098999  0.00055901]
 [-0.00033165  0.00102048  0.00016619]
 [-0.00032245 -0.00023891  0.00000868]
 [ 0.00054973  0.00017934 -0.00000417]]
2023-01-18:17:51:01,627 INFO     [psi4.driver.task_planner:266] PLANNING Atomic:  keywords={'CART_HESS_READ': 0, 'GEOM_MAXITER': 500, 'SCF__GUESS': 'READ', 'OPTKING__INTRAFRAG_STEP_LIMIT': 0.94921875, 'SCF__INTS_TOLERANCE': 1e-12, 'MAXITER': 500, 'function_kwargs': {}}
2023-01-18:17:51:01,630 INFO     [psi4.driver.driver:617] Compute gradient(): method=scf, basis=cc-pvdz, molecule=default, nre=1995.5431023959763
2023-01-18:17:51:26,726 INFO     [psi4.driver.driver:620] Return gradient(): -1436.739753789051
2023-01-18:17:51:26,727 INFO     [psi4.driver.driver:621] [[ 0.00002606  0.00200574  0.00043651]
 [ 0.00258118 -0.00025385 -0.00054483]
 [-0.00150102 -0.00208842 -0.00209513]
 [ 0.00054371 -0.0021735  -0.00013675]
 [ 0.00620759 -0.00723214 -0.00050665]
 [ 0.00481306 -0.00829957  0.00110847]
 [ 0.00044777  0.00316852  0.00296005]
 [-0.00886123  0.00696716 -0.00540524]
 [-0.00065989 -0.00488103 -0.00057482]
 [ 0.00117863 -0.0006581   0.00029713]
 [-0.00065383 -0.00066836 -0.00073459]
 [-0.0036239   0.00130908  0.00164393]
 [-0.00338763  0.00944754  0.00476954]
 [ 0.00582345 -0.00185276 -0.000399  ]
 [ 0.00179774 -0.0003029   0.00063368]
 [-0.00093403 -0.00115135  0.00256298]
 [ 0.00058091  0.0036384  -0.00267369]
 [-0.00604802  0.0040684   0.0015877 ]
 [-0.00099828  0.00001207 -0.00263905]
 [ 0.0000817  -0.00021637  0.0006251 ]
 [ 0.00361206 -0.0011612  -0.00087339]
 [-0.0006434  -0.00033481  0.000413  ]
 [-0.00171476 -0.000157   -0.00064522]
 [ 0.00115499  0.00091291 -0.00006859]
 [ 0.00097101  0.00060253  0.00066013]
 [ 0.00043537 -0.00056731  0.00063233]
 [-0.00095652 -0.00020404 -0.00051694]
 [ 0.00006372  0.00039065 -0.00021033]
 [ 0.00001814  0.00042383 -0.00030616]
 [ 0.00015423 -0.00039674  0.00040443]
 [ 0.0003519  -0.00042682 -0.0003787 ]
 [ 0.00001339 -0.00072972 -0.00008304]
 [-0.00116437  0.00067048 -0.00003686]
 [ 0.00023051  0.00003578  0.00021343]
 [-0.00010369 -0.00009156  0.00005572]
 [ 0.00016345  0.00019448 -0.00017514]]
2023-01-18:17:51:27,118 INFO     [psi4.driver.task_planner:266] PLANNING Atomic:  keywords={'CART_HESS_READ': 0, 'GEOM_MAXITER': 500, 'SCF__GUESS': 'READ', 'OPTKING__INTRAFRAG_STEP_LIMIT': 0.94921875, 'SCF__INTS_TOLERANCE': 1e-12, 'MAXITER': 500, 'function_kwargs': {}}
2023-01-18:17:51:27,121 INFO     [psi4.driver.driver:617] Compute gradient(): method=scf, basis=cc-pvdz, molecule=default, nre=1991.1047001819443
2023-01-18:17:51:53,49 INFO     [psi4.driver.driver:620] Return gradient(): -1436.7394457969351
2023-01-18:17:51:53,50 INFO     [psi4.driver.driver:621] [[ 0.00039411 -0.00283079  0.00016996]
 [-0.00269077  0.00077115 -0.0018004 ]
 [ 0.00135205 -0.00101544 -0.00019191]
 [-0.00152701  0.00250691  0.00010953]
 [-0.00285622  0.00334393 -0.00123149]
 [-0.00484907  0.00675554  0.00168273]
 [-0.00288645  0.00004303 -0.00085773]
 [ 0.00666907 -0.00492508  0.00177432]
 [ 0.00225885  0.00126752 -0.00034046]
 [-0.00064356 -0.0012546  -0.00021334]
 [ 0.00253071  0.00018228  0.00064511]
 [ 0.00808448 -0.00741038 -0.00141038]
 [-0.00250447  0.00136984  0.00414765]
 [ 0.00856543 -0.00228069 -0.00087464]
 [-0.00058288  0.00115805 -0.00078651]
 [-0.0030044  -0.00381716  0.00842936]
 [-0.00339792  0.00658896 -0.00281949]
 [-0.01256034  0.00202586  0.00141814]
 [-0.00428675  0.00031169 -0.00735049]
 [-0.00011508  0.00133876 -0.00058263]
 [ 0.00989469 -0.00372044 -0.00185853]
 [ 0.0041466   0.00273614  0.00122892]
 [ 0.0015764  -0.00295429  0.00327978]
 [ 0.00023869 -0.00234999  0.00184806]
 [-0.00254217 -0.00165285 -0.00155227]
 [-0.00054448  0.00251944 -0.00318426]
 [ 0.00116001  0.00066354 -0.00008546]
 [-0.00051131 -0.00116708  0.00063678]
 [-0.00059679 -0.00223945  0.00129039]
 [ 0.00011812  0.00260031 -0.00175099]
 [-0.00163967 -0.00095959  0.00250016]
 [ 0.00048268  0.00527581 -0.0005625 ]
 [ 0.00153626 -0.00255642 -0.00179631]
 [-0.00021399 -0.00090055 -0.00017262]
 [-0.00012522  0.00085698  0.00011121]
 [-0.0009296  -0.00028094  0.00015029]]
2023-01-18:17:51:53,407 INFO     [psi4.driver.task_planner:266] PLANNING Atomic:  keywords={'CART_HESS_READ': 0, 'GEOM_MAXITER': 500, 'SCF__GUESS': 'READ', 'OPTKING__INTRAFRAG_STEP_LIMIT': 0.94921875, 'SCF__INTS_TOLERANCE': 1e-12, 'MAXITER': 500, 'function_kwargs': {}}
2023-01-18:17:51:53,410 INFO     [psi4.driver.driver:617] Compute gradient(): method=scf, basis=cc-pvdz, molecule=default, nre=1992.567770175173
2023-01-18:17:52:18,855 INFO     [psi4.driver.driver:620] Return gradient(): -1436.740629687361
2023-01-18:17:52:18,856 INFO     [psi4.driver.driver:621] [[-0.00013469  0.00365954 -0.00019461]
 [ 0.00321369 -0.00207608  0.00187974]
 [-0.00251389  0.00097332 -0.00087442]
 [ 0.00000089 -0.00333697  0.00014884]
 [ 0.00623518 -0.00471807  0.00006636]
 [ 0.00723646 -0.00855751 -0.00009494]
 [ 0.00064737  0.0022519   0.00179159]
 [-0.00874399  0.00442366 -0.00379774]
 [-0.00332599 -0.00453459  0.00115797]
 [ 0.00080952  0.00075278 -0.00008051]
 [-0.00101077  0.00164696 -0.00033285]
 [-0.00238343  0.00216725  0.000584  ]
 [-0.00289958  0.00456731  0.0030643 ]
 [ 0.00162582 -0.00106801  0.00013853]
 [ 0.00094012 -0.00091438  0.00057282]
 [ 0.00115037  0.00033438 -0.00066258]
 [-0.00065605  0.00261944 -0.00008384]
 [-0.00117767  0.00266209  0.00052605]
 [ 0.00047194 -0.00040413 -0.00127979]
 [ 0.00032927 -0.00017766  0.00043143]
 [ 0.00159314 -0.00065136 -0.00090979]
 [-0.00272389 -0.00051987 -0.00217004]
 [-0.00048675  0.00208761 -0.00086265]
 [ 0.00021664  0.00125079 -0.00128226]
 [ 0.00116483  0.00123271  0.00022817]
 [ 0.00065881 -0.00156168  0.00251476]
 [-0.00104144 -0.00057745  0.00036095]
 [ 0.00047889  0.00070897 -0.00025284]
 [ 0.00043951  0.00139929 -0.00087486]
 [-0.00011957 -0.00148063  0.00107635]
 [ 0.00134206  0.00159902 -0.00210055]
 [-0.00070997 -0.00438748  0.00046965]
 [-0.00135974  0.00185506  0.00134266]
 [ 0.0003218   0.00023548  0.00027781]
 [-0.00025325 -0.0015319  -0.00054893]
 [ 0.00066435  0.00007019 -0.00022877]]
2023-01-18:17:52:19,187 INFO     [psi4.driver.task_planner:266] PLANNING Atomic:  keywords={'CART_HESS_READ': 0, 'GEOM_MAXITER': 500, 'SCF__GUESS': 'READ', 'OPTKING__INTRAFRAG_STEP_LIMIT': 0.94921875, 'SCF__INTS_TOLERANCE': 1e-12, 'MAXITER': 500, 'function_kwargs': {}}
2023-01-18:17:52:19,190 INFO     [psi4.driver.driver:617] Compute gradient(): method=scf, basis=cc-pvdz, molecule=default, nre=1986.6081235168917
2023-01-18:17:52:44,589 INFO     [psi4.driver.driver:620] Return gradient(): -1436.7373657667765
2023-01-18:17:52:44,590 INFO     [psi4.driver.driver:621] [[-0.00003338 -0.00207545  0.00017913]
 [-0.00300112  0.00226514  0.00138637]
 [ 0.00134184 -0.00242044  0.00092639]
 [-0.00135007  0.00372452 -0.0019548 ]
 [-0.0057062  -0.00036499 -0.00209349]
 [-0.00697327  0.0088396  -0.00092312]
 [ 0.00046858  0.00048953 -0.00454816]
 [ 0.01241474 -0.00075631  0.00172027]
 [ 0.00539305  0.00173786 -0.00040865]
 [ 0.00006095  0.00003539 -0.00028512]
 [ 0.00211811 -0.00155266  0.0012695 ]
 [-0.00307742  0.01077366  0.0010904 ]
 [ 0.00436305 -0.01071165 -0.00501826]
 [-0.01555442  0.0060073  -0.0017696 ]
 [-0.00047248 -0.0003295  -0.00037126]
 [ 0.0048172   0.00660106 -0.01100576]
 [ 0.0035389  -0.01521089  0.00181832]
 [ 0.01600732 -0.00993931  0.00035423]
 [ 0.0038975   0.0005781   0.01437489]
 [-0.0013933  -0.00241332  0.00061998]
 [-0.01563349  0.00691206  0.0016735 ]
 [ 0.00316052  0.00015669  0.0039272 ]
 [-0.00242639 -0.00302722  0.00019667]
 [ 0.00084742 -0.00101979  0.00132054]
 [-0.00145879 -0.00040336 -0.0013173 ]
 [-0.00129344  0.00053962 -0.00271555]
 [ 0.00067777  0.00027126  0.0001268 ]
 [-0.0011252  -0.00018765 -0.00053019]
 [-0.00055613 -0.00097347  0.00034289]
 [ 0.00008965  0.00111214 -0.00071357]
 [-0.00162743 -0.00026872  0.00172742]
 [ 0.00052308  0.00400324  0.00063216]
 [ 0.00395755 -0.00303787 -0.00029877]
 [-0.00076318  0.00027996 -0.00026566]
 [-0.00065238  0.00044985 -0.00018068]
 [-0.00057912 -0.00008439  0.00071326]]
2023-01-18:17:52:44,866 INFO     [psi4.driver.task_planner:266] PLANNING Atomic:  keywords={'CART_HESS_READ': 0, 'GEOM_MAXITER': 500, 'SCF__GUESS': 'READ', 'OPTKING__INTRAFRAG_STEP_LIMIT': 0.94921875, 'SCF__INTS_TOLERANCE': 1e-12, 'MAXITER': 500, 'function_kwargs': {}}
2023-01-18:17:52:44,869 INFO     [psi4.driver.driver:617] Compute gradient(): method=scf, basis=cc-pvdz, molecule=default, nre=1990.2439535915767
2023-01-18:17:53:09,474 INFO     [psi4.driver.driver:620] Return gradient(): -1436.7417342529595
2023-01-18:17:53:09,475 INFO     [psi4.driver.driver:621] [[-0.00029583  0.00114362  0.00029219]
 [ 0.00091272 -0.00059666  0.00020409]
 [-0.00127161  0.00042179  0.0002609 ]
 [-0.00112476 -0.00090901 -0.00045522]
 [ 0.00192114 -0.00088195 -0.00073672]
 [ 0.00112451 -0.00073375  0.00093949]
 [-0.00048447  0.00073729 -0.00087545]
 [ 0.00063326 -0.00019461 -0.00133952]
 [-0.00047981 -0.00148658  0.00020654]
 [ 0.00004036  0.00037146  0.0000802 ]
 [ 0.00031827  0.00097245  0.00039851]
 [ 0.00016741  0.00314387  0.00072581]
 [-0.00141222 -0.00168759  0.00037155]
 [-0.00153824  0.00029333 -0.00002262]
 [ 0.00003482  0.00001855 -0.00020265]
 [ 0.00123865  0.0013245  -0.00165879]
 [-0.00000793 -0.00131809  0.00103574]
 [ 0.00187945 -0.00107125  0.00001413]
 [ 0.00030569  0.00004332  0.00050515]
 [-0.00023841 -0.00039786  0.00010186]
 [-0.00148108  0.00065177 -0.00001403]
 [-0.00038424  0.0005136   0.00017201]
 [ 0.00023115  0.00022524  0.00012899]
 [ 0.00001474 -0.00007623  0.000026  ]
 [-0.00054371  0.00039789 -0.00063573]
 [ 0.00011937 -0.00063425  0.00019265]
 [-0.00005227 -0.00018818  0.00020666]
 [ 0.00000228  0.00004701  0.00003466]
 [ 0.00005478  0.00017764 -0.00015404]
 [-0.00012748 -0.00017652  0.00009862]
 [ 0.0005357   0.00134873 -0.00046345]
 [-0.00083755 -0.00097968  0.00057597]
 [ 0.00082716 -0.00003998  0.00002106]
 [-0.00006516  0.00012446  0.00008917]
 [-0.00007712 -0.00058812 -0.00031339]
 [ 0.00006043  0.00000381  0.00018968]]
2023-01-18:17:53:09,780 INFO     [psi4.driver.task_planner:266] PLANNING Atomic:  keywords={'CART_HESS_READ': 0, 'GEOM_MAXITER': 500, 'SCF__GUESS': 'READ', 'OPTKING__INTRAFRAG_STEP_LIMIT': 0.94921875, 'SCF__INTS_TOLERANCE': 1e-12, 'MAXITER': 500, 'function_kwargs': {}}
2023-01-18:17:53:09,783 INFO     [psi4.driver.driver:617] Compute gradient(): method=scf, basis=cc-pvdz, molecule=default, nre=1990.0286189753604
2023-01-18:17:53:34,297 INFO     [psi4.driver.driver:620] Return gradient(): -1436.7419371043068
2023-01-18:17:53:34,298 INFO     [psi4.driver.driver:621] [[ 0.00021504  0.00025341 -0.0004466 ]
 [-0.00056535 -0.00066959  0.00106675]
 [-0.00035252  0.00008136 -0.0005172 ]
 [-0.00062662 -0.00001056 -0.00010938]
 [-0.00018105  0.00014435 -0.00051202]
 [-0.00080299  0.00094638  0.00080171]
 [-0.00036813 -0.00084581  0.00020427]
 [ 0.00152766 -0.00014604 -0.00100565]
 [ 0.000502    0.00017327  0.00044292]
 [ 0.00002934 -0.00018991 -0.0003878 ]
 [ 0.0003955  -0.00005808 -0.00000976]
 [ 0.00076387  0.00116843 -0.00028621]
 [-0.00074357 -0.00035841  0.00025366]
 [-0.000219    0.00022879 -0.00006001]
 [ 0.00006325  0.00014774  0.00028371]
 [ 0.00003126  0.00015838  0.00026846]
 [-0.00005104 -0.00093554  0.00010123]
 [ 0.00027553 -0.00069865 -0.0000307 ]
 [ 0.00000299  0.00005842  0.00000475]
 [-0.00024204 -0.00016939  0.00003094]
 [-0.00031218  0.00015817 -0.00006442]
 [ 0.00033842  0.00082355 -0.00061401]
 [ 0.00076311 -0.0001498   0.00075608]
 [-0.00028245 -0.00050878  0.00009183]
 [-0.00072807 -0.00025512 -0.0008996 ]
 [-0.00055887  0.00010971 -0.00002837]
 [ 0.00010036  0.00000102  0.00013763]
 [-0.0000753  -0.00017379  0.00006032]
 [-0.00004172 -0.00017763  0.00012843]
 [-0.00002411  0.00020537 -0.00024666]
 [ 0.00026765  0.00028424  0.00059969]
 [-0.00028917  0.00007491 -0.00025047]
 [ 0.00105545  0.00027234  0.00009026]
 [ 0.00002711 -0.00003561 -0.00003506]
 [ 0.00009154  0.00015859  0.00012433]
 [ 0.00001412 -0.00006568  0.00005696]]
2023-01-18:17:53:34,646 INFO     [psi4.driver.task_planner:266] PLANNING Atomic:  keywords={'CART_HESS_READ': 0, 'GEOM_MAXITER': 500, 'SCF__GUESS': 'READ', 'OPTKING__INTRAFRAG_STEP_LIMIT': 0.94921875, 'SCF__INTS_TOLERANCE': 1e-12, 'MAXITER': 500, 'function_kwargs': {}}
2023-01-18:17:53:34,649 INFO     [psi4.driver.driver:617] Compute gradient(): method=scf, basis=cc-pvdz, molecule=default, nre=1989.6097470696545
2023-01-18:17:53:58,872 INFO     [psi4.driver.driver:620] Return gradient(): -1436.7420098115515
2023-01-18:17:53:58,873 INFO     [psi4.driver.driver:621] [[ 0.00013185 -0.00024961  0.00025177]
 [ 0.00021464  0.00051947 -0.00130503]
 [ 0.00069542 -0.00001643  0.00051608]
 [ 0.00011245 -0.00013141  0.00041063]
 [-0.00112962  0.00046269 -0.00014858]
 [-0.00063205  0.00057095  0.00008379]
 [ 0.00067883  0.00024436 -0.00091442]
 [ 0.00102786 -0.0013196   0.00009602]
 [-0.00003255  0.00095352  0.00010253]
 [-0.00019287 -0.00003282  0.00045194]
 [ 0.00001094 -0.00050306 -0.00017137]
 [-0.00024516 -0.00034998  0.00016075]
 [-0.00031381 -0.00067731 -0.00054976]
 [-0.00075063  0.00038133 -0.00007195]
 [-0.00002478  0.00006208  0.00009665]
 [ 0.00056567  0.00023413 -0.00060194]
 [-0.0000978  -0.00045914 -0.00006474]
 [ 0.00042573  0.00020403  0.0001207 ]
 [ 0.00028236 -0.00004559  0.00096685]
 [ 0.00004148  0.00022266 -0.00010913]
 [-0.00054443  0.00009344 -0.0000657 ]
 [-0.00009843  0.00020142  0.00057905]
 [-0.00007525 -0.00055223  0.00026661]
 [-0.00005056 -0.00016735  0.00029133]
 [-0.00058163 -0.00007316  0.00046894]
 [ 0.00017749 -0.00025754 -0.0004947 ]
 [-0.00002494  0.00020552 -0.00022948]
 [ 0.00000279 -0.00016037  0.0000619 ]
 [ 0.00002213 -0.0001718   0.000123  ]
 [-0.0000598   0.00013423 -0.00011065]
 [ 0.00065426 -0.00007815  0.00009168]
 [-0.00039941  0.00049874 -0.0000186 ]
 [ 0.00031738  0.00007296 -0.00043854]
 [ 0.00007127  0.00000157 -0.00002091]
 [-0.00009357  0.00010009  0.00002787]
 [-0.00008525  0.00008234  0.00014742]]
2023-01-18:17:53:59,157 INFO     [psi4.driver.task_planner:266] PLANNING Atomic:  keywords={'CART_HESS_READ': 0, 'GEOM_MAXITER': 500, 'SCF__GUESS': 'READ', 'OPTKING__INTRAFRAG_STEP_LIMIT': 0.94921875, 'SCF__INTS_TOLERANCE': 1e-12, 'MAXITER': 500, 'function_kwargs': {}}
2023-01-18:17:53:59,160 INFO     [psi4.driver.driver:617] Compute gradient(): method=scf, basis=cc-pvdz, molecule=default, nre=1989.6192048150153
2023-01-18:17:54:23,763 INFO     [psi4.driver.driver:620] Return gradient(): -1436.7420290644534
2023-01-18:17:54:23,764 INFO     [psi4.driver.driver:621] [[-0.00014235 -0.00008963  0.00016773]
 [-0.00040905 -0.00026049  0.00050501]
 [ 0.00021102  0.0001007   0.0003719 ]
 [ 0.00012704  0.00023727 -0.00091602]
 [-0.00004099 -0.00048626  0.00027102]
 [ 0.00037938  0.00004523 -0.00067607]
 [-0.00001023  0.00000679  0.00060108]
 [ 0.00054046 -0.00007738  0.00022892]
 [-0.00001309  0.00004022 -0.00026564]
 [ 0.00029537  0.00031118 -0.00015625]
 [-0.00021936 -0.00000556  0.000249  ]
 [-0.00037873 -0.00017071  0.00069241]
 [-0.00045016 -0.00055048 -0.00043915]
 [-0.00067968  0.00016851 -0.00010266]
 [-0.00012948 -0.00004376 -0.00026108]
 [ 0.00093274  0.00045384 -0.00099955]
 [-0.00014178 -0.00038359  0.000044  ]
 [ 0.00063091  0.00026644  0.00016651]
 [ 0.00028157  0.00004119  0.00096564]
 [-0.00000097  0.00011125 -0.00004361]
 [-0.00080608  0.00021649 -0.00003516]
 [ 0.00002621 -0.00011539 -0.00014522]
 [ 0.0002266   0.00004305 -0.000306  ]
 [-0.00000234  0.00017426 -0.0000009 ]
 [ 0.00042168 -0.00003319 -0.00002123]
 [ 0.00026312  0.00016571  0.00025882]
 [-0.00006682  0.00003443  0.00002618]
 [-0.00014902  0.00010564 -0.0001057 ]
 [ 0.00002257  0.00007216 -0.00002291]
 [-0.00001904 -0.00007725  0.0000361 ]
 [-0.00031824 -0.00019018  0.00010436]
 [ 0.00026457 -0.00028077  0.00012079]
 [-0.0007153   0.00034351 -0.00025166]
 [-0.00003544  0.0000227   0.00002358]
 [-0.00004724 -0.00004199 -0.0000321 ]
 [ 0.00015215 -0.00015392 -0.00005215]]
2023-01-18:17:54:24,122 INFO     [psi4.driver.task_planner:266] PLANNING Atomic:  keywords={'CART_HESS_READ': 0, 'GEOM_MAXITER': 500, 'SCF__GUESS': 'READ', 'OPTKING__INTRAFRAG_STEP_LIMIT': 1.0, 'SCF__INTS_TOLERANCE': 1e-12, 'MAXITER': 500, 'function_kwargs': {}}
2023-01-18:17:54:24,125 INFO     [psi4.driver.driver:617] Compute gradient(): method=scf, basis=cc-pvdz, molecule=default, nre=1989.647165920129
2023-01-18:17:54:47,284 INFO     [psi4.driver.driver:620] Return gradient(): -1436.7420587265256
2023-01-18:17:54:47,286 INFO     [psi4.driver.driver:621] [[ 0.00006513  0.00001471  0.00001481]
 [-0.00037685 -0.00002242 -0.00030706]
 [ 0.00007704  0.00015393  0.00003718]
 [ 0.00007662 -0.00007059  0.00032964]
 [ 0.00002068  0.00002439 -0.00018145]
 [-0.00002159 -0.00011177  0.00006795]
 [-0.0001237  -0.00033274  0.00039786]
 [ 0.0000889   0.00040959 -0.00003421]
 [-0.00008083 -0.00000003 -0.00009825]
 [ 0.00008187  0.00006792  0.0000612 ]
 [-0.00002701  0.00005226 -0.00005636]
 [-0.00010766 -0.00029362  0.00006938]
 [ 0.00003658  0.00013401 -0.00002852]
 [-0.0000192  -0.00001554  0.00004059]
 [-0.00001393 -0.00005113 -0.00004949]
 [ 0.00007812  0.00003759 -0.00012955]
 [-0.00001335  0.00000088  0.00003485]
 [ 0.0001595  -0.00005449 -0.00001862]
 [ 0.000008   -0.00001596  0.00010674]
 [ 0.00002252 -0.00003603  0.00000923]
 [-0.00004328  0.00002234  0.00001583]
 [ 0.00002239 -0.00010081 -0.00019151]
 [ 0.00028048  0.0001641  -0.00006778]
 [-0.00016496  0.00005423 -0.00007573]
 [ 0.00005746  0.00008588  0.00004034]
 [ 0.00001566 -0.00002     0.00012752]
 [-0.00004369 -0.00003518 -0.00005719]
 [-0.00002929  0.00004361 -0.00004   ]
 [ 0.00001838  0.00005232 -0.00002785]
 [-0.00000348 -0.00005084  0.00005218]
 [-0.00005609 -0.00024867  0.00002636]
 [ 0.00006176 -0.00008484  0.000015  ]
 [ 0.00001253  0.00015058 -0.00011424]
 [-0.00004297  0.00002677 -0.00000665]
 [-0.00000389  0.00001885 -0.00003128]
 [-0.00001184  0.00003074  0.00006907]]
2023-01-18:17:54:47,667 INFO     [psi4.driver.task_planner:266] PLANNING Atomic:  keywords={'CART_HESS_READ': 0, 'GEOM_MAXITER': 500, 'SCF__GUESS': 'READ', 'OPTKING__INTRAFRAG_STEP_LIMIT': 1.0, 'SCF__INTS_TOLERANCE': 1e-12, 'MAXITER': 500, 'function_kwargs': {}}
2023-01-18:17:54:47,670 INFO     [psi4.driver.driver:617] Compute gradient(): method=scf, basis=cc-pvdz, molecule=default, nre=1989.9492688614027
2023-01-18:17:55:10,436 INFO     [psi4.driver.driver:620] Return gradient(): -1436.742054419034
2023-01-18:17:55:10,437 INFO     [psi4.driver.driver:621] [[-0.00006218 -0.00001594  0.00002453]
 [-0.00001497  0.00000033  0.00042135]
 [-0.00029717 -0.0001421   0.00014383]
 [ 0.00004631  0.00016277 -0.00052804]
 [ 0.000224   -0.00018807  0.0002162 ]
 [ 0.00012715  0.00000807 -0.00018754]
 [ 0.00013503  0.00024136 -0.000848  ]
 [-0.00000291  0.00017737 -0.00002026]
 [-0.00002244 -0.00034012  0.00029833]
 [-0.0000155   0.00008661 -0.00007652]
 [-0.00001013 -0.00002566  0.00018759]
 [-0.00005183  0.00010366 -0.00001418]
 [ 0.00009022  0.00026329  0.00021607]
 [ 0.00025596 -0.00003998  0.00005392]
 [-0.00000513 -0.0000474   0.00002903]
 [-0.00024201 -0.00016221  0.000313  ]
 [ 0.00013635  0.00015221 -0.00005458]
 [-0.00030524  0.00004461 -0.00004894]
 [-0.00010037  0.00000477 -0.0004038 ]
 [-0.00006003 -0.00010697 -0.00000205]
 [ 0.00025254 -0.00003253  0.00001528]
 [ 0.00008296 -0.00014443  0.00034533]
 [-0.00024956  0.00000277 -0.00008057]
 [ 0.0000915  -0.00003806 -0.0000118 ]
 [ 0.00003315 -0.00008728 -0.00015062]
 [-0.00001101  0.00003553  0.00000647]
 [-0.00012092  0.00002896 -0.00001048]
 [ 0.0000285  -0.00000853  0.0000255 ]
 [-0.00001373 -0.00001232 -0.00000478]
 [ 0.00001513  0.0000073  -0.00000119]
 [-0.00007606  0.0002333   0.00004695]
 [-0.00000891  0.00001778  0.00000307]
 [ 0.00006796 -0.00008768  0.00016306]
 [ 0.00002104  0.00001962  0.00000183]
 [ 0.00002602 -0.00003452  0.00000595]
 [ 0.00003631 -0.0000765  -0.00007395]]
2023-01-18:17:55:10,791 INFO     [psi4.driver.task_planner:266] PLANNING Atomic:  keywords={'CART_HESS_READ': 0, 'GEOM_MAXITER': 500, 'SCF__GUESS': 'READ', 'OPTKING__INTRAFRAG_STEP_LIMIT': 1.0, 'SCF__INTS_TOLERANCE': 1e-12, 'MAXITER': 500, 'function_kwargs': {}}
2023-01-18:17:55:10,794 INFO     [psi4.driver.driver:617] Compute gradient(): method=scf, basis=cc-pvdz, molecule=default, nre=1989.7363089041285
2023-01-18:17:55:33,774 INFO     [psi4.driver.driver:620] Return gradient(): -1436.74206141084
2023-01-18:17:55:33,775 INFO     [psi4.driver.driver:621] [[ 0.00002542 -0.00001411 -0.00000313]
 [-0.00004997 -0.00000761  0.00003425]
 [ 0.00003869 -0.00001982 -0.00004337]
 [ 0.00000192 -0.00000165 -0.00006351]
 [-0.00007027  0.00003721  0.00001517]
 [-0.00002726  0.00001252  0.00004963]
 [ 0.00003993  0.00000573  0.00005205]
 [ 0.00005414 -0.00003192 -0.00000801]
 [-0.00003827  0.00001801 -0.00001929]
 [ 0.00000633  0.00001986 -0.00000142]
 [-0.00001405 -0.00002765  0.00002695]
 [-0.00002973 -0.00008547 -0.00004699]
 [-0.00000696  0.00001848  0.00001556]
 [-0.00000617  0.00000094 -0.0000028 ]
 [ 0.00000245 -0.00000928 -0.00001023]
 [-0.00000935 -0.00000751  0.00003513]
 [ 0.00003538  0.00005694 -0.00001144]
 [-0.00002915  0.00004041  0.00001694]
 [-0.0000042   0.00001105 -0.00001877]
 [ 0.0000049  -0.00001592  0.00000586]
 [ 0.00001196 -0.00000851 -0.00001282]
 [-0.00000308  0.00000491  0.00003345]
 [ 0.00007815  0.00001158 -0.00002756]
 [-0.00004003  0.00000855  0.00000002]
 [ 0.00001331 -0.00003211  0.00004234]
 [ 0.00004928 -0.00000809 -0.00002286]
 [-0.00001465 -0.00000228 -0.00000747]
 [ 0.00000062 -0.00001015  0.00000136]
 [ 0.0000046  -0.00000704  0.00000715]
 [ 0.00000406  0.00000536 -0.00000938]
 [ 0.00001425  0.0000516  -0.0000185 ]
 [-0.00003775  0.00001898  0.00001013]
 [-0.00001412 -0.0000078   0.00001951]
 [ 0.00001342 -0.00000461 -0.00000873]
 [-0.00000885 -0.00000361 -0.00000323]
 [ 0.00000503 -0.00001699 -0.00002599]]
2023-01-18:17:55:34,118 INFO     [psi4.driver.task_planner:266] PLANNING Atomic:  keywords={'CART_HESS_READ': 0, 'GEOM_MAXITER': 500, 'SCF__GUESS': 'READ', 'OPTKING__INTRAFRAG_STEP_LIMIT': 1.0, 'SCF__INTS_TOLERANCE': 1e-12, 'MAXITER': 500, 'function_kwargs': {}}
2023-01-18:17:55:34,121 INFO     [psi4.driver.driver:617] Compute gradient(): method=scf, basis=cc-pvdz, molecule=default, nre=1989.7688053664467
2023-01-18:17:55:57,463 INFO     [psi4.driver.driver:620] Return gradient(): -1436.7420614126008
2023-01-18:17:55:57,465 INFO     [psi4.driver.driver:621] [[ 0.00000298  0.00000342 -0.00004133]
 [-0.00001154  0.00001656  0.00001523]
 [-0.00002284 -0.00004304  0.00001233]
 [-0.00002067 -0.00002592  0.00010092]
 [ 0.00002263 -0.00002836 -0.00002006]
 [ 0.00000669  0.00003136 -0.00004093]
 [ 0.00001363  0.00003656 -0.00002885]
 [ 0.00002495 -0.00001867 -0.00000338]
 [ 0.00000088 -0.000014   -0.00000517]
 [-0.00000649  0.00000191  0.00000001]
 [-0.00000298  0.00000242 -0.0000102 ]
 [ 0.00000725  0.00003003  0.00001584]
 [-0.00000085 -0.00001628  0.00001379]
 [-0.00001701  0.00001066 -0.00000693]
 [-0.0000039  -0.00000032  0.00000779]
 [ 0.00001349  0.00000268 -0.00000584]
 [ 0.0000105  -0.00000261 -0.00001879]
 [-0.00000905  0.00001736  0.0000093 ]
 [ 0.0000119  -0.00000744  0.00000461]
 [-0.0000147  -0.00000871 -0.00001228]
 [-0.0000303   0.00002098  0.00001352]
 [ 0.00002748 -0.00001181  0.00001863]
 [ 0.00002785  0.00000951  0.00000857]
 [-0.00002178 -0.0000148  -0.00000241]
 [ 0.00001679 -0.00000738  0.00000798]
 [-0.00000726  0.00003198  0.00000648]
 [-0.00001564  0.00000806  0.00000445]
 [ 0.00000186 -0.00000527  0.000003  ]
 [-0.00000346 -0.00000441  0.00000118]
 [ 0.00000397  0.00000642 -0.0000017 ]
 [-0.00000947 -0.00000899 -0.00000137]
 [ 0.00001878 -0.00000321 -0.00002087]
 [ 0.00000439 -0.00003513 -0.00002779]
 [ 0.00000077  0.00000101 -0.00001209]
 [ 0.00000053  0.00000201 -0.00000707]
 [-0.00001939  0.00002343  0.00002345]]
2023-01-18:17:55:58,671 INFO     [psi4.driver.task_planner:266] PLANNING Atomic:  keywords={'GEOM_MAXITER': 500, 'SCF__INTS_TOLERANCE': 1e-12, 'MAXITER': 500, 'function_kwargs': {}}
2023-01-18:17:55:58,674 INFO     [psi4.driver.driver:774] Compute properties(): method=scf, basis=6-31g*, molecule=optimized, nre=1989.7688053664115
2023-01-18:17:56:32,608 INFO     [psi4.driver.driver:777] Return properties(): -1436.6424864474343
2023-01-18:17:56:33,926 INFO     [psi4.driver.task_planner:266] PLANNING Atomic:  keywords={'GEOM_MAXITER': 500, 'SCF__INTS_TOLERANCE': 1e-12, 'MAXITER': 500, 'function_kwargs': {}}
2023-01-18:17:56:33,930 INFO     [psi4.driver.driver:774] Compute properties(): method=scf, basis=6-31g*, molecule=optimized, nre=1989.7688053664115
2023-01-18:17:57:08,680 INFO     [psi4.driver.driver:777] Return properties(): -1436.6424864509295
