2023-01-19:14:50:35,774 INFO     [psi4.driver.task_planner:266] PLANNING Atomic:  keywords={'GEOM_MAXITER': 500, 'SCF__INTS_TOLERANCE': 1e-12, 'MAXITER': 500, 'function_kwargs': {}}
2023-01-19:14:50:35,777 INFO     [psi4.driver.driver:617] Compute gradient(): method=scf, basis=cc-pvdz, molecule=default, nre=824.6520522439355
2023-01-19:14:50:50,220 INFO     [psi4.driver.driver:620] Return gradient(): -598.2519797534706
2023-01-19:14:50:50,221 INFO     [psi4.driver.driver:621] [[ 0.01074068  0.00006447  0.00064406]
 [ 0.00632648  0.01097995  0.00382238]
 [-0.00061818 -0.01211371 -0.00120189]
 [ 0.0000434   0.00215408  0.00082134]
 [-0.00791444 -0.00525716  0.00093311]
 [-0.00906449  0.0085043   0.00085515]
 [-0.00073401 -0.00812315 -0.00815614]
 [ 0.00057609  0.01200989 -0.00030249]
 [ 0.00060462 -0.0006952  -0.00103823]
 [ 0.00279201 -0.00118754  0.00273825]
 [-0.00026262 -0.01301634  0.00100522]
 [-0.00017562  0.00050363  0.00127289]
 [-0.0007169  -0.00060445 -0.00161204]
 [-0.00019958  0.01300914 -0.00040047]
 [-0.00039441 -0.00029883 -0.00138144]
 [ 0.00009609 -0.00014444  0.00170324]
 [-0.0006179  -0.01268804 -0.00014046]
 [-0.0000034   0.00011794  0.00150944]
 [ 0.00001277 -0.00022286 -0.00155615]
 [ 0.00004283  0.01248471  0.00146304]
 [-0.0002999  -0.00021294 -0.00141375]
 [ 0.00001294 -0.00021293  0.00165996]
 [-0.0026357  -0.00970536 -0.00205974]
 [-0.00018167 -0.00010133  0.0015887 ]
 [ 0.0002274  -0.00011794 -0.00175322]
 [ 0.00287446  0.00627889  0.00443551]
 [ 0.00031349  0.00038053 -0.00111108]
 [ 0.00034292 -0.00005702  0.0018002 ]
 [ 0.00416347 -0.00399401  0.00164875]
 [-0.00083707 -0.00040743  0.00297085]
 [-0.00025733  0.00089637 -0.00475767]
 [-0.02551222  0.01036235  0.01047295]
 [ 0.00048663  0.00131458 -0.00159712]
 [-0.00205132 -0.00258177  0.00064702]
 [-0.12354969  0.16738832  0.0630222 ]
 [ 0.18512521 -0.1647224  -0.11139644]
 [ 0.00073563  0.00053952 -0.00218552]
 [-0.00285255 -0.00519157  0.00633612]
 [-0.03663811 -0.00533225  0.03071347]]
2023-01-19:14:50:50,676 INFO     [psi4.driver.task_planner:266] PLANNING Atomic:  keywords={'CART_HESS_READ': 0, 'GEOM_MAXITER': 500, 'SCF__GUESS': 'READ', 'SCF__INTS_TOLERANCE': 1e-12, 'MAXITER': 500, 'function_kwargs': {}}
2023-01-19:14:50:50,680 INFO     [psi4.driver.driver:617] Compute gradient(): method=scf, basis=cc-pvdz, molecule=default, nre=829.0829075871623
2023-01-19:14:51:04,289 INFO     [psi4.driver.driver:620] Return gradient(): -598.3220196887149
2023-01-19:14:51:04,291 INFO     [psi4.driver.driver:621] [[-0.00132292 -0.00145624 -0.00110363]
 [ 0.00520491  0.00560237  0.0034569 ]
 [-0.0026918  -0.00519144 -0.00144559]
 [-0.00017835  0.00006829 -0.00004543]
 [-0.00246906 -0.00308319 -0.00058853]
 [-0.00119215  0.00109622  0.00022621]
 [ 0.00018625 -0.00049262 -0.00101633]
 [ 0.00055516  0.00566261  0.0002692 ]
 [ 0.0003708   0.00086179 -0.00046289]
 [ 0.00098466  0.00070445  0.00063208]
 [ 0.00007822 -0.00556596  0.00019273]
 [-0.00011735 -0.00077948  0.00044756]
 [-0.00018834 -0.0014329  -0.00064054]
 [ 0.00003381  0.00574724  0.00014523]
 [-0.00005985  0.0010136  -0.00063024]
 [-0.00009093  0.00104802  0.00057129]
 [ 0.0001739  -0.00547704 -0.00026625]
 [-0.00002543 -0.00110714  0.00061223]
 [-0.00005409 -0.00125057 -0.00065058]
 [ 0.00036395  0.00594717  0.00110393]
 [ 0.00000115  0.00090123 -0.00043829]
 [-0.000069    0.00097827  0.00063794]
 [-0.00040666 -0.00477982 -0.0010424 ]
 [-0.00001924 -0.0012318   0.00051478]
 [-0.00005125 -0.00127169 -0.00091807]
 [ 0.00136744  0.0053044   0.00291013]
 [ 0.00012849  0.00075603 -0.00031249]
 [-0.0000898   0.00064972  0.00083712]
 [ 0.00144217 -0.00163927 -0.00200005]
 [ 0.00008356 -0.00099454  0.00018761]
 [-0.00009206 -0.00158077 -0.00192309]
 [-0.01562705  0.01910067  0.00744205]
 [-0.00020264  0.00118423 -0.00023278]
 [ 0.00027137 -0.00039885 -0.00005456]
 [-0.0184164   0.00909139  0.0115406 ]
 [ 0.04221058 -0.03107568 -0.02557066]
 [ 0.00101026 -0.00055571 -0.00120269]
 [ 0.00081652 -0.00253876  0.00001346]
 [-0.01191884  0.00618579  0.00880406]]
2023-01-19:14:51:04,585 INFO     [psi4.driver.task_planner:266] PLANNING Atomic:  keywords={'CART_HESS_READ': 0, 'GEOM_MAXITER': 500, 'SCF__GUESS': 'READ', 'OPTKING__INTRAFRAG_STEP_LIMIT': 1.0, 'SCF__INTS_TOLERANCE': 1e-12, 'MAXITER': 500, 'function_kwargs': {}}
2023-01-19:14:51:04,588 INFO     [psi4.driver.driver:617] Compute gradient(): method=scf, basis=cc-pvdz, molecule=default, nre=829.0172844790025
2023-01-19:14:51:16,896 INFO     [psi4.driver.driver:620] Return gradient(): -598.3258187383063
2023-01-19:14:51:16,897 INFO     [psi4.driver.driver:621] [[-0.00219668 -0.00172981  0.0017063 ]
 [ 0.00194626 -0.00008543  0.00027512]
 [-0.00161141 -0.00049467 -0.00033028]
 [ 0.00020157  0.00071393  0.00134719]
 [ 0.00026632  0.00151583 -0.00282148]
 [ 0.00046092  0.00010458  0.00005304]
 [-0.00009333 -0.0004787  -0.00090548]
 [ 0.000853    0.00103972  0.00070876]
 [-0.00026745 -0.00008081 -0.00092239]
 [ 0.00010141 -0.00105281  0.00157486]
 [-0.00030281 -0.00102358 -0.00020052]
 [ 0.00015417  0.00063895  0.00084771]
 [-0.0000627   0.00062463 -0.00178766]
 [ 0.00024311  0.00112104  0.0004363 ]
 [ 0.00003783 -0.00008692 -0.00066393]
 [ 0.00000246 -0.00046368  0.00100228]
 [-0.00024715 -0.00110243 -0.00022264]
 [ 0.00015395 -0.00005332  0.00037767]
 [-0.00014857  0.00022494 -0.00083123]
 [ 0.00011788  0.00128361  0.00037282]
 [ 0.00009628  0.00014803 -0.00018468]
 [-0.00004404  0.00003093  0.00048193]
 [-0.00026971 -0.00094458  0.00010205]
 [ 0.00023182 -0.00038654 -0.00004302]
 [-0.00025638 -0.00021292 -0.00033798]
 [-0.00008731  0.00185335  0.00074538]
 [ 0.0001135   0.00030632  0.00003739]
 [-0.00000074  0.00025108  0.00007335]
 [-0.00182969 -0.0009522   0.00033486]
 [ 0.00043892  0.00014144 -0.00060758]
 [-0.0006465  -0.00059494 -0.00061671]
 [ 0.0021182  -0.00386992  0.00119627]
 [-0.00007901  0.00111407 -0.00177604]
 [-0.00055256 -0.00268534  0.00031858]
 [ 0.01066901 -0.01256658 -0.006693  ]
 [-0.0101607   0.0173508   0.00468842]
 [ 0.0013355  -0.00527687  0.00240182]
 [ 0.00124403  0.00097862 -0.00021253]
 [-0.00192936  0.00470019  0.00007505]]
2023-01-19:14:51:17,187 INFO     [psi4.driver.task_planner:266] PLANNING Atomic:  keywords={'CART_HESS_READ': 0, 'GEOM_MAXITER': 500, 'SCF__GUESS': 'READ', 'OPTKING__INTRAFRAG_STEP_LIMIT': 1.0, 'SCF__INTS_TOLERANCE': 1e-12, 'MAXITER': 500, 'function_kwargs': {}}
2023-01-19:14:51:17,190 INFO     [psi4.driver.driver:617] Compute gradient(): method=scf, basis=cc-pvdz, molecule=default, nre=827.3753080684872
2023-01-19:14:51:29,366 INFO     [psi4.driver.driver:620] Return gradient(): -598.3253135643674
2023-01-19:14:51:29,368 INFO     [psi4.driver.driver:621] [[-0.00506438 -0.00247842  0.00709659]
 [ 0.00453127 -0.00167876  0.00044748]
 [-0.00192168  0.00134732 -0.00019865]
 [ 0.00065039  0.00439098  0.00685819]
 [ 0.00094215  0.00571608 -0.00623315]
 [ 0.00007575  0.00058834  0.00029591]
 [-0.00115571 -0.00514237 -0.00837904]
 [ 0.00175632 -0.00209219  0.00028581]
 [-0.00021922 -0.00304524 -0.00473797]
 [-0.00052109 -0.00397207  0.00445032]
 [-0.00080101  0.00099204 -0.00018398]
 [ 0.00024488  0.00361872  0.00557059]
 [ 0.00028374  0.00473415 -0.00522985]
 [ 0.00069196 -0.00061992  0.00013379]
 [ 0.0000199  -0.00224058 -0.00350154]
 [-0.00003579 -0.00301437  0.00318637]
 [-0.00041199  0.00021257 -0.00017871]
 [ 0.00017801  0.00151096  0.00247032]
 [ 0.00012452  0.00221819 -0.00230729]
 [ 0.00036357  0.00007857  0.00006529]
 [ 0.00006723 -0.00082857 -0.00128458]
 [-0.00004918 -0.00109183  0.00123009]
 [-0.00008395 -0.00028592 -0.00017693]
 [ 0.00019432  0.00028475  0.00062389]
 [-0.00004122  0.00067436 -0.00057553]
 [-0.0002176   0.00107711  0.00133467]
 [ 0.00008475 -0.00014647 -0.00005353]
 [ 0.00002003  0.00014157  0.00005206]
 [-0.00547434  0.00467692  0.00102657]
 [-0.00023104  0.00037125 -0.0005202 ]
 [-0.00023989 -0.00003362 -0.00007528]
 [ 0.00422392 -0.0042671   0.00314634]
 [-0.00094622 -0.00319319 -0.01030041]
 [-0.00117397 -0.00874049  0.00646929]
 [-0.00950763  0.01614056  0.00409623]
 [ 0.00501662 -0.00887856 -0.00957302]
 [ 0.00006143  0.00004814  0.00055343]
 [ 0.00168274  0.00241896  0.00894477]
 [ 0.00688239  0.00050816 -0.00482834]]
2023-01-19:14:51:29,661 INFO     [psi4.driver.task_planner:266] PLANNING Atomic:  keywords={'CART_HESS_READ': 0, 'GEOM_MAXITER': 500, 'SCF__GUESS': 'READ', 'OPTKING__INTRAFRAG_STEP_LIMIT': 1.0, 'SCF__INTS_TOLERANCE': 1e-12, 'MAXITER': 500, 'function_kwargs': {}}
2023-01-19:14:51:29,664 INFO     [psi4.driver.driver:617] Compute gradient(): method=scf, basis=cc-pvdz, molecule=default, nre=830.2378233726095
2023-01-19:14:51:42,59 INFO     [psi4.driver.driver:620] Return gradient(): -598.3273951759566
2023-01-19:14:51:42,60 INFO     [psi4.driver.driver:621] [[-0.00104056 -0.00075415  0.00030125]
 [ 0.00097341  0.00035837  0.00003678]
 [-0.00072284 -0.0004373  -0.00009604]
 [-0.00020596 -0.00023687  0.00002285]
 [ 0.00003875  0.0001386  -0.00029305]
 [ 0.00016486  0.00005974 -0.00010198]
 [ 0.00011449  0.00027228 -0.0000251 ]
 [ 0.00035155  0.0006055   0.00024631]
 [ 0.00010729  0.00008908 -0.00006294]
 [-0.00003098  0.00021163  0.00020801]
 [-0.00010902 -0.00060594 -0.00017277]
 [-0.00011284 -0.00015768  0.00013717]
 [ 0.00004669 -0.0000418  -0.00013047]
 [ 0.00015542  0.00064293 -0.00005514]
 [ 0.00002993  0.00007512 -0.00006476]
 [-0.00000003  0.00022044  0.00006759]
 [-0.00007735 -0.00063554 -0.00026401]
 [-0.0000948  -0.00018579 -0.00001321]
 [ 0.00004295 -0.00015123 -0.00004354]
 [ 0.00010767  0.00069466 -0.00003932]
 [ 0.00003017  0.00004241  0.00006213]
 [-0.0000117   0.00028344  0.0000874 ]
 [-0.00020491 -0.00033299 -0.00069339]
 [ 0.00004632 -0.00026099 -0.00001603]
 [-0.00009826 -0.00004649  0.00003393]
 [-0.00032276  0.00120899  0.00182939]
 [-0.00000616 -0.00020451 -0.00002909]
 [ 0.0001865   0.00039892  0.00014797]
 [-0.00011084 -0.0008145  -0.00007257]
 [-0.00041655 -0.00013337 -0.00078497]
 [ 0.00008106  0.00021299 -0.00011044]
 [ 0.0010992  -0.00076728 -0.0001724 ]
 [ 0.00007962  0.00011306  0.00008648]
 [ 0.00020029  0.00014109  0.00028842]
 [ 0.00130605 -0.00275904 -0.00061562]
 [-0.00340115  0.00156665 -0.00023306]
 [ 0.0003352  -0.00119406  0.00054968]
 [ 0.00076719  0.00014244 -0.00012759]
 [ 0.00070209  0.00224122  0.00011212]]
2023-01-19:14:51:42,367 INFO     [psi4.driver.task_planner:266] PLANNING Atomic:  keywords={'CART_HESS_READ': 0, 'GEOM_MAXITER': 500, 'SCF__GUESS': 'READ', 'OPTKING__INTRAFRAG_STEP_LIMIT': 1.0, 'SCF__INTS_TOLERANCE': 1e-12, 'MAXITER': 500, 'function_kwargs': {}}
2023-01-19:14:51:42,370 INFO     [psi4.driver.driver:617] Compute gradient(): method=scf, basis=cc-pvdz, molecule=default, nre=828.6418552649916
2023-01-19:14:51:54,262 INFO     [psi4.driver.driver:620] Return gradient(): -598.3228045506434
2023-01-19:14:51:54,264 INFO     [psi4.driver.driver:621] [[ 0.00303377  0.00036923  0.00173256]
 [-0.00267115 -0.00080039 -0.00161484]
 [ 0.0023517   0.00152671  0.00113395]
 [-0.0006974   0.00079071  0.00123753]
 [-0.00024267  0.00069195  0.00034485]
 [-0.00148642  0.00117256  0.00034955]
 [ 0.00016988 -0.00049735 -0.00148572]
 [-0.00114753 -0.00179009 -0.0011393 ]
 [ 0.00057544 -0.00114018 -0.00154799]
 [ 0.00009385 -0.0010238   0.00044746]
 [ 0.00061316  0.00191128  0.00070353]
 [-0.00034355  0.00054932  0.00044315]
 [-0.00009089  0.0003692   0.00027771]
 [-0.00045123 -0.00194571 -0.00065399]
 [ 0.00027929 -0.00077268 -0.00075177]
 [-0.00001759 -0.00082317  0.00016724]
 [ 0.00045753  0.00168582  0.00047225]
 [-0.0002095   0.00083346  0.00070169]
 [-0.00003368  0.00073793 -0.00005231]
 [-0.0000394  -0.00164533 -0.00079479]
 [ 0.00022483 -0.00061407 -0.0005632 ]
 [-0.00003213 -0.00074725  0.00012537]
 [ 0.00028555  0.00088412  0.00069292]
 [-0.00011242  0.00059783 -0.0000142 ]
 [ 0.00012861  0.00021553  0.00048716]
 [-0.00117224 -0.0015195  -0.00194054]
 [ 0.00005659 -0.00020597  0.00010866]
 [-0.00032346 -0.00045763 -0.00021418]
 [ 0.00076471  0.00035733  0.00270809]
 [-0.00003344  0.00128562  0.00163511]
 [-0.0004013   0.00098815  0.00001638]
 [-0.01296644 -0.01057661 -0.00755648]
 [ 0.00093248 -0.00042857 -0.00069444]
 [ 0.00016386  0.00117595 -0.00048591]
 [-0.03160078  0.03639218 -0.00853547]
 [ 0.03737938 -0.01416966  0.03272027]
 [ 0.00312778 -0.00081459 -0.00308989]
 [-0.00158339  0.00461803  0.00744644]
 [ 0.00501818 -0.01718036 -0.02281684]]
2023-01-19:14:51:54,568 INFO     [psi4.driver.task_planner:266] PLANNING Atomic:  keywords={'CART_HESS_READ': 0, 'GEOM_MAXITER': 500, 'SCF__GUESS': 'READ', 'OPTKING__INTRAFRAG_STEP_LIMIT': 1.0, 'SCF__INTS_TOLERANCE': 1e-12, 'MAXITER': 500, 'function_kwargs': {}}
2023-01-19:14:51:54,572 INFO     [psi4.driver.driver:617] Compute gradient(): method=scf, basis=cc-pvdz, molecule=default, nre=831.2794496350098
2023-01-19:14:52:06,983 INFO     [psi4.driver.driver:620] Return gradient(): -598.3242215891422
2023-01-19:14:52:06,984 INFO     [psi4.driver.driver:621] [[-0.0031081   0.00094431 -0.00099427]
 [ 0.00197474  0.00141967 -0.00064565]
 [-0.00169898 -0.00090634  0.0010619 ]
 [ 0.00023486 -0.00149173 -0.00361569]
 [ 0.00055411 -0.00379646  0.00336344]
 [ 0.00199218 -0.00174129 -0.00101203]
 [-0.0000879   0.00122493  0.00244312]
 [ 0.0011924   0.00013121 -0.00089065]
 [-0.00022804  0.00123426  0.00290596]
 [-0.00063715  0.00368442 -0.00300987]
 [-0.00076889 -0.00029656  0.00069247]
 [-0.0000497  -0.00055153 -0.00144763]
 [ 0.00038246 -0.00193244  0.00174469]
 [ 0.00084964  0.00021169 -0.00068057]
 [-0.00005831  0.00061418  0.00166857]
 [-0.00030354  0.00207752 -0.00192532]
 [-0.00046566 -0.00015161  0.00030118]
 [-0.00002708 -0.00047459 -0.00141818]
 [ 0.00026159 -0.00170557  0.00168948]
 [ 0.00027444 -0.00057486 -0.0003933 ]
 [-0.00021868  0.00035305  0.00108104]
 [-0.00016152  0.0012641  -0.00130288]
 [ 0.00028367 -0.00008387  0.00054178]
 [-0.00006713  0.00038134 -0.0000266 ]
 [ 0.00003239  0.00013609  0.00024868]
 [ 0.00181094  0.00094656  0.00193487]
 [-0.00012625 -0.00014204 -0.00013118]
 [ 0.00013583 -0.00013776 -0.00019445]
 [-0.00196996 -0.00073545 -0.00028783]
 [-0.00021077 -0.00055448 -0.00325424]
 [ 0.00053107 -0.00138816  0.00167272]
 [ 0.0031592   0.0046551  -0.00626182]
 [ 0.000182    0.00153777  0.00234946]
 [-0.00033582  0.00056905 -0.00071336]
 [ 0.0093067  -0.04204257  0.00362195]
 [ 0.01746637  0.02159569 -0.01159608]
 [-0.0095164   0.00939413 -0.00324945]
 [ 0.00163156 -0.00322893 -0.00967603]
 [-0.02221629  0.00956114  0.02540574]]
2023-01-19:14:52:07,283 INFO     [psi4.driver.task_planner:266] PLANNING Atomic:  keywords={'CART_HESS_READ': 0, 'GEOM_MAXITER': 500, 'SCF__GUESS': 'READ', 'OPTKING__INTRAFRAG_STEP_LIMIT': 0.25, 'SCF__INTS_TOLERANCE': 1e-12, 'MAXITER': 500, 'function_kwargs': {}}
2023-01-19:14:52:07,286 INFO     [psi4.driver.driver:617] Compute gradient(): method=scf, basis=cc-pvdz, molecule=default, nre=830.1734823908428
2023-01-19:14:52:19,328 INFO     [psi4.driver.driver:620] Return gradient(): -598.3278839888109
2023-01-19:14:52:19,329 INFO     [psi4.driver.driver:621] [[ 0.00151902  0.00109553 -0.0008546 ]
 [-0.00141698  0.00047011 -0.00083102]
 [ 0.00096431  0.0001587   0.00075095]
 [-0.00017336 -0.00061561 -0.00187388]
 [-0.00003711 -0.00212954  0.00218507]
 [-0.00008279 -0.00013239 -0.00025241]
 [ 0.00009203  0.00070474  0.00163111]
 [-0.00043394 -0.00038131 -0.00085965]
 [ 0.00009487  0.0002822   0.0012129 ]
 [-0.00009615  0.00147846 -0.00144496]
 [ 0.00013452  0.00061843  0.00056622]
 [-0.00009405 -0.00041336 -0.00133164]
 [ 0.00002915 -0.0013464   0.00146476]
 [-0.0000656  -0.00073599 -0.00047494]
 [ 0.00002837  0.0001794   0.00090103]
 [-0.00009226  0.00081997 -0.00101747]
 [ 0.00010009  0.00073124  0.00041772]
 [-0.00004689  0.00002876 -0.00059098]
 [ 0.00003088 -0.00061854  0.0008722 ]
 [ 0.00001871 -0.00099233 -0.00045186]
 [-0.00000391 -0.00002323  0.00034104]
 [-0.00007675  0.00022047 -0.00056264]
 [ 0.00044803  0.00022805  0.00066709]
 [-0.0001257   0.00038872 -0.00007004]
 [ 0.00013112  0.00002196  0.00035162]
 [ 0.00131097  0.00020827 -0.00201724]
 [ 0.00002991 -0.00001994  0.00009612]
 [-0.00029022 -0.00046066 -0.00011334]
 [ 0.00009743  0.00090193  0.00003653]
 [ 0.00028008  0.00029263  0.00007432]
 [ 0.00008778 -0.00030573  0.00074674]
 [ 0.00154741 -0.000458   -0.00273409]
 [ 0.00027082  0.00130136  0.0018741 ]
 [ 0.00076486  0.0020282  -0.00157188]
 [-0.00221832  0.00369729  0.00217506]
 [-0.00435057 -0.00718736  0.002933  ]
 [-0.00204623  0.00212627 -0.0014718 ]
 [-0.00043044  0.00003905 -0.00054837]
 [ 0.0041009  -0.00220136 -0.00022477]]
2023-01-19:14:52:19,752 INFO     [psi4.driver.task_planner:266] PLANNING Atomic:  keywords={'CART_HESS_READ': 0, 'GEOM_MAXITER': 500, 'SCF__GUESS': 'READ', 'OPTKING__INTRAFRAG_STEP_LIMIT': 0.25, 'SCF__INTS_TOLERANCE': 1e-12, 'MAXITER': 500, 'function_kwargs': {}}
2023-01-19:14:52:19,755 INFO     [psi4.driver.driver:617] Compute gradient(): method=scf, basis=cc-pvdz, molecule=default, nre=829.2586333580816
2023-01-19:14:52:32,166 INFO     [psi4.driver.driver:620] Return gradient(): -598.3280625995528
2023-01-19:14:52:32,167 INFO     [psi4.driver.driver:621] [[-0.0010654  -0.00073661  0.00052392]
 [ 0.00147924 -0.00041724  0.00110653]
 [-0.00068775  0.00002029 -0.00080111]
 [ 0.00023758  0.00059791  0.00175793]
 [-0.0001174   0.00167854 -0.00182223]
 [-0.00010316  0.00017592  0.00011675]
 [-0.00020114 -0.00083541 -0.00166346]
 [ 0.00038011  0.00008352  0.0006116 ]
 [-0.00018268 -0.00037426 -0.00102908]
 [ 0.00010233 -0.00119893  0.00128868]
 [-0.00015553 -0.00029422 -0.00042552]
 [ 0.00012384  0.00039167  0.00121888]
 [ 0.00000246  0.00123793 -0.00124732]
 [ 0.00002253  0.00037947  0.00037164]
 [-0.00011775 -0.00021282 -0.00078377]
 [ 0.00012714 -0.00073543  0.00087049]
 [-0.00012612 -0.00037296 -0.00025193]
 [ 0.00006607  0.00001012  0.00053998]
 [-0.00000127  0.00058706 -0.00073002]
 [-0.0000815   0.00056702  0.00036936]
 [-0.00012113  0.00000609 -0.00033059]
 [ 0.00016086 -0.0002643   0.000443  ]
 [-0.00008491 -0.00031758 -0.00047703]
 [ 0.0000503  -0.00018539  0.00012098]
 [-0.00000605  0.00002906 -0.00033615]
 [ 0.00050224  0.00127652  0.00065862]
 [-0.0001396  -0.0000677  -0.00014883]
 [ 0.00028996  0.00032543  0.00008766]
 [-0.00118749  0.0004661   0.00119833]
 [-0.00020214 -0.00004822 -0.00007587]
 [ 0.00003479 -0.00006135 -0.00043203]
 [ 0.00032486 -0.00018745  0.0016846 ]
 [-0.00046436 -0.00073574 -0.00200468]
 [-0.00026815 -0.00211015  0.00165331]
 [ 0.00280344 -0.00895692 -0.00117011]
 [-0.00292085  0.0089385  -0.00291694]
 [ 0.00108339 -0.00184841  0.00154225]
 [ 0.00059401 -0.00002412  0.00100609]
 [-0.00015079  0.00321406 -0.00052394]]
2023-01-19:14:52:32,651 INFO     [psi4.driver.task_planner:266] PLANNING Atomic:  keywords={'CART_HESS_READ': 0, 'GEOM_MAXITER': 500, 'SCF__GUESS': 'READ', 'OPTKING__INTRAFRAG_STEP_LIMIT': 0.25, 'SCF__INTS_TOLERANCE': 1e-12, 'MAXITER': 500, 'function_kwargs': {}}
2023-01-19:14:52:32,654 INFO     [psi4.driver.driver:617] Compute gradient(): method=scf, basis=cc-pvdz, molecule=default, nre=829.2457459806403
2023-01-19:14:52:45,85 INFO     [psi4.driver.driver:620] Return gradient(): -598.3286452989789
2023-01-19:14:52:45,87 INFO     [psi4.driver.driver:621] [[ 0.00004114  0.00013347  0.00008942]
 [-0.00009957 -0.00011496 -0.00017759]
 [ 0.00002648  0.00020261  0.00001221]
 [-0.00002068 -0.00002696  0.00005823]
 [-0.0000167   0.00003144 -0.00002167]
 [ 0.00000075 -0.00004262 -0.00000851]
 [ 0.00005687  0.00002939  0.0000297 ]
 [-0.0000688  -0.00024535 -0.00004082]
 [-0.00002269 -0.00001262 -0.00001448]
 [ 0.00006026 -0.00006887  0.00000655]
 [ 0.00002201  0.00022429  0.00004701]
 [ 0.00001031  0.00005004  0.00004796]
 [-0.0000207   0.00000823 -0.00001329]
 [-0.00001582 -0.0002205  -0.00003569]
 [ 0.00000879 -0.00001939 -0.00002559]
 [ 0.00000559 -0.00003482  0.00001699]
 [ 0.0000212   0.00022478  0.00006983]
 [ 0.00000368  0.00001484  0.00003235]
 [-0.00002097  0.00002944 -0.00002093]
 [-0.00004482 -0.00022257 -0.0000448 ]
 [-0.00000212  0.0000111  -0.00002795]
 [ 0.00002294 -0.00005395 -0.00000501]
 [ 0.00006964  0.00010685  0.00012596]
 [-0.00000381  0.00004541  0.0000276 ]
 [ 0.00000231 -0.00000297 -0.00003235]
 [ 0.0007058   0.00056504 -0.00067166]
 [-0.00000638  0.00000364 -0.00003481]
 [-0.00001742 -0.0000178  -0.00001481]
 [-0.0005224   0.00031071  0.0004846 ]
 [-0.00001593 -0.00003282  0.0001472 ]
 [ 0.00015642 -0.0001244   0.00006935]
 [ 0.0003782  -0.00018116  0.00014197]
 [-0.00006482 -0.00012659 -0.00005389]
 [-0.00005665 -0.00001277  0.00000486]
 [-0.00188334  0.00041119  0.00037178]
 [ 0.00097322 -0.0005339  -0.00039606]
 [-0.00035835 -0.00005149 -0.00016902]
 [ 0.00016661 -0.00014051  0.00020529]
 [ 0.00052976 -0.00011547 -0.00017995]]
2023-01-19:14:52:45,608 INFO     [psi4.driver.task_planner:266] PLANNING Atomic:  keywords={'CART_HESS_READ': 0, 'GEOM_MAXITER': 500, 'SCF__GUESS': 'READ', 'OPTKING__INTRAFRAG_STEP_LIMIT': 0.0625, 'SCF__INTS_TOLERANCE': 1e-12, 'MAXITER': 500, 'function_kwargs': {}}
2023-01-19:14:52:45,612 INFO     [psi4.driver.driver:617] Compute gradient(): method=scf, basis=cc-pvdz, molecule=default, nre=829.0474139017382
2023-01-19:14:52:57,380 INFO     [psi4.driver.driver:620] Return gradient(): -598.3287291795181
2023-01-19:14:52:57,382 INFO     [psi4.driver.driver:621] [[ 0.00002368  0.00003047  0.00003045]
 [-0.00003893 -0.00007092  0.00005505]
 [ 0.00002878  0.00007406  0.0000088 ]
 [ 0.0000163   0.00005164  0.00009062]
 [-0.00000496  0.00007711 -0.00007438]
 [-0.00000399  0.00000865  0.0000078 ]
 [-0.00001076 -0.00006159 -0.00007584]
 [-0.00000911 -0.00008326  0.00000702]
 [ 0.00000776 -0.00003113 -0.00007705]
 [-0.00000066 -0.00008949  0.00003658]
 [ 0.00001039  0.00006061  0.00000562]
 [-0.00001087  0.00005193  0.00005206]
 [ 0.0000125   0.00006498 -0.00005267]
 [-0.00000509 -0.00005762  0.00001347]
 [ 0.00000769 -0.00003283 -0.00004929]
 [-0.00000518 -0.00006062  0.00003276]
 [ 0.00000296  0.00005756  0.00001804]
 [-0.0000036   0.00002507  0.00003519]
 [ 0.0000052   0.00005062 -0.00002957]
 [-0.00003015 -0.00004524  0.0000103 ]
 [-0.00000762 -0.00000529 -0.00003696]
 [ 0.00001011 -0.00005447  0.00000031]
 [ 0.00000442  0.00006646  0.00004596]
 [-0.00000207  0.00003265 -0.000004  ]
 [ 0.00001273  0.00000585 -0.00002146]
 [ 0.00053288  0.00057956 -0.00032716]
 [-0.00001164 -0.00000444 -0.00002499]
 [ 0.00001787 -0.00000205 -0.00001619]
 [-0.00025627  0.00014991  0.00012411]
 [-0.00005635 -0.00000435  0.00005161]
 [-0.0000126  -0.00001111  0.00001867]
 [ 0.00005102  0.00002845  0.00012332]
 [ 0.00000293 -0.00016579 -0.00005624]
 [ 0.00000314 -0.00001227  0.00006432]
 [-0.0013693  -0.00059805  0.00004801]
 [ 0.00055908  0.00024129 -0.00012826]
 [-0.00014177 -0.00030099 -0.00024839]
 [ 0.00030435 -0.00004256  0.00013712]
 [ 0.00036714  0.00007721  0.00020524]]
2023-01-19:14:52:57,931 INFO     [psi4.driver.task_planner:266] PLANNING Atomic:  keywords={'CART_HESS_READ': 0, 'GEOM_MAXITER': 500, 'SCF__GUESS': 'READ', 'OPTKING__INTRAFRAG_STEP_LIMIT': 0.1875, 'SCF__INTS_TOLERANCE': 1e-12, 'MAXITER': 500, 'function_kwargs': {}}
2023-01-19:14:52:57,934 INFO     [psi4.driver.driver:617] Compute gradient(): method=scf, basis=cc-pvdz, molecule=default, nre=828.5656854516847
2023-01-19:14:53:09,829 INFO     [psi4.driver.driver:620] Return gradient(): -598.3289482537939
2023-01-19:14:53:09,830 INFO     [psi4.driver.driver:621] [[-0.00002806  0.00001126  0.00003735]
 [-0.00002727 -0.00004524 -0.00000616]
 [ 0.00001676 -0.00002106  0.00002812]
 [-0.00000837 -0.00000654 -0.00000649]
 [ 0.00001025  0.00003148 -0.00000471]
 [-0.00000935  0.00000695 -0.00000048]
 [ 0.00001397 -0.00000735 -0.00000972]
 [ 0.00000709  0.0000268   0.00002871]
 [ 0.00000501  0.00000702 -0.00002822]
 [-0.00001787 -0.00000011 -0.00000649]
 [-0.00000192 -0.00003114 -0.0000001 ]
 [-0.00001048  0.00000842 -0.00001091]
 [ 0.00001171  0.00000126 -0.00001073]
 [ 0.00000204  0.00003099  0.00001931]
 [-0.00000115 -0.00000145 -0.00000465]
 [ 0.00000045 -0.00000048 -0.00000637]
 [ 0.00000984 -0.00004413 -0.0000041 ]
 [-0.00000902  0.00000039 -0.00000806]
 [ 0.00000949  0.00000269  0.0000065 ]
 [ 0.00002952  0.00004194  0.00003008]
 [-0.0000118   0.00001112 -0.00000289]
 [ 0.0000084  -0.00000363 -0.00001756]
 [-0.00001678 -0.00004738 -0.00000441]
 [-0.00001208  0.00000594 -0.00002859]
 [ 0.00001133 -0.00000903  0.00000027]
 [ 0.00045288  0.00042919 -0.00012414]
 [-0.00001914  0.00000245  0.0000003 ]
 [-0.00000227 -0.00001263 -0.00001391]
 [-0.00015009  0.00018918 -0.00003906]
 [ 0.00003072 -0.00002643 -0.00004167]
 [-0.00002207  0.00006979 -0.00001394]
 [ 0.00003682  0.00024572 -0.0000443 ]
 [ 0.00005743 -0.00000184  0.00005833]
 [-0.0000258   0.00002684  0.00004805]
 [-0.00113962 -0.00071618  0.00001317]
 [ 0.00034259  0.00023749 -0.00011265]
 [-0.00013132 -0.00033398 -0.00030938]
 [ 0.00031071 -0.00007064 -0.00001891]
 [ 0.00027743 -0.00000768  0.00060839]]
2023-01-19:14:53:10,357 INFO     [psi4.driver.task_planner:266] PLANNING Atomic:  keywords={'CART_HESS_READ': 0, 'GEOM_MAXITER': 500, 'SCF__GUESS': 'READ', 'OPTKING__INTRAFRAG_STEP_LIMIT': 0.1875, 'SCF__INTS_TOLERANCE': 1e-12, 'MAXITER': 500, 'function_kwargs': {}}
2023-01-19:14:53:10,360 INFO     [psi4.driver.driver:617] Compute gradient(): method=scf, basis=cc-pvdz, molecule=default, nre=828.1204330691057
2023-01-19:14:53:22,286 INFO     [psi4.driver.driver:620] Return gradient(): -598.3291446562037
2023-01-19:14:53:22,287 INFO     [psi4.driver.driver:621] [[ 0.00000356 -0.00002278 -0.00001361]
 [ 0.00000542  0.00003469  0.00005732]
 [-0.00000327 -0.00006506  0.00000408]
 [ 0.00000635  0.00001139 -0.00001651]
 [-0.00000328 -0.00001766  0.00001501]
 [ 0.00000591  0.00001843 -0.00000139]
 [-0.00000969 -0.00001574 -0.0000112 ]
 [ 0.00001066  0.00007203  0.00001584]
 [ 0.00001589  0.00001334 -0.00000153]
 [-0.00001112  0.00001798 -0.00001893]
 [-0.00000116 -0.00007144 -0.00000883]
 [-0.00001511 -0.00000944 -0.00002333]
 [ 0.00000902 -0.00001546  0.0000033 ]
 [ 0.00000177  0.00006334  0.0000228 ]
 [-0.0000014   0.00000857  0.00000669]
 [ 0.00000014  0.00001115 -0.0000096 ]
 [-0.00000444 -0.0000735  -0.00001576]
 [-0.00000888 -0.00000428 -0.00000828]
 [ 0.00001058 -0.00001119  0.00000991]
 [ 0.00000891  0.00007889  0.00002337]
 [-0.0000098   0.00001324 -0.00000054]
 [ 0.00000306  0.00000552 -0.00001002]
 [-0.00000149 -0.00003686 -0.00000381]
 [-0.00001241 -0.00000095 -0.00001831]
 [ 0.00001189 -0.00001142  0.00000351]
 [ 0.00036996  0.00036469 -0.00008151]
 [ 0.0000026   0.00001698  0.0000046 ]
 [ 0.00001286  0.00000076 -0.00000483]
 [-0.0001425   0.00013425 -0.00010018]
 [-0.00001635 -0.00001543 -0.00002559]
 [-0.00003063  0.0000469  -0.00000492]
 [ 0.00014056  0.0002357   0.00006701]
 [ 0.00004078 -0.00002541  0.00003164]
 [ 0.00000037  0.0000418  -0.00000658]
 [-0.00101414 -0.00060451  0.00002408]
 [ 0.00022492  0.00020769 -0.00010052]
 [-0.00018551 -0.00026644 -0.00026735]
 [ 0.00028093 -0.00005537 -0.00001621]
 [ 0.00030505 -0.00007437  0.00048022]]
2023-01-19:14:53:22,879 INFO     [psi4.driver.task_planner:266] PLANNING Atomic:  keywords={'CART_HESS_READ': 0, 'GEOM_MAXITER': 500, 'SCF__GUESS': 'READ', 'OPTKING__INTRAFRAG_STEP_LIMIT': 0.1875, 'SCF__INTS_TOLERANCE': 1e-12, 'MAXITER': 500, 'function_kwargs': {}}
2023-01-19:14:53:22,882 INFO     [psi4.driver.driver:617] Compute gradient(): method=scf, basis=cc-pvdz, molecule=default, nre=827.6240435263943
2023-01-19:14:53:34,573 INFO     [psi4.driver.driver:620] Return gradient(): -598.3293180875351
2023-01-19:14:53:34,575 INFO     [psi4.driver.driver:621] [[-0.00003376 -0.00002082  0.00000453]
 [ 0.00003238  0.00002852  0.00000736]
 [-0.00001782 -0.00003757 -0.0000007 ]
 [-0.00000083 -0.00001078 -0.00002368]
 [-0.00000166 -0.00002193  0.00001766]
 [-0.00001028  0.0000064  -0.00000472]
 [ 0.00000327  0.00000456  0.00000488]
 [ 0.00001733  0.00004863  0.00001321]
 [ 0.00000146  0.00001899  0.00001219]
 [-0.00000335  0.00001805 -0.00001589]
 [-0.00000403 -0.00004233 -0.00000453]
 [-0.0000071  -0.00001173 -0.00001998]
 [ 0.00000713 -0.00002169  0.00000638]
 [ 0.00000639  0.00004088  0.000013  ]
 [-0.00000122  0.0000132   0.00001062]
 [-0.00000023  0.00001618 -0.00000844]
 [-0.00000294 -0.00004794 -0.0000117 ]
 [-0.00000628 -0.00000989 -0.00001012]
 [ 0.00000634 -0.00001451  0.00000871]
 [ 0.00000883  0.00004043  0.00001053]
 [-0.00000765  0.00001419  0.00000386]
 [ 0.00000527  0.00001104 -0.00000623]
 [-0.00000879 -0.00002822 -0.00001175]
 [-0.00000736 -0.00000721 -0.00000977]
 [ 0.00001167 -0.00001289  0.00000232]
 [ 0.00034815  0.00030565 -0.00007403]
 [-0.00001051  0.00001288  0.00000344]
 [ 0.00000538  0.00000352 -0.00000056]
 [-0.00015206  0.00010997 -0.00002829]
 [-0.00000378 -0.00001958 -0.00002082]
 [-0.00000456  0.00003228  0.00000264]
 [ 0.00019631  0.00014684  0.00004635]
 [-0.00000106  0.00000246  0.00001783]
 [ 0.00000683  0.00001525 -0.0000186 ]
 [-0.00085884 -0.00035794 -0.00000656]
 [ 0.00009042  0.0001488   0.00001261]
 [-0.00018012 -0.00023791 -0.00019647]
 [ 0.00024261 -0.00001899 -0.00005691]
 [ 0.00033448 -0.00011678  0.00033166]]
2023-01-19:14:53:35,72 INFO     [psi4.driver.task_planner:266] PLANNING Atomic:  keywords={'CART_HESS_READ': 0, 'GEOM_MAXITER': 500, 'SCF__GUESS': 'READ', 'OPTKING__INTRAFRAG_STEP_LIMIT': 0.1875, 'SCF__INTS_TOLERANCE': 1e-12, 'MAXITER': 500, 'function_kwargs': {}}
2023-01-19:14:53:35,75 INFO     [psi4.driver.driver:617] Compute gradient(): method=scf, basis=cc-pvdz, molecule=default, nre=827.1584568788708
2023-01-19:14:53:47,96 INFO     [psi4.driver.driver:620] Return gradient(): -598.3294655473277
2023-01-19:14:53:47,98 INFO     [psi4.driver.driver:621] [[-0.00001626 -0.0000155   0.00001069]
 [ 0.00002433  0.00003051 -0.00000687]
 [-0.00001439 -0.00001772  0.00000029]
 [-0.00000483 -0.00001182 -0.00001172]
 [-0.00000521 -0.00001609  0.00001087]
 [-0.00000199  0.00000694 -0.00000258]
 [ 0.00000566  0.00000452  0.00000032]
 [ 0.00000622  0.00002081  0.00000494]
 [ 0.0000022   0.00001014  0.00000463]
 [ 0.00000333  0.00000839 -0.0000053 ]
 [-0.00000492 -0.00001804 -0.00000148]
 [-0.00000539 -0.00000699 -0.0000078 ]
 [ 0.00000127 -0.00001255  0.00000313]
 [ 0.00000251  0.00001624  0.00000391]
 [ 0.00000021  0.00000675  0.00000377]
 [ 0.00000219  0.0000091  -0.00000301]
 [-0.00000074 -0.00001821 -0.00000473]
 [-0.000004   -0.00000649 -0.0000037 ]
 [ 0.00000213 -0.00000793  0.00000394]
 [ 0.00000354  0.00001474  0.00000319]
 [-0.00000405  0.00000832  0.00000084]
 [ 0.00000573  0.00000614 -0.00000175]
 [-0.00000416 -0.00001547 -0.00000465]
 [-0.00000726 -0.00000445 -0.00000321]
 [ 0.00000573 -0.00000541  0.00000086]
 [ 0.00029516  0.00023444 -0.00006639]
 [-0.00000791  0.00000864  0.00000072]
 [ 0.0000053  -0.00000106  0.00000225]
 [-0.00013347  0.00009835  0.00002265]
 [-0.00000647 -0.00001839 -0.00000925]
 [ 0.00001095  0.00002326  0.00000226]
 [ 0.00013961  0.00008038  0.00001121]
 [-0.00001332  0.00001658  0.00000333]
 [ 0.00001835  0.0000071  -0.00001621]
 [-0.00072853 -0.00027711  0.00002773]
 [ 0.00009838  0.00019852  0.00003929]
 [-0.00015878 -0.00019559 -0.00016506]
 [ 0.00018296  0.0000121  -0.00002993]
 [ 0.0003059  -0.00017314  0.00018285]]
2023-01-19:14:53:47,803 INFO     [psi4.driver.task_planner:266] PLANNING Atomic:  keywords={'CART_HESS_READ': 0, 'GEOM_MAXITER': 500, 'SCF__GUESS': 'READ', 'OPTKING__INTRAFRAG_STEP_LIMIT': 0.1875, 'SCF__INTS_TOLERANCE': 1e-12, 'MAXITER': 500, 'function_kwargs': {}}
2023-01-19:14:53:47,806 INFO     [psi4.driver.driver:617] Compute gradient(): method=scf, basis=cc-pvdz, molecule=default, nre=826.6931795083729
2023-01-19:14:54:00,316 INFO     [psi4.driver.driver:620] Return gradient(): -598.3295851021953
2023-01-19:14:54:00,317 INFO     [psi4.driver.driver:621] [[-0.00001434 -0.00000946 -0.00000281]
 [ 0.00001645  0.00001748  0.00000736]
 [-0.00000894 -0.00000344 -0.00000042]
 [ 0.00000057 -0.0000061  -0.00001022]
 [-0.00000276 -0.000018    0.00000864]
 [-0.00000104  0.00000243 -0.00000319]
 [ 0.00000089  0.00000368  0.00000453]
 [ 0.00000635  0.0000076  -0.00000134]
 [ 0.00000207  0.00000892  0.00000611]
 [ 0.00000082  0.00000971 -0.00000595]
 [-0.00000327 -0.00000491  0.00000071]
 [-0.00000345 -0.00000781 -0.00000874]
 [ 0.00000104 -0.00001053  0.0000033 ]
 [ 0.00000293  0.00000286  0.00000343]
 [-0.00000059  0.00000727  0.00000416]
 [ 0.00000164  0.00000743 -0.00000246]
 [-0.00000312 -0.00000385 -0.00000235]
 [-0.00000266 -0.00000529 -0.00000286]
 [ 0.00000169 -0.00000815  0.00000218]
 [ 0.00000066  0.00000449  0.00000171]
 [-0.00000255  0.00000611  0.00000013]
 [ 0.00000244  0.00000474 -0.00000026]
 [-0.00000308  0.00000646 -0.00000604]
 [-0.00000467 -0.00000394 -0.00000213]
 [ 0.00000409 -0.00000352  0.00000013]
 [ 0.00022458  0.00015986 -0.00003004]
 [-0.00000338  0.00000769 -0.00000049]
 [ 0.00000921  0.00000281  0.00000278]
 [-0.00008311  0.00006106  0.00002589]
 [-0.0000155  -0.00001218 -0.00000896]
 [ 0.00000605  0.00001892 -0.00000366]
 [ 0.00007885  0.00003259 -0.00000143]
 [-0.00001805  0.00001287  0.0000018 ]
 [ 0.0000221   0.00001374 -0.00001817]
 [-0.00058221 -0.00011861  0.00003163]
 [ 0.00011808  0.00013921  0.00004293]
 [-0.00012063 -0.0001643  -0.00013698]
 [ 0.00014398  0.00002597 -0.00004116]
 [ 0.00022888 -0.0001838   0.00014225]]
2023-01-19:14:54:00,820 INFO     [psi4.driver.task_planner:266] PLANNING Atomic:  keywords={'CART_HESS_READ': 0, 'GEOM_MAXITER': 500, 'SCF__GUESS': 'READ', 'OPTKING__INTRAFRAG_STEP_LIMIT': 0.1875, 'SCF__INTS_TOLERANCE': 1e-12, 'MAXITER': 500, 'function_kwargs': {}}
2023-01-19:14:54:00,823 INFO     [psi4.driver.driver:617] Compute gradient(): method=scf, basis=cc-pvdz, molecule=default, nre=826.2282081659445
2023-01-19:14:54:13,249 INFO     [psi4.driver.driver:620] Return gradient(): -598.3296746649046
2023-01-19:14:54:13,251 INFO     [psi4.driver.driver:621] [[-0.00001747 -0.00000007  0.00001144]
 [ 0.00000844  0.00000141 -0.00001781]
 [-0.00000607  0.00000655  0.00000453]
 [-0.0000038  -0.00001167 -0.00000894]
 [-0.00000063 -0.00000749  0.00000514]
 [-0.00000477 -0.00000051 -0.00000138]
 [ 0.00000781  0.00000758  0.00000545]
 [ 0.00000477 -0.00000461  0.00000096]
 [-0.00000072  0.00000866  0.00000406]
 [ 0.00000227  0.00000487 -0.00000289]
 [-0.00000257  0.00000555  0.00000315]
 [-0.00000193 -0.00000526 -0.00000494]
 [ 0.0000007  -0.00000882  0.0000015 ]
 [ 0.00000339 -0.0000056  -0.00000024]
 [ 0.00000116  0.00000555  0.00000253]
 [ 0.00000005  0.00000645 -0.00000072]
 [-0.00000178  0.00000491 -0.00000134]
 [-0.00000235 -0.00000553 -0.0000022 ]
 [ 0.00000074 -0.0000053   0.00000093]
 [ 0.00000279 -0.00000873  0.00000027]
 [-0.00000072  0.00000463 -0.00000009]
 [ 0.00000199  0.00000472  0.00000056]
 [-0.00000976  0.00001214 -0.00000622]
 [-0.00000189 -0.0000051  -0.00000176]
 [ 0.0000028  -0.00000323 -0.00000071]
 [ 0.0001558   0.0000893  -0.00001026]
 [-0.00000533  0.00000573 -0.00000025]
 [ 0.00000352  0.00000159  0.00000249]
 [-0.0000426   0.00003327  0.00002707]
 [-0.00000628 -0.00000782 -0.00001115]
 [ 0.0000052   0.00002258 -0.00000993]
 [ 0.00002939 -0.00000187 -0.00002705]
 [-0.00001931  0.00001735  0.00000301]
 [ 0.00001394  0.00001191 -0.00000693]
 [-0.00040631 -0.00001376  0.00003374]
 [ 0.00010767  0.0001266   0.00003866]
 [-0.0000741  -0.0001299  -0.00011543]
 [ 0.00010833  0.0000353  -0.00004266]
 [ 0.00014764 -0.00019136  0.00012743]]
2023-01-19:14:54:13,703 INFO     [psi4.driver.task_planner:266] PLANNING Atomic:  keywords={'CART_HESS_READ': 0, 'GEOM_MAXITER': 500, 'SCF__GUESS': 'READ', 'OPTKING__INTRAFRAG_STEP_LIMIT': 0.1875, 'SCF__INTS_TOLERANCE': 1e-12, 'MAXITER': 500, 'function_kwargs': {}}
2023-01-19:14:54:13,706 INFO     [psi4.driver.driver:617] Compute gradient(): method=scf, basis=cc-pvdz, molecule=default, nre=825.732491911004
2023-01-19:14:54:25,354 INFO     [psi4.driver.driver:620] Return gradient(): -598.3297198042417
2023-01-19:14:54:25,355 INFO     [psi4.driver.driver:621] [[ 0.00000676 -0.00000931  0.00000209]
 [-0.000001    0.00001577  0.00000228]
 [-0.00000064 -0.00000976  0.00000292]
 [ 0.00000032  0.00000225  0.00000123]
 [ 0.00000096  0.00000043  0.00000253]
 [ 0.00000264  0.00000591  0.00000204]
 [-0.00000149 -0.00000565 -0.00000728]
 [-0.00000017  0.00001072  0.0000003 ]
 [ 0.0000034  -0.0000034  -0.00000434]
 [-0.00000168 -0.00000406  0.00000177]
 [-0.0000008  -0.00001042 -0.00000306]
 [-0.00000226  0.00000171  0.00000211]
 [ 0.00000112  0.00000314  0.00000001]
 [ 0.0000002   0.00000977  0.00000133]
 [ 0.00000086 -0.00000308 -0.0000038 ]
 [-0.00000051 -0.00000341  0.0000007 ]
 [-0.0000008  -0.00000923 -0.000002  ]
 [-0.00000119  0.00000372  0.00000339]
 [ 0.0000013   0.00000348 -0.00000151]
 [-0.00000014  0.00000811  0.00000345]
 [ 0.00000025 -0.00000235 -0.00000389]
 [ 0.0000002  -0.00000423  0.00000141]
 [-0.00000807  0.00000128 -0.00000679]
 [-0.00000167  0.00000226  0.0000014 ]
 [-0.00000028  0.00000504 -0.00000133]
 [ 0.00008778  0.0000393   0.00000978]
 [ 0.00000058 -0.00000011 -0.00000122]
 [ 0.00000487 -0.00000287  0.0000019 ]
 [ 0.00000849  0.00000059  0.0000161 ]
 [-0.00000931  0.00000405 -0.00000444]
 [-0.00000204  0.00002654 -0.00001973]
 [-0.00005648 -0.00007611  0.00004705]
 [-0.00000662  0.00000989  0.00000092]
 [ 0.00000641  0.00000814 -0.00000435]
 [ 0.0002864   0.00431164  0.00093913]
 [-0.00045375 -0.00333724  0.00016647]
 [-0.00002847 -0.00010456 -0.00008282]
 [ 0.00004819  0.00003769  0.00002543]
 [ 0.00011666 -0.00092561 -0.00108921]]
2023-01-19:14:54:25,836 INFO     [psi4.driver.task_planner:266] PLANNING Atomic:  keywords={'CART_HESS_READ': 0, 'GEOM_MAXITER': 500, 'SCF__GUESS': 'READ', 'OPTKING__INTRAFRAG_STEP_LIMIT': 0.046875, 'SCF__INTS_TOLERANCE': 1e-12, 'MAXITER': 500, 'function_kwargs': {}}
2023-01-19:14:54:25,839 INFO     [psi4.driver.driver:617] Compute gradient(): method=scf, basis=cc-pvdz, molecule=default, nre=825.6761335498086
2023-01-19:14:54:38,357 INFO     [psi4.driver.driver:620] Return gradient(): -598.3297406420021
2023-01-19:14:54:38,358 INFO     [psi4.driver.driver:621] [[ 0.0000231   0.00000329  0.00005266]
 [ 0.00000799  0.00003382 -0.00004972]
 [-0.00000041 -0.00002306  0.00000013]
 [-0.00003253 -0.00000461  0.00000392]
 [-0.00002382  0.00000239  0.00000304]
 [-0.00002347  0.00002103  0.0000115 ]
 [ 0.00002375 -0.00000001 -0.00002142]
 [-0.00000878  0.00000626 -0.0000018 ]
 [ 0.00001334 -0.00000375 -0.00000687]
 [ 0.00002357 -0.00001561  0.00000114]
 [-0.0000017  -0.00001364  0.00000639]
 [-0.00000547  0.00000512  0.00000163]
 [-0.00001234 -0.00000509 -0.00000025]
 [-0.00000156  0.00000693  0.0000044 ]
 [ 0.0000036   0.00000016 -0.00000303]
 [ 0.00000669 -0.00000516 -0.00000043]
 [ 0.00000194 -0.00001511  0.00000413]
 [-0.00000546  0.00000607  0.00000367]
 [-0.00000401 -0.0000009  -0.00000015]
 [ 0.00001145  0.00000147 -0.0000018 ]
 [ 0.00000599  0.00000202 -0.00000185]
 [ 0.00000275 -0.00000293 -0.00000087]
 [-0.00000972 -0.00002201  0.00000108]
 [-0.0000068   0.00000173 -0.00000231]
 [ 0.00000453 -0.0000036   0.00000309]
 [ 0.00003761  0.00001117 -0.00004597]
 [ 0.0000028   0.00000869  0.00000753]
 [-0.00001628 -0.00001417  0.00000026]
 [-0.00004428  0.00005371  0.00004414]
 [ 0.00000709 -0.0000109   0.00000503]
 [ 0.0000346   0.00003556 -0.00001711]
 [ 0.0000515   0.00001896 -0.00001447]
 [-0.00000206  0.00000976 -0.0000072 ]
 [ 0.00000031  0.00002572  0.00001109]
 [-0.00019509 -0.00036996 -0.00001038]
 [ 0.00000501  0.0003687   0.00009751]
 [-0.00001508 -0.0000565  -0.00010484]
 [ 0.00002614  0.00003396  0.00009598]
 [ 0.00011511 -0.0000895  -0.00006784]]
2023-01-19:14:54:38,839 INFO     [psi4.driver.task_planner:266] PLANNING Atomic:  keywords={'CART_HESS_READ': 0, 'GEOM_MAXITER': 500, 'SCF__GUESS': 'READ', 'OPTKING__INTRAFRAG_STEP_LIMIT': 0.046875, 'SCF__INTS_TOLERANCE': 1e-12, 'MAXITER': 500, 'function_kwargs': {}}
2023-01-19:14:54:38,843 INFO     [psi4.driver.driver:617] Compute gradient(): method=scf, basis=cc-pvdz, molecule=default, nre=825.5598041837475
2023-01-19:14:54:51,294 INFO     [psi4.driver.driver:620] Return gradient(): -598.3297476223496
2023-01-19:14:54:51,296 INFO     [psi4.driver.driver:621] [[-0.0000312  -0.00001526 -0.0000202 ]
 [ 0.00001527 -0.00001163  0.00001421]
 [-0.00001467  0.00001366 -0.00000089]
 [ 0.00001446 -0.00000132 -0.00000331]
 [ 0.00001232 -0.00000384  0.00000013]
 [ 0.00000681 -0.00000881 -0.00000721]
 [-0.00000846  0.00000533  0.00001324]
 [ 0.00001065  0.00000064  0.00000533]
 [-0.00000542  0.00000634  0.0000047 ]
 [-0.00001086  0.00000952 -0.00000122]
 [-0.00000296  0.00000689 -0.00000301]
 [ 0.00000175 -0.0000046  -0.00000439]
 [ 0.00000531 -0.00000297  0.0000016 ]
 [ 0.00000502 -0.00000306 -0.00000172]
 [-0.00000051  0.00000302  0.00000293]
 [-0.00000268  0.00000624 -0.00000044]
 [-0.00000253  0.00000491 -0.00000236]
 [ 0.00000116 -0.00000604 -0.00000387]
 [ 0.00000065 -0.00000209  0.00000039]
 [ 0.00000021  0.00000001  0.0000044 ]
 [-0.00000299  0.00000336  0.00000145]
 [ 0.00000169  0.00000412  0.00000012]
 [ 0.00000703  0.00000963 -0.00000371]
 [ 0.00000089 -0.0000025  -0.00000161]
 [-0.00000263 -0.00000199 -0.00000062]
 [ 0.00004246  0.00002301  0.00000697]
 [-0.00000036  0.00000068 -0.0000021 ]
 [ 0.00001004  0.00000851  0.        ]
 [-0.00002795 -0.00000466  0.00001575]
 [-0.00000982  0.00000512 -0.00000129]
 [-0.00000813 -0.00000421 -0.00000164]
 [-0.00000424 -0.0000245   0.00002452]
 [ 0.00000139  0.00000486  0.00000516]
 [ 0.00000511  0.00000573  0.00000093]
 [-0.00007942  0.00024715  0.00001139]
 [-0.00000133 -0.00018866  0.00000228]
 [-0.00001549 -0.00005023 -0.00002397]
 [ 0.00003437 -0.00000956 -0.00004247]
 [ 0.00005504 -0.00002279  0.00001052]]
2023-01-19:14:54:51,817 INFO     [psi4.driver.task_planner:266] PLANNING Atomic:  keywords={'CART_HESS_READ': 0, 'GEOM_MAXITER': 500, 'SCF__GUESS': 'READ', 'OPTKING__INTRAFRAG_STEP_LIMIT': 0.046875, 'SCF__INTS_TOLERANCE': 1e-12, 'MAXITER': 500, 'function_kwargs': {}}
2023-01-19:14:54:51,820 INFO     [psi4.driver.driver:617] Compute gradient(): method=scf, basis=cc-pvdz, molecule=default, nre=825.4691757952229
2023-01-19:14:55:04,295 INFO     [psi4.driver.driver:620] Return gradient(): -598.3297521357338
2023-01-19:14:55:04,296 INFO     [psi4.driver.driver:621] [[ 0.00002653  0.0000078   0.00001995]
 [-0.00000832  0.00001217 -0.00000502]
 [ 0.00001025 -0.0000115   0.00000358]
 [-0.00001005  0.00000598  0.00000822]
 [-0.00001158  0.00000588 -0.00000691]
 [-0.0000018   0.00000836  0.00000623]
 [ 0.00000502 -0.00000762 -0.00001663]
 [-0.00000639 -0.00000404 -0.00000225]
 [ 0.0000056  -0.00000358 -0.00000872]
 [ 0.00000907 -0.00001545  0.00000095]
 [ 0.00000107 -0.0000048   0.00000409]
 [-0.00000198  0.00000894  0.00000629]
 [-0.00000324  0.00000525 -0.00000722]
 [-0.00000382  0.00000002  0.00000433]
 [ 0.00000066 -0.00000207 -0.00000594]
 [ 0.0000018  -0.00001044  0.00000079]
 [-0.00000134 -0.00000287  0.0000034 ]
 [-0.00000041  0.00000812  0.00000483]
 [ 0.00000029  0.00000366 -0.00000339]
 [-0.00000313 -0.00000208 -0.00000256]
 [ 0.000002   -0.00000227 -0.00000347]
 [-0.00000161 -0.00000708 -0.00000022]
 [-0.00000569 -0.00000442  0.00000052]
 [ 0.00000116  0.00000429  0.00000149]
 [ 0.00000193  0.0000031  -0.0000015 ]
 [ 0.00003781  0.00002856 -0.00001367]
 [-0.00000141 -0.0000007  -0.00000143]
 [-0.00000463 -0.00000576 -0.0000018 ]
 [-0.00001186  0.00002768 -0.00000494]
 [ 0.00000198 -0.0000002   0.00000269]
 [ 0.0000034   0.00000709  0.00000088]
 [-0.00000198  0.00003235  0.00001332]
 [-0.0000053  -0.00000992 -0.00000819]
 [ 0.0000063  -0.00000403  0.00000972]
 [-0.00003895  0.00026667  0.00011072]
 [-0.00002262 -0.00023537  0.00000262]
 [-0.00001951 -0.00000902 -0.00003142]
 [ 0.00002249  0.0000051   0.00003383]
 [ 0.00002827 -0.00009779 -0.00011318]]
2023-01-19:14:55:04,846 INFO     [psi4.driver.task_planner:266] PLANNING Atomic:  keywords={'CART_HESS_READ': 0, 'GEOM_MAXITER': 500, 'SCF__GUESS': 'READ', 'OPTKING__INTRAFRAG_STEP_LIMIT': 0.01171875, 'SCF__INTS_TOLERANCE': 1e-12, 'MAXITER': 500, 'function_kwargs': {}}
2023-01-19:14:55:04,849 INFO     [psi4.driver.driver:617] Compute gradient(): method=scf, basis=cc-pvdz, molecule=default, nre=825.4286360361127
2023-01-19:14:55:16,932 INFO     [psi4.driver.driver:620] Return gradient(): -598.3297530447041
2023-01-19:14:55:16,933 INFO     [psi4.driver.driver:621] [[-0.0000067   0.00000088  0.00000092]
 [ 0.0000006  -0.00000613 -0.00000084]
 [-0.00000059  0.00000487  0.00000231]
 [ 0.00000118 -0.00000027 -0.0000024 ]
 [ 0.00000123 -0.00000124  0.00000002]
 [-0.00000326 -0.00000185 -0.00000086]
 [ 0.00000049  0.00000183  0.00000257]
 [ 0.00000012 -0.00000324  0.00000324]
 [-0.00000122  0.00000345 -0.00000008]
 [-0.00000073  0.00000042 -0.00000311]
 [ 0.00000002  0.00000337  0.00000353]
 [ 0.00000035  0.00000195 -0.00000247]
 [ 0.00000041 -0.00000341 -0.0000007 ]
 [ 0.00000018 -0.00000339  0.00000133]
 [ 0.0000007   0.00000239  0.00000034]
 [-0.00000025  0.00000015 -0.00000239]
 [ 0.00000174  0.00000296  0.00000223]
 [-0.00000055  0.00000041 -0.00000184]
 [-0.00000005 -0.00000169 -0.00000017]
 [ 0.00000061 -0.00000367  0.00000098]
 [ 0.00000054  0.00000127  0.00000021]
 [ 0.00000047  0.00000037 -0.00000143]
 [-0.00000065  0.00000158  0.00000188]
 [-0.00000098  0.00000081 -0.00000085]
 [-0.00000012 -0.00000136 -0.00000055]
 [ 0.0000263   0.00001191 -0.00000818]
 [ 0.00000143  0.00000199  0.00000059]
 [-0.00000097 -0.00000144 -0.0000009 ]
 [-0.00001037  0.00000621  0.00001588]
 [-0.00000086 -0.00000287 -0.00000123]
 [ 0.00000364  0.00000221 -0.00000022]
 [-0.0000037  -0.00000756 -0.00000829]
 [-0.00000066  0.00000202  0.00000323]
 [-0.00000478  0.00000154  0.00000023]
 [-0.00005519  0.00000116 -0.00000877]
 [ 0.00000159  0.00000463  0.00001522]
 [-0.00000763 -0.00001566 -0.0000155 ]
 [ 0.00002139  0.0000006  -0.00000156]
 [ 0.00003625 -0.00000525  0.00000763]]
2023-01-19:14:55:18,496 INFO     [psi4.driver.task_planner:266] PLANNING Atomic:  keywords={'GEOM_MAXITER': 500, 'SCF__INTS_TOLERANCE': 1e-12, 'MAXITER': 500, 'function_kwargs': {}}
2023-01-19:14:55:18,498 INFO     [psi4.driver.driver:774] Compute properties(): method=scf, basis=6-31g*, molecule=optimized, nre=825.4286360360804
2023-01-19:14:55:36,194 INFO     [psi4.driver.driver:777] Return properties(): -598.2801960835404
2023-01-19:14:55:38,256 INFO     [psi4.driver.task_planner:266] PLANNING Atomic:  keywords={'GEOM_MAXITER': 500, 'SCF__INTS_TOLERANCE': 1e-12, 'MAXITER': 500, 'function_kwargs': {}}
2023-01-19:14:55:38,259 INFO     [psi4.driver.driver:774] Compute properties(): method=scf, basis=6-31g*, molecule=optimized, nre=825.4286360360804
2023-01-19:14:55:56,977 INFO     [psi4.driver.driver:777] Return properties(): -598.2801960838469
