2023-01-17:14:29:13,795 INFO     [psi4.driver.task_planner:266] PLANNING Atomic:  keywords={'GEOM_MAXITER': 500, 'SCF__INTS_TOLERANCE': 1e-12, 'MAXITER': 500, 'function_kwargs': {}}
2023-01-17:14:29:13,799 INFO     [psi4.driver.driver:617] Compute gradient(): method=scf, basis=cc-pvdz, molecule=default, nre=3040.1839849241537
2023-01-17:14:32:06,210 INFO     [psi4.driver.driver:620] Return gradient(): -1733.3896075462533
2023-01-17:14:32:06,213 INFO     [psi4.driver.driver:621] [[-0.00186957 -0.00441356 -0.00339967]
 [ 0.00367673  0.00073175  0.00544919]
 [-0.0028405   0.00295485 -0.00376812]
 [-0.00395603 -0.00175265 -0.00377569]
 [-0.00718862  0.01029423 -0.0083789 ]
 [ 0.01374933  0.01824937 -0.02255438]
 [-0.00110536  0.00172928 -0.00061802]
 [-0.00005792  0.00431931  0.00367219]
 [ 0.00465098 -0.00774165  0.00652513]
 [ 0.0015546   0.00066145  0.00319797]
 [-0.00747222  0.00355677 -0.01319171]
 [-0.0055404  -0.01715665 -0.01044767]
 [-0.01087821 -0.01599735  0.00001564]
 [-0.00160106  0.00087397  0.01928908]
 [ 0.00376334  0.00163429  0.00408703]
 [ 0.00191316  0.00212119  0.00041673]
 [-0.00036866 -0.00232759 -0.00220805]
 [ 0.00096808  0.00305511  0.00465875]
 [ 0.01607323  0.00332548  0.00709465]
 [-0.0100509  -0.0012529  -0.00405194]
 [ 0.00005881 -0.00457739 -0.00332793]
 [ 0.00178244 -0.0009401  -0.00141133]
 [ 0.01610097 -0.00387615 -0.00550599]
 [-0.00192823 -0.00237729  0.00406453]
 [-0.00416978 -0.00347313  0.00138785]
 [-0.0000878   0.00398109 -0.00177318]
 [-0.00959686 -0.00418313  0.00184282]
 [-0.00829166 -0.00304176  0.01353705]
 [-0.0016644  -0.00518506  0.00346847]
 [ 0.00150304  0.00299217  0.01050842]
 [-0.00030029  0.0008578  -0.00324971]
 [ 0.00381125  0.00575351 -0.00837769]
 [ 0.0032833   0.00277341 -0.00219432]
 [ 0.00123004  0.00216879 -0.00450158]
 [-0.00465484  0.00209367  0.00135134]
 [-0.00370039 -0.00376688 -0.0024579 ]
 [ 0.01435236  0.00861473  0.02606938]
 [ 0.00342015 -0.00129476 -0.00518783]
 [-0.00462095 -0.00134707 -0.00440773]
 [-0.00032207  0.00001633 -0.00070648]
 [-0.00000806  0.00029556  0.00187991]
 [ 0.00028441 -0.00249397 -0.00153078]
 [ 0.00007827 -0.00019568 -0.00052998]
 [ 0.00059345  0.00071046  0.00168843]
 [-0.00095098  0.00145969 -0.00250209]
 [ 0.00336222  0.00372814 -0.00079038]
 [ 0.00573205 -0.0012741  -0.0023328 ]
 [-0.00227885  0.00189731  0.00401882]
 [ 0.00013665  0.00324008  0.00227211]
 [ 0.00279125  0.00197879 -0.00025363]
 [-0.00278296  0.00143184  0.00232377]
 [-0.00146237 -0.00432877 -0.00146258]
 [-0.00347272 -0.0015751   0.00072389]
 [-0.00324219 -0.0040904  -0.000943  ]
 [-0.0028494  -0.00369366 -0.00180178]
 [ 0.00444415  0.00485634 -0.00190031]]
2023-01-17:14:32:11,437 INFO     [psi4.driver.task_planner:266] PLANNING Atomic:  keywords={'CART_HESS_READ': 0, 'GEOM_MAXITER': 500, 'SCF__GUESS': 'READ', 'SCF__INTS_TOLERANCE': 1e-12, 'MAXITER': 500, 'function_kwargs': {}}
2023-01-17:14:32:11,441 INFO     [psi4.driver.driver:617] Compute gradient(): method=scf, basis=cc-pvdz, molecule=default, nre=3043.7193278267982
2023-01-17:14:34:47,452 INFO     [psi4.driver.driver:620] Return gradient(): -1733.3980184426462
2023-01-17:14:34:47,454 INFO     [psi4.driver.driver:621] [[-0.00083009 -0.00114902 -0.00112258]
 [ 0.00207408 -0.00183134  0.0029425 ]
 [ 0.00020701  0.00196237  0.00018048]
 [-0.00030178 -0.00082985  0.00009844]
 [ 0.00049256 -0.00079755 -0.00316754]
 [-0.00067545 -0.00009316 -0.0060222 ]
 [ 0.00101591 -0.00069709  0.00119145]
 [ 0.00021065  0.00107448  0.00110464]
 [ 0.00006124  0.00060693  0.00016281]
 [ 0.0007068   0.00056693  0.00151076]
 [-0.00211697  0.00232902 -0.00189805]
 [ 0.00188481 -0.00560443  0.00172703]
 [-0.00170589 -0.00236725 -0.00203572]
 [ 0.00137167  0.00373573  0.00659945]
 [-0.00016344  0.00091027  0.00155076]
 [-0.00329501 -0.00056823 -0.00033848]
 [-0.00395542 -0.0012555   0.00025278]
 [ 0.00076402  0.00138394  0.001783  ]
 [ 0.00395627  0.0021868  -0.00038413]
 [-0.00217811 -0.00111392 -0.00007263]
 [-0.00055338 -0.00051002 -0.00000013]
 [-0.00099894  0.0008028   0.00090206]
 [-0.00002931  0.00000658 -0.00344891]
 [-0.00053372 -0.0001441   0.00042967]
 [ 0.00120914  0.0001386  -0.00050056]
 [ 0.00526531  0.0022509   0.00014965]
 [-0.0016028   0.00186042 -0.00206454]
 [-0.00068339 -0.00119167  0.00157252]
 [ 0.00149655 -0.00120249  0.00074689]
 [ 0.00023041  0.00023177  0.00162936]
 [-0.00153592 -0.00095258 -0.00101161]
 [ 0.00029829  0.00059796  0.00031617]
 [-0.00020448  0.00015202  0.00039303]
 [-0.00047138 -0.00036262 -0.00030792]
 [ 0.00049477 -0.00051702 -0.00109972]
 [ 0.00048181 -0.00067034 -0.0000268 ]
 [-0.00083521  0.0016478  -0.00115436]
 [-0.0008895  -0.00011258 -0.0000415 ]
 [ 0.00025913  0.00038835 -0.00060065]
 [-0.00045503 -0.0000254  -0.00002952]
 [-0.00038931 -0.00068456  0.00053945]
 [ 0.00030596  0.00038789  0.00012718]
 [ 0.00057846 -0.00006253 -0.00029098]
 [ 0.00031511  0.00059202  0.000005  ]
 [ 0.00018615 -0.0002757   0.00063469]
 [ 0.00003861  0.00038473 -0.0003146 ]
 [ 0.00176107 -0.0022418  -0.00134595]
 [-0.00192968 -0.00033275  0.00076061]
 [-0.00013109  0.00008232  0.00021233]
 [ 0.00134704  0.00152278  0.00050468]
 [-0.00047591  0.00012301  0.00039224]
 [ 0.00068549 -0.00096969 -0.0009733 ]
 [-0.00071913 -0.00008804  0.00027846]
 [ 0.00043217  0.0002725   0.00047446]
 [ 0.00011634 -0.00077241 -0.00109666]
 [-0.00058647  0.00122473  0.0001765 ]]
2023-01-17:14:34:52,299 INFO     [psi4.driver.task_planner:266] PLANNING Atomic:  keywords={'CART_HESS_READ': 0, 'GEOM_MAXITER': 500, 'SCF__GUESS': 'READ', 'SCF__INTS_TOLERANCE': 1e-12, 'MAXITER': 500, 'function_kwargs': {}}
2023-01-17:14:34:52,303 INFO     [psi4.driver.driver:617] Compute gradient(): method=scf, basis=cc-pvdz, molecule=default, nre=3043.095317373718
2023-01-17:14:37:28,444 INFO     [psi4.driver.driver:620] Return gradient(): -1733.398692053311
2023-01-17:14:37:28,448 INFO     [psi4.driver.driver:621] [[-0.00017847  0.00034326 -0.0002791 ]
 [ 0.00027139 -0.00044241  0.00039774]
 [-0.00035631  0.00114236  0.00034057]
 [ 0.00022172 -0.00024151 -0.00017063]
 [-0.00042395 -0.00178724 -0.00038404]
 [-0.00028869  0.00077411 -0.00225866]
 [ 0.00012679 -0.00088549  0.00109009]
 [ 0.00045887  0.00049514  0.00022099]
 [-0.00048611  0.0012888  -0.00069071]
 [ 0.00019997  0.00033608  0.00028654]
 [-0.00046395  0.00013197 -0.00145457]
 [ 0.00047422  0.0000909   0.0009101 ]
 [ 0.00052534 -0.00004724  0.00054228]
 [ 0.00022566 -0.00018528  0.00128562]
 [ 0.00034555  0.00046542  0.00006321]
 [ 0.0011953  -0.00107088 -0.00041694]
 [-0.0010537   0.00079686  0.00024417]
 [ 0.00022691  0.00008924 -0.00004668]
 [ 0.0002384   0.00054859  0.00008362]
 [-0.00172156 -0.00184476  0.0000234 ]
 [-0.00013954  0.00012841 -0.00015278]
 [ 0.00021715 -0.00046109  0.00028247]
 [ 0.0005264  -0.00013222  0.00065536]
 [-0.00018962 -0.00000984 -0.00011048]
 [-0.00010601 -0.00009799  0.00012125]
 [ 0.00043933 -0.00045708  0.00074165]
 [-0.00064885  0.00063709 -0.00115369]
 [ 0.00171505  0.00143206  0.00012628]
 [-0.00099188 -0.00005631  0.00120855]
 [-0.00006602 -0.00016353 -0.00059846]
 [ 0.00004606 -0.00024047 -0.00119586]
 [ 0.00156599  0.0002574   0.00017896]
 [-0.00003871 -0.00000291  0.00002427]
 [ 0.00022814 -0.00025753  0.00039192]
 [-0.00112964  0.00018103 -0.00019442]
 [-0.00031368  0.00006927 -0.0000132 ]
 [-0.00021763 -0.00041472 -0.0003208 ]
 [-0.00000262 -0.00027694 -0.00031597]
 [-0.00023692 -0.0002752   0.00002461]
 [-0.00018348 -0.0000759  -0.00010533]
 [-0.00001812 -0.00041778  0.00017499]
 [ 0.00060916 -0.00014628 -0.00032875]
 [ 0.00043763 -0.00016425 -0.00028793]
 [ 0.00005586  0.00081615  0.00020647]
 [-0.00054438 -0.00006345 -0.00007705]
 [ 0.00002729  0.00008298  0.00001841]
 [ 0.00044446 -0.00034487 -0.00041893]
 [-0.00052786  0.00004773  0.00018112]
 [ 0.00007595  0.00025798  0.00014926]
 [ 0.00019482  0.00091722  0.00050777]
 [-0.00003589 -0.00006266  0.00007477]
 [ 0.00026674 -0.00082489 -0.00087046]
 [-0.00026061 -0.00012978  0.00005556]
 [-0.00128249 -0.00031913  0.0003275 ]
 [-0.00012829  0.00020436  0.00013257]
 [ 0.00067482  0.00036522  0.00077336]]
2023-01-17:14:37:35,458 INFO     [psi4.driver.task_planner:266] PLANNING Atomic:  keywords={'CART_HESS_READ': 0, 'GEOM_MAXITER': 500, 'SCF__GUESS': 'READ', 'SCF__INTS_TOLERANCE': 1e-12, 'MAXITER': 500, 'function_kwargs': {}}
2023-01-17:14:37:35,462 INFO     [psi4.driver.driver:617] Compute gradient(): method=scf, basis=cc-pvdz, molecule=default, nre=3043.8462010339595
2023-01-17:14:40:10,752 INFO     [psi4.driver.driver:620] Return gradient(): -1733.3988643610007
2023-01-17:14:40:10,754 INFO     [psi4.driver.driver:621] [[ 0.0000518  -0.00019573  0.00007164]
 [ 0.00036683 -0.00029201  0.00043938]
 [ 0.00002653  0.00052269 -0.00052002]
 [-0.00004124  0.00002711  0.00003739]
 [-0.00047275 -0.00031145  0.0004713 ]
 [ 0.00066231 -0.00116304  0.0005436 ]
 [ 0.00019712  0.00029941 -0.00011063]
 [-0.00009742  0.00011219 -0.00008328]
 [ 0.00010382  0.00074968  0.00012593]
 [-0.00014259 -0.00009042 -0.00022813]
 [-0.00042153 -0.00117345 -0.00023285]
 [ 0.0000188   0.00049729 -0.00005135]
 [ 0.00039025  0.00140036  0.00028753]
 [-0.00053707 -0.00021186 -0.00084032]
 [ 0.00021223 -0.00010824 -0.00009883]
 [ 0.00112945  0.00013456 -0.00062187]
 [-0.00016477  0.00015606  0.00007746]
 [-0.00006665 -0.0002037  -0.00020111]
 [ 0.00020057  0.00124466  0.0001632 ]
 [-0.00116383 -0.00180899  0.00063336]
 [ 0.00017617 -0.00015413 -0.0001221 ]
 [-0.00005285 -0.00004989 -0.00051158]
 [-0.00009109  0.00033527  0.00094937]
 [ 0.00004463 -0.00013241  0.0000444 ]
 [-0.00051565 -0.00029428  0.00033745]
 [-0.00101034 -0.0005064   0.00077717]
 [-0.00010819  0.00015234 -0.00000726]
 [ 0.00179121  0.00127803 -0.00049094]
 [-0.00088295 -0.00071634 -0.00022907]
 [ 0.00016778  0.00006652 -0.00020227]
 [ 0.00034421 -0.00000689 -0.00044915]
 [ 0.00058414  0.00006124  0.00014006]
 [ 0.00023345  0.00026646 -0.00034967]
 [ 0.00006432  0.00040115 -0.00028162]
 [-0.00057687 -0.00006448  0.00019974]
 [-0.00026861  0.00006246  0.00005651]
 [ 0.00006626 -0.00029191  0.0000834 ]
 [-0.00005312  0.00013115  0.00019249]
 [-0.00007697 -0.0000618   0.00011062]
 [-0.00012558  0.00001585 -0.00002144]
 [-0.00002334 -0.00010286  0.00014737]
 [ 0.00021861 -0.00004329 -0.00012915]
 [ 0.00005283 -0.00004501 -0.00009432]
 [ 0.00005114  0.00008639  0.00007097]
 [-0.0001864   0.00007059 -0.00011856]
 [ 0.00039785  0.00022017  0.00005704]
 [ 0.0004271  -0.0001003  -0.00009627]
 [ 0.00012744  0.00030857  0.00024232]
 [ 0.00012279  0.00026432  0.00005986]
 [-0.00048568  0.00012185  0.00022535]
 [-0.00021427 -0.00004144  0.0001086 ]
 [ 0.00001933 -0.00031806 -0.00017708]
 [-0.00042008 -0.00034472  0.00001906]
 [-0.00072635 -0.0004058   0.0000793 ]
 [ 0.00004213 -0.00037807 -0.00008748]
 [ 0.00063513  0.0006306  -0.00039551]]
2023-01-17:14:40:17,553 INFO     [psi4.driver.task_planner:266] PLANNING Atomic:  keywords={'CART_HESS_READ': 0, 'GEOM_MAXITER': 500, 'SCF__GUESS': 'READ', 'OPTKING__INTRAFRAG_STEP_LIMIT': 1.0, 'SCF__INTS_TOLERANCE': 1e-12, 'MAXITER': 500, 'function_kwargs': {}}
2023-01-17:14:40:17,556 INFO     [psi4.driver.driver:617] Compute gradient(): method=scf, basis=cc-pvdz, molecule=default, nre=3043.860099007309
2023-01-17:14:42:55,485 INFO     [psi4.driver.driver:620] Return gradient(): -1733.3989417861808
2023-01-17:14:42:55,488 INFO     [psi4.driver.driver:621] [[ 0.00001456 -0.00166582  0.00006972]
 [ 0.00010114 -0.00000203  0.00033429]
 [-0.00050169 -0.00148057 -0.00115623]
 [-0.00019604  0.00006063 -0.00002333]
 [ 0.00052863  0.002304    0.00035998]
 [-0.00079864 -0.00197858  0.00217884]
 [-0.00020914  0.00119024 -0.00078689]
 [-0.00017356  0.00085751 -0.00008883]
 [ 0.0007035   0.00087549  0.00113361]
 [-0.00018606 -0.00020427 -0.00028606]
 [ 0.00020251 -0.00211821  0.00037985]
 [-0.00061243 -0.00063361 -0.00073543]
 [ 0.00231178  0.00302325  0.00023295]
 [-0.00004351 -0.00114392 -0.00279994]
 [ 0.00040035 -0.00017476 -0.00007083]
 [ 0.00107981  0.0004124   0.00006892]
 [-0.00024709 -0.00010043 -0.00011839]
 [-0.00047475  0.00027193  0.00027316]
 [ 0.00099275  0.00156929 -0.00011043]
 [-0.00120048 -0.00075334  0.00270005]
 [ 0.0004326  -0.00048108 -0.00036986]
 [-0.00017639 -0.00073213 -0.00087487]
 [-0.00048951  0.00075941  0.00054506]
 [ 0.00025913 -0.00038993  0.00063795]
 [-0.00124742 -0.0009246   0.00062504]
 [-0.00203078 -0.00093916  0.00075166]
 [ 0.00040368 -0.00067854  0.00088368]
 [ 0.00170233  0.00137635 -0.0016311 ]
 [-0.00111042 -0.00027879 -0.00105314]
 [ 0.00025982  0.0000048  -0.00002577]
 [ 0.00088394 -0.00004962  0.00061033]
 [-0.00025041  0.00015766 -0.00061675]
 [ 0.00103111  0.0009415  -0.00082365]
 [-0.00002587  0.00080244 -0.00105345]
 [-0.00035735 -0.00032542  0.00018729]
 [-0.00066311 -0.00010897 -0.00011419]
 [ 0.00039253  0.00030057  0.0005496 ]
 [-0.00011612  0.00012542  0.00032398]
 [ 0.00011837  0.00009094  0.000365  ]
 [-0.0003625   0.00001892 -0.00016233]
 [-0.00000015 -0.00045669  0.00035636]
 [ 0.00045576 -0.00010602 -0.00028211]
 [ 0.00049622 -0.00003112 -0.00030788]
 [ 0.00000714  0.0005644   0.00009819]
 [-0.00053796  0.00002678 -0.00026601]
 [ 0.00142738  0.0010621  -0.00011366]
 [ 0.00024134  0.00042674 -0.00016978]
 [ 0.00091537  0.0012097   0.00027478]
 [ 0.00018288  0.00068245  0.0003208 ]
 [-0.00149155 -0.00114164  0.00033226]
 [-0.00083446  0.00008237  0.00047283]
 [-0.00059932  0.00020621  0.00057533]
 [-0.00122854 -0.00107145  0.00009218]
 [-0.00049023 -0.00104332 -0.00048262]
 [-0.00011236 -0.00086723 -0.00039881]
 [ 0.00122324  0.00047777 -0.00081136]]
2023-01-17:14:42:59,987 INFO     [psi4.driver.task_planner:266] PLANNING Atomic:  keywords={'CART_HESS_READ': 0, 'GEOM_MAXITER': 500, 'SCF__GUESS': 'READ', 'OPTKING__INTRAFRAG_STEP_LIMIT': 0.25, 'SCF__INTS_TOLERANCE': 1e-12, 'MAXITER': 500, 'function_kwargs': {}}
2023-01-17:14:42:59,991 INFO     [psi4.driver.driver:617] Compute gradient(): method=scf, basis=cc-pvdz, molecule=default, nre=3046.24435142802
2023-01-17:14:45:27,570 INFO     [psi4.driver.driver:620] Return gradient(): -1733.3991172340363
2023-01-17:14:45:27,572 INFO     [psi4.driver.driver:621] [[-0.00002257 -0.00153938  0.00011844]
 [-0.00012508  0.00038081 -0.00020242]
 [-0.00066941 -0.00186553 -0.00090949]
 [-0.00018038  0.00017067 -0.0000669 ]
 [ 0.00075192  0.00232993  0.00035013]
 [-0.00070309 -0.0023034   0.00194495]
 [-0.0004825   0.00093387 -0.00091011]
 [-0.00008192  0.00087456 -0.00006067]
 [ 0.00080391  0.00011695  0.00118573]
 [-0.00005995 -0.00021277 -0.00010295]
 [ 0.00015411 -0.00128735  0.00062317]
 [-0.00050332 -0.00089806 -0.00059973]
 [ 0.0024305   0.00333044  0.00038796]
 [-0.00041869 -0.00104432 -0.00285679]
 [ 0.00051806 -0.00009291  0.0000072 ]
 [ 0.00093839  0.00016224 -0.00004835]
 [-0.00027167 -0.00019722 -0.00022856]
 [-0.00039962  0.00031344  0.00030238]
 [ 0.0014185   0.0010468  -0.00073279]
 [-0.00085536 -0.00008734  0.00326323]
 [ 0.00031757 -0.00036443 -0.00023341]
 [-0.0005503  -0.00085831 -0.00088189]
 [-0.00045074  0.00115568  0.00062503]
 [ 0.00034896 -0.00039063  0.00074512]
 [-0.00113943 -0.00095377  0.0005179 ]
 [-0.00181416 -0.00093827  0.00049815]
 [ 0.00071825 -0.00078119  0.00118896]
 [ 0.00099122  0.00098085 -0.00220253]
 [-0.0007511  -0.00005738 -0.00102414]
 [ 0.00020269 -0.00000433  0.00016483]
 [ 0.00095211 -0.00024334  0.00102881]
 [-0.00051737  0.00020349 -0.00075998]
 [ 0.00100827  0.00102081 -0.00080677]
 [-0.00001231  0.00075056 -0.00091745]
 [-0.00021669 -0.00016217  0.0003636 ]
 [-0.00083    -0.00016181 -0.00016929]
 [ 0.00051663  0.00037575  0.0006861 ]
 [-0.0000507   0.00030671  0.00019893]
 [ 0.00014709  0.00031882  0.00007974]
 [-0.00052253 -0.00000392 -0.00021656]
 [ 0.00009599 -0.00054574  0.00050033]
 [ 0.00047086 -0.00007761 -0.00028227]
 [ 0.00019704  0.00001328 -0.00024638]
 [ 0.00006821  0.00021704 -0.00003515]
 [-0.00055707  0.00005748 -0.00027236]
 [ 0.00123216  0.00100738 -0.00016868]
 [-0.00022628  0.00037834  0.00009001]
 [ 0.00103637  0.00113286  0.00008398]
 [ 0.00009255  0.0004766   0.0002488 ]
 [-0.00124021 -0.00150232 -0.00000268]
 [-0.00074961  0.00008186  0.00047306]
 [-0.00060249  0.00065213  0.00088666]
 [-0.00102281 -0.00096738  0.00010296]
 [ 0.00010768 -0.00081835 -0.00054462]
 [-0.00010419 -0.00062974 -0.00030619]
 [ 0.00061245  0.00019962 -0.00087702]]
2023-01-17:14:45:41,544 INFO     [psi4.driver.task_planner:266] PLANNING Atomic:  keywords={'CART_HESS_READ': 0, 'GEOM_MAXITER': 500, 'SCF__GUESS': 'READ', 'OPTKING__INTRAFRAG_STEP_LIMIT': 0.25, 'SCF__INTS_TOLERANCE': 1e-12, 'MAXITER': 500, 'function_kwargs': {}}
2023-01-17:14:45:41,547 INFO     [psi4.driver.driver:617] Compute gradient(): method=scf, basis=cc-pvdz, molecule=default, nre=3048.2571044320057
2023-01-17:14:48:07,773 INFO     [psi4.driver.driver:620] Return gradient(): -1733.3993621594693
2023-01-17:14:48:07,775 INFO     [psi4.driver.driver:621] [[-0.00008082 -0.00067708  0.0000878 ]
 [-0.00013051  0.0000054  -0.00015701]
 [-0.00035245 -0.00066503 -0.00061199]
 [-0.00013895  0.00020271 -0.00018387]
 [ 0.00050877  0.00085777  0.00030905]
 [-0.00126441 -0.00111788 -0.00057115]
 [-0.00054891  0.00048648 -0.00113517]
 [ 0.00009151  0.00070547  0.0000631 ]
 [ 0.00040482 -0.00110926  0.00093645]
 [ 0.00014198 -0.00007317  0.00028983]
 [ 0.00003786  0.00080972 -0.00008765]
 [ 0.00014928 -0.00163381  0.000595  ]
 [ 0.00205433  0.00207338  0.00046331]
 [-0.00016103 -0.00018562 -0.0004949 ]
 [ 0.00087828  0.00022768  0.00028188]
 [ 0.00062529 -0.00064343 -0.00082218]
 [-0.00008505  0.00037315  0.00030452]
 [ 0.00006227  0.00003673  0.00004336]
 [ 0.00126899 -0.00075136 -0.00184451]
 [-0.00021765  0.0007817   0.00308442]
 [-0.0000599   0.00006449  0.00015592]
 [-0.00085594 -0.00068788 -0.00073958]
 [ 0.00058854  0.00114212  0.00095731]
 [ 0.00022419 -0.00030719  0.00064985]
 [-0.00062292 -0.00051252  0.00026368]
 [-0.00068441 -0.00040868  0.0003716 ]
 [ 0.00031115 -0.00086594  0.00076456]
 [-0.00084262  0.00037924 -0.00141315]
 [ 0.00005269  0.0001751  -0.0008763 ]
 [-0.00000127 -0.00034083  0.00029141]
 [ 0.00083787 -0.00014672  0.00050696]
 [-0.00068634  0.00019527 -0.00061103]
 [ 0.00054565  0.00056025 -0.00034109]
 [-0.00016862  0.0004472  -0.00081471]
 [-0.0003084   0.00014471  0.00043718]
 [-0.00089686 -0.00028663 -0.00029339]
 [ 0.00035629  0.00018362  0.00049602]
 [-0.00003406  0.000348    0.0000308 ]
 [ 0.00017984  0.00059592 -0.00019284]
 [-0.00054035 -0.00000437 -0.00025945]
 [ 0.00002653 -0.00070832  0.00052428]
 [ 0.0005335   0.00002536 -0.00026439]
 [ 0.00050661  0.00012233 -0.00016831]
 [-0.00008103  0.0002592  -0.00010678]
 [-0.00074785 -0.00004954 -0.00022715]
 [ 0.00070138  0.00062955 -0.0002171 ]
 [-0.00037252  0.00004522  0.00001948]
 [ 0.00075057  0.00089858 -0.00006232]
 [ 0.00000519  0.00001067  0.00001623]
 [-0.00063021 -0.00136324 -0.00033942]
 [-0.00051332 -0.00001015  0.00038479]
 [-0.00048425  0.00074115  0.00083283]
 [-0.00060918 -0.0005566   0.00013671]
 [ 0.00033262 -0.00039543 -0.00048047]
 [-0.00011465 -0.00007277  0.00002716]
 [ 0.00005849  0.00004525 -0.00000958]]
2023-01-17:14:48:20,235 INFO     [psi4.driver.task_planner:266] PLANNING Atomic:  keywords={'CART_HESS_READ': 0, 'GEOM_MAXITER': 500, 'SCF__GUESS': 'READ', 'OPTKING__INTRAFRAG_STEP_LIMIT': 0.25, 'SCF__INTS_TOLERANCE': 1e-12, 'MAXITER': 500, 'function_kwargs': {}}
2023-01-17:14:48:20,239 INFO     [psi4.driver.driver:617] Compute gradient(): method=scf, basis=cc-pvdz, molecule=default, nre=3053.603219357358
2023-01-17:14:50:51,604 INFO     [psi4.driver.driver:620] Return gradient(): -1733.3995765818072
2023-01-17:14:50:51,606 INFO     [psi4.driver.driver:621] [[ 0.00004807  0.00019731  0.00003021]
 [-0.00013076  0.00004318 -0.00018744]
 [ 0.00002689 -0.00013862  0.00026397]
 [-0.00001788  0.00006277 -0.00006014]
 [ 0.00037153 -0.00028408  0.00039291]
 [-0.00089189  0.00016375 -0.00145801]
 [-0.0003702   0.00010339 -0.00036519]
 [-0.00000254 -0.00006298  0.00002522]
 [-0.00015277 -0.00086948 -0.00000116]
 [ 0.00002226  0.00006453  0.00004261]
 [ 0.00034993  0.00126707 -0.00016861]
 [-0.00003769 -0.00065669  0.00024884]
 [ 0.00047108  0.00007335  0.00031149]
 [ 0.00015335  0.00018633  0.00094553]
 [ 0.00000941  0.00005446  0.00004906]
 [ 0.0001161  -0.00020498  0.00002076]
 [-0.00045043  0.00012096 -0.00003548]
 [ 0.00019053 -0.00004501 -0.00008803]
 [ 0.00026903 -0.00023839 -0.00121486]
 [ 0.0004402   0.00045784  0.00139819]
 [-0.00018872  0.00007718  0.00010347]
 [-0.00001391  0.0001375   0.00045544]
 [ 0.0000442  -0.00005678 -0.000045  ]
 [-0.00008785  0.00001284 -0.00003791]
 [ 0.00013368  0.00010456 -0.00013676]
 [ 0.00033827  0.00036273 -0.00007377]
 [-0.0000544  -0.00031155  0.00014514]
 [-0.00099867 -0.00082281 -0.00090925]
 [ 0.00049946  0.00040969  0.00019381]
 [-0.0001763  -0.00028069  0.00016904]
 [ 0.00046897 -0.0000541   0.00016649]
 [-0.00016727 -0.00010049 -0.00007654]
 [-0.0000883  -0.00010877  0.00009936]
 [ 0.00008591 -0.00002933  0.00008872]
 [-0.00032832 -0.00006312 -0.00007091]
 [ 0.00005182 -0.00001116 -0.00004065]
 [ 0.0000075   0.00015623 -0.00001462]
 [ 0.00017782  0.00006896 -0.00008879]
 [ 0.00012307  0.0001684  -0.00013299]
 [-0.00016265  0.00006383  0.00014345]
 [ 0.00007562 -0.00002761 -0.00003567]
 [-0.00000513  0.00002594  0.00008695]
 [-0.00007491  0.00001355  0.00013599]
 [ 0.00004455 -0.00013956 -0.0001686 ]
 [-0.00000641 -0.00000052  0.00010231]
 [-0.00010966 -0.00018722 -0.00001006]
 [-0.00052886  0.00031914  0.0003315 ]
 [ 0.00040076 -0.00000044 -0.00022041]
 [-0.00005995 -0.00018108 -0.00006801]
 [ 0.00002312 -0.0002505  -0.00016935]
 [ 0.00006936  0.00001353 -0.00006673]
 [-0.00014312  0.00017861  0.00027352]
 [ 0.00013916  0.00020013 -0.00001062]
 [ 0.00055626  0.00037342 -0.00010802]
 [-0.0000319   0.0001459   0.00003899]
 [-0.00042741 -0.00050109 -0.00019937]]
2023-01-17:14:50:59,281 INFO     [psi4.driver.task_planner:266] PLANNING Atomic:  keywords={'CART_HESS_READ': 0, 'GEOM_MAXITER': 500, 'SCF__GUESS': 'READ', 'OPTKING__INTRAFRAG_STEP_LIMIT': 0.75, 'SCF__INTS_TOLERANCE': 1e-12, 'MAXITER': 500, 'function_kwargs': {}}
2023-01-17:14:50:59,285 INFO     [psi4.driver.driver:617] Compute gradient(): method=scf, basis=cc-pvdz, molecule=default, nre=3060.319741965179
2023-01-17:14:53:37,213 INFO     [psi4.driver.driver:620] Return gradient(): -1733.3995795720703
2023-01-17:14:53:37,215 INFO     [psi4.driver.driver:621] [[ 0.0001347   0.00001992  0.00024069]
 [-0.00020824  0.00033506 -0.00074203]
 [ 0.00024998 -0.00056754  0.0007811 ]
 [ 0.00009995  0.00018719 -0.00000276]
 [ 0.00010137  0.00023539 -0.00006087]
 [ 0.00005208 -0.00030669 -0.00001296]
 [-0.00024621 -0.00015903 -0.00017392]
 [-0.00003572  0.00006229 -0.00016852]
 [-0.00040644 -0.00068978 -0.00055574]
 [ 0.00004475 -0.00007064  0.0000936 ]
 [ 0.0002976   0.00084593  0.00087342]
 [ 0.00000083 -0.00100179  0.00017499]
 [ 0.00001717  0.00041838 -0.00012411]
 [-0.00025598  0.00059955  0.00047603]
 [ 0.00019858 -0.00009858 -0.00013259]
 [-0.0004517   0.00056105  0.0005138 ]
 [ 0.00039272 -0.00050203 -0.00028605]
 [ 0.00002855 -0.00000205 -0.00005753]
 [-0.00264234 -0.00048992 -0.00173777]
 [ 0.00165808  0.00180089  0.00158866]
 [-0.00016522  0.00012911  0.00006212]
 [ 0.00020463  0.00091276  0.00108205]
 [ 0.00066611 -0.00079272 -0.00110019]
 [-0.00005386  0.0000266  -0.000009  ]
 [ 0.00001813  0.00012226 -0.00006799]
 [ 0.00118505  0.00063299 -0.00040001]
 [-0.00066481 -0.0004546  -0.00005368]
 [-0.00041391 -0.00237063 -0.0009898 ]
 [ 0.00088478 -0.00011216  0.00018849]
 [-0.00034288 -0.00003307  0.00001058]
 [ 0.00077247 -0.00022514  0.00037521]
 [ 0.00017784  0.00033719 -0.00017614]
 [ 0.00012491  0.00004315  0.00006644]
 [ 0.00020802 -0.00006202  0.00015945]
 [-0.00118874  0.00020741 -0.0000115 ]
 [-0.0001928   0.00015143  0.00012666]
 [ 0.00000433  0.00026468 -0.0001419 ]
 [ 0.0001432  -0.0000024   0.00008036]
 [ 0.00007801  0.00024481  0.00000279]
 [ 0.00002124  0.00009323  0.00002653]
 [-0.00011643 -0.0001901  -0.00014112]
 [ 0.00007623  0.00001007  0.00009476]
 [ 0.00007688  0.00009042  0.00015148]
 [-0.00018122 -0.00003492 -0.00028309]
 [-0.00004276 -0.00001627  0.00018322]
 [-0.00003014 -0.00014962 -0.00014692]
 [-0.00041092  0.00053154  0.00049102]
 [ 0.00032385 -0.00020386 -0.00055043]
 [-0.0000096  -0.00012698 -0.00004551]
 [-0.00003446 -0.00020009 -0.00010527]
 [ 0.00003274 -0.0001054  -0.00004777]
 [-0.00033355 -0.00001072  0.00027001]
 [ 0.00002745  0.00015492  0.00007917]
 [ 0.00045677  0.00069031  0.00006271]
 [-0.00012289  0.00013428  0.00018784]
 [-0.00020819 -0.00086404 -0.000118  ]]
2023-01-17:14:53:41,952 INFO     [psi4.driver.task_planner:266] PLANNING Atomic:  keywords={'CART_HESS_READ': 0, 'GEOM_MAXITER': 500, 'SCF__GUESS': 'READ', 'OPTKING__INTRAFRAG_STEP_LIMIT': 0.1875, 'SCF__INTS_TOLERANCE': 1e-12, 'MAXITER': 500, 'function_kwargs': {}}
2023-01-17:14:53:41,956 INFO     [psi4.driver.driver:617] Compute gradient(): method=scf, basis=cc-pvdz, molecule=default, nre=3055.3919908066646
2023-01-17:14:56:13,823 INFO     [psi4.driver.driver:620] Return gradient(): -1733.3996698531696
2023-01-17:14:56:13,825 INFO     [psi4.driver.driver:621] [[ 0.00008935  0.00017632  0.00008306]
 [-0.00015041  0.00009581 -0.00035857]
 [ 0.00025449  0.00000883  0.00053685]
 [ 0.00009227  0.00004034  0.00000413]
 [-0.00021777 -0.00021581 -0.0003504 ]
 [ 0.00033005  0.00020162 -0.0003084 ]
 [ 0.00002424 -0.00027074  0.00032489]
 [ 0.00002528 -0.00006268 -0.0000676 ]
 [-0.00031372 -0.00009528 -0.0005238 ]
 [ 0.00006104  0.00000462  0.00008692]
 [ 0.00017149  0.00037488  0.00035664]
 [ 0.00012789 -0.00029823  0.0002187 ]
 [-0.00066337 -0.00048136 -0.00030521]
 [ 0.00004973  0.00052592  0.00083203]
 [ 0.00006267 -0.00005607 -0.00009562]
 [-0.00041072  0.0005247   0.00031814]
 [ 0.00068942 -0.00037764 -0.00037809]
 [-0.00000917 -0.00003037 -0.00000585]
 [-0.00030212 -0.00017145  0.00019035]
 [ 0.00033831  0.0000854   0.00064463]
 [-0.00005777  0.00010671 -0.00000134]
 [ 0.00032036  0.00054391  0.00067246]
 [ 0.00039172 -0.00068021 -0.0008094 ]
 [-0.00011607 -0.0000011  -0.00007326]
 [ 0.00016376  0.00022754 -0.0001095 ]
 [ 0.00082554  0.00055247 -0.00011976]
 [-0.000259   -0.00004447 -0.0004031 ]
 [-0.00121488  0.00003533  0.00040613]
 [ 0.00037637  0.000144    0.00037354]
 [-0.00018584  0.00010001 -0.00010367]
 [-0.00035459 -0.0001123  -0.00072068]
 [ 0.00002993  0.00005631  0.00006327]
 [-0.00009483 -0.00021159  0.00022039]
 [ 0.00006525 -0.00017373  0.00021725]
 [-0.00009909 -0.00035318 -0.00055191]
 [ 0.00026661  0.00003851  0.000087  ]
 [-0.00011907  0.00005138 -0.00022714]
 [-0.00002027 -0.00000139 -0.00001285]
 [ 0.00005667 -0.00000835 -0.00008348]
 [-0.00002625 -0.00006733  0.00006127]
 [ 0.00001818 -0.00002636 -0.00013244]
 [-0.00002257  0.00001145  0.00005004]
 [-0.00004444 -0.00003355  0.00004064]
 [ 0.000013    0.00002692 -0.00012996]
 [-0.00001529 -0.00002042  0.00013367]
 [-0.00013138 -0.00019595 -0.00001291]
 [-0.00008318  0.00028697  0.00021706]
 [-0.00001194 -0.00029988 -0.00024952]
 [ 0.00001916 -0.00006722 -0.00004166]
 [ 0.00017035  0.00018778 -0.00004564]
 [ 0.00008792 -0.00006406 -0.00008611]
 [-0.00013479 -0.00016688 -0.0000128 ]
 [ 0.00009996  0.00017198  0.00001527]
 [ 0.00022921  0.00043282  0.00014681]
 [-0.00007764  0.00012033  0.00007137]
 [-0.00031403 -0.00054526 -0.00005186]]
2023-01-17:14:56:23,329 INFO     [psi4.driver.task_planner:266] PLANNING Atomic:  keywords={'CART_HESS_READ': 0, 'GEOM_MAXITER': 500, 'SCF__GUESS': 'READ', 'OPTKING__INTRAFRAG_STEP_LIMIT': 0.1875, 'SCF__INTS_TOLERANCE': 1e-12, 'MAXITER': 500, 'function_kwargs': {}}
2023-01-17:14:56:23,333 INFO     [psi4.driver.driver:617] Compute gradient(): method=scf, basis=cc-pvdz, molecule=default, nre=3056.6072003989384
2023-01-17:14:58:55,128 INFO     [psi4.driver.driver:620] Return gradient(): -1733.3996931480751
2023-01-17:14:58:55,130 INFO     [psi4.driver.driver:621] [[-0.00007328 -0.00022805 -0.00001183]
 [-0.0000784   0.00000242 -0.00001757]
 [-0.00009931 -0.00010952 -0.00024909]
 [-0.00002298  0.00001209 -0.00002245]
 [-0.00002656  0.00030323 -0.00014611]
 [ 0.00004696  0.00036836 -0.00001167]
 [ 0.00005396  0.0001118  -0.00004712]
 [ 0.00006847  0.00018591  0.00004336]
 [ 0.00008981  0.00014374  0.0002013 ]
 [ 0.00002201  0.0000021   0.0000597 ]
 [ 0.00005497 -0.00027363 -0.00016613]
 [ 0.00002335 -0.00007982  0.00022045]
 [-0.00003853 -0.00020391  0.00001417]
 [ 0.00013336 -0.00020048 -0.00013763]
 [ 0.00018184  0.00003303  0.00005147]
 [-0.00025892  0.00023821  0.0002535 ]
 [ 0.00057186 -0.00003473  0.00020703]
 [-0.0000967   0.00004501  0.00003814]
 [-0.00035106 -0.00000233 -0.00034074]
 [ 0.00027919  0.00013098  0.00034705]
 [ 0.00001546 -0.00004082 -0.00003881]
 [ 0.00022858 -0.00013859 -0.00002506]
 [ 0.00015202 -0.00027619 -0.00016085]
 [ 0.00008829 -0.00019041  0.00027253]
 [-0.00013341 -0.00021732  0.0001464 ]
 [ 0.00014984  0.00007     0.00018766]
 [-0.00008557 -0.00003749 -0.00001433]
 [-0.00006283 -0.00027574  0.00006339]
 [-0.00022537 -0.00039746 -0.00004262]
 [ 0.00016038 -0.00003404 -0.00000915]
 [-0.00027145  0.00008172 -0.00029494]
 [ 0.00025011  0.00025481 -0.00004522]
 [ 0.00017862  0.00023074 -0.0001118 ]
 [-0.00016981  0.00021695 -0.00035514]
 [-0.00034513  0.00035599  0.00019957]
 [-0.00004118 -0.00011107 -0.00009925]
 [ 0.00001547 -0.00010691  0.00008968]
 [-0.00018967  0.00012734  0.00000675]
 [-0.00024077  0.0000063  -0.00005317]
 [-0.00008324 -0.0000184  -0.000047  ]
 [ 0.00006233 -0.0002782   0.00023464]
 [ 0.0002727   0.00000213 -0.00027802]
 [ 0.00037104  0.00005502 -0.00036809]
 [-0.00008109  0.00027026  0.00008563]
 [-0.00011805  0.00001356 -0.00003611]
 [ 0.0001495   0.00013499 -0.00003808]
 [ 0.00026197  0.00013773 -0.00016698]
 [-0.00025416  0.00014611  0.0003728 ]
 [-0.00005311  0.00013024  0.00012646]
 [-0.00008809 -0.00002581  0.00001121]
 [-0.0003251   0.00001111  0.00033307]
 [-0.00033996 -0.00002455  0.00032432]
 [-0.00015385 -0.00017322  0.00004739]
 [ 0.00034577 -0.00007402 -0.00035768]
 [ 0.00007489 -0.00016066 -0.00014236]
 [ 0.00000481 -0.00010854 -0.00010265]]
2023-01-17:14:59:00,432 INFO     [psi4.driver.task_planner:266] PLANNING Atomic:  keywords={'CART_HESS_READ': 0, 'GEOM_MAXITER': 500, 'SCF__GUESS': 'READ', 'OPTKING__INTRAFRAG_STEP_LIMIT': 0.046875, 'SCF__INTS_TOLERANCE': 1e-12, 'MAXITER': 500, 'function_kwargs': {}}
2023-01-17:14:59:00,435 INFO     [psi4.driver.driver:617] Compute gradient(): method=scf, basis=cc-pvdz, molecule=default, nre=3057.580594481903
2023-01-17:15:02:01,567 INFO     [psi4.driver.driver:620] Return gradient(): -1733.399704116276
2023-01-17:15:02:01,571 INFO     [psi4.driver.driver:621] [[-0.00001254 -0.00006356 -0.00000387]
 [ 0.00001989  0.00002415 -0.0000028 ]
 [-0.00001981 -0.00006979 -0.00007278]
 [-0.00002805  0.00000136  0.00000218]
 [-0.00000954  0.0000915  -0.00005908]
 [ 0.00011414  0.00009146  0.0002477 ]
 [ 0.00004661  0.00003912  0.00004975]
 [-0.00001796 -0.00000344  0.00001174]
 [ 0.00007878  0.00012025  0.00005568]
 [-0.00001499 -0.00000859 -0.00003186]
 [-0.0000747  -0.0002413   0.00008659]
 [-0.00003835  0.00020497 -0.00017724]
 [-0.00010093 -0.00008202 -0.00001119]
 [-0.00001101 -0.0001248  -0.00020357]
 [-0.00004268 -0.00003547 -0.00000847]
 [-0.00016014  0.00029241  0.00020524]
 [ 0.000349   -0.00003086 -0.00000572]
 [-0.00006916  0.00003348  0.00002722]
 [-0.00021827 -0.00015104  0.00013742]
 [ 0.00016255 -0.0000512  -0.0001282 ]
 [ 0.00001091 -0.00006966 -0.00004175]
 [ 0.00021846 -0.00002935 -0.00001124]
 [-0.00013368 -0.00014449 -0.00018298]
 [ 0.00000602  0.00000221 -0.00000697]
 [-0.00002988 -0.00004449  0.00004004]
 [ 0.00005636  0.00001903  0.00005412]
 [-0.00001825  0.0000573  -0.00014539]
 [-0.00009233  0.00004258  0.00005831]
 [-0.0001571  -0.00018004  0.00012821]
 [ 0.00007787  0.00003943 -0.00002609]
 [-0.0000605  -0.00004293 -0.00006774]
 [ 0.00019295  0.00006151  0.00000504]
 [ 0.00003171  0.00004398 -0.00003141]
 [-0.0000316   0.0000191  -0.00003943]
 [-0.00010617  0.00023819  0.00008241]
 [ 0.00004825 -0.00004876 -0.00002695]
 [ 0.00002804 -0.00000607  0.0000445 ]
 [-0.00006856  0.00000851  0.000001  ]
 [-0.0000367  -0.00006824  0.0000611 ]
 [ 0.00003519  0.00000373 -0.00002973]
 [-0.00002249  0.00003272  0.00000713]
 [-0.00000822 -0.00000911  0.00000344]
 [ 0.00002649 -0.00000055  0.00001548]
 [-0.00001762 -0.00000746  0.00004851]
 [ 0.00002733  0.00000539 -0.00001772]
 [ 0.00002568  0.00005262  0.00000721]
 [-0.00006626  0.00006819  0.00000248]
 [ 0.00004013  0.00005579 -0.00000326]
 [ 0.00001721  0.00004379  0.00000956]
 [ 0.00001696 -0.00006098 -0.00000828]
 [-0.00001176  0.00001294 -0.00000546]
 [-0.00000391  0.00001047  0.00001626]
 [-0.00000682 -0.00004956 -0.00002495]
 [-0.00003848 -0.00003861 -0.00005633]
 [-0.00000338 -0.00005831 -0.00001937]
 [ 0.0001013   0.0000045   0.00004146]]
2023-01-17:15:02:10,792 INFO     [psi4.driver.task_planner:266] PLANNING Atomic:  keywords={'CART_HESS_READ': 0, 'GEOM_MAXITER': 500, 'SCF__GUESS': 'READ', 'OPTKING__INTRAFRAG_STEP_LIMIT': 0.140625, 'SCF__INTS_TOLERANCE': 1e-12, 'MAXITER': 500, 'function_kwargs': {}}
2023-01-17:15:02:10,798 INFO     [psi4.driver.driver:617] Compute gradient(): method=scf, basis=cc-pvdz, molecule=default, nre=3057.8324695133138
2023-01-17:15:05:21,558 INFO     [psi4.driver.driver:620] Return gradient(): -1733.3997056769922
2023-01-17:15:05:21,561 INFO     [psi4.driver.driver:621] [[-0.00000046 -0.00000502  0.00000269]
 [ 0.00001199 -0.00002866  0.00007468]
 [ 0.00001266  0.00002663 -0.00002834]
 [ 0.00000167 -0.00000169 -0.00000057]
 [ 0.00001094  0.00000102 -0.00001559]
 [-0.00002006  0.00005792  0.00017145]
 [ 0.00000145  0.00000781 -0.00001452]
 [-0.00000415 -0.00000409 -0.00000462]
 [ 0.00000779  0.00006098  0.00002048]
 [-0.00001318 -0.00000664 -0.00001444]
 [ 0.00000524 -0.00011259 -0.00001288]
 [-0.00003872  0.00004877 -0.000068  ]
 [ 0.00005471  0.00000519 -0.00001428]
 [-0.00000372 -0.00006509 -0.00010352]
 [-0.00000618 -0.00000591 -0.00001645]
 [-0.00002676  0.00002835  0.00005475]
 [ 0.00009753 -0.00001317  0.00009277]
 [-0.0000173   0.0000024  -0.00000552]
 [-0.00015718  0.00003756 -0.00021653]
 [ 0.00001014 -0.00001314 -0.00007721]
 [-0.00000207  0.00000342 -0.00000533]
 [ 0.00011431 -0.00006342 -0.00001038]
 [-0.00004905 -0.00001271 -0.00004437]
 [-0.00000594  0.00003479 -0.00003955]
 [-0.00000051  0.00000084 -0.00000416]
 [ 0.00003686 -0.00001423 -0.00000146]
 [-0.0000616   0.00001476 -0.00008435]
 [ 0.00002922 -0.00003861  0.00006685]
 [-0.00006655 -0.00008443  0.00012171]
 [-0.00000894  0.0000224  -0.00001872]
 [ 0.00008446 -0.00001682  0.00002077]
 [ 0.00008737  0.00005696 -0.00001293]
 [-0.00001266 -0.00001068  0.00000247]
 [ 0.00001074 -0.00002086  0.00003571]
 [-0.00013733  0.00012194  0.00012069]
 [-0.00001108 -0.00000924  0.000002  ]
 [ 0.00001076  0.00001269  0.00001338]
 [ 0.00006242 -0.00003161  0.00001334]
 [ 0.00006819  0.00000551  0.00001898]
 [-0.00001001  0.00000083  0.00002529]
 [ 0.00002886  0.00004471 -0.00004096]
 [-0.00003947 -0.00000419  0.00002426]
 [-0.00006473 -0.00001924  0.00003646]
 [ 0.00003507 -0.00000925 -0.00001223]
 [ 0.00000077 -0.0000092  -0.00000217]
 [ 0.00001668  0.00002512  0.00001188]
 [-0.00004917 -0.00002728  0.00003184]
 [ 0.00008936  0.00005023 -0.00004394]
 [ 0.00001361 -0.00000099 -0.00001227]
 [-0.00004036 -0.00008321 -0.00001562]
 [ 0.00003764 -0.00000197 -0.00004003]
 [ 0.00002909  0.0000303  -0.00000268]
 [-0.00000636 -0.00001759 -0.0000092 ]
 [-0.00006439 -0.00005848  0.00004478]
 [-0.00002396  0.00001263  0.00001387]
 [-0.00002767  0.00007619 -0.00002826]]
2023-01-17:15:05:30,286 INFO     [psi4.driver.task_planner:266] PLANNING Atomic:  keywords={'CART_HESS_READ': 0, 'GEOM_MAXITER': 500, 'SCF__GUESS': 'READ', 'OPTKING__INTRAFRAG_STEP_LIMIT': 0.140625, 'SCF__INTS_TOLERANCE': 1e-12, 'MAXITER': 500, 'function_kwargs': {}}
2023-01-17:15:05:30,292 INFO     [psi4.driver.driver:617] Compute gradient(): method=scf, basis=cc-pvdz, molecule=default, nre=3057.5336151487613
2023-01-17:15:08:57,759 INFO     [psi4.driver.driver:620] Return gradient(): -1733.3997064799923
2023-01-17:15:08:57,761 INFO     [psi4.driver.driver:621] [[ 0.00000609  0.00000562  0.00000163]
 [ 0.00002047 -0.00000932  0.00003967]
 [-0.00000763  0.00003148  0.00001255]
 [ 0.00001529  0.0000008   0.00000499]
 [-0.00000067 -0.00002059 -0.00000708]
 [ 0.00003565 -0.00004461  0.00009267]
 [-0.00002851 -0.00001226  0.00002971]
 [ 0.00000464 -0.00000498 -0.00001086]
 [ 0.00000159  0.00004522 -0.00002524]
 [-0.00000372 -0.0000067  -0.00000831]
 [-0.0000106  -0.00004007 -0.00001902]
 [-0.00000557 -0.00000928 -0.00000043]
 [ 0.00001567  0.00005071 -0.00000993]
 [-0.00003071 -0.00000054 -0.00007463]
 [ 0.00000076 -0.00000667 -0.00001608]
 [ 0.00003814 -0.00002235 -0.00000385]
 [-0.00001678 -0.00000306 -0.00000445]
 [-0.00000348 -0.0000064  -0.00000755]
 [ 0.00003507  0.00000695 -0.00001381]
 [-0.00011039  0.00000571  0.000005  ]
 [ 0.00000191  0.00001467  0.00000189]
 [ 0.0000502  -0.00002177  0.00000882]
 [-0.00003842  0.00002622 -0.00000689]
 [-0.00000094  0.00000598 -0.00001061]
 [ 0.00000657  0.00000122 -0.0000028 ]
 [-0.00002185 -0.00001361  0.00000494]
 [-0.00001293  0.000038    0.00001842]
 [ 0.00009997 -0.00004334  0.00001658]
 [ 0.00003531 -0.00003269 -0.00003603]
 [-0.00000515  0.00001134 -0.0000119 ]
 [-0.00000326  0.0000376  -0.00003001]
 [-0.00000795  0.00002296  0.00000379]
 [-0.00001627 -0.00001053 -0.00000159]
 [ 0.00001964 -0.00001426  0.00002691]
 [-0.00003078  0.00000297  0.00000482]
 [-0.00000965  0.00001573  0.00001528]
 [-0.00000266  0.000006   -0.00000726]
 [ 0.00001359 -0.00001818  0.00000986]
 [ 0.00000188  0.0000106  -0.00001344]
 [ 0.00002043  0.00001282  0.00000076]
 [-0.00001446  0.00000802 -0.00001081]
 [-0.00000481 -0.00000122  0.00001116]
 [-0.00002592  0.00000158  0.00000419]
 [-0.00000367 -0.0000097  -0.00001235]
 [ 0.0000062   0.00000242 -0.00000126]
 [-0.00000558 -0.00001199 -0.00000155]
 [ 0.00002685 -0.00002787  0.00000556]
 [-0.00001643 -0.00001252  0.00000389]
 [-0.00000689 -0.00000576  0.00000246]
 [-0.00002848  0.0000122   0.00001674]
 [ 0.0000094  -0.000001   -0.00000067]
 [ 0.0000058   0.00000756 -0.00000707]
 [ 0.00000108  0.00000876  0.00000662]
 [ 0.00000296 -0.00000878  0.00002265]
 [ 0.0000083   0.00000732  0.00000793]
 [-0.00000932  0.0000196  -0.000024  ]]
2023-01-17:15:09:14,559 INFO     [psi4.driver.task_planner:266] PLANNING Atomic:  keywords={'GEOM_MAXITER': 500, 'SCF__INTS_TOLERANCE': 1e-12, 'MAXITER': 500, 'function_kwargs': {}}
2023-01-17:15:09:14,563 INFO     [psi4.driver.driver:774] Compute properties(): method=scf, basis=6-31g*, molecule=optimized, nre=3057.5336151487954
2023-01-17:15:13:21,103 INFO     [psi4.driver.driver:777] Return properties(): -1733.2991778179112
2023-01-17:15:13:24,388 INFO     [psi4.driver.task_planner:266] PLANNING Atomic:  keywords={'GEOM_MAXITER': 500, 'SCF__INTS_TOLERANCE': 1e-12, 'MAXITER': 500, 'function_kwargs': {}}
2023-01-17:15:13:24,392 INFO     [psi4.driver.driver:774] Compute properties(): method=scf, basis=6-31g*, molecule=optimized, nre=3057.5336151487954
2023-01-17:15:17:24,831 INFO     [psi4.driver.driver:777] Return properties(): -1733.2991778195646
