Electrostatic potential parameters
    van der Waals radii (Angstrom):
                                      H   1.200
                                      C   1.500
                                      S   1.750
                                      O   1.400
    VDW scale factors:                1.40  1.60  1.80  2.00
    VDW point density:                1.000
    ESP method:                       scf
    ESP basis set:                    6-31g*

Grid information (see 1_optimized_grid.dat in Angstrom)
    Number of grid points:            2205

Quantum electrostatic potential (see 1_optimized_grid_esp.dat)

Constraints
    Charge constraints
        Total charge of   0.00000000 on the set  51
        Total charge of   0.00000000 on the set  37

Restraint
    Hyperbolic restraint to a charge of zero
    Hydrogen atoms are not restrained
    resp_a:                           0.0005
    resp_b:                           0.1000

Fit

Electrostatic Potential Charges
   Center  Symbol       ESP      RESP
      1    H       0.19138549  0.14401120
      2    C      -0.61453186 -0.40742354
      3    C       0.29298185  0.09687820
      4    H       0.08832804  0.13171886
      5    C      -0.13365636  0.00757925
      6    S       1.09562024  0.94725932
      7    C      -0.38950266 -0.43329645
      8    H       0.20294909  0.19520792
      9    C      -0.07222246  0.00220339
     10    H       0.25213036  0.24595932
     11    C       0.26380507  0.10834063
     12    O      -0.04138927 -0.01202749
     13    O      -0.56542314 -0.53087288
     14    O      -0.61198367 -0.57449968
     15    H       0.15280042  0.17771716
     16    C       0.01547605 -0.13906012
     17    C      -0.39478519 -0.17229122
     18    H       0.19441498  0.13758709
     19    C       0.56793117  0.27179036
     20    O      -0.47654538 -0.29745777
     21    H       0.17632873  0.18468214
     22    C      -0.04503640 -0.17705661
     23    C      -0.21933173 -0.06525232
     24    H       0.20222940  0.16401579
     25    H       0.13794084  0.14430318
     26    C      -0.41278430 -0.20702711
     27    C      -0.04726356 -0.15060226
     28    C       0.53572430  0.20172593
     29    C      -0.13047123  0.01522307
     30    C       0.34764317  0.12316484
     31    C      -0.37934224 -0.19355155
     32    C      -0.07483081 -0.16378183
     33    H       0.19829092  0.16770783
     34    H       0.14482631  0.14629645
     35    C      -0.41978323 -0.18393757
     36    H       0.20047610  0.15454462
     37    H       0.00000000  0.00000000
     38    C      -0.41150769 -0.19399877
     39    C      -0.38665005 -0.19677786
     40    H       0.10506634  0.05157747
     41    H       0.09012689  0.03935332
     42    H       0.12240733  0.07279438
     43    H       0.10063522  0.05894981
     44    H       0.08582138  0.04400764
     45    H       0.10762268  0.06439094
     46    H       0.10108441  0.13093091
     47    C       0.09224731 -0.03562264
     48    C      -0.55221395 -0.45875584
     49    H       0.22483400  0.20780920
     50    C       0.36934080  0.31526955
     51    H       0.00000000  0.00000000
     52    C      -0.53119612 -0.46622413
     53    H       0.21839588  0.20556024
     54    C       0.04248390 -0.03189872
     55    H       0.11093815  0.12756747
     56    C      -0.12183552  0.00528887
Total Charge:     -0.00000000 -0.00000000
