Electrostatic potential parameters
    van der Waals radii (Angstrom):
                                      N   1.500
                                      C   1.500
                                      H   1.200
                                      F   1.350
                                      O   1.400
    VDW scale factors:                1.40  1.60  1.80  2.00
    VDW point density:                1.000
    ESP method:                       scf
    ESP basis set:                    6-31g*

Grid information (see 1_optimized_grid.dat in Angstrom)
    Number of grid points:            2722

Quantum electrostatic potential (see 1_optimized_grid_esp.dat)

Constraints
    Charge constraints
        Total charge of   0.00000000 on the set  49
        Total charge of   0.00000000 on the set  73

Restraint
    Hyperbolic restraint to a charge of zero
    Hydrogen atoms are not restrained
    resp_a:                           0.0005
    resp_b:                           0.1000

Fit

Electrostatic Potential Charges
   Center  Symbol       ESP      RESP
      1    N      -0.21218108 -0.24712232
      2    C       0.06856902  0.13911160
      3    C       0.19581788  0.02745997
      4    C      -0.29395838 -0.07729733
      5    C      -0.19731400 -0.08584965
      6    C      -0.06498499 -0.19557841
      7    H       0.15192445  0.17169206
      8    C      -0.35590967 -0.19982221
      9    H       0.18519231  0.14949753
     10    C       0.25806443  0.07672865
     11    C      -0.13300934 -0.05782084
     12    C      -0.13921210 -0.07685176
     13    H       0.15868246  0.14538174
     14    C       0.22755483 -0.02349764
     15    H       0.16044384  0.16607632
     16    C      -0.08828437 -0.14068424
     17    C      -0.16153135 -0.05892239
     18    C      -0.45173763 -0.10195366
     19    C      -0.17925052 -0.06712284
     20    H       0.17576526  0.14214139
     21    C       0.65202168  0.32121903
     22    C       0.73044684  0.38278380
     23    F      -0.19110572 -0.11194755
     24    F      -0.18683605 -0.11115013
     25    F      -0.17903647 -0.10363218
     26    F      -0.19184819 -0.11027207
     27    F      -0.20657060 -0.12030514
     28    F      -0.19179477 -0.12366299
     29    C       0.64474007  0.45251730
     30    C       0.63552214  0.45337424
     31    N      -0.15078418  0.01894824
     32    O      -0.51480695 -0.46698017
     33    O      -0.51154705 -0.46938501
     34    C      -0.38225809 -0.12665671
     35    C      -0.08775780  0.02098818
     36    C       0.05219415  0.02790248
     37    O      -0.38517197 -0.37819316
     38    C       0.12048633  0.04357252
     39    C       0.02103137  0.03803835
     40    N       0.49557141  0.49130013
     41    O      -0.38301054 -0.38281651
     42    C       0.13725113  0.00540040
     43    C      -0.09148314 -0.04098772
     44    C      -0.15553869 -0.08534054
     45    H       0.13689894  0.15439099
     46    C      -0.16728470 -0.20599240
     47    H       0.16411724  0.15663741
     48    H       0.18451818  0.17808547
     49    H       0.00000000  0.00000000
     50    H       0.09883511  0.05178005
     51    H       0.07684833  0.01566871
     52    H       0.08582973  0.03613418
     53    H       0.16471237  0.10109609
     54    N      -0.14039213 -0.19626912
     55    H       0.19168605  0.13128496
     56    C      -0.45293881 -0.29267347
     57    C      -0.14418338 -0.03479764
     58    H       0.23553784  0.19439507
     59    H       0.23474130  0.18369280
     60    C      -0.27440864 -0.14453152
     61    C       0.30151188  0.12858680
     62    C       0.31080682  0.22220338
     63    C      -0.02762762  0.04179462
     64    C      -0.55914297 -0.46101728
     65    C      -0.05966364 -0.14050571
     66    H       0.14035709  0.14844829
     67    H       0.07767739  0.05544235
     68    H       0.10567244  0.09083885
     69    C      -0.21881302 -0.16303997
     70    H       0.06477480  0.03971871
     71    H       0.11355072  0.07745177
     72    H       0.12437929  0.09062974
     73    H       0.00000000  0.00000000
     74    H       0.24764344  0.23026610
Total Charge:     -0.00000000  0.00000000
