Electrostatic potential parameters
    van der Waals radii (Angstrom):
                                      C   1.500
                                      H   1.200
                                      O   1.400
                                      S   1.750
    VDW scale factors:                1.40  1.60  1.80  2.00
    VDW point density:                1.000
    ESP method:                       scf
    ESP basis set:                    6-31g*

Grid information (see 1_optimized_grid.dat in Angstrom)
    Number of grid points:            1735

Quantum electrostatic potential (see 1_optimized_grid_esp.dat)

Constraints
    Charge constraints
        Total charge of   0.00000000 on the set  26
        Total charge of   0.00000000 on the set  40

Restraint
    Hyperbolic restraint to a charge of zero
    Hydrogen atoms are not restrained
    resp_a:                           0.0005
    resp_b:                           0.1000

Fit

Electrostatic Potential Charges
   Center  Symbol       ESP      RESP
      1    C       0.45226878  0.22874796
      2    C      -0.39080353 -0.22181697
      3    C      -0.24264313 -0.09078249
      4    H       0.19880654  0.14823477
      5    C      -0.04269754 -0.07930689
      6    C      -0.10075953 -0.07397894
      7    C       0.09590686  0.03191840
      8    O      -0.33694283 -0.23532325
      9    C       0.35636094  0.13960224
     10    C      -0.25795109 -0.10789815
     11    C      -0.26075204 -0.09474522
     12    C      -0.09931519 -0.16365725
     13    C      -0.18140000 -0.25304353
     14    H       0.16966550  0.13437663
     15    C      -0.05433977 -0.00458017
     16    H       0.21321216  0.16927902
     17    H       0.16683559  0.16944807
     18    C      -0.05157563 -0.03903756
     19    C      -0.49079769 -0.43523733
     20    C       0.23818402  0.12043942
     21    C       0.36196371  0.32393493
     22    C      -0.01363096 -0.01289759
     23    H       0.22706711  0.20831058
     24    C      -0.53293439 -0.46641656
     25    O      -0.42075551 -0.30230170
     26    H       0.00000000  0.00000000
     27    H       0.13721471  0.13971993
     28    H       0.23887773  0.21714241
     29    H       0.14433996  0.14477499
     30    H       0.19835627  0.16192726
     31    H       0.15033930  0.15234324
     32    S       1.17287068  1.02665344
     33    O      -0.52692386 -0.48715489
     34    O      -0.57758387 -0.52982852
     35    O      -0.57333195 -0.53843942
     36    H       0.46208397  0.44738541
     37    H       0.17014342  0.17674829
     38    C       0.50334695  0.49296923
     39    O      -0.50270569 -0.49750979
     40    H       0.00000000  0.00000000
Total Charge:     -0.00000000  0.00000000
