2023-01-17:11:50:02,720 INFO     [psi4.driver.task_planner:266] PLANNING Atomic:  keywords={'SCF__INTS_TOLERANCE': 1e-12, 'function_kwargs': {}}
2023-01-17:11:50:02,724 INFO     [psi4.driver.driver:617] Compute gradient(): method=scf, basis=cc-pvdz, molecule=default, nre=2291.6245261784375
2023-01-17:11:50:39,505 INFO     [psi4.driver.driver:620] Return gradient(): -1574.2026658288326
2023-01-17:11:50:39,507 INFO     [psi4.driver.driver:621] [[-0.01459205 -0.00467184  0.012815  ]
 [-0.00494896  0.00266464 -0.01697636]
 [ 0.00533256 -0.00216411 -0.00019434]
 [-0.00268072 -0.00046087  0.00012945]
 [ 0.01128218  0.00436067 -0.0136352 ]
 [-0.01091624 -0.02281259  0.01450567]
 [-0.00460379 -0.00317806  0.01987554]
 [ 0.00781084 -0.00016128 -0.01590429]
 [ 0.0119178  -0.03802312  0.04724674]
 [ 0.00836218  0.02855876 -0.03364964]
 [-0.0462598  -0.00250395  0.00777666]
 [-0.04522905  0.00796361 -0.00538401]
 [ 0.04021852  0.02261824 -0.02895875]
 [-0.00236034  0.00304234 -0.00392688]
 [ 0.03023395 -0.01606062  0.01481867]
 [ 0.00185643 -0.00227699  0.00315527]
 [-0.00556699  0.00327319 -0.00312348]
 [ 0.03276027  0.00229197  0.03154589]
 [-0.02105093  0.01634895 -0.04340856]
 [-0.02715472 -0.0424079   0.03762891]
 [-0.03632856 -0.03075419  0.00491182]
 [ 0.00327389  0.02996011 -0.03887706]
 [-0.00324568  0.00044544 -0.00386705]
 [ 0.04528364  0.01933385  0.01789686]
 [ 0.00135     0.00438302 -0.01822514]
 [-0.00336792 -0.0008414  -0.00166265]
 [ 0.00300449  0.0032564  -0.003002  ]
 [ 0.00187339  0.00238843 -0.00143828]
 [-0.00264286 -0.00278641  0.00176747]
 [ 0.00090238  0.00053312 -0.00248344]
 [-0.00028376  0.00086199 -0.004073  ]
 [ 0.0020474   0.11034731 -0.15864083]
 [-0.02984983 -0.05631472  0.07128602]
 [ 0.01584279 -0.07122637  0.05603303]
 [-0.00877516  0.0402099   0.06247087]
 [ 0.03233248  0.00082253 -0.01294598]
 [ 0.00403489  0.00003543 -0.00037133]
 [ 0.02355325 -0.04909973  0.0498986 ]
 [-0.00912909  0.03491365 -0.03579297]
 [-0.00428687  0.00713058 -0.00722121]]
2023-01-17:11:50:40,150 INFO     [psi4.driver.task_planner:266] PLANNING Atomic:  keywords={'CART_HESS_READ': 0, 'SCF__GUESS': 'READ', 'SCF__INTS_TOLERANCE': 1e-12, 'function_kwargs': {}}
2023-01-17:11:50:40,153 INFO     [psi4.driver.driver:617] Compute gradient(): method=scf, basis=cc-pvdz, molecule=default, nre=2321.150754427257
2023-01-17:11:51:13,644 INFO     [psi4.driver.driver:620] Return gradient(): -1574.2781806035252
2023-01-17:11:51:13,645 INFO     [psi4.driver.driver:621] [[-0.00640644 -0.00312733  0.01337163]
 [ 0.00150757  0.00312816 -0.00489584]
 [ 0.00330177 -0.00048368 -0.00596952]
 [-0.00224081 -0.00045135  0.00094058]
 [ 0.00269138  0.00316808 -0.00404665]
 [-0.00721844 -0.01450566 -0.00044536]
 [-0.00012164 -0.00265293  0.01042605]
 [ 0.00283489  0.00227293 -0.01731213]
 [ 0.01423029 -0.02766884  0.03242109]
 [ 0.01061668  0.01992561 -0.02322046]
 [-0.03528204  0.00139949  0.00329898]
 [-0.03048826  0.00249161 -0.00055931]
 [ 0.02006936  0.01689849 -0.01977098]
 [-0.00033817  0.00150428 -0.00169262]
 [ 0.01846584 -0.01255505  0.01124286]
 [ 0.00207752 -0.00090356  0.00140332]
 [-0.00237781  0.00097488 -0.00087189]
 [ 0.02728002  0.00650805  0.0211213 ]
 [-0.00924769  0.01450011 -0.02774175]
 [-0.02478387 -0.0312111   0.02045623]
 [-0.0224817  -0.02253773  0.00586653]
 [-0.00124524  0.01958178 -0.02788055]
 [-0.00060271  0.00020402 -0.00103207]
 [ 0.02944672  0.00903809  0.01629329]
 [ 0.00502949  0.00459866 -0.0101475 ]
 [-0.00094041  0.00005672 -0.00064607]
 [ 0.00100898  0.00129223 -0.0014021 ]
 [ 0.00007282  0.00061727 -0.00077455]
 [-0.00202208 -0.00115981  0.0000607 ]
 [ 0.00091415  0.00013464 -0.00043447]
 [-0.00079512  0.00025373 -0.00117198]
 [ 0.02460851  0.0506598  -0.10296259]
 [-0.05642904 -0.02503943  0.04920519]
 [ 0.02409923 -0.04939527  0.03449082]
 [ 0.00302814  0.04032634  0.03407579]
 [ 0.0092809  -0.00293639 -0.00628562]
 [ 0.00030792 -0.00051462  0.00039585]
 [ 0.0063072  -0.0195793   0.01852914]
 [-0.00246845  0.01017602 -0.00960059]
 [-0.00168943  0.00501109 -0.00473476]]
2023-01-17:11:51:14,123 INFO     [psi4.driver.task_planner:266] PLANNING Atomic:  keywords={'CART_HESS_READ': 0, 'SCF__GUESS': 'READ', 'OPTKING__INTRAFRAG_STEP_LIMIT': 1.0, 'SCF__INTS_TOLERANCE': 1e-12, 'function_kwargs': {}}
2023-01-17:11:51:14,126 INFO     [psi4.driver.driver:617] Compute gradient(): method=scf, basis=cc-pvdz, molecule=default, nre=2347.2877279573495
2023-01-17:11:51:47,742 INFO     [psi4.driver.driver:620] Return gradient(): -1574.3136213476232
2023-01-17:11:51:47,744 INFO     [psi4.driver.driver:621] [[-0.00209694 -0.00188265  0.00184688]
 [ 0.00141397  0.00302901  0.00075655]
 [-0.00261839  0.00089726  0.00225438]
 [ 0.00056855 -0.00015375  0.00046802]
 [-0.00218335  0.00214377 -0.00017225]
 [ 0.00410795  0.00085689 -0.00076606]
 [ 0.00587701 -0.00117912  0.0040485 ]
 [-0.00345396  0.00217983 -0.0118392 ]
 [ 0.00692436 -0.00445752  0.00600453]
 [ 0.00631791  0.00126906 -0.00465216]
 [-0.00542655  0.0047799  -0.00123065]
 [-0.00661466 -0.00335747  0.00352672]
 [-0.00399773  0.00500645 -0.00452416]
 [-0.001001    0.00044127  0.00012527]
 [ 0.00194105 -0.00533408  0.00439121]
 [ 0.00187579 -0.00022533  0.00035344]
 [ 0.00023174  0.00022213 -0.00020384]
 [ 0.00481794  0.00608667  0.00220376]
 [ 0.00396562  0.00578265 -0.00283085]
 [-0.00876583 -0.00606729 -0.00093418]
 [-0.00380345 -0.00691817  0.00282266]
 [-0.00360653  0.00056037 -0.00764392]
 [-0.00069941 -0.00150596  0.00070351]
 [ 0.00633429 -0.00254577  0.00913613]
 [ 0.0047166   0.00346834 -0.0031692 ]
 [ 0.0005594   0.00075785 -0.00011975]
 [ 0.00137845  0.00094487  0.00063377]
 [-0.00012121  0.00112229 -0.00128971]
 [-0.00190141 -0.00114645 -0.00037186]
 [ 0.00024932 -0.00037907 -0.00040507]
 [-0.00018582 -0.00025277 -0.00030956]
 [ 0.02853152 -0.02231447 -0.01118496]
 [-0.01411238 -0.00453582  0.00908391]
 [-0.01928269  0.01242274  0.00177822]
 [ 0.00586495  0.01311372  0.00161001]
 [-0.00483247 -0.00165322 -0.00107839]
 [ 0.00006458 -0.00128481  0.00096678]
 [-0.00323214  0.00543255 -0.00469592]
 [ 0.00075692 -0.00547192  0.00498128]
 [ 0.00143799  0.00014801 -0.00027384]]
2023-01-17:11:51:48,74 INFO     [psi4.driver.task_planner:266] PLANNING Atomic:  keywords={'CART_HESS_READ': 0, 'SCF__GUESS': 'READ', 'OPTKING__INTRAFRAG_STEP_LIMIT': 1.0, 'SCF__INTS_TOLERANCE': 1e-12, 'function_kwargs': {}}
2023-01-17:11:51:48,77 INFO     [psi4.driver.driver:617] Compute gradient(): method=scf, basis=cc-pvdz, molecule=default, nre=2356.184803753713
2023-01-17:11:52:21,870 INFO     [psi4.driver.driver:620] Return gradient(): -1574.3192960063534
2023-01-17:11:52:21,871 INFO     [psi4.driver.driver:621] [[-0.0015323   0.00002841 -0.00152438]
 [-0.0033884   0.00124879 -0.00269207]
 [-0.00346165  0.00071627  0.00056702]
 [ 0.00152286 -0.00043801  0.0001163 ]
 [ 0.00151685  0.00157504  0.0003463 ]
 [ 0.00594301  0.0020888   0.00146825]
 [ 0.0028766  -0.00066127 -0.00048381]
 [-0.00280054 -0.0001248  -0.00485009]
 [-0.00105606 -0.00104747  0.00263935]
 [-0.00181656 -0.00010019 -0.00221688]
 [-0.00289673 -0.0007942   0.00228048]
 [-0.00191343  0.00009351  0.00058613]
 [ 0.00187742  0.00177626 -0.00220556]
 [ 0.00064398  0.00024126  0.00027773]
 [ 0.00211613 -0.00139517  0.0004407 ]
 [ 0.00048805  0.00018134  0.00004518]
 [ 0.00004712  0.00001038 -0.00005475]
 [ 0.00261704  0.00058676  0.00408258]
 [-0.00278725  0.00036758 -0.00460666]
 [-0.00191961 -0.00241609  0.00109962]
 [-0.00012532 -0.00127376  0.00136108]
 [ 0.00495286  0.00208867  0.00022526]
 [-0.00020832 -0.00054197  0.000454  ]
 [ 0.00027521 -0.00105109  0.00158878]
 [ 0.00418802  0.00225212 -0.00309809]
 [-0.00023867 -0.00059305  0.00012237]
 [-0.00069572  0.00035226 -0.00024337]
 [ 0.00059617  0.00012358  0.00069241]
 [-0.00110176 -0.00007617 -0.00103808]
 [ 0.00112703 -0.00054953  0.00010065]
 [-0.00111806 -0.00081042 -0.00066721]
 [-0.00787785 -0.00476792  0.00582665]
 [ 0.00152865  0.0003544   0.00096016]
 [ 0.00193938  0.00242009  0.0004985 ]
 [-0.0007892   0.00174264 -0.00067837]
 [ 0.00097615 -0.00181499 -0.00149137]
 [ 0.00010197 -0.00020117  0.00023575]
 [ 0.00039326 -0.00011343  0.00098071]
 [-0.00038383  0.00108823 -0.00116658]
 [ 0.00038349 -0.00056567  0.00002133]]
2023-01-17:11:52:22,162 INFO     [psi4.driver.task_planner:266] PLANNING Atomic:  keywords={'CART_HESS_READ': 0, 'SCF__GUESS': 'READ', 'OPTKING__INTRAFRAG_STEP_LIMIT': 1.0, 'SCF__INTS_TOLERANCE': 1e-12, 'function_kwargs': {}}
2023-01-17:11:52:22,166 INFO     [psi4.driver.driver:617] Compute gradient(): method=scf, basis=cc-pvdz, molecule=default, nre=2364.4543279485774
2023-01-17:11:52:55,763 INFO     [psi4.driver.driver:620] Return gradient(): -1574.3207401564148
2023-01-17:11:52:55,764 INFO     [psi4.driver.driver:621] [[-0.00199083 -0.00019335 -0.00163067]
 [-0.00400822  0.00049045 -0.00081725]
 [ 0.00101068 -0.00020351 -0.00090885]
 [-0.00037664 -0.00023305  0.00021847]
 [ 0.00283518  0.00155296  0.00263089]
 [-0.0036923  -0.00129864  0.00116792]
 [ 0.00009836  0.00053162 -0.00122173]
 [ 0.00177375 -0.00091369 -0.00026967]
 [ 0.00096454  0.00205067 -0.00243359]
 [-0.00431436 -0.00040116  0.00077224]
 [ 0.00023438 -0.00109449  0.00071115]
 [ 0.00189212  0.00006537 -0.00050202]
 [ 0.00206125 -0.00053392  0.00000779]
 [ 0.0004362   0.00057356 -0.00076611]
 [-0.0025477   0.0016023   0.00209307]
 [ 0.00090864 -0.00002206 -0.00040408]
 [-0.0011109   0.00003357  0.00024699]
 [ 0.00080092 -0.00227953  0.00239268]
 [-0.0009634   0.00048105 -0.0013311 ]
 [ 0.00061868  0.0006553  -0.00037619]
 [ 0.0018181   0.00023469  0.00241326]
 [ 0.0027258  -0.00046305  0.0025664 ]
 [ 0.00044032 -0.00047872  0.00100068]
 [-0.00165362  0.00063028 -0.00261293]
 [-0.00014147  0.00026396 -0.00152213]
 [ 0.00014849  0.00015336  0.00004747]
 [-0.00044     0.00027268 -0.00099198]
 [ 0.00055862  0.00001067  0.00052911]
 [-0.00030109 -0.00004273 -0.00052254]
 [ 0.00038264  0.00009642  0.00023031]
 [-0.00000376 -0.00004268  0.00004753]
 [ 0.00093609  0.00469526  0.00357007]
 [ 0.00554743 -0.00113343 -0.00509602]
 [-0.00062059 -0.00452067 -0.0003852 ]
 [-0.00318067  0.00388489  0.0008611 ]
 [-0.00021804 -0.00127747  0.00024131]
 [-0.00029998 -0.00058233  0.00058883]
 [ 0.00112809 -0.00511957 -0.00478136]
 [-0.00152727  0.00196289  0.00202305]
 [ 0.00007057  0.00059214  0.00221311]]
2023-01-17:11:52:56,207 INFO     [psi4.driver.task_planner:266] PLANNING Atomic:  keywords={'CART_HESS_READ': 0, 'SCF__GUESS': 'READ', 'OPTKING__INTRAFRAG_STEP_LIMIT': 1.0, 'SCF__INTS_TOLERANCE': 1e-12, 'function_kwargs': {}}
2023-01-17:11:52:56,210 INFO     [psi4.driver.driver:617] Compute gradient(): method=scf, basis=cc-pvdz, molecule=default, nre=2366.735093000344
2023-01-17:11:53:29,747 INFO     [psi4.driver.driver:620] Return gradient(): -1574.3179420582371
2023-01-17:11:53:29,748 INFO     [psi4.driver.driver:621] [[-0.00039599 -0.00060517 -0.00002193]
 [-0.00133869  0.00050827  0.00084489]
 [ 0.00291719  0.00009368 -0.00035886]
 [-0.00092416  0.00005744  0.00004099]
 [ 0.00185089  0.00117547  0.00163489]
 [-0.003564   -0.0026202  -0.00048659]
 [-0.00103207  0.0001614  -0.00047491]
 [ 0.00218528 -0.00050391  0.00117424]
 [ 0.0014136   0.00248773 -0.00214026]
 [-0.00200989 -0.00158471  0.0018621 ]
 [ 0.00074332  0.00030222  0.00062519]
 [ 0.00262893 -0.00059187 -0.00163163]
 [-0.00011014 -0.0012505  -0.00001544]
 [ 0.00007873  0.00054961 -0.00059514]
 [-0.00546217 -0.00654024 -0.00741311]
 [ 0.00040038 -0.00006848 -0.00027322]
 [-0.00074201 -0.00011192  0.00036618]
 [-0.00076644 -0.0008303  -0.00032497]
 [ 0.00108336  0.00090645  0.00132899]
 [ 0.00060036  0.00195588 -0.00073915]
 [ 0.0006935  -0.00012087  0.00084483]
 [-0.00012737 -0.00318017  0.00105107]
 [ 0.00033441 -0.00013827  0.00039612]
 [-0.0009584   0.00108837 -0.00197612]
 [-0.00167387 -0.00108232  0.00046628]
 [ 0.00015622  0.0005911  -0.00009162]
 [ 0.00005752  0.00016975 -0.00044101]
 [-0.00002208  0.00010143 -0.00015057]
 [ 0.00035452 -0.0000037   0.00019125]
 [-0.00016679  0.00028261  0.00010738]
 [ 0.00051262  0.0003037   0.00028398]
 [ 0.00272036  0.00264345 -0.00324578]
 [-0.00158096 -0.00110923  0.00065395]
 [-0.00185474  0.00014891 -0.00171665]
 [ 0.00246737 -0.00086988  0.00115063]
 [-0.00026772  0.00128365  0.00015513]
 [-0.00038153 -0.00057794  0.00015132]
 [ 0.00871238  0.02099145  0.03011164]
 [-0.00030161 -0.01024787 -0.01027039]
 [-0.00623029 -0.00376501 -0.01107368]]
2023-01-17:11:53:30,179 INFO     [psi4.driver.task_planner:266] PLANNING Atomic:  keywords={'CART_HESS_READ': 0, 'SCF__GUESS': 'READ', 'OPTKING__INTRAFRAG_STEP_LIMIT': 1.0, 'SCF__INTS_TOLERANCE': 1e-12, 'function_kwargs': {}}
2023-01-17:11:53:30,182 INFO     [psi4.driver.driver:617] Compute gradient(): method=scf, basis=cc-pvdz, molecule=default, nre=2364.8804877414627
2023-01-17:11:54:03,604 INFO     [psi4.driver.driver:620] Return gradient(): -1574.3212961476288
2023-01-17:11:54:03,606 INFO     [psi4.driver.driver:621] [[ 0.00042389 -0.00068038  0.00020671]
 [-0.00028007  0.00056216  0.00060523]
 [ 0.00177491  0.00036963  0.00072702]
 [-0.00034356  0.00014352 -0.00011562]
 [ 0.00114158  0.00069882  0.00008885]
 [-0.00003332 -0.00126836 -0.00107225]
 [-0.00074755 -0.00035969 -0.00016982]
 [ 0.00027081 -0.00006477  0.00091785]
 [-0.00013517  0.00103624  0.00032011]
 [-0.00057761 -0.00214867  0.0006648 ]
 [-0.00026416  0.00026135  0.00024898]
 [ 0.0014334  -0.0005483  -0.00056573]
 [-0.00041856  0.00004595  0.00009729]
 [ 0.00008653  0.00002112 -0.00018097]
 [-0.00073382 -0.0008506   0.00042251]
 [-0.00040576 -0.00000779 -0.00002404]
 [ 0.00010831 -0.00011799  0.00011871]
 [-0.00082229  0.00064976 -0.00084782]
 [ 0.00077652  0.00050016  0.0007616 ]
 [ 0.00027463  0.00108415  0.00003097]
 [-0.00053668 -0.00036313 -0.00067218]
 [-0.00020263 -0.00250822  0.00047259]
 [-0.00000094  0.00015576 -0.00024711]
 [-0.00008003  0.00037035 -0.00035125]
 [-0.00048571 -0.00054114  0.000855  ]
 [-0.00006326  0.00020446 -0.0001892 ]
 [ 0.00014817 -0.00002574  0.00005169]
 [-0.00020462  0.00000876 -0.00022891]
 [ 0.00038813  0.00012286  0.0002617 ]
 [ 0.00000179  0.00014017 -0.00003923]
 [ 0.00018591  0.00013336  0.00003174]
 [-0.00084049 -0.00037299 -0.00409089]
 [-0.0040925   0.00056089  0.00431449]
 [ 0.00014797  0.00288736 -0.00151746]
 [ 0.00320148 -0.00389108  0.00042636]
 [ 0.00060969  0.00149926 -0.00020843]
 [-0.0000944   0.00012487 -0.00008853]
 [-0.00497321  0.00104259  0.0032507 ]
 [ 0.00459357 -0.00123647 -0.00195195]
 [ 0.00076905  0.00236176 -0.00231354]]
2023-01-17:11:54:03,863 INFO     [psi4.driver.task_planner:266] PLANNING Atomic:  keywords={'CART_HESS_READ': 0, 'SCF__GUESS': 'READ', 'OPTKING__INTRAFRAG_STEP_LIMIT': 1.0, 'SCF__INTS_TOLERANCE': 1e-12, 'function_kwargs': {}}
2023-01-17:11:54:03,866 INFO     [psi4.driver.driver:617] Compute gradient(): method=scf, basis=cc-pvdz, molecule=default, nre=2363.7532262354594
2023-01-17:11:54:36,43 INFO     [psi4.driver.driver:620] Return gradient(): -1574.3216711047808
2023-01-17:11:54:36,44 INFO     [psi4.driver.driver:621] [[ 0.00018168  0.00022825 -0.0005192 ]
 [-0.00035913  0.00033975  0.00020576]
 [ 0.00083803 -0.00012547  0.00097752]
 [-0.00009176  0.00025593 -0.00008734]
 [ 0.00069622  0.00009818 -0.00036434]
 [-0.00090421  0.000837    0.00019997]
 [ 0.00026205  0.00075799  0.00001973]
 [ 0.00002887 -0.00105456 -0.0000653 ]
 [-0.0017561  -0.0001361   0.00066596]
 [-0.0003832  -0.00101264 -0.00005362]
 [ 0.00064986  0.00001079  0.00005333]
 [-0.00009602  0.00023454 -0.00009296]
 [-0.0000014  -0.00057737  0.00022793]
 [-0.00017571  0.00023171  0.00014012]
 [ 0.0010175   0.00087033 -0.00110772]
 [-0.00032234 -0.00018155  0.00022927]
 [ 0.00011092  0.00045096 -0.00019511]
 [-0.00090494  0.00024478 -0.00104863]
 [ 0.00020412 -0.00075858  0.00054836]
 [ 0.00065426 -0.00002398  0.00071904]
 [-0.0008318   0.00019576 -0.00124425]
 [ 0.00040416 -0.00054808  0.00004134]
 [-0.00028422 -0.00001479 -0.00042052]
 [ 0.00046755  0.00031598  0.00044322]
 [ 0.00022734 -0.00041383  0.0005237 ]
 [-0.0000952  -0.00005804 -0.00007081]
 [ 0.00023373  0.00030826  0.00029872]
 [-0.0000614   0.00034451 -0.00011524]
 [ 0.00007972 -0.0001662   0.00025522]
 [ 0.00003175 -0.00008432 -0.00014392]
 [-0.00010364 -0.00005397 -0.00014194]
 [ 0.00105593 -0.00108973 -0.00302454]
 [-0.00205362  0.00159991  0.00138265]
 [ 0.00170643 -0.00145501  0.00143911]
 [-0.00139327  0.00054242  0.00058806]
 [ 0.00061797 -0.00015113 -0.0002178 ]
 [ 0.00030813  0.00006391 -0.00023611]
 [-0.00062779 -0.00170657  0.00196887]
 [ 0.0000932   0.00173923 -0.00130203]
 [ 0.00057632 -0.00005824 -0.00047647]]
2023-01-17:11:54:36,300 INFO     [psi4.driver.task_planner:266] PLANNING Atomic:  keywords={'CART_HESS_READ': 0, 'SCF__GUESS': 'READ', 'OPTKING__INTRAFRAG_STEP_LIMIT': 1.0, 'SCF__INTS_TOLERANCE': 1e-12, 'function_kwargs': {}}
2023-01-17:11:54:36,303 INFO     [psi4.driver.driver:617] Compute gradient(): method=scf, basis=cc-pvdz, molecule=default, nre=2365.4169931516153
2023-01-17:11:55:08,352 INFO     [psi4.driver.driver:620] Return gradient(): -1574.3217401921281
2023-01-17:11:55:08,354 INFO     [psi4.driver.driver:621] [[ 0.00010663  0.000099   -0.00030827]
 [-0.00039092  0.00009914 -0.00008747]
 [-0.0002847   0.00007799  0.00008786]
 [ 0.00006918 -0.00006854 -0.00000542]
 [ 0.00016653  0.00018201  0.00001781]
 [ 0.00021576 -0.00033545  0.0000581 ]
 [-0.00028952 -0.00052467  0.00004469]
 [ 0.0004394   0.00027571 -0.00000954]
 [-0.00056946  0.00040175  0.00026082]
 [-0.00000007 -0.00010508  0.00013643]
 [ 0.00085344  0.00001021 -0.00061205]
 [ 0.0000191   0.00009301 -0.00003042]
 [-0.00032961 -0.00068257  0.00051622]
 [-0.0001186   0.00012064 -0.0001376 ]
 [ 0.00011236  0.00103824 -0.00047926]
 [ 0.00004281 -0.00003217  0.00007111]
 [-0.00010091  0.00007215 -0.00009781]
 [-0.00027358 -0.00028435 -0.00049108]
 [ 0.00009478 -0.0005726   0.00050418]
 [ 0.00011158  0.0002946   0.00033128]
 [ 0.00032186  0.00062805  0.00006122]
 [ 0.00013303  0.00014187  0.00007367]
 [-0.00008342 -0.00008289 -0.0000211 ]
 [-0.00009039 -0.00019889 -0.00018566]
 [ 0.00001776 -0.00005113 -0.00025245]
 [ 0.00001056 -0.00003347  0.00009247]
 [ 0.00008004  0.00016747 -0.00003122]
 [ 0.00008016  0.00008123  0.00001889]
 [-0.00005215 -0.00017583  0.00002867]
 [-0.00001217 -0.00001085 -0.00003815]
 [-0.00009778  0.00001618 -0.00001514]
 [-0.00004771  0.00039376  0.0005115 ]
 [ 0.00013189 -0.00030937 -0.0001114 ]
 [-0.00029003 -0.0003005  -0.00021507]
 [-0.00061532  0.00085684 -0.00037101]
 [ 0.00093875 -0.00035733  0.00011979]
 [ 0.00007552 -0.00000632  0.00002975]
 [ 0.00095563 -0.00102303 -0.00052797]
 [-0.00125473  0.00064923  0.00049484]
 [-0.0000757  -0.000544    0.00056881]]
2023-01-17:11:55:08,585 INFO     [psi4.driver.task_planner:266] PLANNING Atomic:  keywords={'CART_HESS_READ': 0, 'SCF__GUESS': 'READ', 'OPTKING__INTRAFRAG_STEP_LIMIT': 1.0, 'SCF__INTS_TOLERANCE': 1e-12, 'function_kwargs': {}}
2023-01-17:11:55:08,588 INFO     [psi4.driver.driver:617] Compute gradient(): method=scf, basis=cc-pvdz, molecule=default, nre=2365.4547955935604
2023-01-17:11:55:43,326 INFO     [psi4.driver.driver:620] Return gradient(): -1574.321774393255
2023-01-17:11:55:43,327 INFO     [psi4.driver.driver:621] [[ 0.00008086 -0.00000339  0.00004878]
 [-0.00013138 -0.0000116  -0.00002088]
 [-0.00020578  0.00003718 -0.00010027]
 [ 0.00000137 -0.00005977  0.00000074]
 [ 0.00024947  0.0000831   0.00019584]
 [ 0.00006282 -0.00018668 -0.00001974]
 [-0.00006728  0.00040819 -0.00008041]
 [ 0.00049246 -0.00022828 -0.00031916]
 [-0.0005259   0.00038197 -0.0000663 ]
 [-0.00023594 -0.0003301   0.0001346 ]
 [ 0.00032307 -0.0001222  -0.00004009]
 [ 0.00018763  0.0000423  -0.00009284]
 [-0.00005422 -0.00023776  0.00027807]
 [ 0.0000964   0.00003285 -0.00003942]
 [-0.00025453  0.00019569  0.00006222]
 [ 0.0000159   0.0000193  -0.00003996]
 [-0.00004629 -0.00011762  0.00011024]
 [-0.00012357 -0.00019913 -0.00002583]
 [-0.00002872 -0.00022419  0.00013674]
 [ 0.00033993  0.00042464 -0.00001122]
 [ 0.00030205  0.0004466   0.00023379]
 [ 0.00009919 -0.00026409  0.00016102]
 [ 0.00006005  0.00004214  0.00002333]
 [-0.00034312 -0.0001085  -0.00025511]
 [-0.00025428 -0.00003441 -0.00019761]
 [ 0.00004149 -0.00003389  0.00001957]
 [-0.00004459 -0.00003885 -0.00007963]
 [ 0.00001711 -0.00009202  0.00003107]
 [ 0.00001448  0.00003733  0.00000767]
 [-0.00003556  0.00001925  0.00002259]
 [ 0.00003116  0.00000398  0.00002709]
 [ 0.00005668  0.0006459   0.00026472]
 [ 0.00045519 -0.00052431 -0.00027024]
 [-0.00036374  0.00016541 -0.00007318]
 [ 0.00006353 -0.00005761  0.0000397 ]
 [-0.00011761 -0.00005137 -0.00004277]
 [-0.00007204 -0.00000821  0.00000709]
 [ 0.00012875  0.00010966 -0.00039146]
 [-0.00004233 -0.0002134   0.0002193 ]
 [-0.00017267  0.00005186  0.00014193]]
2023-01-17:11:55:43,711 INFO     [psi4.driver.task_planner:266] PLANNING Atomic:  keywords={'CART_HESS_READ': 0, 'SCF__GUESS': 'READ', 'OPTKING__INTRAFRAG_STEP_LIMIT': 1.0, 'SCF__INTS_TOLERANCE': 1e-12, 'function_kwargs': {}}
2023-01-17:11:55:43,714 INFO     [psi4.driver.driver:617] Compute gradient(): method=scf, basis=cc-pvdz, molecule=default, nre=2364.6301815718025
2023-01-17:11:56:16,319 INFO     [psi4.driver.driver:620] Return gradient(): -1574.3217781594064
2023-01-17:11:56:16,320 INFO     [psi4.driver.driver:621] [[ 0.00000399  0.00003167  0.00023569]
 [ 0.00019155 -0.00002415 -0.00009464]
 [-0.00010143  0.00004234 -0.00011067]
 [ 0.00000652 -0.00001993  0.00000272]
 [-0.00015216 -0.00006549 -0.00005345]
 [ 0.00015921  0.00018237 -0.00021399]
 [-0.00033902 -0.00002633  0.00028894]
 [ 0.00022436  0.00000389 -0.00021048]
 [-0.00008906  0.00004712  0.00033537]
 [ 0.0000355   0.0000385  -0.00005569]
 [-0.00019415 -0.00011339  0.0001768 ]
 [ 0.00004859  0.0000373  -0.00006741]
 [ 0.00007461  0.00010946 -0.0002225 ]
 [ 0.00005124 -0.00004286 -0.00001481]
 [-0.00008635 -0.00023226  0.00016757]
 [-0.00001217  0.00004354 -0.00001521]
 [ 0.00000901 -0.00009291  0.00002688]
 [ 0.00003998 -0.00005488  0.00012577]
 [-0.00006613  0.00000427 -0.0001529 ]
 [-0.00015327  0.00014884  0.00009252]
 [-0.00000143 -0.00005017  0.00000631]
 [ 0.00000464  0.00000322  0.00002379]
 [ 0.00001199  0.00005524  0.00002862]
 [ 0.00007975  0.00006592 -0.00008724]
 [ 0.00000011 -0.00013426 -0.00015447]
 [-0.00003087 -0.00001113 -0.00000632]
 [-0.00006503 -0.00005243 -0.00002513]
 [-0.0000222  -0.00005293  0.00002777]
 [ 0.00002807  0.00006378 -0.0000268 ]
 [-0.00003135 -0.00000284  0.00002655]
 [ 0.00004059 -0.00000463  0.00002633]
 [ 0.00042945 -0.00049738  0.00005089]
 [ 0.00025224  0.00021127 -0.00012908]
 [-0.00009887  0.00012798  0.00008997]
 [-0.00007636 -0.00005159 -0.00008969]
 [-0.00030654 -0.00000849  0.00013981]
 [-0.00002228  0.0000406   0.00001971]
 [-0.00010661  0.00044203  0.0000167 ]
 [ 0.00033028 -0.00035337 -0.00005008]
 [-0.00006639  0.00019208 -0.00012815]]
2023-01-17:11:56:16,665 INFO     [psi4.driver.task_planner:266] PLANNING Atomic:  keywords={'CART_HESS_READ': 0, 'SCF__GUESS': 'READ', 'OPTKING__INTRAFRAG_STEP_LIMIT': 0.25, 'SCF__INTS_TOLERANCE': 1e-12, 'function_kwargs': {}}
2023-01-17:11:56:16,668 INFO     [psi4.driver.driver:617] Compute gradient(): method=scf, basis=cc-pvdz, molecule=default, nre=2364.823242091584
2023-01-17:11:56:47,637 INFO     [psi4.driver.driver:620] Return gradient(): -1574.3217839891972
2023-01-17:11:56:47,639 INFO     [psi4.driver.driver:621] [[-0.00005735  0.00013515  0.00019224]
 [ 0.00015415 -0.00003821 -0.00005375]
 [-0.00000383 -0.000056   -0.0000366 ]
 [-0.00001952  0.00003365  0.00000602]
 [-0.0001322  -0.00006727 -0.00012326]
 [ 0.00006993  0.00013149 -0.0000842 ]
 [-0.00004319  0.00000149  0.00032346]
 [ 0.00010656 -0.000096   -0.00018992]
 [-0.00021399 -0.00006553  0.00024133]
 [ 0.0000484   0.00013524 -0.00003357]
 [-0.0000267   0.00001787 -0.00000413]
 [-0.0000107  -0.0000104   0.00000195]
 [ 0.00004021  0.00004708 -0.00007726]
 [-0.00001718 -0.00001289 -0.00000172]
 [ 0.00003447 -0.00006415  0.00000526]
 [ 0.00000458  0.00000646  0.00000276]
 [-0.00001652  0.00003331 -0.00002928]
 [-0.00001982 -0.00002099 -0.00004358]
 [ 0.00001404 -0.0000051   0.00001132]
 [ 0.00001592 -0.00003583  0.00006079]
 [-0.00006408 -0.00009266 -0.00005651]
 [-0.00001851  0.0000609   0.00003186]
 [-0.00000617  0.00000038  0.00000707]
 [ 0.00005971  0.00011075 -0.00000877]
 [-0.00000326 -0.00012233 -0.0000521 ]
 [-0.00002102  0.00000887 -0.00001278]
 [ 0.00001754  0.00000903 -0.00000043]
 [ 0.00000507  0.00001993 -0.00000236]
 [ 0.00000481  0.00000478  0.00000483]
 [-0.00002394  0.00000146 -0.00000286]
 [ 0.00003575  0.00001927  0.00001073]
 [-0.00008264 -0.00004056 -0.00020602]
 [-0.00028251  0.0000042   0.0000609 ]
 [ 0.00019131 -0.00007985  0.00011353]
 [ 0.00020758 -0.00001132 -0.00004794]
 [ 0.0000005   0.0000388  -0.00002813]
 [ 0.00001685  0.00000097  0.00000253]
 [-0.00000313 -0.00000825  0.00009478]
 [ 0.00001009  0.0000143  -0.00003914]
 [ 0.00002878 -0.00000804 -0.00003703]]
2023-01-17:11:56:47,840 INFO     [psi4.driver.task_planner:266] PLANNING Atomic:  keywords={'CART_HESS_READ': 0, 'SCF__GUESS': 'READ', 'OPTKING__INTRAFRAG_STEP_LIMIT': 0.25, 'SCF__INTS_TOLERANCE': 1e-12, 'function_kwargs': {}}
2023-01-17:11:56:47,843 INFO     [psi4.driver.driver:617] Compute gradient(): method=scf, basis=cc-pvdz, molecule=default, nre=2364.4869478165915
2023-01-17:11:57:19,385 INFO     [psi4.driver.driver:620] Return gradient(): -1574.3217866355153
2023-01-17:11:57:19,386 INFO     [psi4.driver.driver:621] [[-0.00003969  0.00007393  0.00018285]
 [ 0.00017271 -0.00004113 -0.00003144]
 [-0.00001408 -0.00003296 -0.00004504]
 [ 0.00000662  0.00001655  0.00000095]
 [-0.00012216 -0.00010234 -0.00011565]
 [ 0.00010821  0.00002106 -0.00007862]
 [-0.00004021  0.00014125  0.0002023 ]
 [ 0.0000505  -0.0001257  -0.00017224]
 [-0.00018164 -0.00007819  0.00013887]
 [ 0.00005588  0.00008025 -0.00008133]
 [-0.00001937  0.00007799  0.00001512]
 [-0.00003186 -0.0000536   0.00005223]
 [ 0.00000684  0.00007951  0.00000702]
 [-0.00001698  0.00001226  0.00001993]
 [ 0.00006291 -0.00002068 -0.0000566 ]
 [ 0.00000236 -0.00001957  0.00000563]
 [ 0.00000651  0.00006499 -0.00002024]
 [-0.00000658  0.00006015  0.00000155]
 [ 0.00001472  0.00007707 -0.00000124]
 [-0.00003528 -0.00005332 -0.00001063]
 [-0.00005758 -0.00010518 -0.00003233]
 [-0.00000808  0.00003801 -0.00006101]
 [-0.0000055  -0.00002899 -0.0000155 ]
 [ 0.00001391  0.00001825  0.00005908]
 [ 0.00007095 -0.00007037 -0.00000658]
 [ 0.00000402  0.00000948 -0.00001299]
 [ 0.0000148   0.00002887  0.00002195]
 [ 0.00000215  0.00003564 -0.00000938]
 [-0.00000975 -0.00002125  0.00000431]
 [-0.00000183 -0.00000056 -0.00000778]
 [ 0.0000198   0.00000393  0.00000047]
 [-0.00014605 -0.00006509 -0.00018245]
 [-0.00019501  0.00005985  0.00013574]
 [ 0.00015501 -0.000054    0.00007476]
 [ 0.00006886  0.00003248 -0.00000943]
 [ 0.0001025   0.00001789  0.0000002 ]
 [ 0.00001172 -0.00002036 -0.00001426]
 [-0.00000983 -0.00011173  0.00008923]
 [-0.0000708   0.00012575 -0.00004044]
 [ 0.00006132 -0.00007016 -0.00000704]]
2023-01-17:11:57:19,727 INFO     [psi4.driver.task_planner:266] PLANNING Atomic:  keywords={'CART_HESS_READ': 0, 'SCF__GUESS': 'READ', 'OPTKING__INTRAFRAG_STEP_LIMIT': 0.75, 'SCF__INTS_TOLERANCE': 1e-12, 'function_kwargs': {}}
2023-01-17:11:57:19,730 INFO     [psi4.driver.driver:617] Compute gradient(): method=scf, basis=cc-pvdz, molecule=default, nre=2363.2842543241586
2023-01-17:11:57:52,110 INFO     [psi4.driver.driver:620] Return gradient(): -1574.3217941944874
2023-01-17:11:57:52,112 INFO     [psi4.driver.driver:621] [[-0.00001075 -0.00006357 -0.00000239]
 [ 0.0000723   0.00000122  0.00010826]
 [-0.00011937  0.00005775  0.00000336]
 [ 0.00003142 -0.00003309 -0.00001645]
 [-0.00002785 -0.0001257  -0.00010044]
 [ 0.00017213 -0.00016069 -0.0000754 ]
 [ 0.00010472  0.00031973 -0.00001489]
 [-0.00013133 -0.00028206 -0.00015148]
 [ 0.0000449   0.00015706  0.00003274]
 [ 0.00009293 -0.00003416 -0.0000858 ]
 [-0.00003249  0.00007176 -0.00002119]
 [-0.00009417 -0.00013882  0.00009574]
 [-0.00013782 -0.00000016  0.00006119]
 [-0.00001692  0.00003469  0.00002128]
 [ 0.00016127  0.00015415 -0.00012314]
 [-0.00000518 -0.00005755  0.00002133]
 [ 0.00003569  0.00005335 -0.00003191]
 [ 0.00014033  0.00009491  0.00015127]
 [-0.00000622  0.00023333 -0.00010927]
 [-0.00024077  0.0000708  -0.00021191]
 [ 0.00005686 -0.00010196  0.00013898]
 [-0.00003669 -0.00000039 -0.00009002]
 [-0.00002301 -0.00010936  0.00000632]
 [-0.00002307 -0.00020488  0.00005234]
 [ 0.00019369  0.00001669  0.00009024]
 [ 0.00003518  0.0000247   0.00003551]
 [ 0.00001334  0.00007798  0.00001004]
 [ 0.0000248   0.00005191  0.00001161]
 [-0.00005436 -0.00008216 -0.0000382 ]
 [ 0.00006067 -0.00000996 -0.00001574]
 [-0.00000483 -0.00001799 -0.00000505]
 [-0.0002356   0.00014797  0.00018108]
 [ 0.00024237  0.00002915  0.00001133]
 [-0.00001358 -0.0000919  -0.00007357]
 [-0.00036325  0.00017385  0.00003408]
 [ 0.00021302 -0.00013357  0.00000241]
 [ 0.00001941 -0.00003086  0.00001386]
 [-0.00008865 -0.00029087  0.00008126]
 [-0.00015155  0.0003449  -0.0000578 ]
 [ 0.00010242 -0.00014623  0.0000604 ]]
2023-01-17:11:57:52,335 INFO     [psi4.driver.task_planner:266] PLANNING Atomic:  keywords={'CART_HESS_READ': 0, 'SCF__GUESS': 'READ', 'OPTKING__INTRAFRAG_STEP_LIMIT': 0.75, 'SCF__INTS_TOLERANCE': 1e-12, 'function_kwargs': {}}
2023-01-17:11:57:52,339 INFO     [psi4.driver.driver:617] Compute gradient(): method=scf, basis=cc-pvdz, molecule=default, nre=2361.7792890841233
2023-01-17:11:58:24,722 INFO     [psi4.driver.driver:620] Return gradient(): -1574.3218004746032
2023-01-17:11:58:24,723 INFO     [psi4.driver.driver:621] [[-0.00002455 -0.0000149  -0.00024138]
 [-0.00009515  0.00002643  0.00021972]
 [-0.00015068  0.00004361  0.00018248]
 [ 0.00000108 -0.00002869 -0.00002617]
 [ 0.00010041 -0.00009942 -0.0001106 ]
 [ 0.00017713 -0.00015291 -0.00018864]
 [ 0.00005746  0.00019465  0.00001393]
 [-0.0000677  -0.00018264  0.00013458]
 [-0.00006923  0.00004318 -0.00047906]
 [ 0.00005088 -0.00004465 -0.00003253]
 [ 0.00005606  0.00006343  0.00006727]
 [-0.00006787 -0.00002285  0.00016776]
 [-0.00003696  0.000012    0.00018784]
 [-0.00000605  0.00003298  0.00001415]
 [ 0.00013455  0.00011941 -0.00016165]
 [ 0.00000165 -0.0000208   0.00001969]
 [ 0.00004502  0.0000154   0.00000239]
 [ 0.00013343 -0.00001075  0.00033504]
 [-0.00013228  0.00023351 -0.00022415]
 [-0.00001823  0.00003176 -0.00048507]
 [ 0.00010173 -0.0001843   0.00024395]
 [ 0.00009175  0.00001127  0.00001938]
 [ 0.0000396  -0.00013632  0.00004213]
 [-0.00012583 -0.00003196  0.00006703]
 [ 0.00006039  0.00002636  0.00019062]
 [ 0.00006438  0.00002289  0.00002144]
 [-0.00002309  0.00009167 -0.00004428]
 [ 0.00004751  0.00003495  0.00005211]
 [-0.00009155 -0.00005929 -0.00007746]
 [ 0.00008229 -0.00000583 -0.00002225]
 [ 0.00000674  0.00000223  0.00000307]
 [-0.00012654  0.00009539  0.00042761]
 [ 0.00028832  0.00005369 -0.00010139]
 [-0.00011148 -0.0000846  -0.00022085]
 [-0.00032084  0.00021146 -0.00002168]
 [ 0.00008697 -0.00015355  0.00001887]
 [-0.00001758 -0.00004723 -0.00003909]
 [-0.00009988 -0.00020326  0.00000759]
 [-0.00009599  0.00019317 -0.0000108 ]
 [ 0.00005411 -0.00007551  0.0000484 ]]
2023-01-17:11:58:24,970 INFO     [psi4.driver.task_planner:266] PLANNING Atomic:  keywords={'CART_HESS_READ': 0, 'SCF__GUESS': 'READ', 'OPTKING__INTRAFRAG_STEP_LIMIT': 0.75, 'SCF__INTS_TOLERANCE': 1e-12, 'function_kwargs': {}}
2023-01-17:11:58:24,973 INFO     [psi4.driver.driver:617] Compute gradient(): method=scf, basis=cc-pvdz, molecule=default, nre=2359.8021127324014
2023-01-17:11:58:57,307 INFO     [psi4.driver.driver:620] Return gradient(): -1574.3218088402004
2023-01-17:11:58:57,308 INFO     [psi4.driver.driver:621] [[ 0.00010127 -0.00002681 -0.00040186]
 [-0.00012934  0.00003693  0.00040596]
 [-0.00019419 -0.00002946  0.00043681]
 [-0.00004617  0.00000303 -0.00002599]
 [ 0.00023655 -0.0000832  -0.00023736]
 [ 0.00011742 -0.00016803 -0.00037083]
 [-0.00014888  0.0002979   0.00002619]
 [-0.0000405  -0.00040817  0.00021898]
 [ 0.00030759  0.00020722 -0.00036752]
 [-0.0000033   0.00005073 -0.00005959]
 [ 0.00004411  0.00003237 -0.00001471]
 [-0.00013634 -0.000023   -0.00001113]
 [ 0.00002221  0.00001685  0.00013635]
 [ 0.00001174  0.00001663  0.00002191]
 [ 0.00003103 -0.00000627 -0.0000773 ]
 [-0.00000142  0.00000715 -0.0000454 ]
 [ 0.00003021 -0.00000353  0.00004763]
 [ 0.00025653 -0.00019985  0.00048591]
 [-0.00023759  0.00019775 -0.00037848]
 [-0.00034943  0.00013758 -0.00052079]
 [ 0.0002147  -0.00031887  0.00041845]
 [ 0.00020682  0.00007654  0.00019391]
 [ 0.00007371 -0.00012533  0.00012926]
 [-0.00007042  0.00019805 -0.00015326]
 [ 0.00001384 -0.00004524  0.0001791 ]
 [ 0.00002695  0.00002403  0.00000954]
 [-0.00007436  0.00010024 -0.00010532]
 [ 0.00006934  0.00001033  0.0001226 ]
 [-0.00008325 -0.00002152 -0.00015756]
 [ 0.00010875  0.00001368 -0.00002674]
 [ 0.00004264  0.00001653  0.00001119]
 [-0.00000642 -0.00001725  0.00053604]
 [-0.00000505  0.00004366 -0.00007828]
 [-0.00013924  0.00001506 -0.00034843]
 [ 0.00000095  0.00021191 -0.00006112]
 [-0.00015145 -0.0001412   0.00000674]
 [-0.00001959 -0.00001082 -0.00000519]
 [-0.00000656  0.00002748 -0.0000667 ]
 [-0.00004934 -0.00011871  0.00010429]
 [-0.00002354  0.00000563  0.00002269]]
2023-01-17:11:58:57,657 INFO     [psi4.driver.task_planner:266] PLANNING Atomic:  keywords={'CART_HESS_READ': 0, 'SCF__GUESS': 'READ', 'OPTKING__INTRAFRAG_STEP_LIMIT': 0.75, 'SCF__INTS_TOLERANCE': 1e-12, 'function_kwargs': {}}
2023-01-17:11:58:57,660 INFO     [psi4.driver.driver:617] Compute gradient(): method=scf, basis=cc-pvdz, molecule=default, nre=2355.9632453365775
2023-01-17:11:59:31,417 INFO     [psi4.driver.driver:620] Return gradient(): -1574.3217440263863
2023-01-17:11:59:31,418 INFO     [psi4.driver.driver:621] [[ 0.00076606  0.00020172 -0.00135401]
 [-0.00013041  0.00017865  0.00193901]
 [-0.00135572 -0.00032849  0.00173026]
 [-0.00023834 -0.00003034 -0.00008435]
 [ 0.00119383  0.00004723 -0.00169409]
 [ 0.00042056 -0.00050986 -0.00144831]
 [-0.00060164  0.00082142  0.00011219]
 [-0.00009558 -0.00138168  0.00134649]
 [ 0.00131619  0.00050521 -0.00142815]
 [ 0.0001624   0.00022845 -0.00028581]
 [-0.0001298   0.00010821 -0.00012783]
 [-0.00015788  0.00004962 -0.0000165 ]
 [ 0.00003036  0.00007032 -0.0002548 ]
 [-0.00009346 -0.00005848 -0.00000428]
 [-0.00010873 -0.00023847  0.00025861]
 [ 0.00001537  0.00005287 -0.00005619]
 [-0.00003154 -0.00006465 -0.00000991]
 [ 0.00097716 -0.00123245  0.00151167]
 [-0.00085096  0.00009243 -0.00155108]
 [-0.00112787  0.000935   -0.0021346 ]
 [ 0.00130978 -0.00098149  0.00232811]
 [ 0.00075771  0.00019239  0.00151379]
 [ 0.00028176 -0.00058057  0.00056251]
 [-0.00057241  0.00112045 -0.00118686]
 [-0.00077742 -0.00021136  0.00056339]
 [ 0.00002141  0.0000147   0.00010329]
 [-0.00023359  0.00058271 -0.0004704 ]
 [ 0.00040789  0.00018002  0.00069308]
 [-0.0003665  -0.00020998 -0.00067626]
 [ 0.00047624  0.00012526 -0.00004544]
 [ 0.00028344  0.00012484  0.00010735]
 [ 0.00055321  0.00000869  0.00219098]
 [-0.0005733  -0.0000338  -0.00023477]
 [-0.00064412  0.0000632  -0.00152637]
 [-0.00016999  0.00115678 -0.00047776]
 [-0.00074628 -0.00104946 -0.0000182 ]
 [-0.00000147  0.0000669   0.00006828]
 [ 0.00013627  0.00037757 -0.00014561]
 [ 0.00000657 -0.00046597  0.00020636]
 [-0.00010918  0.00007242 -0.0000038 ]]
2023-01-17:11:59:31,790 INFO     [psi4.driver.task_planner:266] PLANNING Atomic:  keywords={'CART_HESS_READ': 0, 'SCF__GUESS': 'READ', 'OPTKING__INTRAFRAG_STEP_LIMIT': 0.75, 'SCF__INTS_TOLERANCE': 1e-12, 'function_kwargs': {}}
2023-01-17:11:59:31,793 INFO     [psi4.driver.driver:617] Compute gradient(): method=scf, basis=cc-pvdz, molecule=default, nre=2355.462731242122
2023-01-17:12:00:02,711 INFO     [psi4.driver.driver:620] Return gradient(): -1574.3218446452381
2023-01-17:12:00:02,712 INFO     [psi4.driver.driver:621] [[ 0.00019871  0.00000786 -0.00032097]
 [-0.00019489 -0.00002015  0.00042961]
 [-0.00008772 -0.00018141  0.00029522]
 [-0.00001096  0.00002755 -0.00005141]
 [ 0.00031808  0.00001277 -0.00003289]
 [-0.00043027 -0.0004068   0.00013115]
 [-0.00016679  0.00073317 -0.0005377 ]
 [-0.00054742 -0.00119977  0.0013246 ]
 [ 0.0018404   0.00086228 -0.00142244]
 [ 0.00005128 -0.00015251 -0.00006989]
 [-0.00011195  0.00017175 -0.00016681]
 [-0.00027484  0.00000213  0.00000264]
 [ 0.00005091  0.00008845 -0.0001889 ]
 [-0.000084   -0.00004502  0.00001674]
 [-0.00003602 -0.00028175  0.00019068]
 [ 0.00001193  0.00003926 -0.00006565]
 [-0.00002492 -0.00005154  0.00002234]
 [ 0.0003738  -0.00003549  0.00048851]
 [-0.0001963   0.00033587 -0.00036905]
 [-0.00033979  0.00006074 -0.00040126]
 [ 0.00013626 -0.00025601  0.00025394]
 [ 0.00010013 -0.00018049  0.00028216]
 [ 0.0000286   0.00005757  0.00011043]
 [-0.00004647  0.00009339 -0.00029037]
 [ 0.00007273 -0.00006609  0.00019701]
 [-0.00005876  0.00002991 -0.00005435]
 [-0.00001386 -0.0000591  -0.00007324]
 [ 0.00002708 -0.00009717  0.00002464]
 [-0.00000777  0.00011332 -0.00006768]
 [ 0.00001699  0.00002242 -0.00004692]
 [ 0.00000141  0.00003771 -0.0000039 ]
 [-0.00001603 -0.00067102  0.00086234]
 [-0.00032073  0.00014169 -0.00000416]
 [-0.00045667  0.00072612 -0.00076061]
 [ 0.00052394  0.00012047  0.00016709]
 [-0.00033004  0.00000585  0.00000033]
 [-0.00000287  0.00005182  0.00005802]
 [ 0.0001132   0.00034923 -0.00014441]
 [-0.00000648 -0.00044695  0.00021153]
 [-0.00009989  0.00005996  0.0000036 ]]
2023-01-17:12:00:02,943 INFO     [psi4.driver.task_planner:266] PLANNING Atomic:  keywords={'CART_HESS_READ': 0, 'SCF__GUESS': 'READ', 'OPTKING__INTRAFRAG_STEP_LIMIT': 1.0, 'SCF__INTS_TOLERANCE': 1e-12, 'function_kwargs': {}}
2023-01-17:12:00:02,946 INFO     [psi4.driver.driver:617] Compute gradient(): method=scf, basis=cc-pvdz, molecule=default, nre=2352.3007931484863
2023-01-17:12:00:36,573 INFO     [psi4.driver.driver:620] Return gradient(): -1574.3188343078589
2023-01-17:12:00:36,574 INFO     [psi4.driver.driver:621] [[ 0.0021577   0.00254898 -0.0053496 ]
 [-0.00017293 -0.00055024  0.00986502]
 [-0.00498535 -0.00392442  0.00589007]
 [-0.00112251 -0.00049528 -0.00069659]
 [ 0.00525425  0.0028492  -0.00721882]
 [ 0.00075177 -0.00400812 -0.00409111]
 [ 0.00115521  0.00405798 -0.00237935]
 [-0.00414488 -0.00305242  0.01088022]
 [ 0.00948033  0.00183643 -0.01087089]
 [ 0.0011576   0.00010073 -0.00130037]
 [-0.00061464  0.0009284  -0.00087967]
 [-0.00084273  0.00055569  0.00004867]
 [ 0.00074178  0.00047581 -0.00143957]
 [-0.00058042 -0.00019566 -0.00018321]
 [-0.0005752  -0.00143414  0.00134835]
 [ 0.00004606  0.00012508 -0.00014192]
 [-0.00014658 -0.00015641 -0.0001114 ]
 [ 0.00429001 -0.00378499  0.00553763]
 [-0.00249431 -0.00156979 -0.00724515]
 [-0.0040065   0.00290131 -0.00917172]
 [ 0.00566931 -0.00260385  0.01090446]
 [ 0.00224892  0.00174693  0.00797927]
 [ 0.00162728 -0.00234301  0.00210443]
 [-0.00311588  0.00353065 -0.005157  ]
 [-0.00422478 -0.0017065   0.00142671]
 [ 0.00018064 -0.00041261  0.00046537]
 [-0.00147063  0.00249017 -0.00168747]
 [ 0.00118746  0.00117114  0.00365028]
 [-0.00094562 -0.00123695 -0.00331425]
 [ 0.00156877  0.00087087  0.0001858 ]
 [ 0.0013044   0.00080746  0.00093962]
 [ 0.00255893 -0.00100412  0.0122233 ]
 [-0.00312686 -0.000775   -0.00132563]
 [-0.00538919  0.00251229 -0.00985164]
 [-0.00181243  0.00413846 -0.00025591]
 [-0.00220053 -0.00489633 -0.00092861]
 [ 0.00010179  0.00028262  0.00019983]
 [ 0.00078724  0.00140743 -0.00049076]
 [ 0.00002909 -0.00142009  0.0005224 ]
 [-0.00032659  0.00023227 -0.00008077]]
2023-01-17:12:00:36,857 INFO     [psi4.driver.task_planner:266] PLANNING Atomic:  keywords={'CART_HESS_READ': 0, 'SCF__GUESS': 'READ', 'OPTKING__INTRAFRAG_STEP_LIMIT': 1.0, 'SCF__INTS_TOLERANCE': 1e-12, 'function_kwargs': {}}
2023-01-17:12:00:36,860 INFO     [psi4.driver.driver:617] Compute gradient(): method=scf, basis=cc-pvdz, molecule=default, nre=2343.665176131294
2023-01-17:12:01:10,78 INFO     [psi4.driver.driver:620] Return gradient(): -1574.3166851061087
2023-01-17:12:01:10,79 INFO     [psi4.driver.driver:621] [[-0.00211927 -0.00134064  0.00678993]
 [-0.00147655 -0.00098832 -0.00898271]
 [ 0.00683587  0.00246624 -0.00887438]
 [ 0.00145938  0.00095255  0.00105969]
 [-0.00024662 -0.00109573  0.01107354]
 [-0.00928041 -0.00856101  0.01695365]
 [ 0.00249203  0.00697027 -0.01120086]
 [-0.01246829 -0.00333733  0.01217333]
 [ 0.0199614   0.00724056 -0.01525528]
 [-0.00014737 -0.00540035  0.00186058]
 [ 0.00004442  0.00222131 -0.00182618]
 [-0.00254723  0.00047465  0.00067208]
 [ 0.00156508  0.00018898 -0.00123883]
 [-0.0009322   0.00000844 -0.00008627]
 [ 0.00040251 -0.00193003  0.00081362]
 [ 0.00003095 -0.00013399 -0.00010084]
 [-0.00017215  0.00008486  0.00004228]
 [-0.00491821  0.00598707 -0.00661282]
 [ 0.00260736  0.00331335  0.00923564]
 [ 0.00668407 -0.00397857  0.01306437]
 [-0.00785865  0.00257692 -0.01597152]
 [-0.0026136  -0.00445199 -0.01000479]
 [-0.002881    0.00350419 -0.00307768]
 [ 0.00517171 -0.00424656  0.00681629]
 [ 0.00492058  0.00197476 -0.00143494]
 [-0.00078178  0.00041361 -0.00119078]
 [ 0.00278099 -0.00349887  0.00284086]
 [-0.00152026 -0.00170677 -0.00539743]
 [ 0.00128091  0.00223819  0.00499452]
 [-0.00230199 -0.00102821 -0.00091001]
 [-0.0018975  -0.0007793  -0.00198856]
 [ 0.00091938 -0.01211168 -0.00022493]
 [-0.00334865  0.00230564  0.00348288]
 [-0.0069524   0.01115361 -0.00213608]
 [ 0.00037352 -0.00784628  0.00494266]
 [ 0.00622723  0.00830744 -0.00040128]
 [ 0.00028371  0.00009123  0.00007671]
 [ 0.00070333  0.00058992 -0.00028768]
 [-0.00015456 -0.00068104  0.00035058]
 [-0.00012577  0.00005288 -0.00003937]]
2023-01-17:12:01:10,273 INFO     [psi4.driver.task_planner:266] PLANNING Atomic:  keywords={'CART_HESS_READ': 0, 'SCF__GUESS': 'READ', 'OPTKING__INTRAFRAG_STEP_LIMIT': 1.0, 'SCF__INTS_TOLERANCE': 1e-12, 'function_kwargs': {}}
2023-01-17:12:01:10,276 INFO     [psi4.driver.driver:617] Compute gradient(): method=scf, basis=cc-pvdz, molecule=default, nre=2354.640481854009
2023-01-17:12:01:45,212 INFO     [psi4.driver.driver:620] Return gradient(): -1574.3214893502775
2023-01-17:12:01:45,213 INFO     [psi4.driver.driver:621] [[ 0.00220188  0.00026827 -0.00256813]
 [ 0.00113996  0.00033429  0.00367102]
 [-0.00214784 -0.00031577  0.00302329]
 [-0.00076829 -0.00010708 -0.00038099]
 [-0.00044618  0.00153941 -0.00270057]
 [ 0.00180252  0.00178552 -0.00515005]
 [ 0.00196702 -0.00069531  0.00039299]
 [ 0.00016681 -0.00059693  0.00275499]
 [ 0.00396423  0.00078693 -0.00163176]
 [-0.00087232  0.00015445 -0.00024504]
 [-0.00224987 -0.00044993 -0.0000284 ]
 [ 0.00052091  0.00022227 -0.00032402]
 [-0.00000328  0.00030825 -0.00264521]
 [-0.00036089 -0.00006688 -0.00021011]
 [-0.0020204  -0.00147349  0.00272139]
 [ 0.00044233 -0.00000263 -0.00016506]
 [-0.00079476 -0.0001129  -0.00021534]
 [ 0.00216399 -0.00253873  0.002101  ]
 [-0.00081029  0.00059172 -0.00247138]
 [-0.00159568  0.00294318 -0.00237449]
 [ 0.00186175 -0.00094981  0.00421509]
 [ 0.00032046 -0.00160325  0.00220323]
 [ 0.00019555 -0.00079007  0.00076776]
 [-0.00109424  0.00237236 -0.00313774]
 [-0.0032159  -0.00235077  0.0010883 ]
 [-0.00032729  0.0000862  -0.00008453]
 [-0.00011677  0.00100327 -0.00061333]
 [ 0.00045784  0.00037539  0.00083296]
 [-0.0002694  -0.00024608 -0.00069894]
 [-0.00013128  0.00004442 -0.00023313]
 [ 0.00092139  0.00032737  0.00073197]
 [-0.00187495 -0.00020731  0.00051098]
 [-0.00193892 -0.00011439 -0.00033265]
 [ 0.00293967 -0.00190859  0.00121421]
 [-0.00263086  0.0018223   0.00036191]
 [ 0.00211679 -0.00068327 -0.00136052]
 [ 0.00001331  0.00009039  0.00075465]
 [ 0.0014515   0.00213585 -0.00061744]
 [-0.00034987 -0.00194109  0.00070805]
 [-0.00062863 -0.00003755  0.00013505]]
2023-01-17:12:01:45,784 INFO     [psi4.driver.task_planner:266] PLANNING Atomic:  keywords={'CART_HESS_READ': 0, 'SCF__GUESS': 'READ', 'OPTKING__INTRAFRAG_STEP_LIMIT': 0.25, 'SCF__INTS_TOLERANCE': 1e-12, 'function_kwargs': {}}
2023-01-17:12:01:45,787 INFO     [psi4.driver.driver:617] Compute gradient(): method=scf, basis=cc-pvdz, molecule=default, nre=2351.0248161062054
2023-01-17:12:02:18,986 INFO     [psi4.driver.driver:620] Return gradient(): -1574.3219104879527
2023-01-17:12:02:18,987 INFO     [psi4.driver.driver:621] [[-0.00018528  0.00098414  0.00017408]
 [-0.0003615  -0.00007376  0.00025381]
 [ 0.00010461 -0.00068535  0.00023639]
 [-0.00004431  0.00004668 -0.00000494]
 [ 0.00025659 -0.0004823  -0.00079006]
 [-0.00150389 -0.00179053  0.00070539]
 [-0.00088099  0.00127754 -0.00013363]
 [-0.00150654 -0.00238358  0.00214968]
 [ 0.00371254  0.00148861 -0.00166542]
 [ 0.00035847  0.00043634 -0.00025074]
 [-0.0007048   0.00038516  0.0001609 ]
 [-0.00037409  0.00016719 -0.0004841 ]
 [ 0.00122827  0.0004407  -0.00043976]
 [-0.00003865 -0.00025762  0.00016291]
 [-0.00031161 -0.00063107  0.00007187]
 [ 0.0000485   0.00008981 -0.00015539]
 [ 0.00013923 -0.0000371   0.00008042]
 [-0.0001957   0.00014072 -0.00055351]
 [-0.00000495 -0.00052978 -0.00007739]
 [-0.00021385  0.00000229 -0.00016687]
 [ 0.00009183 -0.00037884 -0.00030216]
 [ 0.00038514  0.00030939  0.0011077 ]
 [-0.00008201 -0.00006637 -0.00002108]
 [ 0.00027357  0.00008106  0.00009167]
 [ 0.00032271  0.00024322 -0.00017742]
 [-0.00009815 -0.00024011 -0.00008538]
 [ 0.00003741  0.00010309  0.00011506]
 [ 0.00009559 -0.00000616  0.00026208]
 [-0.00002148  0.00005052 -0.00023304]
 [ 0.00011598  0.000051   -0.00008635]
 [-0.00021336 -0.00000407 -0.00014232]
 [ 0.0004058   0.00027784  0.00134882]
 [-0.00074498 -0.00076615 -0.00012113]
 [-0.00128633  0.00075809 -0.00112043]
 [ 0.00072337  0.00093108  0.00050923]
 [ 0.00003121 -0.00012296 -0.0001963 ]
 [ 0.00006196  0.00009493 -0.00011442]
 [ 0.00032812  0.0004244  -0.0000679 ]
 [ 0.000058   -0.00032242  0.00004004]
 [-0.00000642 -0.00000564 -0.00008031]]
2023-01-17:12:02:19,577 INFO     [psi4.driver.task_planner:266] PLANNING Atomic:  keywords={'CART_HESS_READ': 0, 'SCF__GUESS': 'READ', 'OPTKING__INTRAFRAG_STEP_LIMIT': 0.25, 'SCF__INTS_TOLERANCE': 1e-12, 'function_kwargs': {}}
2023-01-17:12:02:19,580 INFO     [psi4.driver.driver:617] Compute gradient(): method=scf, basis=cc-pvdz, molecule=default, nre=2351.7616476009202
2023-01-17:12:02:53,701 INFO     [psi4.driver.driver:620] Return gradient(): -1574.3220401042427
2023-01-17:12:02:53,703 INFO     [psi4.driver.driver:621] [[ 0.00112007 -0.00002246 -0.00015704]
 [ 0.00031628  0.00029535  0.00094517]
 [-0.00034887 -0.00018161  0.0008283 ]
 [ 0.00005222  0.00013865 -0.00025212]
 [-0.0000839   0.00014972 -0.00086641]
 [ 0.00007389  0.00028506 -0.00167766]
 [-0.00118555 -0.00010267  0.00024889]
 [ 0.00008485 -0.00135448  0.00154212]
 [ 0.00290867  0.00078172 -0.00120911]
 [-0.00021352  0.00062419  0.00005417]
 [-0.00128738 -0.00016182  0.00024978]
 [ 0.00021649  0.00041251 -0.00050805]
 [ 0.00045387  0.0003723  -0.00120916]
 [-0.00004392 -0.00025438 -0.00012499]
 [-0.0010453  -0.00107873  0.0011875 ]
 [ 0.00026894  0.00023553 -0.00016206]
 [-0.00023632 -0.000184   -0.00005157]
 [ 0.00073245  0.00013654  0.00062197]
 [-0.00020324 -0.00017415 -0.00092841]
 [-0.00151717  0.0002639  -0.0009926 ]
 [ 0.00075814  0.00019208  0.00189009]
 [ 0.00044214 -0.00026355  0.00154101]
 [-0.00003916  0.00055013  0.00058259]
 [-0.0002877  -0.00006676 -0.00189343]
 [-0.00042461 -0.00018226  0.00004504]
 [-0.00014311 -0.00023861 -0.00007763]
 [-0.00000195 -0.00040998 -0.00050697]
 [ 0.00031178 -0.00060406  0.00031059]
 [-0.00017724  0.00060206 -0.00024517]
 [ 0.00004682  0.00008808  0.00027607]
 [-0.00015835  0.00004134  0.00029742]
 [ 0.00048439 -0.00055625  0.00073424]
 [-0.00039379 -0.00068097 -0.00039318]
 [-0.00124809  0.0009261   0.00003862]
 [ 0.00699031  0.0008726  -0.00150073]
 [-0.00650242 -0.0007875   0.00101973]
 [-0.00009159  0.00018909  0.00029844]
 [ 0.00089189  0.00150275 -0.00048103]
 [-0.00012705 -0.00145813  0.00050333]
 [-0.00039296  0.00010265  0.00002222]]
2023-01-17:12:02:54,19 INFO     [psi4.driver.task_planner:266] PLANNING Atomic:  keywords={'CART_HESS_READ': 0, 'SCF__GUESS': 'READ', 'OPTKING__INTRAFRAG_STEP_LIMIT': 0.25, 'SCF__INTS_TOLERANCE': 1e-12, 'function_kwargs': {}}
2023-01-17:12:02:54,22 INFO     [psi4.driver.driver:617] Compute gradient(): method=scf, basis=cc-pvdz, molecule=default, nre=2351.16036632085
2023-01-17:12:03:26,992 INFO     [psi4.driver.driver:620] Return gradient(): -1574.3222653876767
2023-01-17:12:03:26,993 INFO     [psi4.driver.driver:621] [[ 0.00041771 -0.00052554  0.00030788]
 [-0.00001168  0.00004749 -0.00001609]
 [-0.00013145  0.00002092 -0.00005395]
 [ 0.00015908  0.00016157 -0.00010734]
 [ 0.00060255  0.00029094  0.00066957]
 [ 0.00018933  0.00042966 -0.00009244]
 [-0.00125008  0.00008838 -0.0009431 ]
 [ 0.00024896 -0.00116447  0.00139128]
 [ 0.00233123  0.00079481 -0.00161183]
 [-0.00010666 -0.00010954  0.00009167]
 [-0.00061015 -0.00008235  0.00004947]
 [-0.00039377  0.00035551 -0.00019648]
 [-0.00039465  0.00050756 -0.00059306]
 [-0.00005115 -0.00007084 -0.00010738]
 [-0.00030258 -0.00124264  0.00086681]
 [ 0.00004005  0.00020587 -0.00014817]
 [-0.00013789 -0.00023685  0.00000806]
 [ 0.00016882  0.00090739  0.00074864]
 [-0.00005752 -0.0006223  -0.0006755 ]
 [-0.00008277 -0.00115207 -0.00072652]
 [ 0.00015604  0.00075061  0.00106263]
 [ 0.00001514  0.00047105  0.00106036]
 [-0.00012232  0.00084229  0.00038347]
 [-0.00017253 -0.00051062 -0.00130727]
 [-0.00009349  0.00043968 -0.00002731]
 [-0.00002623 -0.00026639 -0.00011733]
 [ 0.00017448 -0.00070095 -0.0004065 ]
 [ 0.0002343  -0.00058487  0.00005224]
 [-0.00015212  0.00059123  0.00002535]
 [-0.00002799  0.00006257  0.00030651]
 [-0.00007109  0.00004917  0.00013978]
 [ 0.00117492 -0.00156083  0.00083447]
 [-0.00040428 -0.00007187 -0.00008648]
 [-0.00203557  0.00179959 -0.00056172]
 [ 0.00623019  0.00005026 -0.00154137]
 [-0.00561527 -0.00049513  0.00111971]
 [-0.00011814  0.00019054  0.00027788]
 [ 0.00044129  0.00134012 -0.00043077]
 [ 0.00015656 -0.00140927  0.00037685]
 [-0.00037125  0.0004093  -0.00002199]]
2023-01-17:12:03:27,596 INFO     [psi4.driver.task_planner:266] PLANNING Atomic:  keywords={'CART_HESS_READ': 0, 'SCF__GUESS': 'READ', 'OPTKING__INTRAFRAG_STEP_LIMIT': 0.25, 'SCF__INTS_TOLERANCE': 1e-12, 'function_kwargs': {}}
2023-01-17:12:03:27,599 INFO     [psi4.driver.driver:617] Compute gradient(): method=scf, basis=cc-pvdz, molecule=default, nre=2350.237912687539
2023-01-17:12:04:01,177 INFO     [psi4.driver.driver:620] Return gradient(): -1574.3225886481246
2023-01-17:12:04:01,179 INFO     [psi4.driver.driver:621] [[-0.00002755 -0.00082861 -0.00021212]
 [-0.00047832 -0.0001845  -0.00019919]
 [-0.00032844 -0.00005096 -0.00038997]
 [ 0.0000528   0.00001683  0.00003725]
 [ 0.00135937  0.00018674  0.00136194]
 [ 0.00015901  0.00011876  0.00119415]
 [-0.00074679  0.00130668 -0.00189591]
 [ 0.0007868  -0.00138152  0.00154569]
 [ 0.00087621  0.00127447 -0.00190217]
 [ 0.00023034 -0.00101152 -0.00036359]
 [ 0.00093836  0.00040143 -0.00032598]
 [-0.0005328  -0.00007809  0.00070404]
 [-0.00142589  0.00035624  0.00016166]
 [-0.00008086  0.00001999 -0.00009653]
 [ 0.00060316 -0.00065231  0.00019003]
 [-0.00018286  0.00009668 -0.00003399]
 [-0.00000245 -0.00024008 -0.00004921]
 [-0.00019725  0.00137058  0.00107308]
 [ 0.00013676 -0.00091402 -0.00068694]
 [ 0.00029144 -0.002111   -0.00041973]
 [-0.0002937   0.00110721  0.00059517]
 [-0.00006377  0.00086869  0.00039146]
 [-0.00016202  0.00057274  0.00008413]
 [ 0.0000641  -0.00074013 -0.00064188]
 [ 0.00012406  0.00093701  0.00014228]
 [ 0.00007446 -0.00023923 -0.00011232]
 [ 0.00019414 -0.00054441 -0.00016008]
 [ 0.00006301 -0.00015513 -0.00006116]
 [-0.00002171  0.0001756   0.00011008]
 [ 0.00000082  0.00004003  0.00021743]
 [ 0.00004781  0.00009239  0.0000755 ]
 [ 0.00083568 -0.00227298  0.00125747]
 [-0.00048998  0.0007771   0.00016449]
 [-0.00197625  0.0021137  -0.0014197 ]
 [ 0.00167368 -0.00119392 -0.0009968 ]
 [-0.00137028  0.000284    0.00073582]
 [-0.00003488  0.00013135  0.00005818]
 [-0.00039821  0.000597   -0.00013565]
 [ 0.00045271 -0.00084601  0.00010806]
 [-0.00015071  0.0005992  -0.00010499]]
2023-01-17:12:04:01,759 INFO     [psi4.driver.task_planner:266] PLANNING Atomic:  keywords={'CART_HESS_READ': 0, 'SCF__GUESS': 'READ', 'OPTKING__INTRAFRAG_STEP_LIMIT': 0.75, 'SCF__INTS_TOLERANCE': 1e-12, 'function_kwargs': {}}
2023-01-17:12:04:01,762 INFO     [psi4.driver.driver:617] Compute gradient(): method=scf, basis=cc-pvdz, molecule=default, nre=2334.0905218973767
2023-01-17:12:04:36,13 INFO     [psi4.driver.driver:620] Return gradient(): -1574.31356881473
2023-01-17:12:04:36,14 INFO     [psi4.driver.driver:621] [[-0.00881966 -0.00602012  0.00097628]
 [ 0.00770188  0.00674658 -0.00658013]
 [ 0.00211837  0.00126207  0.0017829 ]
 [-0.00787979 -0.00785938  0.00896139]
 [ 0.00186188  0.00027659 -0.00175361]
 [-0.00781696 -0.00731743  0.00853106]
 [ 0.00775491  0.0098071  -0.00980281]
 [-0.00723429 -0.00095829  0.00796828]
 [-0.00389222  0.00274386 -0.00166087]
 [-0.00208656  0.00230235 -0.00074933]
 [ 0.00367859 -0.00527905  0.00002674]
 [-0.00165685  0.00549731 -0.0007354 ]
 [ 0.00136178 -0.00469699  0.00103785]
 [-0.00611772  0.00687016  0.00144622]
 [ 0.00567648  0.00026179 -0.00292963]
 [-0.00206929 -0.00771683  0.00258651]
 [ 0.00161793  0.00753946 -0.00240331]
 [-0.000228   -0.00477388 -0.00793146]
 [ 0.0080956  -0.01118121  0.00487727]
 [ 0.00801167 -0.00575214  0.00852802]
 [-0.00578534  0.00422396 -0.01028387]
 [-0.00776899  0.01060432 -0.00578836]
 [ 0.00331758 -0.0083977  -0.00624436]
 [-0.00058049  0.00560976  0.01051669]
 [-0.00212408 -0.00146801  0.00278356]
 [-0.0003549   0.00048437 -0.00078942]
 [-0.00321105  0.00793487  0.00611816]
 [-0.00736584  0.01132888 -0.00094981]
 [ 0.00636913 -0.0103638   0.00113397]
 [ 0.00136853  0.00201227 -0.00559351]
 [ 0.0071154   0.00678788 -0.00842111]
 [-0.00252715  0.00658088 -0.00916283]
 [-0.02847307 -0.01449876  0.01808275]
 [ 0.02940961 -0.0131034  -0.00358651]
 [-0.02470615  0.00491644  0.01029533]
 [ 0.02072313  0.01001969 -0.00405334]
 [ 0.00607556 -0.00656148 -0.00133279]
 [-0.00363058 -0.01268384  0.00470366]
 [ 0.00666624  0.02086779 -0.00872338]
 [ 0.0054047  -0.00604606 -0.00088078]]
2023-01-17:12:04:36,382 INFO     [psi4.driver.task_planner:266] PLANNING Atomic:  keywords={'CART_HESS_READ': 0, 'SCF__GUESS': 'READ', 'OPTKING__INTRAFRAG_STEP_LIMIT': 0.75, 'SCF__INTS_TOLERANCE': 1e-12, 'function_kwargs': {}}
2023-01-17:12:04:36,385 INFO     [psi4.driver.driver:617] Compute gradient(): method=scf, basis=cc-pvdz, molecule=default, nre=2350.512338723276
2023-01-17:12:05:09,567 INFO     [psi4.driver.driver:620] Return gradient(): -1574.322822241023
2023-01-17:12:05:09,568 INFO     [psi4.driver.driver:621] [[-0.00211081 -0.00013674 -0.00244472]
 [-0.00126387 -0.00111406  0.00044214]
 [-0.00113017 -0.00076061 -0.00047794]
 [-0.00089613 -0.00112435  0.00108063]
 [ 0.00417309  0.00091394  0.00219354]
 [-0.00078353 -0.00343998  0.00480444]
 [ 0.00336888  0.00559091 -0.00612469]
 [-0.00345457 -0.00061073  0.00424809]
 [ 0.00197045  0.00459611 -0.0057072 ]
 [ 0.00069825 -0.00397453 -0.00074885]
 [ 0.00470548  0.00097552 -0.00177503]
 [-0.00159275 -0.00116186  0.00145165]
 [-0.00302194  0.00009026  0.00224688]
 [-0.00073635  0.00083641  0.00040709]
 [ 0.00281469  0.00063751 -0.00170341]
 [-0.0011378  -0.00076353  0.00029605]
 [ 0.00060491  0.00050626 -0.00015472]
 [-0.00102629  0.00082448  0.00123806]
 [ 0.00094634 -0.00232279 -0.00051868]
 [ 0.00373373 -0.00222166  0.00045005]
 [-0.00124193  0.00130452 -0.00123657]
 [-0.00094698  0.00176713 -0.00122657]
 [ 0.0006374  -0.00127475 -0.00123108]
 [ 0.00006515 -0.00003785  0.00236034]
 [-0.00050455  0.00075526  0.00100775]
 [ 0.00021748  0.00000361 -0.00010224]
 [-0.00046003  0.00108635  0.00110807]
 [-0.00136005  0.00205269 -0.00010621]
 [ 0.00108135 -0.0019271   0.000141  ]
 [ 0.00032296  0.00024666 -0.00066037]
 [ 0.00105912  0.00075071 -0.00092802]
 [ 0.00087924 -0.00545481  0.00344673]
 [-0.00397854  0.00148012  0.0031287 ]
 [-0.00097283  0.00257645 -0.00463956]
 [-0.01376549 -0.00645919  0.00283276]
 [ 0.01218924  0.00591173 -0.00203322]
 [ 0.00081563 -0.00055523 -0.0005208 ]
 [-0.00242719 -0.00153704  0.00089406]
 [ 0.00147463  0.00179263 -0.00105031]
 [ 0.00105375  0.00017751 -0.00038782]]
2023-01-17:12:05:10,56 INFO     [psi4.driver.task_planner:266] PLANNING Atomic:  keywords={'CART_HESS_READ': 0, 'SCF__GUESS': 'READ', 'OPTKING__INTRAFRAG_STEP_LIMIT': 0.75, 'SCF__INTS_TOLERANCE': 1e-12, 'function_kwargs': {}}
2023-01-17:12:05:10,59 INFO     [psi4.driver.driver:617] Compute gradient(): method=scf, basis=cc-pvdz, molecule=default, nre=2356.844650106974
2023-01-17:12:05:44,568 INFO     [psi4.driver.driver:620] Return gradient(): -1574.3232020310065
2023-01-17:12:05:44,569 INFO     [psi4.driver.driver:621] [[-0.00094239  0.00012168 -0.00254295]
 [-0.0026891  -0.00186761  0.0002196 ]
 [-0.00046961 -0.00019843 -0.00092337]
 [ 0.00063002  0.00035657 -0.00027239]
 [ 0.00420909  0.00104951  0.00294796]
 [-0.0008517  -0.00428136  0.00482667]
 [ 0.0006896   0.00353224 -0.00657273]
 [-0.0049659  -0.00060724  0.00782331]
 [ 0.00796934  0.00346907 -0.00831432]
 [-0.00037115 -0.00314767 -0.00077962]
 [ 0.00191267  0.00094272 -0.0009734 ]
 [-0.00057011  0.00038059  0.00126224]
 [-0.00107252  0.00053546  0.00052023]
 [ 0.00017395 -0.00006932 -0.00009691]
 [ 0.00029732 -0.00123825  0.00024977]
 [-0.00033293  0.00033973 -0.00024129]
 [-0.00009643 -0.00065446  0.00014501]
 [-0.00130367  0.00276523  0.002357  ]
 [-0.00016585 -0.00076344 -0.00116756]
 [ 0.00315311 -0.00299892 -0.00086845]
 [-0.00019753  0.00069495  0.00085714]
 [ 0.00041667  0.00072915  0.00099131]
 [-0.00060078  0.00139219  0.0004323 ]
 [ 0.00042394 -0.00107443 -0.00023454]
 [ 0.00020611  0.00196232  0.00036235]
 [ 0.00027364 -0.00028471 -0.0000874 ]
 [ 0.00067682 -0.00126924 -0.00042012]
 [ 0.00050459 -0.00089065 -0.00009885]
 [-0.00037111  0.00081686  0.00024963]
 [ 0.00001259 -0.00007188  0.00056952]
 [-0.00074962 -0.00064234  0.00024242]
 [ 0.00510397 -0.0073852   0.00516228]
 [-0.00091186  0.0020933  -0.00016237]
 [-0.01019335  0.00756464 -0.00443859]
 [ 0.00634795 -0.00065747 -0.00321983]
 [-0.00550895 -0.00148749  0.00245297]
 [-0.00029458  0.00031558 -0.000053  ]
 [-0.00035261  0.00090096 -0.00043744]
 [ 0.00033291 -0.00160804  0.00023361]
 [-0.00032254  0.00123542 -0.0000002 ]]
2023-01-17:12:05:45,175 INFO     [psi4.driver.task_planner:266] PLANNING Atomic:  keywords={'CART_HESS_READ': 0, 'SCF__GUESS': 'READ', 'OPTKING__INTRAFRAG_STEP_LIMIT': 0.1875, 'SCF__INTS_TOLERANCE': 1e-12, 'function_kwargs': {}}
2023-01-17:12:05:45,178 INFO     [psi4.driver.driver:617] Compute gradient(): method=scf, basis=cc-pvdz, molecule=default, nre=2355.5759942546583
2023-01-17:12:06:18,733 INFO     [psi4.driver.driver:620] Return gradient(): -1574.3238451356342
2023-01-17:12:06:18,734 INFO     [psi4.driver.driver:621] [[ 0.00113937  0.0009237  -0.00211925]
 [-0.00165451 -0.00073474 -0.00012102]
 [ 0.00212755  0.00042375  0.00251518]
 [ 0.00026557  0.0003502  -0.00061661]
 [-0.00045343 -0.00073772  0.00023551]
 [ 0.00054982  0.00324919 -0.00321255]
 [-0.00302023 -0.00172781  0.00440896]
 [ 0.00890747 -0.00249908 -0.00542075]
 [-0.00699897  0.00114063  0.00441818]
 [-0.00175352  0.00160481 -0.00021731]
 [-0.00118346 -0.00153604  0.00103197]
 [ 0.00201446 -0.00033959 -0.00023535]
 [ 0.00107527 -0.00089163 -0.00034195]
 [ 0.00059727 -0.00033146 -0.00034345]
 [-0.00071655  0.00179549  0.00002772]
 [ 0.00032626  0.00013794 -0.00031353]
 [-0.00031273 -0.0001826   0.00009627]
 [ 0.00019936 -0.00055766 -0.00055435]
 [-0.00059722  0.00136801  0.00063356]
 [-0.00148129  0.00117856 -0.00084698]
 [ 0.00092617 -0.00160779  0.00019175]
 [ 0.00065216 -0.00064259 -0.0009196 ]
 [ 0.00009943 -0.00008142  0.00014729]
 [-0.00010066  0.00087728  0.00074379]
 [-0.00012563 -0.00059087  0.00008916]
 [-0.00001909  0.00005874 -0.00000564]
 [-0.0000501   0.00001698  0.00005717]
 [ 0.00022483 -0.00043833  0.00011615]
 [-0.00016978  0.00026423 -0.00028314]
 [-0.00012835 -0.00006029 -0.00014712]
 [-0.00026503 -0.00016121  0.00040751]
 [-0.00775862  0.00354204 -0.0006576 ]
 [ 0.00233884  0.00010479 -0.00142679]
 [ 0.00637693 -0.00358626  0.00230334]
 [-0.00289403 -0.00065482  0.00085858]
 [ 0.00314543  0.00056376 -0.00092392]
 [-0.00040068  0.00007245  0.00005022]
 [-0.00004407 -0.00032003 -0.00002466]
 [-0.0004872   0.0001934   0.00018025]
 [-0.00035103 -0.00018399  0.00021902]]
2023-01-17:12:06:19,391 INFO     [psi4.driver.task_planner:266] PLANNING Atomic:  keywords={'CART_HESS_READ': 0, 'SCF__GUESS': 'READ', 'OPTKING__INTRAFRAG_STEP_LIMIT': 0.046875, 'SCF__INTS_TOLERANCE': 1e-12, 'function_kwargs': {}}
2023-01-17:12:06:19,394 INFO     [psi4.driver.driver:617] Compute gradient(): method=scf, basis=cc-pvdz, molecule=default, nre=2355.099798806172
2023-01-17:12:06:51,930 INFO     [psi4.driver.driver:620] Return gradient(): -1574.3242156243048
2023-01-17:12:06:51,932 INFO     [psi4.driver.driver:621] [[-0.00010866 -0.00009807 -0.0004876 ]
 [-0.00062071 -0.00006091 -0.00045351]
 [ 0.00039961 -0.00003379  0.00041546]
 [-0.00000201  0.00002588 -0.00018561]
 [ 0.00042029 -0.00044643  0.00028492]
 [-0.00080325  0.00064452 -0.00003783]
 [-0.00097838  0.00091825  0.00014979]
 [ 0.00286546 -0.00305621 -0.00117371]
 [-0.00203672  0.00254808  0.00104231]
 [-0.0004693  -0.00024211 -0.00032222]
 [ 0.00045861 -0.00021643 -0.00010876]
 [ 0.00052568  0.00003569  0.00024364]
 [-0.00001251 -0.00040617  0.00007879]
 [ 0.00009603 -0.0000573  -0.00014049]
 [-0.00003832  0.00033717 -0.00000093]
 [ 0.00009673 -0.00002824 -0.00010526]
 [-0.00013231 -0.00002261  0.00000506]
 [ 0.00021725 -0.00001384  0.00049619]
 [-0.00031384  0.00042523 -0.00020845]
 [-0.00030608 -0.00026891 -0.0001974 ]
 [ 0.00012397 -0.00026474  0.00001199]
 [ 0.00041932  0.00003197 -0.00024032]
 [-0.00000151  0.00001346  0.0000229 ]
 [ 0.00004875  0.00013154  0.00009189]
 [ 0.0002101   0.00008011  0.00042255]
 [-0.00002758  0.00005901 -0.00002506]
 [ 0.00001498 -0.0000704   0.00004377]
 [ 0.00002169 -0.00011702 -0.00004631]
 [-0.0000024   0.00006034 -0.00002341]
 [ 0.00006023  0.00001539  0.00002728]
 [-0.00005377  0.00004351  0.00010671]
 [-0.00082607  0.00091285 -0.00013893]
 [ 0.0003469  -0.00022676 -0.00026672]
 [ 0.00062867 -0.00052218  0.00070418]
 [-0.00077539 -0.00006752  0.00002956]
 [ 0.00084939  0.00002308  0.00000323]
 [-0.00009388 -0.00003536 -0.00003637]
 [-0.00009747 -0.00015444  0.00002349]
 [-0.00001801  0.0001526  -0.00005396]
 [-0.00008548 -0.00004924  0.0000491 ]]
2023-01-17:12:06:52,706 INFO     [psi4.driver.task_planner:266] PLANNING Atomic:  keywords={'CART_HESS_READ': 0, 'SCF__GUESS': 'READ', 'OPTKING__INTRAFRAG_STEP_LIMIT': 0.046875, 'SCF__INTS_TOLERANCE': 1e-12, 'function_kwargs': {}}
2023-01-17:12:06:52,709 INFO     [psi4.driver.driver:617] Compute gradient(): method=scf, basis=cc-pvdz, molecule=default, nre=2355.1878469153858
2023-01-17:12:07:24,644 INFO     [psi4.driver.driver:620] Return gradient(): -1574.3243640766443
2023-01-17:12:07:24,645 INFO     [psi4.driver.driver:621] [[ 0.00007741 -0.000077   -0.00016612]
 [-0.00037659  0.00004431 -0.00020343]
 [ 0.00028361 -0.00003255  0.00027159]
 [-0.00014427 -0.0001166   0.00000305]
 [ 0.00045304 -0.00053244 -0.00004787]
 [-0.0008702   0.00026831  0.00026052]
 [-0.00046283  0.00142345 -0.00031485]
 [ 0.00144839 -0.00300382  0.0002693 ]
 [-0.00074557  0.00236941 -0.00021701]
 [-0.00013931 -0.0000763  -0.0002847 ]
 [ 0.0004896  -0.00011514 -0.00012257]
 [ 0.00034716 -0.00004245  0.00009277]
 [-0.00018034 -0.00036721  0.00016386]
 [-0.00007592  0.00008242 -0.0000839 ]
 [ 0.00012446  0.00042305 -0.0000837 ]
 [-0.00002559 -0.00016727 -0.00001966]
 [-0.00001771  0.00013068 -0.00004453]
 [ 0.00011833 -0.00015627 -0.00002866]
 [-0.00002338  0.00007595  0.0000384 ]
 [-0.0002736  -0.00022987 -0.000051  ]
 [ 0.00001772 -0.00013913 -0.00014734]
 [ 0.00029637  0.00015182 -0.00016868]
 [ 0.00006613 -0.00016424 -0.00008018]
 [ 0.00000433  0.00021269  0.00021105]
 [-0.00012106 -0.00003043  0.00026494]
 [-0.00002676  0.0000488  -0.00001748]
 [-0.00005757  0.00011081  0.00011658]
 [-0.00011847  0.00014905 -0.000037  ]
 [ 0.00009817 -0.00014366 -0.00002023]
 [ 0.00005255  0.00003841 -0.00004264]
 [ 0.00010375  0.00017612 -0.00005462]
 [-0.00062887  0.00020717  0.00029956]
 [-0.00033457 -0.00031693  0.00021248]
 [ 0.00068681 -0.00033568  0.0000712 ]
 [-0.00121142  0.00009435  0.00006769]
 [ 0.00112077  0.00018097 -0.00001178]
 [ 0.00003906 -0.00010462 -0.00004414]
 [-0.00013123 -0.00020835  0.00008621]
 [ 0.00007658  0.00031491 -0.00013379]
 [ 0.00006101 -0.00014269 -0.00000333]]
2023-01-17:12:07:25,497 INFO     [psi4.driver.task_planner:266] PLANNING Atomic:  keywords={'CART_HESS_READ': 0, 'SCF__GUESS': 'READ', 'OPTKING__INTRAFRAG_STEP_LIMIT': 0.140625, 'SCF__INTS_TOLERANCE': 1e-12, 'function_kwargs': {}}
2023-01-17:12:07:25,500 INFO     [psi4.driver.driver:617] Compute gradient(): method=scf, basis=cc-pvdz, molecule=default, nre=2357.0395068903135
2023-01-17:12:07:58,617 INFO     [psi4.driver.driver:620] Return gradient(): -1574.3247158877214
2023-01-17:12:07:58,618 INFO     [psi4.driver.driver:621] [[ 0.00029609  0.00013304 -0.00023449]
 [-0.00002359  0.00012449  0.0004877 ]
 [-0.00009311 -0.00031668  0.00037435]
 [-0.00020512 -0.00018528  0.00000475]
 [ 0.00065149 -0.00036408 -0.00053983]
 [-0.00089498 -0.00007238 -0.00008312]
 [ 0.00027427  0.00167602 -0.00030576]
 [ 0.00016066 -0.0023906   0.00122906]
 [ 0.00034231  0.00243535 -0.00161732]
 [-0.00007122 -0.00011787 -0.00006516]
 [ 0.0006491   0.00034167 -0.00014255]
 [-0.00003742 -0.00045209  0.00011713]
 [-0.00024756 -0.00052227  0.00017972]
 [-0.00017802  0.00002163 -0.00002271]
 [ 0.00038256  0.0006048  -0.00026022]
 [-0.00011525 -0.00016764  0.00000078]
 [ 0.00002928  0.00011801 -0.00003499]
 [ 0.00013305 -0.00028774 -0.00021219]
 [ 0.00014238 -0.00027212 -0.00023658]
 [-0.0003118  -0.0000071  -0.00021558]
 [ 0.00003558  0.00004528  0.00023886]
 [ 0.00023712  0.00028722  0.00046311]
 [ 0.00017695 -0.00034503 -0.00012704]
 [-0.00002983  0.00006791 -0.00012295]
 [-0.00060711 -0.00019092  0.00027781]
 [ 0.0000197  -0.00004882 -0.00001333]
 [-0.00018559  0.00030881  0.00012691]
 [-0.00015933  0.00030141  0.00018288]
 [ 0.0001293  -0.00027468 -0.0001999 ]
 [ 0.00009194  0.00006113 -0.00007558]
 [ 0.00025078  0.00022326 -0.00002102]
 [-0.00054614 -0.00082429  0.00129805]
 [-0.00055868 -0.00021317  0.00026899]
 [ 0.0002487   0.0002101  -0.00078784]
 [-0.00208522 -0.00014424  0.00028195]
 [ 0.00179922  0.00049755 -0.00017203]
 [ 0.00018817 -0.00001256 -0.00005597]
 [-0.00013745 -0.00039487  0.00018401]
 [ 0.0000537   0.00024358 -0.00010193]
 [ 0.00019506 -0.00009683 -0.000068  ]]
2023-01-17:12:07:59,204 INFO     [psi4.driver.task_planner:266] PLANNING Atomic:  keywords={'CART_HESS_READ': 0, 'SCF__GUESS': 'READ', 'OPTKING__INTRAFRAG_STEP_LIMIT': 0.421875, 'SCF__INTS_TOLERANCE': 1e-12, 'function_kwargs': {}}
2023-01-17:12:07:59,208 INFO     [psi4.driver.driver:617] Compute gradient(): method=scf, basis=cc-pvdz, molecule=default, nre=2358.00951871192
2023-01-17:12:08:34,121 INFO     [psi4.driver.driver:620] Return gradient(): -1574.3234255505135
2023-01-17:12:08:34,122 INFO     [psi4.driver.driver:621] [[-0.00220266 -0.00259045  0.00196147]
 [ 0.00352244  0.00379535 -0.00190383]
 [-0.00055305 -0.00057066  0.00039704]
 [-0.00272279 -0.00361258  0.0027882 ]
 [ 0.00074343  0.00032018 -0.00168343]
 [-0.0030568  -0.00359438  0.00277011]
 [ 0.00342505  0.00409803 -0.00226364]
 [-0.00444055  0.00103577  0.00391666]
 [ 0.00006773  0.00221744 -0.0026375 ]
 [-0.00079792  0.00150035 -0.00037309]
 [ 0.00073625 -0.00144055  0.00053083]
 [ 0.00001626  0.00163453 -0.00046339]
 [ 0.00049766 -0.00274136  0.00057235]
 [-0.00193203  0.00236613  0.00020709]
 [ 0.00181713  0.00044529 -0.0009846 ]
 [-0.00175782 -0.00330721  0.00178768]
 [ 0.00099792  0.00264338 -0.00109668]
 [ 0.00112067 -0.00262786 -0.00451413]
 [ 0.00487148 -0.00489385  0.00226996]
 [ 0.00285385 -0.00169653  0.00368313]
 [-0.0030934   0.00247555 -0.00374705]
 [-0.00441243  0.00485932 -0.00179262]
 [ 0.00234213 -0.00348004 -0.00244234]
 [-0.00091728  0.0020775   0.00368794]
 [-0.00205012 -0.0025831   0.00080323]
 [-0.0003605   0.00040526 -0.00007175]
 [-0.00233378  0.00329086  0.00242214]
 [-0.00431173  0.00493132  0.00003498]
 [ 0.00409503 -0.00479766  0.00012362]
 [ 0.00043199  0.00100943 -0.00179179]
 [ 0.00290552  0.00358859 -0.00293929]
 [-0.00108578  0.00287016 -0.00215342]
 [-0.00946134 -0.00704724  0.00571446]
 [ 0.01129384 -0.00242639 -0.00340927]
 [-0.01144112 -0.00176572  0.00514161]
 [ 0.00970431  0.00611478 -0.00301737]
 [ 0.00200146 -0.00250601 -0.00008003]
 [-0.00175712 -0.00461931  0.00209136]
 [ 0.00352433  0.00743092 -0.00360524]
 [ 0.00171973 -0.00280926  0.00006663]]
2023-01-17:12:08:34,588 INFO     [psi4.driver.task_planner:266] PLANNING Atomic:  keywords={'CART_HESS_READ': 0, 'SCF__GUESS': 'READ', 'OPTKING__INTRAFRAG_STEP_LIMIT': 0.421875, 'SCF__INTS_TOLERANCE': 1e-12, 'function_kwargs': {}}
2023-01-17:12:08:34,591 INFO     [psi4.driver.driver:617] Compute gradient(): method=scf, basis=cc-pvdz, molecule=default, nre=2367.0177396327367
2023-01-17:12:09:08,5 INFO     [psi4.driver.driver:620] Return gradient(): -1574.3249266177222
2023-01-17:12:09:08,6 INFO     [psi4.driver.driver:621] [[ 0.00162058  0.00195406 -0.00095804]
 [-0.00098384 -0.00158531  0.00245222]
 [-0.00072439 -0.0008175  -0.00004293]
 [ 0.00112002  0.00144482 -0.00144845]
 [ 0.00143872  0.00065376  0.00028231]
 [ 0.00020822 -0.00070868 -0.00122713]
 [ 0.00105496  0.00024362  0.00077323]
 [-0.00317042 -0.00001864  0.0004254 ]
 [ 0.00452041  0.00220111 -0.00408175]
 [-0.00009871 -0.00268735  0.00058783]
 [ 0.00083881  0.00230203 -0.00050604]
 [-0.00036267 -0.00203172  0.00035586]
 [-0.00074244  0.00022213  0.0003928 ]
 [ 0.00058565 -0.00118902  0.00011267]
 [-0.00037004  0.00077825 -0.00008392]
 [-0.00027552  0.00095146 -0.00021192]
 [-0.0002421  -0.00114723  0.00048411]
 [-0.00002345  0.00052085  0.00185368]
 [-0.00263619  0.00237814 -0.00165816]
 [-0.00222002  0.00163824 -0.00222129]
 [ 0.00188203 -0.00134946  0.00236121]
 [ 0.00321014 -0.0025938   0.00177411]
 [-0.00072455  0.0011038   0.00092476]
 [ 0.00009627 -0.00092689 -0.00212833]
 [-0.00025773  0.00052302  0.0001959 ]
 [ 0.00018644 -0.00014316  0.00009411]
 [ 0.00071868 -0.00106593 -0.00094178]
 [ 0.00192715 -0.00192887  0.0003762 ]
 [-0.00194205  0.00195507 -0.00044937]
 [ 0.00007271 -0.00035472  0.00078314]
 [-0.00087557 -0.00152703  0.00128172]
 [ 0.00180363 -0.00541329  0.0045957 ]
 [ 0.00343215  0.00402489 -0.00241383]
 [-0.00679748  0.00353801 -0.00228598]
 [ 0.00116127 -0.00034749 -0.00057993]
 [-0.00121772 -0.00141007  0.00033276]
 [-0.00063652  0.00133165 -0.00004744]
 [ 0.00068448  0.00193127 -0.00073323]
 [-0.00171907 -0.00366391  0.00169003]
 [-0.00054184  0.00121392 -0.00011019]]
2023-01-17:12:09:08,430 INFO     [psi4.driver.task_planner:266] PLANNING Atomic:  keywords={'CART_HESS_READ': 0, 'SCF__GUESS': 'READ', 'OPTKING__INTRAFRAG_STEP_LIMIT': 0.421875, 'SCF__INTS_TOLERANCE': 1e-12, 'function_kwargs': {}}
2023-01-17:12:09:08,433 INFO     [psi4.driver.driver:617] Compute gradient(): method=scf, basis=cc-pvdz, molecule=default, nre=2361.5242090452207
2023-01-17:12:09:43,553 INFO     [psi4.driver.driver:620] Return gradient(): -1574.325138717401
2023-01-17:12:09:43,556 INFO     [psi4.driver.driver:621] [[ 0.00010945  0.00016588 -0.00055071]
 [-0.00060827 -0.00015902 -0.00014538]
 [-0.00023798 -0.00007953 -0.00008891]
 [-0.00016975 -0.00014863 -0.00011605]
 [ 0.00106509  0.00057035  0.00079894]
 [-0.00077586 -0.00047047  0.00004109]
 [ 0.00204702  0.00077323 -0.00027685]
 [-0.00173027 -0.00006761 -0.00050021]
 [-0.00152432  0.00232113  0.00014889]
 [ 0.00035863  0.00049773 -0.00074572]
 [ 0.00312977 -0.0021723  -0.00113504]
 [-0.00219884  0.00209389  0.00047852]
 [-0.00136901 -0.00200066  0.00117209]
 [-0.00145951  0.00250584  0.00046299]
 [ 0.00174279  0.00008848 -0.00097712]
 [-0.00054685 -0.00245674  0.00041026]
 [ 0.0004061   0.0024008  -0.00040671]
 [ 0.00074118 -0.00065034  0.0004592 ]
 [-0.00073987  0.00044867 -0.00070053]
 [ 0.00001647  0.00046176 -0.00010192]
 [ 0.0005186  -0.00075158 -0.0007218 ]
 [ 0.00057384 -0.00010043 -0.00000029]
 [ 0.00036041 -0.00046403 -0.00050843]
 [-0.00064137  0.00068888  0.00041289]
 [-0.00015222 -0.00043705  0.00187802]
 [-0.00027022  0.00020588 -0.00053661]
 [-0.00023864  0.00037404  0.00054393]
 [-0.00037947  0.00031174 -0.0002224 ]
 [ 0.00026211 -0.00027853  0.00014287]
 [ 0.00007934 -0.00002047  0.00014465]
 [-0.00000006 -0.00003823  0.0000737 ]
 [-0.00172633  0.0000556   0.00020956]
 [-0.00018227 -0.00027345  0.00018806]
 [ 0.0017621  -0.00064499  0.00012721]
 [-0.00217249 -0.0003852   0.00139776]
 [ 0.00181456  0.00087959 -0.00083632]
 [ 0.0015344  -0.00280418 -0.00029424]
 [-0.00224427 -0.00284896  0.00150058]
 [ 0.00154266  0.0055224  -0.00161801]
 [ 0.00130335 -0.00311349 -0.00010797]]
2023-01-17:12:09:44,309 INFO     [psi4.driver.task_planner:266] PLANNING Atomic:  keywords={'CART_HESS_READ': 0, 'SCF__GUESS': 'READ', 'OPTKING__INTRAFRAG_STEP_LIMIT': 0.10546875, 'SCF__INTS_TOLERANCE': 1e-12, 'function_kwargs': {}}
2023-01-17:12:09:44,313 INFO     [psi4.driver.driver:617] Compute gradient(): method=scf, basis=cc-pvdz, molecule=default, nre=2362.5839254744105
2023-01-17:12:10:18,245 INFO     [psi4.driver.driver:620] Return gradient(): -1574.32538156915
2023-01-17:12:10:18,246 INFO     [psi4.driver.driver:621] [[ 0.00033143  0.00041986 -0.00008658]
 [-0.00007985 -0.00018883 -0.00005056]
 [ 0.00003372 -0.00000854  0.00003181]
 [ 0.00009175  0.0000358  -0.00004991]
 [-0.00020866 -0.0003863  -0.00100114]
 [ 0.00051496 -0.00025864 -0.00004864]
 [-0.00059095  0.00102957  0.00136669]
 [-0.00021537 -0.00074388  0.00067969]
 [-0.00014679  0.00062924 -0.00027913]
 [ 0.0005406   0.00019306 -0.00002435]
 [ 0.00035784 -0.00067076 -0.0002183 ]
 [ 0.00008885 -0.00035927 -0.0000222 ]
 [ 0.00002741 -0.00023177 -0.00019171]
 [-0.00050232  0.00053077  0.0000732 ]
 [ 0.00002486  0.00092941 -0.00006456]
 [ 0.00002196 -0.00020891  0.00016577]
 [ 0.00003263  0.00018924 -0.00013751]
 [-0.00005316  0.0000892  -0.00049686]
 [ 0.00035021 -0.00031035  0.00023387]
 [ 0.00121268 -0.00064866 -0.00046695]
 [ 0.00016114 -0.00017655 -0.0001459 ]
 [-0.00118316  0.00096206  0.00009424]
 [ 0.00015019 -0.00022345 -0.00011699]
 [-0.00024857  0.00034657  0.00016828]
 [-0.00048813 -0.00047512  0.00068694]
 [-0.00012012  0.00000311 -0.00022347]
 [-0.0001417   0.00027721  0.00020034]
 [-0.00031242  0.0003633  -0.00000857]
 [ 0.00033397 -0.000388    0.00002039]
 [-0.00012324 -0.00008361 -0.00009013]
 [-0.00006849 -0.000101    0.00011472]
 [-0.00018957 -0.00057601 -0.00011549]
 [ 0.00013282  0.00015563 -0.00013201]
 [-0.00050385  0.00032512  0.00002379]
 [ 0.00081245  0.00050156 -0.00025531]
 [-0.00055455 -0.00021739  0.00029983]
 [ 0.00047626 -0.00049489 -0.00001998]
 [-0.00043924 -0.00009796  0.00024669]
 [ 0.00006443  0.00050431 -0.00011138]
 [ 0.00040999 -0.00063511 -0.00004862]]
2023-01-17:12:10:18,857 INFO     [psi4.driver.task_planner:266] PLANNING Atomic:  keywords={'CART_HESS_READ': 0, 'SCF__GUESS': 'READ', 'OPTKING__INTRAFRAG_STEP_LIMIT': 0.10546875, 'SCF__INTS_TOLERANCE': 1e-12, 'function_kwargs': {}}
2023-01-17:12:10:18,860 INFO     [psi4.driver.driver:617] Compute gradient(): method=scf, basis=cc-pvdz, molecule=default, nre=2363.0693082067914
2023-01-17:12:10:51,571 INFO     [psi4.driver.driver:620] Return gradient(): -1574.3254026294649
2023-01-17:12:10:51,572 INFO     [psi4.driver.driver:621] [[-0.00013348 -0.00055964  0.0001041 ]
 [ 0.00040733  0.00074572 -0.00035811]
 [ 0.00013945  0.00000971  0.00030004]
 [-0.00019648 -0.00026354  0.00027661]
 [-0.00009006  0.00029634 -0.00007791]
 [-0.00071145  0.00007927  0.00030109]
 [ 0.00088063 -0.00031481  0.00004113]
 [-0.0000038  -0.00023117 -0.00070483]
 [ 0.0000752   0.00085101  0.000008  ]
 [-0.0008051  -0.00091256  0.00022509]
 [-0.00035832  0.00001479  0.00016887]
 [ 0.00090848 -0.00037361 -0.00012787]
 [ 0.00015902  0.00028228 -0.00011461]
 [ 0.00019007 -0.00044808 -0.00003865]
 [-0.00043841  0.00024695  0.00011549]
 [-0.00004257  0.00035854 -0.00011859]
 [-0.00001427 -0.00036347  0.00002583]
 [ 0.00015746 -0.00008534  0.0000745 ]
 [ 0.00005791  0.00003864  0.00009195]
 [-0.0003614  -0.00033954 -0.00007119]
 [-0.00014331  0.00002792 -0.00028461]
 [-0.00006488  0.00008519 -0.00048464]
 [ 0.00015612 -0.00022567 -0.00013274]
 [ 0.00000698  0.00014016  0.00033757]
 [ 0.00014164  0.00000312  0.00033174]
 [-0.00009022  0.00010229  0.00002258]
 [-0.00011836  0.00016105  0.00015095]
 [-0.00033705  0.0003041  -0.000133  ]
 [ 0.0003559  -0.00034854  0.00010115]
 [ 0.00010718  0.00020408 -0.00023486]
 [ 0.00021199  0.00038252 -0.00038415]
 [-0.00022059  0.00070778 -0.00032195]
 [-0.00069006 -0.00113278  0.00056191]
 [ 0.00103237 -0.00056996  0.00024117]
 [-0.00071913  0.00011007  0.00040446]
 [ 0.00065485  0.00045003 -0.00021892]
 [-0.00020825  0.00042854  0.00001464]
 [ 0.0004158   0.0005695  -0.0002827 ]
 [-0.00016928 -0.00073915  0.00018657]
 [-0.0001419   0.00030825  0.00000389]]
2023-01-17:12:10:52,94 INFO     [psi4.driver.task_planner:266] PLANNING Atomic:  keywords={'CART_HESS_READ': 0, 'SCF__GUESS': 'READ', 'OPTKING__INTRAFRAG_STEP_LIMIT': 0.10546875, 'SCF__INTS_TOLERANCE': 1e-12, 'function_kwargs': {}}
2023-01-17:12:10:52,97 INFO     [psi4.driver.driver:617] Compute gradient(): method=scf, basis=cc-pvdz, molecule=default, nre=2363.8049817828687
2023-01-17:12:11:24,457 INFO     [psi4.driver.driver:620] Return gradient(): -1574.3254085809517
2023-01-17:12:11:24,459 INFO     [psi4.driver.driver:621] [[ 0.0001668  -0.00012529  0.00057786]
 [ 0.00052646  0.00045187  0.0001781 ]
 [-0.00019798 -0.00012916 -0.00029717]
 [-0.00004094 -0.00009627  0.00008436]
 [-0.0000651  -0.00006218  0.00001576]
 [ 0.00025507  0.00005745 -0.00005519]
 [ 0.00053663 -0.00001161 -0.00006101]
 [-0.00033458  0.00008886  0.00046014]
 [-0.00043986 -0.00067731 -0.00020471]
 [-0.00017618  0.00079102 -0.0001971 ]
 [ 0.00065104 -0.00016745  0.00006911]
 [-0.00070373  0.00090118 -0.0000863 ]
 [-0.00030888 -0.00055139  0.00063606]
 [ 0.00005431  0.00015209  0.0000761 ]
 [ 0.00046743 -0.00057454 -0.00027679]
 [-0.00009983 -0.00026892  0.00001794]
 [ 0.00004619  0.00031002  0.00009749]
 [-0.00009461 -0.00007162  0.00027958]
 [ 0.00001714 -0.00020866 -0.00046229]
 [-0.0006571   0.00020119 -0.00018057]
 [-0.0001538   0.00017416 -0.00022452]
 [ 0.00036783 -0.00020401  0.0001959 ]
 [ 0.00009714 -0.00014541 -0.0002795 ]
 [ 0.00015116 -0.00012418  0.00002592]
 [-0.00028923 -0.00011768  0.00019653]
 [ 0.00000024 -0.00002488 -0.0001879 ]
 [-0.00012258  0.00007608  0.0002537 ]
 [-0.0002233   0.00015347  0.00001397]
 [ 0.00019245 -0.00009938  0.00000353]
 [ 0.00000039  0.00003016 -0.00015328]
 [ 0.00012823  0.00016477 -0.00008226]
 [ 0.00040172  0.00030024 -0.00027535]
 [-0.00042467  0.0000503   0.00028448]
 [ 0.00016278  0.00005495 -0.00036234]
 [-0.00054258 -0.0004022   0.00039368]
 [ 0.00041599  0.00032905 -0.00025432]
 [ 0.00000787 -0.00019355 -0.00008051]
 [-0.00012495 -0.00065528  0.00011563]
 [ 0.00031624  0.00072663 -0.00026602]
 [ 0.0000368  -0.00010249  0.00001131]]
2023-01-17:12:11:24,923 INFO     [psi4.driver.task_planner:266] PLANNING Atomic:  keywords={'CART_HESS_READ': 0, 'SCF__GUESS': 'READ', 'OPTKING__INTRAFRAG_STEP_LIMIT': 0.10546875, 'SCF__INTS_TOLERANCE': 1e-12, 'function_kwargs': {}}
2023-01-17:12:11:24,926 INFO     [psi4.driver.driver:617] Compute gradient(): method=scf, basis=cc-pvdz, molecule=default, nre=2363.894902044107
2023-01-17:12:11:57,833 INFO     [psi4.driver.driver:620] Return gradient(): -1574.325428426177
2023-01-17:12:11:57,834 INFO     [psi4.driver.driver:621] [[-0.00000528  0.00002151 -0.0000551 ]
 [-0.00001621 -0.00006553 -0.00002063]
 [-0.00012948 -0.00002847 -0.00010384]
 [-0.00000525  0.00002045 -0.00002153]
 [ 0.00003212 -0.00003708 -0.00005356]
 [ 0.00009105  0.00005896 -0.00009565]
 [-0.00020494  0.0000262   0.00017172]
 [-0.0000263   0.00002872 -0.00003533]
 [-0.00011002  0.00025903  0.00027667]
 [ 0.00004232  0.00022267 -0.00014771]
 [ 0.00034045 -0.00037777 -0.00012892]
 [-0.00017159  0.00038895  0.00002474]
 [-0.00020132 -0.00033462  0.00003221]
 [-0.00009862  0.00018647  0.00000442]
 [ 0.00018792 -0.0000198  -0.00002732]
 [-0.00004174 -0.00021081  0.00006693]
 [ 0.00000055  0.0001797  -0.00005567]
 [ 0.00011275 -0.0000505   0.00010677]
 [-0.00005002  0.0000083  -0.00009029]
 [ 0.00033376  0.0001158  -0.000173  ]
 [ 0.00003712 -0.00010754 -0.00014361]
 [-0.00009188  0.00005351  0.00004305]
 [ 0.00007282 -0.00008718 -0.00011939]
 [-0.00013036  0.00008276  0.00010763]
 [-0.00005395 -0.00010714  0.00045405]
 [-0.00006276  0.00003373 -0.00015728]
 [-0.00003685  0.0000971   0.00013623]
 [-0.00010727  0.00010188 -0.00005555]
 [ 0.0000748  -0.00009251  0.00003756]
 [-0.00005078 -0.00001417 -0.0000299 ]
 [-0.00001087 -0.00001895  0.00002742]
 [-0.00000907 -0.0000241  -0.00008366]
 [ 0.00000634 -0.00007191  0.000065  ]
 [ 0.00004139 -0.00001193  0.00006218]
 [-0.00023059 -0.00014212  0.00008336]
 [ 0.00026703  0.00017563 -0.00008826]
 [ 0.00012163 -0.00023848  0.00001106]
 [-0.0001805  -0.00030658  0.00014223]
 [ 0.00017841  0.00054717 -0.00017249]
 [ 0.00008522 -0.00026136  0.00000544]]
2023-01-17:12:11:58,121 INFO     [psi4.driver.task_planner:266] PLANNING Atomic:  keywords={'CART_HESS_READ': 0, 'SCF__GUESS': 'READ', 'OPTKING__INTRAFRAG_STEP_LIMIT': 0.0263671875, 'SCF__INTS_TOLERANCE': 1e-12, 'function_kwargs': {}}
2023-01-17:12:11:58,124 INFO     [psi4.driver.driver:617] Compute gradient(): method=scf, basis=cc-pvdz, molecule=default, nre=2363.7274481478653
2023-01-17:12:12:30,172 INFO     [psi4.driver.driver:620] Return gradient(): -1574.3254321885631
2023-01-17:12:12:30,173 INFO     [psi4.driver.driver:621] [[ 0.00004928 -0.00001839  0.00009461]
 [ 0.00009897  0.00007134 -0.0000049 ]
 [ 0.00000799 -0.00001065 -0.00007491]
 [ 0.00002152  0.00001566 -0.00000764]
 [ 0.00002198 -0.0000052  -0.00003086]
 [ 0.0000936  -0.00000795  0.00001469]
 [-0.00001367  0.00006915  0.00002223]
 [-0.00004824  0.00000739  0.00016759]
 [-0.00006068 -0.00002079 -0.00022847]
 [ 0.0000077  -0.00009508  0.00004295]
 [-0.00006521 -0.00003228  0.00003202]
 [ 0.00001928 -0.00010204  0.00000692]
 [ 0.00011431  0.00001941 -0.00002347]
 [-0.00006041  0.00005747  0.00001022]
 [-0.00002485  0.0001122  -0.00000857]
 [-0.00001733 -0.00000969  0.00002997]
 [ 0.00001871  0.00002409 -0.00001178]
 [-0.00006175  0.00010136 -0.00005176]
 [-0.0000161   0.00004894  0.00008703]
 [-0.00001187 -0.00025599 -0.00022868]
 [ 0.00007581 -0.00003063  0.00007622]
 [-0.0001773   0.00006857 -0.00005694]
 [-0.00003581  0.00003075  0.00005276]
 [ 0.00005073  0.00002562 -0.000024  ]
 [-0.00002323  0.00004886  0.00009059]
 [-0.00000113 -0.0000149   0.00003015]
 [ 0.00003407 -0.0000453  -0.00003547]
 [ 0.00005115 -0.00005332  0.00000068]
 [-0.00004259  0.00004927 -0.00002517]
 [ 0.00000603 -0.00001667  0.00003534]
 [-0.00001995 -0.00002971  0.00002566]
 [-0.00007136 -0.00004999  0.00000582]
 [ 0.00009124  0.00008205 -0.00004783]
 [-0.00008352  0.00002259  0.00003149]
 [ 0.0001228   0.00002656 -0.00002212]
 [-0.00009269 -0.00003936  0.00004013]
 [ 0.00004451 -0.0000394  -0.0000194 ]
 [-0.00006318 -0.00004104  0.0000367 ]
 [ 0.00003215  0.00008595 -0.00002661]
 [ 0.00002904 -0.0000488  -0.0000052 ]]
2023-01-17:12:12:30,551 INFO     [psi4.driver.task_planner:266] PLANNING Atomic:  keywords={'CART_HESS_READ': 0, 'SCF__GUESS': 'READ', 'OPTKING__INTRAFRAG_STEP_LIMIT': 0.0263671875, 'SCF__INTS_TOLERANCE': 1e-12, 'function_kwargs': {}}
2023-01-17:12:12:30,554 INFO     [psi4.driver.driver:617] Compute gradient(): method=scf, basis=cc-pvdz, molecule=default, nre=2363.775185071841
2023-01-17:12:13:01,92 INFO     [psi4.driver.driver:620] Return gradient(): -1574.3254329953877
2023-01-17:12:13:01,93 INFO     [psi4.driver.driver:621] [[ 0.00003917 -0.00007616  0.00001619]
 [ 0.00006564  0.00007395  0.00001996]
 [-0.00001409  0.00000147 -0.0000117 ]
 [ 0.00000092 -0.00001032  0.00000617]
 [-0.00000704 -0.00000289 -0.00002774]
 [ 0.00000216  0.0000327   0.00000124]
 [-0.00003285 -0.00002206  0.0000188 ]
 [ 0.00002939 -0.0000507  -0.0000311 ]
 [ 0.00009212  0.00002931  0.00007884]
 [-0.00005079 -0.00005977 -0.00002754]
 [-0.00001674  0.00006686  0.00000666]
 [ 0.00003931 -0.00005949 -0.00003565]
 [-0.00001491  0.00004361 -0.0000008 ]
 [ 0.00003051 -0.00004736  0.00000622]
 [-0.00004694  0.00000634  0.00000701]
 [-0.00000315  0.00004386 -0.00002504]
 [ 0.00000088 -0.00003882  0.00001251]
 [-0.00003305  0.00001112  0.00006024]
 [-0.00002847  0.00002071 -0.00003814]
 [ 0.00003174  0.00001767 -0.00008972]
 [ 0.00000558 -0.00001414  0.00001603]
 [ 0.00000625 -0.0000148  -0.00001072]
 [-0.00000338  0.0000239   0.00001584]
 [-0.00001286 -0.00006096  0.00002392]
 [-0.00008836  0.00004637 -0.0000013 ]
 [ 0.00002266  0.00000528  0.00002778]
 [ 0.00001705 -0.00002035 -0.00001928]
 [ 0.00002292 -0.00001557  0.00000597]
 [-0.00002078  0.00000561 -0.00000963]
 [ 0.00000372  0.00000417  0.00000113]
 [ 0.00000458  0.00000921 -0.0000082 ]
 [-0.00001123  0.0000047   0.00000917]
 [-0.00000479  0.00000622 -0.00000727]
 [ 0.00002124 -0.00001426 -0.00000596]
 [ 0.00002578  0.0000186  -0.00000889]
 [-0.00003352 -0.00002194  0.00000987]
 [-0.00002845  0.00006001  0.00000775]
 [ 0.00005757  0.00005488 -0.00003186]
 [-0.0000446  -0.00012349  0.00004036]
 [-0.00002318  0.00006653 -0.00000113]]
2023-01-17:12:13:02,687 INFO     [psi4.driver.task_planner:266] PLANNING Atomic:  keywords={'SCF__INTS_TOLERANCE': 1e-12, 'function_kwargs': {}}
2023-01-17:12:13:02,694 INFO     [psi4.driver.driver:774] Compute properties(): method=scf, basis=6-31g*, molecule=optimized, nre=2363.7751850718246
2023-01-17:12:13:50,143 INFO     [psi4.driver.driver:777] Return properties(): -1574.2396940609103
2023-01-17:12:13:51,601 INFO     [psi4.driver.task_planner:266] PLANNING Atomic:  keywords={'SCF__INTS_TOLERANCE': 1e-12, 'function_kwargs': {}}
2023-01-17:12:13:51,608 INFO     [psi4.driver.driver:774] Compute properties(): method=scf, basis=6-31g*, molecule=optimized, nre=2363.7751850718246
2023-01-17:12:14:38,998 INFO     [psi4.driver.driver:777] Return properties(): -1574.2396940597882
