2023-01-19:16:09:38,532 INFO     [psi4.driver.task_planner:266] PLANNING Atomic:  keywords={'function_kwargs': {}}
2023-01-19:16:09:38,535 INFO     [psi4.driver.driver:499] Compute energy(): method=scf, basis=cc-pvdz, molecule=default, nre=2974.968392013767
2023-01-19:16:10:12,308 INFO     [psi4.driver.driver:502] Return energy(): -1459.7407789776394
2023-01-19:16:10:12,368 INFO     [psi4.driver.task_planner:266] PLANNING Atomic:  keywords={'GEOM_MAXITER': 500, 'SCF__INTS_TOLERANCE': 1e-12, 'MAXITER': 500, 'function_kwargs': {}}
2023-01-19:16:10:12,371 INFO     [psi4.driver.driver:617] Compute gradient(): method=scf, basis=cc-pvdz, molecule=default, nre=2974.968392013767
2023-01-19:16:11:18,619 INFO     [psi4.driver.driver:620] Return gradient(): -1459.7407790572445
2023-01-19:16:11:18,620 INFO     [psi4.driver.driver:621] [[ 0.02943628 -0.00629288  0.00304946]
 [-0.00834367 -0.07673246  0.01674185]
 [-0.02352686  0.0129866  -0.00449621]
 [ 0.02402133  0.06569969 -0.0158192 ]
 [-0.01692666 -0.00346565  0.00058569]
 [-0.00791184  0.00126897 -0.00031952]
 [ 0.00725596  0.04704678 -0.00842714]
 [-0.01246824 -0.04065306  0.00931058]
 [-0.00229759  0.00467934  0.00042267]
 [-0.00842204 -0.00307618 -0.00312428]
 [ 0.00343174 -0.00282596  0.00315213]
 [ 0.01233204  0.00831787 -0.00483038]
 [-0.00070903  0.00526901  0.00043402]
 [-0.00197154 -0.00396756  0.0002727 ]
 [ 0.0017766  -0.00551153  0.00539132]
 [-0.00041688 -0.00677981  0.00346776]
 [-0.01303311  0.00944105  0.00015328]
 [ 0.00509895  0.00035947  0.00013363]
 [ 0.02876762  0.00506624 -0.00666313]
 [-0.00688831  0.00183778 -0.00294048]
 [ 0.00665541 -0.00050842  0.00123373]
 [ 0.01712106 -0.00769882  0.00935931]
 [ 0.02268042  0.07381073 -0.03767262]
 [-0.03761681 -0.00084798 -0.00300577]
 [ 0.00654409 -0.07563193  0.03997477]
 [-0.04526172  0.00320094 -0.00179481]
 [-0.0027211   0.00654541 -0.00017836]
 [ 0.01917867  0.00727926 -0.01262175]
 [-0.00633341 -0.00018977  0.00214136]
 [ 0.01613797 -0.02147347 -0.0021781 ]
 [ 0.00730529  0.01294668  0.00834968]
 [-0.0047136  -0.00568711 -0.00820789]
 [ 0.00552767 -0.00587787  0.00867445]
 [ 0.00056157 -0.00430893  0.00000509]
 [-0.00326987 -0.0056089  -0.00375655]
 [ 0.00210411  0.00439682  0.00036227]
 [-0.00724159  0.05407087 -0.01899225]
 [-0.01783296 -0.05214107  0.01649038]
 [ 0.00003888  0.00966294  0.00822926]
 [ 0.0006857   0.00425769 -0.0067479 ]
 [ 0.00614699 -0.0032012   0.00810873]
 [-0.00179147 -0.00685455 -0.00255841]
 [-0.00290176 -0.00111895 -0.00251236]
 [ 0.00249166 -0.00011874 -0.00686134]
 [-0.00243784  0.00019908  0.00558625]
 [ 0.00561316 -0.00634645  0.00072496]
 [ 0.00312387 -0.00426676  0.00134858]
 [-0.00207842 -0.00154371  0.00334   ]
 [-0.00348196 -0.0004956  -0.00262466]
 [-0.0016733  -0.00181362  0.00858329]
 [ 0.00705666  0.00039569 -0.00680367]
 [-0.00415522  0.00669683  0.00341144]
 [-0.0088425   0.01135612 -0.00359632]
 [ 0.01417559 -0.00175291 -0.00230556]]
2023-01-19:16:11:19,472 INFO     [psi4.driver.task_planner:266] PLANNING Atomic:  keywords={'CART_HESS_READ': 0, 'GEOM_MAXITER': 500, 'SCF__GUESS': 'READ', 'SCF__INTS_TOLERANCE': 1e-12, 'MAXITER': 500, 'function_kwargs': {}}
2023-01-19:16:11:19,476 INFO     [psi4.driver.driver:617] Compute gradient(): method=scf, basis=cc-pvdz, molecule=default, nre=2988.065081810426
2023-01-19:16:12:19,711 INFO     [psi4.driver.driver:620] Return gradient(): -1459.782901771533
2023-01-19:16:12:19,713 INFO     [psi4.driver.driver:621] [[ 0.01101222 -0.00269949  0.00165327]
 [-0.00405147 -0.01678259  0.0066718 ]
 [-0.00542552  0.00353692 -0.00255303]
 [ 0.00443017  0.01762586 -0.00736556]
 [-0.00022433 -0.00198786  0.00074581]
 [-0.00037056  0.00045933 -0.00007305]
 [ 0.00212314  0.01219854 -0.00373649]
 [-0.00276955 -0.01104248  0.00433314]
 [ 0.00355312  0.00327759  0.00118734]
 [-0.00101878 -0.0060198   0.00114436]
 [ 0.00001297  0.00224745 -0.00169249]
 [-0.00197041 -0.00063934 -0.00138645]
 [-0.00085247  0.00166706  0.00081506]
 [-0.00005728 -0.00094967 -0.00035975]
 [-0.00258043 -0.00064043  0.00324416]
 [ 0.00126038  0.00123867  0.00193888]
 [ 0.00040442  0.00247177 -0.0014273 ]
 [-0.00301528  0.00017478 -0.00006183]
 [ 0.00289751  0.00571391 -0.00428298]
 [ 0.0003103   0.00039851  0.00000672]
 [-0.00045194 -0.0023375   0.00020161]
 [-0.00106785 -0.00354418  0.00460723]
 [ 0.00611182  0.02100798 -0.0258497 ]
 [-0.00779362 -0.00137085 -0.00090255]
 [-0.00043299 -0.02014178  0.02580601]
 [-0.00691798  0.00035917  0.0002763 ]
 [ 0.01187421 -0.00494278 -0.00189431]
 [ 0.00241041  0.00214951 -0.0111836 ]
 [ 0.00734632  0.00680269  0.00627347]
 [ 0.00173248 -0.00646656 -0.00091506]
 [-0.00152529  0.00531354  0.00660621]
 [-0.00848274 -0.0013272  -0.00799348]
 [ 0.00004368  0.00008582  0.00151995]
 [ 0.00015245 -0.00058995 -0.0000134 ]
 [ 0.00150761 -0.0024079  -0.00283047]
 [ 0.00056937  0.00086125  0.00016257]
 [-0.00275106  0.01563009 -0.00913651]
 [-0.00467449 -0.01606781  0.00835848]
 [-0.0097342   0.00168291  0.00531299]
 [ 0.0029342  -0.00045359 -0.00236558]
 [ 0.00353948 -0.00130795  0.0013122 ]
 [-0.00104739 -0.00194479 -0.00047959]
 [ 0.00112279 -0.00015742 -0.00091119]
 [ 0.00177142 -0.00166441 -0.00229688]
 [-0.00275414  0.00002903  0.00172286]
 [-0.00013947  0.00012938  0.00090484]
 [ 0.00065873 -0.00033199  0.00072769]
 [-0.00078745 -0.00113088  0.00114035]
 [-0.00114632 -0.0003905  -0.001059  ]
 [ 0.00332102  0.00041338  0.0036553 ]
 [ 0.00325511  0.00002813 -0.00132242]
 [-0.00087602  0.00208129  0.0012591 ]
 [-0.00221455  0.00110661  0.00051118]
 [ 0.00077827 -0.00135147 -0.0000062 ]]
2023-01-19:16:12:20,212 INFO     [psi4.driver.task_planner:266] PLANNING Atomic:  keywords={'CART_HESS_READ': 0, 'GEOM_MAXITER': 500, 'SCF__GUESS': 'READ', 'OPTKING__INTRAFRAG_STEP_LIMIT': 1.0, 'SCF__INTS_TOLERANCE': 1e-12, 'MAXITER': 500, 'function_kwargs': {}}
2023-01-19:16:12:20,216 INFO     [psi4.driver.driver:617] Compute gradient(): method=scf, basis=cc-pvdz, molecule=default, nre=3001.8787932872947
2023-01-19:16:13:23,477 INFO     [psi4.driver.driver:620] Return gradient(): -1459.8033039167585
2023-01-19:16:13:23,479 INFO     [psi4.driver.driver:621] [[ 0.02305832 -0.00645378  0.00660169]
 [-0.00570298  0.01502805 -0.0160634 ]
 [-0.01268647 -0.00779668  0.00694685]
 [-0.01363358 -0.00220224  0.00377074]
 [ 0.00947662  0.00270591 -0.00423811]
 [ 0.00162872  0.0016313  -0.00137666]
 [ 0.00197663  0.0007576   0.00063565]
 [ 0.00554394 -0.00220551  0.0013503 ]
 [ 0.00734874  0.01056449 -0.00723626]
 [-0.00393625 -0.00902165  0.0103935 ]
 [ 0.0031181   0.00298859 -0.00833236]
 [-0.00929815 -0.00752446  0.00750027]
 [-0.00193246  0.00113587 -0.00002688]
 [ 0.00160119 -0.00083549  0.00022291]
 [-0.00477244 -0.00045998  0.00368326]
 [ 0.00126909  0.0057759  -0.00211066]
 [ 0.0008445  -0.00427416 -0.00079447]
 [-0.00273729  0.0059267  -0.00191053]
 [ 0.00210716 -0.00224704  0.00213876]
 [ 0.00052749  0.0008382   0.0034001 ]
 [-0.00147504 -0.00515342  0.00012688]
 [ 0.00007376  0.00228347 -0.00129213]
 [ 0.00149572 -0.00586027 -0.00699067]
 [ 0.00257161 -0.00069074  0.00015703]
 [ 0.00121704  0.00795532  0.00634382]
 [ 0.00332069  0.00017698 -0.00036581]
 [-0.00300837 -0.00419708 -0.00379963]
 [ 0.00100569  0.00307746 -0.00396754]
 [-0.00178619  0.0050237   0.00666427]
 [ 0.00039046 -0.00207419 -0.00087685]
 [ 0.00215864 -0.00073137  0.00310258]
 [-0.00869387  0.00056505 -0.00592492]
 [ 0.00142784  0.00213548 -0.00084894]
 [-0.00056293  0.00010859 -0.00030093]
 [ 0.00159585 -0.00204298 -0.00239451]
 [ 0.00015372 -0.0000029   0.00012484]
 [ 0.00147858 -0.00419271  0.00093045]
 [ 0.00278767  0.00361343 -0.00160722]
 [-0.00858343 -0.00009875  0.00550067]
 [ 0.00097717 -0.00010919 -0.00089357]
 [ 0.00133887  0.00022543 -0.00097002]
 [ 0.00022295 -0.00009469 -0.00021876]
 [ 0.00125343 -0.00038394 -0.00032293]
 [ 0.0013225  -0.0011432  -0.000263  ]
 [-0.00213914  0.00036799  0.00017208]
 [-0.00085103 -0.00041069  0.00040035]
 [-0.00015993 -0.00026041  0.00017522]
 [-0.00092526 -0.00022926  0.00037446]
 [-0.00099758 -0.00002537 -0.00038425]
 [ 0.00053927 -0.00010979  0.00157369]
 [ 0.00042372 -0.00031471  0.00100672]
 [-0.00135196 -0.00011506 -0.00000499]
 [ 0.00108306 -0.00087733  0.00052621]
 [-0.00010437 -0.00074647 -0.00030731]]
2023-01-19:16:13:24,225 INFO     [psi4.driver.task_planner:266] PLANNING Atomic:  keywords={'CART_HESS_READ': 0, 'GEOM_MAXITER': 500, 'SCF__GUESS': 'READ', 'OPTKING__INTRAFRAG_STEP_LIMIT': 1.0, 'SCF__INTS_TOLERANCE': 1e-12, 'MAXITER': 500, 'function_kwargs': {}}
2023-01-19:16:13:24,228 INFO     [psi4.driver.driver:617] Compute gradient(): method=scf, basis=cc-pvdz, molecule=default, nre=2986.0167334827947
2023-01-19:16:14:27,629 INFO     [psi4.driver.driver:620] Return gradient(): -1459.7906311488841
2023-01-19:16:14:27,631 INFO     [psi4.driver.driver:621] [[-0.01435974  0.00293825 -0.00707891]
 [ 0.01449735 -0.01961379  0.03210122]
 [ 0.00596147  0.00846378 -0.01516582]
 [ 0.02543992  0.00996712 -0.0149712 ]
 [-0.0070036  -0.01003726  0.01414797]
 [-0.00623487  0.00199638 -0.00405479]
 [-0.01626967  0.0455628  -0.08434821]
 [-0.02849838 -0.03111198  0.05651026]
 [-0.01135567  0.00600234 -0.00916306]
 [ 0.01311023 -0.00372459  0.01345714]
 [-0.00276531 -0.01224063  0.01279125]
 [ 0.01620198  0.00220182 -0.00359843]
 [ 0.00133476  0.01355391 -0.02557969]
 [-0.00170023 -0.01219808  0.02447678]
 [ 0.00771351 -0.00359113  0.0152626 ]
 [-0.00016982 -0.00401412  0.00099433]
 [-0.00061141 -0.00158202 -0.00045013]
 [-0.00002042  0.00109922 -0.00156389]
 [ 0.00082038 -0.00025704  0.00170228]
 [ 0.00045468  0.0003225   0.00446265]
 [-0.00038155 -0.00125451 -0.00068168]
 [ 0.00116004  0.00036459 -0.0014506 ]
 [ 0.00051393  0.00130726 -0.00528611]
 [ 0.00533867 -0.00106991  0.00002837]
 [ 0.00000434 -0.00129157  0.00558283]
 [-0.00620228  0.00111653 -0.00037655]
 [ 0.000843    0.00446777  0.00012869]
 [-0.00572381  0.00457077  0.00182116]
 [-0.00103224 -0.00457851  0.00255047]
 [-0.0048725  -0.00435481 -0.00346721]
 [ 0.00603737 -0.00318639 -0.00006561]
 [-0.00486945 -0.00058398 -0.00636315]
 [ 0.00247418  0.0021738   0.00459155]
 [-0.00030866 -0.00088925 -0.00001677]
 [-0.00019576 -0.00178737 -0.00189217]
 [-0.00005158  0.00092226 -0.00037554]
 [ 0.00575987  0.0018746  -0.00062541]
 [ 0.00656989 -0.00233291 -0.00006953]
 [-0.00507759 -0.00033575  0.00436954]
 [-0.00243389  0.00199565 -0.00238867]
 [ 0.00000729 -0.00289894  0.00148751]
 [ 0.00130947 -0.00151964 -0.00305148]
 [-0.00507843  0.00118848 -0.0001583 ]
 [ 0.00121193  0.00038527 -0.00914137]
 [ 0.00085664  0.00886356  0.00351559]
 [ 0.0012613  -0.00578874 -0.00266352]
 [ 0.00123887 -0.0072672  -0.00273958]
 [ 0.00191641  0.00062481  0.00716322]
 [ 0.00218929  0.00484773 -0.00414864]
 [-0.00107903 -0.00181749  0.00123529]
 [-0.00003854  0.00320535 -0.00144185]
 [ 0.00286817  0.0012401   0.00396823]
 [-0.00211415  0.00768267  0.00075593]
 [ 0.00135362  0.00038826 -0.00072698]]
2023-01-19:16:14:28,201 INFO     [psi4.driver.task_planner:266] PLANNING Atomic:  keywords={'CART_HESS_READ': 0, 'GEOM_MAXITER': 500, 'SCF__GUESS': 'READ', 'OPTKING__INTRAFRAG_STEP_LIMIT': 1.0, 'SCF__INTS_TOLERANCE': 1e-12, 'MAXITER': 500, 'function_kwargs': {}}
2023-01-19:16:14:28,204 INFO     [psi4.driver.driver:617] Compute gradient(): method=scf, basis=cc-pvdz, molecule=default, nre=3004.3325774038326
2023-01-19:16:15:26,725 INFO     [psi4.driver.driver:620] Return gradient(): -1459.8170560854503
2023-01-19:16:15:26,727 INFO     [psi4.driver.driver:621] [[-0.00942364  0.00108645 -0.00401284]
 [ 0.00295948 -0.00333974  0.00497832]
 [ 0.00470084  0.00151822 -0.00131151]
 [ 0.00582968  0.00009201  0.00232323]
 [-0.00021182 -0.00243609  0.00192672]
 [-0.0022198   0.00062448 -0.00146707]
 [-0.00378873  0.0051687  -0.01103358]
 [-0.0033992  -0.00266587  0.00520565]
 [-0.00363601  0.00268538 -0.00164506]
 [-0.00049157  0.00113499  0.00172405]
 [ 0.00316763 -0.00380773 -0.00311554]
 [ 0.00424298 -0.00085655  0.00500762]
 [-0.00017815  0.00255539 -0.00546474]
 [-0.00020662 -0.00218124  0.00476446]
 [ 0.00076653  0.00086919  0.00353045]
 [ 0.00089618 -0.00135385  0.00030127]
 [-0.00083334 -0.00133762 -0.00039662]
 [-0.00028508  0.00067612 -0.00153221]
 [ 0.00072418 -0.00025732  0.00195009]
 [-0.00049442  0.00217933  0.00390296]
 [-0.00013826 -0.00080739 -0.00087521]
 [ 0.0011768   0.00016585 -0.00163844]
 [ 0.00164255 -0.00222417 -0.00097321]
 [ 0.00643157 -0.00049045 -0.00012783]
 [ 0.00198758  0.00237554  0.00114212]
 [-0.00174808  0.00014822 -0.0007014 ]
 [-0.00270801  0.00050789 -0.00238471]
 [-0.00180011  0.00094202  0.00065633]
 [-0.00447699 -0.00017495  0.00429329]
 [-0.00092493 -0.00018313 -0.00116426]
 [ 0.00215229 -0.00079139  0.00025183]
 [-0.00515817  0.00065486 -0.005976  ]
 [ 0.00060661  0.00048158  0.00048596]
 [-0.00016965  0.00002873 -0.00034218]
 [ 0.00093861 -0.00086731 -0.00198181]
 [-0.00011317 -0.00011773 -0.00005532]
 [ 0.00348557 -0.00378887  0.00323722]
 [ 0.00519083  0.00274123 -0.00349672]
 [-0.00589088  0.00014516  0.00480766]
 [-0.00026127  0.00058968 -0.00061347]
 [ 0.0003719  -0.00024493 -0.0003582 ]
 [ 0.00052359  0.00029047 -0.00085116]
 [-0.00058875  0.00025466  0.0002006 ]
 [ 0.00109754 -0.00059989 -0.00131656]
 [-0.00063068  0.00192234  0.00053853]
 [-0.0001206  -0.00111369 -0.00024332]
 [ 0.00007254 -0.00133035 -0.00050948]
 [ 0.00030877  0.0001553   0.00139312]
 [ 0.0004477   0.00094903 -0.00082828]
 [-0.00039308 -0.00099648  0.00061181]
 [-0.0000542   0.00025063  0.00037786]
 [ 0.00098431 -0.00012724  0.00093592]
 [-0.00036072  0.00084467  0.0001516 ]
 [-0.00000035  0.00005587 -0.00028194]]
2023-01-19:16:15:27,247 INFO     [psi4.driver.task_planner:266] PLANNING Atomic:  keywords={'CART_HESS_READ': 0, 'GEOM_MAXITER': 500, 'SCF__GUESS': 'READ', 'OPTKING__INTRAFRAG_STEP_LIMIT': 1.0, 'SCF__INTS_TOLERANCE': 1e-12, 'MAXITER': 500, 'function_kwargs': {}}
2023-01-19:16:15:27,250 INFO     [psi4.driver.driver:617] Compute gradient(): method=scf, basis=cc-pvdz, molecule=default, nre=3016.1550904391875
2023-01-19:16:16:29,336 INFO     [psi4.driver.driver:620] Return gradient(): -1459.821726193921
2023-01-19:16:16:29,337 INFO     [psi4.driver.driver:621] [[ 0.00934891  0.00066777  0.00313388]
 [-0.0037584   0.00212265 -0.01437941]
 [-0.01198804 -0.00265046  0.00420095]
 [-0.00400768  0.00026749 -0.00217207]
 [ 0.01245022  0.0010682   0.00540297]
 [ 0.00097812  0.00053835 -0.00370495]
 [-0.00164732 -0.00081617  0.00034566]
 [ 0.00515915  0.00074019 -0.00060276]
 [ 0.00058147  0.00219384 -0.00360341]
 [-0.00515566 -0.00024997  0.00082423]
 [ 0.00949737  0.00018162 -0.00211273]
 [-0.00535428 -0.00569999  0.00653121]
 [-0.00356046 -0.00079642  0.00039933]
 [ 0.00369853  0.00053089  0.00001379]
 [-0.00107075 -0.00000624  0.00237699]
 [-0.00106446 -0.00112436  0.00251052]
 [-0.00299872 -0.00141674  0.00266842]
 [ 0.00122835 -0.00086096 -0.00145626]
 [-0.00095452  0.00119802 -0.0005203 ]
 [-0.00214241  0.00347825  0.00118223]
 [ 0.00117428  0.00096763 -0.00026193]
 [ 0.00005321 -0.00120931  0.00076949]
 [ 0.00162534 -0.00216402 -0.00407769]
 [-0.00259946  0.00068019  0.00008814]
 [ 0.00154148  0.00127214  0.00390997]
 [-0.00148102 -0.00043622 -0.00100159]
 [-0.00080802  0.00383691  0.00028223]
 [ 0.00049901 -0.0007656  -0.0000146 ]
 [-0.00171688 -0.00272592  0.00065063]
 [ 0.0011901  -0.00028985  0.00014804]
 [-0.00109213 -0.00013518  0.00002376]
 [-0.00180275  0.00029699 -0.00331984]
 [-0.00066238 -0.0002593   0.00026567]
 [-0.00014575 -0.00007956 -0.0000472 ]
 [-0.00019979 -0.00032769 -0.00059293]
 [-0.00000333  0.00011467 -0.0001882 ]
 [ 0.00294289 -0.0011639   0.00142507]
 [ 0.00333866  0.00153715 -0.00188571]
 [-0.00195289  0.00029133  0.00327957]
 [ 0.00028007  0.00036835  0.00035889]
 [ 0.00021601 -0.00006033 -0.00016866]
 [ 0.00012767  0.00019013 -0.000352  ]
 [ 0.00019295 -0.00038781 -0.0003549 ]
 [ 0.00011514  0.0005223   0.00013861]
 [-0.00024981  0.00055969 -0.00057018]
 [ 0.00035663 -0.00016145 -0.00005013]
 [ 0.00000613 -0.00008953  0.00000342]
 [-0.00044373  0.00014885  0.00009758]
 [-0.0000783   0.00006128 -0.00015517]
 [ 0.00031254 -0.00030975  0.00023261]
 [-0.00004968 -0.00016374  0.00025936]
 [ 0.00026018  0.00025901  0.00025288]
 [-0.00021559  0.00017013  0.00015242]
 [ 0.00002977  0.00008646 -0.0003359 ]]
2023-01-19:16:16:29,847 INFO     [psi4.driver.task_planner:266] PLANNING Atomic:  keywords={'CART_HESS_READ': 0, 'GEOM_MAXITER': 500, 'SCF__GUESS': 'READ', 'OPTKING__INTRAFRAG_STEP_LIMIT': 1.0, 'SCF__INTS_TOLERANCE': 1e-12, 'MAXITER': 500, 'function_kwargs': {}}
2023-01-19:16:16:29,851 INFO     [psi4.driver.driver:617] Compute gradient(): method=scf, basis=cc-pvdz, molecule=default, nre=3021.881565482203
2023-01-19:16:17:30,211 INFO     [psi4.driver.driver:620] Return gradient(): -1459.825104061068
2023-01-19:16:17:30,213 INFO     [psi4.driver.driver:621] [[ 0.00126287  0.00096673  0.0017657 ]
 [-0.00001346 -0.00150387 -0.00221712]
 [-0.00314192 -0.00030904 -0.00151088]
 [-0.00004425 -0.00079619 -0.00190167]
 [ 0.00380803  0.00156095  0.00445114]
 [ 0.00005126  0.00011033 -0.00143797]
 [-0.00065082  0.00030935 -0.00058358]
 [ 0.00032424  0.00042515  0.00152511]
 [ 0.00201136  0.00115001 -0.00046123]
 [-0.00488217 -0.00167499 -0.00075431]
 [ 0.00571949  0.00041327 -0.00276568]
 [-0.00021395 -0.0024845   0.00160068]
 [-0.00086627 -0.00062041 -0.00020788]
 [ 0.00110746  0.00034686  0.00022903]
 [-0.00002844 -0.00043225  0.00041547]
 [-0.00014174 -0.00168394  0.00165421]
 [-0.00234533 -0.00112978  0.00109481]
 [ 0.00181042 -0.00063402 -0.00008613]
 [-0.00156861  0.00280141 -0.00061675]
 [-0.00341084  0.00347823  0.0001815 ]
 [ 0.00146258  0.00063949 -0.00026282]
 [-0.00089751 -0.00274319  0.00071137]
 [ 0.00091864  0.00078182 -0.00057406]
 [-0.00156893  0.00064378  0.00014318]
 [ 0.00062414 -0.00158107  0.00087755]
 [ 0.00044851 -0.00020537 -0.00094104]
 [-0.00103516  0.00120608 -0.00103677]
 [ 0.00017285 -0.0003629  -0.00024981]
 [-0.0013477  -0.00043478  0.0010996 ]
 [ 0.00052546 -0.00004639  0.00078709]
 [-0.00040842 -0.000461    0.00021788]
 [-0.0017063  -0.0001584  -0.0019625 ]
 [ 0.00068836  0.0001233   0.00005948]
 [-0.00007917 -0.00013076  0.00014013]
 [-0.00025096  0.00000071  0.00036608]
 [ 0.00000762  0.00023314 -0.00003132]
 [ 0.00248034  0.0006777   0.001904  ]
 [ 0.00240851 -0.00005312 -0.0024828 ]
 [-0.00184983  0.00031953  0.0023928 ]
 [ 0.00012568 -0.00027038  0.00008503]
 [ 0.00009546 -0.00011667 -0.00012186]
 [-0.00007006  0.00016207 -0.00023857]
 [ 0.00016994  0.00005483 -0.00011951]
 [ 0.00075462  0.00084815 -0.00063298]
 [-0.0002761   0.00064373 -0.00043476]
 [ 0.00003096 -0.00002338 -0.00007487]
 [-0.0000421  -0.00012703 -0.00002569]
 [-0.00015759  0.00011168  0.00015992]
 [ 0.00004601  0.00013999 -0.00009781]
 [-0.00005322 -0.00018667  0.00025944]
 [-0.00003887 -0.00016876 -0.000175  ]
 [-0.00054754 -0.000034    0.00007092]
 [ 0.00042018 -0.00010415 -0.00005273]
 [ 0.00016224  0.00032873 -0.00013404]]
2023-01-19:16:17:30,848 INFO     [psi4.driver.task_planner:266] PLANNING Atomic:  keywords={'CART_HESS_READ': 0, 'GEOM_MAXITER': 500, 'SCF__GUESS': 'READ', 'OPTKING__INTRAFRAG_STEP_LIMIT': 1.0, 'SCF__INTS_TOLERANCE': 1e-12, 'MAXITER': 500, 'function_kwargs': {}}
2023-01-19:16:17:30,851 INFO     [psi4.driver.driver:617] Compute gradient(): method=scf, basis=cc-pvdz, molecule=default, nre=3016.266098315472
2023-01-19:16:18:30,721 INFO     [psi4.driver.driver:620] Return gradient(): -1459.8262260087622
2023-01-19:16:18:30,723 INFO     [psi4.driver.driver:621] [[-0.00040534 -0.00259443  0.00035887]
 [ 0.00341797  0.00776138  0.00952033]
 [ 0.00088694 -0.00263814 -0.00417203]
 [ 0.00136964  0.00341018 -0.00311504]
 [-0.00173663 -0.00071597  0.00357815]
 [-0.0016671  -0.00081004  0.0003866 ]
 [-0.00384781 -0.00491118 -0.01159929]
 [-0.00179976 -0.00073821  0.00753613]
 [ 0.00055067 -0.00008895  0.00124728]
 [ 0.00012347 -0.00050511  0.00002894]
 [-0.00082145 -0.00155858  0.0030536 ]
 [-0.00203723  0.00320244 -0.00411067]
 [ 0.00051538 -0.00026559 -0.00240553]
 [-0.00036027  0.00032645  0.00235219]
 [ 0.00129472 -0.00013438 -0.00004706]
 [ 0.00103238 -0.00034325 -0.00026722]
 [ 0.00122995  0.00031763 -0.00215235]
 [ 0.00152104 -0.00101147 -0.00033225]
 [-0.00010265  0.00128082 -0.00135087]
 [-0.000592    0.00021     0.00134717]
 [ 0.00199605  0.00012417  0.00044524]
 [-0.00082827 -0.00171866  0.00170178]
 [ 0.00027449  0.00072524 -0.00280451]
 [-0.00164358  0.00037532 -0.00056734]
 [ 0.00078877 -0.00115998  0.00308479]
 [-0.00088106 -0.00008244  0.00050423]
 [ 0.00032618  0.00101644  0.00136565]
 [-0.00177056  0.00063412  0.0004281 ]
 [-0.00043926 -0.0012943  -0.0008022 ]
 [-0.0006146  -0.0009149  -0.00093706]
 [ 0.00136106 -0.0007292  -0.00081995]
 [-0.00040292  0.00013813 -0.00138473]
 [ 0.00005673  0.00000451  0.0019892 ]
 [ 0.00024781 -0.0003913   0.00020487]
 [ 0.00024901  0.00012117  0.00054469]
 [-0.00021525  0.00020317  0.00009473]
 [ 0.00123879  0.00030185  0.0007826 ]
 [ 0.00162345 -0.00036644 -0.00085697]
 [-0.00044181 -0.00011571  0.00068624]
 [-0.0002557  -0.00027708  0.00013077]
 [-0.00008562 -0.00039247  0.00022658]
 [-0.0001359   0.00003825 -0.00035201]
 [-0.00182149 -0.00020297  0.00040846]
 [ 0.00001418 -0.00066319 -0.00331142]
 [ 0.00012959  0.00242002  0.00031019]
 [ 0.000517   -0.00117352 -0.00107081]
 [ 0.00068829 -0.00194708 -0.00158223]
 [ 0.00047677 -0.00030751  0.00195949]
 [ 0.0007333   0.00215434 -0.00093992]
 [-0.00018975 -0.00013257  0.00008593]
 [-0.00012056  0.00074368 -0.00038953]
 [ 0.00046614  0.00032133  0.00049906]
 [-0.0007267   0.00185153  0.00071568]
 [ 0.00081348  0.00050246 -0.00020655]]
2023-01-19:16:18:31,508 INFO     [psi4.driver.task_planner:266] PLANNING Atomic:  keywords={'CART_HESS_READ': 0, 'GEOM_MAXITER': 500, 'SCF__GUESS': 'READ', 'OPTKING__INTRAFRAG_STEP_LIMIT': 1.0, 'SCF__INTS_TOLERANCE': 1e-12, 'MAXITER': 500, 'function_kwargs': {}}
2023-01-19:16:18:31,512 INFO     [psi4.driver.driver:617] Compute gradient(): method=scf, basis=cc-pvdz, molecule=default, nre=3022.9244755853074
2023-01-19:16:19:31,391 INFO     [psi4.driver.driver:620] Return gradient(): -1459.8274786073396
2023-01-19:16:19:31,392 INFO     [psi4.driver.driver:621] [[ 0.00034444  0.00342663 -0.00056929]
 [ 0.00394969 -0.00404096  0.00407026]
 [-0.00163687  0.00116893 -0.00039403]
 [ 0.00083522 -0.00560498 -0.0005699 ]
 [-0.00126816  0.00159801 -0.00104091]
 [-0.00087199  0.00020163  0.00034512]
 [-0.00294864 -0.00002097 -0.00509263]
 [-0.00042918  0.00229499  0.00198142]
 [-0.00102514  0.00040331  0.00008595]
 [ 0.00266695  0.00115673  0.00085324]
 [ 0.00020385 -0.0007083   0.00080568]
 [-0.00024262 -0.00315536 -0.00188233]
 [-0.00003587 -0.00002401 -0.00086503]
 [ 0.00008617  0.00026959  0.00089334]
 [ 0.00050255  0.00056917  0.00039381]
 [ 0.00001548  0.00111174  0.00022459]
 [ 0.00048184  0.00046523  0.00223862]
 [ 0.00071014 -0.00029596 -0.00073768]
 [ 0.00031639  0.00089946 -0.00018378]
 [-0.00201189  0.00114959  0.00036611]
 [ 0.00103745 -0.00032853  0.0000276 ]
 [-0.00033411 -0.00110636  0.00005402]
 [ 0.00051531  0.00150023  0.00069216]
 [-0.00037729  0.00021942  0.00035208]
 [ 0.00115027 -0.00118509 -0.00098997]
 [ 0.00017856  0.00044021 -0.00038571]
 [-0.00023757  0.0002714  -0.00007494]
 [-0.0009834   0.00035295  0.00059263]
 [-0.00108736 -0.0003369   0.00026097]
 [ 0.00013015 -0.0003949  -0.00067051]
 [ 0.00066871 -0.00028847 -0.0002125 ]
 [-0.00036802  0.00003515 -0.00112181]
 [-0.0002069  -0.00034913  0.00089743]
 [-0.0000387  -0.00006156  0.00009775]
 [ 0.0001783  -0.00013272 -0.00003955]
 [-0.00001965  0.00005273 -0.0000095 ]
 [ 0.0003668   0.00057387  0.00159076]
 [ 0.00069345 -0.00101371 -0.00125861]
 [-0.00027242  0.00003319  0.00080984]
 [-0.00034863 -0.00014075  0.00008037]
 [-0.00002027 -0.00019126  0.00026733]
 [-0.00010759  0.0001871  -0.00018508]
 [-0.00050932 -0.00012834  0.00016262]
 [-0.00055861 -0.00021072 -0.00104367]
 [ 0.00046913  0.00080709 -0.00000949]
 [ 0.00016591 -0.00049876 -0.00045968]
 [ 0.00020202 -0.00072329 -0.00069879]
 [ 0.00002554 -0.00016977  0.00079698]
 [ 0.00020028  0.00090017 -0.0003572 ]
 [-0.00023369 -0.0003329  -0.00000321]
 [ 0.00009746  0.0003139  -0.00033732]
 [ 0.00006208  0.00011422  0.00024694]
 [-0.00042843  0.00075945  0.00022888]
 [ 0.00034816  0.00016766 -0.00022338]]
2023-01-19:16:19:31,906 INFO     [psi4.driver.task_planner:266] PLANNING Atomic:  keywords={'CART_HESS_READ': 0, 'GEOM_MAXITER': 500, 'SCF__GUESS': 'READ', 'OPTKING__INTRAFRAG_STEP_LIMIT': 1.0, 'SCF__INTS_TOLERANCE': 1e-12, 'MAXITER': 500, 'function_kwargs': {}}
2023-01-19:16:19:31,909 INFO     [psi4.driver.driver:617] Compute gradient(): method=scf, basis=cc-pvdz, molecule=default, nre=3027.7134109192357
2023-01-19:16:20:32,475 INFO     [psi4.driver.driver:620] Return gradient(): -1459.8280727197932
2023-01-19:16:20:32,477 INFO     [psi4.driver.driver:621] [[ 0.00202625 -0.00238949  0.00106079]
 [-0.00333141  0.00245069 -0.00448205]
 [ 0.00046796  0.00017786  0.00389485]
 [-0.00439695  0.00479324 -0.00114266]
 [ 0.00013144 -0.00352316 -0.00433084]
 [ 0.00073378 -0.00008669  0.00035645]
 [ 0.00290437  0.00110698  0.00525255]
 [ 0.00129327 -0.00264675 -0.00225551]
 [ 0.0001127  -0.00035005 -0.00091547]
 [ 0.00310279  0.00131634  0.00088941]
 [ 0.00006825 -0.00037541 -0.00108234]
 [ 0.00009505 -0.00299503 -0.00010025]
 [ 0.00006649  0.00042917  0.00071752]
 [-0.0002071  -0.00036364 -0.0008195 ]
 [-0.00020589  0.00034474  0.00023667]
 [-0.00102567  0.00140391  0.00020676]
 [-0.00000771 -0.00049582  0.00166218]
 [-0.00057314  0.00025534  0.0000054 ]
 [ 0.0005786  -0.00024659  0.00012971]
 [-0.00164131  0.00121999  0.00007637]
 [-0.00035982 -0.00014721 -0.00017604]
 [-0.00006893  0.00022613 -0.00078742]
 [ 0.000134    0.00131212  0.0013428 ]
 [ 0.00076448 -0.00025239  0.00067133]
 [ 0.0001695  -0.00044831 -0.00100105]
 [ 0.00126713  0.00045658 -0.00106523]
 [-0.00086301 -0.00001407 -0.00177719]
 [ 0.00070192 -0.00021416  0.00054354]
 [-0.00126767  0.00052441  0.00087628]
 [ 0.00096971  0.00011707  0.00083624]
 [-0.00076147 -0.00003175  0.00058092]
 [-0.00055461 -0.00026154 -0.0001745 ]
 [ 0.00039726 -0.00023741 -0.00086696]
 [-0.00025897  0.00023154 -0.00006213]
 [-0.00011831 -0.00006444 -0.00007381]
 [ 0.00016974 -0.00005285 -0.00000654]
 [ 0.00015832  0.00064746  0.0008328 ]
 [ 0.0000025  -0.00081913 -0.00079924]
 [-0.00017422  0.00015836  0.00076922]
 [-0.00028956 -0.00022363 -0.00003976]
 [ 0.00003724  0.00007849  0.00024828]
 [-0.0000884   0.00034685 -0.00003615]
 [ 0.00124314  0.00036508 -0.00014258]
 [ 0.00020356  0.00047627  0.00128799]
 [ 0.00024358 -0.00127887  0.0003295 ]
 [-0.00040458  0.0004519   0.0003467 ]
 [-0.00058367  0.0007169   0.00067336]
 [-0.00052999  0.0002845  -0.00069522]
 [-0.00032097 -0.00092097  0.00022874]
 [-0.00006377 -0.00041716 -0.00004246]
 [ 0.00036112 -0.00027758 -0.00039327]
 [-0.00075087 -0.0000325  -0.00014364]
 [ 0.00052796 -0.00075153 -0.00057893]
 [-0.00008411  0.00002623 -0.00006561]]
2023-01-19:16:20:33,6 INFO     [psi4.driver.task_planner:266] PLANNING Atomic:  keywords={'CART_HESS_READ': 0, 'GEOM_MAXITER': 500, 'SCF__GUESS': 'READ', 'OPTKING__INTRAFRAG_STEP_LIMIT': 1.0, 'SCF__INTS_TOLERANCE': 1e-12, 'MAXITER': 500, 'function_kwargs': {}}
2023-01-19:16:20:33,9 INFO     [psi4.driver.driver:617] Compute gradient(): method=scf, basis=cc-pvdz, molecule=default, nre=3024.5740742869393
2023-01-19:16:21:31,655 INFO     [psi4.driver.driver:620] Return gradient(): -1459.8285510964172
2023-01-19:16:21:31,656 INFO     [psi4.driver.driver:621] [[-0.000763    0.00048321  0.00002919]
 [-0.00161984 -0.00210213 -0.00289571]
 [ 0.00000661  0.00176634  0.00361808]
 [ 0.00012627 -0.00150197  0.00116307]
 [-0.00076065 -0.00119484 -0.00346995]
 [ 0.00072793  0.00033141  0.00002542]
 [ 0.0024841   0.00286109  0.00489507]
 [-0.0002784  -0.00037513 -0.00273238]
 [ 0.00220842 -0.00051535 -0.00072107]
 [ 0.00107836  0.00056342  0.00024124]
 [-0.0008107  -0.0004743   0.00076575]
 [-0.0022803   0.00209368 -0.00095007]
 [ 0.00025955  0.00042669  0.00089842]
 [-0.00051774 -0.00049252 -0.00101505]
 [-0.00018718 -0.00051247 -0.00025942]
 [-0.00080187  0.00055908 -0.00003463]
 [ 0.00056767 -0.00154654 -0.00302648]
 [-0.00114543  0.00002293  0.0004361 ]
 [ 0.00048533 -0.0012483  -0.00033642]
 [ 0.00119985 -0.00016615  0.0008515 ]
 [-0.00077721  0.00032276  0.00022784]
 [ 0.00016095  0.00138501  0.00027926]
 [-0.00013872 -0.00068116 -0.00276372]
 [ 0.00010939 -0.00038452 -0.00009262]
 [-0.00100559  0.00064606  0.00267499]
 [ 0.00017271 -0.00046186 -0.00028637]
 [-0.00013203  0.0003935   0.0000172 ]
 [ 0.00101944 -0.00003881 -0.00017654]
 [-0.00031558  0.00016345 -0.00028971]
 [ 0.00084436 -0.00010338  0.00122804]
 [-0.0011219  -0.00013555  0.00006193]
 [-0.00046618 -0.00003424  0.00013959]
 [ 0.0003629  -0.00003918 -0.00073521]
 [-0.00002837  0.00010548 -0.00010205]
 [-0.0001929   0.00017694  0.00022377]
 [ 0.00006096 -0.00001822  0.00003878]
 [ 0.00048124 -0.00024472 -0.00062369]
 [ 0.00016926  0.00058412  0.000715  ]
 [ 0.00016787  0.00012488  0.00012847]
 [-0.00004873 -0.00030007  0.00008974]
 [ 0.00002055  0.00011702  0.00021426]
 [-0.0000383   0.00024981 -0.00006716]
 [ 0.00109482  0.00027531 -0.00022477]
 [ 0.00095344  0.00021544  0.00101616]
 [-0.00028109 -0.00113737  0.00078524]
 [-0.00028225  0.00049273  0.00031313]
 [-0.00046394  0.00068972  0.00072592]
 [-0.00038886  0.00031291 -0.00075022]
 [-0.00025017 -0.00100659  0.00022341]
 [ 0.00027146  0.00005543  0.00009457]
 [ 0.00014221 -0.00026695 -0.00010136]
 [-0.00046733  0.00008371 -0.00021838]
 [ 0.00053328 -0.00059041 -0.00037865]
 [-0.0001447   0.00007063  0.00013047]]
2023-01-19:16:21:32,261 INFO     [psi4.driver.task_planner:266] PLANNING Atomic:  keywords={'CART_HESS_READ': 0, 'GEOM_MAXITER': 500, 'SCF__GUESS': 'READ', 'OPTKING__INTRAFRAG_STEP_LIMIT': 1.0, 'SCF__INTS_TOLERANCE': 1e-12, 'MAXITER': 500, 'function_kwargs': {}}
2023-01-19:16:21:32,271 INFO     [psi4.driver.driver:617] Compute gradient(): method=scf, basis=cc-pvdz, molecule=default, nre=3023.715559389973
2023-01-19:16:22:31,597 INFO     [psi4.driver.driver:620] Return gradient(): -1459.828284828944
2023-01-19:16:22:31,599 INFO     [psi4.driver.driver:621] [[-0.00309255 -0.00087073  0.00010217]
 [ 0.0037147   0.00299646  0.00371255]
 [-0.00085238 -0.00086842 -0.00148629]
 [ 0.00333902 -0.00083985 -0.00352606]
 [-0.00195147  0.00032351  0.00270724]
 [-0.00224391 -0.0006098   0.0009071 ]
 [-0.00603816 -0.00678474 -0.00996057]
 [-0.0017146   0.00434287  0.01128075]
 [ 0.00097851 -0.00071157 -0.00217833]
 [ 0.00159467  0.00134097  0.00109046]
 [ 0.00131351  0.00158762  0.00249649]
 [ 0.00151647 -0.00085671 -0.00315806]
 [-0.00066184 -0.00189245 -0.00354114]
 [ 0.00043771  0.00174494  0.00372213]
 [ 0.00262206  0.00101706  0.00029317]
 [ 0.00130058 -0.00181294  0.0014366 ]
 [-0.00042008  0.00055409  0.00084819]
 [-0.00058197  0.0003814  -0.00042956]
 [ 0.00045907 -0.00068384  0.00011571]
 [ 0.00071547 -0.00040072  0.00007896]
 [-0.00122267 -0.00027063 -0.00021768]
 [ 0.000909    0.00106612 -0.00015699]
 [-0.00011172 -0.00031194 -0.00074349]
 [-0.00005129 -0.0001326  -0.00038055]
 [-0.00048605 -0.00004037  0.00059558]
 [-0.00174989 -0.00029916  0.00003554]
 [ 0.00064916  0.0006286   0.00193505]
 [-0.00093239  0.00039898 -0.00042662]
 [ 0.00115809 -0.00077442 -0.00105323]
 [-0.0004147  -0.0009652  -0.00088027]
 [ 0.00111014 -0.00043912 -0.00070662]
 [-0.00029134  0.00004325 -0.00003363]
 [-0.00057448 -0.0000572   0.00187721]
 [-0.0000181  -0.00032287  0.00013462]
 [-0.00069768 -0.00025721  0.0001719 ]
 [ 0.00009016  0.0001801   0.00009719]
 [ 0.0006113   0.00041342 -0.00012374]
 [ 0.0002208  -0.00004173  0.0003835 ]
 [ 0.00082328  0.00016103 -0.00077725]
 [-0.00096038  0.00041321 -0.00073031]
 [-0.00080386 -0.00146466  0.0007017 ]
 [ 0.00051781  0.00008766 -0.00061815]
 [-0.00094477 -0.00043698  0.00018461]
 [-0.00087899 -0.00160759 -0.00353531]
 [ 0.00093274  0.00323301 -0.00106945]
 [ 0.00066053 -0.00068456 -0.00101631]
 [ 0.00071157 -0.00087805 -0.00126379]
 [ 0.00027158 -0.00041948  0.00109885]
 [ 0.00060153  0.00160329 -0.00017363]
 [-0.00031842 -0.0001423   0.00019057]
 [-0.00010309  0.0011663   0.00006829]
 [ 0.00045059  0.00016796  0.00080849]
 [-0.00071199  0.00158846  0.00100534]
 [ 0.00111873  0.00043755  0.00010707]]
2023-01-19:16:22:32,348 INFO     [psi4.driver.task_planner:266] PLANNING Atomic:  keywords={'CART_HESS_READ': 0, 'GEOM_MAXITER': 500, 'SCF__GUESS': 'READ', 'OPTKING__INTRAFRAG_STEP_LIMIT': 1.0, 'SCF__INTS_TOLERANCE': 1e-12, 'MAXITER': 500, 'function_kwargs': {}}
2023-01-19:16:22:32,352 INFO     [psi4.driver.driver:617] Compute gradient(): method=scf, basis=cc-pvdz, molecule=default, nre=3028.1914148937594
2023-01-19:16:23:29,734 INFO     [psi4.driver.driver:620] Return gradient(): -1459.8289863907128
2023-01-19:16:23:29,735 INFO     [psi4.driver.driver:621] [[-0.00025824  0.0001591   0.00000333]
 [-0.00006373 -0.00043872 -0.00002707]
 [-0.00020262  0.00035293  0.00122005]
 [ 0.00045863  0.00010011  0.00004   ]
 [-0.00071459 -0.0003923  -0.00021616]
 [ 0.00002443  0.00001575  0.00008384]
 [-0.00012298 -0.00017249 -0.0005847 ]
 [-0.00013403  0.00027953  0.00066678]
 [ 0.00142747  0.00036716 -0.00068032]
 [ 0.00056558  0.00000452 -0.00036433]
 [-0.00029709  0.00025597  0.00088024]
 [-0.00078441 -0.00003557 -0.00080084]
 [ 0.00003977 -0.00004993 -0.00001397]
 [-0.00017957 -0.00002881  0.00011079]
 [ 0.00014276 -0.00023822 -0.00028891]
 [-0.00002719 -0.00026681  0.00017336]
 [ 0.00010551  0.00077742  0.00043885]
 [-0.00077143  0.00007187 -0.00031973]
 [ 0.00038783 -0.00071915  0.00040753]
 [ 0.0008143  -0.00061059  0.00006499]
 [-0.00067054 -0.00004849 -0.00023575]
 [ 0.00051832  0.00075581 -0.00041333]
 [-0.00004408  0.00010156  0.00052184]
 [ 0.00010276 -0.00017887 -0.00008434]
 [ 0.00014094  0.00012358 -0.00045461]
 [-0.00040722  0.00003475 -0.00002025]
 [ 0.00018921 -0.00016786  0.00049051]
 [-0.00020242  0.00033718 -0.00025727]
 [ 0.00005059 -0.00000209 -0.00005416]
 [ 0.00003767 -0.00014996 -0.00006648]
 [-0.00000873 -0.00010044 -0.00041085]
 [-0.0001705   0.00000766 -0.00036467]
 [-0.00030453 -0.00006979  0.00030003]
 [ 0.00008498 -0.00005578  0.00005881]
 [-0.00011059  0.00010403  0.00015607]
 [ 0.000016    0.00001775  0.00012411]
 [ 0.00005711 -0.00001634  0.00038375]
 [ 0.00014794 -0.00031648 -0.00008842]
 [ 0.00019631  0.00012378 -0.00023493]
 [-0.00004046 -0.00009399  0.00012109]
 [-0.0000825  -0.00017057  0.00012495]
 [-0.00006155  0.00005623 -0.00003427]
 [-0.00005739 -0.00016387 -0.00005695]
 [-0.00003929 -0.00003791 -0.00053844]
 [ 0.00000618  0.00006926 -0.00008566]
 [ 0.00009611 -0.00011    -0.00012638]
 [ 0.00013109 -0.00010388 -0.00014854]
 [ 0.00009322 -0.00008818  0.00011695]
 [-0.00000205  0.00011575 -0.00003424]
 [ 0.00005833  0.00004489  0.0000365 ]
 [-0.00006805  0.00020169  0.00007105]
 [ 0.00029293  0.00012451  0.00009591]
 [-0.00022801  0.00028721  0.0002263 ]
 [-0.00013219 -0.00006297  0.00008794]]
2023-01-19:16:23:30,184 INFO     [psi4.driver.task_planner:266] PLANNING Atomic:  keywords={'CART_HESS_READ': 0, 'GEOM_MAXITER': 500, 'SCF__GUESS': 'READ', 'OPTKING__INTRAFRAG_STEP_LIMIT': 1.0, 'SCF__INTS_TOLERANCE': 1e-12, 'MAXITER': 500, 'function_kwargs': {}}
2023-01-19:16:23:30,188 INFO     [psi4.driver.driver:617] Compute gradient(): method=scf, basis=cc-pvdz, molecule=default, nre=3029.9460312571928
2023-01-19:16:24:27,550 INFO     [psi4.driver.driver:620] Return gradient(): -1459.8290405115092
2023-01-19:16:24:27,552 INFO     [psi4.driver.driver:621] [[-0.000008   -0.00006415 -0.00026398]
 [ 0.00010692  0.00062602  0.00029209]
 [ 0.00021083 -0.00009858 -0.00001094]
 [ 0.00042711  0.00003292  0.00044417]
 [-0.00050823 -0.00004088 -0.00000614]
 [-0.00006669 -0.00003378  0.0000981 ]
 [-0.00040459 -0.00072001 -0.00073363]
 [ 0.00000777  0.0001876   0.0001048 ]
 [-0.00018553  0.00022856 -0.00013956]
 [ 0.00066384  0.0002795  -0.00035174]
 [-0.00028072  0.00015792  0.00059713]
 [ 0.00035569 -0.00136521  0.00009362]
 [-0.00008945 -0.00006194 -0.00013099]
 [ 0.00001291  0.00006054  0.00018483]
 [-0.00008082  0.00013679 -0.00003224]
 [-0.00003541  0.00032735  0.00012582]
 [ 0.00017109  0.00096866 -0.00010262]
 [-0.00044406 -0.00011383 -0.00019022]
 [ 0.00038123 -0.00050051  0.00002082]
 [ 0.00013388 -0.00055135  0.00037363]
 [-0.00064821  0.00002944  0.00009276]
 [ 0.00019772  0.00052803  0.0001047 ]
 [ 0.00008919 -0.00011269 -0.00100001]
 [ 0.00034557 -0.00022829  0.00043876]
 [-0.00006879  0.00036112  0.00063398]
 [-0.00009883  0.00046956 -0.00022562]
 [-0.00017634  0.00019915 -0.00044114]
 [-0.00012779 -0.00048431  0.00056156]
 [ 0.00010173 -0.0000901   0.00007   ]
 [-0.00008923  0.00004652 -0.0001314 ]
 [ 0.00010955 -0.00003241  0.00008256]
 [-0.00003704 -0.00002914  0.00003338]
 [ 0.00008442  0.00023074 -0.00011263]
 [ 0.00004814 -0.00001924 -0.00005282]
 [-0.00005436  0.00003932 -0.00013611]
 [ 0.0000339  -0.00003451  0.00005601]
 [ 0.00015489 -0.00026163  0.00003497]
 [-0.00004975  0.00002666  0.00036024]
 [-0.00010405  0.00001249 -0.00020235]
 [ 0.00003515 -0.00010378  0.00003103]
 [-0.00006211 -0.00001693  0.00008895]
 [-0.00000299  0.00008448  0.00007555]
 [-0.0002366   0.00013127 -0.00000529]
 [-0.00010371 -0.00011152 -0.00007403]
 [ 0.00007207  0.00010819 -0.00028001]
 [ 0.00002482 -0.0000467  -0.00007304]
 [ 0.00007281 -0.00011736 -0.00018694]
 [ 0.00003387 -0.00009392  0.00019944]
 [ 0.00008136  0.00020643  0.000033  ]
 [-0.00011992 -0.00020549 -0.00013174]
 [ 0.00006706  0.00008142 -0.00012065]
 [-0.00010269 -0.00005351 -0.00002399]
 [ 0.00009037  0.00006384 -0.00007642]
 [ 0.00007203 -0.00003277  0.00000438]]
2023-01-19:16:24:28,286 INFO     [psi4.driver.task_planner:266] PLANNING Atomic:  keywords={'CART_HESS_READ': 0, 'GEOM_MAXITER': 500, 'SCF__GUESS': 'READ', 'OPTKING__INTRAFRAG_STEP_LIMIT': 1.0, 'SCF__INTS_TOLERANCE': 1e-12, 'MAXITER': 500, 'function_kwargs': {}}
2023-01-19:16:24:28,289 INFO     [psi4.driver.driver:617] Compute gradient(): method=scf, basis=cc-pvdz, molecule=default, nre=3029.511209191169
2023-01-19:16:25:25,547 INFO     [psi4.driver.driver:620] Return gradient(): -1459.8290616935858
2023-01-19:16:25:25,548 INFO     [psi4.driver.driver:621] [[ 0.00014425 -0.00010046 -0.00026938]
 [ 0.00018936 -0.00021769  0.00026456]
 [-0.00016324  0.00002901 -0.00019614]
 [-0.00012733  0.00058705 -0.00019629]
 [ 0.00011429 -0.00012796  0.00014176]
 [-0.00002763 -0.00006414 -0.00000274]
 [-0.00028819 -0.00012767 -0.00030217]
 [ 0.00017663 -0.00014637  0.00009185]
 [-0.00035147 -0.00013847  0.00004275]
 [ 0.00031226  0.00009977  0.0000745 ]
 [-0.0000964   0.00020344  0.00055641]
 [-0.00015956  0.00014589 -0.00005058]
 [-0.00011584 -0.00009881 -0.00007371]
 [ 0.00008897  0.00009651  0.00007217]
 [-0.0000339   0.00009116  0.00014415]
 [ 0.00006345 -0.00012978 -0.00011509]
 [ 0.00039234  0.00055337 -0.00066067]
 [-0.00032406 -0.00011714  0.00022   ]
 [ 0.00010501 -0.00019932  0.00030084]
 [ 0.00032732 -0.00057592  0.000295  ]
 [-0.00045336 -0.00009183 -0.00007028]
 [ 0.0001394   0.00021707 -0.00045317]
 [-0.00008544  0.00050711  0.00104502]
 [ 0.00015858 -0.00014393 -0.0003533 ]
 [ 0.00007914 -0.00015826 -0.00036155]
 [ 0.00002345 -0.00025853  0.00019086]
 [-0.00002447 -0.00008984 -0.00013127]
 [ 0.00018657  0.00020125 -0.00009246]
 [ 0.00012965  0.00007461  0.00003903]
 [-0.0000484  -0.0000941   0.00005484]
 [ 0.00000501  0.00006657  0.00013804]
 [-0.00011329  0.00004301 -0.00005363]
 [ 0.00006185 -0.00007347  0.00002408]
 [ 0.00001784  0.00000911  0.00000019]
 [-0.00006694  0.0000033  -0.00007265]
 [ 0.00004186 -0.00001086 -0.0001007 ]
 [-0.00001114  0.00011281  0.00028261]
 [-0.0000703  -0.00018362 -0.00039014]
 [-0.00006848  0.00012164 -0.00001381]
 [-0.00009236  0.00007315 -0.00010474]
 [-0.00005312 -0.00010408  0.00007232]
 [ 0.00006866 -0.00000177  0.00002397]
 [-0.00006038  0.0000685  -0.00001393]
 [ 0.00001692 -0.0001308   0.0001509 ]
 [-0.00003813  0.00010581  0.00002722]
 [-0.0000099   0.00003332 -0.00000336]
 [-0.00000981  0.00000612 -0.0000011 ]
 [-0.0000004  -0.00000696  0.0000214 ]
 [ 0.00002831  0.00000894  0.00001581]
 [-0.00002305 -0.00006445 -0.00002652]
 [ 0.00002006  0.00002569 -0.00004339]
 [-0.00007057 -0.00000352 -0.00006104]
 [ 0.00000529  0.00004382 -0.00007902]
 [ 0.00009066 -0.00006827  0.00000254]]
2023-01-19:16:25:26,96 INFO     [psi4.driver.task_planner:266] PLANNING Atomic:  keywords={'CART_HESS_READ': 0, 'GEOM_MAXITER': 500, 'SCF__GUESS': 'READ', 'OPTKING__INTRAFRAG_STEP_LIMIT': 1.0, 'SCF__INTS_TOLERANCE': 1e-12, 'MAXITER': 500, 'function_kwargs': {}}
2023-01-19:16:25:26,99 INFO     [psi4.driver.driver:617] Compute gradient(): method=scf, basis=cc-pvdz, molecule=default, nre=3030.4071769582147
2023-01-19:16:26:21,504 INFO     [psi4.driver.driver:620] Return gradient(): -1459.8290724448568
2023-01-19:16:26:21,505 INFO     [psi4.driver.driver:621] [[-0.00011191 -0.00013145 -0.00010836]
 [-0.000152    0.00026532 -0.00008983]
 [ 0.00000586 -0.00009489 -0.00008132]
 [ 0.00009504 -0.00012335  0.00001641]
 [ 0.00006504  0.00002403  0.00001885]
 [-0.00000778 -0.00004487 -0.00001888]
 [ 0.00009822  0.00005198  0.000261  ]
 [-0.00003112 -0.00002212 -0.0001271 ]
 [-0.00012054 -0.00025661  0.00007453]
 [-0.00016994  0.00003785  0.00015649]
 [ 0.00018644 -0.00000343 -0.00019188]
 [ 0.0000853   0.0006824   0.0000343 ]
 [-0.000034   -0.00006087 -0.00001897]
 [ 0.00005389  0.00001669 -0.00001624]
 [ 0.00009908 -0.00001596  0.00009449]
 [ 0.0000633  -0.00060202 -0.00026021]
 [ 0.0001592   0.00055739  0.00017034]
 [-0.00017978 -0.00004338  0.00000191]
 [ 0.00011634 -0.00013962  0.00014589]
 [ 0.00003286 -0.00030843 -0.00010589]
 [-0.0002167  -0.00009958 -0.00005925]
 [ 0.00006339  0.00025255  0.00014596]
 [ 0.00010683 -0.00005773 -0.00049772]
 [-0.00012476 -0.00001805  0.00001992]
 [ 0.00004049  0.00000007 -0.00015712]
 [-0.00005421 -0.00004857  0.00020106]
 [-0.00007313 -0.00019795  0.00019724]
 [ 0.00023196  0.00025031 -0.0003263 ]
 [ 0.0000847  -0.00000676 -0.00012976]
 [ 0.00000676 -0.00007908  0.00000631]
 [-0.00005683  0.00013421 -0.00001254]
 [-0.00009933  0.00010609 -0.00014164]
 [-0.00007256 -0.00017614  0.00013001]
 [-0.00000841  0.00002637  0.0000269 ]
 [-0.00004196 -0.00000241 -0.00000714]
 [ 0.0000177   0.00002415 -0.00005296]
 [ 0.00008748 -0.00007642  0.00020342]
 [-0.00003938  0.00009303  0.00017079]
 [ 0.00003318 -0.00003804  0.00006536]
 [-0.00005595  0.00011438 -0.00005888]
 [-0.00001227 -0.00002988 -0.00000185]
 [ 0.00004086 -0.00005917 -0.00002816]
 [ 0.00007913 -0.00004322 -0.00003857]
 [ 0.00001607  0.00005949  0.0001121 ]
 [-0.00005646 -0.00004248  0.00015862]
 [-0.00001897  0.0000187   0.00003297]
 [-0.00004192  0.00006364  0.00010506]
 [ 0.00000615  0.00002871 -0.0000944 ]
 [-0.00004432 -0.00012293 -0.00000739]
 [ 0.00002804  0.00004947  0.00002371]
 [-0.00002543 -0.00002521  0.00002782]
 [ 0.00004483  0.0000438  -0.00000931]
 [-0.00010666  0.00012573  0.00001826]
 [ 0.00000811 -0.00005573  0.00002195]]
2023-01-19:16:26:21,937 INFO     [psi4.driver.task_planner:266] PLANNING Atomic:  keywords={'CART_HESS_READ': 0, 'GEOM_MAXITER': 500, 'SCF__GUESS': 'READ', 'OPTKING__INTRAFRAG_STEP_LIMIT': 0.25, 'SCF__INTS_TOLERANCE': 1e-12, 'MAXITER': 500, 'function_kwargs': {}}
2023-01-19:16:26:21,940 INFO     [psi4.driver.driver:617] Compute gradient(): method=scf, basis=cc-pvdz, molecule=default, nre=3029.894783632186
2023-01-19:16:27:17,644 INFO     [psi4.driver.driver:620] Return gradient(): -1459.82907925695
2023-01-19:16:27:17,646 INFO     [psi4.driver.driver:621] [[-0.00004347  0.00001437  0.00001318]
 [-0.00009526 -0.00002131  0.00001895]
 [-0.00000352 -0.00003517 -0.00001206]
 [-0.00003315 -0.00010663 -0.00005817]
 [ 0.00010992  0.00008892  0.00003762]
 [ 0.00003117 -0.00000871 -0.00002413]
 [ 0.00014767  0.00016329  0.00019433]
 [-0.00005029 -0.00000716 -0.00000487]
 [ 0.00005859  0.00006255 -0.00002136]
 [-0.00037902 -0.00013399  0.00010833]
 [ 0.00003709  0.00002696 -0.00028821]
 [ 0.00002405  0.00023604  0.00017007]
 [ 0.00005296  0.00002766  0.00004432]
 [-0.00000168 -0.00003908 -0.00006044]
 [ 0.00004748 -0.00005413 -0.00000629]
 [ 0.00002252 -0.00017925 -0.0002399 ]
 [ 0.0000871   0.00011295  0.0000252 ]
 [-0.00003966 -0.00001147 -0.00006866]
 [ 0.00004383 -0.00011271 -0.00019921]
 [ 0.0000885  -0.0001365  -0.0000716 ]
 [ 0.00004268 -0.00003986 -0.00002885]
 [ 0.00001389  0.00004381  0.00003202]
 [-0.00005931  0.00002942  0.00010559]
 [-0.0001689  -0.00011223 -0.00017447]
 [ 0.00002174  0.00020999  0.00070881]
 [ 0.00001643  0.00025057 -0.00009564]
 [-0.00013044  0.00004714  0.0000631 ]
 [ 0.00012022 -0.00021247 -0.00012949]
 [ 0.00011874 -0.00006304 -0.00006551]
 [-0.00001507  0.00001904 -0.00009118]
 [-0.00008509  0.00008821 -0.00004265]
 [-0.00006091 -0.00000028 -0.00015568]
 [-0.00013005  0.00000814  0.00008563]
 [ 0.00001524  0.00000709  0.00001628]
 [-0.00000799  0.00002278  0.00004628]
 [-0.0000162   0.00002073  0.00000605]
 [ 0.00012254 -0.00016955 -0.00007972]
 [ 0.00005908 -0.00006571 -0.00000286]
 [ 0.00006348 -0.00009404  0.00008988]
 [ 0.00000938  0.00005661  0.00001384]
 [ 0.00001951  0.00004005 -0.000055  ]
 [-0.00001805 -0.00005274 -0.0000218 ]
 [ 0.00008375 -0.00003859 -0.00003919]
 [ 0.00002138  0.0000479   0.00006743]
 [-0.00005398 -0.00000944  0.00007396]
 [ 0.00000246 -0.00000954  0.00002799]
 [-0.00001528  0.00003099  0.00006745]
 [ 0.00001539  0.00000453 -0.00007344]
 [-0.00004332 -0.00007478 -0.000006  ]
 [ 0.00001367  0.00004823  0.00002388]
 [-0.0000151  -0.00002572  0.00000981]
 [ 0.00005138  0.00002279  0.00001019]
 [-0.00004341  0.00009765  0.00003217]
 [-0.00005267 -0.00001427  0.00002403]]
2023-01-19:16:27:18,233 INFO     [psi4.driver.task_planner:266] PLANNING Atomic:  keywords={'CART_HESS_READ': 0, 'GEOM_MAXITER': 500, 'SCF__GUESS': 'READ', 'OPTKING__INTRAFRAG_STEP_LIMIT': 0.25, 'SCF__INTS_TOLERANCE': 1e-12, 'MAXITER': 500, 'function_kwargs': {}}
2023-01-19:16:27:18,236 INFO     [psi4.driver.driver:617] Compute gradient(): method=scf, basis=cc-pvdz, molecule=default, nre=3029.636373695114
2023-01-19:16:28:13,130 INFO     [psi4.driver.driver:620] Return gradient(): -1459.8290818842693
2023-01-19:16:28:13,132 INFO     [psi4.driver.driver:621] [[ 0.00008399  0.00014458  0.0001283 ]
 [-0.0000028  -0.00011498  0.0000423 ]
 [-0.00001879 -0.00003609 -0.00000849]
 [-0.00012676 -0.00012042 -0.00007777]
 [ 0.00015866  0.00018898  0.00005575]
 [ 0.00003943  0.00001745 -0.00001295]
 [ 0.00003995  0.00002857 -0.00004997]
 [-0.0000282   0.00006246  0.00012665]
 [ 0.00011779  0.00021776 -0.00001027]
 [-0.00029536 -0.00019627 -0.00002908]
 [-0.00011235  0.00000358 -0.00009553]
 [-0.00011177 -0.00024768  0.00014255]
 [ 0.00007883  0.00008387  0.00005797]
 [-0.00002644 -0.0000329  -0.00004747]
 [-0.0000247  -0.00002142 -0.00007803]
 [-0.00000251  0.00034073 -0.00005436]
 [-0.00002777 -0.00038756 -0.00020475]
 [ 0.00013505  0.00004314  0.00001452]
 [-0.00015328  0.00016438  0.00011488]
 [ 0.0000906   0.00006584  0.00000294]
 [ 0.00022475  0.00006436  0.0000485 ]
 [-0.00013114 -0.00009782  0.00023288]
 [ 0.00006705 -0.00019931 -0.00043242]
 [-0.00016061  0.00006923  0.00030955]
 [ 0.00020262 -0.00024893 -0.00048849]
 [ 0.00006097  0.00006474  0.00014257]
 [-0.00006161  0.00019524 -0.00014551]
 [ 0.00001512 -0.00035002  0.00003038]
 [ 0.00000843 -0.00001939  0.00000044]
 [-0.0000768   0.00008837 -0.00009172]
 [-0.00008347  0.00001863  0.00007153]
 [-0.00002009 -0.00012884 -0.00016159]
 [-0.00005442  0.00013699  0.00001104]
 [ 0.00002064 -0.00002402 -0.00000448]
 [ 0.00001682  0.00001982  0.00004861]
 [-0.00003009 -0.00000132  0.00005328]
 [ 0.00000752  0.00015906  0.0002636 ]
 [ 0.00002848  0.0000228   0.00015141]
 [ 0.00002732 -0.00007182  0.00003856]
 [ 0.00004398 -0.00001819  0.000056  ]
 [ 0.00004257  0.00007846 -0.00006692]
 [-0.0000523  -0.00001574  0.00000755]
 [ 0.00002009  0.00002865  0.00000034]
 [-0.00000171 -0.00001319 -0.00001617]
 [-0.00000892  0.00003409 -0.00006094]
 [ 0.00000948 -0.00001476  0.00000447]
 [ 0.00001694 -0.00002613 -0.00002439]
 [ 0.00001387 -0.00002351  0.00001138]
 [-0.00000328  0.00003321  0.00000712]
 [-0.00002128  0.00000919  0.00001365]
 [ 0.0000008   0.00002381 -0.00002759]
 [ 0.00001055 -0.00002069  0.00001024]
 [ 0.00006974 -0.00000338 -0.00002273]
 [-0.0000156   0.00002637  0.00001267]]
2023-01-19:16:28:13,688 INFO     [psi4.driver.task_planner:266] PLANNING Atomic:  keywords={'CART_HESS_READ': 0, 'GEOM_MAXITER': 500, 'SCF__GUESS': 'READ', 'OPTKING__INTRAFRAG_STEP_LIMIT': 0.0625, 'SCF__INTS_TOLERANCE': 1e-12, 'MAXITER': 500, 'function_kwargs': {}}
2023-01-19:16:28:13,691 INFO     [psi4.driver.driver:617] Compute gradient(): method=scf, basis=cc-pvdz, molecule=default, nre=3030.0362191812865
2023-01-19:16:29:08,412 INFO     [psi4.driver.driver:620] Return gradient(): -1459.8290857245959
2023-01-19:16:29:08,414 INFO     [psi4.driver.driver:621] [[ 0.00004475  0.00011467  0.00010857]
 [ 0.00003913  0.00005906 -0.00008086]
 [ 0.00001121 -0.00005986 -0.00008263]
 [-0.00001525 -0.00021639  0.00005851]
 [ 0.00009683  0.00017172  0.00001058]
 [-0.00000554  0.00001122  0.00000713]
 [-0.00005882 -0.00011265 -0.00009219]
 [-0.00001959  0.00009441  0.00002818]
 [-0.00000924 -0.00002995  0.00009977]
 [-0.00001127 -0.00004068 -0.00008393]
 [-0.00000823 -0.0000648   0.00004211]
 [-0.00005209 -0.00013036 -0.00004021]
 [ 0.0000111   0.00002493 -0.00000779]
 [ 0.00000052  0.00001936  0.00000721]
 [-0.00002116  0.00002183 -0.00003297]
 [ 0.0000051   0.00021513  0.00011321]
 [-0.00016362 -0.00027937  0.00011123]
 [ 0.00018892  0.00003499  0.00000258]
 [-0.00012122  0.00015359 -0.000132  ]
 [-0.00009124  0.00018106 -0.00004093]
 [ 0.00016128  0.00007758  0.00004532]
 [-0.00007623 -0.00016776 -0.00004689]
 [-0.00004537  0.00002074  0.00018386]
 [ 0.00008407  0.00002317 -0.00020674]
 [ 0.00000488 -0.0000369   0.00020985]
 [ 0.00002684 -0.00022724  0.00011865]
 [-0.00008866 -0.00001894 -0.00005354]
 [ 0.00004894  0.0000488  -0.00005834]
 [-0.00001386  0.00005911 -0.00000814]
 [-0.00009004 -0.00002071  0.00001276]
 [-0.00003127  0.0000278   0.00013599]
 [-0.00001124 -0.00001968 -0.0000879 ]
 [ 0.00005966  0.00001145  0.00001632]
 [-0.00000988 -0.00001374 -0.00001465]
 [ 0.0000093  -0.00001176 -0.00000428]
 [-0.00000669 -0.00001898  0.00003188]
 [ 0.00005534  0.00001401  0.0000141 ]
 [ 0.00004281  0.00002504 -0.0000758 ]
 [-0.00002478  0.0000145  -0.00001682]
 [ 0.00000504 -0.00002505  0.00000624]
 [ 0.0000188   0.00003421 -0.000012  ]
 [-0.00001912  0.00001355  0.00002096]
 [-0.00002895  0.00005146  0.00002526]
 [-0.00003172 -0.00001501 -0.00006985]
 [ 0.00004283 -0.00000953 -0.00006466]
 [ 0.00000315  0.00000343 -0.00001271]
 [ 0.00001319 -0.00003181 -0.00005111]
 [ 0.00000152 -0.00001429  0.0000497 ]
 [ 0.0000189   0.00005368  0.00001098]
 [-0.00001542 -0.0000141  -0.00001663]
 [-0.00000808  0.00004993 -0.00001263]
 [-0.00001222 -0.00001748 -0.00000642]
 [ 0.00005511 -0.0000414  -0.0000551 ]
 [ 0.00004158  0.00000803 -0.00000327]]
2023-01-19:16:29:09,42 INFO     [psi4.driver.task_planner:266] PLANNING Atomic:  keywords={'CART_HESS_READ': 0, 'GEOM_MAXITER': 500, 'SCF__GUESS': 'READ', 'OPTKING__INTRAFRAG_STEP_LIMIT': 0.0625, 'SCF__INTS_TOLERANCE': 1e-12, 'MAXITER': 500, 'function_kwargs': {}}
2023-01-19:16:29:09,46 INFO     [psi4.driver.driver:617] Compute gradient(): method=scf, basis=cc-pvdz, molecule=default, nre=3030.025380900752
2023-01-19:16:30:03,669 INFO     [psi4.driver.driver:620] Return gradient(): -1459.8290877701156
2023-01-19:16:30:03,671 INFO     [psi4.driver.driver:621] [[ 0.00000684  0.0000248   0.00005727]
 [ 0.00013787 -0.00008419 -0.0000153 ]
 [-0.00001515 -0.0000004  -0.00011352]
 [-0.00006718  0.00006243 -0.00006825]
 [ 0.00005824 -0.00000128  0.00003835]
 [-0.00002767  0.00000206  0.00001179]
 [-0.0000931  -0.00002694 -0.00006529]
 [ 0.00003055 -0.0000178   0.00002509]
 [-0.00010476 -0.00008317  0.00008427]
 [ 0.00011457  0.00002416 -0.0000113 ]
 [-0.00002539  0.00007803  0.00012636]
 [ 0.00000123  0.00000111 -0.00012177]
 [-0.00002598 -0.00002475 -0.00004066]
 [ 0.00001147  0.00003176  0.00003324]
 [ 0.00000005  0.0000141   0.00002019]
 [-0.00000876  0.00006148  0.00008806]
 [-0.00012379 -0.00017817  0.00011379]
 [ 0.00016069  0.00000159  0.00002557]
 [-0.00007422  0.00014017 -0.00002249]
 [-0.00004205  0.00010941 -0.00008854]
 [ 0.0000887   0.00004905  0.00001968]
 [-0.00007458 -0.00016536 -0.00003328]
 [-0.00007172  0.00006656  0.00007115]
 [ 0.00006088 -0.00000985  0.00003251]
 [ 0.00005946 -0.00002708 -0.00000309]
 [-0.00000237  0.0001327  -0.00010084]
 [-0.00008133 -0.00008931 -0.00003598]
 [ 0.00002101  0.00012234 -0.00003693]
 [ 0.00006767  0.00000978 -0.00000765]
 [-0.00001913 -0.00008498  0.0000429 ]
 [ 0.00001752  0.00003138  0.00003759]
 [-0.00001084  0.00001402 -0.00002363]
 [ 0.00004382 -0.00005448  0.00003007]
 [-0.00002385  0.00000054 -0.00000068]
 [-0.00000358 -0.00002274 -0.00001018]
 [ 0.00000658 -0.00001408 -0.00001757]
 [ 0.00004138 -0.00003631  0.0000903 ]
 [-0.0000059  -0.00002799 -0.00002228]
 [-0.00001388  0.00003114 -0.00002968]
 [-0.0000135  -0.00001129 -0.00002015]
 [-0.00002866 -0.0000255   0.00002725]
 [ 0.00001589  0.00001792  0.00001318]
 [-0.00002625  0.00000706  0.00001003]
 [-0.00000656 -0.00002632 -0.00004722]
 [ 0.00004398 -0.00001857  0.00000041]
 [ 0.0000019   0.00000628 -0.00000879]
 [ 0.00000257 -0.00000916 -0.00002354]
 [-0.00000358 -0.00000007  0.00002817]
 [ 0.00001419  0.00002076  0.0000013 ]
 [-0.00001399 -0.00002512 -0.0000207 ]
 [ 0.00000168  0.00002056 -0.00000575]
 [-0.00002249 -0.00000012 -0.00000431]
 [-0.00000158 -0.00000801 -0.00001858]
 [ 0.0000231  -0.00000815 -0.00001059]]
2023-01-19:16:30:04,232 INFO     [psi4.driver.task_planner:266] PLANNING Atomic:  keywords={'CART_HESS_READ': 0, 'GEOM_MAXITER': 500, 'SCF__GUESS': 'READ', 'OPTKING__INTRAFRAG_STEP_LIMIT': 0.0625, 'SCF__INTS_TOLERANCE': 1e-12, 'MAXITER': 500, 'function_kwargs': {}}
2023-01-19:16:30:04,235 INFO     [psi4.driver.driver:617] Compute gradient(): method=scf, basis=cc-pvdz, molecule=default, nre=3029.8855906266244
2023-01-19:16:30:57,587 INFO     [psi4.driver.driver:620] Return gradient(): -1459.8290891404722
2023-01-19:16:30:57,588 INFO     [psi4.driver.driver:621] [[-0.00003042 -0.00005563  0.00000488]
 [ 0.00000229  0.00005664 -0.00007075]
 [ 0.00001072 -0.00001702  0.00000469]
 [ 0.00002861  0.00001358 -0.00002136]
 [-0.0000693  -0.0000707  -0.00000344]
 [-0.00001104  0.00000223  0.00000187]
 [ 0.00002449  0.00002379  0.00007775]
 [ 0.00000166 -0.00001634 -0.00002724]
 [-0.00005107 -0.00001374 -0.00000126]
 [ 0.0000661   0.00006161  0.00002982]
 [-0.00005437  0.0001679   0.00005035]
 [ 0.00010135 -0.00005427 -0.00004024]
 [-0.00002126 -0.00002203 -0.00002449]
 [ 0.00000117 -0.00000376  0.0000171 ]
 [ 0.00001958 -0.0000086   0.00002039]
 [-0.00005208 -0.00000559 -0.00002856]
 [-0.00003185 -0.00004686  0.00005064]
 [ 0.00005061 -0.00001823  0.00003992]
 [-0.00002925  0.00008664 -0.00000463]
 [ 0.00003672  0.00000718 -0.00008561]
 [ 0.0000404  -0.00000897 -0.00001826]
 [-0.00000724 -0.00008741 -0.00000911]
 [-0.00001826  0.00004958  0.00010268]
 [-0.00000189 -0.00000302 -0.00005307]
 [ 0.00003081 -0.00002059 -0.00004755]
 [-0.00002712  0.00002604  0.00001692]
 [ 0.0000166  -0.00000492 -0.00001   ]
 [-0.00000164 -0.00000698  0.00003283]
 [ 0.00003511 -0.00002866  0.00000956]
 [ 0.00002508  0.0000129  -0.00001811]
 [ 0.00002524 -0.00000137 -0.0000486 ]
 [-0.00002818  0.00004521 -0.00001125]
 [-0.00001558 -0.00001848 -0.00000379]
 [-0.00001684  0.0000086   0.00000957]
 [-0.00000794 -0.00001235  0.00000864]
 [ 0.000004    0.00000534 -0.00003225]
 [ 0.00001076  0.00000069  0.00006013]
 [-0.00002172 -0.00002325 -0.00003073]
 [ 0.00001015  0.00003315 -0.00002625]
 [-0.0000197   0.0000099  -0.00001763]
 [-0.00002842 -0.00004201  0.00003179]
 [ 0.00002171  0.00000389 -0.00000566]
 [ 0.00000723 -0.00003079 -0.00001571]
 [ 0.00001702 -0.00000332  0.00001154]
 [ 0.0000196  -0.00002161  0.00003994]
 [-0.00000515  0.00000209  0.00000426]
 [-0.00000865  0.00001921  0.00002351]
 [-0.00000337  0.00000894 -0.00002025]
 [-0.00000413 -0.00002593 -0.00000587]
 [ 0.00001484  0.00000508  0.00000639]
 [ 0.00000524 -0.00002075  0.00000732]
 [-0.00000057  0.00001424 -0.00000484]
 [-0.00004071  0.0000337   0.00002867]
 [-0.00001934 -0.00000489 -0.00000464]]
2023-01-19:16:30:58,9 INFO     [psi4.driver.task_planner:266] PLANNING Atomic:  keywords={'CART_HESS_READ': 0, 'GEOM_MAXITER': 500, 'SCF__GUESS': 'READ', 'OPTKING__INTRAFRAG_STEP_LIMIT': 0.0625, 'SCF__INTS_TOLERANCE': 1e-12, 'MAXITER': 500, 'function_kwargs': {}}
2023-01-19:16:30:58,12 INFO     [psi4.driver.driver:617] Compute gradient(): method=scf, basis=cc-pvdz, molecule=default, nre=3029.7410261039504
2023-01-19:16:31:50,643 INFO     [psi4.driver.driver:620] Return gradient(): -1459.8290901092896
2023-01-19:16:31:50,645 INFO     [psi4.driver.driver:621] [[-0.00001887 -0.00003862 -0.00001806]
 [ 0.00000783 -0.00007912  0.00004407]
 [-0.00004486  0.00004956  0.0000871 ]
 [-0.00000864  0.00009563 -0.00006705]
 [-0.00007125 -0.0000921  -0.00001569]
 [ 0.00000764  0.00000447 -0.00001185]
 [ 0.00002513  0.00006704  0.00002695]
 [ 0.00001325 -0.00003177  0.0000161 ]
 [ 0.00007436  0.00003847 -0.00004539]
 [ 0.00002493  0.00000512  0.00000549]
 [-0.00002717  0.0000456   0.00003667]
 [-0.00001385  0.00000185 -0.00003978]
 [-0.00000193  0.00000103  0.00001581]
 [-0.00000927 -0.0000102  -0.00001362]
 [ 0.00002102  0.00000126 -0.00001826]
 [-0.00003607 -0.00000447 -0.00006541]
 [ 0.00002342  0.00002914  0.00003099]
 [-0.00001374 -0.00001434  0.00000233]
 [ 0.00001008 -0.00000591 -0.00003606]
 [ 0.00005799 -0.00005442 -0.00002307]
 [ 0.00001834 -0.00001817 -0.00000418]
 [ 0.00002473  0.00000805  0.00004541]
 [ 0.00002054 -0.00002552 -0.00004135]
 [-0.00004675 -0.00000209 -0.00001053]
 [-0.000012    0.00000098  0.00002499]
 [-0.00002133 -0.0000287   0.00004439]
 [ 0.00004584  0.00004252 -0.0000075 ]
 [-0.00003225 -0.00001748  0.00002804]
 [-0.00003031  0.00000323 -0.00000543]
 [ 0.00003299  0.00003492 -0.00000326]
 [ 0.00000687 -0.00004019 -0.00003927]
 [-0.00002817  0.0000094  -0.0000177 ]
 [-0.00001421  0.00000236 -0.00002267]
 [ 0.00000303  0.00000154  0.00000031]
 [-0.00000181  0.00000244  0.00000827]
 [-0.00000406  0.00001261 -0.00000013]
 [ 0.00001461  0.00001987  0.0000071 ]
 [ 0.00000026  0.00000231  0.00001418]
 [ 0.00002841 -0.00000241 -0.00000757]
 [-0.00000547  0.00000309  0.00000891]
 [-0.0000056  -0.00001117  0.00000775]
 [ 0.00000214 -0.00000444 -0.00001069]
 [ 0.00001066 -0.00001654 -0.00000827]
 [ 0.00000103  0.00001208  0.000027  ]
 [-0.00000584 -0.00000682  0.00002166]
 [-0.00000093  0.00000181  0.00000532]
 [-0.00000605  0.00001547  0.00002256]
 [-0.00000346  0.00001047 -0.00002234]
 [-0.00000245 -0.00002028 -0.00000201]
 [ 0.00000606  0.00001134  0.00001092]
 [ 0.00000258 -0.00001984 -0.0000036 ]
 [ 0.00000123  0.00000237 -0.00000073]
 [-0.00001012  0.00000221  0.00001838]
 [-0.00000852  0.00000638  0.00000075]]
2023-01-19:16:31:53,435 INFO     [psi4.driver.task_planner:266] PLANNING Atomic:  keywords={'GEOM_MAXITER': 500, 'SCF__INTS_TOLERANCE': 1e-12, 'MAXITER': 500, 'function_kwargs': {}}
2023-01-19:16:31:53,437 INFO     [psi4.driver.driver:774] Compute properties(): method=scf, basis=6-31g*, molecule=optimized, nre=3029.741026103967
2023-01-19:16:33:21,159 INFO     [psi4.driver.driver:777] Return properties(): -1459.7126506432162
2023-01-19:16:33:23,660 INFO     [psi4.driver.task_planner:266] PLANNING Atomic:  keywords={'GEOM_MAXITER': 500, 'SCF__INTS_TOLERANCE': 1e-12, 'MAXITER': 500, 'function_kwargs': {}}
2023-01-19:16:33:23,668 INFO     [psi4.driver.driver:774] Compute properties(): method=scf, basis=6-31g*, molecule=optimized, nre=3029.7410261039668
2023-01-19:16:35:06,38 INFO     [psi4.driver.driver:777] Return properties(): -1459.7126506482516
