Electrostatic potential parameters
    van der Waals radii (Angstrom):
                                      N   1.500
                                      C   1.500
                                      H   1.200
                                      O   1.400
    VDW scale factors:                1.40  1.60  1.80  2.00
    VDW point density:                1.000
    ESP method:                       scf
    ESP basis set:                    6-31g*

Grid information (see 1_optimized_grid.dat in Angstrom)
    Number of grid points:            2131

Quantum electrostatic potential (see 1_optimized_grid_esp.dat)

Constraints
    Charge constraints
        Total charge of   0.00000000 on the set   6
        Total charge of   0.00000000 on the set  54

Restraint
    Hyperbolic restraint to a charge of zero
    Hydrogen atoms are not restrained
    resp_a:                           0.0005
    resp_b:                           0.1000

Fit

Electrostatic Potential Charges
   Center  Symbol       ESP      RESP
      1    N       0.44213904  0.45289518
      2    C       0.09911925  0.07450549
      3    C      -0.00001975  0.00165606
      4    C       0.09352527  0.07419147
      5    C       0.00462553  0.03651916
      6    H       0.00000000  0.00000000
      7    O      -0.40765703 -0.39953279
      8    O      -0.40475928 -0.39817272
      9    C      -0.11564273 -0.06744234
     10    C      -0.01896325 -0.06842212
     11    C      -0.32144483 -0.21328181
     12    C       0.12961654 -0.04734334
     13    H       0.16961627  0.15947646
     14    H       0.15496770  0.16033033
     15    H       0.19760113  0.17111399
     16    C      -0.38347064 -0.06382984
     17    C       0.26815447  0.00973563
     18    C      -0.23203171 -0.10899146
     19    C      -0.06620457 -0.11495197
     20    C      -0.22149658 -0.09015294
     21    C      -0.04961409 -0.14830249
     22    C      -0.24056661 -0.07357355
     23    C       0.67887426  0.47571935
     24    N      -0.11631141  0.02629098
     25    C       0.58833145  0.47208521
     26    C      -0.26487105 -0.02237738
     27    C       0.09108452 -0.08865421
     28    C      -0.16197407  0.02488021
     29    C       0.39577240  0.04006284
     30    C      -0.65428333 -0.36159740
     31    C       0.39658914  0.09662920
     32    C      -0.00950566 -0.01867095
     33    N      -0.30818488 -0.31799562
     34    H       0.15338205  0.16694047
     35    H       0.15623039  0.13386047
     36    H       0.16191798  0.14790694
     37    O      -0.51674507 -0.49129838
     38    O      -0.52847449 -0.47860988
     39    C      -0.39032988 -0.16095181
     40    H       0.09988518  0.05529016
     41    H       0.11424178  0.06902873
     42    H       0.10293321  0.05328441
     43    C      -0.48482363 -0.24421378
     44    H       0.12388651  0.06350551
     45    H       0.16426323  0.09343392
     46    H       0.27770938  0.23252187
     47    H       0.07716375  0.02088393
     48    H       0.16670009  0.11477089
     49    H       0.23201424  0.18164724
     50    H       0.06129675  0.06945605
     51    H       0.02286132  0.02901696
     52    H      -0.06409736 -0.05894451
     53    H       0.33696904  0.32967221
     54    H       0.00000000  0.00000000
Total Charge:      0.00000000 -0.00000000
