Electrostatic potential parameters
    van der Waals radii (Angstrom):
                                      N   1.500
                                      C   1.500
                                      H   1.200
                                      O   1.400
                                      F   1.350
    VDW scale factors:                1.40  1.60  1.80  2.00
    VDW point density:                1.000
    ESP method:                       scf
    ESP basis set:                    6-31g*

Grid information (see 1_optimized_grid.dat in Angstrom)
    Number of grid points:            2487

Quantum electrostatic potential (see 1_optimized_grid_esp.dat)

Constraints
    Charge constraints
        Total charge of   0.00000000 on the set   6
        Total charge of   0.00000000 on the set  52

Restraint
    Hyperbolic restraint to a charge of zero
    Hydrogen atoms are not restrained
    resp_a:                           0.0005
    resp_b:                           0.1000

Fit

Electrostatic Potential Charges
   Center  Symbol       ESP      RESP
      1    N       0.47313024  0.47878068
      2    C       0.11593708  0.05180785
      3    C      -0.19644084 -0.01534185
      4    C       0.03458319  0.05280240
      5    C       0.17033299  0.05852511
      6    H       0.00000000  0.00000000
      7    O      -0.39798277 -0.38139536
      8    O      -0.38789899 -0.38727896
      9    C       0.16118346 -0.00300735
     10    C      -0.10809387 -0.04277022
     11    C      -0.17924926 -0.20329813
     12    C      -0.08827451 -0.05701380
     13    H       0.13927616  0.15873590
     14    H       0.16498992  0.15557444
     15    H       0.18679966  0.17283521
     16    C      -0.51115504 -0.11434794
     17    C       0.68646576  0.39499296
     18    F      -0.20003532 -0.12891833
     19    F      -0.18073170 -0.12013958
     20    F      -0.19265896 -0.12867132
     21    C       0.69888280  0.32922506
     22    F      -0.18336138 -0.10840034
     23    F      -0.19196869 -0.10772019
     24    F      -0.18082236 -0.09810522
     25    C       0.19771031 -0.04355967
     26    C      -0.16093865 -0.06100537
     27    C      -0.07952923 -0.03658588
     28    C      -0.12118405 -0.07305397
     29    C      -0.14835624 -0.12946073
     30    C      -0.12021107 -0.05543325
     31    C       0.74484743  0.49744310
     32    N      -0.54650090 -0.09128266
     33    C       0.69322845  0.44246083
     34    C       0.44780663  0.05682117
     35    C      -0.32935872 -0.17520184
     36    C      -0.09773614 -0.08646311
     37    C      -0.30442939 -0.12082326
     38    C      -0.06828046 -0.14776356
     39    C      -0.16367802 -0.09134755
     40    C       0.84689466  0.72331119
     41    H       0.17139697  0.16272957
     42    H       0.16443813  0.14473573
     43    H       0.16023516  0.13852609
     44    O      -0.51829074 -0.45287796
     45    O      -0.54067015 -0.47838294
     46    H       0.13902459  0.14723001
     47    H       0.21076576  0.16178159
     48    H       0.19611453  0.15027859
     49    H       0.16290219  0.14232053
     50    O      -0.60495185 -0.56464555
     51    O      -0.40398947 -0.34477296
     52    C       0.00000000  0.00000000
     53    C      -0.10734306 -0.03870254
     54    H       0.09938671  0.09044588
     55    H       0.07516466  0.07063935
     56    H       0.03524410  0.01829821
     57    H       0.04717904  0.03261744
     58    C       0.46252984  0.36405938
     59    H      -0.06795923 -0.04933451
     60    O      -0.74863872 -0.72623011
     61    H       0.01108005  0.03377181
     62    H       0.43318934  0.43258591
Total Charge:     -0.00000000  0.00000000
