2023-01-17:10:40:35,741 INFO     [psi4.driver.task_planner:266] PLANNING Atomic:  keywords={'function_kwargs': {}}
2023-01-17:10:40:35,750 INFO     [psi4.driver.driver:499] Compute energy(): method=scf, basis=cc-pvdz, molecule=default, nre=429.66410786253766
2023-01-17:10:40:39,743 INFO     [psi4.driver.driver:502] Return energy(): -383.65568050285935
2023-01-17:10:40:39,814 INFO     [psi4.driver.task_planner:266] PLANNING Atomic:  keywords={'SCF__INTS_TOLERANCE': 1e-12, 'function_kwargs': {}}
2023-01-17:10:40:39,817 INFO     [psi4.driver.driver:617] Compute gradient(): method=scf, basis=cc-pvdz, molecule=default, nre=429.66410786253766
2023-01-17:10:40:44,451 INFO     [psi4.driver.driver:620] Return gradient(): -383.65568053043575
2023-01-17:10:40:44,452 INFO     [psi4.driver.driver:621] [[-0.00806693  0.00068925 -0.00676034]
 [ 0.012042   -0.00100432  0.00963413]
 [-0.00796616 -0.00060255  0.01732299]
 [-0.00332336  0.00017481 -0.00073664]
 [-0.00476977  0.00023564 -0.00075796]
 [-0.00027816  0.0000187  -0.00014166]
 [-0.00859756  0.00137932 -0.01924851]
 [-0.00380269  0.0001248   0.0005617 ]
 [ 0.00286717 -0.00003374 -0.00158137]
 [-0.00914015 -0.00012078  0.00933183]
 [ 0.02367272  0.00052538 -0.02786859]
 [-0.02485052  0.00039414  0.01156196]
 [-0.00792943  0.00097668 -0.01223645]
 [ 0.00359277 -0.01296618  0.00130033]
 [ 0.0046244   0.01241545  0.0026572 ]
 [-0.00964051 -0.00026315  0.01226499]
 [ 0.00416791  0.01072001 -0.00253725]
 [ 0.00329529 -0.01069087 -0.00368232]
 [ 0.03410299 -0.00197259  0.01091597]]
2023-01-17:10:40:44,689 INFO     [psi4.driver.task_planner:266] PLANNING Atomic:  keywords={'CART_HESS_READ': 0, 'SCF__GUESS': 'READ', 'SCF__INTS_TOLERANCE': 1e-12, 'function_kwargs': {}}
2023-01-17:10:40:44,692 INFO     [psi4.driver.driver:617] Compute gradient(): method=scf, basis=cc-pvdz, molecule=default, nre=433.8145506801401
2023-01-17:10:40:47,923 INFO     [psi4.driver.driver:620] Return gradient(): -383.66527209042624
2023-01-17:10:40:47,924 INFO     [psi4.driver.driver:621] [[ 0.00049797 -0.0001263   0.00198066]
 [-0.0028978   0.00031541 -0.00368381]
 [ 0.00215063 -0.00013456  0.00087409]
 [-0.00011614  0.00004365 -0.000727  ]
 [ 0.00207314 -0.00002549 -0.00109954]
 [-0.00048391  0.00001637  0.00006101]
 [-0.00011477 -0.00007176  0.00143091]
 [ 0.00061523 -0.00007148  0.00086821]
 [ 0.00341171 -0.00053494  0.00740042]
 [ 0.00127497  0.00001216 -0.00118407]
 [ 0.00424223 -0.00007141 -0.00189783]
 [-0.0178489   0.00159241 -0.01618496]
 [ 0.00118353 -0.0000763   0.00052015]
 [-0.00027034  0.00004833 -0.00071693]
 [-0.00027027  0.00004996 -0.00071662]
 [ 0.00079943  0.00001791 -0.00094366]
 [-0.00003489 -0.00040825 -0.00015064]
 [-0.00000096  0.00042338 -0.00010623]
 [ 0.00578911 -0.0009991   0.01427584]]
2023-01-17:10:40:48,76 INFO     [psi4.driver.task_planner:266] PLANNING Atomic:  keywords={'CART_HESS_READ': 0, 'SCF__GUESS': 'READ', 'SCF__INTS_TOLERANCE': 1e-12, 'function_kwargs': {}}
2023-01-17:10:40:48,85 INFO     [psi4.driver.driver:617] Compute gradient(): method=scf, basis=cc-pvdz, molecule=default, nre=433.01105073071744
2023-01-17:10:40:51,781 INFO     [psi4.driver.driver:620] Return gradient(): -383.66574677333296
2023-01-17:10:40:51,782 INFO     [psi4.driver.driver:621] [[ 0.00048612 -0.00003083  0.00020867]
 [-0.00210216  0.00004936  0.00067161]
 [ 0.00125528 -0.00008449  0.00062738]
 [-0.00006591  0.00000723 -0.00008472]
 [-0.00014744  0.00007676 -0.00132589]
 [-0.00002022  0.00000293 -0.00003888]
 [-0.00109127  0.00003107  0.00024889]
 [-0.00013092  0.00000726 -0.00003568]
 [-0.00036113  0.00004555 -0.00057191]
 [ 0.00028462 -0.0000097  -0.00003716]
 [ 0.00325848 -0.00013275  0.00000155]
 [ 0.00000702 -0.00012383  0.00231088]
 [-0.00004332 -0.00000429  0.00011256]
 [-0.00022997  0.00029896  0.00000014]
 [-0.00025344 -0.00027763 -0.00003059]
 [ 0.00015107  0.00000875 -0.00027837]
 [-0.00006308 -0.0001762   0.0000647 ]
 [-0.00004887  0.00017282  0.00008327]
 [-0.00088483  0.00013903 -0.00192645]]
2023-01-17:10:40:51,886 INFO     [psi4.driver.task_planner:266] PLANNING Atomic:  keywords={'CART_HESS_READ': 0, 'SCF__GUESS': 'READ', 'SCF__INTS_TOLERANCE': 1e-12, 'function_kwargs': {}}
2023-01-17:10:40:51,889 INFO     [psi4.driver.driver:617] Compute gradient(): method=scf, basis=cc-pvdz, molecule=default, nre=433.08543793729405
2023-01-17:10:40:55,427 INFO     [psi4.driver.driver:620] Return gradient(): -383.6657643444161
2023-01-17:10:40:55,428 INFO     [psi4.driver.driver:621] [[ 0.00009951 -0.00000171 -0.00004411]
 [-0.00082242  0.00002216  0.00021517]
 [ 0.00052922 -0.00003386  0.00022839]
 [-0.00003905  0.00000075  0.00001546]
 [-0.00007505  0.00002364 -0.00038427]
 [ 0.00001728 -0.00000399  0.00006154]
 [-0.00022212 -0.00000392  0.00024329]
 [ 0.00005356 -0.00000065 -0.00002886]
 [ 0.00018517 -0.00002296  0.00028581]
 [ 0.00000082 -0.00000125  0.00002364]
 [ 0.00066631  0.00000598 -0.00061971]
 [-0.00022709 -0.0000075   0.00031341]
 [-0.00001132  0.00000077 -0.00000559]
 [ 0.00001677 -0.0000139  -0.00001639]
 [ 0.00001793  0.00001415 -0.00001492]
 [-0.00002986 -0.00000129  0.00004665]
 [-0.00001799  0.00000396 -0.00000955]
 [-0.00001819 -0.00000146 -0.00000981]
 [-0.00012346  0.00002107 -0.00030015]]
2023-01-17:10:40:55,597 INFO     [psi4.driver.task_planner:266] PLANNING Atomic:  keywords={'CART_HESS_READ': 0, 'SCF__GUESS': 'READ', 'SCF__INTS_TOLERANCE': 1e-12, 'function_kwargs': {}}
2023-01-17:10:40:55,600 INFO     [psi4.driver.driver:617] Compute gradient(): method=scf, basis=cc-pvdz, molecule=default, nre=433.0708805476645
2023-01-17:10:40:58,857 INFO     [psi4.driver.driver:620] Return gradient(): -383.6657658717807
2023-01-17:10:40:58,858 INFO     [psi4.driver.driver:621] [[ 0.00001548  0.00000033 -0.00001718]
 [-0.0000652  -0.00000167  0.00007693]
 [ 0.00014874 -0.0000092   0.00006171]
 [ 0.00000841 -0.00000031 -0.00000041]
 [-0.00002492  0.00001273 -0.00022055]
 [ 0.00000779 -0.00000069  0.00000701]
 [-0.0001644  -0.00000024  0.00012843]
 [ 0.0000151   0.00000046 -0.00001983]
 [ 0.00013641 -0.00001097  0.0001048 ]
 [-0.00004379  0.00000251 -0.00001487]
 [-0.00012525  0.00001521 -0.00018886]
 [ 0.00004286 -0.00000326  0.00002868]
 [ 0.0000079   0.00000002 -0.00000629]
 [ 0.00000779 -0.00000157  0.00000589]
 [ 0.00000785  0.00000029  0.00000601]
 [ 0.00000574 -0.00000049  0.00000476]
 [ 0.00000174  0.00000419  0.00000378]
 [ 0.00000137 -0.00000469  0.0000033 ]
 [ 0.00001637 -0.00000264  0.00003669]]
2023-01-17:10:40:59,241 INFO     [psi4.driver.task_planner:266] PLANNING Atomic:  keywords={'SCF__INTS_TOLERANCE': 1e-12, 'function_kwargs': {}}
2023-01-17:10:40:59,243 INFO     [psi4.driver.driver:774] Compute properties(): method=scf, basis=6-31g*, molecule=optimized, nre=433.07088054766814
2023-01-17:10:41:03,593 INFO     [psi4.driver.driver:777] Return properties(): -383.6308082859109
2023-01-17:10:41:04,421 INFO     [psi4.driver.task_planner:266] PLANNING Atomic:  keywords={'SCF__INTS_TOLERANCE': 1e-12, 'function_kwargs': {}}
2023-01-17:10:41:04,426 INFO     [psi4.driver.driver:774] Compute properties(): method=scf, basis=6-31g*, molecule=optimized, nre=433.0708805476682
2023-01-17:10:41:08,959 INFO     [psi4.driver.driver:777] Return properties(): -383.6308082857958
