2023-01-19:12:16:14,841 INFO     [psi4.driver.task_planner:266] PLANNING Atomic:  keywords={'GEOM_MAXITER': 500, 'SCF__INTS_TOLERANCE': 1e-12, 'MAXITER': 500, 'function_kwargs': {}}
2023-01-19:12:16:14,844 INFO     [psi4.driver.driver:617] Compute gradient(): method=scf, basis=cc-pvdz, molecule=default, nre=4176.312880519791
2023-01-19:12:17:37,414 INFO     [psi4.driver.driver:620] Return gradient(): -1997.8544933940225
2023-01-19:12:17:37,415 INFO     [psi4.driver.driver:621] [[ 0.02638377 -0.00212512  0.00084772]
 [-0.00779185 -0.08397587  0.00734155]
 [-0.03293256  0.01174131 -0.0012102 ]
 [ 0.02581587  0.06846251 -0.00844043]
 [-0.02140903 -0.00003389 -0.00005091]
 [-0.00845169  0.00169384  0.00018364]
 [ 0.00474183  0.05070266 -0.00282461]
 [-0.01266152 -0.04163832  0.00512939]
 [-0.00143169 -0.00655203 -0.00049481]
 [-0.01113536 -0.00436395 -0.0034937 ]
 [ 0.0039919  -0.00128251  0.00071076]
 [ 0.01580266  0.00268939 -0.00120734]
 [-0.00296565  0.0119531   0.00122467]
 [-0.00442422 -0.00477003 -0.00035756]
 [ 0.00065012 -0.00724514  0.00498785]
 [-0.00064416  0.00088088 -0.00054402]
 [-0.00168224 -0.01825468  0.05124305]
 [-0.00814986 -0.01440288 -0.03497213]
 [ 0.03446706  0.0136483  -0.00305697]
 [-0.02356823  0.02418928  0.00480314]
 [-0.00049191 -0.0106088  -0.05338774]
 [-0.03029624  0.02272578  0.00411126]
 [ 0.02921517  0.01752497  0.00082207]
 [ 0.00082302 -0.02176577  0.03214518]
 [-0.01983947  0.00168249 -0.00023385]
 [ 0.00080279 -0.01030799 -0.00221185]
 [ 0.03486027  0.00541577  0.00112121]
 [-0.00721498  0.00503261 -0.0022582 ]
 [ 0.0080953  -0.00247024  0.00227952]
 [ 0.02486049 -0.00723515  0.00906492]
 [ 0.02560052  0.07690521 -0.02748036]
 [-0.03131508  0.00469047  0.00209796]
 [ 0.00250097 -0.08523299  0.00240741]
 [-0.03834172 -0.00123797 -0.00310351]
 [-0.00256521 -0.00940452 -0.00522151]
 [ 0.01454678  0.00470961  0.00180259]
 [-0.00696834 -0.00504079 -0.00159184]
 [ 0.04956708 -0.06766439  0.00244005]
 [-0.00200098  0.01451467 -0.00148823]
 [ 0.00482051  0.00993765  0.00088638]
 [ 0.00566106  0.00273247  0.00064126]
 [ 0.00230867 -0.00568118  0.0006936 ]
 [-0.00255245 -0.00624139 -0.00441527]
 [ 0.00483942  0.01248915  0.00022944]
 [-0.00651597  0.05818267  0.00043287]
 [-0.01750101 -0.0528062   0.01385803]
 [-0.00347328  0.01027181  0.00883462]
 [-0.00077506  0.00273607 -0.00925127]
 [ 0.00557816 -0.0010953   0.00828095]
 [-0.00656343 -0.00449255 -0.00615096]
 [ 0.00458136  0.00212128 -0.00043419]
 [-0.01685156  0.03829572  0.00526035]]
2023-01-19:12:17:38,372 INFO     [psi4.driver.task_planner:266] PLANNING Atomic:  keywords={'CART_HESS_READ': 0, 'GEOM_MAXITER': 500, 'SCF__GUESS': 'READ', 'SCF__INTS_TOLERANCE': 1e-12, 'MAXITER': 500, 'function_kwargs': {}}
2023-01-19:12:17:38,375 INFO     [psi4.driver.driver:617] Compute gradient(): method=scf, basis=cc-pvdz, molecule=default, nre=4210.017830451689
2023-01-19:12:18:54,361 INFO     [psi4.driver.driver:620] Return gradient(): -1997.9043007066798
2023-01-19:12:18:54,363 INFO     [psi4.driver.driver:621] [[ 0.00767837  0.00012143  0.00013109]
 [-0.0023191  -0.02145483  0.00466002]
 [-0.00572313  0.00802416 -0.00208719]
 [ 0.0057112   0.01806583 -0.00385335]
 [-0.00109834 -0.00461203  0.00138478]
 [-0.00050975  0.00042575  0.00011985]
 [ 0.00077241  0.01249871 -0.00159483]
 [-0.00260987 -0.01035463  0.00234986]
 [-0.00040373 -0.00286509  0.00274813]
 [ 0.00059235 -0.001982   -0.00133143]
 [-0.01075233  0.00257351 -0.00378347]
 [-0.00266105  0.00043341  0.00112091]
 [-0.00188459  0.00189685  0.0015435 ]
 [-0.00096606 -0.00095132 -0.00074781]
 [-0.00285166 -0.00204152  0.003046  ]
 [ 0.00018336  0.00021925  0.00129744]
 [-0.0001111  -0.00305546  0.02017873]
 [ 0.00076249 -0.00201024 -0.01173172]
 [ 0.00153647  0.00436807 -0.00114083]
 [-0.00052014  0.00311699  0.00227786]
 [-0.00082884 -0.00426439 -0.01945448]
 [-0.00139901  0.00551714 -0.00073782]
 [ 0.00091961  0.00333519 -0.00063938]
 [-0.0005928  -0.00279306  0.00933027]
 [ 0.00253213  0.00166063 -0.00126129]
 [ 0.00010511 -0.00876901 -0.00339026]
 [ 0.00457378  0.01242764 -0.00015694]
 [ 0.01020258  0.00005387  0.00316874]
 [ 0.00022405  0.00190143  0.00067884]
 [-0.00198386 -0.00758316  0.00368251]
 [ 0.0095423   0.02466799 -0.01729795]
 [-0.00936296  0.00098617  0.00285175]
 [ 0.00194127 -0.02576007  0.00650492]
 [-0.00500454 -0.00145413 -0.00224086]
 [ 0.00486504 -0.0095395  -0.00762165]
 [ 0.00151913  0.00289777  0.00110883]
 [ 0.01271172  0.00538848  0.00306262]
 [ 0.00638542 -0.01214975 -0.00075826]
 [-0.00696949  0.00287024 -0.0018986 ]
 [ 0.00246436  0.00359542  0.00077298]
 [ 0.0007107  -0.00001254  0.00009021]
 [ 0.00086101 -0.00104056  0.00087098]
 [ 0.0021429  -0.00263185 -0.00266477]
 [ 0.00096778  0.00159824 -0.00041957]
 [-0.00613182  0.01761183 -0.00064354]
 [-0.00927607 -0.01808582  0.00633818]
 [-0.00840438  0.00454423  0.00666952]
 [ 0.0040142  -0.00036182 -0.00256592]
 [ 0.00306147 -0.00072464  0.00190932]
 [-0.00233258 -0.00108898 -0.00358739]
 [ 0.00113192  0.0010067  -0.00071631]
 [-0.00341593  0.0037795   0.00442779]]
2023-01-19:12:18:54,919 INFO     [psi4.driver.task_planner:266] PLANNING Atomic:  keywords={'CART_HESS_READ': 0, 'GEOM_MAXITER': 500, 'SCF__GUESS': 'READ', 'OPTKING__INTRAFRAG_STEP_LIMIT': 1.0, 'SCF__INTS_TOLERANCE': 1e-12, 'MAXITER': 500, 'function_kwargs': {}}
2023-01-19:12:18:54,922 INFO     [psi4.driver.driver:617] Compute gradient(): method=scf, basis=cc-pvdz, molecule=default, nre=4236.986789582507
2023-01-19:12:20:11,44 INFO     [psi4.driver.driver:620] Return gradient(): -1997.9299577508739
2023-01-19:12:20:11,45 INFO     [psi4.driver.driver:621] [[ 0.01191206 -0.00293824  0.00219875]
 [-0.00453757  0.01407659 -0.00835764]
 [-0.00830115 -0.00434335  0.00105462]
 [-0.00778125 -0.00254278  0.00218067]
 [ 0.00781529 -0.00043596 -0.00044499]
 [ 0.00130751  0.00199008 -0.00077078]
 [ 0.00036362 -0.00176132  0.00181523]
 [ 0.00481803  0.00106298 -0.00074581]
 [ 0.00265388  0.00957564  0.00165251]
 [-0.00026269 -0.00663308  0.00442198]
 [-0.0012535   0.003088   -0.00669172]
 [-0.00730056 -0.00237079  0.00292438]
 [-0.0026371  -0.00046032  0.00131813]
 [ 0.00197975 -0.00033614 -0.00036428]
 [-0.00423879 -0.00048567  0.00326614]
 [ 0.00090789 -0.00350284  0.00304612]
 [-0.00034586  0.00342525 -0.0034633 ]
 [ 0.00339755  0.00000261 -0.00037661]
 [ 0.00021475 -0.00381472  0.00351475]
 [-0.00230549 -0.00254233  0.00563707]
 [-0.0010636   0.00244115  0.00364793]
 [-0.00025542 -0.00349576 -0.00548569]
 [ 0.00083572 -0.0041686  -0.00266007]
 [-0.00074336 -0.00101379 -0.00317104]
 [ 0.0032791   0.00229067 -0.00319455]
 [-0.00278     0.00332985 -0.00444987]
 [-0.00007724  0.00323177 -0.00044017]
 [ 0.00408536 -0.0006471   0.00637049]
 [-0.00133118 -0.00152838 -0.00110775]
 [-0.00197339 -0.00242206  0.00056462]
 [-0.00136794  0.00224634 -0.01046398]
 [ 0.00206666 -0.00201446  0.00248386]
 [ 0.0013481   0.00445499  0.00918782]
 [ 0.01166616 -0.00031421 -0.00042068]
 [-0.00506757  0.00134909 -0.00868974]
 [ 0.00581852  0.00652152  0.00483489]
 [ 0.00219592 -0.00013654  0.00398199]
 [ 0.00160501  0.00213458  0.00209336]
 [-0.00724041 -0.00139377 -0.00210271]
 [ 0.00447055  0.00089086  0.00091307]
 [-0.00204406  0.00115499 -0.00000596]
 [-0.00029545  0.0003881   0.000497  ]
 [ 0.00286476 -0.00001518 -0.00291687]
 [ 0.00000198 -0.00077883  0.00007822]
 [-0.00273058 -0.00549442 -0.00095249]
 [-0.00161623 -0.00092016  0.00230046]
 [-0.00593454 -0.00099878  0.00420506]
 [ 0.00363126 -0.00232937 -0.00180775]
 [ 0.00127852 -0.00080492 -0.00230052]
 [-0.00230006 -0.00090937 -0.00233162]
 [-0.00042403  0.00159974  0.00002035]
 [-0.00430891 -0.00370157 -0.00049287]]
2023-01-19:12:20:11,627 INFO     [psi4.driver.task_planner:266] PLANNING Atomic:  keywords={'CART_HESS_READ': 0, 'GEOM_MAXITER': 500, 'SCF__GUESS': 'READ', 'OPTKING__INTRAFRAG_STEP_LIMIT': 1.0, 'SCF__INTS_TOLERANCE': 1e-12, 'MAXITER': 500, 'function_kwargs': {}}
2023-01-19:12:20:11,630 INFO     [psi4.driver.driver:617] Compute gradient(): method=scf, basis=cc-pvdz, molecule=default, nre=4259.724515184735
2023-01-19:12:21:30,293 INFO     [psi4.driver.driver:620] Return gradient(): -1997.9449433211212
2023-01-19:12:21:30,296 INFO     [psi4.driver.driver:621] [[ 0.00812438 -0.00258359  0.00309258]
 [-0.0043017   0.0115261  -0.01132657]
 [-0.00192355 -0.00606647  0.00485896]
 [-0.00734205 -0.00410467  0.00423531]
 [ 0.0077959   0.00140567 -0.00217268]
 [ 0.00020707  0.00157083 -0.00116354]
 [ 0.00068168 -0.00236321  0.00282427]
 [ 0.00268243  0.00105529 -0.00113974]
 [ 0.00542538  0.01402492 -0.00263121]
 [-0.0037578  -0.00463952  0.00550135]
 [ 0.00566088  0.00538608 -0.00842704]
 [-0.0043596  -0.00458819  0.00188945]
 [-0.00183498 -0.00060464  0.00124009]
 [ 0.00174838  0.00012215 -0.00046291]
 [-0.00179354  0.00024193  0.00282918]
 [ 0.0015347  -0.00649066  0.00394143]
 [-0.00120557 -0.00259401 -0.00235092]
 [ 0.00260413  0.00174509 -0.00089553]
 [-0.00039806 -0.00241648  0.00386829]
 [ 0.00073384 -0.00315543  0.00367861]
 [-0.00009836 -0.00236162  0.00302977]
 [ 0.00092953 -0.00421079 -0.00377953]
 [-0.00096493 -0.00395438  0.00131183]
 [-0.00063886  0.00169285 -0.00245557]
 [ 0.00024371  0.00168821 -0.00173468]
 [-0.00585597  0.0103163  -0.00488873]
 [-0.00150097  0.00034393  0.00029761]
 [-0.00121025  0.00135362  0.00515741]
 [-0.00109052 -0.00143802 -0.00149976]
 [-0.00012772 -0.00096361 -0.00078194]
 [-0.00426882  0.00111583 -0.00846125]
 [ 0.00727092 -0.00032537  0.00150619]
 [ 0.0011075   0.00466674  0.00515155]
 [ 0.01207785  0.00016416  0.00072702]
 [-0.01629163  0.00715089 -0.00547493]
 [ 0.00796223  0.00255106  0.00478218]
 [-0.00999881 -0.00181324  0.0025721 ]
 [ 0.00467093  0.00257011  0.00377978]
 [-0.00774205 -0.00194929 -0.0035317 ]
 [ 0.00481433 -0.00021888  0.00097062]
 [-0.00367363  0.00152127  0.00017884]
 [-0.00061986  0.00041101  0.00014551]
 [ 0.00076626  0.00021729 -0.00270206]
 [ 0.00034189 -0.00145872 -0.0002874 ]
 [ 0.00295622 -0.00927138  0.00005241]
 [ 0.00690967 -0.00046496  0.00295755]
 [-0.00359928 -0.00181031  0.00404956]
 [ 0.00166205 -0.00003771 -0.00180674]
 [ 0.00095658  0.00012932 -0.00187273]
 [-0.00171526 -0.00025971 -0.00190436]
 [-0.00029814  0.00039896  0.00007717]
 [-0.00325655 -0.00322474 -0.00295514]]
2023-01-19:12:21:31,403 INFO     [psi4.driver.task_planner:266] PLANNING Atomic:  keywords={'CART_HESS_READ': 0, 'GEOM_MAXITER': 500, 'SCF__GUESS': 'READ', 'OPTKING__INTRAFRAG_STEP_LIMIT': 1.0, 'SCF__INTS_TOLERANCE': 1e-12, 'MAXITER': 500, 'function_kwargs': {}}
2023-01-19:12:21:31,407 INFO     [psi4.driver.driver:617] Compute gradient(): method=scf, basis=cc-pvdz, molecule=default, nre=4257.654981740831
2023-01-19:12:22:49,655 INFO     [psi4.driver.driver:620] Return gradient(): -1997.9534579197866
2023-01-19:12:22:49,657 INFO     [psi4.driver.driver:621] [[-0.00048736 -0.00228282  0.00180216]
 [-0.00041311  0.00359808 -0.00409467]
 [ 0.00233712 -0.0024447   0.0029019 ]
 [-0.0028258  -0.00073928  0.00208404]
 [ 0.00349897  0.0003088  -0.00196751]
 [-0.00034613  0.00061857 -0.00052579]
 [ 0.00007176 -0.0014166   0.00184542]
 [ 0.00017357  0.00048    -0.00120125]
 [ 0.00271202  0.0094495  -0.00123634]
 [-0.0033507  -0.00074956  0.00219811]
 [ 0.00510174  0.00143264 -0.00516136]
 [-0.00135665 -0.0032204   0.00135681]
 [-0.00045318 -0.00083411  0.00051798]
 [ 0.00051073  0.00024441 -0.00043256]
 [ 0.00004911  0.00043982  0.00014133]
 [ 0.00130209 -0.0025912   0.00141166]
 [-0.00162235 -0.0005806  -0.00081755]
 [ 0.00198091  0.00093168  0.00031148]
 [ 0.00334344 -0.00237592  0.00310857]
 [-0.00181505 -0.00187439  0.00163987]
 [ 0.00142447  0.0010934   0.00222473]
 [-0.00306556 -0.00417702 -0.00336944]
 [ 0.00217137 -0.00206151  0.0012229 ]
 [ 0.00001829 -0.00033405 -0.00103171]
 [-0.00026129 -0.00184467 -0.00028356]
 [-0.00448457  0.00837666 -0.00463786]
 [-0.00144524 -0.00091445  0.00075005]
 [-0.00341631  0.00204554  0.00398847]
 [ 0.00038129 -0.00009595 -0.00143975]
 [ 0.00112803 -0.00032485 -0.00076927]
 [ 0.00249903 -0.00539266 -0.00144563]
 [ 0.00021785  0.00081201 -0.0004992 ]
 [ 0.00000117 -0.00048688 -0.00054581]
 [ 0.00582699  0.00029233  0.00106924]
 [-0.01056268  0.00582311 -0.00303341]
 [ 0.00565373 -0.00109004  0.00020747]
 [-0.01141827 -0.00349125 -0.00082699]
 [ 0.00533356  0.00082828  0.00252593]
 [-0.00553657 -0.00045161 -0.00183012]
 [ 0.00168378 -0.00016803  0.00065794]
 [-0.00197365  0.00073391  0.00010998]
 [-0.00024312  0.00023611 -0.00007667]
 [-0.0002701   0.00067365 -0.00088156]
 [ 0.00018717 -0.00115639 -0.0001095 ]
 [ 0.0045955  -0.0023862   0.00243925]
 [ 0.00380172  0.00522816 -0.00057535]
 [-0.00086516 -0.00066293  0.00494014]
 [ 0.00001594  0.00131564  0.00014127]
 [ 0.00059215  0.00009689 -0.00027266]
 [-0.0000126   0.00025859 -0.0004746 ]
 [ 0.00016923 -0.00025201 -0.00014697]
 [-0.00055731 -0.0009177  -0.00190961]]
2023-01-19:12:22:50,154 INFO     [psi4.driver.task_planner:266] PLANNING Atomic:  keywords={'CART_HESS_READ': 0, 'GEOM_MAXITER': 500, 'SCF__GUESS': 'READ', 'OPTKING__INTRAFRAG_STEP_LIMIT': 1.0, 'SCF__INTS_TOLERANCE': 1e-12, 'MAXITER': 500, 'function_kwargs': {}}
2023-01-19:12:22:50,158 INFO     [psi4.driver.driver:617] Compute gradient(): method=scf, basis=cc-pvdz, molecule=default, nre=4249.300344452521
2023-01-19:12:24:04,489 INFO     [psi4.driver.driver:620] Return gradient(): -1997.9586976732328
2023-01-19:12:24:04,490 INFO     [psi4.driver.driver:621] [[-0.00082969 -0.00038521  0.00040034]
 [ 0.00162597 -0.00154397  0.00309211]
 [ 0.00049769  0.0009068  -0.00157835]
 [ 0.00042718  0.00076776 -0.00266872]
 [-0.00184832 -0.00095358  0.00122951]
 [ 0.00019076  0.00013302  0.00021682]
 [-0.00059627  0.00094513 -0.00172612]
 [-0.00019285 -0.00035321  0.00113712]
 [-0.00047614  0.00265169  0.00243647]
 [ 0.00087694  0.00139907 -0.00180803]
 [ 0.00110279 -0.00219801  0.00093134]
 [ 0.00067725 -0.00079098 -0.00005154]
 [ 0.00040237  0.00009717 -0.00025905]
 [-0.00028105 -0.00007005  0.00022227]
 [-0.0003945   0.00055588 -0.00065204]
 [-0.00050792  0.00301064 -0.0015224 ]
 [-0.00134099 -0.00023771  0.00096306]
 [ 0.00043773 -0.00113773 -0.00165419]
 [ 0.00283399 -0.00014787  0.00168045]
 [-0.00054727 -0.00036886  0.000384  ]
 [ 0.00183941 -0.00008736  0.00073768]
 [-0.00252419 -0.00161735 -0.00158506]
 [ 0.00055416 -0.00069696  0.0002239 ]
 [ 0.00007026 -0.00057838  0.00061835]
 [ 0.00036357 -0.00264206  0.00102223]
 [-0.00162783  0.00201278 -0.00446995]
 [-0.00014694  0.00047615 -0.00085058]
 [-0.00288978  0.00085534  0.00141405]
 [ 0.00073999  0.00036212  0.00076169]
 [ 0.00003782  0.00011217  0.00076849]
 [ 0.00500003 -0.00130324 -0.00375775]
 [-0.0055124   0.00059871 -0.00085808]
 [-0.0007922  -0.00433532  0.00351063]
 [ 0.00028509  0.00050047 -0.0000843 ]
 [ 0.00020852  0.00228664 -0.00030245]
 [ 0.00027272 -0.00090547 -0.00147867]
 [-0.00225709 -0.0020809  -0.00141982]
 [ 0.0016043  -0.00106062 -0.00033677]
 [-0.00094992  0.00080908  0.0010008 ]
 [-0.00046433  0.00014596  0.00000938]
 [ 0.00033486  0.00008499  0.00020119]
 [ 0.00021305 -0.00015014 -0.00017431]
 [ 0.00088471  0.00031828  0.00005575]
 [-0.000082    0.00029473  0.00026995]
 [ 0.00308811  0.00152716  0.00073754]
 [ 0.00192763  0.00279165 -0.00000616]
 [-0.00260746 -0.00049585  0.00105903]
 [-0.00012556 -0.00012421  0.00050656]
 [-0.00001822 -0.00011513  0.0000061 ]
 [ 0.00027825  0.00020207  0.00052134]
 [ 0.00017122 -0.00003035  0.00031364]
 [ 0.00006655  0.00056507  0.00081257]]
2023-01-19:12:24:05,3 INFO     [psi4.driver.task_planner:266] PLANNING Atomic:  keywords={'CART_HESS_READ': 0, 'GEOM_MAXITER': 500, 'SCF__GUESS': 'READ', 'OPTKING__INTRAFRAG_STEP_LIMIT': 1.0, 'SCF__INTS_TOLERANCE': 1e-12, 'MAXITER': 500, 'function_kwargs': {}}
2023-01-19:12:24:05,6 INFO     [psi4.driver.driver:617] Compute gradient(): method=scf, basis=cc-pvdz, molecule=default, nre=4256.676913777694
2023-01-19:12:25:20,45 INFO     [psi4.driver.driver:620] Return gradient(): -1997.9605928685683
2023-01-19:12:25:20,47 INFO     [psi4.driver.driver:621] [[ 0.002252   -0.00021552 -0.00049476]
 [-0.00024371  0.00077507 -0.00022687]
 [-0.00255413  0.00003558 -0.00165321]
 [-0.00040913  0.00268996 -0.00004395]
 [-0.00016944 -0.00129732  0.00150436]
 [ 0.00034689  0.00016923 -0.00020602]
 [-0.00047382  0.00020653 -0.00094808]
 [ 0.00085815 -0.00078829  0.0000901 ]
 [ 0.00084199  0.00134918  0.00119263]
 [ 0.00244637  0.00036191 -0.0010174 ]
 [ 0.00216083  0.00112296  0.00045467]
 [-0.00023508 -0.00148082 -0.00113451]
 [-0.00016999  0.00027073 -0.00020261]
 [ 0.00033316 -0.00007515  0.00030634]
 [ 0.0000594   0.00006549  0.00030859]
 [ 0.00034933 -0.00120793  0.00097411]
 [-0.0009209  -0.00055561  0.00052878]
 [ 0.00115025  0.00007933 -0.0003019 ]
 [ 0.00126967 -0.0011839   0.00152689]
 [ 0.00027177 -0.00035965  0.00043303]
 [ 0.00130975 -0.0002293   0.00101081]
 [-0.0009335  -0.00146724 -0.00031737]
 [-0.00054062 -0.00114717  0.00009706]
 [ 0.00007391 -0.00081619 -0.00136676]
 [-0.00027703 -0.00188342  0.00156576]
 [-0.00254397  0.00088106 -0.00106501]
 [-0.00077268  0.00205578  0.00317037]
 [-0.00339084  0.00298265 -0.00082817]
 [-0.0001301  -0.00001358 -0.00027789]
 [-0.00135093 -0.00094194 -0.00171816]
 [ 0.00229761  0.00051597  0.00350918]
 [-0.00029734 -0.00000117  0.0004287 ]
 [ 0.00186461  0.00224284 -0.00773563]
 [ 0.00121579 -0.00118629  0.00023862]
 [ 0.001415    0.0006064   0.00011173]
 [-0.00144144  0.00065211  0.0008686 ]
 [ 0.000538   -0.00018281  0.00106997]
 [-0.00195863 -0.00023957 -0.001116  ]
 [-0.00023418  0.00035425  0.0000725 ]
 [-0.00007265  0.00029282  0.00012376]
 [ 0.00007982  0.00004218  0.00026879]
 [-0.00014556 -0.00014492  0.00018782]
 [ 0.00007122 -0.00034476  0.0000102 ]
 [-0.00015559  0.00067183 -0.00010761]
 [-0.00020345 -0.00290526  0.00304436]
 [ 0.00164854  0.00139341 -0.00245759]
 [-0.00218168 -0.00081922  0.00011047]
 [ 0.00006547 -0.0004939   0.00003265]
 [-0.00001048  0.00015094 -0.00023289]
 [-0.00039063  0.00012685 -0.00009772]
 [-0.00030822  0.00007617  0.00013515]
 [-0.00040384 -0.0001903   0.00017412]]
2023-01-19:12:25:20,357 INFO     [psi4.driver.task_planner:266] PLANNING Atomic:  keywords={'CART_HESS_READ': 0, 'GEOM_MAXITER': 500, 'SCF__GUESS': 'READ', 'OPTKING__INTRAFRAG_STEP_LIMIT': 1.0, 'SCF__INTS_TOLERANCE': 1e-12, 'MAXITER': 500, 'function_kwargs': {}}
2023-01-19:12:25:20,361 INFO     [psi4.driver.driver:617] Compute gradient(): method=scf, basis=cc-pvdz, molecule=default, nre=4245.152456161921
2023-01-19:12:26:35,401 INFO     [psi4.driver.driver:620] Return gradient(): -1997.9607499759124
2023-01-19:12:26:35,402 INFO     [psi4.driver.driver:621] [[ 0.00119916  0.00113539 -0.00025421]
 [-0.00106373 -0.00054579 -0.00253921]
 [-0.00249564 -0.00132509  0.00161085]
 [ 0.00105476 -0.00068256  0.00039419]
 [ 0.00161299  0.00067901 -0.00014681]
 [-0.00026095  0.00013614 -0.00015296]
 [ 0.0001726  -0.00009572  0.00128896]
 [-0.00009806  0.00031548 -0.00019804]
 [ 0.00047267 -0.00064724  0.00139488]
 [-0.00116609 -0.00043946  0.00118795]
 [-0.00247146 -0.00281289  0.00066399]
 [-0.00278778  0.00195377  0.00012855]
 [ 0.00015264  0.00000203 -0.00029622]
 [-0.00012166 -0.00020627 -0.00000146]
 [ 0.0000512  -0.00078567  0.00018971]
 [-0.00047884  0.00173724 -0.0009376 ]
 [ 0.00182483  0.0004731   0.00051255]
 [-0.00046296  0.00237758  0.00063667]
 [-0.00168696  0.00026945 -0.00061247]
 [ 0.00105108 -0.00066855 -0.00222931]
 [-0.00168257  0.0005946  -0.00169158]
 [ 0.00135756  0.00098914  0.0017441 ]
 [-0.00090916  0.00035433  0.00077959]
 [-0.00079229  0.00183855 -0.00074693]
 [ 0.00126175  0.00142806 -0.00213339]
 [ 0.00214401 -0.00150611  0.00013533]
 [ 0.00144962  0.00077423 -0.00105445]
 [ 0.00419845 -0.00246787  0.00156976]
 [ 0.00096898 -0.00071088 -0.00061535]
 [-0.00133168 -0.00014067 -0.00152868]
 [-0.0024045   0.00357915  0.00498675]
 [ 0.00755383  0.00144743 -0.00236224]
 [ 0.00128322  0.0006441   0.00538772]
 [ 0.00101919  0.00043078 -0.00153543]
 [-0.00618441  0.00033077 -0.00102731]
 [-0.00065007  0.00092545  0.00329343]
 [-0.00289678 -0.00009977  0.00273516]
 [-0.00113797  0.0003346  -0.00109951]
 [ 0.00031858 -0.00061353 -0.00152724]
 [ 0.00040207  0.00016244  0.00037629]
 [-0.00095168  0.00019876  0.00010728]
 [ 0.00024861 -0.00004366  0.00024663]
 [-0.00059775 -0.00034738  0.00031903]
 [ 0.00000169 -0.00053249 -0.00018124]
 [ 0.00124938 -0.00655995 -0.00293063]
 [ 0.00537093 -0.00105273 -0.00234453]
 [-0.00209076 -0.00120378  0.0005834 ]
 [-0.00029058 -0.00008803 -0.00013156]
 [ 0.00015879  0.00038793 -0.00013831]
 [-0.00050653  0.00027637 -0.00053109]
 [-0.00032044  0.00000064 -0.00041369]
 [-0.00073734 -0.00020042 -0.00091128]]
2023-01-19:12:26:36,204 INFO     [psi4.driver.task_planner:266] PLANNING Atomic:  keywords={'CART_HESS_READ': 0, 'GEOM_MAXITER': 500, 'SCF__GUESS': 'READ', 'OPTKING__INTRAFRAG_STEP_LIMIT': 0.25, 'SCF__INTS_TOLERANCE': 1e-12, 'MAXITER': 500, 'function_kwargs': {}}
2023-01-19:12:26:36,207 INFO     [psi4.driver.driver:617] Compute gradient(): method=scf, basis=cc-pvdz, molecule=default, nre=4245.902269533842
2023-01-19:12:27:50,23 INFO     [psi4.driver.driver:620] Return gradient(): -1997.9620042643987
2023-01-19:12:27:50,25 INFO     [psi4.driver.driver:621] [[-0.00138209  0.0006177  -0.00024324]
 [-0.00009312 -0.00092618 -0.00004714]
 [ 0.00020251 -0.00014999  0.00098234]
 [ 0.00161798 -0.00187686 -0.00040362]
 [ 0.00024571  0.00095753 -0.00065689]
 [-0.00049114 -0.00009666  0.0001397 ]
 [ 0.00040367 -0.00027874  0.00130808]
 [-0.00099915  0.00049869  0.00009761]
 [ 0.00141969  0.00052781  0.00040721]
 [-0.00174706 -0.00001412  0.00111667]
 [ 0.00012575 -0.0002794  -0.00151652]
 [-0.00036072  0.00007125 -0.00078528]
 [ 0.00031179  0.00000265 -0.00024074]
 [-0.00030594 -0.00009269 -0.00025347]
 [ 0.00052387 -0.00012414  0.00007125]
 [-0.00032165 -0.00084173  0.00002603]
 [ 0.00123353 -0.00030162 -0.00031086]
 [-0.00054841  0.0004588   0.00067159]
 [-0.0002105   0.00015737  0.00006226]
 [-0.0000581   0.00023364 -0.00135551]
 [-0.00098017  0.00010131 -0.0007138 ]
 [ 0.00027786  0.00026815  0.00140488]
 [ 0.00015675  0.0008482  -0.00024161]
 [-0.00046239  0.00070812  0.00051955]
 [ 0.00007224  0.00055078 -0.00042769]
 [ 0.00118237 -0.00064178 -0.00078972]
 [ 0.00133066  0.00050611 -0.00180455]
 [ 0.00053256  0.00026565  0.00134528]
 [ 0.00077055 -0.00025908 -0.00016005]
 [-0.00084078 -0.0004274   0.00058336]
 [-0.00121896  0.00262096 -0.00209349]
 [-0.00032641 -0.00081462 -0.00086602]
 [-0.00177106 -0.00094752  0.00658551]
 [ 0.00049852  0.0009037   0.00086462]
 [-0.00130359  0.00069843 -0.00103091]
 [ 0.00067834 -0.00002044  0.00084979]
 [-0.00065479 -0.00158928 -0.00019033]
 [ 0.00187229 -0.00011783  0.00072709]
 [-0.00046853 -0.00058547 -0.0016428 ]
 [-0.00005222 -0.00011762 -0.00010291]
 [-0.00009271 -0.00006598 -0.00031312]
 [-0.00005471  0.00008159 -0.00000216]
 [-0.00083057 -0.00014055 -0.00025587]
 [ 0.00004675 -0.00034099  0.00003474]
 [ 0.00005713  0.00140514 -0.00215618]
 [ 0.00126928 -0.00156921 -0.00025078]
 [-0.00023281 -0.00022553  0.00137632]
 [ 0.00002057  0.00002775  0.00003707]
 [ 0.00035857 -0.00005674  0.00051899]
 [ 0.00016577  0.00029406 -0.00031363]
 [ 0.00012245  0.00000864 -0.00037404]
 [ 0.00031045  0.00008815 -0.00018701]]
2023-01-19:12:27:50,381 INFO     [psi4.driver.task_planner:266] PLANNING Atomic:  keywords={'CART_HESS_READ': 0, 'GEOM_MAXITER': 500, 'SCF__GUESS': 'READ', 'OPTKING__INTRAFRAG_STEP_LIMIT': 0.75, 'SCF__INTS_TOLERANCE': 1e-12, 'MAXITER': 500, 'function_kwargs': {}}
2023-01-19:12:27:50,384 INFO     [psi4.driver.driver:617] Compute gradient(): method=scf, basis=cc-pvdz, molecule=default, nre=4245.531433680222
2023-01-19:12:29:03,976 INFO     [psi4.driver.driver:620] Return gradient(): -1997.9622782828767
2023-01-19:12:29:03,979 INFO     [psi4.driver.driver:621] [[-0.00064955 -0.00085935 -0.00081852]
 [-0.00039836  0.00075507  0.00203606]
 [ 0.00081808 -0.00020505 -0.00000649]
 [-0.00010817  0.00127404  0.00091598]
 [-0.00025245 -0.00000133 -0.00109148]
 [-0.0000296  -0.00022022  0.00009262]
 [ 0.00033228 -0.00039832 -0.00035554]
 [-0.00020111 -0.00059504 -0.00017719]
 [-0.00013612 -0.00075828  0.00009858]
 [-0.00016849 -0.00037103 -0.00002959]
 [-0.00061353 -0.00055368 -0.0000931 ]
 [ 0.00017357  0.00073042  0.00031214]
 [ 0.00012463  0.00008399 -0.00001285]
 [-0.00024773  0.0000877  -0.00009037]
 [-0.00003251  0.00016492 -0.00004466]
 [-0.00056279  0.00032225 -0.00048613]
 [ 0.00068915  0.0002101  -0.00074386]
 [-0.00054745 -0.00081541 -0.00008266]
 [ 0.00001423  0.00022095  0.00005109]
 [-0.00045395  0.00089193 -0.0007223 ]
 [-0.00063361  0.00026966  0.00021083]
 [-0.00004639  0.0005108   0.00036329]
 [ 0.00018295  0.00098342 -0.00081726]
 [ 0.00036727 -0.00049175  0.00117404]
 [ 0.00069651  0.001021   -0.00077171]
 [ 0.00083965 -0.00145108  0.00019676]
 [ 0.00014074 -0.00074999  0.00135185]
 [ 0.00047506 -0.00080496  0.0006036 ]
 [ 0.00039926 -0.00031957  0.00034732]
 [-0.00015886 -0.00029975  0.00151684]
 [ 0.00039212  0.00248906 -0.00454677]
 [-0.00237213 -0.00179087  0.0022274 ]
 [ 0.00085689  0.00079337 -0.00451143]
 [-0.0009862   0.0005294   0.00015859]
 [ 0.00053286 -0.00006574 -0.0004441 ]
 [ 0.00032399  0.00000874 -0.00024712]
 [-0.00055376  0.00054099 -0.00085158]
 [ 0.00110173 -0.00076219  0.0010975 ]
 [ 0.0002358  -0.00012883 -0.00003852]
 [-0.00007131 -0.00010007 -0.00003492]
 [ 0.0002792  -0.00011701 -0.00018891]
 [ 0.00006738  0.0000806  -0.00010021]
 [ 0.00020966  0.00008608 -0.00002885]
 [-0.00020433  0.00027242  0.00016244]
 [-0.00019873  0.00078226  0.00200713]
 [ 0.00102276 -0.00083576  0.00107921]
 [-0.00136783 -0.00034369  0.00058499]
 [ 0.00007558 -0.00027892 -0.00007121]
 [-0.00000182 -0.00021921  0.00019487]
 [ 0.0002938   0.00031437  0.00024793]
 [ 0.00021526  0.00002635  0.00015093]
 [ 0.00013634  0.00008721  0.0002253 ]]
2023-01-19:12:29:04,579 INFO     [psi4.driver.task_planner:266] PLANNING Atomic:  keywords={'CART_HESS_READ': 0, 'GEOM_MAXITER': 500, 'SCF__GUESS': 'READ', 'OPTKING__INTRAFRAG_STEP_LIMIT': 1.0, 'SCF__INTS_TOLERANCE': 1e-12, 'MAXITER': 500, 'function_kwargs': {}}
2023-01-19:12:29:04,586 INFO     [psi4.driver.driver:617] Compute gradient(): method=scf, basis=cc-pvdz, molecule=default, nre=4252.801649761942
2023-01-19:12:30:18,385 INFO     [psi4.driver.driver:620] Return gradient(): -1997.9623095017025
2023-01-19:12:30:18,386 INFO     [psi4.driver.driver:621] [[ 0.00085074  0.00051205  0.00015488]
 [ 0.00039714 -0.00124886  0.00043494]
 [ 0.00002079  0.00100845 -0.0007814 ]
 [-0.00092137  0.0001014  -0.00009266]
 [-0.00093702  0.00010155  0.00006622]
 [ 0.00045481  0.00010733  0.00004434]
 [-0.0005059   0.00097864 -0.00149499]
 [ 0.00064866 -0.00005024  0.0003511 ]
 [-0.00115088 -0.00112222 -0.00061532]
 [ 0.00225259 -0.00035814 -0.00092845]
 [ 0.00061323  0.00129914  0.00063161]
 [ 0.00079773 -0.00067528  0.00039223]
 [-0.00035391  0.00015705  0.00021814]
 [ 0.00021222  0.00021193  0.00017197]
 [-0.00027088  0.00033217  0.00008819]
 [ 0.00007582 -0.00103742  0.00065502]
 [-0.00055289  0.00034692 -0.00012911]
 [ 0.00052607 -0.00142602 -0.00030165]
 [ 0.00043994 -0.00050639  0.00010755]
 [-0.00058541  0.00081393  0.00022593]
 [ 0.00037754  0.00000893  0.00099399]
 [-0.00043182  0.00009985 -0.00051633]
 [ 0.00015722  0.00035525 -0.00065095]
 [ 0.00078594 -0.00165049  0.00039393]
 [-0.00006073 -0.00022336  0.00194473]
 [-0.0009105  -0.00064906  0.00027406]
 [-0.00043524  0.00057419 -0.00040254]
 [-0.00189181  0.00087126 -0.00170899]
 [-0.00058385  0.0000014   0.00039188]
 [ 0.0016027   0.00028906 -0.00173469]
 [ 0.00022843 -0.00181757  0.0057484 ]
 [ 0.0002521   0.00095927 -0.00193039]
 [ 0.00008596 -0.00115528  0.00017099]
 [-0.00072893 -0.00021897 -0.0024766 ]
 [ 0.00142537 -0.00058285  0.00042196]
 [-0.00065766  0.00011044 -0.00087223]
 [-0.00050104  0.00155514  0.00024174]
 [-0.00079488 -0.00061793 -0.00011914]
 [ 0.00038466  0.00047204  0.00139233]
 [-0.00003908  0.00013203  0.00024331]
 [ 0.00023694 -0.00003402  0.00018211]
 [-0.00000989  0.00003027 -0.00009641]
 [ 0.00067836  0.00018462  0.00001948]
 [-0.00028658  0.00091241  0.00005018]
 [ 0.00067366 -0.00000064  0.00012002]
 [ 0.00071184  0.0016613  -0.0022636 ]
 [-0.00188527 -0.00029864  0.00013831]
 [ 0.00000992 -0.00040104 -0.00018023]
 [-0.00019642 -0.00017623 -0.00025208]
 [ 0.00003217  0.00021272  0.00046973]
 [ 0.00003924 -0.00001345  0.00051294]
 [-0.0002798  -0.00013667  0.00029555]]
2023-01-19:12:30:18,835 INFO     [psi4.driver.task_planner:266] PLANNING Atomic:  keywords={'CART_HESS_READ': 0, 'GEOM_MAXITER': 500, 'SCF__GUESS': 'READ', 'OPTKING__INTRAFRAG_STEP_LIMIT': 0.25, 'SCF__INTS_TOLERANCE': 1e-12, 'MAXITER': 500, 'function_kwargs': {}}
2023-01-19:12:30:18,838 INFO     [psi4.driver.driver:617] Compute gradient(): method=scf, basis=cc-pvdz, molecule=default, nre=4248.509435139285
2023-01-19:12:31:30,246 INFO     [psi4.driver.driver:620] Return gradient(): -1997.9626052189406
2023-01-19:12:31:30,247 INFO     [psi4.driver.driver:621] [[ 0.00050576  0.00048747  0.00008493]
 [ 0.0000519  -0.00046819  0.00002295]
 [-0.0002196   0.00007054 -0.00005801]
 [-0.00009695 -0.00050702 -0.00034629]
 [-0.00023206  0.00007397  0.00011022]
 [ 0.00009257  0.0000555  -0.00000878]
 [-0.00021661  0.00035852 -0.00055379]
 [ 0.00023375  0.00020292  0.00020261]
 [-0.00066533 -0.00057485 -0.00007515]
 [ 0.00042154  0.00018418 -0.0000269 ]
 [-0.00001103  0.00022001  0.00054784]
 [ 0.00023648 -0.00029359 -0.0000448 ]
 [-0.00013356  0.00001477 -0.00001481]
 [ 0.00011209 -0.00004224  0.00007461]
 [-0.00010127 -0.00009695  0.0000146 ]
 [ 0.00001477 -0.00033457  0.00016921]
 [ 0.00025129  0.0002224   0.00054108]
 [-0.00000782 -0.00005938 -0.00010246]
 [-0.00032284 -0.0000087  -0.00042256]
 [ 0.00004997 -0.00007784 -0.00052264]
 [-0.00027059 -0.00017688 -0.00053796]
 [ 0.00032944  0.00047463  0.00055126]
 [ 0.00001123  0.00036477  0.0003161 ]
 [-0.00019056  0.00027902 -0.00000332]
 [-0.00038013 -0.00022424  0.00060633]
 [ 0.00039973 -0.00044944  0.00036782]
 [-0.00026371  0.00001129  0.00036383]
 [-0.0002317   0.00005752 -0.00085479]
 [-0.00012794  0.00015683 -0.00003506]
 [ 0.00042641  0.00003022 -0.00029658]
 [ 0.00027819  0.0001207   0.00104472]
 [ 0.00030254  0.00048079  0.00002436]
 [ 0.00031409 -0.00010999 -0.00149632]
 [-0.00026744 -0.00061379 -0.00065739]
 [ 0.00087792  0.00007362  0.00050645]
 [-0.0007186   0.00007045  0.00004492]
 [-0.00037484 -0.00061816  0.0004714 ]
 [-0.00014175  0.00025116 -0.00025053]
 [ 0.00025952  0.00002149 -0.00003776]
 [ 0.00004388  0.00007088  0.0001456 ]
 [ 0.00002949  0.000046    0.00014244]
 [-0.00001967 -0.00005     0.00004064]
 [ 0.00010108 -0.00000421  0.00007332]
 [ 0.00009869  0.00007873 -0.00013076]
 [-0.00008295 -0.00020174  0.00054844]
 [ 0.00062188  0.0005528  -0.00064942]
 [-0.00065063 -0.00002636  0.00001815]
 [-0.00002964 -0.0001786  -0.00005393]
 [ 0.00001399 -0.00003522  0.00002354]
 [-0.00004788  0.00013852 -0.00007485]
 [-0.00006897 -0.00001354  0.00011746]
 [-0.00020415 -0.00000422  0.00008002]]
2023-01-19:12:31:30,787 INFO     [psi4.driver.task_planner:266] PLANNING Atomic:  keywords={'CART_HESS_READ': 0, 'GEOM_MAXITER': 500, 'SCF__GUESS': 'READ', 'OPTKING__INTRAFRAG_STEP_LIMIT': 0.75, 'SCF__INTS_TOLERANCE': 1e-12, 'MAXITER': 500, 'function_kwargs': {}}
2023-01-19:12:31:30,790 INFO     [psi4.driver.driver:617] Compute gradient(): method=scf, basis=cc-pvdz, molecule=default, nre=4249.5959035687465
2023-01-19:12:32:40,818 INFO     [psi4.driver.driver:620] Return gradient(): -1997.962652724324
2023-01-19:12:32:40,820 INFO     [psi4.driver.driver:621] [[ 0.00036069 -0.00059259 -0.00020691]
 [-0.0002332   0.00101393  0.00013929]
 [-0.00017474 -0.00062929  0.00014859]
 [-0.00042701  0.00148266  0.00037716]
 [ 0.00039276 -0.00064315  0.00000841]
 [-0.00010291 -0.0000996  -0.00011065]
 [ 0.00006606 -0.00039732  0.00005636]
 [ 0.00020157 -0.00044751 -0.00028643]
 [-0.00009937 -0.00025266 -0.00021008]
 [-0.00045996  0.00014067  0.00016274]
 [-0.00001199 -0.00002213  0.00025991]
 [-0.00025538  0.00037166 -0.0001929 ]
 [-0.00004027 -0.00008537 -0.00005322]
 [ 0.00006328 -0.00009329  0.00001921]
 [ 0.00004619 -0.00015901  0.000017  ]
 [ 0.00059053  0.00047298  0.00040784]
 [ 0.00009091  0.00016006  0.00048983]
 [ 0.00001818  0.00025949 -0.00005727]
 [ 0.00012387 -0.00010119 -0.00037196]
 [ 0.00003267 -0.00036023  0.00033156]
 [ 0.00011936 -0.00019503 -0.00036535]
 [ 0.00000183  0.00014298  0.0000275 ]
 [ 0.00004306 -0.00033717  0.00037156]
 [ 0.00050816  0.00018089 -0.00046868]
 [-0.00037207 -0.00003228 -0.00122827]
 [-0.00046941  0.00074171  0.00050836]
 [ 0.00022095  0.00026884 -0.00075195]
 [ 0.00024439 -0.00043586  0.00011241]
 [-0.00027627  0.00021173 -0.00025521]
 [ 0.0000287  -0.00030755  0.00000751]
 [ 0.00052502  0.00010912 -0.00017172]
 [ 0.00084128  0.0006646   0.00010951]
 [-0.00026559 -0.0008305   0.00285654]
 [ 0.00013617  0.00072644 -0.00039819]
 [-0.00090507  0.00010575  0.00011939]
 [-0.00052845  0.00000449  0.0003463 ]
 [-0.00046931 -0.00022958  0.00033112]
 [ 0.00015825 -0.00007687 -0.00041144]
 [ 0.00010185 -0.00011436 -0.00068842]
 [ 0.00006164  0.00002978  0.00007013]
 [-0.00019156  0.00006054  0.0000895 ]
 [-0.00005152 -0.00007105  0.0000225 ]
 [-0.00010774 -0.00016356  0.00004143]
 [-0.00004376  0.00004131  0.00008454]
 [ 0.00035351 -0.00064781 -0.00118704]
 [ 0.00037477  0.00045995 -0.0000924 ]
 [ 0.00009752 -0.00045484  0.0001237 ]
 [-0.0000539   0.0000599   0.00015444]
 [ 0.00003742  0.00000099  0.00007554]
 [-0.00006095  0.00003705 -0.00016323]
 [-0.0000987   0.00001503 -0.00014693]
 [-0.00014144  0.00001722 -0.00005162]]
2023-01-19:12:32:41,454 INFO     [psi4.driver.task_planner:266] PLANNING Atomic:  keywords={'CART_HESS_READ': 0, 'GEOM_MAXITER': 500, 'SCF__GUESS': 'READ', 'OPTKING__INTRAFRAG_STEP_LIMIT': 0.1875, 'SCF__INTS_TOLERANCE': 1e-12, 'MAXITER': 500, 'function_kwargs': {}}
2023-01-19:12:32:41,457 INFO     [psi4.driver.driver:617] Compute gradient(): method=scf, basis=cc-pvdz, molecule=default, nre=4248.036864601834
2023-01-19:12:33:54,431 INFO     [psi4.driver.driver:620] Return gradient(): -1997.9627313233452
2023-01-19:12:33:54,434 INFO     [psi4.driver.driver:621] [[-0.00050535  0.00054443  0.0004636 ]
 [ 0.00049353 -0.0009712  -0.0009198 ]
 [-0.00008272  0.00024736  0.00049098]
 [ 0.00054977 -0.00097627 -0.00078619]
 [ 0.00018607  0.00035064  0.00041515]
 [-0.00023486  0.00002629 -0.00000618]
 [-0.00001574  0.00018274  0.00077806]
 [-0.00034133  0.000326    0.00021039]
 [ 0.0001381  -0.00009057 -0.00024091]
 [-0.00069182 -0.00014324  0.00005146]
 [-0.00027834  0.00001093 -0.00004677]
 [ 0.00005336  0.00014338 -0.00009573]
 [ 0.00001757  0.00001595  0.00002305]
 [-0.00002788  0.00000507 -0.00001222]
 [ 0.00013393  0.00009823  0.00008368]
 [-0.0001692   0.00052573 -0.00051923]
 [-0.00019481  0.00018892 -0.00019759]
 [-0.00012328  0.0000114  -0.00004522]
 [-0.00000488  0.0002358  -0.00013817]
 [-0.00001014 -0.00001854  0.00044611]
 [ 0.00022084  0.00014452  0.00007609]
 [-0.00010719  0.00013472 -0.00029467]
 [ 0.00002525 -0.00028378 -0.00030949]
 [-0.00011893 -0.00023455  0.00032048]
 [ 0.00010657  0.00034771 -0.00048371]
 [ 0.0002281   0.00037083  0.00040328]
 [ 0.00028193 -0.00023197 -0.0003739 ]
 [ 0.00075619 -0.00068306  0.0004355 ]
 [-0.00007749  0.00018453 -0.0001114 ]
 [-0.0001764   0.00000682 -0.00004435]
 [ 0.0002367  -0.00009383 -0.00024256]
 [ 0.00010299  0.00014857  0.00026316]
 [ 0.00013526 -0.00026325  0.00130361]
 [ 0.00011537  0.00052759 -0.00007217]
 [-0.00103883  0.00020742 -0.0003417 ]
 [ 0.00011202  0.00006959  0.00020636]
 [-0.00043188  0.00069213  0.00004061]
 [ 0.00034108 -0.00055232  0.00011379]
 [ 0.00011341 -0.00014061 -0.00042758]
 [ 0.00001081 -0.00003933 -0.00007665]
 [-0.0000793  -0.00002749  0.00000098]
 [-0.00001999 -0.00003761 -0.00001836]
 [-0.00013672 -0.0000743  -0.00004726]
 [ 0.00012942 -0.00031671  0.00004769]
 [ 0.00015189 -0.00038024 -0.00044902]
 [ 0.00037234  0.00018825 -0.00005718]
 [ 0.00020075 -0.00053329  0.00060582]
 [-0.00045324  0.00058941 -0.00003515]
 [-0.00029391 -0.00050622 -0.00005388]
 [ 0.00037052  0.00000347 -0.00015359]
 [ 0.00000174  0.00004537 -0.00012827]
 [ 0.00002874  0.00002459 -0.00005098]]
2023-01-19:12:33:55,415 INFO     [psi4.driver.task_planner:266] PLANNING Atomic:  keywords={'CART_HESS_READ': 0, 'GEOM_MAXITER': 500, 'SCF__GUESS': 'READ', 'OPTKING__INTRAFRAG_STEP_LIMIT': 0.1875, 'SCF__INTS_TOLERANCE': 1e-12, 'MAXITER': 500, 'function_kwargs': {}}
2023-01-19:12:33:55,419 INFO     [psi4.driver.driver:617] Compute gradient(): method=scf, basis=cc-pvdz, molecule=default, nre=4247.263506743206
2023-01-19:12:35:05,323 INFO     [psi4.driver.driver:620] Return gradient(): -1997.9627753323398
2023-01-19:12:35:05,324 INFO     [psi4.driver.driver:621] [[-0.00023236 -0.00054237  0.0000884 ]
 [-0.00014694  0.00105752  0.00017668]
 [ 0.00028161 -0.00028718  0.00009209]
 [-0.00000368  0.00041986 -0.00006635]
 [ 0.00010608  0.00000548 -0.00003161]
 [-0.00007299 -0.0000844  -0.00002176]
 [ 0.00021455 -0.00044662  0.00019581]
 [-0.00021935 -0.00026013  0.0001657 ]
 [ 0.00011412 -0.0003803  -0.00018257]
 [-0.00034521 -0.00026408 -0.00017562]
 [-0.00039592 -0.00020283 -0.00000808]
 [-0.00018088  0.00051291 -0.00004092]
 [ 0.00001316 -0.00001936  0.00007851]
 [-0.00004689  0.00007127 -0.00003106]
 [ 0.00009659  0.00006891 -0.00000246]
 [-0.00003351  0.00039573 -0.00072723]
 [-0.00031898 -0.00002767 -0.00039057]
 [-0.0000079  -0.00032079  0.00007574]
 [-0.00011315  0.00046211  0.00000127]
 [-0.0000259   0.00034997  0.00043711]
 [ 0.00015699  0.00020634  0.00015205]
 [-0.000072    0.00025451 -0.00057936]
 [-0.00000819 -0.00022797 -0.00045896]
 [-0.0001219  -0.0000298   0.00066471]
 [-0.00009861 -0.00001788  0.00097432]
 [ 0.00052329  0.00002802 -0.00016467]
 [ 0.00010036 -0.00043477 -0.00021127]
 [ 0.00079532 -0.00030009 -0.00006199]
 [ 0.00017849 -0.00004685  0.00020185]
 [-0.00013701  0.00038399 -0.00009244]
 [-0.00003352 -0.00015597 -0.0001332 ]
 [-0.00056458  0.00014642 -0.00048951]
 [-0.00010367 -0.00010009  0.00030721]
 [-0.00010527 -0.00069671  0.00042716]
 [-0.0002215   0.00043097 -0.00044432]
 [ 0.00050495  0.00008529  0.00016651]
 [-0.00020213  0.00001864 -0.00011867]
 [ 0.00036142 -0.00008302  0.00034182]
 [ 0.00016593 -0.00008355  0.00011526]
 [-0.00013246 -0.00002127 -0.00005371]
 [ 0.00008738 -0.00004176  0.00002303]
 [ 0.00001334  0.00001442 -0.00004162]
 [-0.00012741  0.00008501 -0.00016995]
 [ 0.00016391 -0.00022262  0.00000038]
 [ 0.00004519  0.00041901  0.00015431]
 [ 0.00035316 -0.00013791 -0.00006558]
 [ 0.00025392 -0.00008841  0.00064026]
 [-0.00076847  0.00105604 -0.000363  ]
 [-0.00057246 -0.00091434 -0.00017754]
 [ 0.00051347 -0.00002416 -0.00003353]
 [ 0.00011122 -0.00000173 -0.00000773]
 [ 0.00025843 -0.00000781 -0.00013495]]
2023-01-19:12:35:06,35 INFO     [psi4.driver.task_planner:266] PLANNING Atomic:  keywords={'CART_HESS_READ': 0, 'GEOM_MAXITER': 500, 'SCF__GUESS': 'READ', 'OPTKING__INTRAFRAG_STEP_LIMIT': 0.046875, 'SCF__INTS_TOLERANCE': 1e-12, 'MAXITER': 500, 'function_kwargs': {}}
2023-01-19:12:35:06,39 INFO     [psi4.driver.driver:617] Compute gradient(): method=scf, basis=cc-pvdz, molecule=default, nre=4248.701675805662
2023-01-19:12:36:16,230 INFO     [psi4.driver.driver:620] Return gradient(): -1997.962818173793
2023-01-19:12:36:16,232 INFO     [psi4.driver.driver:621] [[-0.00001068  0.00009645  0.00028179]
 [ 0.00014496 -0.00021257 -0.00022802]
 [ 0.00003107  0.00008317  0.00004558]
 [-0.00005585 -0.00033678 -0.00020158]
 [-0.00010622  0.00012119 -0.00006404]
 [ 0.00006266  0.00004064  0.0000127 ]
 [-0.00005563  0.00014237 -0.00009489]
 [-0.00001524  0.00006768  0.00015993]
 [-0.00018219 -0.00017585  0.00003454]
 [ 0.0001307   0.00006835 -0.00006066]
 [-0.00014072 -0.00012143  0.00020869]
 [-0.00003736  0.00004471 -0.00006545]
 [-0.00002263 -0.00003746 -0.00001107]
 [ 0.00003196  0.00001532 -0.00000864]
 [-0.00001397 -0.00003347 -0.00004913]
 [ 0.00022988  0.00001147  0.0001358 ]
 [-0.00004795 -0.00002861  0.00002051]
 [ 0.00006351  0.00005688  0.00005498]
 [-0.00006822  0.00017172 -0.00006356]
 [-0.00006758  0.00005747  0.00033377]
 [ 0.00005026 -0.00004015 -0.00010432]
 [ 0.00000707  0.00005693 -0.00028837]
 [ 0.00015401 -0.00020394  0.00003296]
 [ 0.00005439  0.00013856 -0.00014987]
 [-0.00009009 -0.00004353  0.00012828]
 [-0.00006233 -0.00001103  0.00001947]
 [-0.0000948  -0.00020384  0.00019098]
 [ 0.000033   -0.0000126  -0.00025362]
 [ 0.00004238 -0.00014501  0.00013172]
 [-0.00003008  0.00007897  0.0002588 ]
 [ 0.00043062  0.00000974 -0.00091932]
 [-0.00041204 -0.00003187  0.00015666]
 [ 0.00009888  0.00009236 -0.00066529]
 [-0.00013908 -0.00015033  0.00031036]
 [ 0.00011597  0.00018086 -0.0001545 ]
 [ 0.00013774 -0.00004265 -0.00000124]
 [-0.00004463 -0.00049969 -0.00020599]
 [-0.00008541  0.00026421  0.00000316]
 [-0.00003686  0.0000518   0.00025349]
 [-0.00006859  0.00001002  0.00003921]
 [ 0.00005353  0.00001736  0.00001244]
 [-0.00000542  0.00002943 -0.00001304]
 [-0.00002803  0.00006918  0.00001328]
 [ 0.00000753  0.00013535  0.00005859]
 [ 0.00012114 -0.00000353  0.00040478]
 [ 0.00010899  0.00025849  0.00027338]
 [-0.00013643 -0.00006265  0.00016499]
 [-0.00014391  0.00021308 -0.00010976]
 [-0.00008386 -0.00012336 -0.00006607]
 [ 0.00002651 -0.00001159  0.00004759]
 [ 0.00003904 -0.0000358   0.00005135]
 [ 0.00010998 -0.00001598 -0.00006133]]
2023-01-19:12:36:17,514 INFO     [psi4.driver.task_planner:266] PLANNING Atomic:  keywords={'CART_HESS_READ': 0, 'GEOM_MAXITER': 500, 'SCF__GUESS': 'READ', 'OPTKING__INTRAFRAG_STEP_LIMIT': 0.046875, 'SCF__INTS_TOLERANCE': 1e-12, 'MAXITER': 500, 'function_kwargs': {}}
2023-01-19:12:36:17,517 INFO     [psi4.driver.driver:617] Compute gradient(): method=scf, basis=cc-pvdz, molecule=default, nre=4248.845747951695
2023-01-19:12:37:27,231 INFO     [psi4.driver.driver:620] Return gradient(): -1997.962836435627
2023-01-19:12:37:27,232 INFO     [psi4.driver.driver:621] [[ 0.00021122 -0.00023102 -0.00008086]
 [-0.00011605  0.00038788  0.0002168 ]
 [ 0.00001191 -0.00012399 -0.00015119]
 [-0.00028983  0.00039417  0.00027596]
 [-0.0000614  -0.00017555 -0.00016129]
 [ 0.00009163 -0.00000979 -0.00000922]
 [-0.00002189 -0.0000716  -0.00027183]
 [ 0.00018419 -0.0000948  -0.00014963]
 [-0.00017308 -0.00002772  0.00006842]
 [ 0.00026836  0.00014999  0.000052  ]
 [ 0.00001262  0.00004524  0.00019064]
 [ 0.00020344 -0.00017944  0.00007393]
 [-0.00001156  0.00002019 -0.00005994]
 [ 0.00003278 -0.00002534  0.00001096]
 [-0.00005336 -0.00001006 -0.00001601]
 [-0.00009888 -0.00022061  0.00020688]
 [ 0.00010677 -0.00002164  0.00017878]
 [-0.00002529  0.00022296 -0.00008209]
 [-0.0001975   0.00006727 -0.00005623]
 [-0.00001234 -0.00009753  0.00008196]
 [-0.00008243 -0.00016666 -0.00013067]
 [ 0.00020373 -0.00003998  0.00001783]
 [ 0.00013236 -0.00004097  0.00009005]
 [-0.00022063  0.00013137 -0.00030173]
 [ 0.00003473  0.00006149 -0.00027983]
 [-0.00001129 -0.00017048  0.00028477]
 [-0.00005676 -0.00001788  0.00016663]
 [-0.00025541  0.00004512 -0.00008889]
 [-0.00001509  0.00000102 -0.00008106]
 [ 0.00008778  0.00005304 -0.00007997]
 [ 0.00010305 -0.00009555  0.0003083 ]
 [ 0.00002962 -0.0001554   0.00007512]
 [ 0.00006075  0.00005462 -0.00050574]
 [-0.00000246  0.00023879  0.00007488]
 [ 0.00018648  0.00009117 -0.00000771]
 [-0.00009936 -0.0000618  -0.00016129]
 [ 0.00026514 -0.00027856 -0.00008509]
 [-0.0003431   0.00011873 -0.00019407]
 [-0.00013807  0.00007503  0.00016827]
 [ 0.00001688  0.00000367  0.00003346]
 [ 0.00000477  0.00001496 -0.000019  ]
 [-0.00000516  0.00001564  0.00002094]
 [ 0.00006219  0.00002781  0.0001064 ]
 [ 0.00000002  0.00005569 -0.00001096]
 [ 0.00004813 -0.00020809  0.00025364]
 [ 0.0000096   0.00035373 -0.0001896 ]
 [-0.00039617 -0.00007902 -0.00009504]
 [ 0.0003466  -0.00044308  0.00014017]
 [ 0.00027183  0.00044031  0.00005482]
 [-0.0002519  -0.00001045  0.00005464]
 [-0.00002687 -0.0000104   0.00002256]
 [-0.00002072 -0.00000252  0.00004012]]
2023-01-19:12:37:28,262 INFO     [psi4.driver.task_planner:266] PLANNING Atomic:  keywords={'CART_HESS_READ': 0, 'GEOM_MAXITER': 500, 'SCF__GUESS': 'READ', 'OPTKING__INTRAFRAG_STEP_LIMIT': 0.140625, 'SCF__INTS_TOLERANCE': 1e-12, 'MAXITER': 500, 'function_kwargs': {}}
2023-01-19:12:37:28,265 INFO     [psi4.driver.driver:617] Compute gradient(): method=scf, basis=cc-pvdz, molecule=default, nre=4248.772345710025
2023-01-19:12:38:40,726 INFO     [psi4.driver.driver:620] Return gradient(): -1997.9628646399792
2023-01-19:12:38:40,728 INFO     [psi4.driver.driver:621] [[ 0.00000109  0.00002838 -0.00015319]
 [-0.00008235  0.00004236  0.00010206]
 [-0.00008039 -0.00003919  0.00004327]
 [ 0.00000712 -0.00008529  0.00017438]
 [-0.00004727  0.0000791  -0.00011377]
 [-0.00003523 -0.00001618  0.00000253]
 [-0.00002636 -0.0000302  -0.00002204]
 [ 0.00007398  0.00010369 -0.00017514]
 [ 0.00007767 -0.00012664 -0.00010352]
 [ 0.0002297   0.00000206  0.00005486]
 [ 0.00007264 -0.00011195 -0.00001425]
 [-0.00006511  0.00024565  0.00012927]
 [-0.00000078  0.0000196   0.00002893]
 [-0.00001904 -0.00000427  0.0000123 ]
 [-0.00003484 -0.00001221 -0.00000694]
 [-0.00006106  0.00000192  0.00001772]
 [ 0.00003211 -0.00011802 -0.000054  ]
 [ 0.00004294 -0.00006561 -0.00003659]
 [-0.00002258 -0.00002168  0.00005583]
 [-0.00007097  0.00011213  0.00012783]
 [-0.0001571  -0.00000579  0.00020938]
 [ 0.00016703 -0.00008439 -0.00017898]
 [-0.00002346 -0.00001806 -0.00010796]
 [ 0.00013663 -0.00003629 -0.00003276]
 [ 0.00000284  0.00003164 -0.0000376 ]
 [ 0.0000161  -0.00002481  0.0001896 ]
 [-0.00002009  0.00018077 -0.00000296]
 [-0.00012336  0.00000834  0.00004597]
 [-0.00005418  0.00004749 -0.00010773]
 [ 0.000007   -0.00000279 -0.00011788]
 [-0.00016829  0.00027366  0.00038541]
 [ 0.00023721 -0.00019672 -0.00023103]
 [-0.0000724   0.00009228  0.00012998]
 [-0.00012005 -0.00025393  0.00020384]
 [-0.00001579  0.00020407 -0.00003969]
 [-0.00014008  0.00006094 -0.0000348 ]
 [ 0.00049385  0.00027468 -0.00005748]
 [-0.00036689 -0.00007955 -0.00022318]
 [ 0.00004609 -0.00001927  0.0000979 ]
 [-0.00002951  0.00001564  0.00009575]
 [-0.00003107 -0.00000844  0.00009302]
 [ 0.00000054 -0.00001307  0.0000179 ]
 [ 0.00009371 -0.0000077  -0.00002878]
 [-0.00004998 -0.00000592 -0.00005936]
 [ 0.00008313 -0.00022004  0.00001859]
 [ 0.00017828 -0.00010148 -0.00017531]
 [-0.00027555 -0.00004974 -0.00017489]
 [ 0.00023225 -0.00028395  0.00010687]
 [ 0.00015975  0.00024605  0.00003787]
 [-0.00017177 -0.00003054 -0.00000076]
 [-0.00003756  0.00002643 -0.00003051]
 [ 0.00001141 -0.0000232  -0.00005994]]
2023-01-19:12:38:41,586 INFO     [psi4.driver.task_planner:266] PLANNING Atomic:  keywords={'CART_HESS_READ': 0, 'GEOM_MAXITER': 500, 'SCF__GUESS': 'READ', 'OPTKING__INTRAFRAG_STEP_LIMIT': 0.140625, 'SCF__INTS_TOLERANCE': 1e-12, 'MAXITER': 500, 'function_kwargs': {}}
2023-01-19:12:38:41,591 INFO     [psi4.driver.driver:617] Compute gradient(): method=scf, basis=cc-pvdz, molecule=default, nre=4248.70114983737
2023-01-19:12:39:54,65 INFO     [psi4.driver.driver:620] Return gradient(): -1997.9628749781646
2023-01-19:12:39:54,66 INFO     [psi4.driver.driver:621] [[ 0.00003877 -0.00001316 -0.00016495]
 [-0.00010042 -0.0001178  -0.0001004 ]
 [ 0.00001968  0.00006187  0.00004101]
 [-0.00003891  0.00023708  0.00037382]
 [ 0.00002869 -0.00002377 -0.0001239 ]
 [-0.00000691 -0.00001108  0.00000229]
 [ 0.00002434  0.00002534  0.0000704 ]
 [ 0.00002237 -0.00010209 -0.00009245]
 [ 0.00007579  0.00025164  0.00004094]
 [ 0.00009664 -0.0001046   0.00000978]
 [-0.00005456  0.00018755 -0.00005561]
 [ 0.00013559 -0.00047599 -0.00011927]
 [ 0.00002264  0.00001306  0.00003687]
 [-0.00002945  0.00000783 -0.000009  ]
 [ 0.00002865  0.00005733  0.00002116]
 [-0.00025827 -0.00008687  0.00002707]
 [ 0.00005124  0.00000506 -0.00017082]
 [-0.00000773 -0.00000019  0.00007704]
 [-0.00003416 -0.00001074  0.00000016]
 [-0.00003119  0.00006039  0.00000167]
 [-0.0001426   0.00016732  0.00011408]
 [-0.00004272 -0.00010993 -0.0000185 ]
 [ 0.00008891  0.00008821 -0.00015619]
 [-0.00006686 -0.00016713  0.00002633]
 [ 0.0002285   0.00020685  0.00019039]
 [ 0.00013813 -0.00012143 -0.00002069]
 [ 0.00004728  0.00006119 -0.0001253 ]
 [ 0.00000833  0.00006185 -0.00009072]
 [-0.00005517 -0.00006489  0.00016096]
 [-0.00007828 -0.00006002  0.00014743]
 [ 0.00005384  0.00034737 -0.00043707]
 [-0.00004548 -0.00006794 -0.00017268]
 [ 0.00002625  0.0002362   0.00050998]
 [-0.0000363   0.00019228  0.00016344]
 [-0.00034788  0.0000569  -0.00034931]
 [ 0.00015203 -0.00002737  0.00007395]
 [ 0.00014359 -0.00026696  0.00002934]
 [-0.00011714  0.0001745  -0.00004721]
 [ 0.00008349  0.00001523  0.000182  ]
 [-0.00005374  0.00001305  0.00004387]
 [-0.00000193  0.00001684  0.00005338]
 [ 0.00001086 -0.00000063 -0.00001739]
 [-0.00001813 -0.00002008 -0.00000362]
 [-0.00000825 -0.00004938  0.00001257]
 [ 0.00015687 -0.00031713 -0.00011517]
 [ 0.00008728 -0.00034095  0.00011286]
 [-0.00007325  0.00004611  0.00003174]
 [-0.00013498  0.0002354  -0.00006633]
 [-0.00013323 -0.00019148 -0.00002917]
 [ 0.00007865 -0.00004188  0.00001681]
 [ 0.00000298 -0.00001465 -0.00000057]
 [ 0.00006613 -0.00001831 -0.000085  ]]
2023-01-19:12:39:54,913 INFO     [psi4.driver.task_planner:266] PLANNING Atomic:  keywords={'CART_HESS_READ': 0, 'GEOM_MAXITER': 500, 'SCF__GUESS': 'READ', 'OPTKING__INTRAFRAG_STEP_LIMIT': 0.03515625, 'SCF__INTS_TOLERANCE': 1e-12, 'MAXITER': 500, 'function_kwargs': {}}
2023-01-19:12:39:54,916 INFO     [psi4.driver.driver:617] Compute gradient(): method=scf, basis=cc-pvdz, molecule=default, nre=4248.337342887151
2023-01-19:12:41:04,45 INFO     [psi4.driver.driver:620] Return gradient(): -1997.9628814653065
2023-01-19:12:41:04,47 INFO     [psi4.driver.driver:621] [[-0.00002042  0.00007445 -0.00002543]
 [-0.00007585  0.00000864  0.00002809]
 [ 0.00007927 -0.0000104  -0.00000891]
 [ 0.00011138 -0.00027054 -0.00000956]
 [-0.00001978  0.00007255 -0.00002082]
 [ 0.00002449  0.00001721  0.0000119 ]
 [ 0.00004103 -0.00000534 -0.00000993]
 [-0.00006218  0.00005728  0.00007875]
 [-0.000002    0.00013368  0.00007758]
 [-0.00004568  0.0000452   0.00001165]
 [-0.0001255  -0.00010415  0.00002851]
 [ 0.00001987 -0.00003702  0.00002493]
 [ 0.00002781 -0.0000223  -0.00001333]
 [-0.00001782 -0.00000096 -0.0000137 ]
 [-0.00000354 -0.00000781 -0.00001416]
 [-0.00007492  0.00005117 -0.00003901]
 [ 0.00009344 -0.00000614 -0.00003117]
 [-0.0000373   0.000052    0.00002227]
 [-0.00007578  0.00000174 -0.00007223]
 [ 0.00005421 -0.00003595 -0.00003133]
 [-0.0000944  -0.00000788 -0.00007008]
 [ 0.00000964 -0.00003061  0.00006659]
 [ 0.00002339  0.00008924  0.00005176]
 [ 0.00000515  0.00004525 -0.00003724]
 [ 0.00013716  0.00013209 -0.00020306]
 [ 0.00000961 -0.00018818  0.00007771]
 [-0.00005023 -0.00008456  0.00005339]
 [ 0.0000661  -0.00005343  0.000077  ]
 [ 0.00005256 -0.00004392  0.00000123]
 [ 0.00001389  0.00002612 -0.00009785]
 [-0.00012435 -0.00004565  0.00033875]
 [-0.00014571 -0.00013712 -0.00016131]
 [ 0.00005812  0.00018438 -0.00018282]
 [ 0.00004615  0.00021045  0.00011189]
 [-0.00011006  0.00008855 -0.00023186]
 [ 0.00023615 -0.00006007 -0.00004016]
 [ 0.00008944 -0.00018784  0.00000564]
 [ 0.00003331  0.00007366  0.00008902]
 [-0.00005737  0.000028    0.00011922]
 [ 0.00001197 -0.00001847 -0.00003522]
 [ 0.00002092  0.00000264 -0.00004155]
 [ 0.00001166  0.00000898 -0.00000828]
 [-0.00001038 -0.00000622  0.00002437]
 [-0.00003177  0.00007151  0.00003818]
 [-0.00000706 -0.00007365  0.00014296]
 [-0.00005809 -0.00005884 -0.00016082]
 [ 0.00002649 -0.00000272  0.00011077]
 [-0.00011968  0.00021188 -0.00004299]
 [-0.00010379 -0.00014958 -0.00001865]
 [ 0.00010582 -0.00002941  0.0000129 ]
 [ 0.00002088 -0.00001249  0.00001255]
 [ 0.00004375  0.00000455  0.00000387]]
2023-01-19:12:41:04,749 INFO     [psi4.driver.task_planner:266] PLANNING Atomic:  keywords={'CART_HESS_READ': 0, 'GEOM_MAXITER': 500, 'SCF__GUESS': 'READ', 'OPTKING__INTRAFRAG_STEP_LIMIT': 0.03515625, 'SCF__INTS_TOLERANCE': 1e-12, 'MAXITER': 500, 'function_kwargs': {}}
2023-01-19:12:41:04,752 INFO     [psi4.driver.driver:617] Compute gradient(): method=scf, basis=cc-pvdz, molecule=default, nre=4248.471628253486
2023-01-19:12:42:14,168 INFO     [psi4.driver.driver:620] Return gradient(): -1997.9628857904686
2023-01-19:12:42:14,170 INFO     [psi4.driver.driver:621] [[-0.0000279   0.00001439  0.00003063]
 [-0.00000382 -0.00000003 -0.0000374 ]
 [ 0.00003749  0.00001313 -0.0000266 ]
 [ 0.00003258 -0.00007731 -0.00003719]
 [ 0.00002418 -0.00000809  0.00003679]
 [ 0.00002447  0.00001589 -0.00000176]
 [ 0.00001104  0.00000321  0.00001248]
 [-0.00001879  0.00002598  0.00001314]
 [-0.00002251  0.00002933  0.0000114 ]
 [-0.00006429  0.00003767  0.00000711]
 [ 0.00001227 -0.00006991 -0.00000351]
 [ 0.00001862  0.00010966  0.00013568]
 [ 0.00000115 -0.00000985 -0.00002878]
 [ 0.0000138   0.00000427 -0.00000256]
 [ 0.00000193 -0.00002024 -0.00000806]
 [-0.00002498 -0.00007589 -0.00010598]
 [ 0.00002281  0.00002279  0.00003217]
 [ 0.00000649  0.00005083  0.00001436]
 [-0.00007792 -0.00004917 -0.00008988]
 [ 0.00004147 -0.0000646  -0.00009244]
 [-0.00001263 -0.00003495 -0.00009136]
 [ 0.00002477 -0.00000085  0.00010907]
 [-0.00004164  0.00009452  0.00010049]
 [-0.00007749  0.00008358  0.0000004 ]
 [-0.00001818  0.00003544 -0.00000348]
 [ 0.00006241 -0.0001077   0.00004402]
 [-0.00003855 -0.0000862   0.00000865]
 [ 0.00000467 -0.00003087  0.0000177 ]
 [ 0.00003157 -0.00000368 -0.00005654]
 [ 0.00002793  0.0000252   0.00003825]
 [ 0.00003254 -0.00007019 -0.00006141]
 [-0.00000029 -0.00013802 -0.00000454]
 [ 0.00001853  0.00003547 -0.00007382]
 [-0.00002413 -0.0000859   0.00010887]
 [-0.00002566  0.00009237 -0.00004198]
 [ 0.00006941  0.00000435 -0.00003995]
 [ 0.0000045   0.00025674 -0.00004527]
 [ 0.00000519 -0.00008556  0.00007364]
 [-0.00010637  0.00001026 -0.00001605]
 [ 0.00005133 -0.00001303 -0.00004   ]
 [-0.00000624 -0.00001145 -0.00006541]
 [-0.00000141  0.00001124  0.00000686]
 [-0.00002434  0.00001247 -0.0000046 ]
 [ 0.00001274  0.00002234  0.00000061]
 [ 0.00001858 -0.00008518  0.00005782]
 [-0.00004471  0.0002051   0.00005313]
 [ 0.00004604 -0.00013134  0.00002166]
 [-0.00000484  0.00001655  0.00002767]
 [ 0.00000089  0.00002941 -0.00000366]
 [ 0.00002322 -0.00001011 -0.00001368]
 [ 0.00000439  0.00000672  0.00000457]
 [-0.00002029  0.00000119  0.00002875]]
2023-01-19:12:42:14,928 INFO     [psi4.driver.task_planner:266] PLANNING Atomic:  keywords={'CART_HESS_READ': 0, 'GEOM_MAXITER': 500, 'SCF__GUESS': 'READ', 'OPTKING__INTRAFRAG_STEP_LIMIT': 0.10546875, 'SCF__INTS_TOLERANCE': 1e-12, 'MAXITER': 500, 'function_kwargs': {}}
2023-01-19:12:42:14,931 INFO     [psi4.driver.driver:617] Compute gradient(): method=scf, basis=cc-pvdz, molecule=default, nre=4248.552946358216
2023-01-19:12:43:24,864 INFO     [psi4.driver.driver:620] Return gradient(): -1997.962888442045
2023-01-19:12:43:24,865 INFO     [psi4.driver.driver:621] [[-0.00005908 -0.00002354  0.000053  ]
 [ 0.00007637  0.00000241 -0.00000464]
 [ 0.00000335  0.00003088 -0.00004677]
 [ 0.00000297  0.00003304 -0.00009828]
 [ 0.00002992 -0.000023    0.00010794]
 [-0.00000598 -0.00000021 -0.00000358]
 [-0.00002552  0.00000194  0.00000221]
 [-0.00000426  0.00000446 -0.00000138]
 [-0.00004763 -0.00003155 -0.00001966]
 [-0.00006354 -0.00001493 -0.00003511]
 [ 0.00002495  0.00004222  0.00001131]
 [ 0.00005609 -0.00001278  0.00007924]
 [-0.00001544  0.00002235 -0.00000525]
 [ 0.00002295 -0.0000017   0.00001392]
 [-0.00000702  0.0000063   0.00000692]
 [ 0.00001376  0.00003759 -0.00005596]
 [-0.00006484  0.00003624  0.00000142]
 [-0.00001576 -0.00005712 -0.00005217]
 [-0.00000825 -0.0000286  -0.00007641]
 [ 0.00002742 -0.00001375 -0.00002957]
 [ 0.00009338  0.00001821  0.00002945]
 [-0.00005686  0.00001576 -0.00003133]
 [-0.00008417  0.00003805  0.00004522]
 [ 0.00002768 -0.00004618  0.00007772]
 [-0.00000763  0.00004989 -0.00003608]
 [ 0.00001975 -0.000008    0.0000722 ]
 [-0.00001217 -0.00002733 -0.00000365]
 [ 0.00003235 -0.0001073   0.00000499]
 [-0.00004828  0.00005419 -0.00003304]
 [ 0.0000144   0.00004445  0.00002215]
 [ 0.0000153   0.0000404  -0.000041  ]
 [ 0.00004829  0.00005354 -0.0000256 ]
 [-0.00001508 -0.00008967 -0.00000744]
 [-0.00003571 -0.00015796  0.00000406]
 [ 0.00009827  0.00006634  0.00010671]
 [-0.00014018  0.00003303  0.00005071]
 [ 0.00000695 -0.00003899  0.0000563 ]
 [-0.00002556  0.00000347 -0.00004838]
 [ 0.00004039 -0.00002125 -0.0000796 ]
 [-0.0000079   0.00000181  0.00002152]
 [-0.00000734 -0.00000218  0.00002876]
 [-0.0000139  -0.00000523  0.00000377]
 [ 0.00001135  0.00000655  0.00000379]
 [ 0.00001712 -0.00001395 -0.00000885]
 [ 0.00002207  0.00005084  0.00002401]
 [ 0.00004015 -0.00002771  0.00003195]
 [ 0.00001314  0.00002072 -0.00009572]
 [ 0.00002966 -0.00006727  0.00000074]
 [ 0.00004693  0.00007968  0.00002158]
 [-0.00004895  0.0000107  -0.00001795]
 [-0.00000481  0.00000909 -0.00000606]
 [-0.00000913  0.00000605 -0.00001812]]
2023-01-19:12:43:25,484 INFO     [psi4.driver.task_planner:266] PLANNING Atomic:  keywords={'CART_HESS_READ': 0, 'GEOM_MAXITER': 500, 'SCF__GUESS': 'READ', 'OPTKING__INTRAFRAG_STEP_LIMIT': 0.10546875, 'SCF__INTS_TOLERANCE': 1e-12, 'MAXITER': 500, 'function_kwargs': {}}
2023-01-19:12:43:25,487 INFO     [psi4.driver.driver:617] Compute gradient(): method=scf, basis=cc-pvdz, molecule=default, nre=4248.659850577071
2023-01-19:12:44:32,135 INFO     [psi4.driver.driver:620] Return gradient(): -1997.9628892117678
2023-01-19:12:44:32,137 INFO     [psi4.driver.driver:621] [[ 0.00002732 -0.0000117   0.00002922]
 [ 0.00002538  0.00003434 -0.00001111]
 [-0.0000028  -0.00000581 -0.00003637]
 [-0.00002581  0.00002704 -0.00004038]
 [ 0.00001645 -0.00003438  0.00006252]
 [-0.00000757 -0.00000492  0.0000001 ]
 [-0.00000766 -0.00000564 -0.00001157]
 [ 0.00000465 -0.0000135   0.00002284]
 [-0.00002399  0.0000279   0.00001191]
 [-0.00004831 -0.00000023 -0.00001734]
 [ 0.00000065  0.00003231 -0.00002318]
 [-0.00000506 -0.00004553 -0.00000854]
 [-0.00000306 -0.00001029  0.00000785]
 [ 0.00001156 -0.0000048   0.00000322]
 [-0.0000026  -0.00000687  0.00000107]
 [ 0.00004719 -0.00001083  0.00001797]
 [-0.00004551  0.00002891 -0.00001264]
 [-0.00000037 -0.00004182  0.00002672]
 [ 0.00003353 -0.00000196 -0.00005719]
 [ 0.00000371 -0.00000588  0.00000795]
 [ 0.00005328  0.000047   -0.00003459]
 [-0.00004394  0.00000711 -0.0000027 ]
 [-0.00001796  0.00001037  0.00005644]
 [ 0.00000764  0.00000673 -0.00000676]
 [-0.00003547 -0.00000787  0.00011918]
 [ 0.00001736  0.00002572 -0.00001768]
 [ 0.00001735 -0.00002265  0.00001147]
 [ 0.00004821 -0.00002797 -0.00008413]
 [-0.00003757  0.00001819  0.00001969]
 [-0.00000981  0.0000011  -0.00001633]
 [ 0.00003048 -0.00001464 -0.00001272]
 [-0.00004139  0.00004376  0.0000891 ]
 [ 0.00006126 -0.00002361  0.00000058]
 [ 0.00002418  0.00023273 -0.00007602]
 [-0.00002267 -0.0000513  -0.00000298]
 [-0.00007263 -0.00000727  0.0000369 ]
 [-0.00002895 -0.00008114  0.0000273 ]
 [ 0.00002084  0.00000767 -0.00003522]
 [ 0.0000637  -0.00000787 -0.00002679]
 [-0.00003109  0.00000474  0.00002215]
 [ 0.00000457  0.00000704  0.00003489]
 [-0.00000717 -0.00000754 -0.00000082]
 [-0.00000198  0.00000253 -0.00001149]
 [ 0.0000136  -0.00001592 -0.00000732]
 [ 0.00001039 -0.00002598  0.00000462]
 [-0.0000212  -0.00007365 -0.00000922]
 [ 0.00001921  0.00003761 -0.00002632]
 [ 0.00000424 -0.00000979 -0.00001042]
 [-0.0000124  -0.0000176  -0.00000734]
 [-0.00001774  0.00000038  0.00000904]
 [-0.00000287 -0.00000335  0.00000247]
 [ 0.0000108  -0.00000087 -0.00001806]]
2023-01-19:12:44:34,479 INFO     [psi4.driver.task_planner:266] PLANNING Atomic:  keywords={'GEOM_MAXITER': 500, 'SCF__INTS_TOLERANCE': 1e-12, 'MAXITER': 500, 'function_kwargs': {}}
2023-01-19:12:44:34,485 INFO     [psi4.driver.driver:774] Compute properties(): method=scf, basis=6-31g*, molecule=optimized, nre=4248.659850577012
2023-01-19:12:46:23,282 INFO     [psi4.driver.driver:777] Return properties(): -1997.8275283723601
2023-01-19:12:46:25,942 INFO     [psi4.driver.task_planner:266] PLANNING Atomic:  keywords={'GEOM_MAXITER': 500, 'SCF__INTS_TOLERANCE': 1e-12, 'MAXITER': 500, 'function_kwargs': {}}
2023-01-19:12:46:25,949 INFO     [psi4.driver.driver:774] Compute properties(): method=scf, basis=6-31g*, molecule=optimized, nre=4248.659850577012
2023-01-19:12:48:15,174 INFO     [psi4.driver.driver:777] Return properties(): -1997.8275283609123
