Electrostatic potential parameters
    van der Waals radii (Angstrom):
                                      N   1.500
                                      C   1.500
                                      H   1.200
                                      O   1.400
                                      F   1.350
    VDW scale factors:                1.40  1.60  1.80  2.00
    VDW point density:                1.000
    ESP method:                       scf
    ESP basis set:                    6-31g*

Grid information (see 1_optimized_grid.dat in Angstrom)
    Number of grid points:            2087

Quantum electrostatic potential (see 1_optimized_grid_esp.dat)

Constraints
    Charge constraints
        Total charge of   0.00000000 on the set   6
        Total charge of   0.00000000 on the set  52

Restraint
    Hyperbolic restraint to a charge of zero
    Hydrogen atoms are not restrained
    resp_a:                           0.0005
    resp_b:                           0.1000

Fit

Electrostatic Potential Charges
   Center  Symbol       ESP      RESP
      1    N       0.48679351  0.48606391
      2    C       0.09531965  0.04713257
      3    C      -0.16093068  0.00107645
      4    C       0.01162945  0.03403781
      5    C       0.15147255  0.05012200
      6    H       0.00000000  0.00000000
      7    O      -0.39615882 -0.38307552
      8    O      -0.37971517 -0.38081094
      9    C       0.16726746 -0.00124848
     10    C      -0.09293680 -0.03656456
     11    C      -0.18418812 -0.20884162
     12    C      -0.09595369 -0.06531945
     13    H       0.13376537  0.15339141
     14    H       0.16307971  0.15534349
     15    H       0.18840329  0.17419077
     16    C      -0.55017327 -0.10663727
     17    C       0.73324082  0.44576275
     18    F      -0.21027257 -0.14425464
     19    F      -0.19196098 -0.13688122
     20    F      -0.20373027 -0.14409245
     21    C       0.73302929  0.36726361
     22    F      -0.19028203 -0.12104002
     23    F      -0.20187673 -0.12261398
     24    F      -0.19032967 -0.11232122
     25    C       0.19122653 -0.02195677
     26    C      -0.07617264 -0.05424095
     27    C      -0.20452943 -0.11170919
     28    C      -0.14117562 -0.08724353
     29    C      -0.12597597 -0.11895118
     30    C      -0.08801294 -0.04487508
     31    C       0.64851404  0.46188320
     32    N      -0.29246297 -0.00743343
     33    C       0.69153078  0.49135607
     34    C       0.19946535 -0.01944535
     35    C      -0.33769145 -0.18686104
     36    C       0.05102722 -0.06837400
     37    C      -0.05939653 -0.00919308
     38    C       0.28692064  0.22076080
     39    C      -0.52220656 -0.40209821
     40    H       0.18229351  0.14842248
     41    H       0.12554988  0.14629128
     42    H       0.16282867  0.15898125
     43    H       0.16911963  0.14181339
     44    H       0.14949566  0.14363314
     45    O      -0.52346517 -0.47446523
     46    O      -0.51883643 -0.46973744
     47    C      -0.51220021 -0.37886994
     48    H       0.15349290  0.11588623
     49    H       0.16281324  0.12384525
     50    H       0.17236159  0.13841761
     51    H       0.23999396  0.21348032
     52    H       0.00000000  0.00000000
Total Charge:      0.00000000  0.00000000
