2023-01-17:09:52:56,976 INFO     [psi4.driver.task_planner:266] PLANNING Atomic:  keywords={'SCF__INTS_TOLERANCE': 1e-12, 'function_kwargs': {}}
2023-01-17:09:52:56,980 INFO     [psi4.driver.driver:617] Compute gradient(): method=scf, basis=cc-pvdz, molecule=default, nre=184.78605226542848
2023-01-17:09:52:59,194 INFO     [psi4.driver.driver:620] Return gradient(): -232.16186929061234
2023-01-17:09:52:59,195 INFO     [psi4.driver.driver:621] [[ 0.0053459  -0.00058476  0.00009941]
 [-0.00341039 -0.00074943  0.00243066]
 [-0.00043866  0.00029129 -0.00053401]
 [ 0.0000896   0.00885262  0.00972041]
 [-0.00198463 -0.01298838 -0.00009369]
 [ 0.00894276 -0.00093081  0.00016348]
 [-0.00223087 -0.00884193 -0.00805492]
 [-0.00022927  0.01208671  0.0013537 ]
 [ 0.00118657 -0.01273242  0.00035008]
 [-0.00779908  0.00474429 -0.00887872]
 [ 0.00316424  0.00785225  0.0095946 ]
 [-0.03750424 -0.01106969  0.03133175]
 [ 0.0025908   0.01178809  0.00247415]
 [ 0.00057088 -0.00991593 -0.00724065]
 [ 0.0317064   0.0121981  -0.03271624]]
2023-01-17:09:52:59,395 INFO     [psi4.driver.task_planner:266] PLANNING Atomic:  keywords={'CART_HESS_READ': 0, 'SCF__GUESS': 'READ', 'SCF__INTS_TOLERANCE': 1e-12, 'function_kwargs': {}}
2023-01-17:09:52:59,398 INFO     [psi4.driver.driver:617] Compute gradient(): method=scf, basis=cc-pvdz, molecule=default, nre=185.26773421296275
2023-01-17:09:53:01,72 INFO     [psi4.driver.driver:620] Return gradient(): -232.16732357864834
2023-01-17:09:53:01,73 INFO     [psi4.driver.driver:621] [[ 0.00064881  0.00050098 -0.00118568]
 [ 0.00147089 -0.00041717  0.00062363]
 [-0.00016267  0.00126279 -0.00278679]
 [-0.00030598  0.00014776 -0.00160022]
 [-0.00022959  0.00113627 -0.00115379]
 [-0.00309242 -0.00045214  0.00165846]
 [ 0.00042937 -0.00010167  0.00138467]
 [ 0.00034702 -0.00102813  0.00096768]
 [-0.00008439  0.00131917 -0.00046871]
 [-0.00012331 -0.00045148  0.00103621]
 [-0.00025704 -0.00049713 -0.0012863 ]
 [ 0.00525457 -0.00032958 -0.00046394]
 [-0.00136278 -0.00061359  0.00078712]
 [-0.00130276  0.00000825  0.0010911 ]
 [-0.00122971 -0.00048434  0.00139656]]
2023-01-17:09:53:01,210 INFO     [psi4.driver.task_planner:266] PLANNING Atomic:  keywords={'CART_HESS_READ': 0, 'SCF__GUESS': 'READ', 'SCF__INTS_TOLERANCE': 1e-12, 'function_kwargs': {}}
2023-01-17:09:53:01,213 INFO     [psi4.driver.driver:617] Compute gradient(): method=scf, basis=cc-pvdz, molecule=default, nre=185.68229931361637
2023-01-17:09:53:02,861 INFO     [psi4.driver.driver:620] Return gradient(): -232.16745324219775
2023-01-17:09:53:02,861 INFO     [psi4.driver.driver:621] [[-0.00038568  0.00060292 -0.00122547]
 [ 0.00068068 -0.00075494  0.00156414]
 [ 0.0000913   0.00052456 -0.00120898]
 [-0.00022633 -0.0001576  -0.00008188]
 [-0.00020391  0.00019476  0.00009636]
 [ 0.00010271 -0.0002171   0.00044913]
 [-0.00002066  0.0001055   0.00028121]
 [-0.00005679 -0.00027026  0.0001171 ]
 [-0.00000127  0.00018568 -0.00007042]
 [ 0.00044591 -0.00002955 -0.00003273]
 [-0.00002311 -0.00006818 -0.00018822]
 [-0.00012178  0.00015862 -0.00039894]
 [ 0.00035002 -0.00027727  0.00011423]
 [ 0.00038219  0.00003748  0.00026054]
 [-0.00101326 -0.00003461  0.00032393]]
2023-01-17:09:53:02,989 INFO     [psi4.driver.task_planner:266] PLANNING Atomic:  keywords={'CART_HESS_READ': 0, 'SCF__GUESS': 'READ', 'SCF__INTS_TOLERANCE': 1e-12, 'function_kwargs': {}}
2023-01-17:09:53:02,999 INFO     [psi4.driver.driver:617] Compute gradient(): method=scf, basis=cc-pvdz, molecule=default, nre=185.57864640562929
2023-01-17:09:53:04,813 INFO     [psi4.driver.driver:620] Return gradient(): -232.16746581383694
2023-01-17:09:53:04,814 INFO     [psi4.driver.driver:621] [[-0.00026899 -0.00000711  0.00006749]
 [ 0.00003822 -0.00003739  0.0000868 ]
 [-0.00013914  0.00004238 -0.00005677]
 [ 0.00001329 -0.00003453  0.0000153 ]
 [ 0.00003858  0.0000043  -0.00000565]
 [ 0.00004183  0.00002603 -0.00002936]
 [-0.00002374 -0.00000557 -0.00000688]
 [-0.00001847  0.00000804 -0.00002225]
 [ 0.00002065 -0.00005838 -0.00000011]
 [-0.00003972  0.00003122 -0.00005112]
 [ 0.00002666  0.00003275  0.0000508 ]
 [-0.00001679 -0.00000374  0.00001341]
 [ 0.00003076 -0.00002049 -0.00001805]
 [ 0.0000365   0.00001151  0.00001156]
 [ 0.00026036  0.00001099 -0.00005517]]
2023-01-17:09:53:04,945 INFO     [psi4.driver.task_planner:266] PLANNING Atomic:  keywords={'CART_HESS_READ': 0, 'SCF__GUESS': 'READ', 'SCF__INTS_TOLERANCE': 1e-12, 'function_kwargs': {}}
2023-01-17:09:53:04,948 INFO     [psi4.driver.driver:617] Compute gradient(): method=scf, basis=cc-pvdz, molecule=default, nre=185.58844368804594
2023-01-17:09:53:06,512 INFO     [psi4.driver.driver:620] Return gradient(): -232.16746409832422
2023-01-17:09:53:06,513 INFO     [psi4.driver.driver:621] [[-0.00000138 -0.000044    0.00006274]
 [-0.00002644  0.00006465 -0.00013847]
 [-0.00000053 -0.00006419  0.00011973]
 [ 0.00004538  0.0000742   0.00001448]
 [-0.00002084 -0.00004675  0.00007401]
 [ 0.00001215 -0.00002474 -0.00006969]
 [ 0.00003164  0.00001704 -0.00007415]
 [ 0.00000534  0.00007299  0.00001661]
 [-0.00000666 -0.00006088  0.00002964]
 [-0.00004224 -0.00000557 -0.00002177]
 [ 0.0000078   0.00002716  0.00003763]
 [-0.00006561 -0.00006292  0.00008853]
 [-0.00001123  0.00004153 -0.00000039]
 [-0.00002045 -0.00000472 -0.00006789]
 [ 0.00009306  0.0000162  -0.00007099]]
2023-01-17:09:53:06,654 INFO     [psi4.driver.task_planner:266] PLANNING Atomic:  keywords={'CART_HESS_READ': 0, 'SCF__GUESS': 'READ', 'SCF__INTS_TOLERANCE': 1e-12, 'function_kwargs': {}}
2023-01-17:09:53:06,657 INFO     [psi4.driver.driver:617] Compute gradient(): method=scf, basis=cc-pvdz, molecule=default, nre=185.59222332581857
2023-01-17:09:53:08,375 INFO     [psi4.driver.driver:620] Return gradient(): -232.16746630696136
2023-01-17:09:53:08,376 INFO     [psi4.driver.driver:621] [[ 0.00003803  0.00001471 -0.00000882]
 [ 0.00001415  0.00002534 -0.0000606 ]
 [ 0.00002316 -0.00002436  0.00004032]
 [-0.00000252  0.00001855  0.00001975]
 [-0.00001171 -0.0000292   0.00000304]
 [-0.00001779  0.00000453 -0.000004  ]
 [ 0.00001358 -0.00001663 -0.00002383]
 [ 0.0000215   0.00002146 -0.00000571]
 [-0.00000653 -0.00001306  0.00000577]
 [-0.00000883 -0.00000081  0.00000674]
 [-0.00000415  0.00000451  0.00001465]
 [ 0.00000332 -0.00003042  0.00005231]
 [-0.00001299  0.00002846 -0.00000513]
 [-0.00001862 -0.0000133  -0.00001994]
 [-0.0000306   0.00001022 -0.00001455]]
2023-01-17:09:53:08,616 INFO     [psi4.driver.task_planner:266] PLANNING Atomic:  keywords={'SCF__INTS_TOLERANCE': 1e-12, 'function_kwargs': {}}
2023-01-17:09:53:08,619 INFO     [psi4.driver.driver:774] Compute properties(): method=scf, basis=6-31g*, molecule=optimized, nre=185.59222332581402
2023-01-17:09:53:10,333 INFO     [psi4.driver.driver:777] Return properties(): -232.1446614678411
2023-01-17:09:53:10,614 INFO     [psi4.driver.task_planner:266] PLANNING Atomic:  keywords={'SCF__INTS_TOLERANCE': 1e-12, 'function_kwargs': {}}
2023-01-17:09:53:10,618 INFO     [psi4.driver.driver:774] Compute properties(): method=scf, basis=6-31g*, molecule=optimized, nre=185.59222332581402
2023-01-17:09:53:13,4 INFO     [psi4.driver.driver:777] Return properties(): -232.1446614678423
