Electrostatic potential parameters
    van der Waals radii (Angstrom):
                                      H   1.200
                                      C   1.500
                                      O   1.400
                                      N   1.500
    VDW scale factors:                1.40  1.60  1.80  2.00
    VDW point density:                1.000
    ESP method:                       scf
    ESP basis set:                    6-31g*

Grid information (see 1_optimized_grid.dat in Angstrom)
    Number of grid points:            2856

Quantum electrostatic potential (see 1_optimized_grid_esp.dat)

Constraints
    Charge constraints
        Total charge of   0.00000000 on the set  71
        Total charge of   0.00000000 on the set  55

Restraint
    Hyperbolic restraint to a charge of zero
    Hydrogen atoms are not restrained
    resp_a:                           0.0005
    resp_b:                           0.1000

Fit

Electrostatic Potential Charges
   Center  Symbol       ESP      RESP
      1    H       0.22892054  0.20762483
      2    C      -0.51502305 -0.42850180
      3    C      -0.00178246 -0.03577251
      4    H       0.14163398  0.14253634
      5    C       0.14136607  0.02021502
      6    C      -0.02457096 -0.05867733
      7    H       0.14724311  0.14737536
      8    C      -0.49511209 -0.40883954
      9    H       0.22470328  0.20403014
     10    C       0.35847202  0.30182433
     11    C      -0.01438936 -0.07908566
     12    C      -0.34125652 -0.12104253
     13    H       0.20072367  0.14886492
     14    C       0.55011022  0.22919617
     15    O      -0.47927440 -0.31250267
     16    H       0.14652339  0.17782389
     17    C       0.04402389 -0.14274420
     18    C      -0.30271126 -0.09334410
     19    H       0.19577734  0.16288769
     20    H       0.13067526  0.14779398
     21    C      -0.37097570 -0.17205555
     22    C      -0.06483909 -0.19893325
     23    C       0.54101376  0.23689946
     24    C      -0.14684956  0.02933722
     25    C       0.44263019  0.18068432
     26    C      -0.39335870 -0.22356466
     27    C      -0.07690742 -0.14184122
     28    H       0.20137873  0.17152999
     29    H       0.14730211  0.13914827
     30    C      -0.43545745 -0.18538565
     31    H       0.20178524  0.15574099
     32    C      -0.42873784 -0.19862235
     33    C      -0.37617798 -0.18800825
     34    H       0.11827173  0.06072641
     35    H       0.10318044  0.05826540
     36    H       0.09178363  0.04401520
     37    H       0.08844729  0.04964738
     38    H       0.08232740  0.04512759
     39    H       0.10371528  0.06155525
     40    H       0.16399854  0.15196163
     41    C      -0.17247473 -0.21110611
     42    C      -0.34315826 -0.16924269
     43    H       0.20033761  0.16667810
     44    C       0.57405043  0.25919517
     45    C      -0.37109074 -0.20747312
     46    H       0.20634016  0.17171568
     47    C      -0.16256593 -0.16997515
     48    H       0.16095793  0.14193226
     49    C      -0.00902817  0.05065614
     50    C       0.77576766  0.51805888
     51    C       0.73067080  0.50761366
     52    N      -0.47392180 -0.12290614
     53    O      -0.55946845 -0.49693811
     54    O      -0.54563336 -0.48499185
     55    H       0.00000000  0.00000000
     56    C      -0.05652982 -0.04896155
     57    C       0.12592565  0.07760020
     58    O      -0.40801719 -0.39112868
     59    C      -0.00327008  0.03850256
     60    C       0.07818335  0.06108179
     61    N       0.44505144  0.45935118
     62    O      -0.41040162 -0.40380804
     63    C      -0.12006078 -0.02277963
     64    C       0.03156009 -0.06542014
     65    C       0.37610054  0.15721769
     66    H       0.17711174  0.14462514
     67    C      -0.44969418 -0.25942264
     68    O      -0.48841311 -0.32062026
     69    H       0.15265933  0.16598074
     70    H       0.21042822  0.16867440
     71    H       0.00000000  0.00000000
Total Charge:      0.00000000 -0.00000000
