2023-01-18:17:46:33,91 INFO     [psi4.driver.task_planner:266] PLANNING Atomic:  keywords={'function_kwargs': {}}
2023-01-18:17:46:33,102 INFO     [psi4.driver.driver:499] Compute energy(): method=scf, basis=cc-pvdz, molecule=default, nre=2353.682323231162
2023-01-18:17:46:57,735 INFO     [psi4.driver.driver:502] Return energy(): -1138.2474895472067
2023-01-18:17:46:57,779 INFO     [psi4.driver.task_planner:266] PLANNING Atomic:  keywords={'GEOM_MAXITER': 500, 'SCF__INTS_TOLERANCE': 1e-12, 'MAXITER': 500, 'function_kwargs': {}}
2023-01-18:17:46:57,782 INFO     [psi4.driver.driver:617] Compute gradient(): method=scf, basis=cc-pvdz, molecule=default, nre=2353.6823232311617
2023-01-18:17:47:46,857 INFO     [psi4.driver.driver:620] Return gradient(): -1138.2474897027564
2023-01-18:17:47:46,859 INFO     [psi4.driver.driver:621] [[-0.01092004  0.00441122  0.00668182]
 [-0.00644047 -0.00582856 -0.00135007]
 [ 0.02786167 -0.01265339 -0.01856822]
 [ 0.01484543 -0.01317866 -0.01613852]
 [ 0.01831047 -0.06510228  0.01305633]
 [-0.03184115  0.01362207  0.02097435]
 [-0.01467275  0.01880326 -0.00549172]
 [ 0.00156708  0.00219908 -0.00126065]
 [-0.02611904  0.02668364  0.00417993]
 [ 0.02902313 -0.0003598  -0.00791116]
 [ 0.00062414 -0.00364186  0.00114181]
 [ 0.04230674 -0.0339953  -0.00212377]
 [-0.00329515 -0.00047442  0.00075677]
 [ 0.0150828   0.01356014  0.00599424]
 [-0.00111116  0.00245132  0.00197372]
 [-0.01337517 -0.00795762 -0.00455722]
 [-0.00259424  0.00904071  0.00834915]
 [-0.00533002  0.00881795  0.00866393]
 [ 0.00104756  0.00738566 -0.00245714]
 [ 0.01703759 -0.02986538  0.00406018]
 [-0.02584671  0.0049576  -0.00809808]
 [ 0.00924095  0.0063161  -0.00751435]
 [ 0.24087946 -0.8353092   0.17244571]
 [-0.00267416  0.00468254 -0.00213832]
 [-0.00037012 -0.00219253 -0.00121344]
 [ 0.00451136 -0.00822089  0.00893642]
 [ 0.00715158 -0.01485646  0.0017358 ]
 [ 0.02411553 -0.00856429 -0.00189372]
 [-0.02144194 -0.0110811   0.00040912]
 [ 0.01247712  0.00821464  0.00190709]
 [-0.01771171 -0.01218362  0.00671648]
 [-0.00011131 -0.08942268  0.0220409 ]
 [ 0.00344355  0.00181442 -0.0014123 ]
 [ 0.00564432 -0.0239699   0.00492682]
 [-0.01781283  0.02773152  0.00065076]
 [ 0.00116707 -0.01099725  0.00564025]
 [ 0.02727215 -0.07180322  0.01413623]
 [ 0.00380244 -0.00400353 -0.004181  ]
 [-0.95100763  0.13521042  0.1312344 ]
 [ 0.48397829  0.5977177   0.60046617]
 [ 0.21764823  0.20673731 -0.92828617]
 [ 0.01631771  0.01808743  0.03358461]
 [ 0.01460876  0.03666063  0.02710811]
 [ 0.01159252  0.03105112  0.01793793]
 [ 0.00321481 -0.0011464  -0.04134751]
 [ 0.0027457   0.01801869 -0.03303317]
 [ 0.00240914  0.01828063 -0.04404422]
 [-0.03551405  0.01779414  0.01003294]
 [-0.03334311  0.01407549  0.00215238]
 [-0.03839455  0.01248289 -0.00487359]]
2023-01-18:17:47:50,139 INFO     [psi4.driver.task_planner:266] PLANNING Atomic:  keywords={'CART_HESS_READ': 0, 'GEOM_MAXITER': 500, 'SCF__GUESS': 'READ', 'SCF__INTS_TOLERANCE': 1e-12, 'MAXITER': 500, 'function_kwargs': {}}
2023-01-18:17:47:50,142 INFO     [psi4.driver.driver:617] Compute gradient(): method=scf, basis=cc-pvdz, molecule=default, nre=2338.2789100395107
2023-01-18:17:48:31,831 INFO     [psi4.driver.driver:620] Return gradient(): -1138.6753933517623
2023-01-18:17:48:31,833 INFO     [psi4.driver.driver:621] [[-0.00959695  0.00341974  0.00548624]
 [-0.00411845 -0.00388982 -0.00028045]
 [ 0.02217085 -0.00935523 -0.014182  ]
 [ 0.01190291 -0.01111371 -0.01356522]
 [ 0.02817072 -0.04107595  0.00523473]
 [-0.02446673  0.01070581  0.0164659 ]
 [-0.01189654  0.01351985 -0.00465198]
 [ 0.00126026  0.00165983 -0.00110136]
 [-0.02125895  0.02076142  0.00508338]
 [ 0.02279242 -0.00061093 -0.00701261]
 [ 0.00060435 -0.00283477  0.00091634]
 [ 0.03441141 -0.0264816  -0.00353146]
 [-0.00231658 -0.00049826  0.00046802]
 [ 0.01133726  0.01106113  0.00476265]
 [-0.00099887  0.00194948  0.00151235]
 [-0.01029064 -0.00605862 -0.00364321]
 [-0.0017202   0.00687083  0.00626821]
 [-0.00451635  0.00656428  0.00657319]
 [ 0.00116874  0.00612377 -0.00210503]
 [ 0.01155908 -0.0183285   0.0022777 ]
 [-0.02042983  0.00410002 -0.0058923 ]
 [ 0.00653294  0.003427   -0.0067408 ]
 [ 0.18238117 -0.62052315  0.12878018]
 [-0.00175646  0.0039527  -0.00172046]
 [-0.00024625 -0.00175732 -0.00088217]
 [ 0.00366994 -0.00617375  0.00788868]
 [ 0.00713142 -0.01128189  0.00050581]
 [ 0.01528877 -0.00264748 -0.00188754]
 [-0.01612717 -0.00912158  0.00060051]
 [ 0.00941345  0.00603459  0.00192017]
 [-0.0115927  -0.0112731   0.00528257]
 [ 0.00705236 -0.08206786  0.01938907]
 [ 0.00230596  0.00175406 -0.00116635]
 [ 0.00345245 -0.01408423  0.00282567]
 [-0.01475906  0.02284784  0.00175836]
 [ 0.00096798 -0.00819136  0.00471155]
 [ 0.00519982 -0.04790005  0.01179737]
 [ 0.00266426 -0.00346032 -0.00346538]
 [-0.70629012  0.0911414   0.09667997]
 [ 0.35049552  0.44614774  0.44729539]
 [ 0.15771047  0.15544865 -0.68796181]
 [ 0.01279434  0.0150935   0.02358816]
 [ 0.01339002  0.02684037  0.0199465 ]
 [ 0.00944189  0.02241476  0.01419488]
 [ 0.00358287  0.00121507 -0.0304969 ]
 [ 0.00277128  0.01231752 -0.0252074 ]
 [ 0.0045211   0.01311296 -0.03322899]
 [-0.02843188  0.01257214  0.00738717]
 [-0.02500537  0.00869593  0.00197286]
 [-0.03032693  0.0089771  -0.00285016]]
2023-01-18:17:48:33,650 INFO     [psi4.driver.task_planner:266] PLANNING Atomic:  keywords={'CART_HESS_READ': 0, 'GEOM_MAXITER': 500, 'SCF__GUESS': 'READ', 'OPTKING__INTRAFRAG_STEP_LIMIT': 1.0, 'SCF__INTS_TOLERANCE': 1e-12, 'MAXITER': 500, 'function_kwargs': {}}
2023-01-18:17:48:33,653 INFO     [psi4.driver.driver:617] Compute gradient(): method=scf, basis=cc-pvdz, molecule=default, nre=2320.0598159366805
2023-01-18:17:49:15,251 INFO     [psi4.driver.driver:620] Return gradient(): -1139.091808839992
2023-01-18:17:49:15,253 INFO     [psi4.driver.driver:621] [[-0.00651076  0.00169138  0.0032051 ]
 [-0.00101122 -0.00149338  0.0009344 ]
 [ 0.01254312 -0.00434033 -0.00727721]
 [ 0.00648216 -0.00703505 -0.00860524]
 [ 0.02518497 -0.02543493  0.00203446]
 [-0.01335341  0.00577966  0.00922283]
 [-0.00638934  0.00723682 -0.00385167]
 [ 0.00074874  0.00086588 -0.00083479]
 [-0.01280547  0.0103926   0.00643803]
 [ 0.01312968 -0.00066543 -0.00569579]
 [ 0.0005331  -0.00156774  0.00056547]
 [ 0.02076727 -0.01397591 -0.00525431]
 [-0.00112125 -0.00049899  0.00013758]
 [ 0.0060071   0.0070067   0.00257774]
 [-0.00075952  0.00126676  0.00086169]
 [-0.00532453 -0.00328359 -0.00235776]
 [-0.00054213  0.00363975  0.00320612]
 [-0.00260766  0.00330025  0.0034057 ]
 [ 0.00118842  0.00392524 -0.00144291]
 [ 0.00600403 -0.01053788  0.00141813]
 [-0.01200799  0.00264405 -0.00235826]
 [ 0.00248682 -0.0000424  -0.00552855]
 [ 0.1184127  -0.39815737  0.08331486]
 [-0.00053974  0.00269872 -0.00104764]
 [-0.00005705 -0.00113522 -0.0004285 ]
 [ 0.00198816 -0.00297816  0.00609124]
 [ 0.00571059 -0.00561706 -0.00127542]
 [ 0.00616913 -0.00020182 -0.00094925]
 [-0.00819006 -0.00582859  0.00071673]
 [ 0.0044467   0.0028767   0.00177249]
 [-0.00546164 -0.0087099   0.00337373]
 [ 0.00378053 -0.05019405  0.01207841]
 [ 0.00103169  0.00122486 -0.00076678]
 [ 0.00272118 -0.00768307  0.00133744]
 [-0.00919901  0.01442411  0.0035534 ]
 [ 0.00046419 -0.00389764  0.00323774]
 [-0.00078248 -0.02694263  0.00724282]
 [ 0.00107085 -0.00242993 -0.00226217]
 [-0.44176477  0.05226122  0.05646585]
 [ 0.21208441  0.28218738  0.28329057]
 [ 0.09934722  0.10069668 -0.43043891]
 [ 0.00869493  0.01089487  0.0136379 ]
 [ 0.00745024  0.01772119  0.01335876]
 [ 0.00686922  0.01312213  0.00982399]
 [ 0.00356336  0.00267734 -0.01872948]
 [ 0.00275967  0.00644089 -0.01636561]
 [ 0.00218497  0.00877048 -0.02177997]
 [-0.01940731  0.0084535   0.00368776]
 [-0.01556834  0.00377771  0.00144178]
 [-0.02042149  0.0066742  -0.00118252]]
2023-01-18:17:49:16,920 INFO     [psi4.driver.task_planner:266] PLANNING Atomic:  keywords={'CART_HESS_READ': 0, 'GEOM_MAXITER': 500, 'SCF__GUESS': 'READ', 'OPTKING__INTRAFRAG_STEP_LIMIT': 1.0, 'SCF__INTS_TOLERANCE': 1e-12, 'MAXITER': 500, 'function_kwargs': {}}
2023-01-18:17:49:16,923 INFO     [psi4.driver.driver:617] Compute gradient(): method=scf, basis=cc-pvdz, molecule=default, nre=2304.25653901327
2023-01-18:17:49:58,30 INFO     [psi4.driver.driver:620] Return gradient(): -1139.3259002850664
2023-01-18:17:49:58,33 INFO     [psi4.driver.driver:621] [[-0.00347931  0.000485    0.00139423]
 [ 0.00039853 -0.00054271  0.00122865]
 [ 0.00539968 -0.00091277 -0.00238932]
 [ 0.00224533 -0.00341888 -0.00427418]
 [ 0.01856925 -0.01664555  0.00091729]
 [-0.00535444  0.00210666  0.003842  ]
 [-0.00243517  0.00315031 -0.00306204]
 [ 0.00032152  0.00030472 -0.00058505]
 [-0.00576724  0.00331077  0.00650614]
 [ 0.00585558 -0.00053385 -0.00490481]
 [ 0.00037091 -0.00062445  0.00031169]
 [ 0.00982648 -0.0052371  -0.00560667]
 [-0.00036765 -0.00040319  0.00001154]
 [ 0.00251589  0.00397218  0.00078206]
 [-0.00051285  0.00065069  0.00025412]
 [-0.00192896 -0.00134711 -0.00129984]
 [ 0.0001181   0.00144915  0.00114234]
 [-0.0009311   0.00106635  0.00121518]
 [ 0.00103807  0.00186489 -0.00082232]
 [ 0.00163708 -0.00535427  0.00086596]
 [-0.00583812  0.00131679  0.00039575]
 [ 0.0002574  -0.00171764 -0.00431578]
 [ 0.07322875 -0.25490523  0.05402969]
 [ 0.00009696  0.00153157 -0.00049898]
 [ 0.00007984 -0.00058319 -0.00003649]
 [ 0.00066329 -0.00058831  0.00448469]
 [ 0.00344626 -0.00161313 -0.00217042]
 [ 0.00170587  0.00004873 -0.0003448 ]
 [-0.00312851 -0.00315262  0.00058424]
 [ 0.00127774  0.0008929   0.00140304]
 [-0.002559   -0.00527147  0.00192194]
 [ 0.00248166 -0.03268964  0.00776211]
 [ 0.00019982  0.00069517 -0.00045969]
 [ 0.00220296 -0.00401175  0.00049097]
 [-0.00416001  0.00750594  0.00448068]
 [ 0.00013853 -0.00111907  0.002139  ]
 [-0.00047533 -0.01290322  0.00355042]
 [ 0.00005962 -0.00141985 -0.00120335]
 [-0.27748913  0.03323645  0.03508062]
 [ 0.13295819  0.17812059  0.17894895]
 [ 0.06219546  0.06345698 -0.27145335]
 [ 0.00572156  0.0073194   0.007296  ]
 [ 0.00363213  0.01164382  0.00856422]
 [ 0.00500894  0.00703727  0.0063823 ]
 [ 0.00278902  0.00262098 -0.01101237]
 [ 0.00244134  0.00282783 -0.01009183]
 [ 0.0002137   0.00596568 -0.01379655]
 [-0.01255443  0.00595655  0.00158139]
 [-0.00909466  0.00128142  0.00105518]
 [-0.01301957  0.00517615 -0.00029458]]
2023-01-18:17:49:59,770 INFO     [psi4.driver.task_planner:266] PLANNING Atomic:  keywords={'CART_HESS_READ': 0, 'GEOM_MAXITER': 500, 'SCF__GUESS': 'READ', 'OPTKING__INTRAFRAG_STEP_LIMIT': 1.0, 'SCF__INTS_TOLERANCE': 1e-12, 'MAXITER': 500, 'function_kwargs': {}}
2023-01-18:17:49:59,773 INFO     [psi4.driver.driver:617] Compute gradient(): method=scf, basis=cc-pvdz, molecule=default, nre=2289.409152385765
2023-01-18:17:50:40,310 INFO     [psi4.driver.driver:620] Return gradient(): -1139.4592654115086
2023-01-18:17:50:40,311 INFO     [psi4.driver.driver:621] [[-0.00112239  0.00003224  0.00038287]
 [ 0.00045787 -0.00052099  0.00086615]
 [ 0.00153224  0.00026928 -0.00025349]
 [ 0.00028593 -0.00117815 -0.00162434]
 [ 0.01125343 -0.01013923  0.00050963]
 [-0.00186154  0.00029749  0.00115353]
 [-0.00087426  0.00056954 -0.00209105]
 [ 0.00008016  0.00008875 -0.0003468 ]
 [-0.00169934  0.00036598  0.00489764]
 [ 0.0020881  -0.0002203  -0.00436557]
 [ 0.00015643 -0.000192    0.00021609]
 [ 0.00373083 -0.00124062 -0.00416181]
 [-0.00020403 -0.00025232  0.00008173]
 [ 0.00107981  0.00217066 -0.00035164]
 [-0.00030217  0.00038972 -0.0000186 ]
 [-0.00055689 -0.00039158 -0.00059535]
 [ 0.00019667  0.00051156  0.00031928]
 [-0.00001386  0.00005061  0.00033999]
 [ 0.00067696  0.00067995 -0.00039705]
 [ 0.00018133 -0.00212503  0.00030562]
 [-0.00242991  0.00023705  0.0018695 ]
 [-0.00046139 -0.00168127 -0.00300861]
 [ 0.04429061 -0.15833084  0.03404593]
 [ 0.00008416  0.00071584 -0.0001371 ]
 [ 0.00011717 -0.00031268  0.00010014]
 [ 0.0001225   0.00066523  0.00316418]
 [ 0.00120779  0.00014471 -0.00188128]
 [ 0.00082838 -0.00014355 -0.00017784]
 [-0.00121439 -0.00151013  0.00010617]
 [ 0.00035251  0.00010273  0.00093172]
 [-0.00134704 -0.00195759  0.00077757]
 [ 0.0018432  -0.02143167  0.00499888]
 [-0.00000838  0.00037555 -0.00029797]
 [ 0.00120054 -0.00191738  0.0001217 ]
 [-0.00120959  0.00341153  0.00397008]
 [ 0.00009107 -0.00014241  0.00144512]
 [ 0.00049466 -0.0039824   0.00106925]
 [-0.00014309 -0.00066468 -0.00053904]
 [-0.16940255  0.019903    0.0210046 ]
 [ 0.08073252  0.10886804  0.11015391]
 [ 0.03808976  0.03850097 -0.16622819]
 [ 0.00318896  0.00429026  0.00345963]
 [ 0.0014517   0.00721872  0.00480329]
 [ 0.00320025  0.00331043  0.00355614]
 [ 0.00170561  0.00189686 -0.005715  ]
 [ 0.00182736  0.00101027 -0.00544701]
 [-0.00049657  0.00400656 -0.00793916]
 [-0.00725997  0.00414878  0.00046903]
 [-0.00445287  0.00026475  0.0005794 ]
 [-0.00748824  0.00383778 -0.00012188]]
2023-01-18:17:50:42,548 INFO     [psi4.driver.task_planner:266] PLANNING Atomic:  keywords={'CART_HESS_READ': 0, 'GEOM_MAXITER': 500, 'SCF__GUESS': 'READ', 'OPTKING__INTRAFRAG_STEP_LIMIT': 1.0, 'SCF__INTS_TOLERANCE': 1e-12, 'MAXITER': 500, 'function_kwargs': {}}
2023-01-18:17:50:42,551 INFO     [psi4.driver.driver:617] Compute gradient(): method=scf, basis=cc-pvdz, molecule=default, nre=2276.7667586184057
2023-01-18:17:51:23,633 INFO     [psi4.driver.driver:620] Return gradient(): -1139.5309341035027
2023-01-18:17:51:23,636 INFO     [psi4.driver.driver:621] [[ 0.00014798  0.00010093  0.00007105]
 [ 0.00028482 -0.00046782  0.00044711]
 [-0.0001413   0.00029209  0.0003283 ]
 [-0.00005609 -0.00025485 -0.00052679]
 [ 0.00448673 -0.00549317  0.00046641]
 [-0.0006192  -0.000305    0.00008089]
 [-0.00027381 -0.00054927 -0.00121122]
 [-0.00001764  0.00005277 -0.00009663]
 [ 0.00022582 -0.00023443  0.00245404]
 [ 0.00036654  0.00003583 -0.00358721]
 [-0.00004938 -0.00003963  0.00021798]
 [ 0.000815   -0.00003418 -0.0020197 ]
 [-0.00013245 -0.00012689  0.00013739]
 [ 0.0003662   0.00113742 -0.00086343]
 [-0.00013782  0.00029153 -0.0001064 ]
 [-0.00019181  0.00008371 -0.00007315]
 [ 0.00010602  0.00016873  0.00007811]
 [ 0.00020233 -0.00042248  0.00021774]
 [ 0.00030547  0.00021166 -0.00015578]
 [ 0.00047667 -0.00077277 -0.0000653 ]
 [-0.00074243 -0.00045064  0.00237004]
 [-0.00055746 -0.00098326 -0.00150219]
 [ 0.0251942  -0.09115678  0.01999839]
 [-0.00008114  0.00021875  0.00014238]
 [ 0.00007654 -0.00019202  0.00009071]
 [ 0.00018075  0.00104963  0.00193103]
 [-0.00005997  0.00032076 -0.00087583]
 [ 0.00061947 -0.0002965  -0.00011751]
 [-0.00043025 -0.00051761 -0.00046531]
 [ 0.00030339 -0.00031688  0.00035115]
 [-0.00059563 -0.00020381  0.00012774]
 [ 0.00101339 -0.01311275  0.00302359]
 [ 0.00005514  0.00011189 -0.00018087]
 [ 0.00028016 -0.00103517  0.00006543]
 [-0.00003867  0.00144145  0.0024722 ]
 [ 0.00004952  0.00008138  0.00087812]
 [ 0.00146105  0.00084111 -0.00036537]
 [-0.00005585 -0.00020313 -0.00019141]
 [-0.09669785  0.01080894  0.0116418 ]
 [ 0.04580489  0.06192488  0.06373185]
 [ 0.02200194  0.02138568 -0.09525688]
 [ 0.00114366  0.00183911  0.00123343]
 [ 0.00022243  0.00401088  0.00193789]
 [ 0.00156304  0.00117989  0.00129529]
 [ 0.00057852  0.00092886 -0.00215326]
 [ 0.00106779  0.00031797 -0.00207718]
 [-0.00061027  0.00261462 -0.00367543]
 [-0.00327247  0.00287789  0.00003069]
 [-0.00119556  0.00015553  0.00010869]
 [-0.0034424   0.00268515 -0.0003626 ]]
2023-01-18:17:51:25,276 INFO     [psi4.driver.task_planner:266] PLANNING Atomic:  keywords={'CART_HESS_READ': 0, 'GEOM_MAXITER': 500, 'SCF__GUESS': 'READ', 'OPTKING__INTRAFRAG_STEP_LIMIT': 1.0, 'SCF__INTS_TOLERANCE': 1e-12, 'MAXITER': 500, 'function_kwargs': {}}
2023-01-18:17:51:25,280 INFO     [psi4.driver.driver:617] Compute gradient(): method=scf, basis=cc-pvdz, molecule=default, nre=2266.949110829412
2023-01-18:17:52:07,978 INFO     [psi4.driver.driver:620] Return gradient(): -1139.563456466647
2023-01-18:17:52:07,979 INFO     [psi4.driver.driver:621] [[ 0.00048941  0.00013255 -0.00003166]
 [ 0.00015585 -0.0001588   0.00017731]
 [-0.00052066  0.00014457  0.00037073]
 [ 0.00000972 -0.00004188 -0.00021559]
 [ 0.00114094 -0.00243744  0.0002544 ]
 [-0.000218   -0.00031729 -0.00016362]
 [-0.00003376 -0.00061846 -0.00046757]
 [-0.00002793  0.00006291  0.00013925]
 [ 0.00063423 -0.00029552  0.00045999]
 [-0.00035606  0.00024224 -0.00229691]
 [-0.00019566  0.00006712  0.00022636]
 [-0.00022174  0.0000831  -0.00043311]
 [-0.00003685 -0.00005694  0.00009705]
 [-0.00007463  0.00061036 -0.00087819]
 [-0.00002427  0.00018928 -0.00014871]
 [-0.00004581  0.00021934  0.00015154]
 [ 0.00002234  0.00001332  0.00000939]
 [ 0.00014535 -0.00072679  0.00036476]
 [ 0.0000635   0.00003124 -0.00000807]
 [ 0.00036361 -0.00019293 -0.00016317]
 [-0.0000509  -0.00072054  0.00202506]
 [-0.00026953 -0.00028319  0.00010474]
 [ 0.01278337 -0.0463198   0.01054222]
 [-0.00019565 -0.00006543  0.00036802]
 [ 0.00000972 -0.00009245  0.00005488]
 [ 0.00037074  0.00094705  0.00071477]
 [-0.00028865  0.00017183  0.00001649]
 [ 0.00031353 -0.00011765 -0.00012098]
 [ 0.00004524  0.00001776 -0.00100733]
 [ 0.00010228 -0.00057714 -0.00021396]
 [-0.00011999  0.00024576 -0.00009709]
 [ 0.0002906  -0.00761306  0.00177028]
 [ 0.00010267 -0.00007205 -0.00006853]
 [-0.00008067 -0.00053489  0.00006357]
 [ 0.00033984  0.0005735   0.00081693]
 [-0.0000327   0.00009735  0.0003726 ]
 [ 0.00137781  0.00236541 -0.00082221]
 [ 0.00004213  0.0000421  -0.00001683]
 [-0.04982504  0.00515887  0.00592203]
 [ 0.02367629  0.03157881  0.03364425]
 [ 0.01141908  0.01020338 -0.04962129]
 [-0.00021365  0.00020203  0.00010334]
 [-0.00023059  0.00188635  0.00005044]
 [ 0.00035231  0.00011565 -0.00019918]
 [-0.00028579  0.00012534 -0.00008498]
 [ 0.00038853  0.00017123  0.00001735]
 [-0.00037796  0.00166479 -0.00095501]
 [-0.00073071  0.00191144  0.00010848]
 [ 0.00075898  0.000325   -0.00021564]
 [-0.00094087  0.00164255 -0.00071663]]
2023-01-18:17:52:09,289 INFO     [psi4.driver.task_planner:266] PLANNING Atomic:  keywords={'CART_HESS_READ': 0, 'GEOM_MAXITER': 500, 'SCF__GUESS': 'READ', 'OPTKING__INTRAFRAG_STEP_LIMIT': 1.0, 'SCF__INTS_TOLERANCE': 1e-12, 'MAXITER': 500, 'function_kwargs': {}}
2023-01-18:17:52:09,292 INFO     [psi4.driver.driver:617] Compute gradient(): method=scf, basis=cc-pvdz, molecule=default, nre=2260.446869964248
2023-01-18:17:52:50,822 INFO     [psi4.driver.driver:620] Return gradient(): -1139.5746419024058
2023-01-18:17:52:50,824 INFO     [psi4.driver.driver:621] [[ 0.00018777  0.00017999  0.00011377]
 [ 0.00024035  0.00012715  0.00000451]
 [-0.00054649 -0.00008881  0.00017034]
 [-0.00000395 -0.00014215 -0.00022966]
 [ 0.00019043 -0.00083311  0.00003145]
 [ 0.00001929 -0.00015183 -0.00008093]
 [ 0.00002886 -0.0003505  -0.00000012]
 [ 0.00003078  0.00004085  0.00018534]
 [ 0.00025686 -0.0001501   0.00021905]
 [-0.00046774  0.00030583 -0.00078469]
 [-0.00025708  0.00008778  0.00016842]
 [-0.00018795 -0.00041052 -0.00060853]
 [-0.00003465 -0.00004495  0.00000318]
 [-0.00029067  0.00050476 -0.00059538]
 [ 0.00010388  0.00011194 -0.00015746]
 [ 0.00000197  0.00010759  0.00003612]
 [ 0.00003387 -0.0000244  -0.00000303]
 [ 0.00017745 -0.00073301  0.00050343]
 [-0.00002966 -0.00003198  0.00005921]
 [ 0.00014808 -0.0000083  -0.00012185]
 [ 0.00025515 -0.00075018  0.00097437]
 [ 0.0000751  -0.00004851  0.00088018]
 [ 0.00537129 -0.01879081  0.00457621]
 [-0.00025378 -0.0001727   0.00041772]
 [-0.00008387 -0.00001618  0.00006064]
 [ 0.00030921  0.00084594  0.00001202]
 [-0.00007142  0.00015024  0.00007696]
 [ 0.00013898  0.00002943 -0.00010067]
 [ 0.00005544  0.00022854 -0.00120849]
 [-0.00020281 -0.00061665 -0.00025405]
 [ 0.00005553  0.00023969 -0.00008615]
 [-0.00015067 -0.00423692  0.00102336]
 [ 0.00010628 -0.00011012  0.00000335]
 [-0.00011399 -0.00020678  0.00010069]
 [ 0.00038397  0.00051595  0.00011972]
 [-0.0000756   0.00004885  0.00011264]
 [ 0.00071258  0.00188546 -0.00070073]
 [ 0.00013295  0.00009408  0.00006372]
 [-0.02171201  0.00200833  0.00273851]
 [ 0.01065542  0.01344055  0.01544048]
 [ 0.00481822  0.00370674 -0.02231822]
 [-0.00075829 -0.00050917 -0.00035249]
 [-0.00029805  0.00070338 -0.00077183]
 [-0.00031619 -0.00031282 -0.00080993]
 [-0.0006147  -0.00022811  0.00077419]
 [-0.00004773  0.00013343  0.0009181 ]
 [-0.00012882  0.00102663  0.00033196]
 [ 0.00042253  0.00117418  0.00020742]
 [ 0.00153307  0.00038969 -0.00035086]
 [ 0.00020078  0.0008816  -0.00079199]]
2023-01-18:17:52:52,897 INFO     [psi4.driver.task_planner:266] PLANNING Atomic:  keywords={'CART_HESS_READ': 0, 'GEOM_MAXITER': 500, 'SCF__GUESS': 'READ', 'OPTKING__INTRAFRAG_STEP_LIMIT': 1.0, 'SCF__INTS_TOLERANCE': 1e-12, 'MAXITER': 500, 'function_kwargs': {}}
2023-01-18:17:52:52,901 INFO     [psi4.driver.driver:617] Compute gradient(): method=scf, basis=cc-pvdz, molecule=default, nre=2256.955570448125
2023-01-18:17:53:34,390 INFO     [psi4.driver.driver:620] Return gradient(): -1139.5771642024592
2023-01-18:17:53:34,392 INFO     [psi4.driver.driver:621] [[-0.00007952 -0.0007682  -0.00058497]
 [ 0.00016956  0.00061533  0.00048525]
 [-0.00010033 -0.00178067 -0.0013783 ]
 [ 0.00010138  0.00054623  0.00036045]
 [ 0.00025511  0.00017886 -0.00020151]
 [-0.00039628  0.00083648  0.00085605]
 [-0.00033294 -0.00043291  0.00005637]
 [ 0.00002017  0.00014612 -0.00007142]
 [ 0.0001608   0.0004628  -0.00022872]
 [-0.00022047  0.0002377   0.00001472]
 [-0.00016109 -0.00022767  0.0000163 ]
 [-0.00033283 -0.00012827  0.00000922]
 [-0.00013502  0.00014651  0.00016466]
 [-0.00043448 -0.00034644 -0.00100637]
 [ 0.00036705  0.00085177  0.00040689]
 [ 0.00025311 -0.00020207 -0.00036506]
 [ 0.00006631  0.00108951  0.00089016]
 [-0.00003304  0.00000484  0.00084399]
 [-0.00000699  0.00004201 -0.00000005]
 [ 0.00034428  0.00008288 -0.00009127]
 [ 0.00091376 -0.00019771  0.00006435]
 [ 0.00015655 -0.00025496  0.00020127]
 [ 0.00150972 -0.00515141  0.0014902 ]
 [-0.00014911  0.00003173  0.00010933]
 [-0.00032731 -0.00084248 -0.00052299]
 [-0.00003115  0.00011121  0.00056997]
 [ 0.00002647  0.00005664  0.00004079]
 [ 0.00020131 -0.00008918  0.00001661]
 [-0.00007612  0.00030423 -0.00073846]
 [-0.00016685  0.00013467  0.00011846]
 [ 0.00008981  0.00044274 -0.00016743]
 [-0.00025925 -0.00240702  0.0005518 ]
 [ 0.00039081  0.00024227 -0.00010234]
 [-0.00036866 -0.00034301  0.00018835]
 [-0.00004805 -0.000318    0.00019411]
 [-0.00002905 -0.00015642  0.00004627]
 [ 0.00000851  0.00098768 -0.00040993]
 [ 0.00036863 -0.00048077 -0.00035767]
 [-0.00735821  0.00036525  0.000565  ]
 [ 0.00341999  0.00393367  0.00635613]
 [ 0.0019388   0.00078946 -0.00793389]
 [-0.00049129 -0.00042911 -0.00094871]
 [-0.00048293  0.00016565 -0.00077137]
 [-0.00051155 -0.00037444 -0.00079274]
 [-0.00039819 -0.00009985  0.00101931]
 [-0.00030828 -0.00001662  0.00097311]
 [-0.00036056  0.00053551  0.00063071]
 [ 0.0006939   0.00072613 -0.00014331]
 [ 0.00145692  0.00026625 -0.00021191]
 [ 0.00068656  0.00071309 -0.00021142]]
2023-01-18:17:53:36,355 INFO     [psi4.driver.task_planner:266] PLANNING Atomic:  keywords={'CART_HESS_READ': 0, 'GEOM_MAXITER': 500, 'SCF__GUESS': 'READ', 'OPTKING__INTRAFRAG_STEP_LIMIT': 1.0, 'SCF__INTS_TOLERANCE': 1e-12, 'MAXITER': 500, 'function_kwargs': {}}
2023-01-18:17:53:36,358 INFO     [psi4.driver.driver:617] Compute gradient(): method=scf, basis=cc-pvdz, molecule=default, nre=2256.031758623754
2023-01-18:17:54:17,784 INFO     [psi4.driver.driver:620] Return gradient(): -1139.577529314286
2023-01-18:17:54:17,785 INFO     [psi4.driver.driver:621] [[-0.00045421 -0.0003755  -0.00004669]
 [ 0.00068438  0.00070474  0.0002441 ]
 [ 0.00008233 -0.00171219 -0.00136479]
 [-0.0000288  -0.00008002 -0.00009038]
 [ 0.00014104 -0.00012451 -0.00006762]
 [-0.00069019  0.00095319  0.00102289]
 [ 0.00006657  0.00003125 -0.000034  ]
 [ 0.00005408  0.0000077   0.00001887]
 [ 0.00003862 -0.00012006  0.00019413]
 [-0.00011313  0.00004426 -0.00002017]
 [-0.00016492 -0.0000459  -0.00007731]
 [ 0.00024596  0.00001058 -0.00006597]
 [-0.00014927  0.00013432  0.00016668]
 [-0.00037227 -0.00054143 -0.00061069]
 [ 0.0003535   0.00080949  0.00034234]
 [ 0.00048924 -0.0002539  -0.00031096]
 [ 0.00004647  0.00116047  0.00082769]
 [-0.00030583  0.00023959  0.00065843]
 [-0.00002457  0.00001578 -0.00001415]
 [-0.00007624  0.00005468  0.00001584]
 [ 0.0008846   0.00021738  0.00000585]
 [ 0.00012345  0.00007051  0.00001952]
 [ 0.00026633  0.00002514  0.00021298]
 [-0.00014738 -0.00006488  0.00013555]
 [-0.0002745  -0.00076685 -0.00046597]
 [-0.00030329  0.00003437  0.00032846]
 [-0.00022717 -0.00009639 -0.0000542 ]
 [-0.00018489  0.00000428  0.00000026]
 [-0.00032681 -0.00006077 -0.00022207]
 [ 0.00012756 -0.0000553  -0.00018062]
 [ 0.00008202  0.0000079  -0.00000395]
 [-0.00012293 -0.00168185  0.00037   ]
 [ 0.00000296 -0.00000117 -0.00000522]
 [ 0.00002133 -0.00002225  0.00004639]
 [-0.00001462  0.00023096  0.00000296]
 [-0.00002278  0.00001202 -0.00004567]
 [ 0.00017323  0.00027588 -0.00018748]
 [ 0.00041443 -0.00042107 -0.0003846 ]
 [-0.00165541  0.00024379 -0.00006245]
 [ 0.00073927  0.00076821  0.00207873]
 [ 0.00046969  0.00000737 -0.00229351]
 [-0.00030532 -0.0003096  -0.00040653]
 [-0.00011471  0.00009471 -0.00049896]
 [-0.00044116 -0.00027777 -0.00051501]
 [-0.00028487 -0.00016788  0.00054229]
 [-0.00033245 -0.00007846  0.00066493]
 [-0.00003971  0.00029519  0.0003582 ]
 [ 0.00032101  0.00035536  0.00008373]
 [ 0.00106222  0.0001656  -0.00012787]
 [ 0.00028714  0.00028302 -0.000184  ]]
2023-01-18:17:54:19,566 INFO     [psi4.driver.task_planner:266] PLANNING Atomic:  keywords={'CART_HESS_READ': 0, 'GEOM_MAXITER': 500, 'SCF__GUESS': 'READ', 'OPTKING__INTRAFRAG_STEP_LIMIT': 1.0, 'SCF__INTS_TOLERANCE': 1e-12, 'MAXITER': 500, 'function_kwargs': {}}
2023-01-18:17:54:19,570 INFO     [psi4.driver.driver:617] Compute gradient(): method=scf, basis=cc-pvdz, molecule=default, nre=2256.1773178743356
2023-01-18:17:54:59,626 INFO     [psi4.driver.driver:620] Return gradient(): -1139.5776009391786
2023-01-18:17:54:59,627 INFO     [psi4.driver.driver:621] [[-0.00030573  0.00016753  0.0001209 ]
 [ 0.00024959  0.00007378 -0.0000241 ]
 [ 0.00019827 -0.00036915 -0.00008731]
 [-0.00005786 -0.00026993 -0.00007903]
 [ 0.0000723  -0.00000841 -0.00007001]
 [-0.00013266  0.00028875  0.00002378]
 [-0.00004197 -0.00001537  0.00004896]
 [ 0.00001629 -0.00001433 -0.00004636]
 [ 0.00004142  0.00001933 -0.00033242]
 [-0.00018922  0.00000851  0.00013263]
 [-0.00005197  0.00002025 -0.0000025 ]
 [-0.0001428   0.00012684  0.00008629]
 [ 0.00000795  0.00000652 -0.00000283]
 [-0.00008473 -0.00011883 -0.00002292]
 [ 0.00008297  0.00002863 -0.00001508]
 [ 0.00005276  0.00006035 -0.00004433]
 [ 0.00001865  0.00009201  0.00008518]
 [ 0.00000507  0.00002784  0.00001367]
 [ 0.00000396  0.00000401  0.00000734]
 [-0.00003676  0.00005917  0.00001094]
 [ 0.00027299  0.00009057 -0.00017375]
 [ 0.00016236 -0.00008862 -0.00025744]
 [-0.00000842  0.00089197 -0.00005608]
 [-0.000026   -0.00004523 -0.00000449]
 [-0.00005604 -0.00006834 -0.0000241 ]
 [-0.00002807 -0.00010727  0.00013623]
 [-0.00002902  0.0000315   0.00023292]
 [ 0.0000099  -0.00001106  0.00000078]
 [-0.00004846  0.00006219 -0.00004676]
 [ 0.00005294  0.00006278  0.00019812]
 [-0.00001529  0.00001127 -0.00003155]
 [ 0.0000214  -0.00141701  0.00032217]
 [ 0.00000752  0.00000305 -0.00000054]
 [-0.00001314  0.00000787  0.00003686]
 [-0.00001663 -0.00011283  0.0001147 ]
 [-0.00000759 -0.00004026 -0.00003742]
 [-0.00000434  0.00009045 -0.00004409]
 [ 0.00007876  0.00002902 -0.00000896]
 [-0.00002469  0.00023189 -0.00016243]
 [ 0.00002733 -0.00000203  0.00061725]
 [ 0.00006823 -0.0001285  -0.00057948]
 [-0.00010237 -0.0001552  -0.00011304]
 [-0.00001947  0.00014471 -0.00021968]
 [-0.00030493 -0.00014918 -0.00024013]
 [-0.00011404 -0.00011582  0.00021257]
 [-0.00027343 -0.00005208  0.00033392]
 [ 0.00000635  0.00020874  0.00008965]
 [ 0.00003547  0.00018864  0.00006675]
 [ 0.00064559  0.00012077 -0.00007782]
 [-0.0000024   0.00013053 -0.00008693]]
2023-01-18:17:55:00,859 INFO     [psi4.driver.task_planner:266] PLANNING Atomic:  keywords={'CART_HESS_READ': 0, 'GEOM_MAXITER': 500, 'SCF__GUESS': 'READ', 'OPTKING__INTRAFRAG_STEP_LIMIT': 0.25, 'SCF__INTS_TOLERANCE': 1e-12, 'MAXITER': 500, 'function_kwargs': {}}
2023-01-18:17:55:00,862 INFO     [psi4.driver.driver:617] Compute gradient(): method=scf, basis=cc-pvdz, molecule=default, nre=2256.208705658495
2023-01-18:17:55:40,927 INFO     [psi4.driver.driver:620] Return gradient(): -1139.5776166936669
2023-01-18:17:55:40,928 INFO     [psi4.driver.driver:621] [[ 0.00008428 -0.00009227  0.00015156]
 [-0.00021013 -0.00015451 -0.00000388]
 [-0.00000926  0.00046466 -0.00027483]
 [-0.00016201  0.00024805 -0.00008147]
 [-0.0000119   0.00001523 -0.00003835]
 [ 0.00038239 -0.00033214  0.00029263]
 [-0.0000324  -0.00002791 -0.0000746 ]
 [ 0.00001457  0.00001167  0.00004707]
 [ 0.00007298  0.00014172  0.0006139 ]
 [-0.00000777  0.00000359  0.00002065]
 [ 0.0000173   0.00001276  0.00000085]
 [ 0.00001282 -0.00009279 -0.00034991]
 [ 0.00003467  0.00000485 -0.00003726]
 [ 0.00000484  0.00002225  0.00004739]
 [-0.0000673  -0.00015487 -0.00005396]
 [ 0.00001131 -0.00004442  0.00004899]
 [-0.00002559 -0.0001693  -0.00015498]
 [ 0.00003759 -0.00000081 -0.00006325]
 [ 0.00001032 -0.00000151  0.0000057 ]
 [ 0.00000407  0.00003186  0.00000363]
 [-0.00012933  0.0000122   0.00004704]
 [ 0.00002163  0.00003121  0.00029692]
 [-0.00001158  0.00066684 -0.00006507]
 [ 0.00003034  0.00001059  0.00000045]
 [ 0.00003859  0.00013287  0.00006372]
 [ 0.00006941 -0.00002978 -0.00009371]
 [-0.00014503 -0.00010034 -0.00045103]
 [ 0.00003515 -0.00000776 -0.00000311]
 [ 0.00003958  0.00002248  0.00008047]
 [-0.00004034 -0.00003739 -0.000206  ]
 [-0.00001409  0.00000343 -0.00001375]
 [ 0.00014306 -0.00121113  0.00029417]
 [ 0.00001031  0.00000597 -0.00000287]
 [ 0.00000652  0.00001224  0.00003629]
 [-0.00002853  0.00002766  0.00010427]
 [-0.00000901 -0.00000231 -0.00006393]
 [-0.00000825 -0.00002046 -0.00001062]
 [-0.00007598  0.00008068  0.00005722]
 [ 0.00028341  0.00021451 -0.0001283 ]
 [-0.00009377 -0.00006673  0.00015273]
 [-0.00002347 -0.00006633 -0.00013986]
 [ 0.00004036 -0.00004307  0.00001738]
 [ 0.00000582  0.00018727 -0.00003487]
 [-0.00018349 -0.00006144 -0.00004   ]
 [ 0.00001896 -0.0000539   0.00002498]
 [-0.00019278 -0.00003347  0.00009556]
 [ 0.0000005   0.00017268 -0.00007508]
 [-0.00011998  0.00010427  0.00000659]
 [ 0.00032027  0.00008154 -0.0000487 ]
 [-0.00014907  0.00008157 -0.0000008 ]]
2023-01-18:17:55:42,455 INFO     [psi4.driver.task_planner:266] PLANNING Atomic:  keywords={'CART_HESS_READ': 0, 'GEOM_MAXITER': 500, 'SCF__GUESS': 'READ', 'OPTKING__INTRAFRAG_STEP_LIMIT': 0.25, 'SCF__INTS_TOLERANCE': 1e-12, 'MAXITER': 500, 'function_kwargs': {}}
2023-01-18:17:55:42,459 INFO     [psi4.driver.driver:617] Compute gradient(): method=scf, basis=cc-pvdz, molecule=default, nre=2256.206073542286
2023-01-18:17:56:20,576 INFO     [psi4.driver.driver:620] Return gradient(): -1139.5776271074137
2023-01-18:17:56:20,578 INFO     [psi4.driver.driver:621] [[ 0.00011888 -0.00002803 -0.00027428]
 [-0.00029236 -0.00002455 -0.00005161]
 [ 0.00014658 -0.00010392  0.00054086]
 [ 0.00011582  0.00006676  0.00041931]
 [-0.00008119 -0.00001415  0.00000747]
 [-0.00010595  0.00028746 -0.00065023]
 [ 0.00003365  0.00003836 -0.00002917]
 [-0.00000351  0.00000007  0.00002542]
 [-0.00008154 -0.00021294 -0.0002224 ]
 [ 0.00023645  0.00003459 -0.00012723]
 [ 0.00005511  0.00000311  0.00001639]
 [ 0.00023652  0.00005982  0.00039923]
 [ 0.00000497 -0.00002061  0.0000456 ]
 [ 0.00002798  0.00002065  0.00001925]
 [-0.00009016 -0.00003688  0.00002884]
 [ 0.00002332 -0.00008076 -0.00005045]
 [ 0.0000083  -0.00011708  0.00001457]
 [-0.00003749  0.00002986 -0.00001685]
 [ 0.00000131 -0.0000005  -0.0000104 ]
 [ 0.00000469 -0.00000788 -0.00000187]
 [-0.00031581 -0.00005714  0.00018479]
 [-0.00016889  0.00001039  0.00006041]
 [-0.00000196  0.00024939 -0.00005597]
 [ 0.00003567  0.00003456 -0.00002118]
 [ 0.00004715  0.00005231  0.00002676]
 [ 0.00005759  0.00008276 -0.00016792]
 [-0.00000094  0.00005697  0.00013008]
 [-0.00002814  0.00001098  0.00001142]
 [ 0.00004551 -0.00007112  0.00006211]
 [-0.00002343 -0.00003662 -0.00009592]
 [-0.00000037 -0.00003745 -0.00003167]
 [ 0.00023451 -0.00091903  0.00024318]
 [-0.00001493 -0.00000782  0.00000096]
 [ 0.00003569  0.00001953  0.00002253]
 [-0.00000491  0.00012223 -0.00012728]
 [-0.00001838  0.00000978 -0.00012885]
 [ 0.00002859 -0.00009461 -0.00001071]
 [-0.00008364 -0.0000386   0.00001068]
 [ 0.00027995  0.00019651 -0.00007455]
 [-0.00009533  0.0000111  -0.00007283]
 [-0.00005653  0.00004013  0.00002059]
 [ 0.00014476  0.0000365   0.00008956]
 [ 0.00002855  0.00020368  0.00009064]
 [-0.00007252  0.00000667  0.00011804]
 [ 0.00011928 -0.00000678 -0.00010601]
 [-0.00010449 -0.0000274  -0.00009309]
 [ 0.00000208  0.00014162 -0.00017282]
 [-0.00020514  0.00003749 -0.00003871]
 [ 0.00003149  0.00002967 -0.00002003]
 [-0.00021675  0.0000509   0.00006335]]
2023-01-18:17:56:21,885 INFO     [psi4.driver.task_planner:266] PLANNING Atomic:  keywords={'CART_HESS_READ': 0, 'GEOM_MAXITER': 500, 'SCF__GUESS': 'READ', 'OPTKING__INTRAFRAG_STEP_LIMIT': 0.25, 'SCF__INTS_TOLERANCE': 1e-12, 'MAXITER': 500, 'function_kwargs': {}}
2023-01-18:17:56:21,888 INFO     [psi4.driver.driver:617] Compute gradient(): method=scf, basis=cc-pvdz, molecule=default, nre=2256.23970096533
2023-01-18:17:57:02,266 INFO     [psi4.driver.driver:620] Return gradient(): -1139.5776346386353
2023-01-18:17:57:02,267 INFO     [psi4.driver.driver:621] [[ 0.00009808 -0.00000945 -0.000061  ]
 [ 0.00006471 -0.00004831  0.00011798]
 [-0.00024502  0.00009885 -0.00002187]
 [ 0.00006922  0.00012456 -0.00017338]
 [-0.00009801  0.0000055   0.0000299 ]
 [-0.0000103  -0.00024875  0.00020711]
 [ 0.00002782  0.00004587  0.00008521]
 [-0.0000311  -0.00001168 -0.00004162]
 [-0.00006515 -0.00007052 -0.00035224]
 [ 0.00028082  0.00003671 -0.00006231]
 [ 0.00005381 -0.0000076   0.00002497]
 [-0.00005008 -0.00001298 -0.00003646]
 [-0.00005011  0.00000944 -0.00001159]
 [ 0.00003907  0.00002605  0.00006451]
 [-0.00003037  0.00007404  0.00005631]
 [-0.00002878  0.00000578 -0.00005304]
 [-0.00000758  0.00006885 -0.00000286]
 [-0.00002314 -0.00000817 -0.00003561]
 [-0.00000522  0.00000379 -0.00000635]
 [ 0.00000508 -0.00002484 -0.00000462]
 [-0.00026453 -0.00008802  0.00000075]
 [-0.00014654 -0.00007884 -0.00042921]
 [-0.00006155 -0.0000357  -0.0000556 ]
 [ 0.00002025  0.00003324 -0.00003333]
 [ 0.00001221 -0.00003717 -0.00001581]
 [ 0.00003259  0.00009181 -0.00000335]
 [ 0.00022411  0.00011292  0.00039826]
 [-0.00003629  0.00001138  0.00000452]
 [ 0.00005725 -0.0000783  -0.0000114 ]
 [ 0.0000105   0.00004626  0.00022673]
 [-0.00000336 -0.00002338 -0.00002282]
 [ 0.00025355 -0.0005559   0.00016918]
 [-0.00001734 -0.00000906  0.0000012 ]
 [ 0.00001664  0.00001874  0.00004611]
 [ 0.0000778   0.00003955  0.00026807]
 [-0.00001816 -0.00002439 -0.00007259]
 [ 0.00000419 -0.00006849  0.0000209 ]
 [-0.00004515 -0.00006909 -0.00004445]
 [ 0.00023668  0.00016534 -0.00004099]
 [-0.00008247  0.00004167 -0.00019178]
 [-0.00007831  0.00009082  0.00012122]
 [ 0.00018007  0.00005652  0.00009504]
 [ 0.00003453  0.00017448  0.00011912]
 [-0.00001038  0.00003749  0.00018563]
 [ 0.00015856  0.00000708 -0.00014643]
 [-0.00003952 -0.00003076 -0.00017677]
 [ 0.00000706  0.00011161 -0.00016801]
 [-0.00019052 -0.00000638 -0.00005388]
 [-0.0001415  -0.00001702  0.0000021 ]
 [-0.00018413  0.00002648  0.00008452]]
2023-01-18:17:57:03,770 INFO     [psi4.driver.task_planner:266] PLANNING Atomic:  keywords={'CART_HESS_READ': 0, 'GEOM_MAXITER': 500, 'SCF__GUESS': 'READ', 'OPTKING__INTRAFRAG_STEP_LIMIT': 0.25, 'SCF__INTS_TOLERANCE': 1e-12, 'MAXITER': 500, 'function_kwargs': {}}
2023-01-18:17:57:03,773 INFO     [psi4.driver.driver:617] Compute gradient(): method=scf, basis=cc-pvdz, molecule=default, nre=2256.2625383725913
2023-01-18:17:57:43,11 INFO     [psi4.driver.driver:620] Return gradient(): -1139.5776448053186
2023-01-18:17:57:43,12 INFO     [psi4.driver.driver:621] [[-0.00001792  0.00009994  0.00011911]
 [ 0.00027155  0.00008435 -0.00005514]
 [-0.00027228 -0.00009734 -0.00000752]
 [ 0.00014677 -0.00018491 -0.00018106]
 [-0.00006563  0.00005451  0.00003787]
 [-0.00016286 -0.00011686  0.00006417]
 [-0.00003323 -0.00003567  0.00004639]
 [-0.00003421  0.00000883 -0.00002311]
 [ 0.00004413  0.00030437  0.00023638]
 [ 0.00009396  0.00001803  0.00000439]
 [ 0.00000798 -0.00003162 -0.00000907]
 [-0.00033652 -0.00013218 -0.00040828]
 [-0.00002893 -0.00000932 -0.00001117]
 [ 0.00002108  0.00006607  0.00007994]
 [ 0.00004678  0.00009091  0.00003848]
 [-0.00008071  0.00009229  0.00002876]
 [ 0.00002302  0.00011123  0.00005423]
 [ 0.00001363 -0.00004182 -0.00005363]
 [-0.00000424  0.00000228  0.00001946]
 [ 0.00001477 -0.00002665 -0.00001222]
 [-0.0000186  -0.00004747 -0.00011262]
 [ 0.00002479  0.00002232 -0.00012753]
 [-0.00016146 -0.00027652 -0.00002131]
 [ 0.00000402  0.00002224 -0.00000826]
 [-0.00002433 -0.0000786  -0.0000446 ]
 [-0.00000962  0.0000089   0.00017815]
 [ 0.00022999 -0.0000665  -0.00019076]
 [ 0.00000844  0.00000409  0.00000308]
 [ 0.00005267 -0.00002225 -0.00002355]
 [-0.00001343  0.00007526  0.00013517]
 [-0.00000071  0.00002066 -0.00005729]
 [ 0.00020655 -0.00004813  0.00005918]
 [ 0.00000652  0.00000277 -0.00000077]
 [-0.00001088  0.00000729  0.00007698]
 [ 0.00011711 -0.00011407  0.00036895]
 [-0.00004232 -0.00007933 -0.00010415]
 [-0.00004518  0.00000549  0.00003643]
 [ 0.00002644 -0.00004275 -0.00004085]
 [ 0.00013496  0.00011341 -0.00001223]
 [-0.00003563  0.00003976 -0.00022319]
 [-0.00007708  0.0000903   0.00016502]
 [ 0.00015861  0.00002721  0.00005048]
 [ 0.00002157  0.00010169  0.0000678 ]
 [ 0.00001918  0.00004089  0.00018099]
 [ 0.00014991 -0.00000448 -0.0001147 ]
 [ 0.00001015 -0.00003409 -0.00018044]
 [ 0.00001175  0.00007565 -0.00007163]
 [-0.00008784 -0.00003875 -0.00004403]
 [-0.00023727 -0.00005671  0.00002059]
 [-0.00006548 -0.00000475  0.00006711]]
2023-01-18:17:57:45,829 INFO     [psi4.driver.task_planner:266] PLANNING Atomic:  keywords={'CART_HESS_READ': 0, 'GEOM_MAXITER': 500, 'SCF__GUESS': 'READ', 'OPTKING__INTRAFRAG_STEP_LIMIT': 0.0625, 'SCF__INTS_TOLERANCE': 1e-12, 'MAXITER': 500, 'function_kwargs': {}}
2023-01-18:17:57:45,833 INFO     [psi4.driver.driver:617] Compute gradient(): method=scf, basis=cc-pvdz, molecule=default, nre=2256.1156385054246
2023-01-18:17:58:25,2 INFO     [psi4.driver.driver:620] Return gradient(): -1139.5776579779924
2023-01-18:17:58:25,5 INFO     [psi4.driver.driver:621] [[-0.00006538 -0.00002473  0.00013249]
 [ 0.00019522  0.00007078 -0.00003215]
 [-0.00006905 -0.00009252 -0.00034057]
 [-0.00004046 -0.00005965 -0.000153  ]
 [ 0.0000491   0.00009727  0.00002694]
 [ 0.00000446 -0.00004917  0.00029589]
 [-0.00007935 -0.00013983 -0.00003973]
 [ 0.00000677  0.00010948 -0.00000424]
 [-0.00008259  0.00031411  0.00015117]
 [-0.00021622 -0.00006443  0.0000533 ]
 [-0.0000611  -0.00010234 -0.0000024 ]
 [-0.00003411 -0.00015648  0.00020913]
 [ 0.00002385  0.00001055 -0.00001108]
 [-0.00003069  0.00002891 -0.00003907]
 [ 0.00008221  0.00005495 -0.0000125 ]
 [-0.00003473  0.00004939  0.00010641]
 [ 0.00000632  0.00012225  0.00003975]
 [-0.00000086 -0.00002657  0.00006094]
 [ 0.00000429  0.00000384  0.00002338]
 [ 0.00002923 -0.00001    -0.00002474]
 [ 0.00025149  0.00003605 -0.00001545]
 [ 0.0000759   0.0000387   0.00023284]
 [-0.00028303 -0.00040631  0.00002128]
 [-0.00004662  0.00002492  0.00001666]
 [-0.00003731 -0.00008291 -0.00005434]
 [-0.00003457 -0.00013567  0.00012283]
 [ 0.0000246  -0.00002753 -0.00035328]
 [ 0.00003651  0.0000154   0.00003015]
 [-0.00001939  0.00013844 -0.00004107]
 [-0.00006804  0.00004542 -0.00013697]
 [ 0.00006037  0.00007316 -0.00015414]
 [ 0.00008458  0.00054836 -0.00007888]
 [ 0.00006136  0.00005079 -0.00001531]
 [-0.00004617 -0.00006533  0.00009918]
 [ 0.00006977  0.00007131  0.00002665]
 [-0.00003699 -0.00030251 -0.00018471]
 [-0.00003105  0.00007834  0.00001206]
 [ 0.0000895   0.00001117 -0.00001233]
 [-0.00001581  0.00004373  0.00001768]
 [ 0.00003315 -0.00003028 -0.00015574]
 [-0.0000573  -0.00001733  0.00014968]
 [ 0.00008166 -0.00004126 -0.00006944]
 [-0.00003051 -0.00000971 -0.00006346]
 [-0.00000071 -0.00002068  0.00009132]
 [ 0.00010315 -0.00000658  0.00003173]
 [ 0.00002062 -0.0000481  -0.00008664]
 [ 0.00000107  0.00003311  0.00011714]
 [ 0.0001037  -0.00003935 -0.00005042]
 [-0.00021262 -0.00008895  0.00003173]
 [ 0.00013581 -0.0000222   0.00003133]]
2023-01-18:17:58:28,188 INFO     [psi4.driver.task_planner:266] PLANNING Atomic:  keywords={'CART_HESS_READ': 0, 'GEOM_MAXITER': 500, 'SCF__GUESS': 'READ', 'OPTKING__INTRAFRAG_STEP_LIMIT': 0.0625, 'SCF__INTS_TOLERANCE': 1e-12, 'MAXITER': 500, 'function_kwargs': {}}
2023-01-18:17:58:28,191 INFO     [psi4.driver.driver:617] Compute gradient(): method=scf, basis=cc-pvdz, molecule=default, nre=2255.9232467891056
2023-01-18:17:59:07,24 INFO     [psi4.driver.driver:620] Return gradient(): -1139.5776753219764
2023-01-18:17:59:07,26 INFO     [psi4.driver.driver:621] [[-0.00010991 -0.00018815 -0.00008568]
 [-0.00006871  0.00008888  0.00002709]
 [ 0.00035229 -0.00032459 -0.00029248]
 [-0.00016853  0.00009771  0.00019167]
 [ 0.00016006  0.00008537  0.00002323]
 [ 0.00002933  0.00036902  0.00009212]
 [-0.00006976 -0.00012446 -0.0000309 ]
 [ 0.00005807  0.00018209 -0.00002486]
 [-0.00012706  0.00031739  0.00037129]
 [-0.00034784 -0.00010282  0.00007681]
 [-0.0001009  -0.00015161  0.00003739]
 [ 0.00028354 -0.00033865 -0.00012652]
 [ 0.0000511   0.00003273  0.00002422]
 [-0.00008038 -0.00013097 -0.00017663]
 [ 0.00007688  0.00004064 -0.00002111]
 [ 0.00006927 -0.00005583  0.00002783]
 [-0.00000678  0.00010049  0.00007258]
 [-0.00007463  0.00007516  0.00017137]
 [ 0.00000493  0.00001573  0.00000087]
 [ 0.00002574  0.00001248 -0.00002509]
 [ 0.00033957  0.00004729  0.00005413]
 [-0.00001526 -0.00012875  0.00007184]
 [-0.00033834 -0.00035649  0.00002545]
 [-0.00009049  0.00003301  0.00003124]
 [-0.00004053 -0.00009109 -0.00004762]
 [-0.00001103 -0.0001635   0.00004097]
 [-0.00015139  0.00003913 -0.00025243]
 [-0.00000537  0.00002536  0.00003151]
 [-0.00006749  0.00024242 -0.00008912]
 [-0.00007993 -0.00000148 -0.00020202]
 [ 0.00011427  0.00008679 -0.0001604 ]
 [-0.00006257  0.00098791 -0.00019081]
 [ 0.00008522  0.00008772 -0.00002886]
 [-0.00004558 -0.00013665  0.00012055]
 [ 0.00000598  0.00057756  0.0001874 ]
 [-0.00000715 -0.0005487  -0.00011523]
 [ 0.00004654  0.00013049  0.00001161]
 [ 0.00009843  0.0000194   0.00000065]
 [-0.00016175  0.00000346  0.00003502]
 [ 0.0000985  -0.00013864 -0.00004403]
 [-0.00001686 -0.00017993  0.00009972]
 [-0.00000929 -0.00010976 -0.00018822]
 [-0.00008219 -0.00010769 -0.00020225]
 [-0.00005766 -0.00010773 -0.00003524]
 [ 0.00004081 -0.00000379  0.00020443]
 [-0.0000162  -0.00006057  0.00004957]
 [-0.00001648 -0.00000587  0.00029523]
 [ 0.00027632 -0.00002057 -0.00006213]
 [-0.00008896 -0.00009237  0.00002908]
 [ 0.00030219 -0.00002758 -0.00000326]]
2023-01-18:17:59:10,321 INFO     [psi4.driver.task_planner:266] PLANNING Atomic:  keywords={'CART_HESS_READ': 0, 'GEOM_MAXITER': 500, 'SCF__GUESS': 'READ', 'OPTKING__INTRAFRAG_STEP_LIMIT': 0.0625, 'SCF__INTS_TOLERANCE': 1e-12, 'MAXITER': 500, 'function_kwargs': {}}
2023-01-18:17:59:10,324 INFO     [psi4.driver.driver:617] Compute gradient(): method=scf, basis=cc-pvdz, molecule=default, nre=2255.808507617628
2023-01-18:17:59:49,561 INFO     [psi4.driver.driver:620] Return gradient(): -1139.5776975641386
2023-01-18:17:59:49,562 INFO     [psi4.driver.driver:621] [[-0.00016038 -0.00034928 -0.00023171]
 [-0.00029118  0.00016769  0.00010147]
 [ 0.00062337 -0.00057255 -0.0002527 ]
 [-0.00021329  0.00024979  0.00045829]
 [ 0.00024814  0.00003851  0.00002383]
 [ 0.00001479  0.00071322 -0.00005637]
 [-0.00004562 -0.00003876  0.00000966]
 [ 0.000103    0.00020818 -0.00005083]
 [-0.00011721  0.00024496  0.00023977]
 [-0.00021041 -0.00003746  0.00005513]
 [-0.00009884 -0.00017434  0.00006805]
 [ 0.00051622 -0.00027413 -0.00014603]
 [ 0.00002627  0.00005187  0.00005895]
 [-0.00013605 -0.00035871 -0.00025918]
 [ 0.00005203  0.00008487  0.00002731]
 [ 0.00021093 -0.00018697 -0.00013202]
 [-0.00001438  0.00012688  0.00012481]
 [-0.00016011  0.00019971  0.00023001]
 [ 0.0000024   0.00003696 -0.00002143]
 [ 0.00000553  0.00003809 -0.00002004]
 [ 0.00020287 -0.00002394  0.00010259]
 [-0.00007419 -0.00030366 -0.00002666]
 [-0.000265   -0.00020055  0.00002149]
 [-0.00010194  0.00004456  0.00001849]
 [-0.00005887 -0.00012815 -0.00004705]
 [ 0.00006572 -0.00005174  0.00000659]
 [-0.00021368  0.00008064 -0.00007616]
 [-0.00008271  0.00002529  0.00002136]
 [-0.00003665  0.00028006 -0.00011947]
 [-0.00006501 -0.00006059 -0.00012856]
 [ 0.00012225  0.00005596 -0.00015851]
 [-0.00020429  0.00118853 -0.00026024]
 [ 0.00007723  0.00010749 -0.00003217]
 [-0.00005549 -0.00019096  0.00011789]
 [-0.00014407  0.00094325  0.0001197 ]
 [ 0.00003642 -0.00079745 -0.00005955]
 [ 0.00013476  0.00016287  0.00002566]
 [ 0.00005951 -0.00003248 -0.0000246 ]
 [-0.00036195  0.00002681  0.0000401 ]
 [ 0.00016686 -0.00023347  0.00012099]
 [ 0.00005707 -0.00034415 -0.00001616]
 [-0.0000858  -0.00015871 -0.00028061]
 [-0.0001158  -0.00017642 -0.00030667]
 [-0.00014164 -0.00019489 -0.00017063]
 [-0.00001439  0.00000184  0.00036238]
 [-0.00009499 -0.0000667   0.00019902]
 [-0.00004304 -0.0000421   0.00041241]
 [ 0.00038429  0.00000581 -0.00008276]
 [ 0.00010813 -0.00006898  0.00001106]
 [ 0.00038921 -0.0000167  -0.00001688]]
2023-01-18:17:59:53,318 INFO     [psi4.driver.task_planner:266] PLANNING Atomic:  keywords={'CART_HESS_READ': 0, 'GEOM_MAXITER': 500, 'SCF__GUESS': 'READ', 'OPTKING__INTRAFRAG_STEP_LIMIT': 0.0625, 'SCF__INTS_TOLERANCE': 1e-12, 'MAXITER': 500, 'function_kwargs': {}}
2023-01-18:17:59:53,321 INFO     [psi4.driver.driver:617] Compute gradient(): method=scf, basis=cc-pvdz, molecule=default, nre=2255.8318191086264
2023-01-18:18:00:32,629 INFO     [psi4.driver.driver:620] Return gradient(): -1139.5777256848119
2023-01-18:18:00:32,630 INFO     [psi4.driver.driver:621] [[-0.00021431 -0.0003817  -0.00035936]
 [-0.00036215  0.00022552  0.00019046]
 [ 0.00066236 -0.00079269 -0.00011118]
 [-0.00013557  0.00033624  0.00054506]
 [ 0.00025273 -0.00001584  0.00002653]
 [-0.00008776  0.00088852 -0.00018262]
 [-0.0000041   0.00007535  0.00004283]
 [ 0.00011066  0.00016206 -0.00005766]
 [-0.00009257  0.00006529  0.00004411]
 [ 0.00020162  0.00014447 -0.00001291]
 [-0.00003283 -0.00014339  0.00009374]
 [ 0.000635   -0.0001422  -0.00021021]
 [-0.00003043  0.00005478  0.00008725]
 [-0.00020483 -0.00050491 -0.0002593 ]
 [-0.00000228  0.00017353  0.00010703]
 [ 0.00035971 -0.00028279 -0.00028206]
 [-0.00001451  0.0002035   0.00018187]
 [-0.00021532  0.00023319  0.00023235]
 [ 0.00000141  0.00004956 -0.00003616]
 [-0.00002144  0.00005428 -0.00001217]
 [-0.00016419 -0.00012202  0.00019225]
 [-0.00016571 -0.00044884 -0.00027187]
 [-0.00001027 -0.00004813  0.00000777]
 [-0.00006201  0.00006005 -0.00000836]
 [-0.00007596 -0.00018339 -0.00005362]
 [ 0.00014652  0.00013815 -0.00013409]
 [-0.00019096  0.00016096  0.00025589]
 [-0.00013465  0.0000093   0.00001515]
 [ 0.00005349  0.00019698 -0.00011046]
 [-0.00005851 -0.00013392 -0.00001436]
 [ 0.00007275 -0.00001381 -0.00015126]
 [-0.00026983  0.0011036  -0.00027423]
 [ 0.00004163  0.00009258 -0.00002594]
 [-0.00005426 -0.00018155  0.00009389]
 [-0.00025816  0.00115004  0.00017028]
 [ 0.00008831 -0.00087347 -0.00001229]
 [ 0.00020475  0.00013926  0.00006275]
 [-0.00001104 -0.00013991 -0.00007157]
 [-0.00058697  0.00013357  0.00002546]
 [ 0.00020767 -0.00028124  0.00024548]
 [ 0.00014569 -0.00042609 -0.00010913]
 [-0.00010116 -0.0001586  -0.00028825]
 [-0.00010759 -0.00019316 -0.00030538]
 [-0.00021261 -0.00023008 -0.00024739]
 [-0.00002726 -0.00000012  0.0004097 ]
 [-0.00017716 -0.00005923  0.00029126]
 [-0.00007277 -0.00007245  0.0003913 ]
 [ 0.00035492  0.00000896 -0.00010315]
 [ 0.00028738 -0.0000277  -0.00001804]
 [ 0.00033256 -0.00000249  0.00001064]]
2023-01-18:18:00:36,306 INFO     [psi4.driver.task_planner:266] PLANNING Atomic:  keywords={'CART_HESS_READ': 0, 'GEOM_MAXITER': 500, 'SCF__GUESS': 'READ', 'OPTKING__INTRAFRAG_STEP_LIMIT': 0.0625, 'SCF__INTS_TOLERANCE': 1e-12, 'MAXITER': 500, 'function_kwargs': {}}
2023-01-18:18:00:36,309 INFO     [psi4.driver.driver:617] Compute gradient(): method=scf, basis=cc-pvdz, molecule=default, nre=2256.013223739602
2023-01-18:18:01:15,279 INFO     [psi4.driver.driver:620] Return gradient(): -1139.5777603732195
2023-01-18:18:01:15,280 INFO     [psi4.driver.driver:621] [[-0.00018922 -0.0003282  -0.00029744]
 [-0.00029054  0.00022972  0.00016821]
 [ 0.000427   -0.00074704 -0.00000823]
 [ 0.0000218   0.00030591  0.00044103]
 [ 0.00015784 -0.00004282  0.00003679]
 [-0.00019464  0.00073992 -0.000181  ]
 [ 0.0000307   0.00018181  0.00009914]
 [ 0.00007022  0.00006907 -0.00005396]
 [-0.00003125 -0.00009197 -0.00014017]
 [ 0.00064705  0.00031816 -0.00009851]
 [ 0.00005266 -0.00008579  0.00007548]
 [ 0.00049949  0.00001653 -0.00022642]
 [-0.0000824   0.00004481  0.00008649]
 [-0.00024756 -0.00048683 -0.00016655]
 [-0.00005428  0.00024966  0.00017417]
 [ 0.0004225  -0.00027974 -0.00034927]
 [-0.00000952  0.00026886  0.00020519]
 [-0.00020647  0.0001706   0.00013165]
 [-0.00000021  0.00004949 -0.00004112]
 [-0.00003746  0.00004881 -0.00000512]
 [-0.00055846 -0.00020978  0.0002227 ]
 [-0.00020974 -0.00046176 -0.00044042]
 [ 0.00034109  0.00002153 -0.00002256]
 [-0.00000113  0.00006965 -0.00004202]
 [-0.0000697  -0.00021239 -0.00006092]
 [ 0.00019446  0.00033057 -0.00013326]
 [-0.00005584  0.00018751  0.00042479]
 [-0.00013506 -0.00001404  0.00000371]
 [ 0.00013194  0.00002098 -0.00008447]
 [-0.0000249  -0.00013814  0.00017285]
 [-0.00000901 -0.00008677 -0.00013637]
 [-0.00020899  0.00081203 -0.00024119]
 [-0.00000367  0.00004953 -0.00001513]
 [-0.00002381 -0.00011163  0.0000575 ]
 [-0.00029115  0.00100382  0.00021683]
 [ 0.000097   -0.00073321 -0.00004731]
 [ 0.00021412  0.00005671  0.00011054]
 [-0.00006867 -0.00023496 -0.00011117]
 [-0.00076082  0.00028157 -0.0000139 ]
 [ 0.00018288 -0.00029087  0.00023356]
 [ 0.00020385 -0.00038396 -0.00006231]
 [-0.00004543 -0.00010416 -0.00019745]
 [-0.0000567  -0.00015117 -0.0001871 ]
 [-0.00022198 -0.00018111 -0.00021881]
 [ 0.00000642 -0.00001672  0.00029764]
 [-0.00020846 -0.00004199  0.00027387]
 [-0.0000907  -0.00008542  0.00022749]
 [ 0.00018717 -0.00002245 -0.00010485]
 [ 0.00035054  0.0000148  -0.00004285]
 [ 0.00014903  0.00000085  0.00007025]]
2023-01-18:18:01:18,577 INFO     [psi4.driver.task_planner:266] PLANNING Atomic:  keywords={'CART_HESS_READ': 0, 'GEOM_MAXITER': 500, 'SCF__GUESS': 'READ', 'OPTKING__INTRAFRAG_STEP_LIMIT': 0.0625, 'SCF__INTS_TOLERANCE': 1e-12, 'MAXITER': 500, 'function_kwargs': {}}
2023-01-18:18:01:18,580 INFO     [psi4.driver.driver:617] Compute gradient(): method=scf, basis=cc-pvdz, molecule=default, nre=2256.2687494336665
2023-01-18:18:01:58,912 INFO     [psi4.driver.driver:620] Return gradient(): -1139.5778005705008
2023-01-18:18:01:58,914 INFO     [psi4.driver.driver:621] [[-0.00016712 -0.00009956 -0.00013714]
 [-0.00005122  0.00010762  0.00010435]
 [ 0.00006634 -0.00043658  0.00007559]
 [ 0.00013312  0.00014806  0.00013031]
 [ 0.00004034  0.00000515  0.0000412 ]
 [-0.00020034  0.00028224 -0.00008402]
 [ 0.00000253  0.00014367  0.00009483]
 [ 0.00000917  0.0000297  -0.00003683]
 [ 0.00001298 -0.00001119 -0.00014396]
 [ 0.00067133  0.0003248  -0.00009697]
 [ 0.00007765 -0.00005675  0.00004873]
 [ 0.00014008  0.0000418  -0.00014759]
 [-0.00008063  0.0000187   0.0000449 ]
 [-0.00019127 -0.0002733  -0.00002632]
 [-0.00004626  0.00023635  0.00014953]
 [ 0.0002798  -0.00014131 -0.00025044]
 [-0.00000019  0.00024293  0.00014335]
 [-0.00008251  0.00002099  0.0000097 ]
 [ 0.0000011   0.0000356  -0.00002298]
 [-0.00002172  0.00002606 -0.00000387]
 [-0.00058317 -0.00019178  0.00014898]
 [-0.00013364 -0.00034157 -0.00038425]
 [ 0.00057768  0.00000586 -0.00004282]
 [ 0.00002555  0.00007215 -0.00004657]
 [-0.00003917 -0.00016976 -0.00005022]
 [ 0.00014701  0.00028423 -0.00004823]
 [ 0.00012175  0.00017282  0.00028181]
 [-0.00006697 -0.0000291  -0.0000011 ]
 [ 0.00013287 -0.00006954 -0.00002728]
 [-0.00000465 -0.00006427  0.00017891]
 [-0.00005239 -0.00007973 -0.00015453]
 [-0.00002625  0.0004529  -0.00018279]
 [-0.00001105  0.00002308 -0.00000778]
 [ 0.00000189 -0.00005176  0.00003278]
 [-0.00016761  0.00054448  0.00029305]
 [ 0.0000413  -0.00048269 -0.00014316]
 [ 0.00013167  0.0000002   0.00014   ]
 [-0.00005657 -0.0002069  -0.000099  ]
 [-0.00079497  0.00036628 -0.00006132]
 [ 0.00008122 -0.00030634  0.00006938]
 [ 0.00017261 -0.00026692  0.00015683]
 [ 0.0000301  -0.00002403 -0.00008174]
 [-0.00000562 -0.00006699 -0.0000379 ]
 [-0.00014789 -0.00007702 -0.00009925]
 [ 0.00004452 -0.00003015  0.00010195]
 [-0.00015635 -0.00003599  0.00015153]
 [-0.00007698 -0.00005947  0.00002874]
 [-0.00000805 -0.00004775 -0.00008514]
 [ 0.00026599  0.00003322 -0.0000421 ]
 [-0.00003602  0.00000157  0.00011889]]
2023-01-18:18:02:02,269 INFO     [psi4.driver.task_planner:266] PLANNING Atomic:  keywords={'CART_HESS_READ': 0, 'GEOM_MAXITER': 500, 'SCF__GUESS': 'READ', 'OPTKING__INTRAFRAG_STEP_LIMIT': 0.0625, 'SCF__INTS_TOLERANCE': 1e-12, 'MAXITER': 500, 'function_kwargs': {}}
2023-01-18:18:02:02,272 INFO     [psi4.driver.driver:617] Compute gradient(): method=scf, basis=cc-pvdz, molecule=default, nre=2256.411082701843
2023-01-18:18:02:42,234 INFO     [psi4.driver.driver:620] Return gradient(): -1139.5778383037075
2023-01-18:18:02:42,235 INFO     [psi4.driver.driver:621] [[-0.00006218  0.00001093  0.00008678]
 [ 0.00008271  0.0000265  -0.00005104]
 [-0.00012821 -0.00006265 -0.00003257]
 [ 0.00011306 -0.0000148  -0.00005034]
 [-0.00000035  0.00008382  0.0000339 ]
 [-0.00010329 -0.00007663  0.00003939]
 [-0.00005826 -0.00001894  0.00004946]
 [-0.00002145  0.00007156 -0.00003244]
 [-0.00006119  0.00017981  0.00003508]
 [ 0.00021028  0.00012718 -0.00001107]
 [ 0.00002365 -0.00007562  0.00003657]
 [-0.00004673 -0.00015522 -0.00005979]
 [-0.00001899 -0.00000056  0.00000466]
 [-0.00007262 -0.00003853  0.00004046]
 [ 0.00000851  0.00011328  0.00006041]
 [ 0.00005801  0.00000873 -0.0000287 ]
 [ 0.00000849  0.0001181   0.00005319]
 [ 0.00001497 -0.00004746 -0.00005904]
 [ 0.00000462  0.00001283  0.00000257]
 [ 0.0000116   0.00000622 -0.00000651]
 [-0.00019245 -0.00007329  0.00004199]
 [-0.00005544 -0.00019289 -0.00018084]
 [ 0.00057271 -0.00003305 -0.00004149]
 [-0.00000348  0.00005756 -0.00003106]
 [-0.00001104 -0.00008605 -0.0000377 ]
 [ 0.00005815  0.00004037  0.00005518]
 [ 0.00015977  0.00013977 -0.00003599]
 [ 0.0000093  -0.00002075  0.000006  ]
 [ 0.00005108  0.00000961 -0.00001159]
 [-0.00002609  0.00003646  0.00006   ]
 [ 0.00000146  0.00001367 -0.00018734]
 [ 0.00019118  0.00019471 -0.00013139]
 [ 0.0000294   0.00003637 -0.0000105 ]
 [-0.00000588 -0.00005316  0.00002711]
 [ 0.00003286  0.00025515  0.00030041]
 [-0.00002387 -0.00033153 -0.00019586]
 [ 0.00001906  0.00002574  0.0001364 ]
 [ 0.00000488 -0.0000686  -0.00004403]
 [-0.00070133  0.00032672 -0.00007237]
 [-0.0000416  -0.00033329 -0.00014622]
 [ 0.00005193 -0.00019175  0.0004018 ]
 [ 0.00005651  0.00003064 -0.00003591]
 [-0.00000167  0.00000733  0.00002738]
 [-0.00003729 -0.00000413  0.00002566]
 [ 0.00004957 -0.00000864 -0.00000718]
 [-0.00006031 -0.00004532  0.00000619]
 [-0.00003715 -0.00000526 -0.00006091]
 [-0.00008255 -0.00002007 -0.00007136]
 [ 0.00011704  0.00001009 -0.00001515]
 [-0.00008736  0.00001503  0.00011773]]
2023-01-18:18:02:45,497 INFO     [psi4.driver.task_planner:266] PLANNING Atomic:  keywords={'CART_HESS_READ': 0, 'GEOM_MAXITER': 500, 'SCF__GUESS': 'READ', 'OPTKING__INTRAFRAG_STEP_LIMIT': 0.0625, 'SCF__INTS_TOLERANCE': 1e-12, 'MAXITER': 500, 'function_kwargs': {}}
2023-01-18:18:02:45,500 INFO     [psi4.driver.driver:617] Compute gradient(): method=scf, basis=cc-pvdz, molecule=default, nre=2256.392380944084
2023-01-18:18:03:24,937 INFO     [psi4.driver.driver:620] Return gradient(): -1139.5778684394004
2023-01-18:18:03:24,938 INFO     [psi4.driver.driver:621] [[-0.00004752 -0.00004196 -0.00004416]
 [ 0.00004693  0.00001336  0.00004647]
 [ 0.00001189 -0.00016219 -0.00006903]
 [ 0.00001539  0.00007178 -0.00001894]
 [ 0.00002317  0.00007319  0.00003505]
 [-0.000052    0.00003687  0.00008109]
 [-0.00007895 -0.00004716  0.00003027]
 [-0.00000183  0.00009776 -0.00003855]
 [-0.00010637  0.00026652  0.00010976]
 [ 0.00003728  0.00001999  0.00000835]
 [-0.00001071 -0.00008837  0.00003773]
 [ 0.00000778 -0.0002378  -0.00004482]
 [-0.00000374  0.00001833  0.00000169]
 [-0.00004071 -0.00007166  0.00000302]
 [ 0.00002028  0.00007895  0.00002898]
 [ 0.00001988  0.0000054  -0.00002405]
 [ 0.00000035  0.0001107   0.00004074]
 [-0.00003232  0.00002216  0.00001281]
 [-0.00000125  0.00001088  0.00000637]
 [ 0.00001261  0.00000705 -0.0000069 ]
 [-0.00002826 -0.00004656  0.00000831]
 [-0.00003683 -0.00016483 -0.00007804]
 [ 0.00048488 -0.00001844 -0.00003254]
 [-0.00002563  0.00004481 -0.00001863]
 [-0.00001148 -0.00008593 -0.00003144]
 [ 0.00004087 -0.00002253  0.00008488]
 [ 0.00015501  0.00006655 -0.00014274]
 [-0.00002766  0.00000067  0.00000849]
 [ 0.00003086  0.00008488 -0.00002398]
 [-0.0000395   0.00002585  0.00001173]
 [ 0.00006052  0.0000468  -0.00018102]
 [ 0.00028851  0.00018509 -0.00012544]
 [ 0.00004059  0.00004917 -0.00001242]
 [-0.00000024 -0.00009195  0.00000238]
 [ 0.0000312   0.00037063  0.00019061]
 [-0.00003908 -0.00039699 -0.0001167 ]
 [ 0.0000153   0.00006833  0.00012772]
 [ 0.00002017 -0.00003626 -0.00002792]
 [-0.00067014  0.00026155 -0.0000494 ]
 [-0.00008807 -0.00034245 -0.00023941]
 [-0.00001542 -0.00022377  0.00046865]
 [ 0.00003355  0.00003023 -0.00005994]
 [-0.00002165  0.00000606  0.00000143]
 [-0.00000105 -0.00001593  0.00004468]
 [ 0.00003631  0.00002434  0.0000359 ]
 [-0.00003024 -0.00004367 -0.00002926]
 [-0.00002909  0.00000889 -0.00002648]
 [-0.0000333   0.00001718 -0.00007926]
 [ 0.00007485 -0.00001269 -0.00000066]
 [-0.0000352   0.00002716  0.00009466]]
2023-01-18:18:03:28,699 INFO     [psi4.driver.task_planner:266] PLANNING Atomic:  keywords={'CART_HESS_READ': 0, 'GEOM_MAXITER': 500, 'SCF__GUESS': 'READ', 'OPTKING__INTRAFRAG_STEP_LIMIT': 0.0625, 'SCF__INTS_TOLERANCE': 1e-12, 'MAXITER': 500, 'function_kwargs': {}}
2023-01-18:18:03:28,703 INFO     [psi4.driver.driver:617] Compute gradient(): method=scf, basis=cc-pvdz, molecule=default, nre=2256.443132338155
2023-01-18:18:04:07,228 INFO     [psi4.driver.driver:620] Return gradient(): -1139.5778932080452
2023-01-18:18:04:07,229 INFO     [psi4.driver.driver:621] [[-0.00000566 -0.00011313  0.00003139]
 [ 0.00002117  0.00010412 -0.00003267]
 [ 0.00002941 -0.0001592  -0.00015313]
 [-0.00000588  0.00002876  0.0000417 ]
 [ 0.00002657  0.00005004  0.00003615]
 [-0.0000396   0.00010029  0.00007039]
 [-0.00007368 -0.00008569  0.00000747]
 [ 0.00001366  0.00010585 -0.00003986]
 [-0.00013152  0.00028021  0.00007746]
 [-0.00004972 -0.00002882  0.00001076]
 [-0.00002664 -0.00008917  0.00004044]
 [ 0.00008295 -0.00026106 -0.00001008]
 [ 0.00000459  0.00001456  0.00001226]
 [-0.00001439 -0.00006877 -0.00003309]
 [ 0.000036    0.00006077  0.00001877]
 [ 0.00000267 -0.00002056  0.00002517]
 [ 0.00000418  0.00008972  0.00004438]
 [-0.00006557  0.00005946  0.00004138]
 [-0.00000194  0.00001107  0.00000301]
 [ 0.00001587  0.00000968 -0.0000054 ]
 [ 0.00006632 -0.00003304  0.00002845]
 [-0.00004574 -0.00013656 -0.00004547]
 [ 0.00037022  0.00000335 -0.00003359]
 [-0.00003574  0.00003607 -0.00000887]
 [-0.00002322 -0.0000782  -0.00003325]
 [ 0.00001952 -0.00004934  0.00005564]
 [ 0.000113    0.00003473 -0.00011475]
 [-0.00004275  0.00001835  0.00000394]
 [ 0.00002507  0.00012512 -0.00004589]
 [-0.0000672   0.00001151 -0.00002986]
 [ 0.00009254  0.00007142 -0.00012275]
 [ 0.00040541  0.00012861 -0.00009751]
 [ 0.00004449  0.00005091 -0.00001269]
 [-0.00005177 -0.00008749  0.00000713]
 [ 0.00003653  0.00045114  0.00008009]
 [ 0.00001131 -0.00046176 -0.00001485]
 [-0.00001483  0.00007421  0.00009386]
 [ 0.00002846 -0.00002283 -0.00002308]
 [-0.00059977  0.00018453 -0.00002891]
 [-0.0001395  -0.0003031  -0.00032256]
 [-0.0000795  -0.00020896  0.00049893]
 [ 0.00002187  0.00002785 -0.00006557]
 [-0.00002471  0.00000672 -0.00000833]
 [ 0.00002958 -0.00001657  0.00006606]
 [ 0.00003071  0.00004328  0.00005192]
 [ 0.00000125 -0.00003291 -0.00006451]
 [-0.0000211   0.0000235  -0.00000697]
 [ 0.00000093  0.00004591 -0.00007025]
 [ 0.0000192  -0.00003039  0.00000975]
 [ 0.00000699  0.0000358   0.0000674 ]]
2023-01-18:18:04:10,540 INFO     [psi4.driver.task_planner:266] PLANNING Atomic:  keywords={'CART_HESS_READ': 0, 'GEOM_MAXITER': 500, 'SCF__GUESS': 'READ', 'OPTKING__INTRAFRAG_STEP_LIMIT': 0.0625, 'SCF__INTS_TOLERANCE': 1e-12, 'MAXITER': 500, 'function_kwargs': {}}
2023-01-18:18:04:10,543 INFO     [psi4.driver.driver:617] Compute gradient(): method=scf, basis=cc-pvdz, molecule=default, nre=2256.464030683087
2023-01-18:18:04:50,832 INFO     [psi4.driver.driver:620] Return gradient(): -1139.5779099927058
2023-01-18:18:04:50,833 INFO     [psi4.driver.driver:621] [[-0.0000797  -0.00005155 -0.00006479]
 [ 0.00007629  0.00006896  0.00006088]
 [ 0.00002431 -0.00023706 -0.00003982]
 [ 0.00001963  0.0000393  -0.00001356]
 [ 0.00000729  0.00003817  0.00003869]
 [-0.00007355  0.00010042  0.00005077]
 [-0.00007087 -0.00002901  0.00005073]
 [ 0.00000988  0.00008531 -0.00004019]
 [-0.0001229   0.00019875  0.00001355]
 [ 0.00009345  0.00003909 -0.00001509]
 [-0.00000431 -0.00008374  0.00003857]
 [ 0.00007122 -0.00019645 -0.00001325]
 [-0.00001651  0.00001512  0.00000816]
 [-0.00004579 -0.00007622 -0.00001582]
 [ 0.0000258   0.00010764  0.00003372]
 [ 0.00004174 -0.00001624 -0.00004398]
 [ 0.0000014   0.00014345  0.00005517]
 [-0.00004935  0.00001805  0.0000382 ]
 [-0.0000043   0.00001372  0.00000143]
 [ 0.00000991  0.00001145 -0.00000647]
 [-0.00006568 -0.00006359  0.00005224]
 [-0.00001579 -0.00015146 -0.00006744]
 [ 0.00036197 -0.00001092 -0.0000246 ]
 [-0.00002458  0.0000429  -0.00001732]
 [-0.00002621 -0.00010098 -0.00002672]
 [ 0.00003189  0.00002621  0.00004527]
 [ 0.00011247  0.00006747 -0.00007001]
 [-0.00004555  0.00001501  0.00000813]
 [ 0.00004451  0.00008107 -0.00005472]
 [-0.00006259  0.00000719  0.00002044]
 [ 0.00006638  0.00004297 -0.00011021]
 [ 0.00043023  0.00013649 -0.00009032]
 [ 0.00003698  0.00004232 -0.0000078 ]
 [-0.0000029  -0.0000745  -0.00004427]
 [-0.00002284  0.00034242  0.00006965]
 [ 0.00000273 -0.00034576  0.0000262 ]
 [ 0.00002066  0.00003407  0.00007823]
 [ 0.00002234 -0.00006509 -0.00003461]
 [-0.0006391   0.0001766  -0.00003399]
 [-0.00013343 -0.00026608 -0.00028994]
 [-0.00005321 -0.0001759   0.00044643]
 [ 0.00002496  0.00002415 -0.00006074]
 [-0.00001181 -0.00001129  0.00000206]
 [ 0.00001095 -0.00001913  0.00004007]
 [ 0.00002907  0.00002918  0.0000434 ]
 [-0.0000139  -0.00002914 -0.00003436]
 [-0.00003288  0.00000733 -0.00001196]
 [-0.00000343  0.00003535 -0.00005918]
 [ 0.00004383 -0.00001982  0.00000085]
 [ 0.00000135  0.00003378  0.00006836]]
2023-01-18:18:04:53,839 INFO     [psi4.driver.task_planner:266] PLANNING Atomic:  keywords={'CART_HESS_READ': 0, 'GEOM_MAXITER': 500, 'SCF__GUESS': 'READ', 'OPTKING__INTRAFRAG_STEP_LIMIT': 0.0625, 'SCF__INTS_TOLERANCE': 1e-12, 'MAXITER': 500, 'function_kwargs': {}}
2023-01-18:18:04:53,843 INFO     [psi4.driver.driver:617] Compute gradient(): method=scf, basis=cc-pvdz, molecule=default, nre=2256.6288852945563
2023-01-18:18:05:32,501 INFO     [psi4.driver.driver:620] Return gradient(): -1139.5779064311841
2023-01-18:18:05:32,502 INFO     [psi4.driver.driver:621] [[ 0.00006319 -0.00012797 -0.00019403]
 [ 0.00004057  0.00002498  0.0001515 ]
 [ 0.00025051 -0.00020084 -0.00022328]
 [-0.00024817  0.00007909 -0.00001436]
 [ 0.00000833  0.00000249  0.00004863]
 [ 0.00012667  0.00021545  0.00020916]
 [ 0.00004398 -0.00015682 -0.00011771]
 [ 0.00005183  0.00011121 -0.00002722]
 [ 0.00007224  0.00033482  0.00016234]
 [-0.00061637 -0.00036279  0.00010147]
 [-0.00011847 -0.00007956 -0.00000246]
 [ 0.00015201 -0.0000949   0.00003269]
 [ 0.00005744  0.00003706 -0.00002029]
 [ 0.00012751  0.00003983 -0.00010249]
 [ 0.00008363 -0.00009531 -0.00010037]
 [-0.00018111  0.00006512  0.00011929]
 [-0.00001245 -0.00000875 -0.00002922]
 [-0.00010145  0.00012934  0.000177  ]
 [ 0.00000446  0.00003504  0.00000587]
 [ 0.00003839  0.00000189 -0.00000906]
 [ 0.00057732  0.00005856 -0.00009369]
 [-0.00007709  0.0002001   0.0004062 ]
 [-0.00037815 -0.0000122  -0.00006293]
 [-0.0000861  -0.00002087  0.00004741]
 [-0.00001536 -0.00000435  0.00000147]
 [-0.00009271 -0.00022548  0.00013005]
 [-0.0001887  -0.00030796 -0.00031813]
 [-0.00000731  0.00009796  0.00001361]
 [-0.00006917  0.00025439 -0.00008467]
 [-0.00009074  0.00001788 -0.00019146]
 [ 0.00011184  0.00009467  0.00010248]
 [ 0.00078361 -0.00017366  0.00008927]
 [ 0.00006738  0.00004678 -0.00001226]
 [-0.00028337  0.00003031  0.00023847]
 [ 0.00001471  0.00034092 -0.00037728]
 [ 0.00022274 -0.00051814  0.00015029]
 [-0.00016156 -0.00010302 -0.00017149]
 [ 0.00008887  0.00011656  0.00004158]
 [ 0.00003099 -0.00018383  0.00007598]
 [-0.00028984  0.00002491 -0.00055416]
 [-0.00037076  0.00002484  0.00042757]
 [ 0.00001645  0.00000821 -0.00005748]
 [-0.0000499   0.00004427 -0.00001804]
 [ 0.00014399 -0.00001462  0.00016957]
 [ 0.00004818  0.00009575  0.00005811]
 [ 0.00014704 -0.00000009 -0.00021212]
 [ 0.00004241  0.00010098  0.00006327]
 [ 0.00013273  0.0001383  -0.00001548]
 [-0.00028716 -0.00013497  0.00004646]
 [ 0.00017689  0.00005439 -0.00006005]]
2023-01-18:18:05:35,503 INFO     [psi4.driver.task_planner:266] PLANNING Atomic:  keywords={'CART_HESS_READ': 0, 'GEOM_MAXITER': 500, 'SCF__GUESS': 'READ', 'OPTKING__INTRAFRAG_STEP_LIMIT': 0.0625, 'SCF__INTS_TOLERANCE': 1e-12, 'MAXITER': 500, 'function_kwargs': {}}
2023-01-18:18:05:35,506 INFO     [psi4.driver.driver:617] Compute gradient(): method=scf, basis=cc-pvdz, molecule=default, nre=2256.678252551922
2023-01-18:18:06:15,931 INFO     [psi4.driver.driver:620] Return gradient(): -1139.5779171740414
2023-01-18:18:06:15,932 INFO     [psi4.driver.driver:621] [[ 0.0001489   0.00001102  0.00032216]
 [-0.00019803 -0.00001187 -0.00030208]
 [-0.00012067  0.00039485 -0.00001787]
 [ 0.00008373 -0.000091    0.00014919]
 [-0.00006463 -0.00001685  0.00005263]
 [ 0.00003595 -0.00016139 -0.00017063]
 [-0.00000893  0.00006198  0.00002737]
 [-0.00001401 -0.00008085  0.00003007]
 [ 0.00002616 -0.00020192 -0.00006733]
 [ 0.00007849  0.00006641 -0.00000981]
 [ 0.00003809  0.00008787 -0.00002486]
 [-0.00011137  0.00007836 -0.00002721]
 [ 0.00001067 -0.00003001  0.00001794]
 [ 0.00001242  0.00007239  0.00001335]
 [-0.00005014 -0.00006805  0.00001802]
 [ 0.00003464 -0.00006066  0.00005227]
 [ 0.00000942 -0.00017142 -0.00002189]
 [ 0.00008687 -0.00004399 -0.00011358]
 [-0.00000731 -0.00002327 -0.00000299]
 [-0.00001397 -0.00000657 -0.00000131]
 [-0.00013185 -0.0000294   0.00002988]
 [ 0.00003404 -0.00010651 -0.00020682]
 [ 0.00028438 -0.00000296 -0.00000833]
 [ 0.00004168 -0.00001727 -0.00000402]
 [ 0.00003021  0.00010715  0.00000664]
 [-0.00002585  0.00006231 -0.00004046]
 [ 0.00010912  0.00004295  0.00019704]
 [-0.0000024  -0.00003775 -0.00001172]
 [ 0.00002121 -0.00011237  0.00004813]
 [ 0.00003462  0.00001807  0.00003249]
 [-0.00006086 -0.00005365 -0.00000994]
 [ 0.000311    0.0001648  -0.00007338]
 [-0.00004167 -0.00004509  0.0000078 ]
 [ 0.00014091  0.00005656 -0.00010913]
 [ 0.0000053  -0.00005322  0.00024461]
 [-0.00010469  0.00027441 -0.00015194]
 [ 0.00002676  0.00000649  0.00003813]
 [-0.00006693  0.00002544  0.0000209 ]
 [-0.00053986  0.00019394 -0.00002524]
 [-0.0000215  -0.00014356 -0.00013382]
 [ 0.00005361 -0.00002077  0.00023253]
 [-0.00000328 -0.00002074  0.0000404 ]
 [-0.00000129 -0.0000283   0.00000601]
 [-0.00003768  0.00003042 -0.00002639]
 [-0.0000085  -0.00006462 -0.0000651 ]
 [-0.00005045 -0.00000042  0.00004727]
 [ 0.00000605 -0.00001088 -0.00003051]
 [-0.00004745 -0.00001615  0.00004003]
 [ 0.00011201  0.00001677 -0.00000415]
 [-0.00004289 -0.00004065 -0.00001436]]
2023-01-18:18:06:17,455 INFO     [psi4.driver.task_planner:266] PLANNING Atomic:  keywords={'CART_HESS_READ': 0, 'GEOM_MAXITER': 500, 'SCF__GUESS': 'READ', 'OPTKING__INTRAFRAG_STEP_LIMIT': 0.0625, 'SCF__INTS_TOLERANCE': 1e-12, 'MAXITER': 500, 'function_kwargs': {}}
2023-01-18:18:06:17,458 INFO     [psi4.driver.driver:617] Compute gradient(): method=scf, basis=cc-pvdz, molecule=default, nre=2256.6089815093837
2023-01-18:18:06:55,284 INFO     [psi4.driver.driver:620] Return gradient(): -1139.5779196869398
2023-01-18:18:06:55,286 INFO     [psi4.driver.driver:621] [[-0.00005551  0.0000149  -0.00014888]
 [ 0.00005372 -0.0000281   0.00013963]
 [ 0.00007114 -0.00010294  0.0000467 ]
 [-0.00005171  0.0000379  -0.00006099]
 [ 0.0000022   0.00001694  0.00003593]
 [ 0.00000462  0.00004866  0.0000452 ]
 [-0.00000916 -0.00005153 -0.000006  ]
 [ 0.00000883  0.00003714 -0.00001352]
 [-0.00004222  0.00007111  0.00001055]
 [-0.00008742 -0.00004646  0.00001703]
 [-0.00002288 -0.00003606  0.00000906]
 [ 0.00005374 -0.00006956  0.00001978]
 [ 0.00000166  0.00000867 -0.00001175]
 [ 0.00002491 -0.00000657 -0.00000684]
 [ 0.00002058  0.000005   -0.00002218]
 [-0.00003807  0.00002957 -0.00001993]
 [-0.00000544  0.0000239  -0.00000903]
 [-0.00000762  0.00000704  0.00003796]
 [ 0.00000324  0.00000737 -0.0000027 ]
 [ 0.00001135  0.00000426  0.00000033]
 [ 0.0000896  -0.00000662 -0.00001434]
 [ 0.00002163  0.00000572  0.00006575]
 [ 0.00006053 -0.00002438 -0.00001294]
 [-0.00002894  0.00000659  0.0000076 ]
 [-0.0000056  -0.00001678  0.0000073 ]
 [-0.00001643 -0.00001728  0.00003026]
 [-0.00002402 -0.0000091  -0.0000884 ]
 [-0.00000112  0.00001998 -0.00001104]
 [-0.00001175  0.00006429 -0.00002744]
 [-0.00003316  0.0000078  -0.00001935]
 [ 0.00003598  0.00003899  0.00003797]
 [ 0.00041597  0.00006071 -0.00002274]
 [ 0.00001892  0.00001716 -0.00000416]
 [-0.00006644 -0.00001453 -0.00000719]
 [ 0.00000268  0.00010184 -0.00007948]
 [ 0.00005908 -0.00014989  0.00007083]
 [-0.00003241 -0.00000871 -0.00001852]
 [ 0.00002878  0.00001124  0.00000412]
 [-0.00033801  0.0000426   0.00000537]
 [-0.00012771 -0.00010937 -0.00025213]
 [-0.00008761 -0.00004317  0.00027594]
 [ 0.00000538  0.00000253 -0.00001608]
 [-0.00000956 -0.00000116 -0.0000018 ]
 [ 0.00003135 -0.00000641  0.00003279]
 [ 0.00001921  0.00001645  0.00001225]
 [ 0.00001482 -0.00000855 -0.00003539]
 [ 0.00000572  0.00002288  0.00000175]
 [ 0.00002208  0.0000414  -0.00000765]
 [-0.00002031 -0.00002478  0.00000728]
 [ 0.00003537  0.00000934 -0.00000094]]
2023-01-18:18:06:57,255 INFO     [psi4.driver.task_planner:266] PLANNING Atomic:  keywords={'CART_HESS_READ': 0, 'GEOM_MAXITER': 500, 'SCF__GUESS': 'READ', 'OPTKING__INTRAFRAG_STEP_LIMIT': 0.0625, 'SCF__INTS_TOLERANCE': 1e-12, 'MAXITER': 500, 'function_kwargs': {}}
2023-01-18:18:06:57,258 INFO     [psi4.driver.driver:617] Compute gradient(): method=scf, basis=cc-pvdz, molecule=default, nre=2256.5946663683812
2023-01-18:18:07:34,916 INFO     [psi4.driver.driver:620] Return gradient(): -1139.5779205351482
2023-01-18:18:07:34,918 INFO     [psi4.driver.driver:621] [[ 0.00000786 -0.00002333  0.0000361 ]
 [-0.00000245  0.00003298 -0.0000335 ]
 [-0.00001264 -0.00003787 -0.0000454 ]
 [ 0.00001101 -0.00000314  0.00002   ]
 [-0.00001073  0.00000508  0.00004114]
 [-0.00000508  0.00001909  0.0000054 ]
 [ 0.00000954  0.00001362  0.00001779]
 [ 0.00000311 -0.00000211  0.00000024]
 [-0.00000301 -0.00000472 -0.00000802]
 [ 0.0000033   0.0000016  -0.00000488]
 [ 0.00000023  0.00000107  0.00000106]
 [-0.0000031   0.00001283 -0.00001288]
 [-0.00000128  0.00000096  0.00000442]
 [-0.00000985 -0.00001427 -0.00000403]
 [ 0.00000508  0.00000855  0.00000734]
 [ 0.0000109  -0.00000728  0.00001039]
 [ 0.000003    0.00002432  0.00001432]
 [-0.00001965  0.00001412  0.00000451]
 [-0.00000067  0.00000385  0.0000026 ]
 [-0.00000186  0.00000153 -0.00000407]
 [ 0.00001186 -0.00000044  0.0000079 ]
 [ 0.00000444  0.00000059 -0.00001319]
 [ 0.00007266 -0.00005057 -0.00001326]
 [ 0.00000257 -0.00000429 -0.00000147]
 [-0.00000706 -0.00001233 -0.0000065 ]
 [-0.00000427  0.00000182 -0.00000348]
 [-0.00000287 -0.00000603  0.00000718]
 [-0.00000656  0.00000789  0.00001551]
 [ 0.00000955  0.00001041 -0.00000637]
 [-0.0000068  -0.00000775  0.00000306]
 [ 0.00000174 -0.00000691 -0.00001583]
 [ 0.00033372  0.00009643 -0.00002552]
 [ 0.00000181 -0.00000011  0.00000045]
 [ 0.00000083 -0.00000155  0.00000421]
 [-0.00000969 -0.00000264  0.00004737]
 [-0.00000336  0.00001037 -0.00002616]
 [ 0.00000163 -0.00002162 -0.00004024]
 [ 0.00000083 -0.00000662 -0.00000701]
 [-0.00032398  0.0000422  -0.00000111]
 [-0.00008366 -0.00008692 -0.00017787]
 [-0.00003416 -0.0000249   0.00019902]
 [ 0.00000479 -0.00000429  0.00000053]
 [ 0.00000613 -0.00000743  0.00000137]
 [ 0.00000959  0.0000021   0.00001498]
 [ 0.00001599 -0.00000055 -0.00000264]
 [-0.00000223 -0.00000223 -0.00001418]
 [-0.0000002   0.00001511  0.        ]
 [ 0.00000778  0.0000143   0.00000695]
 [ 0.00000025  0.00000414 -0.00000406]
 [ 0.00001496 -0.00000509 -0.00000219]]
2023-01-18:18:07:37,243 INFO     [psi4.driver.task_planner:266] PLANNING Atomic:  keywords={'GEOM_MAXITER': 500, 'SCF__INTS_TOLERANCE': 1e-12, 'MAXITER': 500, 'function_kwargs': {}}
2023-01-18:18:07:37,245 INFO     [psi4.driver.driver:774] Compute properties(): method=scf, basis=6-31g*, molecule=optimized, nre=2256.594666368425
2023-01-18:18:08:37,860 INFO     [psi4.driver.driver:777] Return properties(): -1139.489083995375
2023-01-18:18:08:39,756 INFO     [psi4.driver.task_planner:266] PLANNING Atomic:  keywords={'GEOM_MAXITER': 500, 'SCF__INTS_TOLERANCE': 1e-12, 'MAXITER': 500, 'function_kwargs': {}}
2023-01-18:18:08:39,763 INFO     [psi4.driver.driver:774] Compute properties(): method=scf, basis=6-31g*, molecule=optimized, nre=2256.594666368425
2023-01-18:18:09:40,331 INFO     [psi4.driver.driver:777] Return properties(): -1139.4890839941459
