Electrostatic potential parameters
    van der Waals radii (Angstrom):
                                      C   1.500
                                      N   1.500
                                      H   1.200
    VDW scale factors:                1.40  1.60  1.80  2.00
    VDW point density:                1.000
    ESP method:                       scf
    ESP basis set:                    6-31g*

Grid information (see 1_optimized_grid.dat in Angstrom)
    Number of grid points:            1959

Quantum electrostatic potential (see 1_optimized_grid_esp.dat)

Constraints
    Charge constraints
        Total charge of   0.00000000 on the set  13
        Total charge of   0.00000000 on the set  33

Restraint
    Hyperbolic restraint to a charge of zero
    Hydrogen atoms are not restrained
    resp_a:                           0.0005
    resp_b:                           0.1000

Fit

Electrostatic Potential Charges
   Center  Symbol       ESP      RESP
      1    C       0.40816998  0.43890921
      2    C       0.35419133  0.10879641
      3    N      -0.76240679 -0.72688903
      4    N      -0.85890060 -0.67574726
      5    C      -0.70564914 -0.43041956
      6    C       0.68631688  0.62373026
      7    C       0.29480219  0.00157030
      8    H       0.18810014  0.17869559
      9    N      -0.64918453 -0.59272458
     10    C       0.12427621 -0.00017377
     11    H       0.21475819  0.16019977
     12    C       0.51373984  0.46128433
     13    H       0.00000000  0.00000000
     14    C      -0.29724368 -0.16719060
     15    H       0.21809159  0.16436373
     16    C      -0.29447955 -0.32500884
     17    H       0.47253464  0.42237273
     18    C      -0.45566369 -0.21742132
     19    H       0.22073887  0.17385074
     20    H       0.24489226  0.19707325
     21    C       0.18868471  0.02485221
     22    C       0.30187841  0.04880684
     23    C       0.41018748  0.06053220
     24    H       0.18241842  0.14000798
     25    H       0.21078873  0.20266268
     26    C      -0.46236010 -0.22296896
     27    C       0.32156900  0.35235012
     28    C       0.43115822  0.26974236
     29    C      -0.33023779 -0.16668214
     30    C      -0.23801534 -0.27778667
     31    C      -0.55261261 -0.31248181
     32    C       0.54222963  0.44207528
     33    H       0.00000000  0.00000000
     34    H       0.18577496  0.12826222
     35    N      -0.64624706 -0.43435755
     36    H       0.40604599  0.35445694
     37    C      -0.57162515 -0.23318795
     38    H       0.17619065  0.14386742
     39    C      -0.50504432 -0.25020027
     40    C      -0.42153226 -0.24978485
     41    C      -0.47989843 -0.32829016
     42    H       0.09098384  0.05657203
     43    H       0.08869498  0.04426684
     44    H       0.09739723  0.05193486
     45    H       0.10016498  0.06930172
     46    H       0.11933742  0.07770698
     47    H       0.09402098  0.05938320
     48    H       0.11069830  0.04888918
     49    H       0.12221671  0.05517747
     50    H       0.11004828  0.04962047
Total Charge:      0.00000000  0.00000000
