2023-01-17:09:48:50,462 INFO     [psi4.driver.task_planner:266] PLANNING Atomic:  keywords={'SCF__INTS_TOLERANCE': 1e-12, 'function_kwargs': {}}
2023-01-17:09:48:50,465 INFO     [psi4.driver.driver:617] Compute gradient(): method=scf, basis=cc-pvdz, molecule=default, nre=820.9644145508598
2023-01-17:09:49:03,573 INFO     [psi4.driver.driver:620] Return gradient(): -598.3167144724428
2023-01-17:09:49:03,574 INFO     [psi4.driver.driver:621] [[-0.00472374 -0.00311048 -0.00452516]
 [-0.00232786 -0.0016089   0.0071732 ]
 [-0.00280933 -0.01325189 -0.00230503]
 [ 0.00071719  0.00690251  0.00948648]
 [-0.00152828  0.00335708 -0.00731437]
 [ 0.00142223  0.01197936  0.00283821]
 [-0.00092854 -0.00737333 -0.00990799]
 [-0.00018967 -0.00471518  0.00757465]
 [-0.00108334 -0.01236546 -0.00259416]
 [ 0.00105591  0.00761697  0.00997096]
 [-0.00018903  0.0049375  -0.00790761]
 [ 0.00098582  0.01209687  0.00264299]
 [-0.00107722 -0.00743537 -0.00988581]
 [ 0.00015237 -0.00492775  0.00769188]
 [-0.00100814 -0.01229646 -0.00261298]
 [ 0.00116518  0.00765651  0.009954  ]
 [ 0.00012493  0.00483236 -0.00771789]
 [ 0.00097558  0.01209606  0.0026177 ]
 [-0.00116446 -0.00745771 -0.00983921]
 [ 0.00083509 -0.00449036  0.00689818]
 [-0.0009147  -0.01243585 -0.00261806]
 [ 0.00137654  0.00771648  0.01007505]
 [ 0.00269382  0.00311121 -0.00543251]
 [ 0.00049927  0.01181622  0.0028924 ]
 [-0.00169193 -0.00757024 -0.00935988]
 [ 0.00222347 -0.00082798  0.00085244]
 [-0.00024155 -0.01467167 -0.00343868]
 [ 0.00255389  0.00928679  0.01163863]
 [-0.00420844 -0.00017629  0.00111876]
 [ 0.0038771   0.01053674  0.00428934]
 [ 0.00162033 -0.00889531 -0.00792235]
 [-0.01801685  0.03741295 -0.05617826]
 [-0.02570795 -0.01317367 -0.00452447]
 [ 0.00790862  0.00871143  0.00516925]
 [-0.00213501 -0.00599239 -0.01172266]
 [-0.00060532  0.01208715  0.03157144]
 [ 0.0242341   0.00657418 -0.02286975]
 [ 0.00806451 -0.03111144  0.04801342]
 [ 0.00806542 -0.00484066  0.00620786]]
2023-01-17:09:49:04,150 INFO     [psi4.driver.task_planner:266] PLANNING Atomic:  keywords={'CART_HESS_READ': 0, 'SCF__GUESS': 'READ', 'SCF__INTS_TOLERANCE': 1e-12, 'function_kwargs': {}}
2023-01-17:09:49:04,153 INFO     [psi4.driver.driver:617] Compute gradient(): method=scf, basis=cc-pvdz, molecule=default, nre=817.3955048820998
2023-01-17:09:49:17,122 INFO     [psi4.driver.driver:620] Return gradient(): -598.3312258522167
2023-01-17:09:49:17,124 INFO     [psi4.driver.driver:621] [[-0.00146108  0.00112933 -0.00143167]
 [ 0.00244468 -0.00066689  0.00214141]
 [-0.00007375  0.00058849 -0.00191568]
 [-0.0000422   0.00131245 -0.00140172]
 [ 0.00017921  0.00159886 -0.00286259]
 [ 0.00000056 -0.00066314  0.0019881 ]
 [ 0.00003066 -0.00148378  0.00148007]
 [ 0.00052589 -0.00141113  0.00211349]
 [-0.00008764  0.0007253  -0.00202601]
 [-0.00003741  0.00153575 -0.0015252 ]
 [ 0.00003975  0.0013176  -0.00209757]
 [ 0.00004747 -0.00073244  0.00207658]
 [ 0.00002624 -0.00157328  0.0015278 ]
 [-0.00008714 -0.00133454  0.00203901]
 [-0.00002992  0.00074874 -0.00204223]
 [ 0.0000042   0.00155258 -0.0015411 ]
 [-0.00024222  0.00142298 -0.00222184]
 [ 0.00003209 -0.00071589  0.00205811]
 [ 0.00001674 -0.00155618  0.00151376]
 [-0.00096634 -0.00145463  0.0024142 ]
 [ 0.00000472  0.00074024 -0.00200145]
 [ 0.00003132  0.00150759 -0.00151964]
 [-0.0008679   0.00188126 -0.00282312]
 [ 0.00022046 -0.0004522   0.00185071]
 [ 0.00018082 -0.00150697  0.00117421]
 [-0.00090315 -0.00255788  0.00418659]
 [ 0.00026588  0.00080921 -0.00192003]
 [ 0.00027832  0.00136056 -0.00157684]
 [-0.0037444   0.00127386 -0.00136008]
 [ 0.00124166 -0.00036688  0.00199764]
 [ 0.00114574 -0.00182897  0.00106501]
 [-0.0019762   0.00707977 -0.01077767]
 [ 0.00526893 -0.00168893  0.00106279]
 [-0.00058827 -0.00005601  0.00128695]
 [ 0.00004455 -0.00084304  0.00111939]
 [-0.00068583  0.00003446 -0.0022611 ]
 [-0.00065043  0.00002485  0.00122119]
 [-0.0004179  -0.00297694  0.00475115]
 [ 0.0008319  -0.00277416  0.00423735]]
2023-01-17:09:49:17,453 INFO     [psi4.driver.task_planner:266] PLANNING Atomic:  keywords={'CART_HESS_READ': 0, 'SCF__GUESS': 'READ', 'SCF__INTS_TOLERANCE': 1e-12, 'function_kwargs': {}}
2023-01-17:09:49:17,456 INFO     [psi4.driver.driver:617] Compute gradient(): method=scf, basis=cc-pvdz, molecule=default, nre=820.403197160842
2023-01-17:09:49:29,360 INFO     [psi4.driver.driver:620] Return gradient(): -598.3321683854767
2023-01-17:09:49:29,361 INFO     [psi4.driver.driver:621] [[-0.00074863  0.00166686 -0.0018825 ]
 [ 0.00050228 -0.00136259  0.00164681]
 [-0.00011794  0.00060897  0.00003206]
 [-0.00015886 -0.00016609 -0.0005974 ]
 [-0.00027809  0.00123944 -0.00182928]
 [-0.00000472 -0.0006247   0.00010828]
 [ 0.00012287  0.00013833  0.00059587]
 [-0.00009829 -0.00118362  0.00194249]
 [ 0.00002735  0.0005933  -0.00009495]
 [-0.00004142 -0.00016366 -0.00059054]
 [-0.00008115  0.00124075 -0.00192331]
 [-0.00002338 -0.00058647  0.00009625]
 [ 0.00003983  0.00017138  0.0005652 ]
 [ 0.00006839 -0.00120726  0.00194281]
 [ 0.0000174   0.00056679 -0.00008772]
 [-0.00002939 -0.00016411 -0.00059237]
 [ 0.00014927  0.0011716  -0.00188979]
 [-0.0000305  -0.00058925  0.00010147]
 [ 0.00001553  0.00017239  0.00058317]
 [ 0.00020138 -0.00119088  0.00187048]
 [ 0.00003852  0.00060471 -0.0000939 ]
 [-0.00000758 -0.00017572 -0.00061348]
 [ 0.00005276  0.00127143 -0.00204432]
 [-0.00003279 -0.00064623  0.00008492]
 [ 0.00002606  0.00020831  0.00062125]
 [ 0.00015307 -0.00158989  0.00245145]
 [ 0.00008571  0.00085281 -0.00010403]
 [-0.00000308 -0.00026674 -0.00080252]
 [-0.00089114  0.0009652  -0.0014761 ]
 [ 0.00019892 -0.0006306   0.00003973]
 [ 0.00027197  0.00023525  0.00066549]
 [ 0.00084423 -0.0003802   0.00017864]
 [ 0.00104196 -0.0004431   0.00086717]
 [-0.00007867 -0.00056777 -0.00004331]
 [ 0.00014761  0.00017594  0.00067764]
 [ 0.00014485 -0.00030472 -0.0008689 ]
 [-0.00138429  0.00005546  0.00072118]
 [-0.00000965  0.00041145 -0.00055097]
 [-0.00013043 -0.00010679  0.00029303]]
2023-01-17:09:49:29,649 INFO     [psi4.driver.task_planner:266] PLANNING Atomic:  keywords={'CART_HESS_READ': 0, 'SCF__GUESS': 'READ', 'SCF__INTS_TOLERANCE': 1e-12, 'function_kwargs': {}}
2023-01-17:09:49:29,653 INFO     [psi4.driver.driver:617] Compute gradient(): method=scf, basis=cc-pvdz, molecule=default, nre=819.5991886587568
2023-01-17:09:49:41,538 INFO     [psi4.driver.driver:620] Return gradient(): -598.3322131875873
2023-01-17:09:49:41,539 INFO     [psi4.driver.driver:621] [[-0.00049884 -0.00011076 -0.0000672 ]
 [-0.00008241  0.00008286 -0.00002606]
 [ 0.00003784 -0.0000458  -0.00004146]
 [ 0.00000614 -0.00005228  0.00013001]
 [-0.00008327  0.00007281  0.00007363]
 [-0.00001131  0.00008165 -0.00009702]
 [-0.00000598  0.00001174 -0.0000511 ]
 [-0.00001579  0.00003576 -0.00002039]
 [ 0.00001069 -0.00005909  0.00003189]
 [-0.00000772 -0.00006997  0.00010378]
 [-0.00000767  0.00000762  0.00000156]
 [-0.00000125  0.00002955 -0.00012694]
 [-0.00000626  0.00001924 -0.00003369]
 [-0.00000486  0.0000263   0.00001774]
 [ 0.00000242 -0.00002361  0.00003279]
 [-0.00000209 -0.00008758  0.00008874]
 [ 0.00000251  0.00001937  0.00001585]
 [-0.00000223  0.00004145 -0.00011275]
 [ 0.00000602  0.00002659 -0.00004932]
 [ 0.0000428   0.00003251 -0.00000641]
 [-0.000008   -0.00005778  0.00004421]
 [-0.00000493 -0.00005788  0.00009582]
 [ 0.00003525  0.00002111 -0.00002817]
 [-0.00001525  0.00004561 -0.00006895]
 [-0.00000728  0.00002049 -0.00004488]
 [ 0.00009963 -0.00005082  0.00009549]
 [-0.00001559 -0.00009328  0.00003981]
 [-0.00001734 -0.00001697  0.00009092]
 [-0.0002691  -0.00043222 -0.00040823]
 [-0.00009053 -0.00001506 -0.00000691]
 [ 0.00011976  0.00008303 -0.00013148]
 [ 0.00014471  0.00157251  0.0011545 ]
 [-0.00001165 -0.00025916 -0.00015083]
 [ 0.00010769  0.00004553  0.00000847]
 [ 0.00000291 -0.00007013 -0.00019036]
 [ 0.00007828  0.00022077  0.00067279]
 [ 0.0006328   0.00007735 -0.00030444]
 [ 0.00003163 -0.00064991 -0.00020002]
 [-0.00019173 -0.00042154 -0.00053137]]
2023-01-17:09:49:41,747 INFO     [psi4.driver.task_planner:266] PLANNING Atomic:  keywords={'CART_HESS_READ': 0, 'SCF__GUESS': 'READ', 'SCF__INTS_TOLERANCE': 1e-12, 'function_kwargs': {}}
2023-01-17:09:49:41,750 INFO     [psi4.driver.driver:617] Compute gradient(): method=scf, basis=cc-pvdz, molecule=default, nre=819.0034075003257
2023-01-17:09:49:53,612 INFO     [psi4.driver.driver:620] Return gradient(): -598.3315970589599
2023-01-17:09:49:53,613 INFO     [psi4.driver.driver:621] [[ 0.00027352 -0.00175747  0.00211687]
 [-0.00066692  0.00155477 -0.00196551]
 [ 0.00010193 -0.00075722  0.00016958]
 [ 0.00021741  0.00015486  0.00079327]
 [ 0.00020059 -0.00151359  0.00209971]
 [ 0.00000957  0.00076758 -0.00020729]
 [-0.00015466  0.00000579 -0.00085491]
 [ 0.00005848  0.00130596 -0.00228087]
 [-0.000045   -0.00075854  0.00035651]
 [ 0.00007539  0.00014054  0.00077088]
 [ 0.0000841  -0.0014573   0.00214594]
 [ 0.00001548  0.00071428 -0.00018828]
 [-0.0000353   0.00004379 -0.0007915 ]
 [-0.00008286  0.00131803 -0.00224043]
 [-0.00000318 -0.00070322  0.0003532 ]
 [ 0.00002921  0.00012486  0.00074965]
 [-0.00015585 -0.00141316  0.00212744]
 [ 0.0000352   0.00072203 -0.00021673]
 [-0.00000166  0.00000478 -0.00081539]
 [-0.00012069  0.00131768 -0.00223798]
 [-0.00003239 -0.00077199  0.00031292]
 [-0.00001482  0.00014161  0.00080722]
 [ 0.00003173 -0.00143039  0.00236158]
 [ 0.00001421  0.0007582  -0.00018394]
 [-0.00004998 -0.00011577 -0.00081512]
 [ 0.00002822  0.00174351 -0.00277208]
 [-0.00017101 -0.00099728  0.00025496]
 [ 0.00001025  0.00028852  0.00108842]
 [ 0.00108819  0.00329698  0.00450858]
 [ 0.00056647  0.00093706 -0.00073427]
 [-0.00116422 -0.00043707 -0.0003523 ]
 [-0.0022052  -0.01344011 -0.00785594]
 [-0.00141245  0.00010863 -0.0012099 ]
 [ 0.00030754  0.00064948  0.00006529]
 [-0.00016699 -0.00022656 -0.00099724]
 [-0.00006965  0.00063807  0.00174391]
 [ 0.00222112 -0.00004196 -0.00124198]
 [ 0.00063449  0.00430437  0.002908  ]
 [ 0.00054972  0.00478026  0.00222773]]
2023-01-17:09:49:53,882 INFO     [psi4.driver.task_planner:266] PLANNING Atomic:  keywords={'CART_HESS_READ': 0, 'SCF__GUESS': 'READ', 'SCF__INTS_TOLERANCE': 1e-12, 'function_kwargs': {}}
2023-01-17:09:49:53,885 INFO     [psi4.driver.driver:617] Compute gradient(): method=scf, basis=cc-pvdz, molecule=default, nre=819.661399091846
2023-01-17:09:50:05,614 INFO     [psi4.driver.driver:620] Return gradient(): -598.3322172601961
2023-01-17:09:50:05,615 INFO     [psi4.driver.driver:621] [[-0.00004031 -0.00006344  0.0002046 ]
 [-0.00000055  0.0001327  -0.00021238]
 [-0.00002357 -0.00009879  0.000092  ]
 [ 0.00004252  0.00005585  0.00006163]
 [ 0.00002698 -0.00023258  0.0001651 ]
 [ 0.00000372  0.00007283  0.00003605]
 [-0.00000951  0.0000438  -0.00013855]
 [ 0.00001514  0.00008788 -0.00027878]
 [-0.00001586 -0.00009437  0.00010782]
 [ 0.00002061  0.00007498  0.0000546 ]
 [ 0.00001369 -0.00018411  0.00022379]
 [ 0.00000181  0.00008271  0.00005827]
 [ 0.00000399  0.00007303 -0.00012445]
 [-0.00001618  0.00009894 -0.00027753]
 [ 0.00000376 -0.00009136  0.0001092 ]
 [ 0.0000054   0.00007616  0.00004707]
 [-0.00002687 -0.00019701  0.00020923]
 [ 0.00001088  0.00007949  0.00003222]
 [-0.00000566  0.00004943 -0.00012275]
 [-0.00002265  0.00011369 -0.00026285]
 [-0.00000136 -0.00009604  0.00007681]
 [ 0.00000043  0.0000542   0.00007217]
 [-0.00000136 -0.00018584  0.00020875]
 [ 0.000009    0.00008776  0.00001299]
 [-0.0000127   0.00001043 -0.00010782]
 [ 0.00002614  0.00016265 -0.00027034]
 [-0.00001225 -0.00012502  0.00004803]
 [-0.00001326  0.00004954  0.0000954 ]
 [ 0.00004441 -0.00012084 -0.00002185]
 [-0.00003001  0.00007564 -0.00000711]
 [ 0.00002396  0.0000034  -0.00014219]
 [ 0.00042764  0.00021066  0.00015612]
 [-0.00011065 -0.00009345 -0.00009862]
 [ 0.00004996  0.00006735  0.0000326 ]
 [-0.00000175 -0.00002928 -0.00011213]
 [-0.00004886  0.00008709  0.00015311]
 [ 0.00020087 -0.00001018 -0.00015508]
 [-0.00038467 -0.00008368  0.0000037 ]
 [-0.0001529  -0.00014424  0.00007118]]
2023-01-17:09:50:05,868 INFO     [psi4.driver.task_planner:266] PLANNING Atomic:  keywords={'CART_HESS_READ': 0, 'SCF__GUESS': 'READ', 'SCF__INTS_TOLERANCE': 1e-12, 'function_kwargs': {}}
2023-01-17:09:50:05,871 INFO     [psi4.driver.driver:617] Compute gradient(): method=scf, basis=cc-pvdz, molecule=default, nre=819.9354758783606
2023-01-17:09:50:18,6 INFO     [psi4.driver.driver:620] Return gradient(): -598.3322036174441
2023-01-17:09:50:18,7 INFO     [psi4.driver.driver:621] [[ 0.0003165   0.00042277  0.00003487]
 [ 0.00023413 -0.00009086  0.00009683]
 [-0.00007255  0.00005861 -0.00000424]
 [-0.00003519  0.00001338 -0.00014694]
 [ 0.00007864 -0.00000052 -0.00010462]
 [ 0.00002605 -0.00012099  0.00002436]
 [-0.00001689 -0.0000799   0.0001054 ]
 [ 0.00002335 -0.0000257   0.00012549]
 [-0.00001074  0.00010195 -0.00014297]
 [-0.00000411 -0.00003456 -0.00006687]
 [ 0.00001527  0.00009608 -0.00003273]
 [-0.00000496 -0.00005025 -0.00000132]
 [ 0.00000146 -0.00010911  0.00011234]
 [ 0.00002341  0.00000495  0.00008883]
 [-0.0000091   0.00006206 -0.00013893]
 [-0.00000235 -0.00002131 -0.0000549 ]
 [ 0.00000755  0.00007837 -0.00001449]
 [-0.0000042  -0.00005959  0.00001853]
 [ 0.00000519 -0.00009564  0.00011942]
 [-0.00000468  0.00001431  0.00006731]
 [-0.00000285  0.00009315 -0.00012366]
 [ 0.00000587 -0.00000731 -0.00008533]
 [-0.0000126   0.00008     0.00004862]
 [ 0.0000086  -0.00006679  0.0000274 ]
 [ 0.00001631 -0.00007648  0.00011581]
 [-0.00003204 -0.00004574 -0.00007474]
 [ 0.00000056  0.00016208 -0.00012006]
 [ 0.00001045 -0.00001613 -0.00010372]
 [ 0.00014462  0.00053701  0.00027897]
 [ 0.00011676 -0.00002347 -0.00000196]
 [-0.00005975 -0.00011875  0.00016375]
 [ 0.00050995 -0.0015026  -0.00106012]
 [ 0.00021592  0.00012112  0.00024394]
 [-0.00007296 -0.00007358 -0.0000065 ]
 [ 0.00004703  0.0000287   0.00026753]
 [-0.00015509 -0.00020443 -0.00079789]
 [-0.00078393 -0.00007145  0.00034395]
 [-0.00049048  0.0007592   0.00003161]
 [-0.00003314  0.00026142  0.00076703]]
2023-01-17:09:50:18,340 INFO     [psi4.driver.task_planner:266] PLANNING Atomic:  keywords={'CART_HESS_READ': 0, 'SCF__GUESS': 'READ', 'SCF__INTS_TOLERANCE': 1e-12, 'function_kwargs': {}}
2023-01-17:09:50:18,343 INFO     [psi4.driver.driver:617] Compute gradient(): method=scf, basis=cc-pvdz, molecule=default, nre=819.7454887801258
2023-01-17:09:50:30,289 INFO     [psi4.driver.driver:620] Return gradient(): -598.33222132211
2023-01-17:09:50:30,290 INFO     [psi4.driver.driver:621] [[ 0.00001344 -0.00006703 -0.00013607]
 [ 0.0000488  -0.0001054   0.00010508]
 [ 0.00003131 -0.00002701 -0.00012299]
 [-0.0000252   0.00000328  0.00004602]
 [-0.00009817  0.00015263 -0.00002341]
 [-0.00000802  0.0000491   0.00000633]
 [-0.00001023 -0.00004396  0.00002536]
 [-0.00003171 -0.00000885  0.00013424]
 [ 0.00002172  0.00004091 -0.00003216]
 [-0.00002249 -0.00000201 -0.00003819]
 [-0.00002342  0.00005655 -0.00012665]
 [ 0.00000178 -0.00005314  0.00000093]
 [-0.00000517 -0.00001854  0.00004797]
 [ 0.00000213 -0.0000616   0.00012127]
 [-0.00000277  0.00004535 -0.00003397]
 [-0.00000127 -0.00001667 -0.0000404 ]
 [ 0.0000111   0.00007188 -0.00011152]
 [-0.00000388 -0.00004992  0.00001442]
 [ 0.00000598 -0.00000137  0.00005963]
 [ 0.00003099 -0.00008376  0.00009186]
 [ 0.0000137   0.00003259 -0.00001899]
 [-0.00000526  0.00000191 -0.00005082]
 [-0.00000531 -0.00002685 -0.00014458]
 [-0.00000824 -0.00004549  0.00005451]
 [ 0.00000992  0.00002196  0.00001839]
 [ 0.00012456  0.00008817  0.00015162]
 [ 0.00002669 -0.00004529  0.00003174]
 [ 0.00000952  0.00006042 -0.00005366]
 [ 0.00014001 -0.00002933 -0.00004183]
 [ 0.0000181   0.00020196  0.00010408]
 [ 0.00001556 -0.00007698 -0.00016023]
 [-0.00008911  0.0000667  -0.00032475]
 [ 0.0001357   0.00001364  0.00010672]
 [-0.00003727  0.00005609 -0.00003742]
 [ 0.00001068 -0.00004526 -0.00003476]
 [ 0.00004896 -0.00002269 -0.00002236]
 [-0.00011388  0.00003192  0.00007179]
 [-0.00000636 -0.00021401  0.00038163]
 [-0.00022289  0.00005012 -0.00001883]]
2023-01-17:09:50:30,717 INFO     [psi4.driver.task_planner:266] PLANNING Atomic:  keywords={'CART_HESS_READ': 0, 'SCF__GUESS': 'READ', 'OPTKING__INTRAFRAG_STEP_LIMIT': 0.125, 'SCF__INTS_TOLERANCE': 1e-12, 'function_kwargs': {}}
2023-01-17:09:50:30,720 INFO     [psi4.driver.driver:617] Compute gradient(): method=scf, basis=cc-pvdz, molecule=default, nre=819.6723149148073
2023-01-17:09:50:42,514 INFO     [psi4.driver.driver:620] Return gradient(): -598.3322173590796
2023-01-17:09:50:42,515 INFO     [psi4.driver.driver:621] [[-0.00011666 -0.00022784 -0.00014046]
 [-0.00008177 -0.00002511  0.00005755]
 [ 0.00004613 -0.0000058  -0.00007192]
 [-0.00000178  0.00000671  0.00006556]
 [-0.00010391  0.00012721  0.00000687]
 [-0.000026    0.00006404 -0.00000491]
 [ 0.00001688  0.00000038  0.00000346]
 [-0.00004207 -0.00003302  0.00006332]
 [ 0.00001267 -0.00000837  0.00000958]
 [-0.00001055 -0.00000812 -0.00000562]
 [-0.00001685  0.00003694 -0.00009467]
 [ 0.00000705 -0.00001198 -0.0000163 ]
 [-0.00000692  0.00001062  0.00000258]
 [-0.00000886 -0.0000484   0.00009671]
 [ 0.00000214  0.00001898  0.00000924]
 [-0.00000476 -0.00001579 -0.00000327]
 [ 0.00001894  0.00006854 -0.00008589]
 [ 0.00000158 -0.00001555 -0.00001437]
 [ 0.0000033   0.00001313  0.00000838]
 [ 0.0000199  -0.00002478  0.00010602]
 [-0.00000749  0.00000587  0.00000154]
 [ 0.00000681 -0.00001622  0.0000135 ]
 [ 0.00001766  0.00017104 -0.0000258 ]
 [ 0.00000059  0.00000437 -0.00005772]
 [-0.00000713 -0.00002247  0.0000357 ]
 [ 0.00008004 -0.00020882 -0.00005857]
 [-0.00000802 -0.00004884 -0.00006377]
 [ 0.00003249 -0.00002678  0.00016184]
 [ 0.0002772  -0.00013113  0.00000157]
 [ 0.00005604  0.00037515 -0.00005607]
 [-0.00004148 -0.00024232 -0.00030582]
 [-0.00063802  0.00069154 -0.00005456]
 [ 0.00003084 -0.00002427 -0.00002093]
 [ 0.00000243  0.00003994 -0.00001348]
 [-0.00002043 -0.00001663 -0.00011524]
 [ 0.00011045  0.00005575  0.00028036]
 [ 0.00022692  0.00003972 -0.00006568]
 [ 0.00028666 -0.00061685  0.00068277]
 [-0.00011406  0.00004916 -0.00033149]]
2023-01-17:09:50:42,807 INFO     [psi4.driver.task_planner:266] PLANNING Atomic:  keywords={'CART_HESS_READ': 0, 'SCF__GUESS': 'READ', 'OPTKING__INTRAFRAG_STEP_LIMIT': 0.125, 'SCF__INTS_TOLERANCE': 1e-12, 'function_kwargs': {}}
2023-01-17:09:50:42,810 INFO     [psi4.driver.driver:617] Compute gradient(): method=scf, basis=cc-pvdz, molecule=default, nre=819.6835866532715
2023-01-17:09:50:54,654 INFO     [psi4.driver.driver:620] Return gradient(): -598.3322249455991
2023-01-17:09:50:54,656 INFO     [psi4.driver.driver:621] [[-0.00010943 -0.0000275   0.00009858]
 [-0.00006932  0.00013295 -0.0001041 ]
 [-0.00001384 -0.00006642  0.000104  ]
 [ 0.00004     0.00004391  0.00006922]
 [ 0.00000491 -0.00012787  0.00005971]
 [-0.00000864  0.00006128 -0.00002546]
 [ 0.00000514 -0.00000341 -0.00010387]
 [ 0.0000042  -0.00000329 -0.00011582]
 [-0.00002779 -0.00005947  0.00001854]
 [ 0.00002307 -0.00001386  0.00005524]
 [ 0.00001589 -0.00002253  0.0001013 ]
 [-0.0000016   0.00005209 -0.00002417]
 [ 0.00000271  0.00001255 -0.00003659]
 [-0.00000779  0.00005776 -0.00007528]
 [ 0.00000495 -0.00003785  0.00002491]
 [-0.00000299 -0.00000446  0.00004611]
 [-0.00000608 -0.00005498  0.00007212]
 [ 0.00000187  0.0000426  -0.00003272]
 [-0.00000142 -0.0000018  -0.00005037]
 [-0.00001944  0.00004505 -0.00007372]
 [-0.00000584 -0.00004409  0.00001833]
 [-0.00000218 -0.00000942  0.00005618]
 [-0.0000055  -0.00004686  0.00005319]
 [-0.00000236  0.00003876 -0.00002573]
 [-0.00000021  0.00000235 -0.00004468]
 [-0.00000961  0.00007442 -0.00006115]
 [-0.00001187 -0.00007923  0.00003308]
 [-0.00000503  0.00000889  0.00006876]
 [ 0.00017852 -0.000133    0.00000273]
 [-0.00000497  0.00020491 -0.0000087 ]
 [ 0.00000005 -0.00005486 -0.00021181]
 [-0.00033294  0.00034084  0.00006056]
 [-0.00010291 -0.00010823 -0.00013439]
 [ 0.00005305  0.00003897  0.00003754]
 [-0.00003552  0.00001792 -0.00009596]
 [ 0.00001827  0.00008565  0.00024126]
 [ 0.00029354 -0.00001593 -0.00014162]
 [ 0.00008729 -0.00032751  0.00031902]
 [ 0.00005385 -0.00001836 -0.00017425]]
2023-01-17:09:50:54,961 INFO     [psi4.driver.task_planner:266] PLANNING Atomic:  keywords={'CART_HESS_READ': 0, 'SCF__GUESS': 'READ', 'OPTKING__INTRAFRAG_STEP_LIMIT': 0.125, 'SCF__INTS_TOLERANCE': 1e-12, 'function_kwargs': {}}
2023-01-17:09:50:54,964 INFO     [psi4.driver.driver:617] Compute gradient(): method=scf, basis=cc-pvdz, molecule=default, nre=819.7865722610921
2023-01-17:09:51:06,504 INFO     [psi4.driver.driver:620] Return gradient(): -598.3322271744316
2023-01-17:09:51:06,506 INFO     [psi4.driver.driver:621] [[ 0.0000152   0.00010354  0.00006615]
 [ 0.00002365  0.00003124 -0.00008993]
 [-0.00001336 -0.00008779  0.00001622]
 [-0.00000378  0.00000088  0.00005171]
 [ 0.00005599 -0.00006394 -0.00000627]
 [ 0.00003015 -0.0000082  -0.00000445]
 [-0.0000273  -0.00001035 -0.00002945]
 [ 0.0000258   0.0000517  -0.00002778]
 [-0.00000109 -0.00000968  0.0000177 ]
 [ 0.00000292  0.00003052  0.00002687]
 [ 0.00001759 -0.00004314  0.00005077]
 [-0.00000828  0.00001785  0.00002069]
 [ 0.00000916  0.00000196 -0.00003064]
 [-0.00000342  0.00000389 -0.00007577]
 [-0.00000566 -0.00002433  0.00001173]
 [ 0.00000729  0.00002079  0.0000043 ]
 [-0.00000963 -0.00003937  0.00005496]
 [ 0.00000381  0.00002188  0.00002222]
 [-0.00000412  0.00000744 -0.00002388]
 [-0.00001632  0.00003096 -0.00005533]
 [ 0.00000008 -0.00001681  0.0000179 ]
 [ 0.00000094  0.00002733  0.00000591]
 [-0.00001102 -0.00002166  0.00005015]
 [ 0.00000884  0.00001698  0.00001429]
 [-0.00000643  0.00000151 -0.00001837]
 [-0.00006337 -0.00000969 -0.00004764]
 [-0.00000689  0.00001833  0.0000013 ]
 [-0.00000992  0.00000019 -0.00001092]
 [-0.00002554  0.00004769 -0.00001259]
 [-0.00001169 -0.00008413 -0.00001176]
 [-0.00000722  0.00003338  0.00006902]
 [ 0.00015909 -0.0001685   0.00003889]
 [-0.0000453   0.00000053  0.00000285]
 [ 0.00000956  0.00000269  0.00000007]
 [ 0.00001449 -0.00000897  0.00004316]
 [-0.00004892 -0.0000039  -0.000073  ]
 [-0.00003781 -0.00000936 -0.00000739]
 [-0.00011081  0.0001718  -0.00018305]
 [ 0.00009333 -0.00003324  0.00012135]]
2023-01-17:09:51:07,93 INFO     [psi4.driver.task_planner:266] PLANNING Atomic:  keywords={'CART_HESS_READ': 0, 'SCF__GUESS': 'READ', 'OPTKING__INTRAFRAG_STEP_LIMIT': 0.03125, 'SCF__INTS_TOLERANCE': 1e-12, 'function_kwargs': {}}
2023-01-17:09:51:07,96 INFO     [psi4.driver.driver:617] Compute gradient(): method=scf, basis=cc-pvdz, molecule=default, nre=819.7848918008145
2023-01-17:09:51:18,595 INFO     [psi4.driver.driver:620] Return gradient(): -598.3322289051088
2023-01-17:09:51:18,596 INFO     [psi4.driver.driver:621] [[ 0.00002001 -0.00000253 -0.00003501]
 [ 0.00002203 -0.00001719  0.00001898]
 [ 0.0000066   0.00000829 -0.00001118]
 [-0.00001197  0.00000049 -0.00000561]
 [ 0.00000167  0.00002803 -0.0000141 ]
 [ 0.00000527  0.00000035  0.00000697]
 [ 0.00000008 -0.00000205  0.00002101]
 [-0.0000144  -0.00000916  0.00001713]
 [ 0.00000144 -0.00000046  0.00000341]
 [-0.00000171  0.00001223 -0.00001489]
 [-0.000007    0.00000026 -0.00002779]
 [ 0.00000094 -0.00001156  0.0000109 ]
 [-0.00000071  0.00000037  0.00000846]
 [ 0.00000146 -0.00001073  0.00002114]
 [-0.00000128  0.00001192 -0.00000693]
 [ 0.00000179  0.00000359 -0.00000787]
 [ 0.00000225  0.00000929 -0.00002046]
 [-0.00000039 -0.00001008  0.00000981]
 [-0.00000023  0.00000031  0.00001133]
 [ 0.00000994 -0.00002213  0.00001035]
 [ 0.00000294  0.00000879 -0.00000573]
 [-0.00000011  0.00000317 -0.00001261]
 [ 0.0000064  -0.00000268 -0.00001913]
 [-0.00000399 -0.00000818  0.00001014]
 [ 0.00000298 -0.00000212  0.00000722]
 [ 0.00000417  0.00000174  0.00003406]
 [ 0.00000823  0.00001759 -0.00000923]
 [-0.00000317 -0.00000216 -0.00002095]
 [-0.00004367  0.0000439  -0.00000805]
 [-0.00000752 -0.00005984  0.00000802]
 [-0.00000561  0.00001915  0.00006596]
 [ 0.00008532 -0.00011219 -0.00002099]
 [ 0.00003808  0.00001465  0.00003021]
 [-0.00001178 -0.00000497  0.00000685]
 [ 0.00000382  0.00000276  0.00000214]
 [-0.00000161 -0.00001747 -0.00005409]
 [-0.00008225 -0.00000095  0.00003677]
 [-0.00002144  0.00010407 -0.00010121]
 [-0.00000659  0.00000548  0.000055  ]]
2023-01-17:09:51:18,932 INFO     [psi4.driver.task_planner:266] PLANNING Atomic:  keywords={'CART_HESS_READ': 0, 'SCF__GUESS': 'READ', 'OPTKING__INTRAFRAG_STEP_LIMIT': 0.03125, 'SCF__INTS_TOLERANCE': 1e-12, 'function_kwargs': {}}
2023-01-17:09:51:18,935 INFO     [psi4.driver.driver:617] Compute gradient(): method=scf, basis=cc-pvdz, molecule=default, nre=819.761885004915
2023-01-17:09:51:30,477 INFO     [psi4.driver.driver:620] Return gradient(): -598.3322285656683
2023-01-17:09:51:30,478 INFO     [psi4.driver.driver:621] [[-0.00000676 -0.00001505 -0.00001767]
 [ 0.00000146 -0.00000958  0.00004241]
 [ 0.00000585  0.00002595 -0.00002785]
 [-0.00000246 -0.0000106  -0.00000684]
 [-0.0000214   0.00002242 -0.00001202]
 [-0.00001429 -0.00000059 -0.00001423]
 [ 0.0000106  -0.00001791  0.00001827]
 [-0.00000937 -0.00001697  0.00001711]
 [-0.0000027   0.00000316 -0.00001854]
 [ 0.00000325 -0.00001624 -0.00000216]
 [-0.00000576  0.0000281  -0.00001809]
 [ 0.0000013  -0.00000284 -0.00000412]
 [-0.00000167 -0.00000046  0.0000145 ]
 [ 0.0000018  -0.00001582  0.00002485]
 [ 0.00000488  0.00000691  0.00000097]
 [-0.00000478 -0.00000045 -0.00000906]
 [ 0.00000105  0.00000778 -0.00003049]
 [ 0.00000224 -0.00001114  0.00000978]
 [-0.00000139  0.00000985  0.00000352]
 [ 0.00000717 -0.0000092   0.00002667]
 [ 0.00000075  0.00001007  0.000012  ]
 [ 0.00000141  0.00001062 -0.0000121 ]
 [ 0.00000476  0.00001123 -0.00002169]
 [-0.00000173 -0.00000615  0.00001082]
 [ 0.00000331  0.00001012  0.00000253]
 [ 0.00001688 -0.00002336  0.00001046]
 [ 0.000001   -0.00000239 -0.00000076]
 [ 0.00000339  0.00000258 -0.0000042 ]
 [-0.00000652 -0.00000569 -0.00000499]
 [ 0.00000563  0.00000645  0.00000295]
 [-0.00000052 -0.00000695 -0.0000007 ]
 [-0.00001867  0.00002028 -0.00001204]
 [ 0.00003247 -0.00000489  0.00000883]
 [-0.00000624  0.00001302 -0.00000896]
 [-0.00000327 -0.00000839 -0.00001155]
 [ 0.00001539  0.00000066  0.00001611]
 [-0.00001011  0.00000571  0.00001135]
 [ 0.00002708 -0.0000244   0.00002929]
 [-0.00003404  0.00001416 -0.00002435]]
2023-01-17:09:51:31,933 INFO     [psi4.driver.task_planner:266] PLANNING Atomic:  keywords={'SCF__INTS_TOLERANCE': 1e-12, 'function_kwargs': {}}
2023-01-17:09:51:31,935 INFO     [psi4.driver.driver:774] Compute properties(): method=scf, basis=6-31g*, molecule=optimized, nre=819.761885004925
2023-01-17:09:51:48,786 INFO     [psi4.driver.driver:777] Return properties(): -598.2820779626361
2023-01-17:09:51:50,334 INFO     [psi4.driver.task_planner:266] PLANNING Atomic:  keywords={'SCF__INTS_TOLERANCE': 1e-12, 'function_kwargs': {}}
2023-01-17:09:51:50,337 INFO     [psi4.driver.driver:774] Compute properties(): method=scf, basis=6-31g*, molecule=optimized, nre=819.7618850049249
2023-01-17:09:52:07,635 INFO     [psi4.driver.driver:777] Return properties(): -598.2820779622673
