2023-01-18:18:40:21,959 INFO     [psi4.driver.task_planner:266] PLANNING Atomic:  keywords={'function_kwargs': {}}
2023-01-18:18:40:21,963 INFO     [psi4.driver.driver:499] Compute energy(): method=scf, basis=cc-pvdz, molecule=default, nre=4481.009976498704
2023-01-18:18:41:08,589 INFO     [psi4.driver.driver:502] Return energy(): -2146.4964728832365
2023-01-18:18:41:08,628 INFO     [psi4.driver.task_planner:266] PLANNING Atomic:  keywords={'GEOM_MAXITER': 500, 'SCF__INTS_TOLERANCE': 1e-12, 'MAXITER': 500, 'function_kwargs': {}}
2023-01-18:18:41:08,631 INFO     [psi4.driver.driver:617] Compute gradient(): method=scf, basis=cc-pvdz, molecule=default, nre=4481.009976498704
2023-01-18:18:42:39,527 INFO     [psi4.driver.driver:620] Return gradient(): -2146.4964730716115
2023-01-18:18:42:39,529 INFO     [psi4.driver.driver:621] [[ 0.0285065   0.00041453  0.0037473 ]
 [-0.00138434 -0.06460143  0.04944406]
 [-0.02511753  0.01170988 -0.01165215]
 [ 0.02283303  0.05757179 -0.04329882]
 [-0.01973797 -0.00891021  0.00464175]
 [-0.00793764  0.0006981  -0.00113089]
 [ 0.00228947  0.04062135 -0.02888395]
 [-0.01053498 -0.0355932   0.02722254]
 [-0.00521723 -0.00301832 -0.00126948]
 [-0.01067126 -0.00416025 -0.0011128 ]
 [-0.00190267 -0.00632336  0.00603544]
 [ 0.0141389   0.00507962 -0.00186509]
 [-0.00298617  0.00728163 -0.00491118]
 [-0.00268088 -0.00379867  0.00251308]
 [ 0.00471643 -0.00477632  0.00680769]
 [ 0.0007454   0.00447089 -0.00267683]
 [-0.00098656 -0.0181667   0.05141152]
 [-0.00653696 -0.01538751 -0.03318733]
 [ 0.03585466  0.01585373 -0.00183367]
 [-0.02410877  0.02517337  0.004032  ]
 [ 0.00065403 -0.01611681 -0.05271102]
 [-0.03229202  0.02389242  0.00483547]
 [ 0.02854144  0.01861324 -0.00331363]
 [ 0.00270928 -0.01927101  0.03111856]
 [-0.01379084  0.00839291  0.00042464]
 [ 0.00123193 -0.0075794  -0.00087162]
 [ 0.03133263  0.00658886  0.00404789]
 [-0.00376741 -0.00390491 -0.00310124]
 [ 0.00807028 -0.00316702  0.00192438]
 [ 0.01842689 -0.01498262 -0.00002992]
 [ 0.01892523  0.07629761  0.00945332]
 [-0.02927529  0.00450107 -0.00095421]
 [ 0.00041196 -0.07702788 -0.01446192]
 [-0.02698365  0.00346717 -0.00165984]
 [-0.00195218 -0.00316505 -0.00498128]
 [ 0.01423775  0.01771576  0.01392678]
 [-0.00079494  0.00996126  0.00556082]
 [ 0.00767757 -0.01178928 -0.00359232]
 [-0.00211812  0.00506051  0.00300069]
 [-0.04056619 -0.00895934  0.00357626]
 [ 0.00109035 -0.00589004 -0.00011994]
 [-0.0060306  -0.00617416 -0.00319248]
 [ 0.00506145  0.0097834   0.00051719]
 [-0.00475984  0.05403656  0.00966439]
 [-0.01862559 -0.05379269 -0.00680317]
 [ 0.00428856 -0.00450014 -0.00148061]
 [ 0.00282887  0.0075716   0.00155366]
 [ 0.00069276 -0.00910578 -0.00403421]
 [ 0.00628534 -0.00340717 -0.00024353]
 [ 0.06571462 -0.00006641 -0.03235863]
 [ 0.00194258  0.00124443  0.00198064]
 [-0.02844831 -0.00236602  0.01829168]]
2023-01-18:18:42:40,162 INFO     [psi4.driver.task_planner:266] PLANNING Atomic:  keywords={'CART_HESS_READ': 0, 'GEOM_MAXITER': 500, 'SCF__GUESS': 'READ', 'SCF__INTS_TOLERANCE': 1e-12, 'MAXITER': 500, 'function_kwargs': {}}
2023-01-18:18:42:40,165 INFO     [psi4.driver.driver:617] Compute gradient(): method=scf, basis=cc-pvdz, molecule=default, nre=4502.022168208332
2023-01-18:18:44:02,321 INFO     [psi4.driver.driver:620] Return gradient(): -2146.535614819679
2023-01-18:18:44:02,322 INFO     [psi4.driver.driver:621] [[ 0.00135909  0.00070499 -0.00035874]
 [ 0.0007009  -0.01728699  0.01437251]
 [-0.00175642  0.00617941 -0.00537413]
 [ 0.00705014  0.0160128  -0.01077238]
 [-0.00075124 -0.00524595  0.0037108 ]
 [-0.00039223  0.0001678  -0.00001428]
 [-0.00078857  0.00868844 -0.00595166]
 [-0.00321095 -0.00756315  0.00518925]
 [-0.00115053 -0.00242238  0.00320168]
 [-0.00018208  0.00037615 -0.00124082]
 [-0.00724288 -0.00123164 -0.00082661]
 [-0.00089959 -0.00112728 -0.00055858]
 [-0.00117935  0.00060147 -0.00011128]
 [-0.00044329 -0.00031302 -0.00021752]
 [-0.00057375 -0.00001196  0.00128571]
 [ 0.00109612  0.00243189 -0.00132155]
 [-0.00094305 -0.00555199  0.01574151]
 [ 0.00209053 -0.0004523  -0.00986187]
 [ 0.00108992  0.00311038  0.00071055]
 [-0.00023793  0.00305453  0.00251933]
 [ 0.00078114 -0.00528352 -0.01541036]
 [-0.00173166  0.00405569 -0.00172597]
 [ 0.00068959  0.00078938 -0.00095913]
 [ 0.00097444  0.00040155  0.01125159]
 [ 0.00146046  0.00105714 -0.00151987]
 [-0.00155727 -0.00153617 -0.00189881]
 [ 0.0028704   0.00620512  0.00179395]
 [ 0.0058015  -0.00074227  0.00109405]
 [-0.00060209  0.00213106  0.00128942]
 [-0.00303392 -0.00599556 -0.00174164]
 [ 0.00606917  0.02150378  0.00349648]
 [-0.00519985  0.0008216  -0.00017131]
 [-0.00218603 -0.0224919  -0.0050167 ]
 [-0.00063014  0.0005004   0.00046827]
 [ 0.00287331 -0.0069012  -0.0052612 ]
 [ 0.00345034  0.00346113  0.00151379]
 [ 0.00619983  0.00569435  0.00462349]
 [-0.00013486 -0.00288591 -0.00108263]
 [-0.00330305  0.00111545  0.00105246]
 [-0.00723625 -0.004219    0.00121041]
 [ 0.0000177  -0.00058779  0.00061618]
 [ 0.00021654 -0.00171522 -0.00138868]
 [ 0.00154432  0.00003442 -0.00107983]
 [-0.0012889   0.01506123  0.00332332]
 [-0.00777642 -0.01322379 -0.00221615]
 [ 0.00011978  0.00032226 -0.00024658]
 [ 0.00143265  0.00187796 -0.00027765]
 [ 0.00063057 -0.00191269 -0.00149453]
 [ 0.00023033 -0.00079232 -0.00021697]
 [-0.00129704  0.00408967  0.00190348]
 [ 0.00652395 -0.00013151 -0.00103804]
 [ 0.00045662 -0.00082453 -0.00101274]]
2023-01-18:18:44:03,554 INFO     [psi4.driver.task_planner:266] PLANNING Atomic:  keywords={'CART_HESS_READ': 0, 'GEOM_MAXITER': 500, 'SCF__GUESS': 'READ', 'SCF__INTS_TOLERANCE': 1e-12, 'MAXITER': 500, 'function_kwargs': {}}
2023-01-18:18:44:03,557 INFO     [psi4.driver.driver:617] Compute gradient(): method=scf, basis=cc-pvdz, molecule=default, nre=4506.257259776016
2023-01-18:18:45:28,363 INFO     [psi4.driver.driver:620] Return gradient(): -2146.5410869538327
2023-01-18:18:45:28,364 INFO     [psi4.driver.driver:621] [[-0.00074684  0.00100655 -0.0022062 ]
 [ 0.00214211 -0.00565745  0.00772977]
 [ 0.00138189  0.00132047 -0.00281103]
 [ 0.00099189  0.00022884  0.00134923]
 [-0.00038099 -0.00358684  0.00157053]
 [-0.00385986  0.00034443 -0.0012638 ]
 [-0.00585664  0.01232258 -0.01416971]
 [-0.00104878 -0.00418082  0.00349527]
 [-0.00185794  0.00257243  0.00178647]
 [ 0.00345218 -0.00091736  0.00410445]
 [-0.00138373 -0.00177595 -0.0009418 ]
 [ 0.00338159 -0.00126666  0.00003346]
 [-0.00058823  0.00176288 -0.00292095]
 [ 0.00051216 -0.00205003  0.00182586]
 [ 0.00195848 -0.0004209   0.00210265]
 [ 0.00060508 -0.00187631  0.00071211]
 [ 0.00158602  0.0056875  -0.00019176]
 [ 0.00048022 -0.00456054 -0.00423974]
 [ 0.00329363 -0.00223441  0.00354548]
 [-0.00392548  0.00049536  0.00398683]
 [ 0.00052146  0.00296085  0.00431161]
 [-0.00215955 -0.00182501 -0.00457543]
 [ 0.00255674 -0.00168904 -0.00292277]
 [-0.00053298  0.00008019  0.00260732]
 [-0.0003403   0.00105877 -0.00049459]
 [-0.00009618  0.00415192 -0.00284041]
 [-0.00017344  0.00238799  0.00088247]
 [-0.00004733 -0.00001971  0.0028202 ]
 [-0.00063321 -0.00068959 -0.00113249]
 [-0.00030257 -0.00208182 -0.00095638]
 [-0.00024391  0.00265902  0.00128449]
 [-0.0006051   0.00068605 -0.00047741]
 [-0.00198305 -0.00261955 -0.00079775]
 [-0.00072135  0.0000533  -0.00020647]
 [ 0.00326064  0.00128189 -0.00050249]
 [-0.00105216  0.00219027  0.00201127]
 [ 0.00301079 -0.00205702  0.0002306 ]
 [-0.00273232 -0.00216299 -0.00149437]
 [ 0.00310882 -0.00065671  0.00191247]
 [-0.00232662  0.00412908 -0.00047216]
 [-0.00070088 -0.00207102 -0.00063198]
 [-0.00065605 -0.00022159 -0.00125741]
 [ 0.00067304  0.00094404  0.00016517]
 [ 0.0031023   0.00645489  0.0026719 ]
 [-0.00036337 -0.00734656 -0.00238881]
 [ 0.0000119  -0.00185344 -0.00109318]
 [-0.00061098  0.0044973   0.00225888]
 [-0.00228097 -0.00267402 -0.00170772]
 [ 0.000051   -0.00027154 -0.00016908]
 [ 0.00620991 -0.00083915 -0.00342246]
 [-0.00021762 -0.00146237  0.00151601]
 [-0.00386343 -0.00020821  0.00137385]]
2023-01-18:18:45:29,409 INFO     [psi4.driver.task_planner:266] PLANNING Atomic:  keywords={'CART_HESS_READ': 0, 'GEOM_MAXITER': 500, 'SCF__GUESS': 'READ', 'SCF__INTS_TOLERANCE': 1e-12, 'MAXITER': 500, 'function_kwargs': {}}
2023-01-18:18:45:29,412 INFO     [psi4.driver.driver:617] Compute gradient(): method=scf, basis=cc-pvdz, molecule=default, nre=4511.4709797185515
2023-01-18:18:46:53,858 INFO     [psi4.driver.driver:620] Return gradient(): -2146.5435309103405
2023-01-18:18:46:53,860 INFO     [psi4.driver.driver:621] [[-0.00081399  0.0009297  -0.00140597]
 [ 0.0003905  -0.00095003  0.0006302 ]
 [ 0.00124188  0.00001889 -0.00012425]
 [ 0.00097919 -0.00195017  0.00245399]
 [-0.00079907 -0.00102971  0.00024569]
 [-0.00140065  0.00021372 -0.00035767]
 [-0.0015136   0.00315665 -0.00378719]
 [-0.00112989 -0.00180582  0.00175629]
 [ 0.0011037   0.00257519 -0.0002479 ]
 [-0.00030173 -0.00027339  0.00085687]
 [ 0.00131403  0.00037108 -0.00096771]
 [ 0.00173925  0.00072601 -0.00010611]
 [-0.00012131  0.00047654 -0.00120487]
 [ 0.00001846 -0.0009064   0.00091063]
 [ 0.00106774 -0.00025914  0.000616  ]
 [ 0.00025272 -0.00316392 -0.00002358]
 [ 0.00012298  0.00204646 -0.00018696]
 [-0.00033312 -0.00104056 -0.00120697]
 [ 0.00232797 -0.00100849  0.00232473]
 [-0.0007955  -0.0012328   0.00121818]
 [-0.00018544  0.00049902  0.00174513]
 [-0.00035912 -0.00091368 -0.00140973]
 [ 0.00141895 -0.00023269 -0.00086402]
 [-0.00157184  0.0013034   0.00173926]
 [-0.00297854 -0.00127467  0.00015455]
 [ 0.00125759  0.00368912 -0.00314545]
 [-0.00022243  0.00028776  0.00003569]
 [-0.00217233  0.00094354  0.00102373]
 [ 0.00037198 -0.00083873 -0.00032377]
 [ 0.00067734 -0.00108277  0.00053442]
 [-0.00097805 -0.00006255 -0.00317187]
 [ 0.00091769 -0.00020837  0.00027004]
 [-0.0011245   0.00065286  0.00088551]
 [-0.00346981 -0.00030175 -0.00079132]
 [ 0.00283936  0.00451771  0.00153114]
 [-0.00367744  0.00327411 -0.00050689]
 [ 0.00127761 -0.00360873 -0.00082318]
 [-0.00401076 -0.00206579 -0.00203147]
 [ 0.00464433 -0.00008883  0.0014341 ]
 [ 0.00171759 -0.00440096  0.00834695]
 [-0.0002834  -0.00071005 -0.00043182]
 [ 0.00014079  0.00013479 -0.0003824 ]
 [ 0.00027895  0.00060983  0.00032126]
 [ 0.00132065  0.00135535  0.00087084]
 [ 0.00014758 -0.00146134  0.00016344]
 [ 0.00032419 -0.00302813 -0.0017499 ]
 [ 0.00021389  0.00300787  0.00239112]
 [-0.00236036 -0.00297363 -0.00235658]
 [ 0.00025226  0.00010744  0.00002706]
 [ 0.0065463   0.00361384 -0.00486595]
 [ 0.00015769  0.00272336 -0.00052678]
 [-0.00446032 -0.00036113  0.00051351]]
2023-01-18:18:46:54,709 INFO     [psi4.driver.task_planner:266] PLANNING Atomic:  keywords={'CART_HESS_READ': 0, 'GEOM_MAXITER': 500, 'SCF__GUESS': 'READ', 'SCF__INTS_TOLERANCE': 1e-12, 'MAXITER': 500, 'function_kwargs': {}}
2023-01-18:18:46:54,712 INFO     [psi4.driver.driver:617] Compute gradient(): method=scf, basis=cc-pvdz, molecule=default, nre=4518.935625338899
2023-01-18:18:48:16,650 INFO     [psi4.driver.driver:620] Return gradient(): -2146.542646404619
2023-01-18:18:48:16,651 INFO     [psi4.driver.driver:621] [[-0.00040312 -0.0007045  -0.00003968]
 [-0.00362013  0.00683261 -0.00905914]
 [ 0.00067048 -0.00197076  0.0023297 ]
 [-0.0002804  -0.00234686  0.0032396 ]
 [ 0.00020916  0.00198554 -0.00218516]
 [ 0.00319515  0.00051838  0.00090931]
 [ 0.00692744 -0.01029535  0.01473758]
 [ 0.00020062  0.00339947 -0.00404708]
 [ 0.00293296  0.00117415 -0.00073041]
 [-0.00466645  0.00079677 -0.00339855]
 [ 0.00235697  0.00218355 -0.00141588]
 [-0.00248687  0.00092592 -0.0007072 ]
 [ 0.00072595 -0.00160288  0.00211816]
 [-0.00058614  0.00119137 -0.00145836]
 [-0.00143464  0.00027905 -0.00155667]
 [ 0.00006662 -0.00215099 -0.00026927]
 [-0.00173382 -0.00235129  0.0003041 ]
 [ 0.00051846  0.00484951  0.00343958]
 [-0.00129437 -0.0005577   0.00060755]
 [ 0.00321153 -0.00351531 -0.0020032 ]
 [-0.00113356 -0.00171001 -0.00078593]
 [ 0.00204009  0.00037511  0.00083486]
 [-0.00104724  0.00019994  0.00127174]
 [-0.00189874  0.00187922 -0.00044747]
 [-0.00240597 -0.00323983 -0.00025343]
 [ 0.0016491   0.00131797 -0.00292848]
 [-0.0005827  -0.0017801  -0.00132254]
 [-0.00204478  0.00127761  0.00023773]
 [ 0.00133829 -0.00006658  0.00037583]
 [ 0.00064571  0.00138246  0.00064877]
 [-0.00100465 -0.00533573 -0.00316652]
 [ 0.00286666 -0.00018076 -0.00029422]
 [ 0.00112167  0.00355179  0.00438597]
 [ 0.00002351 -0.00034442 -0.00113301]
 [-0.00206868  0.00459992  0.00153168]
 [-0.00019822 -0.01058114  0.00296152]
 [-0.00283989 -0.00179458 -0.00025937]
 [ 0.00028826  0.00032231 -0.00027595]
 [-0.0022376   0.0006481  -0.0000226 ]
 [-0.00551464  0.02170423 -0.02027853]
 [ 0.00040649  0.00167952  0.00061004]
 [ 0.00089881  0.00046454  0.00081233]
 [-0.00043455 -0.000728   -0.00015367]
 [-0.00244824 -0.00648756 -0.00355388]
 [ 0.00000063  0.00833197  0.00300424]
 [-0.0002576  -0.00096843 -0.00063094]
 [ 0.001045   -0.00245689 -0.00182646]
 [ 0.0008887  -0.00020628  0.00021519]
 [ 0.00020786  0.000122    0.00015874]
 [-0.00585348 -0.00403797  0.01518265]
 [ 0.01126297 -0.00431976  0.00604509]
 [ 0.00277735 -0.00225934 -0.00175834]]
2023-01-18:18:48:16,996 INFO     [psi4.driver.task_planner:266] PLANNING Atomic:  keywords={'CART_HESS_READ': 0, 'GEOM_MAXITER': 500, 'SCF__GUESS': 'READ', 'SCF__INTS_TOLERANCE': 1e-12, 'MAXITER': 500, 'function_kwargs': {}}
2023-01-18:18:48:16,999 INFO     [psi4.driver.driver:617] Compute gradient(): method=scf, basis=cc-pvdz, molecule=default, nre=4519.2931266234955
2023-01-18:18:49:38,313 INFO     [psi4.driver.driver:620] Return gradient(): -2146.5465764458454
2023-01-18:18:49:38,315 INFO     [psi4.driver.driver:621] [[ 0.00001471 -0.00106629  0.00001519]
 [-0.00157788  0.00383932 -0.00299272]
 [ 0.00002554 -0.00141266  0.00110567]
 [-0.00061736 -0.00071884  0.00142832]
 [ 0.00031512  0.00137327 -0.0012775 ]
 [ 0.0013203   0.00019288  0.00039904]
 [ 0.00262222 -0.0042761   0.00508385]
 [ 0.00064068  0.00213337 -0.0023734 ]
 [ 0.00007637 -0.0002854  -0.00063024]
 [-0.00086508  0.00022643 -0.00105776]
 [ 0.00141058  0.00081526 -0.00000325]
 [-0.00126961  0.00043452 -0.0002958 ]
 [ 0.00021248 -0.00069802  0.0010717 ]
 [-0.00010525  0.0006344  -0.00063571]
 [-0.00080495  0.00015674 -0.00068316]
 [ 0.00099877 -0.00003743  0.00071585]
 [-0.00165247 -0.00080862 -0.00099248]
 [ 0.0008325   0.00114456  0.00158909]
 [ 0.00029565 -0.00125491  0.00086715]
 [ 0.00072215 -0.00043141 -0.00016455]
 [-0.0003282  -0.00047755  0.00101437]
 [-0.00005939  0.00033902 -0.00018003]
 [-0.00012298 -0.00006579  0.0000877 ]
 [-0.00111496 -0.00016351 -0.00027555]
 [-0.0002362  -0.00135578 -0.00115167]
 [ 0.00081978  0.00097875 -0.00181878]
 [-0.00017361 -0.00058487 -0.00042082]
 [-0.0008612   0.00054757  0.00052356]
 [ 0.00071458 -0.00011007  0.00001968]
 [ 0.00003009  0.00095201 -0.00057359]
 [-0.00054221 -0.00265017  0.00036719]
 [ 0.00265661  0.00017511 -0.00045389]
 [ 0.00050813  0.0006833   0.00288948]
 [ 0.00179413  0.00001011  0.0005447 ]
 [-0.00376256  0.00346247 -0.00114522]
 [ 0.00211632 -0.00300618 -0.0030118 ]
 [-0.0043768  -0.00150022 -0.00031534]
 [ 0.00236856  0.00133767  0.00195222]
 [-0.00326228  0.00061674 -0.00041191]
 [ 0.00070645 -0.00134623  0.00029036]
 [ 0.00015113  0.0007193   0.00028219]
 [ 0.0002726  -0.00005487  0.00056898]
 [-0.00041246 -0.00042267 -0.00007589]
 [-0.00057846 -0.00341394 -0.00182438]
 [ 0.00070786  0.0042129   0.00059282]
 [-0.00084053  0.00052815  0.00051215]
 [ 0.0014135  -0.00179237 -0.00141092]
 [ 0.00201976  0.00099743  0.00179245]
 [ 0.00012682  0.00015312  0.00008616]
 [-0.0036268   0.00020756 -0.00043439]
 [-0.00031455  0.00120478  0.00146826]
 [ 0.00161238 -0.00014284 -0.00065734]]
2023-01-18:18:49:39,29 INFO     [psi4.driver.task_planner:266] PLANNING Atomic:  keywords={'CART_HESS_READ': 0, 'GEOM_MAXITER': 500, 'SCF__GUESS': 'READ', 'SCF__INTS_TOLERANCE': 1e-12, 'MAXITER': 500, 'function_kwargs': {}}
2023-01-18:18:49:39,32 INFO     [psi4.driver.driver:617] Compute gradient(): method=scf, basis=cc-pvdz, molecule=default, nre=4522.41728796092
2023-01-18:18:51:07,25 INFO     [psi4.driver.driver:620] Return gradient(): -2146.5473718999538
2023-01-18:18:51:07,28 INFO     [psi4.driver.driver:621] [[-0.00014918  0.0001041   0.00150441]
 [ 0.00013275 -0.00036383 -0.00359814]
 [-0.00044006  0.00019351  0.00145775]
 [-0.00016429 -0.00132207 -0.00150413]
 [-0.0003505   0.00166034 -0.00039574]
 [ 0.0008725   0.00012269  0.00057753]
 [ 0.00140273 -0.00162894  0.0036248 ]
 [ 0.00008294  0.00161557 -0.00070557]
 [ 0.00025248 -0.00113145 -0.00048894]
 [ 0.00005454  0.00006209 -0.00073342]
 [ 0.0012276   0.00073718  0.00050245]
 [-0.00119742  0.00045096 -0.00059358]
 [ 0.00032746 -0.00030348  0.00080729]
 [-0.00019203  0.00053591 -0.00046848]
 [-0.00066081  0.00007566 -0.00065118]
 [ 0.00079627  0.00100358  0.00044894]
 [-0.00099867 -0.00190476 -0.00089424]
 [ 0.00009719  0.00094392  0.00136206]
 [ 0.00014493 -0.00024217  0.00024545]
 [ 0.00107478  0.00001406 -0.00075222]
 [ 0.00025872 -0.0015211  -0.00023896]
 [ 0.00074985  0.00052729  0.00089714]
 [-0.00103583  0.00013044  0.00076881]
 [-0.00084081 -0.00007665 -0.00058486]
 [ 0.001096   -0.00159303  0.00013622]
 [-0.00003879  0.00125102 -0.0011735 ]
 [ 0.00052558 -0.00135652  0.00053174]
 [-0.00088881  0.00064326 -0.00008122]
 [ 0.00018235 -0.00086081  0.00016359]
 [-0.00160941  0.00010584  0.00162828]
 [ 0.00244514  0.00343725 -0.00626195]
 [ 0.00281568 -0.00242637  0.00154776]
 [ 0.00121749  0.00034629 -0.00015158]
 [ 0.0065415  -0.00081899  0.00301551]
 [-0.00812993  0.00435141 -0.00048097]
 [ 0.00811242 -0.00126138  0.00117885]
 [-0.01062687 -0.00228779 -0.00685283]
 [ 0.00516228  0.00027515  0.00307781]
 [-0.00903457  0.00096884 -0.00337753]
 [-0.00721325  0.0003567  -0.00205741]
 [-0.00012782  0.00052976  0.00016535]
 [ 0.00025722 -0.00032818  0.00014908]
 [-0.00026507 -0.00019525  0.00000314]
 [ 0.00096419 -0.00343627 -0.0006223 ]
 [ 0.00107743  0.00179936  0.0036897 ]
 [-0.00357013  0.00042032 -0.00111812]
 [ 0.00430205 -0.00121952  0.00028453]
 [ 0.003614   -0.00029009  0.00162376]
 [-0.00082775  0.0006939   0.0008445 ]
 [-0.00397709 -0.00003444  0.00142028]
 [ 0.00354195  0.00229681  0.00544341]
 [ 0.00300907 -0.00105014 -0.00331327]]
2023-01-18:18:51:08,238 INFO     [psi4.driver.task_planner:266] PLANNING Atomic:  keywords={'CART_HESS_READ': 0, 'GEOM_MAXITER': 500, 'SCF__GUESS': 'READ', 'SCF__INTS_TOLERANCE': 1e-12, 'MAXITER': 500, 'function_kwargs': {}}
2023-01-18:18:51:08,242 INFO     [psi4.driver.driver:617] Compute gradient(): method=scf, basis=cc-pvdz, molecule=default, nre=4522.560043405843
2023-01-18:18:52:31,475 INFO     [psi4.driver.driver:620] Return gradient(): -2146.5485303561964
2023-01-18:18:52:31,476 INFO     [psi4.driver.driver:621] [[ 0.00029809 -0.00095159  0.0002668 ]
 [-0.00066175  0.00169896 -0.00117232]
 [-0.00023388 -0.00058996  0.00077555]
 [-0.00080743  0.00086854 -0.00001917]
 [ 0.00006949  0.00084619 -0.00069156]
 [ 0.00078053 -0.00007369  0.00032961]
 [ 0.00140889 -0.00200072  0.00224743]
 [ 0.00009861  0.0003259  -0.00074604]
 [ 0.00095558 -0.00110066 -0.00073408]
 [ 0.00003581  0.00001058 -0.00070368]
 [ 0.00141276  0.00100891  0.00036482]
 [-0.00161346  0.00072671 -0.00044019]
 [ 0.00028712 -0.00023696  0.00063009]
 [-0.00018183  0.00041071 -0.00033377]
 [-0.00053574 -0.00004546 -0.00056892]
 [ 0.00087121  0.00086625  0.00012039]
 [-0.00075482 -0.00233194 -0.00034338]
 [-0.00000723  0.00109976  0.00126939]
 [-0.00002969 -0.00008217 -0.00018638]
 [ 0.00121696 -0.00005392 -0.00130822]
 [ 0.0005004  -0.00169309 -0.00065431]
 [ 0.00096239  0.0004254   0.00144332]
 [-0.00112101  0.00007765  0.00099232]
 [-0.00033418  0.00013486 -0.00061159]
 [ 0.00020776 -0.00172502  0.00077415]
 [-0.00099021  0.00103435 -0.0006236 ]
 [ 0.00035173  0.00010309 -0.00023391]
 [-0.00088337  0.00090572 -0.00014986]
 [ 0.00010104 -0.00049308 -0.00031176]
 [-0.00039238  0.00094688 -0.00129262]
 [ 0.00035279 -0.00042249  0.00373076]
 [ 0.00276811  0.00049203 -0.00067794]
 [ 0.00053751 -0.00296888  0.00093068]
 [ 0.00186181 -0.00009553  0.00063631]
 [-0.00911981  0.00347478  0.00011528]
 [ 0.00573365 -0.00098101  0.00017116]
 [-0.00907739 -0.00036963 -0.00379377]
 [ 0.00405222 -0.00035951  0.00212931]
 [-0.00370147  0.00073866 -0.00178051]
 [-0.00306829  0.0000525   0.00071949]
 [ 0.00001358  0.00044415  0.00018302]
 [ 0.00022799 -0.00007754  0.00014994]
 [-0.00043135  0.00006005  0.00002921]
 [ 0.00241703 -0.00333929 -0.00163322]
 [ 0.00317099  0.00358913  0.00113964]
 [-0.00167871  0.00026053 -0.00052392]
 [ 0.00252674 -0.00069282 -0.00046399]
 [ 0.00249219 -0.00020466  0.00116372]
 [-0.00007674  0.00014137  0.0003494 ]
 [-0.00064351 -0.00054022 -0.00147319]
 [-0.00025682  0.00095803  0.00151534]
 [ 0.00088813 -0.00027183 -0.00070524]]
2023-01-18:18:52:31,990 INFO     [psi4.driver.task_planner:266] PLANNING Atomic:  keywords={'CART_HESS_READ': 0, 'GEOM_MAXITER': 500, 'SCF__GUESS': 'READ', 'SCF__INTS_TOLERANCE': 1e-12, 'MAXITER': 500, 'function_kwargs': {}}
2023-01-18:18:52:31,994 INFO     [psi4.driver.driver:617] Compute gradient(): method=scf, basis=cc-pvdz, molecule=default, nre=4511.896889449048
2023-01-18:18:53:51,317 INFO     [psi4.driver.driver:620] Return gradient(): -2146.5489973727977
2023-01-18:18:53:51,319 INFO     [psi4.driver.driver:621] [[-0.00030768  0.00026049  0.0003719 ]
 [ 0.00131003 -0.00153339  0.00121527]
 [-0.00063168  0.00034405 -0.00029208]
 [ 0.00038491  0.00046686 -0.00209121]
 [ 0.00032212 -0.00032679  0.00095181]
 [-0.00057209 -0.0001226  -0.00009589]
 [-0.00179663  0.00196448 -0.00241923]
 [-0.00034119 -0.00091152  0.00136023]
 [-0.00001152 -0.00070732  0.00025977]
 [ 0.00094046  0.00009478  0.00077639]
 [-0.00052731 -0.00073841  0.00048932]
 [-0.0007699   0.00032334 -0.0002913 ]
 [-0.00010803  0.00028381 -0.00041387]
 [ 0.00009344 -0.0002586   0.00024677]
 [ 0.0001147  -0.0001222   0.00027658]
 [-0.00016689  0.00137244  0.00006202]
 [ 0.00041117  0.00026625  0.0002805 ]
 [-0.00031559  0.00000486 -0.00025647]
 [ 0.00020406 -0.0001595  -0.0004154 ]
 [-0.00025014  0.00054756 -0.00075253]
 [ 0.00061478  0.00068452 -0.00032374]
 [-0.00033075 -0.00021333  0.00105891]
 [ 0.0000614  -0.00046576  0.00022264]
 [ 0.00056336 -0.00047757 -0.00051303]
 [ 0.00022726  0.00028355 -0.0006776 ]
 [-0.00124514 -0.00030829  0.00020363]
 [-0.0010635   0.00022341  0.00192176]
 [ 0.00080924 -0.00026763  0.00073416]
 [-0.00010738  0.0005588   0.0000766 ]
 [-0.00071865 -0.00109027 -0.00043914]
 [ 0.00019281  0.0030922   0.00203042]
 [-0.00544413  0.00073221  0.0013151 ]
 [ 0.00093111  0.00079618 -0.00737222]
 [ 0.00047545 -0.00088931 -0.00029325]
 [-0.00012874 -0.00039768 -0.00227479]
 [ 0.00104957  0.00052283  0.00032765]
 [ 0.00016137  0.00066005  0.00487607]
 [ 0.00183462 -0.00061245  0.00027956]
 [ 0.00212284 -0.00038175  0.00056113]
 [ 0.00221715 -0.00099192  0.00122553]
 [ 0.00012302 -0.00023241 -0.00010593]
 [ 0.00012042  0.00017147 -0.00000165]
 [-0.00017511 -0.00014754 -0.00007029]
 [ 0.00052621  0.00060089  0.00416923]
 [ 0.00111934 -0.00285902 -0.00208121]
 [ 0.00126299 -0.00000671  0.00083743]
 [-0.00162865  0.00038239 -0.00019744]
 [-0.0009209   0.00019876 -0.0004618 ]
 [ 0.00063749 -0.00037265 -0.00044635]
 [ 0.00264505 -0.00023746 -0.00175448]
 [-0.00257428 -0.00017403 -0.00397314]
 [-0.0013405   0.00016989  0.00188365]]
2023-01-18:18:53:51,854 INFO     [psi4.driver.task_planner:266] PLANNING Atomic:  keywords={'CART_HESS_READ': 0, 'GEOM_MAXITER': 500, 'SCF__GUESS': 'READ', 'SCF__INTS_TOLERANCE': 1e-12, 'MAXITER': 500, 'function_kwargs': {}}
2023-01-18:18:53:51,857 INFO     [psi4.driver.driver:617] Compute gradient(): method=scf, basis=cc-pvdz, molecule=default, nre=4513.142861312513
2023-01-18:18:55:11,526 INFO     [psi4.driver.driver:620] Return gradient(): -2146.5494433299477
2023-01-18:18:55:11,527 INFO     [psi4.driver.driver:621] [[ 0.00055421 -0.00025709 -0.00030242]
 [ 0.00032926 -0.00040147  0.00205812]
 [-0.00049072  0.00005666 -0.00078873]
 [-0.00047042  0.00148899 -0.00016733]
 [ 0.00014569 -0.00089975  0.00029501]
 [-0.00048637 -0.00012335 -0.0002368 ]
 [-0.00114449  0.00142938 -0.00225741]
 [ 0.00016773 -0.00104509  0.00052696]
 [-0.00020716 -0.00054441  0.00032229]
 [ 0.00073664 -0.00001855  0.00058527]
 [-0.00092879 -0.00076263  0.0004167 ]
 [-0.00000215 -0.00034356 -0.00059047]
 [-0.00018497  0.00029732 -0.0004053 ]
 [ 0.00009694 -0.00024014  0.00019808]
 [ 0.00024588 -0.00006051  0.00036828]
 [-0.00028399  0.00061485  0.00010255]
 [ 0.00047409  0.00116589  0.00012147]
 [ 0.00000809 -0.00082526 -0.0002946 ]
 [ 0.00037483 -0.00026939 -0.00023423]
 [-0.00083387  0.00074259 -0.00024278]
 [ 0.00027803  0.00145249  0.00011096]
 [-0.00060256  0.00003762  0.000649  ]
 [ 0.00039381 -0.00022368 -0.00018855]
 [ 0.00060895 -0.00078384 -0.00013671]
 [ 0.00014725  0.00015158  0.00004862]
 [-0.00015578  0.00045171  0.00008482]
 [ 0.00090521  0.00209885 -0.00161283]
 [ 0.00085251 -0.00045197  0.00024188]
 [-0.00021628 -0.00007793  0.00017926]
 [-0.0001132  -0.00062348 -0.00044246]
 [ 0.00107856  0.00120193  0.00139336]
 [-0.00239396  0.00214787 -0.00190684]
 [-0.00185025 -0.00587774  0.00522865]
 [ 0.00219474 -0.00042385 -0.00047075]
 [-0.0004175   0.00020653 -0.0010451 ]
 [ 0.00075749  0.00104297  0.00123818]
 [-0.00061237  0.00008524  0.00119287]
 [ 0.00049328 -0.00038788 -0.00123977]
 [-0.00097962  0.00008523 -0.0002998 ]
 [-0.00302858 -0.00221621 -0.00098329]
 [-0.00002076 -0.00025677 -0.00014977]
 [-0.0001564   0.00001737 -0.00026473]
 [ 0.00028731 -0.00018552 -0.00015463]
 [ 0.00197457  0.0023451  -0.001023  ]
 [ 0.0008194  -0.0015944  -0.00107789]
 [-0.00016082  0.00003121 -0.00024191]
 [-0.00049473  0.00026747  0.00075481]
 [-0.00019614 -0.00016025 -0.00090491]
 [-0.00016686 -0.00005009 -0.00013635]
 [-0.00012262  0.00084717  0.00151153]
 [ 0.00228661  0.00075962  0.00099517]
 [ 0.00051028  0.00007916 -0.0008245 ]]
2023-01-18:18:55:12,86 INFO     [psi4.driver.task_planner:266] PLANNING Atomic:  keywords={'CART_HESS_READ': 0, 'GEOM_MAXITER': 500, 'SCF__GUESS': 'READ', 'SCF__INTS_TOLERANCE': 1e-12, 'MAXITER': 500, 'function_kwargs': {}}
2023-01-18:18:55:12,89 INFO     [psi4.driver.driver:617] Compute gradient(): method=scf, basis=cc-pvdz, molecule=default, nre=4515.068269398826
2023-01-18:18:56:31,138 INFO     [psi4.driver.driver:620] Return gradient(): -2146.5496612337965
2023-01-18:18:56:31,140 INFO     [psi4.driver.driver:621] [[ 0.00013481  0.00002705 -0.00003665]
 [ 0.00015968 -0.00023217  0.00056848]
 [-0.00008199  0.00016617 -0.00035647]
 [-0.00018078  0.00023221  0.00017121]
 [-0.00011392 -0.00035343  0.0000682 ]
 [-0.00042668 -0.00003212 -0.00018828]
 [-0.00049756  0.00062385 -0.00078524]
 [ 0.00008042 -0.00029556  0.00014944]
 [ 0.00004399 -0.00018214 -0.0001164 ]
 [ 0.00042842 -0.00005668  0.0001445 ]
 [-0.00047907 -0.00010589 -0.00001583]
 [ 0.00052481 -0.00048584 -0.00031126]
 [-0.00020708  0.00014501 -0.00021217]
 [ 0.00009557 -0.00013998  0.00014702]
 [ 0.00038706 -0.00001812  0.00024152]
 [ 0.00010033 -0.00043057 -0.00031639]
 [ 0.00029335  0.00094569 -0.00019849]
 [ 0.00022357 -0.00135429 -0.0004677 ]
 [ 0.00005252 -0.00023475  0.00018441]
 [-0.00058068  0.00060409  0.00000318]
 [ 0.00004371  0.00106755  0.00035686]
 [-0.00007079  0.0002667   0.0003281 ]
 [ 0.00009904  0.00009312 -0.00046013]
 [ 0.00050714 -0.0006505   0.00086106]
 [-0.00055695 -0.00047493  0.00052532]
 [ 0.0000576   0.00019054  0.00075647]
 [-0.00020911  0.00045782  0.00073862]
 [ 0.0003775   0.00053437 -0.00038428]
 [ 0.00000498  0.00010731 -0.00023972]
 [ 0.00001653 -0.00071683 -0.00014858]
 [ 0.00133942  0.00004816 -0.00037803]
 [-0.00085109 -0.000409    0.00023836]
 [ 0.00111529  0.00062682 -0.00141631]
 [-0.00055714  0.00003252 -0.00042257]
 [ 0.00166398 -0.00004994  0.00050112]
 [-0.00171926  0.000699    0.00057269]
 [ 0.00070601 -0.00038561 -0.00025543]
 [-0.00190744  0.00036996 -0.00191266]
 [ 0.00067073 -0.00006522  0.00047848]
 [-0.00055116 -0.00053538 -0.0011605 ]
 [-0.00010496 -0.00016307  0.00002255]
 [-0.00038657 -0.0000133  -0.00019098]
 [ 0.00040218 -0.00003076 -0.00017952]
 [ 0.00032243 -0.00054139  0.00059448]
 [ 0.00026127  0.0001576   0.00044336]
 [ 0.00011215 -0.00011751 -0.00057166]
 [-0.00062904  0.00030473  0.00073712]
 [-0.00047232 -0.00007311 -0.00105667]
 [-0.00011132 -0.00000993  0.0000513 ]
 [ 0.00071805  0.00026106  0.0004154 ]
 [-0.00019686 -0.00000705  0.00275808]
 [-0.00005078  0.00020374 -0.00027542]]
2023-01-18:18:56:31,609 INFO     [psi4.driver.task_planner:266] PLANNING Atomic:  keywords={'CART_HESS_READ': 0, 'GEOM_MAXITER': 500, 'SCF__GUESS': 'READ', 'SCF__INTS_TOLERANCE': 1e-12, 'MAXITER': 500, 'function_kwargs': {}}
2023-01-18:18:56:31,612 INFO     [psi4.driver.driver:617] Compute gradient(): method=scf, basis=cc-pvdz, molecule=default, nre=4515.105360264176
2023-01-18:18:57:49,684 INFO     [psi4.driver.driver:620] Return gradient(): -2146.5497571632345
2023-01-18:18:57:49,686 INFO     [psi4.driver.driver:621] [[-0.00019358  0.00055346  0.00061205]
 [ 0.00027621 -0.00090566 -0.00132768]
 [ 0.0000542   0.00031805  0.00024796]
 [ 0.00020762 -0.00108709 -0.00046584]
 [-0.00014938  0.00019372  0.00011674]
 [-0.0000094   0.00011344  0.00002723]
 [ 0.0000093   0.00019637  0.00062858]
 [-0.00005785  0.00046938  0.00009434]
 [-0.00007107  0.00020233 -0.00000144]
 [-0.00004377  0.00009047 -0.00000958]
 [-0.00027194 -0.00010223 -0.00009989]
 [ 0.00025567  0.00013392  0.00026854]
 [-0.00003462 -0.00007224 -0.00004073]
 [ 0.00002966  0.00000735 -0.00002385]
 [ 0.00008686 -0.00000598 -0.00004203]
 [-0.00032416 -0.0004015  -0.00018565]
 [ 0.00045133  0.00023675  0.0000344 ]
 [-0.0003779   0.00000819 -0.00024664]
 [-0.00038035  0.00026749  0.00028848]
 [ 0.0002697  -0.00037773 -0.00035741]
 [-0.00016933  0.00015057 -0.00010136]
 [ 0.00057846 -0.00002934  0.00042492]
 [-0.00024396 -0.00004083 -0.00014218]
 [-0.00011984  0.00021288  0.00030276]
 [-0.00000209  0.00013443 -0.00021526]
 [ 0.00035222 -0.00015588  0.00007061]
 [-0.0002843   0.00023662  0.00006738]
 [ 0.0000426  -0.00018187  0.00010745]
 [ 0.00021325  0.00001135 -0.00001633]
 [-0.00017251 -0.00025042 -0.00009445]
 [ 0.00044101 -0.00017163 -0.00048938]
 [ 0.00056377 -0.00023627  0.00005793]
 [ 0.00015102 -0.00000063  0.00031044]
 [-0.00065056  0.00024582 -0.00012049]
 [ 0.00097069 -0.00009122  0.00069941]
 [-0.00121545  0.00008901 -0.00003597]
 [ 0.0004615  -0.00040821 -0.00063516]
 [-0.00103149  0.00020494 -0.00034789]
 [ 0.00060712 -0.00010504  0.00033721]
 [ 0.00089927  0.00069962 -0.0002414 ]
 [-0.00002729  0.00002227 -0.00000049]
 [ 0.00004862 -0.00003088  0.00004059]
 [ 0.00009765 -0.00000962  0.00008153]
 [-0.00012505 -0.0003787  -0.00036927]
 [-0.00013838  0.00065438  0.000532  ]
 [ 0.00006775  0.0000146   0.00001294]
 [-0.0000119  -0.00007244  0.00003743]
 [-0.00007414  0.00004152  0.00010005]
 [-0.00006369  0.00002354  0.00003255]
 [ 0.00009457 -0.00022689 -0.00038665]
 [-0.00070898 -0.00036804  0.00052226]
 [-0.00027708  0.00017787 -0.00005875]]
2023-01-18:18:57:50,683 INFO     [psi4.driver.task_planner:266] PLANNING Atomic:  keywords={'CART_HESS_READ': 0, 'GEOM_MAXITER': 500, 'SCF__GUESS': 'READ', 'SCF__INTS_TOLERANCE': 1e-12, 'MAXITER': 500, 'function_kwargs': {}}
2023-01-18:18:57:50,687 INFO     [psi4.driver.driver:617] Compute gradient(): method=scf, basis=cc-pvdz, molecule=default, nre=4515.271286631432
2023-01-18:18:59:08,568 INFO     [psi4.driver.driver:620] Return gradient(): -2146.549754510515
2023-01-18:18:59:08,569 INFO     [psi4.driver.driver:621] [[ 0.00030635 -0.0009296  -0.00094043]
 [-0.00075914  0.00192678  0.00170299]
 [ 0.00036148 -0.00065256 -0.00058907]
 [-0.00050734  0.00127648  0.00163585]
 [ 0.00016113 -0.00045697 -0.00060805]
 [ 0.000223   -0.00008396 -0.00009631]
 [ 0.00047447 -0.00090686 -0.00032302]
 [ 0.00017973 -0.00033586 -0.00066018]
 [ 0.00001276  0.00019119 -0.0001049 ]
 [-0.00022161  0.0000887  -0.00003648]
 [ 0.00007044  0.00005594 -0.0001367 ]
 [ 0.00009991  0.00023932  0.00024023]
 [ 0.00003341 -0.00010991  0.00006231]
 [-0.00000458  0.00004157 -0.00008042]
 [-0.00008852  0.00004222 -0.00008536]
 [-0.00024927 -0.00024897 -0.00003637]
 [ 0.00018201 -0.00003281  0.00019683]
 [-0.00015337  0.00042071  0.00010708]
 [-0.0001853   0.00007297  0.00017662]
 [ 0.00013388 -0.00046613 -0.00018334]
 [-0.00013048 -0.00014582 -0.00022915]
 [ 0.00021636 -0.00020981  0.0001716 ]
 [ 0.00000387 -0.00017964 -0.0000518 ]
 [-0.00015826  0.00038547 -0.00018426]
 [ 0.00002186  0.00008384 -0.00013017]
 [ 0.00018551 -0.00014495 -0.00026302]
 [-0.00022341 -0.00034234  0.00019139]
 [-0.00031871  0.00003796  0.00022438]
 [ 0.00017033 -0.00009908  0.00011911]
 [-0.00018524 -0.00000662  0.00012347]
 [-0.00014708  0.00039508 -0.00055599]
 [ 0.00047259 -0.00034729  0.00041921]
 [ 0.00002766  0.00064257 -0.00078072]
 [-0.00022088  0.00002194  0.00030172]
 [-0.00009823 -0.00008224 -0.00004986]
 [ 0.00010951 -0.0000864  -0.00011449]
 [-0.00014886 -0.00004742 -0.00027322]
 [ 0.00038055 -0.00007753  0.00071455]
 [-0.00006234  0.0000108  -0.00020057]
 [ 0.0004463   0.00019968  0.0000335 ]
 [-0.0000085   0.00007703 -0.00003094]
 [ 0.0001555   0.00003727  0.0000095 ]
 [-0.00010053  0.00006083  0.0001474 ]
 [-0.00032927 -0.0001911   0.00025271]
 [-0.00020752  0.00001927  0.00015815]
 [-0.00001427  0.00006064  0.00024244]
 [ 0.0001778  -0.00012273 -0.0004237 ]
 [ 0.00014868  0.00005269  0.00049554]
 [-0.00006408  0.00001645 -0.00000162]
 [-0.00058874 -0.00010879  0.00014592]
 [ 0.00028426 -0.00015588 -0.00073615]
 [ 0.00013615  0.00011387  0.00003382]]
2023-01-18:18:59:08,893 INFO     [psi4.driver.task_planner:266] PLANNING Atomic:  keywords={'CART_HESS_READ': 0, 'GEOM_MAXITER': 500, 'SCF__GUESS': 'READ', 'SCF__INTS_TOLERANCE': 1e-12, 'MAXITER': 500, 'function_kwargs': {}}
2023-01-18:18:59:08,896 INFO     [psi4.driver.driver:617] Compute gradient(): method=scf, basis=cc-pvdz, molecule=default, nre=4515.190344967048
2023-01-18:19:00:27,915 INFO     [psi4.driver.driver:620] Return gradient(): -2146.5497918134342
2023-01-18:19:00:27,918 INFO     [psi4.driver.driver:621] [[-0.00011087  0.00017535  0.00015024]
 [ 0.00006717 -0.00018207 -0.00008427]
 [ 0.00001793  0.00005581  0.00008558]
 [ 0.00019429 -0.00035993 -0.00048271]
 [-0.00001283  0.00012787  0.00016769]
 [ 0.00005805  0.00002051  0.00003092]
 [ 0.00000293  0.00001821  0.00007062]
 [-0.00006577  0.00015022  0.00015097]
 [ 0.00001735  0.00008454 -0.00007755]
 [-0.00010954  0.00002949  0.00002413]
 [ 0.00013749  0.00004969 -0.00013184]
 [ 0.00007729 -0.00007753 -0.00010745]
 [ 0.00000186 -0.0000286   0.00006459]
 [-0.0000023   0.00001908 -0.00001985]
 [-0.00006061  0.00004273  0.00000072]
 [ 0.00000829 -0.00004555  0.00003544]
 [-0.00008686  0.00005804  0.00006222]
 [ 0.0002352   0.0000348   0.00014762]
 [ 0.00000642 -0.00020736  0.0000734 ]
 [-0.00020805  0.00001129  0.00010984]
 [-0.00001034  0.00005391  0.00005081]
 [-0.00023789 -0.00008035 -0.00009704]
 [ 0.00018689 -0.00013697 -0.00016247]
 [ 0.00011033 -0.00000267 -0.00018524]
 [-0.00004478 -0.00006402  0.00013353]
 [-0.00005603  0.0000004  -0.00002549]
 [ 0.00004894 -0.00019213 -0.00001801]
 [-0.00021007  0.00027369  0.00003513]
 [ 0.00003478 -0.00006838  0.00002451]
 [ 0.00009786  0.00023239 -0.00021019]
 [-0.00051903 -0.00034902  0.00081458]
 [ 0.00017609  0.0001193  -0.00004733]
 [-0.00010128  0.00016533 -0.00033005]
 [ 0.0000531  -0.00001726  0.00016407]
 [-0.00055691  0.00006511 -0.00053565]
 [ 0.00054109 -0.00001724  0.00003751]
 [-0.00039153  0.00015071  0.00018987]
 [ 0.00062454 -0.00013827  0.00043533]
 [-0.0003055   0.00010506 -0.00032941]
 [-0.00032231 -0.0003989   0.00008644]
 [-0.00001807  0.00002832 -0.00001212]
 [ 0.00000813  0.00003005 -0.00002325]
 [-0.00006485  0.00003475  0.00001037]
 [ 0.00008372 -0.00001682  0.00024605]
 [ 0.00023478 -0.00000363 -0.00042188]
 [-0.00003105  0.00000473  0.00009291]
 [-0.00004336  0.00004316 -0.00029458]
 [ 0.00006914 -0.0000055   0.00014316]
 [-0.00002835 -0.00000694 -0.00001147]
 [-0.00042359  0.00007839  0.00033982]
 [ 0.00059189  0.00006911 -0.00049115]
 [ 0.00033623  0.0000671   0.00012092]]
2023-01-18:19:00:28,689 INFO     [psi4.driver.task_planner:266] PLANNING Atomic:  keywords={'CART_HESS_READ': 0, 'GEOM_MAXITER': 500, 'SCF__GUESS': 'READ', 'SCF__INTS_TOLERANCE': 1e-12, 'MAXITER': 500, 'function_kwargs': {}}
2023-01-18:19:00:28,701 INFO     [psi4.driver.driver:617] Compute gradient(): method=scf, basis=cc-pvdz, molecule=default, nre=4515.01883713603
2023-01-18:19:01:45,83 INFO     [psi4.driver.driver:620] Return gradient(): -2146.549800350475
2023-01-18:19:01:45,85 INFO     [psi4.driver.driver:621] [[-0.00005916  0.00000091 -0.00006657]
 [ 0.00004983 -0.00011461 -0.00008673]
 [ 0.0000165   0.0000431   0.00007455]
 [-0.0000104   0.00020151  0.00018863]
 [ 0.00007829 -0.00004756 -0.00001187]
 [ 0.00000285 -0.00001532 -0.00000253]
 [-0.000035    0.00002958  0.00003009]
 [ 0.00000549 -0.00007004 -0.0000696 ]
 [-0.00004043  0.00005186 -0.00002423]
 [-0.00004251 -0.00008308 -0.00004872]
 [ 0.00002223  0.00005498  0.00002861]
 [-0.00000621 -0.00005062 -0.00004451]
 [ 0.00000549 -0.00000765  0.00003246]
 [-0.00000698  0.0000071   0.00000789]
 [-0.0000243  -0.00000227 -0.00000354]
 [ 0.00000512  0.0001409   0.00005914]
 [-0.00007769 -0.000055   -0.00005001]
 [ 0.00010251 -0.00002086 -0.00001435]
 [-0.00006047 -0.00001405  0.00007628]
 [-0.00003386  0.00008754  0.0001329 ]
 [ 0.00000337 -0.00006376  0.00012666]
 [-0.00009885  0.00005139 -0.00016068]
 [ 0.00001429  0.00001757 -0.00014079]
 [ 0.00007773 -0.00008859 -0.00006295]
 [ 0.00010512  0.00011742 -0.00001602]
 [-0.00005294 -0.00000913  0.00010522]
 [ 0.00010775 -0.0000624  -0.00011883]
 [ 0.00005422 -0.00001047 -0.00007003]
 [-0.00003367 -0.00004505  0.00002329]
 [ 0.00003015 -0.00000832  0.0001446 ]
 [-0.00000273  0.00014294 -0.00027229]
 [ 0.00007284  0.00001208  0.00010334]
 [-0.0000987  -0.00009962  0.00014998]
 [-0.00007601 -0.00000419  0.00001717]
 [-0.00037953  0.00013076 -0.00025189]
 [ 0.00025128 -0.00004704  0.0000929 ]
 [-0.00032337  0.00009661  0.00014332]
 [ 0.00023687 -0.00002121  0.00002549]
 [-0.00007487  0.00003667 -0.00010707]
 [-0.00027845 -0.00005414  0.00038112]
 [ 0.00000119  0.00000649  0.00001234]
 [-0.00000271 -0.00002369  0.00004773]
 [-0.00003146 -0.00003249 -0.00004893]
 [ 0.00024542 -0.00012288 -0.00005246]
 [ 0.00022697 -0.00004869  0.00015204]
 [-0.00000172 -0.00002399 -0.00003809]
 [-0.0001101   0.00004378 -0.00001323]
 [-0.00002059 -0.00001905 -0.00008209]
 [ 0.00003612 -0.00000843  0.00000389]
 [ 0.00021112  0.00000201 -0.00015097]
 [ 0.0000002   0.00000174 -0.00030657]
 [ 0.00001976 -0.00000275  0.00015589]]
2023-01-18:19:01:45,446 INFO     [psi4.driver.task_planner:266] PLANNING Atomic:  keywords={'CART_HESS_READ': 0, 'GEOM_MAXITER': 500, 'SCF__GUESS': 'READ', 'OPTKING__INTRAFRAG_STEP_LIMIT': 1.0, 'SCF__INTS_TOLERANCE': 1e-12, 'MAXITER': 500, 'function_kwargs': {}}
2023-01-18:19:01:45,449 INFO     [psi4.driver.driver:617] Compute gradient(): method=scf, basis=cc-pvdz, molecule=default, nre=4514.762662898119
2023-01-18:19:02:56,812 INFO     [psi4.driver.driver:620] Return gradient(): -2146.549801515633
2023-01-18:19:02:56,813 INFO     [psi4.driver.driver:621] [[-0.00000043  0.00003688 -0.00002433]
 [-0.0000058  -0.00000832  0.00014104]
 [ 0.00002449  0.00002056 -0.00005147]
 [ 0.00005112 -0.0000606  -0.00007445]
 [-0.00002461 -0.00000562  0.00006023]
 [-0.000057   -0.00001471 -0.0000108 ]
 [-0.00006241  0.00009507 -0.00015601]
 [-0.00002507 -0.00004471  0.00008562]
 [ 0.00000761  0.0000035  -0.00002162]
 [ 0.00002812 -0.00003105  0.00001701]
 [ 0.00000571  0.00004217 -0.00000117]
 [ 0.00002239 -0.00000686  0.00006683]
 [-0.00001293  0.00001984 -0.00003056]
 [ 0.00000591 -0.00002226  0.00002388]
 [ 0.00004663 -0.00002884  0.00000785]
 [-0.00000212  0.00001392 -0.0000878 ]
 [ 0.00003539 -0.00009934 -0.00004717]
 [-0.0000752  -0.00007511 -0.00008033]
 [ 0.00003734  0.00013363  0.00008952]
 [ 0.000023    0.00000151  0.0000781 ]
 [ 0.00004066 -0.00014106 -0.00002405]
 [ 0.00010789  0.00004333 -0.00004909]
 [-0.00007469  0.00009256 -0.00003543]
 [-0.00005088  0.00004187  0.00010598]
 [-0.00005913 -0.00007356  0.00007885]
 [ 0.00001379 -0.00000227  0.00005692]
 [ 0.00002602  0.00006188 -0.00002202]
 [ 0.00002561  0.0000085  -0.0000286 ]
 [-0.00001664  0.00006565 -0.00005307]
 [ 0.00001937  0.00001998 -0.00004711]
 [-0.00007978 -0.0001604   0.00009356]
 [-0.00006121  0.00008015 -0.00011333]
 [-0.00006781 -0.00004914  0.00012092]
 [ 0.00013548 -0.00002152 -0.00005285]
 [ 0.00032458  0.00000152  0.00022623]
 [-0.00007083  0.00002559  0.00016824]
 [ 0.00019354 -0.00011849 -0.00012807]
 [-0.00014365  0.00003484 -0.00023348]
 [-0.00005835 -0.00002031  0.00003703]
 [-0.00028998  0.00014683  0.00014614]
 [-0.00001328 -0.00002673  0.00000538]
 [-0.00001423 -0.00001301 -0.0000234 ]
 [ 0.0000315   0.00000256 -0.00003312]
 [-0.00001019  0.00013438  0.00002525]
 [-0.00005772 -0.00002524 -0.00011586]
 [-0.00001952 -0.00000326 -0.00013398]
 [ 0.00000139 -0.0000189   0.00022413]
 [-0.00001277 -0.00000715 -0.00017644]
 [-0.00000558  0.00001166  0.00003255]
 [ 0.00037861 -0.00003054 -0.00010112]
 [-0.00006047 -0.00001148  0.00016403]
 [-0.00015388 -0.00001792 -0.00009856]]
2023-01-18:19:02:57,184 INFO     [psi4.driver.task_planner:266] PLANNING Atomic:  keywords={'CART_HESS_READ': 0, 'GEOM_MAXITER': 500, 'SCF__GUESS': 'READ', 'OPTKING__INTRAFRAG_STEP_LIMIT': 1.0, 'SCF__INTS_TOLERANCE': 1e-12, 'MAXITER': 500, 'function_kwargs': {}}
2023-01-18:19:02:57,188 INFO     [psi4.driver.driver:617] Compute gradient(): method=scf, basis=cc-pvdz, molecule=default, nre=4514.881685403145
2023-01-18:19:04:10,443 INFO     [psi4.driver.driver:620] Return gradient(): -2146.5498039164277
2023-01-18:19:04:10,445 INFO     [psi4.driver.driver:621] [[ 0.00002445  0.0000218   0.0000134 ]
 [-0.0000319   0.00003507 -0.00000175]
 [-0.00000252 -0.00000943 -0.00002154]
 [ 0.00001008 -0.00007787 -0.0000417 ]
 [-0.00001046  0.0000126   0.00001416]
 [-0.00000251 -0.00000172  0.00000078]
 [ 0.00001601 -0.00001458  0.00000339]
 [ 0.00000434  0.00003517  0.00000795]
 [-0.00003706  0.00001247  0.00003198]
 [-0.00000976  0.0000172   0.00002592]
 [-0.00001395 -0.00003334 -0.00002027]
 [ 0.0000043  -0.00002278  0.00004481]
 [ 0.00000203 -0.00000065 -0.00001308]
 [ 0.00000282 -0.00000145 -0.00000244]
 [ 0.00000577 -0.00000195  0.00000542]
 [-0.00001309 -0.0000037  -0.00002183]
 [ 0.00003403 -0.00000241 -0.00001163]
 [-0.00002267  0.0000412   0.00002577]
 [ 0.00002817  0.00003541  0.00001822]
 [-0.00003005 -0.00003724  0.00002675]
 [-0.00000505  0.00001226 -0.00001389]
 [-0.00000551 -0.00001307 -0.00002392]
 [ 0.00002631  0.00001242 -0.00001528]
 [-0.0000306   0.00003252 -0.00002385]
 [ 0.0000201   0.00003798 -0.00000361]
 [ 0.00002428 -0.00003744 -0.0000023 ]
 [-0.00000661  0.00000178  0.00002904]
 [ 0.00002231 -0.00007734  0.00001833]
 [-0.00000494  0.00002534 -0.00002533]
 [ 0.00001032 -0.00000687  0.0000161 ]
 [ 0.00005522 -0.00003519 -0.00006555]
 [-0.00000518 -0.00000403  0.00001578]
 [ 0.0000558   0.00001643 -0.0000195 ]
 [-0.00001566  0.00000624 -0.00001817]
 [ 0.00006634 -0.00003042  0.00005558]
 [-0.00009144  0.00005031 -0.00004384]
 [ 0.0000086  -0.0000206  -0.00003178]
 [-0.00008004  0.00000697 -0.00002191]
 [ 0.00002657 -0.00001356  0.00002483]
 [-0.00004716 -0.00002523 -0.00003851]
 [ 0.000004   -0.0000037   0.00000222]
 [-0.00000168  0.00000382 -0.00001337]
 [ 0.00000803  0.00000013  0.00000583]
 [-0.00002559 -0.00005929 -0.00002797]
 [-0.00002051  0.00007786  0.00006777]
 [-0.00000661  0.00001277  0.00000791]
 [ 0.00001517 -0.00000431 -0.00000196]
 [ 0.00000438  0.00000227  0.000018  ]
 [ 0.00000051 -0.0000004   0.0000066 ]
 [-0.00000004  0.00000916  0.00003337]
 [ 0.00004877  0.00001278  0.00003918]
 [-0.00000812  0.0000066  -0.00003412]]
2023-01-18:19:04:10,737 INFO     [psi4.driver.task_planner:266] PLANNING Atomic:  keywords={'CART_HESS_READ': 0, 'GEOM_MAXITER': 500, 'SCF__GUESS': 'READ', 'OPTKING__INTRAFRAG_STEP_LIMIT': 1.0, 'SCF__INTS_TOLERANCE': 1e-12, 'MAXITER': 500, 'function_kwargs': {}}
2023-01-18:19:04:10,741 INFO     [psi4.driver.driver:617] Compute gradient(): method=scf, basis=cc-pvdz, molecule=default, nre=4514.8853430176005
2023-01-18:19:05:23,907 INFO     [psi4.driver.driver:620] Return gradient(): -2146.5498041293235
2023-01-18:19:05:23,910 INFO     [psi4.driver.driver:621] [[ 0.00000516  0.00000142  0.00000551]
 [ 0.00002    -0.00006066 -0.0000822 ]
 [-0.00000906  0.00002599  0.00002625]
 [-0.00002849  0.00005425  0.00007488]
 [ 0.00000153 -0.00001502 -0.00002214]
 [ 0.00000091 -0.00000198  0.00000063]
 [-0.00000402  0.00002207  0.00003048]
 [ 0.00000966 -0.00002009 -0.0000276 ]
 [-0.0000038   0.00000675  0.00000883]
 [ 0.00000438 -0.00001255 -0.00001988]
 [ 0.00001032  0.00001344 -0.00000059]
 [ 0.00001738 -0.00001489  0.00000306]
 [ 0.00000203  0.00000407 -0.00000053]
 [ 0.00000017  0.0000031   0.00000264]
 [ 0.00000258  0.00000346  0.00000302]
 [ 0.0000171  -0.00000104 -0.00001012]
 [-0.00001942 -0.00002947 -0.00001578]
 [ 0.00002435  0.00000816  0.00000114]
 [-0.00000458 -0.00000721 -0.00000129]
 [-0.00000572  0.0000053   0.00003339]
 [ 0.00000124 -0.00000622  0.00001895]
 [-0.00000549 -0.00000677 -0.00003596]
 [ 0.00000164 -0.00000743 -0.00000626]
 [ 0.00000229  0.0000115   0.00000889]
 [-0.00001982  0.00000138  0.00001398]
 [ 0.00000275 -0.000015   -0.00001202]
 [-0.00000587  0.00000766  0.00000103]
 [-0.00001492  0.00001952 -0.00002868]
 [-0.00001843 -0.00000929  0.00002027]
 [ 0.00000119  0.00000328  0.00000005]
 [ 0.00001529  0.00001288 -0.00000953]
 [-0.00001917  0.00000242 -0.00000037]
 [ 0.00000934 -0.00002277  0.00000674]
 [-0.00001112  0.00000271 -0.00000644]
 [ 0.00002994  0.00001113  0.000019  ]
 [-0.00002719 -0.00001432 -0.00002589]
 [ 0.00001761 -0.00001257 -0.00000511]
 [-0.00001301  0.00000238  0.00002045]
 [ 0.00002936  0.00000635  0.00000683]
 [ 0.00003086  0.00000644 -0.00002345]
 [ 0.00000226  0.00000088 -0.00000627]
 [-0.00000788  0.00000498 -0.00000233]
 [-0.00000086  0.00001148  0.00001403]
 [-0.00001643  0.00001588  0.00000353]
 [-0.00002323 -0.00000143 -0.00000602]
 [ 0.00000418 -0.00000068  0.0000145 ]
 [ 0.00000933 -0.00000346 -0.00002531]
 [ 0.00000399  0.00000271  0.00002497]
 [-0.00000607 -0.00000168 -0.0000001 ]
 [-0.00001258 -0.00000365  0.00000861]
 [-0.00000246 -0.00000252 -0.00000044]
 [ 0.00000274 -0.0000009   0.00000264]]
2023-01-18:19:05:26,917 INFO     [psi4.driver.task_planner:266] PLANNING Atomic:  keywords={'GEOM_MAXITER': 500, 'SCF__INTS_TOLERANCE': 1e-12, 'MAXITER': 500, 'function_kwargs': {}}
2023-01-18:19:05:26,920 INFO     [psi4.driver.driver:774] Compute properties(): method=scf, basis=6-31g*, molecule=optimized, nre=4514.885343017526
2023-01-18:19:07:38,585 INFO     [psi4.driver.driver:777] Return properties(): -2146.396607219322
2023-01-18:19:07:41,85 INFO     [psi4.driver.task_planner:266] PLANNING Atomic:  keywords={'GEOM_MAXITER': 500, 'SCF__INTS_TOLERANCE': 1e-12, 'MAXITER': 500, 'function_kwargs': {}}
2023-01-18:19:07:41,92 INFO     [psi4.driver.driver:774] Compute properties(): method=scf, basis=6-31g*, molecule=optimized, nre=4514.885343017526
2023-01-18:19:09:36,481 INFO     [psi4.driver.driver:777] Return properties(): -2146.396607217699
