Electrostatic potential parameters
    van der Waals radii (Angstrom):
                                      N   1.500
                                      C   1.500
                                      H   1.200
                                      O   1.400
                                      F   1.350
    VDW scale factors:                1.40  1.60  1.80  2.00
    VDW point density:                1.000
    ESP method:                       scf
    ESP basis set:                    6-31g*

Grid information (see 1_optimized_grid.dat in Angstrom)
    Number of grid points:            2158

Quantum electrostatic potential (see 1_optimized_grid_esp.dat)

Constraints
    Charge constraints
        Total charge of   0.00000000 on the set   6
        Total charge of   0.00000000 on the set  52

Restraint
    Hyperbolic restraint to a charge of zero
    Hydrogen atoms are not restrained
    resp_a:                           0.0005
    resp_b:                           0.1000

Fit

Electrostatic Potential Charges
   Center  Symbol       ESP      RESP
      1    N       0.49648123  0.49203460
      2    C       0.08306538  0.03923460
      3    C      -0.17834675 -0.01532442
      4    C      -0.00503635  0.02996425
      5    C       0.20087193  0.07093134
      6    H       0.00000000  0.00000000
      7    O      -0.38725323 -0.37613551
      8    O      -0.37482967 -0.37867329
      9    C       0.15207369 -0.00885571
     10    C      -0.14100198 -0.05025420
     11    C      -0.14385601 -0.19980760
     12    C      -0.12626629 -0.05602494
     13    H       0.14343668  0.16300360
     14    H       0.17280719  0.15778049
     15    H       0.17828668  0.17284329
     16    C      -0.45212467 -0.08215655
     17    C       0.62497866  0.32176608
     18    F      -0.18899595 -0.11553206
     19    F      -0.16413967 -0.09854350
     20    F      -0.18395017 -0.11652155
     21    C       0.75209780  0.40957686
     22    F      -0.19497129 -0.12732310
     23    F      -0.21315609 -0.13123422
     24    F      -0.20637815 -0.12833958
     25    C       0.25227621 -0.05459796
     26    C      -0.27866922 -0.11468196
     27    C       0.01262801 -0.02729156
     28    C      -0.18223626 -0.05330731
     29    C      -0.05374770 -0.12014045
     30    C      -0.26531621 -0.10889523
     31    C       0.79029172  0.53744996
     32    N      -0.51878129 -0.14214462
     33    C       0.75190057  0.57147661
     34    C       0.42470055 -0.00256591
     35    C      -0.66142165 -0.33742713
     36    C       0.69855011  0.46310090
     37    C      -0.32986715 -0.07775742
     38    C       0.01022094 -0.17220996
     39    C      -0.57255529 -0.34169729
     40    C       0.22403603  0.24625866
     41    H       0.15822829  0.16312265
     42    H       0.17282934  0.14005882
     43    H       0.21785923  0.18466431
     44    O      -0.61811144 -0.57013976
     45    O      -0.54283372 -0.47850426
     46    H       0.14953451  0.17259903
     47    H       0.42467260  0.35043991
     48    H       0.20551471  0.15436589
     49    H       0.28561176  0.23726246
     50    O      -0.49569055 -0.49166014
     51    O      -0.10341705 -0.10018714
     52    H       0.00000000  0.00000000
Total Charge:      0.00000000  0.00000000
