2023-01-18:14:28:56,745 INFO     [psi4.driver.task_planner:266] PLANNING Atomic:  keywords={'function_kwargs': {}}
2023-01-18:14:28:56,755 INFO     [psi4.driver.driver:499] Compute energy(): method=scf, basis=cc-pvdz, molecule=default, nre=4162.21285336413
2023-01-18:14:29:58,591 INFO     [psi4.driver.driver:502] Return energy(): -1823.9396355262372
2023-01-18:14:29:58,630 INFO     [psi4.driver.task_planner:266] PLANNING Atomic:  keywords={'GEOM_MAXITER': 500, 'SCF__INTS_TOLERANCE': 1e-12, 'MAXITER': 500, 'function_kwargs': {}}
2023-01-18:14:29:58,633 INFO     [psi4.driver.driver:617] Compute gradient(): method=scf, basis=cc-pvdz, molecule=default, nre=4162.21285336413
2023-01-18:14:32:03,722 INFO     [psi4.driver.driver:620] Return gradient(): -1823.9396355743922
2023-01-18:14:32:03,724 INFO     [psi4.driver.driver:621] [[ 0.02854533 -0.00453622  0.00278525]
 [-0.01074626 -0.07522571  0.02903483]
 [-0.02059607  0.01483992 -0.00610906]
 [ 0.02991945  0.06295547 -0.02246895]
 [-0.02430506 -0.00317204  0.00015804]
 [-0.00788818  0.00202224 -0.0008875 ]
 [ 0.00809037  0.04635296 -0.01694269]
 [-0.01491698 -0.03957323  0.01414047]
 [-0.00067867 -0.00206173 -0.00031144]
 [-0.00620895 -0.00135824 -0.00285495]
 [ 0.00766779 -0.00527936  0.0039336 ]
 [ 0.01512951  0.01445543 -0.00351764]
 [-0.00136702  0.00722189 -0.00226925]
 [-0.00252562 -0.004213    0.00114571]
 [ 0.00205994 -0.00479842  0.00422695]
 [-0.01461001 -0.07093657 -0.00540804]
 [-0.01191532  0.01270761  0.00346411]
 [ 0.00019531 -0.00521147 -0.00050669]
 [ 0.02681419  0.00899188  0.00196518]
 [-0.01011259 -0.00048858 -0.00070606]
 [ 0.00318334  0.00024501  0.00220223]
 [ 0.02510579 -0.01252482 -0.00225743]
 [ 0.01236646  0.07287924  0.01263372]
 [-0.02619706  0.00322535  0.00440492]
 [ 0.00424083 -0.07481715 -0.02214335]
 [-0.0236032   0.00072863 -0.00169999]
 [-0.01265911 -0.00915921 -0.00249126]
 [ 0.0176626   0.00619449 -0.00012263]
 [-0.00916619  0.01550307 -0.00028548]
 [ 0.01566098 -0.00645028 -0.00217438]
 [ 0.0071518  -0.00548971 -0.00145796]
 [ 0.00015121  0.00844043  0.00048436]
 [ 0.00462763  0.00519161  0.00102365]
 [ 0.00025583 -0.00549155 -0.00077382]
 [-0.00341786 -0.00516495 -0.0028103 ]
 [ 0.00435352  0.00716259  0.00122649]
 [-0.00524113  0.05512485  0.01600935]
 [-0.01749358 -0.0517899  -0.00732175]
 [ 0.00852151  0.05643679  0.00451019]
 [ 0.00016874 -0.00934933 -0.00154363]
 [-0.00055108 -0.00507172  0.00024849]
 [-0.00626625  0.00598676 -0.01583316]
 [ 0.00136272 -0.00678267  0.00069439]
 [ 0.00238936  0.00360587 -0.00120486]
 [ 0.00429331  0.00327488  0.00516817]
 [-0.00054122  0.00077355  0.00247754]
 [ 0.01142042  0.00472626 -0.00417625]
 [ 0.0012567  -0.00120717 -0.00675687]
 [-0.00188802 -0.00350846  0.00366146]
 [-0.00013083 -0.00021226  0.0086576 ]
 [-0.00595219 -0.01137114  0.00472921]
 [ 0.00564125  0.00345244  0.0072651 ]
 [-0.00523198  0.00146219 -0.00133579]
 [-0.01393061  0.00892367  0.00508694]
 [ 0.00211608  0.00007248  0.00129713]
 [ 0.00184092 -0.00138822 -0.00097513]
 [-0.00162045 -0.00124157  0.00163447]
 [ 0.00303096 -0.00732577  0.00145321]
 [-0.00796341  0.00542403  0.00036966]
 [ 0.00118661  0.00454985 -0.00120122]
 [ 0.00307889 -0.00731198  0.00238231]
 [-0.0002172   0.00266949  0.00090129]
 [ 0.00045513  0.00130935 -0.0056838 ]
 [-0.00042961  0.00045384  0.0006239 ]
 [-0.00021696 -0.00244646 -0.00415083]
 [ 0.00163832 -0.00298218 -0.00014457]
 [ 0.00328083  0.00243838 -0.0010933 ]
 [ 0.00372501 -0.00186139 -0.00037985]]
2023-01-18:14:32:05,8 INFO     [psi4.driver.task_planner:266] PLANNING Atomic:  keywords={'CART_HESS_READ': 0, 'GEOM_MAXITER': 500, 'SCF__GUESS': 'READ', 'SCF__INTS_TOLERANCE': 1e-12, 'MAXITER': 500, 'function_kwargs': {}}
2023-01-18:14:32:05,11 INFO     [psi4.driver.driver:617] Compute gradient(): method=scf, basis=cc-pvdz, molecule=default, nre=4173.024719790944
2023-01-18:14:33:59,199 INFO     [psi4.driver.driver:620] Return gradient(): -1823.9722537437901
2023-01-18:14:33:59,200 INFO     [psi4.driver.driver:621] [[ 0.00141493  0.00031723 -0.00004688]
 [-0.0032849  -0.01750653  0.00841761]
 [-0.00126938  0.00573586 -0.00273534]
 [ 0.01044317  0.01522878 -0.00572643]
 [-0.00164046 -0.00526879  0.00207239]
 [ 0.00003872  0.0004326  -0.00008178]
 [ 0.00080207  0.00927685 -0.00404833]
 [-0.0046724  -0.00719545  0.00259123]
 [ 0.00185044 -0.00146666  0.00146719]
 [ 0.0011631  -0.00067684 -0.00067884]
 [-0.00140083 -0.00051684 -0.00068292]
 [ 0.00200509  0.00653954 -0.0015199 ]
 [-0.0013259   0.00029599 -0.00011572]
 [-0.00003376 -0.00033009 -0.00037021]
 [-0.00171725  0.00028527  0.00146501]
 [-0.00429493 -0.01925267 -0.00120383]
 [ 0.00054871  0.00851382  0.00173908]
 [-0.00386096 -0.00445512 -0.00257065]
 [ 0.00120721  0.0091777   0.00210359]
 [ 0.000373   -0.00125866  0.00080847]
 [-0.00009536  0.00258598  0.00138221]
 [-0.0018819  -0.00661739 -0.00152323]
 [ 0.00228772  0.02285604  0.00546918]
 [ 0.00048462 -0.00010882  0.00087438]
 [-0.00359724 -0.02276275 -0.00599502]
 [-0.00185044  0.00234908 -0.00009504]
 [ 0.00626666 -0.01013733  0.00156141]
 [-0.00090734 -0.00036504  0.00051108]
 [ 0.00440978  0.00489626  0.00125503]
 [ 0.00406177 -0.00243407 -0.00145298]
 [ 0.00099634  0.00061481 -0.00219128]
 [ 0.00072407  0.00169971 -0.00030787]
 [ 0.00076484  0.0006706  -0.00098525]
 [ 0.00040848 -0.00017808  0.00057795]
 [ 0.00112297 -0.00057253 -0.00123322]
 [ 0.00105902 -0.00011366  0.00005492]
 [-0.00282517  0.0128291   0.00310161]
 [-0.00401101 -0.01276509 -0.00201446]
 [ 0.00193326  0.00837745  0.00092491]
 [ 0.00089904 -0.00164404 -0.00060647]
 [-0.00113918  0.00014562 -0.00133554]
 [-0.00422523  0.00230604 -0.00455784]
 [-0.00103295 -0.00278089  0.00031472]
 [ 0.00005126  0.0013662  -0.00106985]
 [ 0.00016579  0.00066468  0.00032831]
 [ 0.00003318  0.00046541  0.00043382]
 [ 0.00267505  0.00117609  0.00197864]
 [-0.00144661  0.00016663 -0.00088546]
 [ 0.00108947 -0.00154034  0.00336367]
 [-0.00088299  0.00032256  0.00093443]
 [ 0.0010633   0.00059974 -0.00149964]
 [-0.00065638  0.00341107  0.00153234]
 [-0.00219455 -0.00040689 -0.0001075 ]
 [-0.00379382 -0.00182606 -0.00116829]
 [ 0.00072738 -0.00073013 -0.00002876]
 [ 0.00038223 -0.00013993  0.00019248]
 [-0.00010352  0.000298    0.00012561]
 [-0.00129573  0.00033434  0.00292389]
 [ 0.00126383 -0.00294779  0.00032156]
 [ 0.00007616 -0.00151096  0.00099834]
 [ 0.00110324  0.00270511 -0.00057876]
 [ 0.00072161 -0.00004948  0.00014919]
 [-0.00017145 -0.00003432 -0.00162507]
 [-0.00053036  0.00009282 -0.00025629]
 [ 0.00007172  0.0001591  -0.00045024]
 [-0.00013027  0.00054762 -0.00040523]
 [ 0.00117846 -0.0005298   0.00011571]
 [ 0.00040455  0.00067938  0.00006417]]
2023-01-18:14:34:00,308 INFO     [psi4.driver.task_planner:266] PLANNING Atomic:  keywords={'CART_HESS_READ': 0, 'GEOM_MAXITER': 500, 'SCF__GUESS': 'READ', 'OPTKING__INTRAFRAG_STEP_LIMIT': 1.0, 'SCF__INTS_TOLERANCE': 1e-12, 'MAXITER': 500, 'function_kwargs': {}}
2023-01-18:14:34:00,311 INFO     [psi4.driver.driver:617] Compute gradient(): method=scf, basis=cc-pvdz, molecule=default, nre=4155.5300802418415
2023-01-18:14:35:54,992 INFO     [psi4.driver.driver:620] Return gradient(): -1823.9672440918835
2023-01-18:14:35:54,994 INFO     [psi4.driver.driver:621] [[-0.0021717   0.00539747 -0.00466786]
 [ 0.0024542  -0.01586635  0.01417644]
 [ 0.00390498  0.00847843 -0.00702308]
 [ 0.01171763  0.00269683 -0.00136017]
 [-0.00752643 -0.00752944  0.00423568]
 [-0.00234937  0.00204319 -0.00178938]
 [-0.00060734  0.03892314 -0.03082914]
 [-0.0151583  -0.02119882  0.01484434]
 [-0.00683804  0.00407417 -0.00330261]
 [ 0.00949539 -0.00602031  0.00699844]
 [-0.00591455 -0.0090484   0.00407326]
 [ 0.0086779   0.00252813 -0.00171404]
 [ 0.00236995  0.00966867 -0.00729885]
 [-0.00263527 -0.01025363  0.00773257]
 [ 0.00238667 -0.00466676  0.00615946]
 [-0.00358111 -0.00969671  0.00061918]
 [-0.00091439 -0.00107506 -0.00090974]
 [-0.00126027  0.00306086 -0.00092111]
 [ 0.00127966 -0.00049961  0.00055651]
 [-0.00086018  0.00012721  0.00199702]
 [-0.00054784 -0.0022265  -0.0012182 ]
 [-0.00018404 -0.00126105  0.00055928]
 [ 0.00143731 -0.00332139 -0.0004268 ]
 [-0.00005028 -0.00038971 -0.00035146]
 [ 0.00132583  0.00242659 -0.00010556]
 [ 0.00164848  0.00132802  0.00060594]
 [ 0.00175857 -0.00230487  0.00142763]
 [-0.00321645  0.00102526  0.0026176 ]
 [ 0.00193658 -0.00211346  0.00039342]
 [ 0.00012532 -0.00317682 -0.00150681]
 [-0.00440774  0.00263721 -0.00207378]
 [-0.00099707  0.00130857 -0.00082654]
 [-0.00087692 -0.00016157 -0.00236107]
 [ 0.0000964  -0.0003137   0.00035404]
 [ 0.00006504  0.00013721 -0.0010226 ]
 [-0.00024491 -0.00033321  0.00021616]
 [-0.00103689  0.00090211  0.00009052]
 [-0.00089907  0.00108806  0.00073693]
 [ 0.00229483  0.01432728 -0.00043691]
 [-0.00010662 -0.00004865 -0.00079609]
 [-0.00068941  0.00128656 -0.00148028]
 [-0.00705994  0.00554084  0.00432913]
 [-0.00097349 -0.00002024 -0.0030584 ]
 [-0.00042455  0.00389969 -0.00243043]
 [ 0.00913497 -0.00352356  0.00271832]
 [-0.00557058  0.00062491  0.00893967]
 [-0.00518306 -0.00135508  0.00343496]
 [-0.00525681 -0.00004655  0.00098396]
 [-0.00354919 -0.00141709  0.00488238]
 [ 0.00503823 -0.00055602  0.00492439]
 [-0.00943807 -0.00568566  0.00510699]
 [ 0.00254649  0.00577267  0.00299264]
 [ 0.00673514  0.0000484   0.00192692]
 [-0.0118243  -0.00139657  0.00696495]
 [ 0.00445898 -0.00023043  0.00212991]
 [ 0.00609789 -0.00435191 -0.00540526]
 [-0.00589531 -0.00665971  0.00919867]
 [ 0.01232592 -0.00739286 -0.00561598]
 [-0.01360232  0.00925581  0.01098314]
 [ 0.01157383  0.00326354 -0.01209749]
 [ 0.00606694 -0.00002129 -0.00556979]
 [-0.00553733  0.00776346  0.00220146]
 [-0.00801603  0.00727006 -0.01027079]
 [-0.00783319 -0.00549407  0.00784433]
 [ 0.0067688  -0.00404776 -0.00485161]
 [ 0.00634569 -0.0087885  -0.00340503]
 [ 0.00600381  0.00793759 -0.00812877]
 [ 0.01716691 -0.0023486  -0.01470058]]
2023-01-18:14:35:55,742 INFO     [psi4.driver.task_planner:266] PLANNING Atomic:  keywords={'CART_HESS_READ': 0, 'GEOM_MAXITER': 500, 'SCF__GUESS': 'READ', 'OPTKING__INTRAFRAG_STEP_LIMIT': 1.0, 'SCF__INTS_TOLERANCE': 1e-12, 'MAXITER': 500, 'function_kwargs': {}}
2023-01-18:14:35:55,745 INFO     [psi4.driver.driver:617] Compute gradient(): method=scf, basis=cc-pvdz, molecule=default, nre=4186.541954061736
2023-01-18:14:38:13,949 INFO     [psi4.driver.driver:620] Return gradient(): -1823.9838153822059
2023-01-18:14:38:13,951 INFO     [psi4.driver.driver:621] [[ 0.00169496  0.00027619 -0.00017736]
 [-0.00003901  0.00398492 -0.00299758]
 [-0.00078378 -0.00088065  0.00018271]
 [-0.00266174 -0.00360631  0.00295633]
 [ 0.00010832 -0.00023791 -0.00043058]
 [ 0.00037942  0.00041269 -0.00025242]
 [-0.00015061 -0.0015809   0.00141993]
 [ 0.00196277  0.0012221  -0.00095376]
 [ 0.00093335  0.00155955 -0.0003803 ]
 [-0.00081055 -0.00019277  0.00133236]
 [ 0.00056727  0.00031964 -0.00252123]
 [-0.00043993 -0.00140522  0.00120214]
 [-0.00014196  0.00008209 -0.00036786]
 [ 0.0001514  -0.00052997  0.00016373]
 [-0.00065723  0.0004321   0.00101664]
 [ 0.00052547  0.00122127 -0.00041912]
 [-0.00087482  0.00030126 -0.00087506]
 [ 0.00082873  0.00034173 -0.00093151]
 [-0.00021578  0.00049766  0.0006502 ]
 [ 0.00055011 -0.00076149  0.00209666]
 [-0.00094994  0.00004951 -0.00100503]
 [ 0.00099928 -0.00082743  0.00103245]
 [ 0.00058705 -0.00440865 -0.00051488]
 [-0.00108452  0.00062759 -0.00060341]
 [ 0.00219693  0.00404131 -0.00022592]
 [ 0.00013671 -0.00005012  0.00028446]
 [-0.00038937 -0.00063568  0.0010132 ]
 [-0.00147898  0.000083    0.00329492]
 [ 0.00063134 -0.00027048  0.00042039]
 [-0.00004652 -0.00286079 -0.00092738]
 [ 0.00019493  0.00078667 -0.00016768]
 [-0.00086079  0.00064172 -0.00087194]
 [-0.00060839 -0.00020481 -0.00221935]
 [ 0.00001838 -0.00004381  0.00031905]
 [ 0.00071257  0.00015438 -0.00077519]
 [-0.00039284 -0.00031939  0.00018971]
 [-0.00157671 -0.00188048 -0.00054891]
 [-0.0005078   0.00253373  0.00084028]
 [-0.0007818  -0.00042284  0.00074324]
 [-0.00014032  0.00010644 -0.00078446]
 [-0.0002244   0.00120559 -0.00116684]
 [-0.00163229  0.0022206   0.00033081]
 [ 0.00167669  0.00080769 -0.00042365]
 [ 0.00030737 -0.00021995  0.000129  ]
 [ 0.00030858 -0.00034056  0.00002255]
 [-0.00019381 -0.00001362  0.00023692]
 [-0.00080293 -0.00079546 -0.00061689]
 [ 0.00071469 -0.00019264  0.00304766]
 [-0.00005059 -0.00033429  0.00143171]
 [ 0.0014393   0.00067175 -0.0008151 ]
 [ 0.00084104 -0.00118098 -0.00335294]
 [-0.00138377  0.00270247 -0.00017447]
 [-0.00050434 -0.00182352 -0.00069035]
 [-0.0002614  -0.00071634 -0.00065227]
 [ 0.00029997 -0.00000628 -0.00024194]
 [ 0.000582   -0.00015814 -0.00041288]
 [-0.00054865 -0.00006355  0.00091075]
 [ 0.00066696  0.0001017   0.0025953 ]
 [ 0.00011996 -0.00041859  0.0016507 ]
 [ 0.00021275 -0.00039172  0.00000386]
 [-0.00053821  0.0007389   0.00017563]
 [-0.00082898  0.00068544 -0.00016257]
 [ 0.00078013 -0.00041484 -0.00098077]
 [-0.00071973 -0.0000675   0.00055278]
 [ 0.00069973 -0.00005424 -0.00024302]
 [ 0.00027718 -0.00062062 -0.00031079]
 [ 0.00018327  0.00042318 -0.00034325]
 [ 0.00099388 -0.0003003  -0.00070742]]
2023-01-18:14:38:14,873 INFO     [psi4.driver.task_planner:266] PLANNING Atomic:  keywords={'CART_HESS_READ': 0, 'GEOM_MAXITER': 500, 'SCF__GUESS': 'READ', 'OPTKING__INTRAFRAG_STEP_LIMIT': 1.0, 'SCF__INTS_TOLERANCE': 1e-12, 'MAXITER': 500, 'function_kwargs': {}}
2023-01-18:14:38:14,876 INFO     [psi4.driver.driver:617] Compute gradient(): method=scf, basis=cc-pvdz, molecule=default, nre=4198.38650283037
2023-01-18:14:40:09,734 INFO     [psi4.driver.driver:620] Return gradient(): -1823.9862529532863
2023-01-18:14:40:09,735 INFO     [psi4.driver.driver:621] [[ 0.00322212 -0.00092752  0.00136375]
 [-0.00016846  0.00270347 -0.00483714]
 [-0.00073187 -0.00172072  0.00255635]
 [-0.00394316 -0.00158089  0.0033299 ]
 [ 0.00137687  0.0010181  -0.00188049]
 [ 0.00010214  0.0002053  -0.0001909 ]
 [ 0.00040883 -0.00030371  0.00096434]
 [ 0.00115848  0.00007466 -0.00054973]
 [ 0.00108058  0.0014529  -0.00224453]
 [-0.00136368 -0.00108514  0.00101774]
 [ 0.00089468  0.00163297 -0.00104352]
 [-0.00143264 -0.00287481  0.00169714]
 [-0.00002607  0.00009081 -0.00003081]
 [ 0.00019197 -0.00004567  0.00004123]
 [-0.00009936 -0.00039753  0.00017133]
 [ 0.00154078  0.00270905 -0.00060728]
 [-0.00273537 -0.0009601  -0.00060467]
 [ 0.0013073  -0.00020972  0.00021928]
 [-0.0013883   0.00021532 -0.00122946]
 [ 0.00044197  0.00063741  0.0003761 ]
 [-0.0003523   0.00017914 -0.00008607]
 [ 0.00150325  0.00058289 -0.00012636]
 [-0.00181382 -0.00245033  0.00299383]
 [ 0.00269746 -0.00016775 -0.00126259]
 [-0.00053345  0.00151011  0.00204123]
 [ 0.00056759 -0.0006156   0.00039009]
 [-0.00194312  0.0033643   0.00051789]
 [ 0.00181534 -0.0018048   0.00055277]
 [ 0.00028195 -0.00099004 -0.0019369 ]
 [ 0.00060459 -0.00321716 -0.00018535]
 [ 0.00006054  0.00308245 -0.00001884]
 [ 0.00054498 -0.00061071  0.00027801]
 [ 0.00045121  0.00063752  0.00056306]
 [ 0.00019224 -0.00004832  0.00013539]
 [-0.00013071  0.00011363 -0.00005372]
 [-0.00050672  0.00015439 -0.00016758]
 [-0.00035925 -0.00161853 -0.00171819]
 [ 0.00087225  0.00163617 -0.00037286]
 [-0.00055434 -0.00002554  0.00039831]
 [ 0.00107832 -0.00050012  0.00051192]
 [ 0.00014191 -0.00055571  0.00039109]
 [-0.00250055 -0.00070503 -0.0012347 ]
 [ 0.00032076  0.00063332 -0.00057378]
 [-0.00013782  0.00011734 -0.00033953]
 [-0.0003232  -0.00002334 -0.00033555]
 [-0.00003971  0.00003709  0.00004982]
 [-0.00093093 -0.00177054  0.00030599]
 [ 0.00110169  0.00132612  0.00214374]
 [-0.00057532 -0.00007205  0.00018378]
 [ 0.00082853  0.00009274 -0.00057233]
 [ 0.00154731 -0.00027796 -0.00187108]
 [-0.00226413  0.00077227 -0.00049601]
 [-0.0006468  -0.0003672  -0.00004688]
 [-0.00023639  0.00066662  0.00058129]
 [ 0.00007134  0.00001543  0.00021872]
 [-0.00029438  0.00030282  0.0000823 ]
 [-0.00001147  0.0001875  -0.00009291]
 [-0.00067766  0.00003849  0.00110499]
 [-0.00043254 -0.00018578  0.00033527]
 [ 0.00045071 -0.00098607  0.00017769]
 [ 0.00040635  0.0011823  -0.00112733]
 [-0.00087149 -0.00003387  0.00035537]
 [ 0.00004643 -0.00037781 -0.00015807]
 [-0.00004273  0.00012801 -0.00008334]
 [ 0.00032921  0.0001957   0.00010662]
 [ 0.00030987  0.00028143 -0.00012922]
 [ 0.00006233 -0.00029445 -0.00015031]
 [ 0.0000559  -0.00017326  0.00020171]]
2023-01-18:14:40:10,778 INFO     [psi4.driver.task_planner:266] PLANNING Atomic:  keywords={'CART_HESS_READ': 0, 'GEOM_MAXITER': 500, 'SCF__GUESS': 'READ', 'OPTKING__INTRAFRAG_STEP_LIMIT': 1.0, 'SCF__INTS_TOLERANCE': 1e-12, 'MAXITER': 500, 'function_kwargs': {}}
2023-01-18:14:40:10,781 INFO     [psi4.driver.driver:617] Compute gradient(): method=scf, basis=cc-pvdz, molecule=default, nre=4205.521917907612
2023-01-18:14:42:01,951 INFO     [psi4.driver.driver:620] Return gradient(): -1823.9879342770819
2023-01-18:14:42:01,953 INFO     [psi4.driver.driver:621] [[-0.00163828  0.00001059 -0.00010506]
 [ 0.00015929  0.0007012   0.0008994 ]
 [ 0.00074634 -0.00147823  0.0010618 ]
 [ 0.00013135 -0.00074566 -0.00085056]
 [ 0.00141315  0.0009448  -0.00038819]
 [-0.00032925  0.00007404 -0.00006702]
 [-0.00014838  0.00016267 -0.00093637]
 [-0.00057127  0.0003914   0.00021932]
 [-0.00029102  0.00016456 -0.00099133]
 [-0.00019965 -0.00007425  0.00008313]
 [ 0.00072039  0.00040102  0.00045744]
 [-0.00074769 -0.00094964  0.00097949]
 [-0.00002545  0.00004892  0.00009271]
 [ 0.0000487   0.00011642  0.00000281]
 [ 0.00044993 -0.00040621 -0.00032258]
 [ 0.00142234  0.00112707 -0.00140795]
 [-0.00064787 -0.0003601  -0.00003757]
 [ 0.00073696 -0.00023007  0.0005837 ]
 [-0.00190035 -0.000182    0.00210607]
 [-0.00015892  0.00021604 -0.00036674]
 [ 0.00005574 -0.00016405  0.0001544 ]
 [-0.00125602  0.00053237  0.0016209 ]
 [ 0.00125215  0.00269676 -0.00345398]
 [ 0.00261938 -0.00140199  0.00457962]
 [ 0.00200479 -0.00049156 -0.00980742]
 [ 0.00152877 -0.00094056  0.00136066]
 [-0.00418146  0.00564916 -0.0001167 ]
 [ 0.00249664 -0.00276247 -0.00042837]
 [-0.0031455  -0.0013734  -0.00331984]
 [ 0.00083622 -0.00254651 -0.00044563]
 [-0.00129528  0.00325356  0.00084908]
 [ 0.00144251 -0.00117203  0.00085583]
 [-0.00076193  0.00106291  0.00018182]
 [ 0.00003356  0.00004592 -0.00004934]
 [-0.00018654 -0.00009479  0.00027777]
 [-0.00013316  0.00017793 -0.00010097]
 [ 0.00010192 -0.00204533  0.00259441]
 [ 0.00092357  0.00033831  0.00278071]
 [-0.00012183 -0.00050647  0.00093585]
 [ 0.00173523 -0.00052413  0.00089096]
 [-0.00080714 -0.00027726  0.0004156 ]
 [-0.00146851 -0.00088352 -0.00140858]
 [ 0.00019181 -0.00016115  0.00035355]
 [ 0.00035663 -0.00043074  0.00009509]
 [-0.00007559 -0.00005082 -0.00009353]
 [-0.00006881  0.00015702  0.00012929]
 [-0.0002543  -0.00045705  0.00098758]
 [ 0.00046857  0.00185832  0.00064785]
 [ 0.00008193  0.00019823 -0.00026845]
 [-0.00019955  0.00026589  0.00014846]
 [ 0.00130421 -0.00006544 -0.00075666]
 [-0.00045191  0.00006625 -0.00026681]
 [ 0.00015729 -0.00003962  0.00016231]
 [-0.00080736  0.0002497   0.00146742]
 [-0.00011027  0.00029901  0.00004461]
 [-0.00052846  0.00009405 -0.00014935]
 [-0.00011006  0.00018742 -0.00031711]
 [-0.00102044 -0.00025833  0.00022659]
 [-0.0002203   0.00069289 -0.00049719]
 [-0.00002928 -0.0013342   0.00050988]
 [ 0.00099704  0.00084074 -0.0020094 ]
 [-0.00071128 -0.00035527  0.00056189]
 [-0.00008104 -0.00026965 -0.00000688]
 [-0.0001743   0.00026742 -0.0001491 ]
 [-0.00008974 -0.00003858  0.00007394]
 [ 0.00048812  0.00038155 -0.000358  ]
 [ 0.00007632 -0.00038981 -0.0001811 ]
 [-0.00003268 -0.00021324  0.0002659 ]]
2023-01-18:14:42:02,868 INFO     [psi4.driver.task_planner:266] PLANNING Atomic:  keywords={'CART_HESS_READ': 0, 'GEOM_MAXITER': 500, 'SCF__GUESS': 'READ', 'OPTKING__INTRAFRAG_STEP_LIMIT': 1.0, 'SCF__INTS_TOLERANCE': 1e-12, 'MAXITER': 500, 'function_kwargs': {}}
2023-01-18:14:42:02,871 INFO     [psi4.driver.driver:617] Compute gradient(): method=scf, basis=cc-pvdz, molecule=default, nre=4214.084436531463
2023-01-18:14:43:57,806 INFO     [psi4.driver.driver:620] Return gradient(): -1823.9889018494605
2023-01-18:14:43:57,808 INFO     [psi4.driver.driver:621] [[-0.00288055  0.00061338 -0.00092102]
 [-0.0007378  -0.00315831  0.00444411]
 [ 0.00164143  0.00014375 -0.00056381]
 [ 0.00326471  0.00186595 -0.00319136]
 [ 0.00021332  0.00026323  0.00050282]
 [-0.00046578 -0.00027677  0.00022943]
 [ 0.00010984  0.00121961 -0.00187509]
 [-0.00203422 -0.00044966  0.00089907]
 [-0.0009134  -0.00057486  0.00050198]
 [ 0.00063397  0.00059333 -0.00002375]
 [-0.00030782 -0.00139592  0.00079752]
 [ 0.00018     0.00102513 -0.00196234]
 [ 0.00012441 -0.00007294  0.00002163]
 [-0.00024057  0.00018975  0.00003083]
 [ 0.00015742  0.00010909 -0.00038847]
 [ 0.00022299  0.00046227  0.00404511]
 [ 0.00410325 -0.00148085 -0.00014897]
 [-0.00050236  0.00306125  0.00023052]
 [ 0.00387654 -0.00363662 -0.0003385 ]
 [-0.00094683 -0.00067789 -0.00037029]
 [-0.00023345 -0.00315642 -0.00095586]
 [-0.0035144   0.00095438 -0.00246311]
 [ 0.00317531  0.00484275  0.0081149 ]
 [ 0.00034332 -0.00070085 -0.00177155]
 [ 0.00161223 -0.00338183  0.00119902]
 [-0.00029929  0.00039266 -0.00098639]
 [-0.00896467  0.0072789  -0.00240723]
 [ 0.00186797 -0.00177578  0.00028918]
 [-0.01243016 -0.00005989 -0.00439475]
 [ 0.00125814  0.00033363 -0.00075291]
 [-0.00196369  0.00026079  0.00146723]
 [ 0.00227892 -0.0010666   0.00096113]
 [-0.00224267  0.00120815 -0.00073298]
 [-0.00072717  0.00015632 -0.00053577]
 [ 0.00026648 -0.00128228  0.00005234]
 [ 0.00091879 -0.00012509  0.00035479]
 [ 0.00540209 -0.00237251  0.00077088]
 [ 0.0035779   0.00092947  0.00071398]
 [ 0.00071718 -0.00081349 -0.00111678]
 [ 0.00189447 -0.00026415  0.00051743]
 [-0.00239936  0.00069406 -0.00066253]
 [ 0.00197907  0.00000957 -0.00038346]
 [-0.0002489  -0.00054816  0.00110745]
 [ 0.00062572 -0.00031593  0.00055382]
 [ 0.00040602  0.00017442  0.00029087]
 [ 0.00011271  0.00018166  0.0000941 ]
 [ 0.00110807  0.00131605  0.00060897]
 [-0.00109122  0.00063624 -0.00170039]
 [ 0.00162775 -0.00007378 -0.00037292]
 [-0.00120709  0.00068883  0.00078565]
 [ 0.00089956 -0.00037276  0.00047517]
 [ 0.0024041  -0.00021074  0.0002973 ]
 [ 0.00152721 -0.00031231  0.00073813]
 [-0.00149403 -0.0001196   0.00207123]
 [-0.00050543  0.00075326 -0.00022376]
 [-0.00061768 -0.0001202  -0.00075215]
 [-0.00044352  0.0000339  -0.00019012]
 [-0.00087907 -0.00014941  0.0001296 ]
 [ 0.00094747  0.00095697 -0.00194629]
 [-0.00109514 -0.00037643  0.001451  ]
 [ 0.00102086 -0.00064819 -0.00198616]
 [ 0.00014039 -0.00091532  0.00026585]
 [-0.00029679 -0.00008829  0.00008733]
 [-0.00039284  0.00011186 -0.00023433]
 [-0.00096238 -0.00020685 -0.0001767 ]
 [ 0.00039855  0.000085   -0.00055125]
 [ 0.0001042  -0.00018262 -0.00017469]
 [-0.00010408 -0.00018229  0.00015529]]
2023-01-18:14:43:58,937 INFO     [psi4.driver.task_planner:266] PLANNING Atomic:  keywords={'CART_HESS_READ': 0, 'GEOM_MAXITER': 500, 'SCF__GUESS': 'READ', 'OPTKING__INTRAFRAG_STEP_LIMIT': 0.25, 'SCF__INTS_TOLERANCE': 1e-12, 'MAXITER': 500, 'function_kwargs': {}}
2023-01-18:14:43:58,943 INFO     [psi4.driver.driver:617] Compute gradient(): method=scf, basis=cc-pvdz, molecule=default, nre=4202.541140107699
2023-01-18:14:45:51,643 INFO     [psi4.driver.driver:620] Return gradient(): -1823.9902884791277
2023-01-18:14:45:51,644 INFO     [psi4.driver.driver:621] [[-0.00076481  0.00051154 -0.00053696]
 [-0.00026664 -0.0019495   0.00134661]
 [ 0.00089978  0.00067276 -0.00061898]
 [ 0.00113433  0.00106898 -0.00065811]
 [-0.00086169 -0.00010747  0.00013315]
 [-0.00002765 -0.00029225  0.00029677]
 [ 0.00002407  0.00053822 -0.00040276]
 [-0.00080398 -0.00040954  0.00028416]
 [-0.00015099 -0.00045347  0.00066884]
 [ 0.00097658 -0.00015153 -0.0001162 ]
 [-0.00111678 -0.00030114  0.00037342]
 [ 0.00072147  0.0016199   0.00102188]
 [ 0.00020119 -0.00009466  0.00007226]
 [-0.00026517  0.0000916   0.00003038]
 [ 0.00012305  0.00018307 -0.00009678]
 [-0.0003486  -0.00133659 -0.00596791]
 [ 0.00147372 -0.00112944  0.00195749]
 [-0.00090692  0.0014437  -0.00025532]
 [ 0.0017022  -0.00147281 -0.00038094]
 [-0.00094137  0.0009902  -0.00003013]
 [ 0.00060278 -0.00146184  0.00015288]
 [-0.00263864 -0.00013158 -0.00008625]
 [ 0.00357008  0.00346835 -0.00152033]
 [-0.00398074  0.00025995 -0.00056207]
 [-0.00003346 -0.0011098   0.00148706]
 [ 0.00107209  0.00066382  0.00072335]
 [-0.0029872   0.00096235  0.00050397]
 [ 0.00086707 -0.00115879  0.00115079]
 [-0.00237488 -0.00058364 -0.00255377]
 [ 0.00302144  0.00080594  0.00017633]
 [-0.00094165 -0.00037482 -0.00030541]
 [ 0.00062383 -0.00044335  0.00017009]
 [-0.00076907  0.00009224 -0.00007555]
 [-0.00029272  0.00025905 -0.00014582]
 [ 0.00038868 -0.00041399  0.00009917]
 [ 0.00036867 -0.00029268  0.0000861 ]
 [ 0.00210359  0.00067755 -0.00060996]
 [-0.000555   -0.00148122  0.00160063]
 [ 0.00006857  0.00029423  0.00239128]
 [ 0.00065525  0.00031865  0.00008956]
 [ 0.00001812  0.00013239  0.00047198]
 [ 0.00077546  0.00019596  0.00019571]
 [ 0.00004527 -0.00019916 -0.00009031]
 [ 0.00049419 -0.00000541  0.00029001]
 [ 0.0001327   0.00008496  0.00006189]
 [-0.00001231 -0.00004826 -0.00002874]
 [ 0.00034128  0.00034789 -0.00056433]
 [-0.00101814  0.00004993 -0.00052917]
 [-0.00076259 -0.00000878 -0.00031326]
 [-0.0005374  -0.00016109  0.00025174]
 [-0.0000011  -0.00016772  0.00027302]
 [ 0.00105796  0.00031684  0.00039944]
 [ 0.00093003 -0.00014047  0.00074943]
 [-0.00031096  0.00016777  0.00070647]
 [-0.0001898   0.00011598 -0.00006304]
 [-0.00009564  0.00001446 -0.00030658]
 [-0.00014872 -0.00006495  0.00003829]
 [-0.00059448  0.0002341   0.00033507]
 [ 0.0006981  -0.00019437 -0.00104544]
 [-0.00059532  0.00052786  0.00056903]
 [ 0.00042905 -0.00040531 -0.00059101]
 [ 0.00015945 -0.00011301  0.00000982]
 [ 0.00000169 -0.00033726 -0.0001214 ]
 [-0.00022709 -0.00014312  0.00000717]
 [-0.00033154  0.00000214 -0.00019752]
 [ 0.00006385 -0.00009664 -0.00008893]
 [ 0.00012034  0.0000707  -0.00018527]
 [-0.00001283  0.00005254 -0.00012696]]
2023-01-18:14:45:52,898 INFO     [psi4.driver.task_planner:266] PLANNING Atomic:  keywords={'CART_HESS_READ': 0, 'GEOM_MAXITER': 500, 'SCF__GUESS': 'READ', 'OPTKING__INTRAFRAG_STEP_LIMIT': 0.25, 'SCF__INTS_TOLERANCE': 1e-12, 'MAXITER': 500, 'function_kwargs': {}}
2023-01-18:14:45:52,902 INFO     [psi4.driver.driver:617] Compute gradient(): method=scf, basis=cc-pvdz, molecule=default, nre=4200.005418303268
2023-01-18:14:47:45,28 INFO     [psi4.driver.driver:620] Return gradient(): -1823.9908882213294
2023-01-18:14:47:45,30 INFO     [psi4.driver.driver:621] [[ 0.00239128 -0.00009829  0.00025799]
 [-0.00054645  0.00039059 -0.00059741]
 [ 0.00013318  0.00083292 -0.00039668]
 [-0.0010896  -0.00075488  0.00073275]
 [-0.00181925  0.00041321 -0.00046472]
 [ 0.00019026 -0.00034296  0.00030914]
 [ 0.00045162 -0.00040845  0.00046073]
 [ 0.00024794 -0.00015316  0.00010659]
 [ 0.00005601 -0.00048705  0.00027612]
 [ 0.0007071  -0.00034385  0.00036537]
 [-0.00137899  0.00016999 -0.00029024]
 [ 0.00093166  0.00030162 -0.002502  ]
 [ 0.00034641  0.00002445  0.0000139 ]
 [-0.00029537  0.00006058 -0.00003058]
 [-0.00022864  0.00011972 -0.00008017]
 [ 0.00018347  0.00142481  0.00684932]
 [ 0.00002778 -0.0013528  -0.00241324]
 [-0.00132557  0.00132832  0.0002493 ]
 [-0.00023421 -0.00037755  0.00062294]
 [ 0.00047037  0.00098774  0.0001135 ]
 [ 0.00071816 -0.00083871  0.00010949]
 [ 0.00018743 -0.0000174  -0.00046152]
 [ 0.00102191 -0.00054707  0.00132772]
 [-0.00439745  0.00040942 -0.00051913]
 [ 0.00231165  0.00067741 -0.00180639]
 [-0.00027329  0.00071019  0.00000062]
 [-0.00047241 -0.00148842  0.00172121]
 [-0.00057527  0.00030033  0.00014801]
 [ 0.00093509  0.0000742  -0.00176341]
 [ 0.00089064  0.0008836  -0.00004712]
 [ 0.00072839 -0.00100095  0.00040943]
 [-0.00055859  0.00040873 -0.00031155]
 [ 0.00079114 -0.00025928  0.00038213]
 [ 0.00010946  0.00012881  0.00011148]
 [-0.00012072  0.00015179  0.00005578]
 [-0.00001714 -0.00023549 -0.00015077]
 [-0.0001826  -0.00096673 -0.00003426]
 [ 0.0007385  -0.00057252  0.00046677]
 [-0.00079464  0.00027579 -0.00285232]
 [-0.00062813  0.0004412  -0.00022069]
 [ 0.00037533  0.00023917  0.00010405]
 [ 0.00093658 -0.00020159  0.00045168]
 [-0.0004958  -0.00026466 -0.00091166]
 [-0.00014525  0.00052895 -0.0004078 ]
 [-0.00004406 -0.00005782  0.00005798]
 [ 0.00000615 -0.00008076 -0.00014717]
 [ 0.0005085  -0.00023907 -0.00048216]
 [-0.00128817 -0.00089822 -0.00032555]
 [-0.00027508 -0.00009837 -0.000251  ]
 [-0.00019782 -0.00061276  0.00023187]
 [-0.00050207  0.00024284  0.00059559]
 [ 0.00047011  0.00029871  0.00054549]
 [ 0.00057695  0.00003988  0.00024884]
 [ 0.00075239  0.0004055  -0.00049148]
 [-0.00003118 -0.00021484  0.00002572]
 [ 0.00021084  0.00004355  0.00008896]
 [ 0.00012316 -0.00009728  0.00010268]
 [-0.0001001   0.00021511 -0.00021059]
 [ 0.000047   -0.00060072 -0.00021195]
 [-0.00015975  0.00117057 -0.00015009]
 [-0.00043505 -0.0005984   0.00103924]
 [ 0.0002969   0.00045836 -0.00021189]
 [ 0.00002486  0.000013   -0.00013099]
 [-0.00001248 -0.00016204  0.00011534]
 [ 0.0000333  -0.00001109 -0.00003383]
 [-0.00021697 -0.00021941  0.00030073]
 [-0.00003712  0.00029224  0.00003044]
 [-0.00005234  0.00013932 -0.00012056]]
2023-01-18:14:47:47,171 INFO     [psi4.driver.task_planner:266] PLANNING Atomic:  keywords={'CART_HESS_READ': 0, 'GEOM_MAXITER': 500, 'SCF__GUESS': 'READ', 'OPTKING__INTRAFRAG_STEP_LIMIT': 0.25, 'SCF__INTS_TOLERANCE': 1e-12, 'MAXITER': 500, 'function_kwargs': {}}
2023-01-18:14:47:47,174 INFO     [psi4.driver.driver:617] Compute gradient(): method=scf, basis=cc-pvdz, molecule=default, nre=4203.08027865697
2023-01-18:14:49:38,846 INFO     [psi4.driver.driver:620] Return gradient(): -1823.9912517983116
2023-01-18:14:49:38,848 INFO     [psi4.driver.driver:621] [[ 0.00216097 -0.00072312  0.000678  ]
 [ 0.00033666  0.00259479 -0.00155842]
 [-0.00188369 -0.00015069 -0.00002855]
 [-0.00146667 -0.00106586  0.00026366]
 [ 0.0001878   0.00017265  0.00011192]
 [ 0.00017269  0.00013039 -0.00009835]
 [-0.00005026 -0.00058853  0.00032083]
 [ 0.00110927  0.00029185  0.00000325]
 [ 0.00051534  0.00013265 -0.00044163]
 [ 0.00020762 -0.00081175  0.00035083]
 [-0.00036576  0.0006665   0.00017303]
 [-0.00043283 -0.00006412  0.00165657]
 [-0.00015632  0.00013274 -0.00001555]
 [ 0.00018873 -0.00011816  0.00005478]
 [-0.00002641 -0.00037098  0.00015371]
 [ 0.00019305 -0.00013612 -0.00482381]
 [-0.00107384 -0.000113    0.00130519]
 [-0.00031727  0.00000036  0.00050295]
 [-0.0015933   0.00095884  0.00077165]
 [ 0.0005156   0.00054809  0.00003666]
 [ 0.0003736   0.0002623  -0.00003544]
 [ 0.00189143  0.00026571 -0.00018847]
 [-0.00055359 -0.00289596  0.00251662]
 [-0.0000001  -0.00076347  0.00084979]
 [ 0.00318118  0.00112282 -0.00342478]
 [-0.00190306  0.00062139 -0.00083   ]
 [ 0.00015891  0.00011774  0.00094042]
 [-0.0013095   0.00146531 -0.00124769]
 [ 0.00036882 -0.0000546  -0.00119505]
 [-0.00195531  0.00010286 -0.0003164 ]
 [ 0.0013334  -0.00049359  0.00087032]
 [-0.00048406  0.00055235 -0.00016757]
 [ 0.00109166 -0.00000586  0.00026061]
 [ 0.00023885 -0.00001848  0.0001365 ]
 [-0.00028602  0.00027173  0.00011969]
 [-0.00014226  0.00010579 -0.00007332]
 [-0.00075743 -0.00367866 -0.00013967]
 [ 0.0027453   0.00174951  0.00106381]
 [-0.00062363  0.00032932  0.00166715]
 [-0.00062563 -0.00005012 -0.00002965]
 [-0.00001397 -0.0000933  -0.00008336]
 [ 0.00049298 -0.00047872  0.00038355]
 [-0.00062132 -0.00015858 -0.00066595]
 [-0.00038774  0.0002317  -0.00049047]
 [-0.00013379 -0.00015869  0.00000481]
 [ 0.00000506  0.00005648 -0.00005902]
 [-0.00004227 -0.00010751  0.00013439]
 [-0.00074351 -0.00064003 -0.00018646]
 [ 0.00010428  0.00007372 -0.00023814]
 [ 0.00004496 -0.00024894  0.00021723]
 [-0.00033729  0.00076584  0.00041593]
 [-0.00010314 -0.00028405  0.00048761]
 [ 0.00014172  0.0002127  -0.00042676]
 [ 0.00065927 -0.00011651 -0.00078122]
 [ 0.00008465 -0.00017899  0.00004396]
 [ 0.00023338  0.00006958  0.00029003]
 [ 0.00009999 -0.00001606 -0.00004623]
 [ 0.00050454 -0.00005373 -0.00099434]
 [-0.00078287 -0.00020578  0.00068149]
 [ 0.0003639   0.00044791 -0.00056759]
 [-0.00055313 -0.00045525  0.00119206]
 [-0.00000345  0.0005518  -0.00004071]
 [-0.00001208  0.00027014 -0.00000632]
 [ 0.00011317 -0.00001695  0.00000425]
 [ 0.00027133 -0.00005919  0.00014234]
 [-0.00018913 -0.00005679  0.00024616]
 [-0.00011705  0.00010488  0.00018861]
 [-0.00004239  0.00005166 -0.00003943]]
2023-01-18:14:49:40,403 INFO     [psi4.driver.task_planner:266] PLANNING Atomic:  keywords={'CART_HESS_READ': 0, 'GEOM_MAXITER': 500, 'SCF__GUESS': 'READ', 'OPTKING__INTRAFRAG_STEP_LIMIT': 0.25, 'SCF__INTS_TOLERANCE': 1e-12, 'MAXITER': 500, 'function_kwargs': {}}
2023-01-18:14:49:40,406 INFO     [psi4.driver.driver:617] Compute gradient(): method=scf, basis=cc-pvdz, molecule=default, nre=4201.914585575216
2023-01-18:14:51:29,517 INFO     [psi4.driver.driver:620] Return gradient(): -1823.991572773416
2023-01-18:14:51:29,519 INFO     [psi4.driver.driver:621] [[-0.00126407  0.00004745 -0.00009002]
 [ 0.00083005  0.00066181 -0.00027135]
 [-0.0012728  -0.00025372  0.00008036]
 [ 0.00068802  0.00030865 -0.00037205]
 [ 0.00138933 -0.00068415  0.00058195]
 [-0.00013108  0.00037644 -0.00028945]
 [-0.00056034  0.00008479 -0.00013239]
 [ 0.0001494   0.0002084  -0.00009133]
 [ 0.00027459  0.00016484 -0.00016973]
 [-0.00029524  0.00013267  0.00003109]
 [ 0.00072531 -0.000117    0.000231  ]
 [-0.00073754 -0.00030047  0.00005564]
 [-0.00035571  0.00012903 -0.00012156]
 [ 0.00028639 -0.00018371  0.00008485]
 [ 0.00001038 -0.00027687  0.00013772]
 [-0.00008369 -0.00060656  0.00111221]
 [-0.00013439  0.00057764 -0.00013593]
 [ 0.00097638 -0.00086273 -0.00051872]
 [-0.00031751  0.00160929 -0.00100651]
 [ 0.00037451 -0.00042492 -0.00024318]
 [-0.00064695  0.00064501  0.00042179]
 [-0.00025194 -0.00024894  0.00064068]
 [ 0.00148993 -0.00039679 -0.00228381]
 [ 0.00211279 -0.00097648  0.00067471]
 [-0.00134488 -0.00088781  0.00335713]
 [-0.00188407  0.00055003 -0.00065699]
 [ 0.00149248  0.00070464  0.00016347]
 [-0.00159608  0.0022382  -0.00147621]
 [ 0.00016444 -0.00097652  0.00007963]
 [-0.00237969 -0.00018915 -0.00033524]
 [ 0.00047523 -0.00022772  0.00083685]
 [ 0.0001378   0.00100406 -0.00040884]
 [ 0.00035119  0.00056584 -0.00064697]
 [-0.00003223 -0.00011344 -0.00009181]
 [-0.00009887  0.00005707 -0.00012987]
 [ 0.00002555  0.00012553  0.00017492]
 [ 0.00138815 -0.00125687 -0.00162257]
 [ 0.0008926   0.0010851   0.00222715]
 [ 0.00015311 -0.00041793 -0.00041044]
 [-0.00074288 -0.00086093  0.00021047]
 [-0.00007202 -0.00095772  0.00039212]
 [ 0.00027371  0.00059992 -0.00003665]
 [ 0.00026506 -0.00005024  0.00047244]
 [ 0.00023845 -0.00069228  0.000499  ]
 [ 0.0000003  -0.00007613  0.00009786]
 [ 0.00008271  0.00018135  0.00010028]
 [-0.00063486  0.00089439  0.00010248]
 [-0.00021357 -0.00009853 -0.00035996]
 [-0.00064069  0.00028128 -0.00026032]
 [ 0.00002444  0.00052199  0.00014489]
 [-0.00005887  0.00087356  0.00007163]
 [ 0.00019189 -0.00091541  0.0002783 ]
 [-0.00004247  0.0002202  -0.0004506 ]
 [-0.00011426 -0.00127473 -0.00020863]
 [ 0.00020451  0.0001121  -0.00001257]
 [ 0.00011772 -0.0000642   0.00003479]
 [-0.0001437  -0.00000826  0.00002554]
 [ 0.00083504 -0.0001497  -0.00102113]
 [-0.00065752  0.00024259  0.00068984]
 [ 0.00035759 -0.00049128 -0.00034452]
 [-0.00011957 -0.00015339  0.00029275]
 [-0.00028948  0.00008833  0.00007466]
 [ 0.00003434  0.0000878  -0.0000494 ]
 [ 0.00006115  0.0000214  -0.00008425]
 [ 0.00004161 -0.00011071  0.00005854]
 [-0.00005567  0.00010169 -0.00007875]
 [-0.00001703 -0.00017068  0.0000905 ]
 [ 0.00007354 -0.00002712 -0.00011551]]
2023-01-18:14:51:30,623 INFO     [psi4.driver.task_planner:266] PLANNING Atomic:  keywords={'CART_HESS_READ': 0, 'GEOM_MAXITER': 500, 'SCF__GUESS': 'READ', 'OPTKING__INTRAFRAG_STEP_LIMIT': 0.25, 'SCF__INTS_TOLERANCE': 1e-12, 'MAXITER': 500, 'function_kwargs': {}}
2023-01-18:14:51:30,626 INFO     [psi4.driver.driver:617] Compute gradient(): method=scf, basis=cc-pvdz, molecule=default, nre=4199.2495107392
2023-01-18:14:53:15,224 INFO     [psi4.driver.driver:620] Return gradient(): -1823.991770569557
2023-01-18:14:53:15,226 INFO     [psi4.driver.driver:621] [[-0.00203005  0.00030148 -0.00039437]
 [ 0.00030296 -0.00132737  0.00086079]
 [ 0.00022192 -0.00013998  0.00003483]
 [ 0.00141395  0.00099387 -0.00030368]
 [ 0.00067789 -0.00058594  0.00018125]
 [-0.00022641  0.0002231  -0.00017844]
 [-0.00019799  0.00042481 -0.00026569]
 [-0.0008427  -0.00029247  0.00002409]
 [ 0.00026378  0.00027365  0.00019371]
 [-0.00085871  0.00072998 -0.00016405]
 [ 0.00091394 -0.00044434 -0.00030013]
 [-0.00004126 -0.00032959  0.00038387]
 [-0.00009326  0.00000542 -0.00014096]
 [ 0.00002487 -0.00009     0.00002702]
 [-0.00006286  0.00009587  0.00013774]
 [-0.00081834 -0.00158419 -0.00014074]
 [ 0.00038321  0.00064581 -0.00004552]
 [ 0.00108287 -0.00097774 -0.00015326]
 [ 0.00079514  0.00048291 -0.00025542]
 [-0.00035791 -0.00078744  0.00007784]
 [-0.00053529  0.00058073 -0.00028656]
 [-0.00091497 -0.0004514  -0.00082291]
 [-0.0002336   0.00049393  0.00085825]
 [ 0.00039272  0.00041252 -0.00086875]
 [-0.00139871 -0.00056467  0.00219412]
 [-0.00028627 -0.00021412  0.00025079]
 [ 0.0009572   0.00007145  0.00034796]
 [-0.00022294  0.00102081 -0.00011714]
 [-0.00011475 -0.00009492  0.00020398]
 [-0.00128535  0.00020636 -0.00030014]
 [-0.00074857  0.00017105  0.00084542]
 [ 0.00005505  0.00043542 -0.00035485]
 [-0.0002599   0.00015871 -0.00037758]
 [-0.00033117 -0.00026499 -0.00025597]
 [ 0.00013652 -0.00029902 -0.00025913]
 [ 0.00024952  0.00016857  0.00027738]
 [ 0.00155216  0.00221099  0.00025748]
 [-0.00085083 -0.00086553 -0.00080836]
 [ 0.00133578  0.00075559  0.0000986 ]
 [-0.00040917 -0.00040899 -0.00013199]
 [-0.00034451 -0.00025017 -0.00063405]
 [-0.00004829  0.00048929 -0.00078117]
 [ 0.00042267  0.00013561  0.00036266]
 [ 0.00022359 -0.00014765  0.00017363]
 [ 0.00034245  0.00005596  0.00010309]
 [ 0.00002517  0.00003028  0.00017838]
 [ 0.00012822  0.00100885  0.00060767]
 [ 0.00040051 -0.00022824 -0.0003088 ]
 [ 0.00028124 -0.00009402  0.0000727 ]
 [ 0.00011764  0.00038019  0.00046   ]
 [ 0.00000675 -0.00012058 -0.00003992]
 [ 0.00075524 -0.00086598  0.00051695]
 [-0.00017436  0.0000018   0.00006206]
 [-0.00015514 -0.00072474  0.00070292]
 [ 0.00033916  0.00039228  0.00007564]
 [ 0.00011205 -0.00029234 -0.00033656]
 [-0.00023687 -0.0000792   0.00015156]
 [ 0.0004273  -0.00021497 -0.00035555]
 [ 0.00041148  0.00056366  0.00008211]
 [-0.00005582 -0.00042289  0.00006961]
 [ 0.00002206 -0.00004793 -0.00025963]
 [-0.0000584  -0.00042532 -0.00002599]
 [-0.00092945  0.00083807 -0.00025552]
 [ 0.00011909 -0.00024477  0.00018002]
 [ 0.00001393 -0.00070606 -0.00083557]
 [ 0.00004208  0.00003696 -0.00016707]
 [ 0.00004112 -0.00014743 -0.00007373]
 [ 0.00013261 -0.00006098 -0.00005494]]
2023-01-18:14:53:16,709 INFO     [psi4.driver.task_planner:266] PLANNING Atomic:  keywords={'CART_HESS_READ': 0, 'GEOM_MAXITER': 500, 'SCF__GUESS': 'READ', 'OPTKING__INTRAFRAG_STEP_LIMIT': 0.25, 'SCF__INTS_TOLERANCE': 1e-12, 'MAXITER': 500, 'function_kwargs': {}}
2023-01-18:14:53:16,712 INFO     [psi4.driver.driver:617] Compute gradient(): method=scf, basis=cc-pvdz, molecule=default, nre=4201.345395771172
2023-01-18:14:55:04,416 INFO     [psi4.driver.driver:620] Return gradient(): -1823.992026282512
2023-01-18:14:55:04,418 INFO     [psi4.driver.driver:621] [[-0.00029911  0.00010959 -0.00008627]
 [-0.00034159 -0.00169166  0.00044878]
 [ 0.00185251  0.00045112 -0.00002765]
 [ 0.000036    0.00036496  0.00052185]
 [-0.00098772 -0.0000005  -0.00037485]
 [ 0.00013507 -0.00027487  0.00021446]
 [ 0.0004671   0.00051939 -0.00008502]
 [-0.00102941 -0.00071449  0.00018166]
 [ 0.00001619  0.00002075  0.00036734]
 [-0.00030444  0.00039169 -0.00028811]
 [-0.00033541 -0.00015965 -0.00037391]
 [ 0.00082677  0.00017546 -0.00035841]
 [ 0.00036684 -0.00009707  0.00000598]
 [-0.00030261  0.00006465 -0.00001805]
 [-0.00012886  0.00037951 -0.00012062]
 [-0.00044626 -0.00035677  0.00034256]
 [ 0.00038846  0.00006049 -0.00024738]
 [-0.00034303  0.0000963   0.00033518]
 [ 0.00056865 -0.00067911  0.00084539]
 [-0.00043611 -0.00014065  0.00020275]
 [ 0.0004584  -0.00025342 -0.0003551 ]
 [-0.00094887 -0.00058739 -0.0011709 ]
 [-0.00077024  0.00126374  0.0016045 ]
 [-0.00109067  0.00059139 -0.00047995]
 [ 0.00050087  0.00033856 -0.00166891]
 [ 0.00082558 -0.00009481  0.00046697]
 [-0.00189838 -0.00013596 -0.00016779]
 [ 0.00109864 -0.00119753  0.00168533]
 [-0.00104065  0.00092351 -0.00072009]
 [ 0.00287678  0.00062752  0.00012698]
 [-0.00080242  0.00045939 -0.00066133]
 [-0.00015112 -0.00065182  0.00021509]
 [-0.00066203 -0.00038785  0.00034928]
 [-0.00012112 -0.00003425 -0.00004102]
 [ 0.00020768 -0.00017268  0.00001648]
 [ 0.00007003 -0.00010593 -0.00005233]
 [ 0.00056837  0.0010596   0.00124421]
 [-0.00017169 -0.00113818 -0.0009794 ]
 [ 0.00063257  0.00096902 -0.00022828]
 [ 0.00058232  0.00048916 -0.00030283]
 [ 0.00039274  0.00047113  0.00000352]
 [-0.00121034 -0.0003508  -0.00065756]
 [ 0.00048025  0.00014194 -0.00055948]
 [ 0.00038662  0.00041565 -0.00001328]
 [ 0.0001901   0.00004975 -0.00007939]
 [-0.0001427  -0.00019668  0.00002733]
 [ 0.00048451 -0.00017466  0.0003305 ]
 [-0.00000131 -0.00018155  0.00000123]
 [-0.00078511 -0.00025431 -0.00005416]
 [-0.00026179 -0.00044704  0.00036173]
 [-0.00033433  0.00026692  0.00050299]
 [ 0.00063651 -0.00024604  0.00036549]
 [ 0.00017756  0.00003482  0.00065693]
 [-0.00011694 -0.00000932  0.00053437]
 [ 0.00019181  0.00007082  0.00004648]
 [-0.00000316 -0.00025248 -0.00029632]
 [ 0.0000375  -0.00007772  0.0001397 ]
 [-0.00046885  0.00003302  0.00047754]
 [ 0.00084527  0.0001848  -0.00087792]
 [-0.00037695  0.0004925   0.00039931]
 [ 0.00020737  0.00003185 -0.00045114]
 [-0.00002856 -0.00025932 -0.00013678]
 [-0.00042652  0.00027239 -0.00059468]
 [-0.00011992 -0.00001671  0.00043059]
 [ 0.00018694 -0.00049747 -0.00058652]
 [-0.00000611 -0.0000832  -0.00003423]
 [ 0.00011172  0.00006649 -0.00023428]
 [ 0.00008661  0.00003405 -0.00006859]]
2023-01-18:14:55:05,678 INFO     [psi4.driver.task_planner:266] PLANNING Atomic:  keywords={'CART_HESS_READ': 0, 'GEOM_MAXITER': 500, 'SCF__GUESS': 'READ', 'OPTKING__INTRAFRAG_STEP_LIMIT': 0.25, 'SCF__INTS_TOLERANCE': 1e-12, 'MAXITER': 500, 'function_kwargs': {}}
2023-01-18:14:55:05,682 INFO     [psi4.driver.driver:617] Compute gradient(): method=scf, basis=cc-pvdz, molecule=default, nre=4203.50253014632
2023-01-18:14:56:55,302 INFO     [psi4.driver.driver:620] Return gradient(): -1823.9923121398524
2023-01-18:14:56:55,304 INFO     [psi4.driver.driver:621] [[ 0.00108598 -0.00031162  0.00030938]
 [-0.00033059  0.00065619  0.00045269]
 [ 0.00085265  0.00010216 -0.00036613]
 [-0.00092852 -0.00087472 -0.00030386]
 [-0.00087646  0.00049354 -0.0000668 ]
 [ 0.00022812 -0.00022909  0.00018146]
 [ 0.00039188 -0.00023094 -0.00015731]
 [ 0.00009656  0.0000386   0.00032012]
 [-0.00040562 -0.00003253 -0.00014649]
 [ 0.00019834 -0.00013416  0.00002714]
 [-0.00049653  0.00016657 -0.00005909]
 [ 0.00054962  0.00008299 -0.00009653]
 [ 0.00022183 -0.00003699  0.00009334]
 [-0.00011538  0.00004355 -0.00002317]
 [-0.00005382  0.00012031 -0.00013004]
 [ 0.00018373  0.00069693 -0.00000148]
 [-0.00026261 -0.0002815   0.00002765]
 [-0.00045605  0.00057059  0.00008333]
 [ 0.00016582 -0.00042902  0.00039755]
 [-0.00007503  0.00042489  0.00003482]
 [ 0.00057796 -0.00048264  0.00010428]
 [ 0.00012368 -0.00042096  0.00013038]
 [-0.00043748  0.00044811 -0.00049072]
 [-0.00060199  0.00036778  0.00002319]
 [ 0.00037724  0.00035507 -0.00094804]
 [ 0.00034612  0.00009881 -0.00019449]
 [-0.00089849  0.00013138 -0.00016105]
 [ 0.00070173 -0.00067436  0.00045114]
 [-0.00009157 -0.00006472 -0.00008411]
 [ 0.00133292 -0.00021194 -0.0003069 ]
 [ 0.00045953  0.00082243  0.00061153]
 [-0.00008687  0.00005721 -0.00002248]
 [ 0.0002745   0.00021374  0.00008957]
 [ 0.00012474  0.00006508  0.00007462]
 [ 0.00001385  0.00004848  0.00010029]
 [-0.0001484  -0.00006592 -0.00010843]
 [-0.00048802 -0.00022604  0.00012642]
 [ 0.00007006 -0.00044681 -0.00002   ]
 [-0.00047195  0.00013191 -0.00009634]
 [-0.00004231 -0.00001739  0.00010127]
 [ 0.00004166 -0.00007602  0.00024446]
 [-0.00173158 -0.0009566  -0.00081839]
 [ 0.00057421 -0.00015084 -0.00055417]
 [ 0.00027605  0.00028405 -0.00011043]
 [-0.0000017  -0.00003682 -0.00013586]
 [-0.00012528 -0.00013434 -0.00005685]
 [ 0.00065833 -0.00021963  0.00036321]
 [ 0.00024992  0.00024218 -0.00003025]
 [-0.00026521 -0.00016774 -0.00018543]
 [-0.00023838 -0.0004406   0.00043194]
 [-0.00042752  0.00023796  0.00019081]
 [ 0.00007705 -0.00037328  0.0001849 ]
 [ 0.00019168 -0.00014987  0.00050465]
 [ 0.0002709   0.0001531   0.00032879]
 [ 0.00010138  0.00005445  0.00017221]
 [ 0.00002486 -0.00010748 -0.00009376]
 [ 0.00013339 -0.000115    0.00003368]
 [-0.00056784 -0.00002688  0.00048588]
 [ 0.00032008 -0.00002521 -0.00080723]
 [-0.00039149  0.00084906  0.00046887]
 [ 0.00011717 -0.00026486 -0.0001392 ]
 [-0.00025699  0.00028071 -0.00011362]
 [-0.00025065  0.00025034 -0.0003142 ]
 [ 0.00000458 -0.00005186  0.00016596]
 [ 0.00008407 -0.00008555 -0.00021695]
 [ 0.00002342 -0.00019192  0.00010871]
 [ 0.00005368  0.00023349 -0.00015301]
 [-0.00005499  0.00002419  0.00008852]]
2023-01-18:14:56:56,902 INFO     [psi4.driver.task_planner:266] PLANNING Atomic:  keywords={'CART_HESS_READ': 0, 'GEOM_MAXITER': 500, 'SCF__GUESS': 'READ', 'OPTKING__INTRAFRAG_STEP_LIMIT': 0.25, 'SCF__INTS_TOLERANCE': 1e-12, 'MAXITER': 500, 'function_kwargs': {}}
2023-01-18:14:56:56,905 INFO     [psi4.driver.driver:617] Compute gradient(): method=scf, basis=cc-pvdz, molecule=default, nre=4205.144059144146
2023-01-18:14:58:49,480 INFO     [psi4.driver.driver:620] Return gradient(): -1823.992591217725
2023-01-18:14:58:49,482 INFO     [psi4.driver.driver:621] [[ 0.00119062 -0.00038319  0.00040775]
 [ 0.00014423  0.00122029 -0.00117246]
 [-0.00078988 -0.00004986  0.00009929]
 [-0.00097012 -0.00023658  0.0002564 ]
 [ 0.00021181  0.00011834 -0.00007414]
 [ 0.00006029  0.00004061 -0.00003065]
 [-0.00013974 -0.00027599  0.00028918]
 [ 0.00105137  0.00038541 -0.00028523]
 [-0.00062216  0.00021719 -0.00039148]
 [ 0.00048525 -0.00060339  0.00028398]
 [-0.00011006  0.00025085  0.00017194]
 [-0.00018744 -0.00031493  0.00035828]
 [-0.00011333  0.00002088  0.00005625]
 [ 0.00017134 -0.00002151  0.00002193]
 [ 0.000031   -0.00020237  0.00005031]
 [ 0.00057497  0.00112609 -0.00027782]
 [-0.0004344  -0.00050313  0.00011359]
 [-0.00019006  0.00048     0.00001086]
 [-0.00032832 -0.00012914 -0.00008558]
 [ 0.00018643  0.00060892 -0.00007528]
 [ 0.0001511  -0.00026266  0.00014723]
 [ 0.0010222   0.00045762  0.00052081]
 [-0.00070182 -0.00137524 -0.00005383]
 [ 0.00039591 -0.00004271  0.0000268 ]
 [ 0.00036455  0.00068407 -0.00012902]
 [ 0.00020755 -0.00005253 -0.00035053]
 [ 0.00096639  0.00024497 -0.00009001]
 [-0.00019325  0.00055709 -0.00070838]
 [ 0.00061999 -0.00093008  0.00066866]
 [-0.00084563 -0.00076565 -0.00037745]
 [ 0.00088889  0.00060218  0.00094688]
 [ 0.00019668  0.00059263 -0.00027512]
 [ 0.00045002  0.00072788 -0.00013567]
 [ 0.0001468   0.00011004  0.00008879]
 [-0.00012114  0.00009775  0.00006207]
 [-0.00013135  0.00002679 -0.00006346]
 [-0.00110092 -0.00107433 -0.00055402]
 [ 0.0003292   0.0007601   0.00002679]
 [-0.00090466 -0.00090172  0.00011753]
 [-0.00048686 -0.00049897  0.00046404]
 [-0.00036092 -0.00040046  0.00048146]
 [-0.00136575 -0.00057876 -0.00057999]
 [ 0.00059962 -0.00031799  0.00011133]
 [ 0.00001282 -0.00014637 -0.00001587]
 [-0.00018092 -0.0000536  -0.00010679]
 [ 0.00001105  0.00011935 -0.00002551]
 [ 0.00027217  0.00015499  0.00013803]
 [ 0.00042722  0.00075213  0.0000241 ]
 [-0.00002248  0.00004331 -0.00042865]
 [-0.00038875  0.00007118  0.00033038]
 [-0.00007947  0.0003459  -0.00006244]
 [-0.000228   -0.00045958 -0.00009415]
 [ 0.00011731 -0.0000842  -0.00017232]
 [ 0.00023893 -0.00045904 -0.00002232]
 [-0.0000518   0.00000733  0.00003313]
 [-0.00003802  0.00007743  0.00015401]
 [ 0.00007548  0.00003744 -0.00011156]
 [-0.00004825 -0.00002095 -0.00026201]
 [-0.00033973 -0.00014786 -0.0002447 ]
 [-0.0001163   0.00044275  0.00021161]
 [-0.00008243 -0.00055299  0.00017341]
 [-0.00011442  0.00019984 -0.00005966]
 [ 0.00028014 -0.00011589  0.0000763 ]
 [ 0.00004277  0.00007411 -0.00020766]
 [-0.00009174  0.00030962  0.0003562 ]
 [ 0.00007981 -0.00008913  0.00006309]
 [-0.00003594  0.00010363  0.00003889]
 [-0.00008784 -0.0000179   0.00014247]]
2023-01-18:14:58:50,540 INFO     [psi4.driver.task_planner:266] PLANNING Atomic:  keywords={'CART_HESS_READ': 0, 'GEOM_MAXITER': 500, 'SCF__GUESS': 'READ', 'OPTKING__INTRAFRAG_STEP_LIMIT': 0.75, 'SCF__INTS_TOLERANCE': 1e-12, 'MAXITER': 500, 'function_kwargs': {}}
2023-01-18:14:58:50,543 INFO     [psi4.driver.driver:617] Compute gradient(): method=scf, basis=cc-pvdz, molecule=default, nre=4212.5637505868
2023-01-18:15:00:47,48 INFO     [psi4.driver.driver:620] Return gradient(): -1823.9930991017711
2023-01-18:15:00:47,50 INFO     [psi4.driver.driver:621] [[ 0.00244921 -0.00072759  0.00079423]
 [ 0.00036244  0.00332198 -0.00276541]
 [-0.00344912 -0.00067871  0.00051912]
 [-0.00141923 -0.00040398 -0.00004031]
 [ 0.00179575 -0.00011072  0.00033829]
 [-0.00003143  0.00033422 -0.00032648]
 [-0.00057021 -0.0006698   0.00049221]
 [ 0.00212802  0.00074431 -0.00048514]
 [ 0.00007713  0.00049197 -0.00090206]
 [ 0.00039495 -0.00117775  0.00106239]
 [ 0.00037514  0.00040559  0.0001986 ]
 [-0.00173072 -0.00075904  0.00069989]
 [-0.00051723  0.00016881 -0.00005644]
 [ 0.00052176 -0.00014449  0.00010098]
 [-0.00009877 -0.000608    0.00039259]
 [ 0.00128575  0.00211502 -0.00036178]
 [-0.00036255 -0.00144286  0.00010956]
 [-0.00019886  0.00134699  0.00011882]
 [-0.00113084 -0.00066802 -0.00048571]
 [ 0.00087718  0.00086587  0.00003629]
 [-0.0006137  -0.00081636 -0.00013551]
 [ 0.00201405  0.00218824  0.0015156 ]
 [ 0.00045012 -0.00426511 -0.00089124]
 [ 0.00066528 -0.00012696  0.00019359]
 [ 0.00167042  0.00194887  0.00002682]
 [ 0.00172468 -0.00175524  0.00146791]
 [ 0.00187298  0.00199774 -0.00233133]
 [-0.00067243  0.0010713  -0.0011402 ]
 [-0.00043755 -0.00021192  0.00027628]
 [-0.00017253 -0.00386484  0.00151026]
 [-0.00113609  0.00083925  0.0001716 ]
 [ 0.00101688  0.00097622 -0.00068113]
 [-0.00058171  0.00163656 -0.00104963]
 [ 0.00015888  0.00016098  0.00010099]
 [-0.0001565  -0.00001821 -0.00001172]
 [-0.00008967  0.000085   -0.00002759]
 [-0.00182382 -0.00235384 -0.00067082]
 [ 0.00046909  0.00226233  0.00057526]
 [-0.00138067 -0.00168341  0.00034547]
 [-0.00003411 -0.00124952  0.00142351]
 [-0.00139322 -0.00043223  0.00044689]
 [-0.00182071 -0.00195592  0.00023322]
 [ 0.00069116 -0.00051745  0.000247  ]
 [-0.00038113 -0.00036589  0.00045342]
 [-0.00041689 -0.00004824 -0.00019224]
 [ 0.0000563   0.00043742 -0.00016894]
 [-0.00000286  0.00032213 -0.00082241]
 [-0.00025777  0.00182599  0.00060803]
 [ 0.00046181  0.00038342 -0.00049998]
 [-0.00064441  0.00035225  0.00002153]
 [ 0.00004771  0.00045689  0.00026151]
 [-0.00081527  0.00048742 -0.00048029]
 [ 0.00021163  0.00040095 -0.00069615]
 [ 0.00059145 -0.00052992 -0.00083936]
 [-0.00044277 -0.00016705  0.00000108]
 [ 0.00000024  0.00045423  0.00060323]
 [ 0.00005219  0.00003076 -0.00024062]
 [ 0.00071107  0.00020336 -0.00119584]
 [-0.00129664 -0.00069579  0.00037413]
 [ 0.00044333  0.00058927 -0.00052744]
 [-0.00070804 -0.00095893  0.00098234]
 [ 0.00091428 -0.00024721 -0.00036198]
 [ 0.00062692 -0.00019763  0.00078568]
 [ 0.00037469 -0.00018184 -0.0005789 ]
 [-0.00041697  0.0009621   0.00093128]
 [-0.00001236  0.00004819  0.0001978 ]
 [-0.00018953  0.00001014  0.00028304]
 [-0.00008618  0.00010869  0.0000662 ]]
2023-01-18:15:00:47,827 INFO     [psi4.driver.task_planner:266] PLANNING Atomic:  keywords={'CART_HESS_READ': 0, 'GEOM_MAXITER': 500, 'SCF__GUESS': 'READ', 'OPTKING__INTRAFRAG_STEP_LIMIT': 0.75, 'SCF__INTS_TOLERANCE': 1e-12, 'MAXITER': 500, 'function_kwargs': {}}
2023-01-18:15:00:47,831 INFO     [psi4.driver.driver:617] Compute gradient(): method=scf, basis=cc-pvdz, molecule=default, nre=4216.482690078314
2023-01-18:15:02:43,714 INFO     [psi4.driver.driver:620] Return gradient(): -1823.99316519988
2023-01-18:15:02:43,716 INFO     [psi4.driver.driver:621] [[ 0.00256089 -0.0009364   0.00117622]
 [ 0.0002202   0.00351463 -0.00209904]
 [-0.00390222 -0.00123183  0.0007601 ]
 [-0.00114092 -0.00052337 -0.00134325]
 [ 0.00278889  0.0001001   0.00071845]
 [-0.00008759  0.00040823 -0.00048659]
 [-0.00037298 -0.00021771 -0.00045584]
 [ 0.00138801  0.00027906  0.00042077]
 [ 0.00120431  0.00068213 -0.00149724]
 [-0.00051445 -0.00120666  0.00141221]
 [ 0.00096832  0.00052383  0.00021786]
 [-0.00258394 -0.0009908   0.0010448 ]
 [-0.00060362  0.00031274 -0.00021249]
 [ 0.00056312 -0.00022518  0.00022454]
 [-0.00033403 -0.00076141  0.00048594]
 [ 0.00154687  0.00155031 -0.00080497]
 [-0.00126837 -0.00181753  0.00037998]
 [ 0.00043606  0.00145169 -0.00005124]
 [-0.0013789  -0.0001682  -0.00242982]
 [ 0.00168774  0.00109624  0.0003543 ]
 [-0.00118262 -0.0010919  -0.0002762 ]
 [ 0.00265748  0.00297741  0.00066445]
 [-0.00070157 -0.00488182  0.00161472]
 [-0.00017098  0.00110372 -0.00269825]
 [-0.0007932   0.00059029  0.00505537]
 [ 0.00300215 -0.0032882   0.00310912]
 [ 0.0032127   0.0021072  -0.00299803]
 [ 0.00035675 -0.00091888 -0.00085215]
 [-0.00028284  0.00091196 -0.00087207]
 [ 0.00109833 -0.00514017  0.00237165]
 [-0.00309066  0.00297927  0.00184332]
 [ 0.00118334  0.00093802 -0.0008435 ]
 [ 0.00011113  0.00170054 -0.00175802]
 [ 0.00025573 -0.00008555  0.00006295]
 [-0.00015505 -0.00024653  0.00001463]
 [-0.00017652  0.00032431 -0.00004958]
 [-0.00135022  0.00094275 -0.00213147]
 [-0.00054858  0.00018823 -0.00122072]
 [-0.00084695 -0.00041419  0.0003446 ]
 [ 0.00001453 -0.00123525  0.00185804]
 [-0.00237905 -0.00008065 -0.00049359]
 [-0.00249074 -0.00451887 -0.0010638 ]
 [ 0.00039231 -0.00071636  0.00003249]
 [-0.00061479 -0.00006923  0.00024976]
 [-0.00016361 -0.00003426 -0.00017133]
 [-0.00011074  0.00043565 -0.00009545]
 [ 0.00069249  0.00018354  0.00033182]
 [-0.0012298   0.00236827  0.00075805]
 [ 0.00225305  0.00018559 -0.00005783]
 [-0.00032626  0.00032655  0.00036068]
 [-0.00061222  0.00088852  0.00061488]
 [-0.00089     0.00074748 -0.00037753]
 [ 0.00019876  0.00051088 -0.00092102]
 [ 0.00085946  0.00039191 -0.00020374]
 [-0.00002038 -0.00011789 -0.00012489]
 [-0.00015023  0.00000059  0.00043507]
 [ 0.00007711  0.00014859 -0.00015079]
 [ 0.00074859  0.00015167 -0.00155937]
 [-0.00155541 -0.00039885  0.00017737]
 [ 0.00049894  0.00064996 -0.00059189]
 [-0.00053061 -0.00118293  0.00079757]
 [ 0.00112535 -0.00018627 -0.00030829]
 [ 0.00056667  0.00052629 -0.00003212]
 [ 0.00005089  0.00028788  0.0000188 ]
 [ 0.00004843  0.00001815  0.00088193]
 [ 0.00000842  0.00008228  0.00021079]
 [-0.00019643 -0.00000795  0.00021973]
 [-0.00002054  0.00010837  0.00000915]]
2023-01-18:15:02:44,592 INFO     [psi4.driver.task_planner:266] PLANNING Atomic:  keywords={'CART_HESS_READ': 0, 'GEOM_MAXITER': 500, 'SCF__GUESS': 'READ', 'OPTKING__INTRAFRAG_STEP_LIMIT': 0.75, 'SCF__INTS_TOLERANCE': 1e-12, 'MAXITER': 500, 'function_kwargs': {}}
2023-01-18:15:02:44,595 INFO     [psi4.driver.driver:617] Compute gradient(): method=scf, basis=cc-pvdz, molecule=default, nre=4215.885798610427
2023-01-18:15:04:38,927 INFO     [psi4.driver.driver:620] Return gradient(): -1823.9941962984562
2023-01-18:15:04:38,929 INFO     [psi4.driver.driver:621] [[ 0.00102123 -0.00035473  0.00078809]
 [ 0.00041647 -0.00016194 -0.00330082]
 [-0.00285081 -0.00025038  0.00152217]
 [-0.00071778  0.0013635   0.00062374]
 [ 0.00238892 -0.00035156 -0.00029235]
 [-0.00010556  0.00033384 -0.00040774]
 [-0.00041446  0.00059158  0.00050025]
 [ 0.00067227 -0.00046921 -0.00027154]
 [ 0.00155602  0.00076103 -0.00079845]
 [-0.00082581 -0.000981    0.00080172]
 [ 0.00116368  0.00059893 -0.00018811]
 [-0.00204294 -0.00073182  0.00085921]
 [-0.00049538  0.00015317 -0.00018416]
 [ 0.00039685 -0.00012621  0.00016086]
 [-0.00032833 -0.00043785  0.00041343]
 [ 0.00161605  0.00094634 -0.00023115]
 [-0.00217777 -0.00108022 -0.00014234]
 [ 0.00089962  0.00097315  0.00012252]
 [-0.00293816  0.00074836 -0.00191443]
 [ 0.00233691  0.0009766   0.00063784]
 [-0.00128961 -0.00064927 -0.0005135 ]
 [ 0.00341224  0.00275857  0.00004174]
 [-0.00129511 -0.00410118  0.00349403]
 [-0.00165689  0.00138699 -0.0022973 ]
 [ 0.00007078 -0.00107252  0.00238568]
 [ 0.00017787 -0.00287149  0.00219361]
 [ 0.00226755  0.00063443 -0.00039178]
 [ 0.00078547 -0.001274    0.00045184]
 [-0.00009967  0.00184715 -0.00190801]
 [ 0.00332738 -0.00365517 -0.00021868]
 [-0.00144537  0.00103724  0.00254224]
 [ 0.00002191  0.00006832  0.00004174]
 [ 0.00119872 -0.00000996 -0.00064601]
 [ 0.00057018 -0.0001139   0.00023062]
 [-0.00015779  0.00006809  0.00002106]
 [-0.0004634   0.00021807 -0.00016687]
 [-0.00159187  0.00053996 -0.00129121]
 [ 0.00039242 -0.00007635 -0.00139623]
 [-0.00072744 -0.00002118  0.00004395]
 [-0.00030534 -0.00003771  0.00021952]
 [-0.00070137 -0.00001892 -0.00113921]
 [-0.00017042 -0.00101359 -0.00014462]
 [ 0.00051672 -0.00031879  0.0003738 ]
 [-0.00034021 -0.00019529 -0.00032592]
 [ 0.00008029 -0.00005811  0.00017224]
 [-0.00012665  0.00016552  0.00018444]
 [-0.00091482  0.00063098 -0.00111057]
 [-0.00134645  0.00131477  0.00017834]
 [ 0.00140276  0.0002226   0.00030051]
 [ 0.0000472   0.00059732 -0.00010117]
 [ 0.00002953  0.00048924 -0.00007549]
 [-0.00267446  0.00110893  0.00022346]
 [ 0.00038723  0.00027509 -0.00059479]
 [-0.00009085  0.00010215 -0.00072074]
 [-0.00005579 -0.00000046 -0.00004753]
 [ 0.00013752  0.00000803  0.00009908]
 [-0.00026116  0.00019521  0.00002077]
 [ 0.00109878 -0.0000451  -0.00107672]
 [-0.00154012 -0.00041967  0.00049383]
 [ 0.00029265 -0.00043312 -0.00019181]
 [-0.0001199  -0.00075208  0.00043932]
 [-0.00003511  0.00061733  0.00031758]
 [ 0.00065129  0.00055732  0.00064651]
 [ 0.0000177  -0.00017626  0.00006566]
 [ 0.00114974  0.00020927  0.00040578]
 [-0.0000197   0.00001042  0.00004908]
 [-0.00019041 -0.00009168  0.0002199 ]
 [ 0.00001296 -0.0001588  -0.0001969 ]]
2023-01-18:15:04:39,722 INFO     [psi4.driver.task_planner:266] PLANNING Atomic:  keywords={'CART_HESS_READ': 0, 'GEOM_MAXITER': 500, 'SCF__GUESS': 'READ', 'OPTKING__INTRAFRAG_STEP_LIMIT': 1.0, 'SCF__INTS_TOLERANCE': 1e-12, 'MAXITER': 500, 'function_kwargs': {}}
2023-01-18:15:04:39,725 INFO     [psi4.driver.driver:617] Compute gradient(): method=scf, basis=cc-pvdz, molecule=default, nre=4213.756473947176
2023-01-18:15:06:34,670 INFO     [psi4.driver.driver:620] Return gradient(): -1823.995258735443
2023-01-18:15:06:34,671 INFO     [psi4.driver.driver:621] [[ 0.00017297 -0.00073708  0.00045931]
 [-0.00077084  0.00007811  0.00217251]
 [ 0.00146228 -0.00125401  0.00118441]
 [-0.00053733  0.00024204  0.00026714]
 [ 0.00076854  0.00089203 -0.00192885]
 [ 0.00000506 -0.00010479  0.0000689 ]
 [ 0.00104927  0.00033991 -0.00149035]
 [-0.0027738  -0.0010785   0.00193008]
 [ 0.00351127  0.00068625 -0.00113491]
 [-0.00241989 -0.0001903   0.00100499]
 [ 0.00077787  0.00069434 -0.00209828]
 [-0.00071017 -0.00115322  0.00080527]
 [ 0.00023012 -0.00008634 -0.00010244]
 [-0.00040725  0.00000322  0.00005132]
 [-0.00096222  0.00021541  0.00007404]
 [ 0.0001411  -0.00019624  0.00103439]
 [-0.00239658 -0.00105671 -0.00107207]
 [ 0.00242334  0.00125203  0.00053992]
 [-0.00240711 -0.00051437 -0.00106204]
 [ 0.00228363  0.0004042   0.00110488]
 [-0.00237867 -0.00154587 -0.00069414]
 [-0.00052772  0.00130909  0.00024468]
 [ 0.00302964  0.00021188 -0.00189903]
 [-0.00654897  0.00229502 -0.00174664]
 [ 0.00123239 -0.00267427  0.00250612]
 [-0.00258357  0.0001346   0.00115373]
 [-0.0020519  -0.00066819  0.00229344]
 [ 0.00169555  0.0004887   0.00249672]
 [-0.00201425  0.00199042 -0.0025141 ]
 [ 0.00635889 -0.00049032 -0.00368682]
 [-0.00109631 -0.00176677 -0.00011018]
 [-0.00086306 -0.00088938  0.00134218]
 [ 0.00031023 -0.0016885   0.00154898]
 [ 0.00021343 -0.00039471  0.00009947]
 [ 0.00027512 -0.00055503 -0.00006002]
 [-0.00026839  0.00001862 -0.00002067]
 [ 0.00222226  0.00357    -0.00027557]
 [-0.00093757 -0.00227874  0.00103969]
 [ 0.00208182  0.00187167 -0.00144903]
 [-0.00011481  0.00080722 -0.00209023]
 [ 0.00099439 -0.00041871 -0.00154331]
 [ 0.00460242  0.00461261  0.00200127]
 [-0.00051004  0.00070308 -0.00062084]
 [ 0.00013412  0.00051432 -0.00148854]
 [ 0.00066322  0.00012165  0.00043816]
 [-0.00018647 -0.00070433  0.00055189]
 [-0.00200057  0.00038124 -0.00057348]
 [-0.00112111 -0.00233513 -0.00063598]
 [-0.00013612 -0.00040701  0.00097897]
 [ 0.00093518  0.00009917 -0.00019128]
 [-0.00028582 -0.00071144 -0.00021196]
 [-0.00349773  0.00110102  0.00040471]
 [ 0.00065066 -0.00064866  0.00083173]
 [-0.00112187  0.00014737 -0.00015926]
 [ 0.00042372  0.00044586  0.00014467]
 [ 0.00020756 -0.00023025 -0.00111574]
 [-0.00066016  0.00005214  0.00042445]
 [ 0.00045274  0.00014773  0.00016562]
 [ 0.0020195  -0.00045945  0.00075719]
 [-0.0001001  -0.00161843  0.00010966]
 [ 0.00076271  0.00078514 -0.00065194]
 [-0.00188972  0.0011185   0.0011045 ]
 [ 0.00014067  0.00017846  0.0000983 ]
 [-0.00025767  0.00009193  0.00079395]
 [ 0.00189627 -0.0009178  -0.00075001]
 [-0.00012442 -0.00000399 -0.00010019]
 [ 0.00018359 -0.0001863  -0.00029821]
 [ 0.00035066 -0.00004012 -0.0004511 ]]
2023-01-18:15:06:35,387 INFO     [psi4.driver.task_planner:266] PLANNING Atomic:  keywords={'CART_HESS_READ': 0, 'GEOM_MAXITER': 500, 'SCF__GUESS': 'READ', 'OPTKING__INTRAFRAG_STEP_LIMIT': 1.0, 'SCF__INTS_TOLERANCE': 1e-12, 'MAXITER': 500, 'function_kwargs': {}}
2023-01-18:15:06:35,390 INFO     [psi4.driver.driver:617] Compute gradient(): method=scf, basis=cc-pvdz, molecule=default, nre=4220.756149837312
2023-01-18:15:08:33,630 INFO     [psi4.driver.driver:620] Return gradient(): -1823.9960360496448
2023-01-18:15:08:33,632 INFO     [psi4.driver.driver:621] [[ 0.00293935 -0.00056746  0.00203744]
 [-0.00109175  0.00008819 -0.00141642]
 [ 0.00047685 -0.00087714  0.00219645]
 [-0.00295246 -0.0012182   0.00055986]
 [ 0.00143909  0.00111509 -0.00236088]
 [ 0.00033371 -0.00001476  0.00014573]
 [ 0.00127182  0.00046489 -0.00101235]
 [-0.00116694 -0.0001959   0.00195123]
 [ 0.00328407  0.00112413 -0.00213982]
 [-0.00215154 -0.00037878  0.00261363]
 [ 0.00018181  0.00023676 -0.0028562 ]
 [-0.00148136 -0.00122631  0.00156398]
 [ 0.00011868 -0.00007949 -0.00016723]
 [-0.00021529 -0.00003262  0.00015874]
 [-0.0012371   0.00031479  0.00039037]
 [ 0.00148185  0.00144568 -0.0005359 ]
 [-0.00216713 -0.0027042  -0.00013133]
 [ 0.00236897  0.00317738  0.00026121]
 [-0.00250016 -0.00210841  0.00047216]
 [ 0.00280991  0.00140451  0.00151835]
 [-0.00213787 -0.00336908 -0.00067511]
 [ 0.00055883  0.00201273 -0.00176907]
 [ 0.00059672 -0.00182482  0.00453926]
 [-0.0080392   0.00304105 -0.00389265]
 [ 0.00415447 -0.00038388 -0.00032977]
 [-0.00005042  0.00027985  0.00053166]
 [ 0.00039454  0.00008108  0.00024592]
 [ 0.00111729  0.00210897  0.00090797]
 [-0.00148869  0.00093757  0.00029656]
 [ 0.00954447 -0.00239871 -0.00056711]
 [-0.00317882 -0.00578545 -0.00293341]
 [-0.00006501 -0.00060242  0.0007383 ]
 [-0.0010697  -0.00124951  0.00058188]
 [ 0.00014423 -0.00030667  0.00017613]
 [ 0.00040546 -0.000995    0.00026314]
 [-0.00029709  0.00003    -0.00009324]
 [ 0.00093405  0.00454214 -0.00034372]
 [-0.00150671 -0.00310255 -0.00099051]
 [ 0.00086507  0.0010448  -0.00105536]
 [ 0.00071177 -0.0001224  -0.00099644]
 [-0.00053155  0.0001839  -0.00109649]
 [ 0.00071216  0.00136168  0.00296691]
 [-0.00009267  0.00030735 -0.00080811]
 [ 0.00012321  0.00037971 -0.00101537]
 [ 0.00060986  0.00027414  0.00052516]
 [-0.0006331  -0.00083433  0.00012951]
 [-0.00191632  0.00073306 -0.00129352]
 [-0.00291815  0.00116352  0.00063873]
 [ 0.00121022 -0.00126505  0.00066971]
 [ 0.00051902  0.00004203  0.00005796]
 [ 0.00003764 -0.0004191  -0.00005268]
 [-0.00197973  0.00202975  0.00087804]
 [ 0.00061629 -0.00049752  0.00143089]
 [-0.00150547  0.00039579 -0.00116651]
 [ 0.00025344  0.00015747  0.00011802]
 [ 0.00004666 -0.0000415  -0.00079163]
 [-0.00025064 -0.00021194  0.0004295 ]
 [-0.00081143  0.00014695  0.00141341]
 [ 0.00233792 -0.00020681  0.00011755]
 [ 0.00006032 -0.00074743 -0.00023833]
 [ 0.00071677  0.00156496 -0.00044321]
 [-0.00093791  0.00046664  0.00088867]
 [-0.00039033  0.00165605 -0.00020992]
 [ 0.00019034 -0.00009721  0.00060333]
 [ 0.00082813 -0.00044158 -0.00095773]
 [-0.00029326 -0.00016501 -0.00010275]
 [ 0.00039414  0.00007766 -0.00030335]
 [ 0.00026863  0.00008096 -0.00027123]]
2023-01-18:15:08:34,575 INFO     [psi4.driver.task_planner:266] PLANNING Atomic:  keywords={'CART_HESS_READ': 0, 'GEOM_MAXITER': 500, 'SCF__GUESS': 'READ', 'OPTKING__INTRAFRAG_STEP_LIMIT': 1.0, 'SCF__INTS_TOLERANCE': 1e-12, 'MAXITER': 500, 'function_kwargs': {}}
2023-01-18:15:08:34,578 INFO     [psi4.driver.driver:617] Compute gradient(): method=scf, basis=cc-pvdz, molecule=default, nre=4217.451755690846
2023-01-18:15:10:25,89 INFO     [psi4.driver.driver:620] Return gradient(): -1823.9973190328217
2023-01-18:15:10:25,91 INFO     [psi4.driver.driver:621] [[ 0.00218014 -0.00023261  0.00156262]
 [-0.00091624 -0.0020278  -0.0023306 ]
 [ 0.00037941  0.00017297  0.0016515 ]
 [-0.00234785  0.00092572  0.00083443]
 [ 0.00041455  0.00022393 -0.00191004]
 [ 0.00030676 -0.00002909  0.00021873]
 [ 0.00079049  0.00090712  0.00005   ]
 [ 0.00034928 -0.00051356  0.00036515]
 [ 0.00040359  0.0013076  -0.00120217]
 [-0.00069792 -0.00044851  0.00176977]
 [-0.00033971 -0.00027437 -0.00163807]
 [-0.00024593 -0.00055126  0.00100896]
 [ 0.00013374 -0.00011188 -0.00005032]
 [-0.00007568  0.00006898  0.00004108]
 [-0.00040471  0.00032404  0.00024096]
 [ 0.00118833  0.00115636 -0.00115079]
 [-0.00077891 -0.00267889  0.0002275 ]
 [ 0.00108479  0.00275294  0.00040482]
 [-0.00031277 -0.00248984  0.00185864]
 [ 0.00061431  0.00183866  0.00082168]
 [ 0.0000659  -0.00292055 -0.00018892]
 [ 0.00008801  0.00084446 -0.00184836]
 [-0.00134922 -0.00069145  0.00438856]
 [-0.00293062  0.00221067 -0.00235956]
 [ 0.00301878  0.00052728 -0.00260028]
 [ 0.00261139  0.00074828 -0.00067392]
 [ 0.0007744  -0.00110255 -0.00163257]
 [-0.00074427  0.00260178 -0.00093432]
 [-0.00063784 -0.00104186  0.00229939]
 [ 0.00273323 -0.00267067  0.00079341]
 [-0.00241292 -0.00004535 -0.00121103]
 [ 0.00049183 -0.00009865 -0.00030568]
 [-0.00102944  0.00054999 -0.0003858 ]
 [-0.00006247  0.00002045  0.00004196]
 [ 0.00020006 -0.00069143  0.00030618]
 [-0.00009977 -0.00015675 -0.00011455]
 [ 0.00024676  0.00290005  0.00024483]
 [-0.00116058 -0.00224726 -0.00128083]
 [-0.000417    0.00041129 -0.00023567]
 [ 0.00132199 -0.00047205  0.00044773]
 [-0.00083092  0.0006577   0.00030815]
 [-0.0003078  -0.00108962  0.00171361]
 [-0.00099423  0.00095096 -0.00121415]
 [ 0.00046522  0.00000621  0.0009823 ]
 [ 0.00006182  0.00020424 -0.00019601]
 [ 0.00021579 -0.00026238 -0.0004819 ]
 [ 0.00021285  0.00039403  0.00176188]
 [-0.00128412  0.00094233  0.0005857 ]
 [ 0.00008676 -0.00072992  0.0003043 ]
 [ 0.00015477 -0.00100958  0.00003772]
 [-0.00004127 -0.00153476 -0.00050952]
 [ 0.00135263  0.00083896  0.00031821]
 [-0.00027582 -0.00070455  0.00089089]
 [-0.00064596  0.00045738 -0.0006243 ]
 [-0.00009129 -0.00009441 -0.00002863]
 [-0.00011227 -0.00011868 -0.0000783 ]
 [ 0.00046491 -0.00046876  0.00014908]
 [-0.00192966 -0.00022719  0.00225923]
 [ 0.00099334  0.00181015 -0.00128816]
 [-0.00025938  0.00055105 -0.00020891]
 [ 0.00025527  0.00195565 -0.00010459]
 [ 0.00073303 -0.00159669 -0.00059215]
 [-0.00042915  0.00025527 -0.00075602]
 [ 0.00050344 -0.00006637  0.00033917]
 [-0.00106812 -0.00029134 -0.00076097]
 [-0.00019735 -0.00029275 -0.00018252]
 [ 0.00052579  0.00030625 -0.00026823]
 [ 0.00000782  0.00016061  0.00011976]]
2023-01-18:15:10:26,52 INFO     [psi4.driver.task_planner:266] PLANNING Atomic:  keywords={'CART_HESS_READ': 0, 'GEOM_MAXITER': 500, 'SCF__GUESS': 'READ', 'OPTKING__INTRAFRAG_STEP_LIMIT': 1.0, 'SCF__INTS_TOLERANCE': 1e-12, 'MAXITER': 500, 'function_kwargs': {}}
2023-01-18:15:10:26,55 INFO     [psi4.driver.driver:617] Compute gradient(): method=scf, basis=cc-pvdz, molecule=default, nre=4215.178972339182
2023-01-18:15:12:17,530 INFO     [psi4.driver.driver:620] Return gradient(): -1823.9975191555577
2023-01-18:15:12:17,531 INFO     [psi4.driver.driver:621] [[-0.00398556 -0.00064232 -0.00198455]
 [ 0.00103663  0.00119057  0.00288315]
 [ 0.00092039 -0.00056273 -0.00086721]
 [ 0.00262426  0.00391507 -0.00004325]
 [-0.00190339 -0.00096099 -0.00020171]
 [-0.00058307 -0.00013418 -0.00004001]
 [-0.00095649 -0.00084634  0.00131371]
 [ 0.00031333 -0.00106313 -0.00218699]
 [-0.00321635 -0.00000644  0.00128549]
 [ 0.00139518 -0.00027479 -0.0019606 ]
 [ 0.0000566   0.00001377  0.00114007]
 [ 0.00247723  0.00033349 -0.00001233]
 [ 0.0001718  -0.0000591   0.00035497]
 [-0.00010611  0.00015914 -0.00040324]
 [ 0.00137804 -0.00017991 -0.00048922]
 [-0.00199035 -0.00108785  0.00075362]
 [ 0.00023183  0.00056372 -0.00067269]
 [-0.00093752 -0.00222364  0.00070762]
 [ 0.00189695  0.00110639 -0.00003238]
 [-0.00333512  0.00084521 -0.00174255]
 [ 0.00265964  0.00225626  0.00036548]
 [-0.0015151  -0.00134139  0.00079917]
 [-0.00108753  0.00293603 -0.0044726 ]
 [ 0.00907841 -0.00205209  0.00472834]
 [-0.00449811 -0.00151992 -0.00005845]
 [ 0.00002031  0.0000611  -0.00148123]
 [-0.00025028 -0.00070005  0.00201563]
 [-0.00054065 -0.00088227 -0.001436  ]
 [ 0.00061859 -0.00026046 -0.00032255]
 [-0.00393943 -0.00035736 -0.00227207]
 [ 0.00073861  0.00198263  0.00390067]
 [-0.00027626  0.00039217 -0.00056181]
 [ 0.00072754  0.00059303  0.00028017]
 [-0.00006888  0.00051726 -0.00024302]
 [-0.00045065  0.00080487 -0.00044452]
 [ 0.00016702 -0.00041412  0.00011656]
 [-0.00072124 -0.00424641  0.00137755]
 [ 0.0020658   0.00329029  0.00018606]
 [-0.00000068 -0.00068497  0.00076444]
 [-0.00038392  0.00024482  0.00035352]
 [ 0.00063437  0.00057849  0.00079552]
 [ 0.00079043 -0.0017729  -0.00168567]
 [-0.00183896  0.00058647 -0.00033388]
 [-0.00037228 -0.00020594  0.00108825]
 [-0.00032828 -0.00016908 -0.00048278]
 [ 0.00017775  0.00060468 -0.00034542]
 [ 0.00154112  0.00062846  0.00115559]
 [ 0.00045014  0.00076788  0.00008207]
 [ 0.00004771  0.00004128 -0.00025455]
 [ 0.00006755 -0.00055489 -0.00059207]
 [ 0.00041301 -0.00098105 -0.0006121 ]
 [ 0.00184499  0.00079518  0.0004099 ]
 [-0.00079942  0.0000088  -0.00097899]
 [ 0.00055658  0.00028959  0.00066393]
 [-0.00029243 -0.00021011 -0.00018809]
 [-0.0000431  -0.00006074  0.00068116]
 [ 0.00037031  0.00002988 -0.00034717]
 [-0.00040011 -0.00062378  0.00015947]
 [-0.00067458  0.00132531  0.00030827]
 [-0.00010852  0.00023669 -0.00017667]
 [-0.00025851  0.00009227  0.0000297 ]
 [ 0.00145926 -0.00155354 -0.00073061]
 [-0.00018341 -0.00060532 -0.0001226 ]
 [ 0.00002258 -0.00000605 -0.00039353]
 [-0.00104951  0.00039583  0.00041708]
 [ 0.00033837  0.00001853 -0.0003111 ]
 [-0.00004279 -0.00003323  0.00010317]
 [-0.00015376 -0.00032806  0.00026391]]
2023-01-18:15:12:18,463 INFO     [psi4.driver.task_planner:266] PLANNING Atomic:  keywords={'CART_HESS_READ': 0, 'GEOM_MAXITER': 500, 'SCF__GUESS': 'READ', 'OPTKING__INTRAFRAG_STEP_LIMIT': 1.0, 'SCF__INTS_TOLERANCE': 1e-12, 'MAXITER': 500, 'function_kwargs': {}}
2023-01-18:15:12:18,466 INFO     [psi4.driver.driver:617] Compute gradient(): method=scf, basis=cc-pvdz, molecule=default, nre=4210.21420663563
2023-01-18:15:14:09,438 INFO     [psi4.driver.driver:620] Return gradient(): -1823.9980619304552
2023-01-18:15:14:09,440 INFO     [psi4.driver.driver:621] [[-0.00128578  0.00155267  0.00036268]
 [ 0.00117651  0.00034787  0.00233542]
 [ 0.00095067 -0.00014201 -0.00215068]
 [ 0.00365437 -0.00544211 -0.00567753]
 [-0.00052255  0.00146659  0.00256194]
 [-0.00036294  0.00025548 -0.00004259]
 [ 0.00034725  0.00023047 -0.00373468]
 [-0.0051533   0.00195469  0.00679157]
 [ 0.00036948 -0.00053508 -0.000062  ]
 [-0.00034931  0.00061437 -0.00019698]
 [-0.00050909 -0.0003391   0.00189773]
 [ 0.00073425 -0.00029153 -0.00126561]
 [ 0.00076011  0.00019112 -0.00161785]
 [-0.00072764 -0.00015697  0.00158425]
 [ 0.00002416 -0.00010938  0.00033523]
 [-0.00250071 -0.00242706  0.00319025]
 [ 0.00107103  0.00192243 -0.00021264]
 [-0.00013144 -0.00078941  0.00014975]
 [ 0.00191698  0.00280587 -0.00175415]
 [-0.00155931 -0.00200904  0.00059455]
 [ 0.00042134  0.00056542 -0.00024049]
 [-0.00220266 -0.00352679  0.00058042]
 [-0.00160867  0.00295952  0.00027607]
 [ 0.00203558 -0.00007943 -0.00031227]
 [-0.00417014 -0.00189429  0.0022517 ]
 [ 0.0006111  -0.00069604 -0.00025447]
 [-0.00048593  0.0007672   0.00111983]
 [ 0.00072908 -0.00082082  0.00061391]
 [ 0.00011955  0.00039853 -0.00061477]
 [-0.00019315 -0.00059443  0.00033883]
 [-0.00015216  0.00005527 -0.0022788 ]
 [-0.00009294 -0.00008485  0.00018828]
 [-0.00026747 -0.00011094  0.00008738]
 [-0.00119141 -0.00205157  0.00070315]
 [-0.00033657 -0.00065174  0.00010924]
 [ 0.00107338  0.00198788 -0.0007157 ]
 [ 0.00522421  0.0064123  -0.00277301]
 [-0.00172966 -0.00577573  0.00171346]
 [ 0.00347151  0.00323065 -0.00457043]
 [ 0.00012025 -0.00001555 -0.00025511]
 [ 0.00039759  0.00005743 -0.00005958]
 [ 0.0013128   0.00078231  0.00112494]
 [-0.00046918 -0.00012448 -0.00031545]
 [ 0.00003872  0.00010686  0.00007317]
 [ 0.00030697  0.00012941  0.00024307]
 [-0.0003731   0.00001867  0.00020711]
 [-0.00089491  0.00106309  0.00014258]
 [ 0.00016467 -0.00041492 -0.00095014]
 [-0.00135582 -0.0003633   0.00033075]
 [ 0.00097832  0.00041451  0.0005381 ]
 [ 0.00024386 -0.00083048  0.00055907]
 [-0.00052024  0.00104792  0.00127777]
 [-0.00057941  0.00042783 -0.00040693]
 [-0.00040666  0.00066732  0.00055277]
 [ 0.00110574  0.0003401   0.00049668]
 [ 0.00037859 -0.00089355 -0.00074293]
 [-0.00049846 -0.00001664  0.00016383]
 [ 0.00042518 -0.00065885 -0.00035354]
 [-0.00107028 -0.00028329  0.00142458]
 [ 0.00091213 -0.0001988  -0.00075604]
 [ 0.00040522 -0.00015445 -0.00052331]
 [-0.0003395   0.00161672  0.00029114]
 [-0.00056636  0.00015609 -0.00019743]
 [-0.00067754 -0.00036608  0.00022559]
 [ 0.00056655 -0.0008646  -0.00107053]
 [ 0.00033411 -0.00063101 -0.00038371]
 [ 0.00019414  0.00027523 -0.00023768]
 [ 0.0007089  -0.0004775  -0.00070974]]
2023-01-18:15:14:10,319 INFO     [psi4.driver.task_planner:266] PLANNING Atomic:  keywords={'CART_HESS_READ': 0, 'GEOM_MAXITER': 500, 'SCF__GUESS': 'READ', 'OPTKING__INTRAFRAG_STEP_LIMIT': 0.25, 'SCF__INTS_TOLERANCE': 1e-12, 'MAXITER': 500, 'function_kwargs': {}}
2023-01-18:15:14:10,322 INFO     [psi4.driver.driver:617] Compute gradient(): method=scf, basis=cc-pvdz, molecule=default, nre=4212.782692522002
2023-01-18:15:15:59,431 INFO     [psi4.driver.driver:620] Return gradient(): -1823.9985166449421
2023-01-18:15:15:59,433 INFO     [psi4.driver.driver:621] [[-0.00035216 -0.00053875  0.00015638]
 [ 0.00037461  0.00039408  0.00014896]
 [ 0.00039543 -0.0001961  -0.00036411]
 [ 0.00063498  0.00147805 -0.00013288]
 [-0.00042352 -0.0005436   0.00034037]
 [-0.00000684 -0.00008649  0.00004961]
 [ 0.00000329 -0.0001466  -0.00012623]
 [-0.0004014  -0.00051298  0.00020507]
 [-0.00024723  0.00015156  0.00008772]
 [ 0.00016397  0.00002919 -0.00033409]
 [-0.00035838  0.00001035  0.00024233]
 [ 0.00030715 -0.00008811 -0.00010355]
 [ 0.00008434 -0.00006308 -0.00000951]
 [-0.00005738 -0.0000003   0.00001151]
 [ 0.0000375   0.00002959 -0.00007617]
 [-0.00052357 -0.00010246  0.00013475]
 [ 0.00070919  0.00003978  0.00013847]
 [-0.0002242  -0.00053705  0.00009686]
 [ 0.00095333  0.00047211 -0.00033451]
 [-0.00041593  0.00002493 -0.00008199]
 [ 0.00061922  0.00025993 -0.00000982]
 [-0.00114757 -0.00096798  0.00020911]
 [-0.00029147  0.0000779   0.00004265]
 [ 0.0003018   0.00021434 -0.00018601]
 [-0.00028024  0.00050355  0.00045491]
 [ 0.0002634   0.00002204 -0.00060174]
 [-0.00057712  0.00029761  0.00043218]
 [ 0.00046348 -0.00021213  0.00046354]
 [ 0.00020047  0.00005305  0.00022563]
 [-0.00038459 -0.00006157  0.0004185 ]
 [ 0.00025116 -0.00045801 -0.00216057]
 [-0.00006276 -0.00003055  0.0001411 ]
 [-0.00030887 -0.00000721  0.00019228]
 [-0.0001916   0.00003794 -0.00006017]
 [ 0.00012622 -0.00010415  0.00004394]
 [ 0.00010095 -0.00004249  0.00008706]
 [ 0.00019395  0.00023907 -0.00036864]
 [-0.00049925  0.00001009 -0.00014512]
 [ 0.00030889 -0.00012398  0.00000658]
 [ 0.00005599 -0.00002159 -0.0001959 ]
 [ 0.00019861  0.00003509 -0.00009953]
 [ 0.00066549  0.00003229  0.00061098]
 [-0.00019977 -0.0002522  -0.00031951]
 [ 0.0000493   0.00007449  0.00003237]
 [ 0.00019314  0.00010468  0.00015597]
 [-0.00017989 -0.00001615  0.00001705]
 [-0.00047984 -0.00005025  0.00067177]
 [-0.00016072 -0.00007783 -0.00060597]
 [ 0.00023204 -0.00007614 -0.00019158]
 [ 0.0001297  -0.00000004 -0.00010148]
 [-0.00002491 -0.00001485  0.00019981]
 [ 0.00028527  0.0005287   0.00064879]
 [-0.00015198  0.00018085  0.0000385 ]
 [-0.00011028  0.00033072  0.00005407]
 [ 0.0001372  -0.00003547  0.00005677]
 [ 0.00001352 -0.00000218 -0.00007051]
 [-0.00004652 -0.00001484  0.00001805]
 [-0.00024969 -0.00011563  0.00013954]
 [-0.00044496 -0.00008886  0.00073271]
 [ 0.00034179 -0.00039239 -0.0003036 ]
 [ 0.00016776  0.00046043 -0.00018204]
 [ 0.00006893 -0.00005644 -0.00011955]
 [-0.00033058  0.00014589 -0.00014765]
 [-0.00010396 -0.00006451  0.0001174 ]
 [ 0.00004657 -0.00012722 -0.00021278]
 [ 0.00007922  0.00010357 -0.00006232]
 [-0.00001558 -0.00004666 -0.00004408]
 [ 0.00009492 -0.00006501 -0.00007165]]
2023-01-18:15:16:00,190 INFO     [psi4.driver.task_planner:266] PLANNING Atomic:  keywords={'CART_HESS_READ': 0, 'GEOM_MAXITER': 500, 'SCF__GUESS': 'READ', 'OPTKING__INTRAFRAG_STEP_LIMIT': 0.25, 'SCF__INTS_TOLERANCE': 1e-12, 'MAXITER': 500, 'function_kwargs': {}}
2023-01-18:15:16:00,193 INFO     [psi4.driver.driver:617] Compute gradient(): method=scf, basis=cc-pvdz, molecule=default, nre=4211.547927275208
2023-01-18:15:17:49,454 INFO     [psi4.driver.driver:620] Return gradient(): -1823.9985129854722
2023-01-18:15:17:49,456 INFO     [psi4.driver.driver:621] [[ 0.00042189  0.00175904  0.00035801]
 [-0.00046928 -0.00245451 -0.00068422]
 [ 0.00027532  0.00077441  0.00013365]
 [-0.00133137 -0.00366239  0.00002119]
 [ 0.00020823  0.00123925  0.00021133]
 [ 0.00013823  0.00018958  0.00009685]
 [ 0.00006939  0.00077793  0.00076111]
 [ 0.00104649  0.0012966  -0.00082793]
 [-0.00024541  0.00001238  0.00011811]
 [ 0.00019938  0.00012027 -0.00016889]
 [-0.00010904 -0.00003797 -0.00016072]
 [ 0.00013075  0.00001765  0.00002676]
 [-0.00006437 -0.00001366  0.0002825 ]
 [ 0.00008138  0.00001811 -0.0002437 ]
 [-0.00003914  0.0000048  -0.00011808]
 [ 0.00015426  0.00030882 -0.00037299]
 [ 0.00018111 -0.00015274 -0.00002245]
 [-0.00018573 -0.00001643  0.00006626]
 [ 0.00010523 -0.00003906  0.00010289]
 [ 0.0000931   0.00027554 -0.00012666]
 [ 0.00030967 -0.00004624  0.00008517]
 [ 0.00008439 -0.00001298  0.0000472 ]
 [-0.00002568 -0.00048449  0.00020824]
 [-0.00038899  0.00017492 -0.00006412]
 [ 0.00057505  0.00039076 -0.00026983]
 [-0.00038282  0.00028788 -0.00049036]
 [-0.0002866  -0.00017469  0.0001636 ]
 [ 0.00015562 -0.00002001  0.00033512]
 [ 0.0002788  -0.00023785  0.00032082]
 [-0.0009129   0.00021696 -0.00000802]
 [ 0.00051499 -0.00020769 -0.00024129]
 [-0.00006953  0.0000745  -0.00005861]
 [ 0.00014721  0.00004016  0.00002859]
 [ 0.00014257  0.00031948 -0.00012174]
 [ 0.00012814  0.00008699  0.00002295]
 [-0.00014284 -0.00030459  0.00012232]
 [-0.00078445 -0.00111065  0.00041404]
 [ 0.00041008  0.0009124  -0.00035336]
 [-0.00051545 -0.00046619  0.00063835]
 [-0.00027288  0.00008544 -0.00004654]
 [-0.00001566 -0.0001359  -0.00019862]
 [ 0.00026615  0.00012471 -0.0000128 ]
 [ 0.00005908 -0.00025113  0.00012633]
 [ 0.00000433  0.00004086 -0.0000707 ]
 [-0.00000287  0.00002829 -0.00002786]
 [ 0.00021019  0.0000284   0.00003705]
 [-0.00008319 -0.00006823  0.0000608 ]
 [-0.000024   -0.00005934 -0.0002891 ]
 [ 0.00025326  0.00015613  0.00003369]
 [-0.00013067  0.00014236 -0.00014511]
 [ 0.00019814 -0.00000865  0.00006319]
 [ 0.00015008 -0.00004862 -0.00004819]
 [ 0.00007879 -0.00004613  0.00007923]
 [-0.00003927  0.00009968 -0.00018846]
 [-0.00010024 -0.00005228 -0.0000603 ]
 [-0.0000547   0.00012358  0.00006113]
 [ 0.00004143  0.00002127  0.00001478]
 [-0.00020292  0.00000163  0.00014091]
 [-0.00013659 -0.00020724  0.00000123]
 [-0.00008152 -0.00015697  0.00004448]
 [ 0.0000493   0.00015746 -0.00006051]
 [ 0.00011705 -0.00014543 -0.0000264 ]
 [ 0.0000054   0.00006693  0.00001165]
 [ 0.00005643  0.00002923 -0.00001713]
 [-0.00005092  0.00008416  0.00007354]
 [-0.00003396  0.00011632  0.00004278]
 [-0.00004841 -0.00002523  0.00005664]
 [-0.00010948  0.00004237  0.00011217]]
2023-01-18:15:17:50,303 INFO     [psi4.driver.task_planner:266] PLANNING Atomic:  keywords={'CART_HESS_READ': 0, 'GEOM_MAXITER': 500, 'SCF__GUESS': 'READ', 'OPTKING__INTRAFRAG_STEP_LIMIT': 0.25, 'SCF__INTS_TOLERANCE': 1e-12, 'MAXITER': 500, 'function_kwargs': {}}
2023-01-18:15:17:50,306 INFO     [psi4.driver.driver:617] Compute gradient(): method=scf, basis=cc-pvdz, molecule=default, nre=4210.361862139525
2023-01-18:15:19:34,937 INFO     [psi4.driver.driver:620] Return gradient(): -1823.9985725955146
2023-01-18:15:19:34,938 INFO     [psi4.driver.driver:621] [[-0.00012247 -0.00053153 -0.00017368]
 [ 0.0004169   0.00147319  0.00036467]
 [-0.00016084 -0.00047262 -0.0002035 ]
 [ 0.00022657  0.00036811  0.00009779]
 [-0.00000978 -0.0001392   0.00007912]
 [-0.00000432 -0.00007375 -0.00001409]
 [-0.00017023 -0.00051099 -0.00017835]
 [-0.00013053 -0.00012136  0.00004269]
 [ 0.00003845 -0.00010625 -0.0000393 ]
 [-0.00010655  0.00003036  0.00006326]
 [ 0.00006966 -0.00000986  0.00000544]
 [ 0.00003071  0.00012313 -0.00007108]
 [ 0.00000772  0.00001357 -0.00002785]
 [-0.00001134 -0.00000849  0.00004269]
 [-0.00007816  0.00000213  0.00001505]
 [ 0.00004287 -0.00007179  0.00008123]
 [-0.00010804  0.00009026 -0.0000967 ]
 [ 0.0000148   0.00025497  0.00001737]
 [-0.00020086  0.00014369  0.00005921]
 [ 0.00013373 -0.00002508  0.00008241]
 [-0.00002181 -0.00025563  0.00003317]
 [ 0.0004043  -0.00002869 -0.00010122]
 [-0.00013679  0.00013515  0.00050446]
 [-0.00035093  0.00006762 -0.00016267]
 [ 0.00007795 -0.00035551 -0.00023288]
 [-0.0000984   0.00010042 -0.00026164]
 [-0.00021923 -0.00006837 -0.00002337]
 [ 0.0001123   0.00003035  0.00022862]
 [ 0.00027475 -0.00027377  0.00023103]
 [-0.00065623  0.00001824  0.0000571 ]
 [ 0.0002239   0.00029816  0.00021524]
 [ 0.00001383  0.00002726 -0.00012594]
 [ 0.00006158 -0.00004921 -0.00015937]
 [ 0.00003049 -0.00008922  0.00005851]
 [-0.00001518 -0.00000519  0.00004249]
 [ 0.00000576  0.00009732 -0.00007509]
 [ 0.00015885  0.00015629  0.00005179]
 [ 0.00027513 -0.00039873  0.00006425]
 [-0.0000248   0.00025064 -0.00027621]
 [-0.00014426  0.00004358  0.00007507]
 [-0.00003149 -0.00010004 -0.00000217]
 [-0.00001469  0.00018904 -0.00009842]
 [-0.00003848  0.00000791  0.00013088]
 [ 0.00000418  0.00002967 -0.00002105]
 [-0.00007467 -0.00003427 -0.00006589]
 [ 0.00009989  0.00002704  0.00005123]
 [ 0.00015267  0.00012535 -0.00020441]
 [ 0.0000519  -0.00010018 -0.00008796]
 [-0.00009946  0.00004733  0.00014578]
 [-0.0000092   0.00012147  0.00004234]
 [ 0.00014944 -0.0002375  -0.00009293]
 [-0.00007823 -0.00016415 -0.00015698]
 [ 0.00004369 -0.00011462  0.00000263]
 [ 0.0000267   0.00004009 -0.00005128]
 [-0.00002843  0.00004273  0.00001376]
 [ 0.00003835 -0.00004646 -0.00003577]
 [-0.00000562 -0.0000064   0.00001038]
 [-0.00002933 -0.00005112  0.00011129]
 [ 0.00006114 -0.00013421 -0.00019546]
 [-0.00011186  0.00006549  0.00004859]
 [ 0.00000897 -0.00004281  0.00001506]
 [ 0.00002234  0.00012419  0.00004811]
 [ 0.00007726  0.0000677   0.00005168]
 [ 0.00001696  0.00000097 -0.00002619]
 [-0.          0.00000347 -0.00001721]
 [-0.00003755 -0.00007614  0.00002338]
 [ 0.00000856  0.00006746  0.0000398 ]
 [-0.00005251  0.00001874  0.0000311 ]]
2023-01-18:15:19:35,781 INFO     [psi4.driver.task_planner:266] PLANNING Atomic:  keywords={'CART_HESS_READ': 0, 'GEOM_MAXITER': 500, 'SCF__GUESS': 'READ', 'OPTKING__INTRAFRAG_STEP_LIMIT': 0.0625, 'SCF__INTS_TOLERANCE': 1e-12, 'MAXITER': 500, 'function_kwargs': {}}
2023-01-18:15:19:35,784 INFO     [psi4.driver.driver:617] Compute gradient(): method=scf, basis=cc-pvdz, molecule=default, nre=4210.466861808593
2023-01-18:15:21:20,972 INFO     [psi4.driver.driver:620] Return gradient(): -1823.998581382232
2023-01-18:15:21:20,974 INFO     [psi4.driver.driver:621] [[ 0.00007675  0.00009207 -0.0000408 ]
 [-0.00023152 -0.0008128   0.00002345]
 [ 0.00002911  0.00026961  0.00000176]
 [ 0.00022819  0.00045332 -0.00003558]
 [-0.00006011 -0.00013777 -0.00004713]
 [-0.00000831  0.00001307  0.00000546]
 [ 0.00009737  0.00030708 -0.00014237]
 [-0.0002407  -0.00016425  0.00024084]
 [ 0.00007713  0.00011579 -0.00000806]
 [-0.00014958 -0.00005886  0.00006107]
 [ 0.00009682 -0.00005407 -0.00001976]
 [-0.00000574 -0.00004707 -0.00002369]
 [ 0.00002606 -0.00000765 -0.00006635]
 [-0.00002485  0.00001443  0.00006628]
 [-0.00001689  0.00002985  0.0000287 ]
 [ 0.00002125 -0.00006611  0.00013638]
 [-0.00024518  0.00004575 -0.00000898]
 [ 0.00014371  0.0001192  -0.0000628 ]
 [-0.00017769  0.00002483  0.00007384]
 [ 0.00005518 -0.00001963  0.00000879]
 [-0.00012758 -0.00012069  0.00005321]
 [ 0.00021531  0.00014953  0.00014281]
 [ 0.00014831 -0.0001064  -0.00057933]
 [-0.00013348  0.00004664  0.00013458]
 [-0.00006233 -0.00035977 -0.00001382]
 [ 0.00002554  0.00008304 -0.00016151]
 [-0.00039164  0.00017862 -0.00003816]
 [ 0.00011026 -0.00000854  0.00016545]
 [ 0.00006665 -0.00008932  0.00007808]
 [-0.0001256   0.00007283  0.00005852]
 [ 0.00011236  0.00016343 -0.00004469]
 [ 0.00001576 -0.00002038 -0.00005831]
 [-0.0000018  -0.00003459 -0.00007275]
 [-0.00000122 -0.00010479  0.00004873]
 [-0.00005471 -0.00001246 -0.00000732]
 [ 0.0000213   0.00010356 -0.00005531]
 [ 0.00032855  0.00017443 -0.00001012]
 [ 0.00014181 -0.00019981  0.00040492]
 [ 0.00009746  0.00019737 -0.00029478]
 [-0.00000337 -0.0000115   0.00002964]
 [ 0.00005609 -0.00000936  0.00013416]
 [-0.00021374 -0.00000733 -0.00010271]
 [-0.00007977  0.00013422 -0.00005294]
 [-0.00002094  0.00004037 -0.00000877]
 [-0.00002772 -0.00003163 -0.00002546]
 [-0.00008879 -0.00002147 -0.00000843]
 [ 0.00013798 -0.00004341 -0.00004462]
 [ 0.00010607 -0.00007216  0.00012573]
 [-0.00005708 -0.00006445  0.00005501]
 [ 0.00004538 -0.00008281  0.0000531 ]
 [-0.00007482 -0.00013885 -0.00017744]
 [-0.00010916 -0.0000824  -0.00009606]
 [-0.00001903 -0.00007347  0.00001048]
 [ 0.00009578  0.00009218  0.00014426]
 [ 0.00001326  0.00002739 -0.00001469]
 [-0.00000089 -0.00006167 -0.00002709]
 [ 0.0000162  -0.0000042   0.0000206 ]
 [-0.0000264  -0.00001253  0.00007423]
 [ 0.00018697  0.00003175 -0.00011717]
 [-0.00004745  0.00009422  0.00002467]
 [-0.00000201 -0.00003279  0.00001888]
 [-0.00002092  0.0000683   0.00001368]
 [ 0.00003252  0.00003911  0.00003207]
 [ 0.00000889  0.00001475 -0.00000139]
 [ 0.00002272 -0.00001866 -0.00001639]
 [-0.00001157 -0.00006679  0.00001878]
 [ 0.00001756  0.00005579 -0.00000233]
 [-0.00001169  0.00000793 -0.00000108]]
2023-01-18:15:21:22,342 INFO     [psi4.driver.task_planner:266] PLANNING Atomic:  keywords={'CART_HESS_READ': 0, 'GEOM_MAXITER': 500, 'SCF__GUESS': 'READ', 'OPTKING__INTRAFRAG_STEP_LIMIT': 0.015625, 'SCF__INTS_TOLERANCE': 1e-12, 'MAXITER': 500, 'function_kwargs': {}}
2023-01-18:15:21:22,345 INFO     [psi4.driver.driver:617] Compute gradient(): method=scf, basis=cc-pvdz, molecule=default, nre=4210.60765352002
2023-01-18:15:23:01,549 INFO     [psi4.driver.driver:620] Return gradient(): -1823.9985875564273
2023-01-18:15:23:01,551 INFO     [psi4.driver.driver:621] [[-0.00000173 -0.00000497 -0.00000918]
 [-0.00000652  0.00005706 -0.00001759]
 [ 0.00000769 -0.00001794  0.00000974]
 [-0.00006543 -0.00000933  0.00002289]
 [ 0.00000601  0.00001177 -0.00003163]
 [-0.00000239 -0.00000288 -0.00000053]
 [ 0.00000129 -0.00002309  0.00003585]
 [ 0.00004688 -0.00000009 -0.00003684]
 [-0.00005595  0.00001778  0.00000093]
 [-0.00000062  0.00000982 -0.00000426]
 [ 0.00002273 -0.00001762 -0.00004146]
 [ 0.00000036 -0.00002641  0.00007476]
 [-0.00000146 -0.0000003   0.00000918]
 [ 0.00000705 -0.00000015 -0.00000996]
 [ 0.00001989  0.0000062   0.00000111]
 [ 0.00001419  0.00005046 -0.00006842]
 [-0.00006825 -0.00003599  0.00002661]
 [ 0.00005806 -0.00008338  0.00002222]
 [-0.00003015 -0.00002424  0.00001809]
 [-0.00001079  0.00003112 -0.00003261]
 [-0.00004568  0.00007461 -0.00004178]
 [-0.00005117  0.0000153  -0.00004959]
 [ 0.00000174  0.00008466  0.00000801]
 [ 0.00012156 -0.0000865   0.00004795]
 [ 0.00000163  0.00005243  0.00001915]
 [ 0.00010015 -0.00001103 -0.00008749]
 [-0.00009541  0.00012627  0.0000844 ]
 [ 0.00004953 -0.00005128  0.00004389]
 [ 0.00002555 -0.00002302  0.00000589]
 [-0.00003205  0.00009188  0.00008104]
 [ 0.00008282 -0.00008628 -0.00024928]
 [-0.00000624 -0.00001645  0.00001655]
 [-0.00000591  0.0000075   0.00002927]
 [-0.00000195  0.00002226 -0.00001514]
 [-0.00001618  0.0000101  -0.00001917]
 [-0.00000141 -0.00002808  0.00001399]
 [-0.0000112  -0.00014071  0.00002266]
 [ 0.00003722  0.00014961 -0.00005696]
 [-0.00001076 -0.00011849  0.00011993]
 [ 0.00001646 -0.00001312 -0.00003084]
 [ 0.00002876  0.00001681  0.00001494]
 [-0.00014177 -0.00006372 -0.00000478]
 [ 0.00002095  0.00004626  0.00002419]
 [-0.00001094 -0.00002243  0.00001447]
 [ 0.00001384  0.00000682  0.00002023]
 [-0.00003171 -0.00000735 -0.00003176]
 [-0.00002578 -0.00005913 -0.00001816]
 [ 0.00008117  0.00002656  0.00010734]
 [ 0.00001341 -0.0000326   0.00001672]
 [ 0.00003109 -0.00004522 -0.00002505]
 [-0.00006785  0.00006958 -0.00006137]
 [-0.00004131  0.00002719 -0.00002579]
 [-0.00002476  0.00001648  0.00000291]
 [ 0.00000052  0.00000528  0.00002972]
 [ 0.00000586 -0.00000663 -0.00001562]
 [-0.0000257   0.00000188  0.00001249]
 [ 0.00001057  0.00001044  0.00000215]
 [ 0.0000123   0.0000198   0.00001813]
 [ 0.00000072  0.000049    0.0000234 ]
 [ 0.00002362 -0.00002115 -0.00001271]
 [ 0.00000418  0.00001919 -0.00000107]
 [-0.00000424 -0.00004892 -0.00001903]
 [ 0.00000135 -0.00002197  0.00000131]
 [ 0.0000029   0.00000497  0.00000399]
 [ 0.00000873  0.00001676  0.00002775]
 [ 0.00000635  0.00000845 -0.00000094]
 [ 0.00000065 -0.00000862 -0.00000528]
 [ 0.00000753 -0.00000524 -0.00000957]]
2023-01-18:15:23:03,5 INFO     [psi4.driver.task_planner:266] PLANNING Atomic:  keywords={'CART_HESS_READ': 0, 'GEOM_MAXITER': 500, 'SCF__GUESS': 'READ', 'OPTKING__INTRAFRAG_STEP_LIMIT': 0.046875, 'SCF__INTS_TOLERANCE': 1e-12, 'MAXITER': 500, 'function_kwargs': {}}
2023-01-18:15:23:03,8 INFO     [psi4.driver.driver:617] Compute gradient(): method=scf, basis=cc-pvdz, molecule=default, nre=4210.70243001976
2023-01-18:15:24:47,118 INFO     [psi4.driver.driver:620] Return gradient(): -1823.9985877288468
2023-01-18:15:24:47,120 INFO     [psi4.driver.driver:621] [[-0.00001901  0.0000478   0.00001223]
 [-0.00004317 -0.00021379 -0.0000036 ]
 [ 0.00007712  0.00006835 -0.00004615]
 [ 0.00007013  0.00006969 -0.00005858]
 [-0.00002229 -0.00003671  0.00005987]
 [-0.00000167  0.00000359  0.00000363]
 [ 0.00002514  0.00008107 -0.00002921]
 [-0.00006028 -0.00002573  0.00006318]
 [-0.00004102  0.00002379  0.00002359]
 [ 0.00001825 -0.00001181 -0.00003328]
 [-0.00003158  0.00000639  0.00003551]
 [ 0.00002743 -0.00001259 -0.00001234]
 [ 0.00001174 -0.00000414 -0.0000139 ]
 [-0.00000585 -0.00000166  0.00001395]
 [ 0.00000522  0.00000093 -0.0000021 ]
 [-0.00004792 -0.00000902  0.00002383]
 [ 0.00010483  0.00002047  0.00000756]
 [-0.00004771 -0.00005053  0.00000161]
 [ 0.00007651  0.00003393 -0.00001873]
 [-0.00003783 -0.00004896  0.00000676]
 [ 0.00001333  0.00006246 -0.00001559]
 [-0.00012192 -0.00007058  0.00002897]
 [ 0.00002011  0.00002523 -0.00003491]
 [ 0.00003007 -0.00001016  0.00001127]
 [-0.00000121  0.00003798  0.00001744]
 [ 0.00002985 -0.00001126  0.00000561]
 [-0.00002341  0.00004565  0.00006436]
 [ 0.00001094 -0.00007071 -0.0000127 ]
 [-0.00004493  0.00004386 -0.00007836]
 [-0.00002191  0.00002351  0.00005237]
 [ 0.00000497 -0.00001442 -0.00002164]
 [-0.00000559  0.00001421 -0.0000051 ]
 [ 0.00000681  0.00000985  0.00001232]
 [-0.00002252 -0.00001122 -0.00000301]
 [ 0.00000533 -0.00001163  0.00000017]
 [ 0.00001586  0.00001     0.00000545]
 [ 0.00006502  0.00000264 -0.00001656]
 [-0.00002886 -0.00000546  0.00002292]
 [ 0.00003546 -0.00002468 -0.00000067]
 [-0.00002098 -0.00000416 -0.00000431]
 [-0.00003461  0.00000023 -0.00005247]
 [-0.00005622 -0.0000953  -0.0000474 ]
 [ 0.00004717 -0.00003284  0.00003283]
 [-0.00001557 -0.00000153 -0.00000459]
 [ 0.00002008  0.00001074  0.00001227]
 [ 0.00000716 -0.00000176 -0.00000895]
 [ 0.00003912  0.00000603 -0.00003272]
 [-0.00000836  0.0000711  -0.00002499]
 [ 0.00002879 -0.00002379  0.00001391]
 [ 0.0000262   0.00001182  0.00001694]
 [-0.00003766  0.00007538  0.0000316 ]
 [-0.00000186  0.00003373  0.00002253]
 [ 0.00001678  0.00003095  0.0000167 ]
 [-0.00004129 -0.00000614  0.00000188]
 [-0.00001041  0.00001294  0.00007182]
 [ 0.00004103  0.00001335 -0.0000235 ]
 [-0.00003661 -0.00001958 -0.00004122]
 [ 0.00001051  0.00000339 -0.00003152]
 [-0.00003078 -0.00001648  0.00003008]
 [ 0.00002065 -0.00000824 -0.00000197]
 [ 0.00001876 -0.00001564 -0.00002091]
 [ 0.00001584  0.00000404 -0.00000046]
 [-0.00002453  0.00001774 -0.00002464]
 [-0.00003026 -0.00000772  0.0000234 ]
 [ 0.00000584 -0.00001753  0.00000711]
 [ 0.00000844 -0.00000818 -0.0000033 ]
 [-0.0000028  -0.0000084  -0.00000996]
 [ 0.00002013 -0.0000105  -0.00001434]]
2023-01-18:15:24:51,488 INFO     [psi4.driver.task_planner:266] PLANNING Atomic:  keywords={'GEOM_MAXITER': 500, 'SCF__INTS_TOLERANCE': 1e-12, 'MAXITER': 500, 'function_kwargs': {}}
2023-01-18:15:24:51,494 INFO     [psi4.driver.driver:774] Compute properties(): method=scf, basis=6-31g*, molecule=optimized, nre=4210.702430019672
2023-01-18:15:27:44,528 INFO     [psi4.driver.driver:777] Return properties(): -1823.8594542140486
2023-01-18:15:27:50,360 INFO     [psi4.driver.task_planner:266] PLANNING Atomic:  keywords={'GEOM_MAXITER': 500, 'SCF__INTS_TOLERANCE': 1e-12, 'MAXITER': 500, 'function_kwargs': {}}
2023-01-18:15:27:50,367 INFO     [psi4.driver.driver:774] Compute properties(): method=scf, basis=6-31g*, molecule=optimized, nre=4210.702430019672
2023-01-18:15:30:43,916 INFO     [psi4.driver.driver:777] Return properties(): -1823.8594542175686
