Electrostatic potential parameters
    van der Waals radii (Angstrom):
                                      N   1.500
                                      C   1.500
                                      H   1.200
                                      O   1.400
    VDW scale factors:                1.40  1.60  1.80  2.00
    VDW point density:                1.000
    ESP method:                       scf
    ESP basis set:                    6-31g*

Grid information (see 1_optimized_grid.dat in Angstrom)
    Number of grid points:            2556

Quantum electrostatic potential (see 1_optimized_grid_esp.dat)

Constraints
    Charge constraints
        Total charge of   0.00000000 on the set   6
        Total charge of   0.00000000 on the set  67

Restraint
    Hyperbolic restraint to a charge of zero
    Hydrogen atoms are not restrained
    resp_a:                           0.0005
    resp_b:                           0.1000

Fit

Electrostatic Potential Charges
   Center  Symbol       ESP      RESP
      1    N       0.46962383  0.46318055
      2    C       0.06521724  0.07439894
      3    C       0.04043330  0.03429564
      4    C       0.03989072  0.05162517
      5    C       0.04109523  0.01903453
      6    H       0.00000000  0.00000000
      7    O      -0.38940159 -0.38961561
      8    O      -0.37905231 -0.38010386
      9    C      -0.02427617 -0.04509744
     10    C      -0.07661669 -0.05603205
     11    C      -0.14208353 -0.17478099
     12    C      -0.21677382 -0.12934236
     13    H       0.16485610  0.16884193
     14    H       0.16163335  0.15893008
     15    H       0.14618137  0.14770425
     16    C       0.66994330  0.58457749
     17    C      -0.05629351 -0.04675506
     18    C      -0.14909232 -0.11086765
     19    C      -0.05884830 -0.04613180
     20    C      -0.12658760 -0.13587345
     21    C      -0.12349830 -0.11766195
     22    C      -0.10630684 -0.06445677
     23    C       0.68922230  0.49256880
     24    N      -0.44594575 -0.07208652
     25    C       0.66946130  0.47755452
     26    C       0.34388934  0.04261748
     27    C      -0.30686978 -0.20366974
     28    C      -0.13328496 -0.05701751
     29    C      -0.30142697 -0.18181974
     30    C      -0.16521207 -0.14326037
     31    C       0.12377335  0.04334208
     32    H       0.19675334  0.16324380
     33    H       0.12777748  0.10117790
     34    H       0.16502877  0.16534625
     35    H       0.13539178  0.13511057
     36    H       0.17637326  0.17175121
     37    O      -0.52621698 -0.47823884
     38    O      -0.53214288 -0.48110664
     39    O      -0.51894023 -0.49956962
     40    H       0.18696555  0.15124764
     41    H       0.16446466  0.14613843
     42    C      -0.00917877  0.04404307
     43    C      -0.36034072 -0.21597459
     44    H       0.09285800  0.06378917
     45    H       0.10224006  0.07220617
     46    H       0.09764330  0.04548877
     47    C      -0.24901494  0.00530619
     48    C       0.55602362  0.16493197
     49    H       0.05866301  0.00527706
     50    H       0.07905236  0.01760358
     51    C      -0.41002799  0.00836341
     52    C      -0.39196966 -0.15148838
     53    C      -0.52874729 -0.26927510
     54    C       0.52989379  0.09637761
     55    H       0.12034713  0.06341832
     56    H       0.12548278  0.06108535
     57    H       0.11625226  0.06504539
     58    C       0.10278022 -0.14202535
     59    C      -0.70852214 -0.44854636
     60    C       0.39880204  0.27784213
     61    C      -0.56621806 -0.40906329
     62    H       0.25018040  0.20392309
     63    H       0.07784450  0.01641948
     64    H       0.09492318  0.04966531
     65    H       0.08680477  0.03579400
     66    H       0.10988742  0.16158305
     67    H       0.00000000  0.00000000
     68    H       0.22523579  0.19901064
Total Charge:      0.00000000  0.00000000
