Electrostatic potential parameters
    van der Waals radii (Angstrom):
                                      N   1.500
                                      C   1.500
                                      H   1.200
                                      O   1.400
                                      F   1.350
    VDW scale factors:                1.40  1.60  1.80  2.00
    VDW point density:                1.000
    ESP method:                       scf
    ESP basis set:                    6-31g*

Grid information (see 1_optimized_grid.dat in Angstrom)
    Number of grid points:            2412

Quantum electrostatic potential (see 1_optimized_grid_esp.dat)

Constraints
    Charge constraints
        Total charge of   0.00000000 on the set   6
        Total charge of   0.00000000 on the set  56

Restraint
    Hyperbolic restraint to a charge of zero
    Hydrogen atoms are not restrained
    resp_a:                           0.0005
    resp_b:                           0.1000

Fit

Electrostatic Potential Charges
   Center  Symbol       ESP      RESP
      1    N       0.48161531  0.48116004
      2    C       0.05348258  0.03400865
      3    C      -0.05065016  0.02892075
      4    C       0.07043030  0.07155597
      5    C       0.07046556  0.02527618
      6    H       0.00000000  0.00000000
      7    O      -0.38831969 -0.38190743
      8    O      -0.39778976 -0.39379861
      9    C       0.08590870 -0.00899830
     10    C      -0.09309339 -0.06450295
     11    C      -0.16505405 -0.16756037
     12    C      -0.10636149 -0.08516105
     13    H       0.14864801  0.15893941
     14    H       0.16944155  0.16378115
     15    H       0.17525335  0.16140084
     16    C      -0.43417013 -0.07800287
     17    C       0.63056147  0.30370418
     18    F      -0.18806826 -0.10839952
     19    F      -0.17368110 -0.10150845
     20    F      -0.18629136 -0.11171404
     21    C       0.75144551  0.38037058
     22    F      -0.20107190 -0.12402828
     23    F      -0.21024573 -0.11970412
     24    F      -0.19938880 -0.11587669
     25    C       0.19263173 -0.02470928
     26    C      -0.16829413 -0.07648939
     27    C      -0.06625038 -0.05234384
     28    C      -0.13004879 -0.05420182
     29    C      -0.12936494 -0.14908283
     30    C      -0.15770430 -0.06302725
     31    C       0.73530322  0.49952601
     32    N      -0.42550644 -0.03688077
     33    C       0.63620907  0.44354517
     34    C       0.44619681  0.03819726
     35    C      -0.67066305 -0.40862085
     36    C       0.36750626  0.25278055
     37    C      -0.36980986 -0.16977799
     38    C      -0.06318735 -0.11304238
     39    C      -0.02455067  0.01695768
     40    H       0.16815712  0.16783160
     41    H       0.16158344  0.13413839
     42    H       0.16442552  0.14522853
     43    O      -0.51046833 -0.46231196
     44    O      -0.54382824 -0.48310241
     45    H       0.14909505  0.14453158
     46    H       0.28862046  0.22604222
     47    C       0.47116266  0.12102990
     48    C      -0.33884112 -0.09863991
     49    C      -0.07020400 -0.19439832
     50    C      -0.20809518 -0.09196070
     51    C      -0.07203943 -0.19779902
     52    C      -0.34178014 -0.10277713
     53    H       0.15147186  0.13207405
     54    H       0.14087111  0.15404422
     55    H       0.19625263  0.14515462
     56    H       0.00000000  0.00000000
     57    H       0.19625484  0.14557959
     58    O      -0.35625336 -0.24014034
     59    H       0.19836697  0.15293839
     60    H       0.13971442  0.15175138
Total Charge:      0.00000000  0.00000000
